[0.948s] Invoking command in '/home/sazma/ws_future/src/mpu_6050': PYTHONPATH=/home/sazma/ws_future/build/mpu_6050/prefix_override:/home/sazma/ws_future/install/mpu_6050/lib/python3.10/site-packages:${PYTHONPATH} /usr/bin/python3 setup.py egg_info --egg-base ../../build/mpu_6050 build --build-base /home/sazma/ws_future/build/mpu_6050/build install --record /home/sazma/ws_future/build/mpu_6050/install.log --single-version-externally-managed
[1.180s] running egg_info
[1.196s] writing ../../build/mpu_6050/mpu_6050.egg-info/PKG-INFO
[1.197s] writing dependency_links to ../../build/mpu_6050/mpu_6050.egg-info/dependency_links.txt
[1.197s] writing entry points to ../../build/mpu_6050/mpu_6050.egg-info/entry_points.txt
[1.197s] writing requirements to ../../build/mpu_6050/mpu_6050.egg-info/requires.txt
[1.197s] writing top-level names to ../../build/mpu_6050/mpu_6050.egg-info/top_level.txt
[1.230s] reading manifest file '../../build/mpu_6050/mpu_6050.egg-info/SOURCES.txt'
[1.231s] writing manifest file '../../build/mpu_6050/mpu_6050.egg-info/SOURCES.txt'
[1.231s] running build
[1.232s] running build_py
[1.232s] copying mpu_6050/publisher_node.py -> /home/sazma/ws_future/build/mpu_6050/build/lib/mpu_6050
[1.232s] running install
[1.233s] /home/sazma/.local/lib/python3.10/site-packages/setuptools/_distutils/cmd.py:66: SetuptoolsDeprecationWarning: setup.py install is deprecated.
[1.233s] !!
[1.233s] 
[1.233s]         ********************************************************************************
[1.233s]         Please avoid running ``setup.py`` directly.
[1.233s]         Instead, use pypa/build, pypa/installer or other
[1.233s]         standards-based tools.
[1.233s] 
[1.233s]         See https://blog.ganssle.io/articles/2021/10/setup-py-deprecated.html for details.
[1.233s]         ********************************************************************************
[1.233s] 
[1.234s] !!
[1.234s]   self.initialize_options()
[1.238s] running install_lib
[1.258s] copying /home/sazma/ws_future/build/mpu_6050/build/lib/mpu_6050/publisher_node.py -> /home/sazma/ws_future/install/mpu_6050/lib/python3.10/site-packages/mpu_6050
[1.259s] byte-compiling /home/sazma/ws_future/install/mpu_6050/lib/python3.10/site-packages/mpu_6050/publisher_node.py to publisher_node.cpython-310.pyc
[1.259s] running install_data
[1.276s] running install_egg_info
[1.294s] removing '/home/sazma/ws_future/install/mpu_6050/lib/python3.10/site-packages/mpu_6050-0.0.0-py3.10.egg-info' (and everything under it)
[1.294s] Copying ../../build/mpu_6050/mpu_6050.egg-info to /home/sazma/ws_future/install/mpu_6050/lib/python3.10/site-packages/mpu_6050-0.0.0-py3.10.egg-info
[1.295s] running install_scripts
[1.447s] Installing publisher_node script to /home/sazma/ws_future/install/mpu_6050/lib/mpu_6050
[1.447s] writing list of installed files to '/home/sazma/ws_future/build/mpu_6050/install.log'
[1.467s] Invoked command in '/home/sazma/ws_future/src/mpu_6050' returned '0': PYTHONPATH=/home/sazma/ws_future/build/mpu_6050/prefix_override:/home/sazma/ws_future/install/mpu_6050/lib/python3.10/site-packages:${PYTHONPATH} /usr/bin/python3 setup.py egg_info --egg-base ../../build/mpu_6050 build --build-base /home/sazma/ws_future/build/mpu_6050/build install --record /home/sazma/ws_future/build/mpu_6050/install.log --single-version-externally-managed
