[0.938s] Invoking command in '/home/sazma/ws_future/src/mpu_6050': PYTHONPATH=/home/sazma/ws_future/build/mpu_6050/prefix_override:/home/sazma/ws_future/install/mpu_6050/lib/python3.10/site-packages:${PYTHONPATH} /usr/bin/python3 setup.py egg_info --egg-base ../../build/mpu_6050 build --build-base /home/sazma/ws_future/build/mpu_6050/build install --record /home/sazma/ws_future/build/mpu_6050/install.log --single-version-externally-managed
[1.160s] running egg_info
[1.175s] writing ../../build/mpu_6050/mpu_6050.egg-info/PKG-INFO
[1.176s] writing dependency_links to ../../build/mpu_6050/mpu_6050.egg-info/dependency_links.txt
[1.176s] writing entry points to ../../build/mpu_6050/mpu_6050.egg-info/entry_points.txt
[1.176s] writing requirements to ../../build/mpu_6050/mpu_6050.egg-info/requires.txt
[1.176s] writing top-level names to ../../build/mpu_6050/mpu_6050.egg-info/top_level.txt
[1.209s] reading manifest file '../../build/mpu_6050/mpu_6050.egg-info/SOURCES.txt'
[1.209s] writing manifest file '../../build/mpu_6050/mpu_6050.egg-info/SOURCES.txt'
[1.209s] running build
[1.210s] running build_py
[1.210s] running install
[1.210s] /home/sazma/.local/lib/python3.10/site-packages/setuptools/_distutils/cmd.py:66: SetuptoolsDeprecationWarning: setup.py install is deprecated.
[1.210s] !!
[1.210s] 
[1.210s]         ********************************************************************************
[1.210s]         Please avoid running ``setup.py`` directly.
[1.210s]         Instead, use pypa/build, pypa/installer or other
[1.210s]         standards-based tools.
[1.210s] 
[1.210s]         See https://blog.ganssle.io/articles/2021/10/setup-py-deprecated.html for details.
[1.210s]         ********************************************************************************
[1.211s] 
[1.211s] !!
[1.211s]   self.initialize_options()
[1.215s] running install_lib
[1.232s] running install_data
[1.248s] copying package.xml -> /home/sazma/ws_future/install/mpu_6050/share/mpu_6050
[1.248s] running install_egg_info
[1.265s] removing '/home/sazma/ws_future/install/mpu_6050/lib/python3.10/site-packages/mpu_6050-0.0.0-py3.10.egg-info' (and everything under it)
[1.265s] Copying ../../build/mpu_6050/mpu_6050.egg-info to /home/sazma/ws_future/install/mpu_6050/lib/python3.10/site-packages/mpu_6050-0.0.0-py3.10.egg-info
[1.266s] running install_scripts
[1.415s] Installing publisher_node script to /home/sazma/ws_future/install/mpu_6050/lib/mpu_6050
[1.415s] writing list of installed files to '/home/sazma/ws_future/build/mpu_6050/install.log'
[1.436s] Invoked command in '/home/sazma/ws_future/src/mpu_6050' returned '0': PYTHONPATH=/home/sazma/ws_future/build/mpu_6050/prefix_override:/home/sazma/ws_future/install/mpu_6050/lib/python3.10/site-packages:${PYTHONPATH} /usr/bin/python3 setup.py egg_info --egg-base ../../build/mpu_6050 build --build-base /home/sazma/ws_future/build/mpu_6050/build install --record /home/sazma/ws_future/build/mpu_6050/install.log --single-version-externally-managed
