[0.000000] (-) TimerEvent: {}
[0.000211] (-) JobUnselected: {'identifier': 'chomp_motion_planner'}
[0.000346] (-) JobUnselected: {'identifier': 'cpp_pubsub'}
[0.000369] (-) JobUnselected: {'identifier': 'cpp_pubsub'}
[0.000386] (-) JobUnselected: {'identifier': 'custom_package'}
[0.000403] (-) JobUnselected: {'identifier': 'demo'}
[0.000455] (-) JobUnselected: {'identifier': 'demo_tmr5_900'}
[0.000479] (-) JobUnselected: {'identifier': 'dual_arm_panda_moveit_config'}
[0.000543] (-) JobUnselected: {'identifier': 'kinova_gen3_6dof_robotiq_2f_85_moveit_config'}
[0.000561] (-) JobUnselected: {'identifier': 'kinova_gen3_7dof_robotiq_2f_85_moveit_config'}
[0.000577] (-) JobUnselected: {'identifier': 'kortex_api'}
[0.000593] (-) JobUnselected: {'identifier': 'kortex_bringup'}
[0.000609] (-) JobUnselected: {'identifier': 'kortex_description'}
[0.000625] (-) JobUnselected: {'identifier': 'kortex_driver'}
[0.000641] (-) JobUnselected: {'identifier': 'moveit'}
[0.000656] (-) JobUnselected: {'identifier': 'moveit2_tutorials'}
[0.000672] (-) JobUnselected: {'identifier': 'moveit_chomp_optimizer_adapter'}
[0.000688] (-) JobUnselected: {'identifier': 'moveit_common'}
[0.000703] (-) JobUnselected: {'identifier': 'moveit_configs_utils'}
[0.000719] (-) JobUnselected: {'identifier': 'moveit_core'}
[0.000735] (-) JobUnselected: {'identifier': 'moveit_hybrid_planning'}
[0.000752] (-) JobUnselected: {'identifier': 'moveit_kinematics'}
[0.000768] (-) JobUnselected: {'identifier': 'moveit_msgs'}
[0.000783] (-) JobUnselected: {'identifier': 'moveit_planners'}
[0.000799] (-) JobUnselected: {'identifier': 'moveit_planners_chomp'}
[0.000814] (-) JobUnselected: {'identifier': 'moveit_planners_ompl'}
[0.000830] (-) JobUnselected: {'identifier': 'moveit_planners_stomp'}
[0.000845] (-) JobUnselected: {'identifier': 'moveit_plugins'}
[0.000861] (-) JobUnselected: {'identifier': 'moveit_py'}
[0.000876] (-) JobUnselected: {'identifier': 'moveit_resources'}
[0.000892] (-) JobUnselected: {'identifier': 'moveit_resources_fanuc_description'}
[0.000908] (-) JobUnselected: {'identifier': 'moveit_resources_fanuc_moveit_config'}
[0.000924] (-) JobUnselected: {'identifier': 'moveit_resources_panda_description'}
[0.000939] (-) JobUnselected: {'identifier': 'moveit_resources_panda_moveit_config'}
[0.000954] (-) JobUnselected: {'identifier': 'moveit_resources_pr2_description'}
[0.000970] (-) JobUnselected: {'identifier': 'moveit_resources_prbt_ikfast_manipulator_plugin'}
[0.000985] (-) JobUnselected: {'identifier': 'moveit_resources_prbt_moveit_config'}
[0.001001] (-) JobUnselected: {'identifier': 'moveit_resources_prbt_pg70_support'}
[0.001016] (-) JobUnselected: {'identifier': 'moveit_resources_prbt_support'}
[0.001032] (-) JobUnselected: {'identifier': 'moveit_ros'}
[0.001047] (-) JobUnselected: {'identifier': 'moveit_ros_benchmarks'}
[0.001062] (-) JobUnselected: {'identifier': 'moveit_ros_control_interface'}
[0.001085] (-) JobUnselected: {'identifier': 'moveit_ros_move_group'}
[0.001142] (-) JobUnselected: {'identifier': 'moveit_ros_occupancy_map_monitor'}
[0.001160] (-) JobUnselected: {'identifier': 'moveit_ros_perception'}
[0.001175] (-) JobUnselected: {'identifier': 'moveit_ros_planning'}
[0.001191] (-) JobUnselected: {'identifier': 'moveit_ros_planning_interface'}
[0.001206] (-) JobUnselected: {'identifier': 'moveit_ros_robot_interaction'}
[0.001222] (-) JobUnselected: {'identifier': 'moveit_ros_visualization'}
[0.001237] (-) JobUnselected: {'identifier': 'moveit_ros_warehouse'}
[0.001253] (-) JobUnselected: {'identifier': 'moveit_runtime'}
[0.001268] (-) JobUnselected: {'identifier': 'moveit_servo'}
[0.001283] (-) JobUnselected: {'identifier': 'moveit_setup_app_plugins'}
[0.001299] (-) JobUnselected: {'identifier': 'moveit_setup_assistant'}
[0.001314] (-) JobUnselected: {'identifier': 'moveit_setup_controllers'}
[0.001330] (-) JobUnselected: {'identifier': 'moveit_setup_core_plugins'}
[0.001345] (-) JobUnselected: {'identifier': 'moveit_setup_framework'}
[0.001360] (-) JobUnselected: {'identifier': 'moveit_setup_srdf_plugins'}
[0.001375] (-) JobUnselected: {'identifier': 'moveit_simple_controller_manager'}
[0.001454] (-) JobUnselected: {'identifier': 'moveit_task_constructor_capabilities'}
[0.001471] (-) JobUnselected: {'identifier': 'moveit_task_constructor_core'}
[0.001486] (-) JobUnselected: {'identifier': 'moveit_task_constructor_demo'}
[0.001501] (-) JobUnselected: {'identifier': 'moveit_task_constructor_msgs'}
[0.001516] (-) JobUnselected: {'identifier': 'moveit_task_constructor_visualization'}
[0.001530] (-) JobUnselected: {'identifier': 'moveit_visual_tools'}
[0.001545] (-) JobUnselected: {'identifier': 'msg_store'}
[0.001560] (-) JobUnselected: {'identifier': 'pick_ik'}
[0.001575] (-) JobUnselected: {'identifier': 'pilz_industrial_motion_planner'}
[0.001590] (-) JobUnselected: {'identifier': 'pilz_industrial_motion_planner_testutils'}
[0.001604] (-) JobUnselected: {'identifier': 'py_pubsub'}
[0.001619] (-) JobUnselected: {'identifier': 'rviz_marker_tools'}
[0.001634] (-) JobUnselected: {'identifier': 'rviz_visual_tools'}
[0.001649] (-) JobUnselected: {'identifier': 'techman_robot_msgs'}
[0.001663] (-) JobUnselected: {'identifier': 'tm_description'}
[0.001678] (-) JobUnselected: {'identifier': 'tm_driver'}
[0.001692] (-) JobUnselected: {'identifier': 'tm_get_status'}
[0.001707] (-) JobUnselected: {'identifier': 'tm_mod_urdf'}
[0.001722] (-) JobUnselected: {'identifier': 'tm_moveit_config_tm12'}
[0.001736] (-) JobUnselected: {'identifier': 'tm_moveit_config_tm12x'}
[0.001756] (-) JobUnselected: {'identifier': 'tm_moveit_config_tm14'}
[0.001771] (-) JobUnselected: {'identifier': 'tm_moveit_config_tm14x'}
[0.001786] (-) JobUnselected: {'identifier': 'tm_moveit_config_tm5-700'}
[0.001801] (-) JobUnselected: {'identifier': 'tm_moveit_config_tm5-900'}
[0.001815] (-) JobUnselected: {'identifier': 'tm_moveit_config_tm5x-700'}
[0.001830] (-) JobUnselected: {'identifier': 'tm_moveit_config_tm5x-900'}
[0.001845] (-) JobUnselected: {'identifier': 'tm_moveit_cpp_demo'}
[0.001860] (-) JobUnselected: {'identifier': 'tm_msgs'}
[0.001874] (-) JobUnselected: {'identifier': 'ui_for_debug_and_demo'}
[0.001890] (-) EventReactorShutdown: {}
