[1.127s] Invoking command in '/home/sazma/ws_future/src/mpu_6050': PYTHONPATH=/home/sazma/ws_future/build/mpu_6050/prefix_override:/home/sazma/ws_future/install/mpu_6050/lib/python3.10/site-packages:${PYTHONPATH} /usr/bin/python3 setup.py egg_info --egg-base ../../build/mpu_6050 build --build-base /home/sazma/ws_future/build/mpu_6050/build install --record /home/sazma/ws_future/build/mpu_6050/install.log --single-version-externally-managed
[1.355s] running egg_info
[1.371s] writing ../../build/mpu_6050/mpu_6050.egg-info/PKG-INFO
[1.372s] writing dependency_links to ../../build/mpu_6050/mpu_6050.egg-info/dependency_links.txt
[1.372s] writing entry points to ../../build/mpu_6050/mpu_6050.egg-info/entry_points.txt
[1.372s] writing requirements to ../../build/mpu_6050/mpu_6050.egg-info/requires.txt
[1.373s] writing top-level names to ../../build/mpu_6050/mpu_6050.egg-info/top_level.txt
[1.406s] reading manifest file '../../build/mpu_6050/mpu_6050.egg-info/SOURCES.txt'
[1.407s] writing manifest file '../../build/mpu_6050/mpu_6050.egg-info/SOURCES.txt'
[1.407s] running build
[1.407s] running build_py
[1.407s] copying mpu_6050/publisher_node.py -> /home/sazma/ws_future/build/mpu_6050/build/lib/mpu_6050
[1.408s] running install
[1.408s] /home/sazma/.local/lib/python3.10/site-packages/setuptools/_distutils/cmd.py:66: SetuptoolsDeprecationWarning: setup.py install is deprecated.
[1.408s] !!
[1.409s] 
[1.409s]         ********************************************************************************
[1.409s]         Please avoid running ``setup.py`` directly.
[1.409s]         Instead, use pypa/build, pypa/installer or other
[1.409s]         standards-based tools.
[1.409s] 
[1.409s]         See https://blog.ganssle.io/articles/2021/10/setup-py-deprecated.html for details.
[1.409s]         ********************************************************************************
[1.409s] 
[1.409s] !!
[1.409s]   self.initialize_options()
[1.414s] running install_lib
[1.434s] copying /home/sazma/ws_future/build/mpu_6050/build/lib/mpu_6050/publisher_node.py -> /home/sazma/ws_future/install/mpu_6050/lib/python3.10/site-packages/mpu_6050
[1.435s] byte-compiling /home/sazma/ws_future/install/mpu_6050/lib/python3.10/site-packages/mpu_6050/publisher_node.py to publisher_node.cpython-310.pyc
[1.435s] running install_data
[1.453s] running install_egg_info
[1.471s] removing '/home/sazma/ws_future/install/mpu_6050/lib/python3.10/site-packages/mpu_6050-0.0.0-py3.10.egg-info' (and everything under it)
[1.471s] Copying ../../build/mpu_6050/mpu_6050.egg-info to /home/sazma/ws_future/install/mpu_6050/lib/python3.10/site-packages/mpu_6050-0.0.0-py3.10.egg-info
[1.472s] running install_scripts
[1.631s] Installing publisher_node script to /home/sazma/ws_future/install/mpu_6050/lib/mpu_6050
[1.631s] writing list of installed files to '/home/sazma/ws_future/build/mpu_6050/install.log'
[1.657s] Invoked command in '/home/sazma/ws_future/src/mpu_6050' returned '0': PYTHONPATH=/home/sazma/ws_future/build/mpu_6050/prefix_override:/home/sazma/ws_future/install/mpu_6050/lib/python3.10/site-packages:${PYTHONPATH} /usr/bin/python3 setup.py egg_info --egg-base ../../build/mpu_6050 build --build-base /home/sazma/ws_future/build/mpu_6050/build install --record /home/sazma/ws_future/build/mpu_6050/install.log --single-version-externally-managed
