[35m[1mConsolidate compiler generated dependencies of target listener[0m
[ 55%] Built target demo_get_and_control
[ 55%] Built target demo_ask_sta
[ 55%] Built target demo_keyboard_control
[ 55%] Built target demo_set_positions
[ 55%] Built target demo_connect_tm
[ 55%] Built target demo_set_event
[ 55%] Built target demo_keycontrol
[ 55%] Built target demo_ask_item
[ 61%] Built target demo_send_script
[ 61%] Built target demo_write_item
[ 61%] Built target demo_set_io
[ 63%] [32mBuilding CXX object CMakeFiles/listener.dir/src/demo_subscriber.cpp.o[0m
[ 80%] Built target demo_get_torque_feedback
[ 80%] Built target demo_get_svr_response
[ 80%] Built target demo_get_feedback
[ 86%] Built target demo_get_sct_response
[ 91%] Built target demo_leave_listen_node
[ 97%] Built target demo_get_sta_response
[100%] [32m[1mLinking CXX executable listener[0m
[100%] Built target listener
-- Install configuration: ""
-- Installing: /home/sazma/ws_future/install/demo/lib/demo/listener
-- Set runtime path of "/home/sazma/ws_future/install/demo/lib/demo/listener" to ""
-- Up-to-date: /home/sazma/ws_future/install/demo/lib/demo/demo_send_script
-- Up-to-date: /home/sazma/ws_future/install/demo/lib/demo/demo_keyboard_control
-- Up-to-date: /home/sazma/ws_future/install/demo/lib/demo/demo_keycontrol
-- Up-to-date: /home/sazma/ws_future/install/demo/lib/demo/demo_get_and_control
-- Up-to-date: /home/sazma/ws_future/install/demo/lib/demo/demo_ask_sta
-- Up-to-date: /home/sazma/ws_future/install/demo/lib/demo/demo_connect_tm
-- Up-to-date: /home/sazma/ws_future/install/demo/lib/demo/demo_set_event
-- Up-to-date: /home/sazma/ws_future/install/demo/lib/demo/demo_set_io
-- Up-to-date: /home/sazma/ws_future/install/demo/lib/demo/demo_set_positions
-- Up-to-date: /home/sazma/ws_future/install/demo/lib/demo/demo_write_item
-- Up-to-date: /home/sazma/ws_future/install/demo/lib/demo/demo_ask_item
-- Up-to-date: /home/sazma/ws_future/install/demo/lib/demo/demo_get_feedback
-- Up-to-date: /home/sazma/ws_future/install/demo/lib/demo/demo_get_torque_feedback
-- Up-to-date: /home/sazma/ws_future/install/demo/lib/demo/demo_get_sct_response
-- Up-to-date: /home/sazma/ws_future/install/demo/lib/demo/demo_get_sta_response
-- Up-to-date: /home/sazma/ws_future/install/demo/lib/demo/demo_get_svr_response
-- Up-to-date: /home/sazma/ws_future/install/demo/lib/demo/demo_leave_listen_node
-- Up-to-date: /home/sazma/ws_future/install/demo/share/ament_index/resource_index/package_run_dependencies/demo
-- Installing: /home/sazma/ws_future/install/demo/share/ament_index/resource_index/parent_prefix_path/demo
-- Up-to-date: /home/sazma/ws_future/install/demo/share/demo/environment/ament_prefix_path.sh
-- Installing: /home/sazma/ws_future/install/demo/share/demo/environment/ament_prefix_path.dsv
-- Up-to-date: /home/sazma/ws_future/install/demo/share/demo/environment/path.sh
-- Installing: /home/sazma/ws_future/install/demo/share/demo/environment/path.dsv
-- Up-to-date: /home/sazma/ws_future/install/demo/share/demo/local_setup.bash
-- Up-to-date: /home/sazma/ws_future/install/demo/share/demo/local_setup.sh
-- Up-to-date: /home/sazma/ws_future/install/demo/share/demo/local_setup.zsh
-- Installing: /home/sazma/ws_future/install/demo/share/demo/local_setup.dsv
-- Installing: /home/sazma/ws_future/install/demo/share/demo/package.dsv
-- Up-to-date: /home/sazma/ws_future/install/demo/share/ament_index/resource_index/packages/demo
-- Up-to-date: /home/sazma/ws_future/install/demo/share/demo/cmake/demoConfig.cmake
-- Up-to-date: /home/sazma/ws_future/install/demo/share/demo/cmake/demoConfig-version.cmake
-- Installing: /home/sazma/ws_future/install/demo/share/demo/package.xml
