[0.000000] (-) TimerEvent: {}
[0.000111] (-) JobUnselected: {'identifier': 'chomp_motion_planner'}
[0.000139] (-) JobUnselected: {'identifier': 'cpp_pubsub'}
[0.000158] (-) JobUnselected: {'identifier': 'cpp_pubsub'}
[0.000174] (-) JobUnselected: {'identifier': 'custom_package'}
[0.000189] (-) JobUnselected: {'identifier': 'demo'}
[0.000205] (-) JobUnselected: {'identifier': 'demo_tmr5_900'}
[0.000220] (-) JobUnselected: {'identifier': 'dual_arm_panda_moveit_config'}
[0.000236] (-) JobUnselected: {'identifier': 'kinova_gen3_6dof_robotiq_2f_85_moveit_config'}
[0.000251] (-) JobUnselected: {'identifier': 'kinova_gen3_7dof_robotiq_2f_85_moveit_config'}
[0.000266] (-) JobUnselected: {'identifier': 'kortex_api'}
[0.000281] (-) JobUnselected: {'identifier': 'kortex_bringup'}
[0.000296] (-) JobUnselected: {'identifier': 'kortex_description'}
[0.000311] (-) JobUnselected: {'identifier': 'kortex_driver'}
[0.000326] (-) JobUnselected: {'identifier': 'moveit'}
[0.000341] (-) JobUnselected: {'identifier': 'moveit2_tutorials'}
[0.000356] (-) JobUnselected: {'identifier': 'moveit_chomp_optimizer_adapter'}
[0.000371] (-) JobUnselected: {'identifier': 'moveit_common'}
[0.000386] (-) JobUnselected: {'identifier': 'moveit_configs_utils'}
[0.000401] (-) JobUnselected: {'identifier': 'moveit_core'}
[0.000416] (-) JobUnselected: {'identifier': 'moveit_hybrid_planning'}
[0.000432] (-) JobUnselected: {'identifier': 'moveit_kinematics'}
[0.000447] (-) JobUnselected: {'identifier': 'moveit_msgs'}
[0.000462] (-) JobUnselected: {'identifier': 'moveit_planners'}
[0.000477] (-) JobUnselected: {'identifier': 'moveit_planners_chomp'}
[0.000492] (-) JobUnselected: {'identifier': 'moveit_planners_ompl'}
[0.000506] (-) JobUnselected: {'identifier': 'moveit_planners_stomp'}
[0.000521] (-) JobUnselected: {'identifier': 'moveit_plugins'}
[0.000536] (-) JobUnselected: {'identifier': 'moveit_py'}
[0.000551] (-) JobUnselected: {'identifier': 'moveit_resources'}
[0.000566] (-) JobUnselected: {'identifier': 'moveit_resources_fanuc_description'}
[0.000581] (-) JobUnselected: {'identifier': 'moveit_resources_fanuc_moveit_config'}
[0.000596] (-) JobUnselected: {'identifier': 'moveit_resources_panda_description'}
[0.000611] (-) JobUnselected: {'identifier': 'moveit_resources_panda_moveit_config'}
[0.000626] (-) JobUnselected: {'identifier': 'moveit_resources_pr2_description'}
[0.000641] (-) JobUnselected: {'identifier': 'moveit_resources_prbt_ikfast_manipulator_plugin'}
[0.000655] (-) JobUnselected: {'identifier': 'moveit_resources_prbt_moveit_config'}
[0.000670] (-) JobUnselected: {'identifier': 'moveit_resources_prbt_pg70_support'}
[0.000685] (-) JobUnselected: {'identifier': 'moveit_resources_prbt_support'}
[0.000700] (-) JobUnselected: {'identifier': 'moveit_ros'}
[0.000715] (-) JobUnselected: {'identifier': 'moveit_ros_benchmarks'}
[0.000729] (-) JobUnselected: {'identifier': 'moveit_ros_control_interface'}
[0.000744] (-) JobUnselected: {'identifier': 'moveit_ros_move_group'}
[0.000759] (-) JobUnselected: {'identifier': 'moveit_ros_occupancy_map_monitor'}
[0.000774] (-) JobUnselected: {'identifier': 'moveit_ros_perception'}
[0.000788] (-) JobUnselected: {'identifier': 'moveit_ros_planning'}
[0.000803] (-) JobUnselected: {'identifier': 'moveit_ros_planning_interface'}
[0.000818] (-) JobUnselected: {'identifier': 'moveit_ros_robot_interaction'}
[0.000833] (-) JobUnselected: {'identifier': 'moveit_ros_visualization'}
[0.000847] (-) JobUnselected: {'identifier': 'moveit_ros_warehouse'}
[0.000862] (-) JobUnselected: {'identifier': 'moveit_runtime'}
[0.000877] (-) JobUnselected: {'identifier': 'moveit_servo'}
[0.000891] (-) JobUnselected: {'identifier': 'moveit_setup_app_plugins'}
[0.000906] (-) JobUnselected: {'identifier': 'moveit_setup_assistant'}
[0.000921] (-) JobUnselected: {'identifier': 'moveit_setup_controllers'}
[0.000936] (-) JobUnselected: {'identifier': 'moveit_setup_core_plugins'}
[0.000951] (-) JobUnselected: {'identifier': 'moveit_setup_framework'}
[0.000966] (-) JobUnselected: {'identifier': 'moveit_setup_srdf_plugins'}
[0.000981] (-) JobUnselected: {'identifier': 'moveit_simple_controller_manager'}
[0.001362] (-) JobUnselected: {'identifier': 'moveit_task_constructor_capabilities'}
[0.001389] (-) JobUnselected: {'identifier': 'moveit_task_constructor_core'}
[0.001407] (-) JobUnselected: {'identifier': 'moveit_task_constructor_demo'}
[0.001422] (-) JobUnselected: {'identifier': 'moveit_task_constructor_msgs'}
[0.001437] (-) JobUnselected: {'identifier': 'moveit_task_constructor_visualization'}
[0.001451] (-) JobUnselected: {'identifier': 'moveit_visual_tools'}
[0.001465] (-) JobUnselected: {'identifier': 'msg_store'}
[0.001480] (-) JobUnselected: {'identifier': 'pick_ik'}
[0.001494] (-) JobUnselected: {'identifier': 'pilz_industrial_motion_planner'}
[0.001508] (-) JobUnselected: {'identifier': 'pilz_industrial_motion_planner_testutils'}
[0.001521] (-) JobUnselected: {'identifier': 'py_pubsub'}
[0.001535] (-) JobUnselected: {'identifier': 'rviz_marker_tools'}
[0.001549] (-) JobUnselected: {'identifier': 'rviz_visual_tools'}
[0.001562] (-) JobUnselected: {'identifier': 'techman_robot_msgs'}
[0.001576] (-) JobUnselected: {'identifier': 'tm_description'}
[0.001589] (-) JobUnselected: {'identifier': 'tm_driver'}
[0.001603] (-) JobUnselected: {'identifier': 'tm_get_status'}
[0.001616] (-) JobUnselected: {'identifier': 'tm_mod_urdf'}
[0.001630] (-) JobUnselected: {'identifier': 'tm_moveit_config_tm12'}
[0.001643] (-) JobUnselected: {'identifier': 'tm_moveit_config_tm12x'}
[0.001665] (-) JobUnselected: {'identifier': 'tm_moveit_config_tm14'}
[0.001680] (-) JobUnselected: {'identifier': 'tm_moveit_config_tm14x'}
[0.001694] (-) JobUnselected: {'identifier': 'tm_moveit_config_tm5-700'}
[0.001707] (-) JobUnselected: {'identifier': 'tm_moveit_config_tm5-900'}
[0.001720] (-) JobUnselected: {'identifier': 'tm_moveit_config_tm5x-700'}
[0.001734] (-) JobUnselected: {'identifier': 'tm_moveit_config_tm5x-900'}
[0.001747] (-) JobUnselected: {'identifier': 'tm_moveit_cpp_demo'}
[0.001761] (-) JobUnselected: {'identifier': 'tm_msgs'}
[0.001774] (-) JobUnselected: {'identifier': 'ui_for_debug_and_demo'}
[0.001788] (-) EventReactorShutdown: {}
