[1.051s] Invoking command in '/home/sazma/ws_future/build/moveit_common': CMAKE_PREFIX_PATH=${CMAKE_PREFIX_PATH}:/home/sazma/ws_future/install/tm_mod_urdf:/home/sazma/ws_future/install/tm_get_status:/home/sazma/ws_future/install/moveit_configs_utils:/opt/ros/humble /usr/bin/cmake --build /home/sazma/ws_future/build/moveit_common -- -j12 -l12
[1.476s] Invoked command in '/home/sazma/ws_future/build/moveit_common' returned '0': CMAKE_PREFIX_PATH=${CMAKE_PREFIX_PATH}:/home/sazma/ws_future/install/tm_mod_urdf:/home/sazma/ws_future/install/tm_get_status:/home/sazma/ws_future/install/moveit_configs_utils:/opt/ros/humble /usr/bin/cmake --build /home/sazma/ws_future/build/moveit_common -- -j12 -l12
[1.539s] Invoking command in '/home/sazma/ws_future/build/moveit_common': CMAKE_PREFIX_PATH=${CMAKE_PREFIX_PATH}:/home/sazma/ws_future/install/tm_mod_urdf:/home/sazma/ws_future/install/tm_get_status:/home/sazma/ws_future/install/moveit_configs_utils:/opt/ros/humble /usr/bin/cmake --install /home/sazma/ws_future/build/moveit_common
[1.556s] -- Install configuration: ""
[1.557s] -- Up-to-date: /home/sazma/ws_future/install/moveit_common/share/ament_index/resource_index/package_run_dependencies/moveit_common
[1.558s] -- Up-to-date: /home/sazma/ws_future/install/moveit_common/share/ament_index/resource_index/parent_prefix_path/moveit_common
[1.558s] -- Up-to-date: /home/sazma/ws_future/install/moveit_common/share/moveit_common/environment/ament_prefix_path.sh
[1.558s] -- Up-to-date: /home/sazma/ws_future/install/moveit_common/share/moveit_common/environment/ament_prefix_path.dsv
[1.558s] -- Up-to-date: /home/sazma/ws_future/install/moveit_common/share/moveit_common/environment/path.sh
[1.559s] -- Up-to-date: /home/sazma/ws_future/install/moveit_common/share/moveit_common/environment/path.dsv
[1.559s] -- Up-to-date: /home/sazma/ws_future/install/moveit_common/share/moveit_common/local_setup.bash
[1.559s] -- Up-to-date: /home/sazma/ws_future/install/moveit_common/share/moveit_common/local_setup.sh
[1.560s] -- Up-to-date: /home/sazma/ws_future/install/moveit_common/share/moveit_common/local_setup.zsh
[1.560s] -- Up-to-date: /home/sazma/ws_future/install/moveit_common/share/moveit_common/local_setup.dsv
[1.560s] -- Installing: /home/sazma/ws_future/install/moveit_common/share/moveit_common/package.dsv
[1.561s] -- Up-to-date: /home/sazma/ws_future/install/moveit_common/share/ament_index/resource_index/packages/moveit_common
[1.570s] -- Up-to-date: /home/sazma/ws_future/install/moveit_common/share/moveit_common/cmake/moveit_common-extras.cmake
[1.571s] -- Up-to-date: /home/sazma/ws_future/install/moveit_common/share/moveit_common/cmake/moveit_commonConfig.cmake
[1.571s] -- Up-to-date: /home/sazma/ws_future/install/moveit_common/share/moveit_common/cmake/moveit_commonConfig-version.cmake
[1.571s] -- Up-to-date: /home/sazma/ws_future/install/moveit_common/share/moveit_common/package.xml
[1.571s] -- Up-to-date: /home/sazma/ws_future/install/moveit_common/share/moveit_common/cmake
[1.571s] -- Up-to-date: /home/sazma/ws_future/install/moveit_common/share/moveit_common/cmake/moveit_package.cmake
[1.755s] Invoked command in '/home/sazma/ws_future/build/moveit_common' returned '0': CMAKE_PREFIX_PATH=${CMAKE_PREFIX_PATH}:/home/sazma/ws_future/install/tm_mod_urdf:/home/sazma/ws_future/install/tm_get_status:/home/sazma/ws_future/install/moveit_configs_utils:/opt/ros/humble /usr/bin/cmake --install /home/sazma/ws_future/build/moveit_common
