[35m[1mConsolidate compiler generated dependencies of target listener[0m
[35m[1mConsolidate compiler generated dependencies of target demo_get_and_control[0m
[ 41%] Built target demo_keycontrol
[ 41%] Built target demo_connect_tm
[ 50%] Built target demo_set_positions
[ 50%] Built target demo_set_io
[ 50%] Built target demo_send_script
[ 41%] Built target demo_set_event
[ 50%] Built target demo_ask_sta
[ 50%] Built target demo_write_item
[ 50%] Built target demo_keyboard_control
[ 55%] Built target demo_ask_item
[ 58%] [32mBuilding CXX object CMakeFiles/demo_get_and_control.dir/src/demo_get_and_control.cpp.o[0m
[ 63%] Built target listener
[ 69%] Built target demo_get_svr_response
[ 75%] Built target demo_leave_listen_node
[ 80%] Built target demo_get_sta_response
[ 86%] Built target demo_get_feedback
[ 97%] Built target demo_get_sct_response
[ 97%] Built target demo_get_torque_feedback
