[1.359s] Invoking command in '/home/sazma/ws_future/build/tm_msgs': CMAKE_PREFIX_PATH=/home/sazma/ws_future/install/ui_for_debug_and_demo:/home/sazma/ws_future/install/tm_driver:/home/sazma/ws_future/install/demo:/home/sazma/ws_future/install/tm_msgs:/home/sazma/ws_future/install/tm_moveit_cpp_demo:/home/sazma/ws_future/install/tm_moveit_config_tm5x-900:/home/sazma/ws_future/install/tm_moveit_config_tm5x-700:/home/sazma/ws_future/install/tm_moveit_config_tm5-900:/home/sazma/ws_future/install/tm_moveit_config_tm5-700:/home/sazma/ws_future/install/tm_moveit_config_tm14x:/home/sazma/ws_future/install/tm_moveit_config_tm14:/home/sazma/ws_future/install/tm_moveit_config_tm12x:/home/sazma/ws_future/install/tm_moveit_config_tm12:/home/sazma/ws_future/install/tm_mod_urdf:/home/sazma/ws_future/install/tm_get_status:/home/sazma/ws_future/install/tm_description:/home/sazma/ws_future/install/custom_package:/home/sazma/ws_future/install/techman_robot_msgs:/home/sazma/ws_future/install/moveit2_tutorials:/home/sazma/ws_future/install/moveit_visual_tools:/home/sazma/ws_future/install/rviz_visual_tools:/home/sazma/ws_future/install/moveit_task_constructor_visualization:/home/sazma/ws_future/install/moveit_task_constructor_demo:/home/sazma/ws_future/install/moveit_task_constructor_capabilities:/home/sazma/ws_future/install/moveit_task_constructor_core:/home/sazma/ws_future/install/rviz_marker_tools:/home/sazma/ws_future/install/pilz_industrial_motion_planner_testutils:/home/sazma/ws_future/install/moveit_runtime:/home/sazma/ws_future/install/moveit:/home/sazma/ws_future/install/kinova_gen3_7dof_robotiq_2f_85_moveit_config:/home/sazma/ws_future/install/kinova_gen3_6dof_robotiq_2f_85_moveit_config:/home/sazma/ws_future/install/moveit_planners:/home/sazma/ws_future/install/pilz_industrial_motion_planner:/home/sazma/ws_future/install/pick_ik:/home/sazma/ws_future/install/moveit_task_constructor_msgs:/home/sazma/ws_future/install/moveit_ros_control_interface:/home/sazma/ws_future/install/moveit_plugins:/home/sazma/ws_future/install/moveit_simple_controller_manager:/home/sazma/ws_future/install/moveit_setup_assistant:/home/sazma/ws_future/install/moveit_setup_srdf_plugins:/home/sazma/ws_future/install/moveit_setup_core_plugins:/home/sazma/ws_future/install/moveit_setup_controllers:/home/sazma/ws_future/install/moveit_setup_app_plugins:/home/sazma/ws_future/install/moveit_setup_framework:/home/sazma/ws_future/install/moveit_servo:/home/sazma/ws_future/install/moveit_ros:/home/sazma/ws_future/install/moveit_ros_visualization:/home/sazma/ws_future/install/moveit_py:/home/sazma/ws_future/install/moveit_hybrid_planning:/home/sazma/ws_future/install/moveit_ros_planning_interface:/home/sazma/ws_future/install/moveit_ros_benchmarks:/home/sazma/ws_future/install/moveit_ros_warehouse:/home/sazma/ws_future/install/moveit_ros_robot_interaction:/home/sazma/ws_future/install/moveit_ros_perception:/home/sazma/ws_future/install/moveit_resources_prbt_pg70_support:/home/sazma/ws_future/install/moveit_resources_prbt_moveit_config:/home/sazma/ws_future/install/moveit_ros_move_group:/home/sazma/ws_future/install/moveit_planners_ompl:/home/sazma/ws_future/install/moveit_kinematics:/home/sazma/ws_future/install/moveit_ros_planning:/home/sazma/ws_future/install/moveit_ros_occupancy_map_monitor:/home/sazma/ws_future/install/moveit_resources_prbt_support:/home/sazma/ws_future/install/moveit_resources_prbt_ikfast_manipulator_plugin:/home/sazma/ws_future/install/moveit_resources:/home/sazma/ws_future/install/moveit_resources_pr2_description:/home/sazma/ws_future/install/moveit_resources_panda_moveit_config:/home/sazma/ws_future/install/dual_arm_panda_moveit_config:/home/sazma/ws_future/install/moveit_resources_panda_description:/home/sazma/ws_future/install/moveit_resources_fanuc_moveit_config:/home/sazma/ws_future/install/moveit_resources_fanuc_description:/home/sazma/ws_future/install/moveit_planners_stomp:/home/sazma/ws_future/install/moveit_planners_chomp:/home/sazma/ws_future/install/moveit_chomp_optimizer_adapter:/home/sazma/ws_future/install/chomp_motion_planner:/home/sazma/ws_future/install/moveit_core:/home/sazma/ws_future/install/moveit_msgs:/home/sazma/ws_future/install/moveit_configs_utils:/home/sazma/ws_future/install/moveit_common:/home/sazma/ws_future/install/kortex_bringup:/home/sazma/ws_future/install/kortex_driver:/home/sazma/ws_future/install/kortex_description:/home/sazma/ws_future/install/kortex_api:/opt/ros/humble /usr/bin/cmake --build /home/sazma/ws_future/build/tm_msgs -- -j12 -l12
[1.638s] [  0%] Built target tm_msgs__cpp
[1.669s] [ 12%] Built target tm_msgs__rosidl_generator_c
[1.669s] [ 12%] Built target ament_cmake_python_copy_tm_msgs
[1.836s] [ 24%] Built target tm_msgs__rosidl_typesupport_introspection_cpp
[1.842s] [ 35%] Built target tm_msgs__rosidl_typesupport_fastrtps_cpp
[1.842s] [ 47%] Built target tm_msgs__rosidl_typesupport_fastrtps_c
[1.842s] [ 59%] Built target tm_msgs__rosidl_typesupport_c
[1.855s] [ 71%] Built target tm_msgs__rosidl_typesupport_cpp
[1.863s] [ 83%] Built target tm_msgs__rosidl_typesupport_introspection_c
[2.018s] [ 83%] Built target tm_msgs
[2.162s] [ 84%] Built target tm_msgs__py
[2.258s] [ 95%] Built target tm_msgs__rosidl_generator_py
[2.512s] [ 97%] Built target tm_msgs__rosidl_typesupport_introspection_c__pyext
[2.512s] [ 99%] Built target tm_msgs__rosidl_typesupport_fastrtps_c__pyext
[2.530s] [100%] Built target tm_msgs__rosidl_typesupport_c__pyext
[2.531s] running egg_info
[2.531s] writing tm_msgs.egg-info/PKG-INFO
[2.531s] writing dependency_links to tm_msgs.egg-info/dependency_links.txt
[2.531s] writing top-level names to tm_msgs.egg-info/top_level.txt
[2.531s] reading manifest file 'tm_msgs.egg-info/SOURCES.txt'
[2.531s] writing manifest file 'tm_msgs.egg-info/SOURCES.txt'
[2.574s] [100%] Built target ament_cmake_python_build_tm_msgs_egg
[3.797s] Invoked command in '/home/sazma/ws_future/build/tm_msgs' returned '0': CMAKE_PREFIX_PATH=/home/sazma/ws_future/install/ui_for_debug_and_demo:/home/sazma/ws_future/install/tm_driver:/home/sazma/ws_future/install/demo:/home/sazma/ws_future/install/tm_msgs:/home/sazma/ws_future/install/tm_moveit_cpp_demo:/home/sazma/ws_future/install/tm_moveit_config_tm5x-900:/home/sazma/ws_future/install/tm_moveit_config_tm5x-700:/home/sazma/ws_future/install/tm_moveit_config_tm5-900:/home/sazma/ws_future/install/tm_moveit_config_tm5-700:/home/sazma/ws_future/install/tm_moveit_config_tm14x:/home/sazma/ws_future/install/tm_moveit_config_tm14:/home/sazma/ws_future/install/tm_moveit_config_tm12x:/home/sazma/ws_future/install/tm_moveit_config_tm12:/home/sazma/ws_future/install/tm_mod_urdf:/home/sazma/ws_future/install/tm_get_status:/home/sazma/ws_future/install/tm_description:/home/sazma/ws_future/install/custom_package:/home/sazma/ws_future/install/techman_robot_msgs:/home/sazma/ws_future/install/moveit2_tutorials:/home/sazma/ws_future/install/moveit_visual_tools:/home/sazma/ws_future/install/rviz_visual_tools:/home/sazma/ws_future/install/moveit_task_constructor_visualization:/home/sazma/ws_future/install/moveit_task_constructor_demo:/home/sazma/ws_future/install/moveit_task_constructor_capabilities:/home/sazma/ws_future/install/moveit_task_constructor_core:/home/sazma/ws_future/install/rviz_marker_tools:/home/sazma/ws_future/install/pilz_industrial_motion_planner_testutils:/home/sazma/ws_future/install/moveit_runtime:/home/sazma/ws_future/install/moveit:/home/sazma/ws_future/install/kinova_gen3_7dof_robotiq_2f_85_moveit_config:/home/sazma/ws_future/install/kinova_gen3_6dof_robotiq_2f_85_moveit_config:/home/sazma/ws_future/install/moveit_planners:/home/sazma/ws_future/install/pilz_industrial_motion_planner:/home/sazma/ws_future/install/pick_ik:/home/sazma/ws_future/install/moveit_task_constructor_msgs:/home/sazma/ws_future/install/moveit_ros_control_interface:/home/sazma/ws_future/install/moveit_plugins:/home/sazma/ws_future/install/moveit_simple_controller_manager:/home/sazma/ws_future/install/moveit_setup_assistant:/home/sazma/ws_future/install/moveit_setup_srdf_plugins:/home/sazma/ws_future/install/moveit_setup_core_plugins:/home/sazma/ws_future/install/moveit_setup_controllers:/home/sazma/ws_future/install/moveit_setup_app_plugins:/home/sazma/ws_future/install/moveit_setup_framework:/home/sazma/ws_future/install/moveit_servo:/home/sazma/ws_future/install/moveit_ros:/home/sazma/ws_future/install/moveit_ros_visualization:/home/sazma/ws_future/install/moveit_py:/home/sazma/ws_future/install/moveit_hybrid_planning:/home/sazma/ws_future/install/moveit_ros_planning_interface:/home/sazma/ws_future/install/moveit_ros_benchmarks:/home/sazma/ws_future/install/moveit_ros_warehouse:/home/sazma/ws_future/install/moveit_ros_robot_interaction:/home/sazma/ws_future/install/moveit_ros_perception:/home/sazma/ws_future/install/moveit_resources_prbt_pg70_support:/home/sazma/ws_future/install/moveit_resources_prbt_moveit_config:/home/sazma/ws_future/install/moveit_ros_move_group:/home/sazma/ws_future/install/moveit_planners_ompl:/home/sazma/ws_future/install/moveit_kinematics:/home/sazma/ws_future/install/moveit_ros_planning:/home/sazma/ws_future/install/moveit_ros_occupancy_map_monitor:/home/sazma/ws_future/install/moveit_resources_prbt_support:/home/sazma/ws_future/install/moveit_resources_prbt_ikfast_manipulator_plugin:/home/sazma/ws_future/install/moveit_resources:/home/sazma/ws_future/install/moveit_resources_pr2_description:/home/sazma/ws_future/install/moveit_resources_panda_moveit_config:/home/sazma/ws_future/install/dual_arm_panda_moveit_config:/home/sazma/ws_future/install/moveit_resources_panda_description:/home/sazma/ws_future/install/moveit_resources_fanuc_moveit_config:/home/sazma/ws_future/install/moveit_resources_fanuc_description:/home/sazma/ws_future/install/moveit_planners_stomp:/home/sazma/ws_future/install/moveit_planners_chomp:/home/sazma/ws_future/install/moveit_chomp_optimizer_adapter:/home/sazma/ws_future/install/chomp_motion_planner:/home/sazma/ws_future/install/moveit_core:/home/sazma/ws_future/install/moveit_msgs:/home/sazma/ws_future/install/moveit_configs_utils:/home/sazma/ws_future/install/moveit_common:/home/sazma/ws_future/install/kortex_bringup:/home/sazma/ws_future/install/kortex_driver:/home/sazma/ws_future/install/kortex_description:/home/sazma/ws_future/install/kortex_api:/opt/ros/humble /usr/bin/cmake --build /home/sazma/ws_future/build/tm_msgs -- -j12 -l12
[6.723s] Invoking command in '/home/sazma/ws_future/build/tm_msgs': CMAKE_PREFIX_PATH=/home/sazma/ws_future/install/ui_for_debug_and_demo:/home/sazma/ws_future/install/tm_driver:/home/sazma/ws_future/install/demo:/home/sazma/ws_future/install/tm_msgs:/home/sazma/ws_future/install/tm_moveit_cpp_demo:/home/sazma/ws_future/install/tm_moveit_config_tm5x-900:/home/sazma/ws_future/install/tm_moveit_config_tm5x-700:/home/sazma/ws_future/install/tm_moveit_config_tm5-900:/home/sazma/ws_future/install/tm_moveit_config_tm5-700:/home/sazma/ws_future/install/tm_moveit_config_tm14x:/home/sazma/ws_future/install/tm_moveit_config_tm14:/home/sazma/ws_future/install/tm_moveit_config_tm12x:/home/sazma/ws_future/install/tm_moveit_config_tm12:/home/sazma/ws_future/install/tm_mod_urdf:/home/sazma/ws_future/install/tm_get_status:/home/sazma/ws_future/install/tm_description:/home/sazma/ws_future/install/custom_package:/home/sazma/ws_future/install/techman_robot_msgs:/home/sazma/ws_future/install/moveit2_tutorials:/home/sazma/ws_future/install/moveit_visual_tools:/home/sazma/ws_future/install/rviz_visual_tools:/home/sazma/ws_future/install/moveit_task_constructor_visualization:/home/sazma/ws_future/install/moveit_task_constructor_demo:/home/sazma/ws_future/install/moveit_task_constructor_capabilities:/home/sazma/ws_future/install/moveit_task_constructor_core:/home/sazma/ws_future/install/rviz_marker_tools:/home/sazma/ws_future/install/pilz_industrial_motion_planner_testutils:/home/sazma/ws_future/install/moveit_runtime:/home/sazma/ws_future/install/moveit:/home/sazma/ws_future/install/kinova_gen3_7dof_robotiq_2f_85_moveit_config:/home/sazma/ws_future/install/kinova_gen3_6dof_robotiq_2f_85_moveit_config:/home/sazma/ws_future/install/moveit_planners:/home/sazma/ws_future/install/pilz_industrial_motion_planner:/home/sazma/ws_future/install/pick_ik:/home/sazma/ws_future/install/moveit_task_constructor_msgs:/home/sazma/ws_future/install/moveit_ros_control_interface:/home/sazma/ws_future/install/moveit_plugins:/home/sazma/ws_future/install/moveit_simple_controller_manager:/home/sazma/ws_future/install/moveit_setup_assistant:/home/sazma/ws_future/install/moveit_setup_srdf_plugins:/home/sazma/ws_future/install/moveit_setup_core_plugins:/home/sazma/ws_future/install/moveit_setup_controllers:/home/sazma/ws_future/install/moveit_setup_app_plugins:/home/sazma/ws_future/install/moveit_setup_framework:/home/sazma/ws_future/install/moveit_servo:/home/sazma/ws_future/install/moveit_ros:/home/sazma/ws_future/install/moveit_ros_visualization:/home/sazma/ws_future/install/moveit_py:/home/sazma/ws_future/install/moveit_hybrid_planning:/home/sazma/ws_future/install/moveit_ros_planning_interface:/home/sazma/ws_future/install/moveit_ros_benchmarks:/home/sazma/ws_future/install/moveit_ros_warehouse:/home/sazma/ws_future/install/moveit_ros_robot_interaction:/home/sazma/ws_future/install/moveit_ros_perception:/home/sazma/ws_future/install/moveit_resources_prbt_pg70_support:/home/sazma/ws_future/install/moveit_resources_prbt_moveit_config:/home/sazma/ws_future/install/moveit_ros_move_group:/home/sazma/ws_future/install/moveit_planners_ompl:/home/sazma/ws_future/install/moveit_kinematics:/home/sazma/ws_future/install/moveit_ros_planning:/home/sazma/ws_future/install/moveit_ros_occupancy_map_monitor:/home/sazma/ws_future/install/moveit_resources_prbt_support:/home/sazma/ws_future/install/moveit_resources_prbt_ikfast_manipulator_plugin:/home/sazma/ws_future/install/moveit_resources:/home/sazma/ws_future/install/moveit_resources_pr2_description:/home/sazma/ws_future/install/moveit_resources_panda_moveit_config:/home/sazma/ws_future/install/dual_arm_panda_moveit_config:/home/sazma/ws_future/install/moveit_resources_panda_description:/home/sazma/ws_future/install/moveit_resources_fanuc_moveit_config:/home/sazma/ws_future/install/moveit_resources_fanuc_description:/home/sazma/ws_future/install/moveit_planners_stomp:/home/sazma/ws_future/install/moveit_planners_chomp:/home/sazma/ws_future/install/moveit_chomp_optimizer_adapter:/home/sazma/ws_future/install/chomp_motion_planner:/home/sazma/ws_future/install/moveit_core:/home/sazma/ws_future/install/moveit_msgs:/home/sazma/ws_future/install/moveit_configs_utils:/home/sazma/ws_future/install/moveit_common:/home/sazma/ws_future/install/kortex_bringup:/home/sazma/ws_future/install/kortex_driver:/home/sazma/ws_future/install/kortex_description:/home/sazma/ws_future/install/kortex_api:/opt/ros/humble /usr/bin/cmake --install /home/sazma/ws_future/build/tm_msgs
[8.231s] -- Install configuration: ""
[8.231s] -- Up-to-date: /home/sazma/ws_future/install/tm_msgs/share/ament_index/resource_index/rosidl_interfaces/tm_msgs
[8.231s] -- Up-to-date: /home/sazma/ws_future/install/tm_msgs/include/tm_msgs/tm_msgs
[8.232s] -- Up-to-date: /home/sazma/ws_future/install/tm_msgs/include/tm_msgs/tm_msgs/msg
[8.232s] -- Up-to-date: /home/sazma/ws_future/install/tm_msgs/include/tm_msgs/tm_msgs/msg/rosidl_generator_c__visibility_control.h
[8.232s] -- Up-to-date: /home/sazma/ws_future/install/tm_msgs/include/tm_msgs/tm_msgs/msg/feedback_state.h
[8.232s] -- Up-to-date: /home/sazma/ws_future/install/tm_msgs/include/tm_msgs/tm_msgs/msg/detail
[8.232s] -- Up-to-date: /home/sazma/ws_future/install/tm_msgs/include/tm_msgs/tm_msgs/msg/detail/sta_response__type_support.h
[8.232s] -- Up-to-date: /home/sazma/ws_future/install/tm_msgs/include/tm_msgs/tm_msgs/msg/detail/svr_response__type_support.h
[8.232s] -- Up-to-date: /home/sazma/ws_future/install/tm_msgs/include/tm_msgs/tm_msgs/msg/detail/sct_response__type_support.h
[8.232s] -- Up-to-date: /home/sazma/ws_future/install/tm_msgs/include/tm_msgs/tm_msgs/msg/detail/sct_response__struct.h
[8.232s] -- Up-to-date: /home/sazma/ws_future/install/tm_msgs/include/tm_msgs/tm_msgs/msg/detail/feedback_state__functions.h
[8.233s] -- Up-to-date: /home/sazma/ws_future/install/tm_msgs/include/tm_msgs/tm_msgs/msg/detail/svr_response__functions.h
[8.233s] -- Up-to-date: /home/sazma/ws_future/install/tm_msgs/include/tm_msgs/tm_msgs/msg/detail/svr_response__functions.c
[8.233s] -- Up-to-date: /home/sazma/ws_future/install/tm_msgs/include/tm_msgs/tm_msgs/msg/detail/sct_response__functions.h
[8.233s] -- Up-to-date: /home/sazma/ws_future/install/tm_msgs/include/tm_msgs/tm_msgs/msg/detail/sta_response__struct.h
[8.233s] -- Up-to-date: /home/sazma/ws_future/install/tm_msgs/include/tm_msgs/tm_msgs/msg/detail/svr_response__struct.h
[8.233s] -- Up-to-date: /home/sazma/ws_future/install/tm_msgs/include/tm_msgs/tm_msgs/msg/detail/sta_response__functions.c
[8.233s] -- Up-to-date: /home/sazma/ws_future/install/tm_msgs/include/tm_msgs/tm_msgs/msg/detail/feedback_state__type_support.h
[8.233s] -- Up-to-date: /home/sazma/ws_future/install/tm_msgs/include/tm_msgs/tm_msgs/msg/detail/feedback_state__struct.h
[8.233s] -- Up-to-date: /home/sazma/ws_future/install/tm_msgs/include/tm_msgs/tm_msgs/msg/detail/sct_response__functions.c
[8.233s] -- Up-to-date: /home/sazma/ws_future/install/tm_msgs/include/tm_msgs/tm_msgs/msg/detail/sta_response__functions.h
[8.233s] -- Up-to-date: /home/sazma/ws_future/install/tm_msgs/include/tm_msgs/tm_msgs/msg/detail/feedback_state__functions.c
[8.234s] -- Up-to-date: /home/sazma/ws_future/install/tm_msgs/include/tm_msgs/tm_msgs/msg/sct_response.h
[8.234s] -- Up-to-date: /home/sazma/ws_future/install/tm_msgs/include/tm_msgs/tm_msgs/msg/svr_response.h
[8.234s] -- Up-to-date: /home/sazma/ws_future/install/tm_msgs/include/tm_msgs/tm_msgs/msg/sta_response.h
[8.234s] -- Up-to-date: /home/sazma/ws_future/install/tm_msgs/include/tm_msgs/tm_msgs/srv
[8.234s] -- Up-to-date: /home/sazma/ws_future/install/tm_msgs/include/tm_msgs/tm_msgs/srv/send_script.h
[8.234s] -- Up-to-date: /home/sazma/ws_future/install/tm_msgs/include/tm_msgs/tm_msgs/srv/detail
[8.234s] -- Up-to-date: /home/sazma/ws_future/install/tm_msgs/include/tm_msgs/tm_msgs/srv/detail/ask_sta__functions.c
[8.234s] -- Up-to-date: /home/sazma/ws_future/install/tm_msgs/include/tm_msgs/tm_msgs/srv/detail/set_io__type_support.h
[8.234s] -- Up-to-date: /home/sazma/ws_future/install/tm_msgs/include/tm_msgs/tm_msgs/srv/detail/ask_sta__type_support.h
[8.234s] -- Up-to-date: /home/sazma/ws_future/install/tm_msgs/include/tm_msgs/tm_msgs/srv/detail/connect_tm__type_support.h
[8.235s] -- Up-to-date: /home/sazma/ws_future/install/tm_msgs/include/tm_msgs/tm_msgs/srv/detail/ask_sta__struct.h
[8.235s] -- Up-to-date: /home/sazma/ws_future/install/tm_msgs/include/tm_msgs/tm_msgs/srv/detail/ask_sta__functions.h
[8.235s] -- Up-to-date: /home/sazma/ws_future/install/tm_msgs/include/tm_msgs/tm_msgs/srv/detail/write_item__type_support.h
[8.235s] -- Up-to-date: /home/sazma/ws_future/install/tm_msgs/include/tm_msgs/tm_msgs/srv/detail/set_positions__functions.h
[8.235s] -- Up-to-date: /home/sazma/ws_future/install/tm_msgs/include/tm_msgs/tm_msgs/srv/detail/ask_item__type_support.h
[8.235s] -- Up-to-date: /home/sazma/ws_future/install/tm_msgs/include/tm_msgs/tm_msgs/srv/detail/set_event__type_support.h
[8.235s] -- Up-to-date: /home/sazma/ws_future/install/tm_msgs/include/tm_msgs/tm_msgs/srv/detail/connect_tm__struct.h
[8.235s] -- Up-to-date: /home/sazma/ws_future/install/tm_msgs/include/tm_msgs/tm_msgs/srv/detail/set_positions__functions.c
[8.235s] -- Up-to-date: /home/sazma/ws_future/install/tm_msgs/include/tm_msgs/tm_msgs/srv/detail/set_io__functions.c
[8.235s] -- Up-to-date: /home/sazma/ws_future/install/tm_msgs/include/tm_msgs/tm_msgs/srv/detail/send_script__struct.h
[8.236s] -- Up-to-date: /home/sazma/ws_future/install/tm_msgs/include/tm_msgs/tm_msgs/srv/detail/set_event__struct.h
[8.236s] -- Up-to-date: /home/sazma/ws_future/install/tm_msgs/include/tm_msgs/tm_msgs/srv/detail/write_item__struct.h
[8.236s] -- Up-to-date: /home/sazma/ws_future/install/tm_msgs/include/tm_msgs/tm_msgs/srv/detail/write_item__functions.h
[8.240s] -- Up-to-date: /home/sazma/ws_future/install/tm_msgs/include/tm_msgs/tm_msgs/srv/detail/ask_item__struct.h
[8.240s] -- Up-to-date: /home/sazma/ws_future/install/tm_msgs/include/tm_msgs/tm_msgs/srv/detail/set_io__struct.h
[8.240s] -- Up-to-date: /home/sazma/ws_future/install/tm_msgs/include/tm_msgs/tm_msgs/srv/detail/ask_item__functions.c
[8.240s] -- Up-to-date: /home/sazma/ws_future/install/tm_msgs/include/tm_msgs/tm_msgs/srv/detail/connect_tm__functions.c
[8.241s] -- Up-to-date: /home/sazma/ws_future/install/tm_msgs/include/tm_msgs/tm_msgs/srv/detail/set_event__functions.c
[8.241s] -- Up-to-date: /home/sazma/ws_future/install/tm_msgs/include/tm_msgs/tm_msgs/srv/detail/ask_item__functions.h
[8.241s] -- Up-to-date: /home/sazma/ws_future/install/tm_msgs/include/tm_msgs/tm_msgs/srv/detail/set_positions__type_support.h
[8.241s] -- Up-to-date: /home/sazma/ws_future/install/tm_msgs/include/tm_msgs/tm_msgs/srv/detail/write_item__functions.c
[8.241s] -- Up-to-date: /home/sazma/ws_future/install/tm_msgs/include/tm_msgs/tm_msgs/srv/detail/set_event__functions.h
[8.241s] -- Up-to-date: /home/sazma/ws_future/install/tm_msgs/include/tm_msgs/tm_msgs/srv/detail/send_script__functions.h
[8.241s] -- Up-to-date: /home/sazma/ws_future/install/tm_msgs/include/tm_msgs/tm_msgs/srv/detail/set_positions__struct.h
[8.241s] -- Up-to-date: /home/sazma/ws_future/install/tm_msgs/include/tm_msgs/tm_msgs/srv/detail/send_script__functions.c
[8.241s] -- Up-to-date: /home/sazma/ws_future/install/tm_msgs/include/tm_msgs/tm_msgs/srv/detail/set_io__functions.h
[8.241s] -- Up-to-date: /home/sazma/ws_future/install/tm_msgs/include/tm_msgs/tm_msgs/srv/detail/send_script__type_support.h
[8.242s] -- Up-to-date: /home/sazma/ws_future/install/tm_msgs/include/tm_msgs/tm_msgs/srv/detail/connect_tm__functions.h
[8.242s] -- Up-to-date: /home/sazma/ws_future/install/tm_msgs/include/tm_msgs/tm_msgs/srv/write_item.h
[8.242s] -- Up-to-date: /home/sazma/ws_future/install/tm_msgs/include/tm_msgs/tm_msgs/srv/set_io.h
[8.242s] -- Up-to-date: /home/sazma/ws_future/install/tm_msgs/include/tm_msgs/tm_msgs/srv/ask_sta.h
[8.242s] -- Up-to-date: /home/sazma/ws_future/install/tm_msgs/include/tm_msgs/tm_msgs/srv/set_event.h
[8.242s] -- Up-to-date: /home/sazma/ws_future/install/tm_msgs/include/tm_msgs/tm_msgs/srv/connect_tm.h
[8.242s] -- Up-to-date: /home/sazma/ws_future/install/tm_msgs/include/tm_msgs/tm_msgs/srv/ask_item.h
[8.242s] -- Up-to-date: /home/sazma/ws_future/install/tm_msgs/include/tm_msgs/tm_msgs/srv/set_positions.h
[8.242s] -- Up-to-date: /home/sazma/ws_future/install/tm_msgs/share/tm_msgs/environment/library_path.sh
[8.242s] -- Up-to-date: /home/sazma/ws_future/install/tm_msgs/share/tm_msgs/environment/library_path.dsv
[8.242s] -- Up-to-date: /home/sazma/ws_future/install/tm_msgs/lib/libtm_msgs__rosidl_generator_c.so
[8.243s] -- Up-to-date: /home/sazma/ws_future/install/tm_msgs/include/tm_msgs/tm_msgs
[8.243s] -- Up-to-date: /home/sazma/ws_future/install/tm_msgs/include/tm_msgs/tm_msgs/msg
[8.243s] -- Up-to-date: /home/sazma/ws_future/install/tm_msgs/include/tm_msgs/tm_msgs/msg/detail
[8.243s] -- Up-to-date: /home/sazma/ws_future/install/tm_msgs/include/tm_msgs/tm_msgs/msg/detail/svr_response__rosidl_typesupport_fastrtps_c.h
[8.243s] -- Up-to-date: /home/sazma/ws_future/install/tm_msgs/include/tm_msgs/tm_msgs/msg/detail/sta_response__rosidl_typesupport_fastrtps_c.h
[8.243s] -- Up-to-date: /home/sazma/ws_future/install/tm_msgs/include/tm_msgs/tm_msgs/msg/detail/sct_response__rosidl_typesupport_fastrtps_c.h
[8.243s] -- Up-to-date: /home/sazma/ws_future/install/tm_msgs/include/tm_msgs/tm_msgs/msg/detail/feedback_state__rosidl_typesupport_fastrtps_c.h
[8.243s] -- Up-to-date: /home/sazma/ws_future/install/tm_msgs/include/tm_msgs/tm_msgs/msg/rosidl_typesupport_fastrtps_c__visibility_control.h
[8.243s] -- Up-to-date: /home/sazma/ws_future/install/tm_msgs/include/tm_msgs/tm_msgs/srv
[8.243s] -- Up-to-date: /home/sazma/ws_future/install/tm_msgs/include/tm_msgs/tm_msgs/srv/detail
[8.244s] -- Up-to-date: /home/sazma/ws_future/install/tm_msgs/include/tm_msgs/tm_msgs/srv/detail/connect_tm__rosidl_typesupport_fastrtps_c.h
[8.244s] -- Up-to-date: /home/sazma/ws_future/install/tm_msgs/include/tm_msgs/tm_msgs/srv/detail/send_script__rosidl_typesupport_fastrtps_c.h
[8.244s] -- Up-to-date: /home/sazma/ws_future/install/tm_msgs/include/tm_msgs/tm_msgs/srv/detail/set_positions__rosidl_typesupport_fastrtps_c.h
[8.244s] -- Up-to-date: /home/sazma/ws_future/install/tm_msgs/include/tm_msgs/tm_msgs/srv/detail/ask_item__rosidl_typesupport_fastrtps_c.h
[8.248s] -- Up-to-date: /home/sazma/ws_future/install/tm_msgs/include/tm_msgs/tm_msgs/srv/detail/set_event__rosidl_typesupport_fastrtps_c.h
[8.248s] -- Up-to-date: /home/sazma/ws_future/install/tm_msgs/include/tm_msgs/tm_msgs/srv/detail/set_io__rosidl_typesupport_fastrtps_c.h
[8.248s] -- Up-to-date: /home/sazma/ws_future/install/tm_msgs/include/tm_msgs/tm_msgs/srv/detail/ask_sta__rosidl_typesupport_fastrtps_c.h
[8.248s] -- Up-to-date: /home/sazma/ws_future/install/tm_msgs/include/tm_msgs/tm_msgs/srv/detail/write_item__rosidl_typesupport_fastrtps_c.h
[8.249s] -- Up-to-date: /home/sazma/ws_future/install/tm_msgs/lib/libtm_msgs__rosidl_typesupport_fastrtps_c.so
[8.249s] -- Up-to-date: /home/sazma/ws_future/install/tm_msgs/include/tm_msgs/tm_msgs
[8.249s] -- Up-to-date: /home/sazma/ws_future/install/tm_msgs/include/tm_msgs/tm_msgs/msg
[8.249s] -- Up-to-date: /home/sazma/ws_future/install/tm_msgs/include/tm_msgs/tm_msgs/msg/sct_response.hpp
[8.249s] -- Up-to-date: /home/sazma/ws_future/install/tm_msgs/include/tm_msgs/tm_msgs/msg/detail
[8.249s] -- Up-to-date: /home/sazma/ws_future/install/tm_msgs/include/tm_msgs/tm_msgs/msg/detail/sct_response__builder.hpp
[8.249s] -- Up-to-date: /home/sazma/ws_future/install/tm_msgs/include/tm_msgs/tm_msgs/msg/detail/sct_response__struct.hpp
[8.249s] -- Up-to-date: /home/sazma/ws_future/install/tm_msgs/include/tm_msgs/tm_msgs/msg/detail/sta_response__traits.hpp
[8.249s] -- Up-to-date: /home/sazma/ws_future/install/tm_msgs/include/tm_msgs/tm_msgs/msg/detail/svr_response__builder.hpp
[8.249s] -- Up-to-date: /home/sazma/ws_future/install/tm_msgs/include/tm_msgs/tm_msgs/msg/detail/feedback_state__traits.hpp
[8.249s] -- Up-to-date: /home/sazma/ws_future/install/tm_msgs/include/tm_msgs/tm_msgs/msg/detail/svr_response__struct.hpp
[8.250s] -- Up-to-date: /home/sazma/ws_future/install/tm_msgs/include/tm_msgs/tm_msgs/msg/detail/feedback_state__struct.hpp
[8.250s] -- Up-to-date: /home/sazma/ws_future/install/tm_msgs/include/tm_msgs/tm_msgs/msg/detail/feedback_state__builder.hpp
[8.250s] -- Up-to-date: /home/sazma/ws_future/install/tm_msgs/include/tm_msgs/tm_msgs/msg/detail/sta_response__struct.hpp
[8.250s] -- Up-to-date: /home/sazma/ws_future/install/tm_msgs/include/tm_msgs/tm_msgs/msg/detail/sct_response__traits.hpp
[8.250s] -- Up-to-date: /home/sazma/ws_future/install/tm_msgs/include/tm_msgs/tm_msgs/msg/detail/sta_response__builder.hpp
[8.250s] -- Up-to-date: /home/sazma/ws_future/install/tm_msgs/include/tm_msgs/tm_msgs/msg/detail/svr_response__traits.hpp
[8.250s] -- Up-to-date: /home/sazma/ws_future/install/tm_msgs/include/tm_msgs/tm_msgs/msg/feedback_state.hpp
[8.250s] -- Up-to-date: /home/sazma/ws_future/install/tm_msgs/include/tm_msgs/tm_msgs/msg/svr_response.hpp
[8.250s] -- Up-to-date: /home/sazma/ws_future/install/tm_msgs/include/tm_msgs/tm_msgs/msg/sta_response.hpp
[8.250s] -- Up-to-date: /home/sazma/ws_future/install/tm_msgs/include/tm_msgs/tm_msgs/srv
[8.250s] -- Up-to-date: /home/sazma/ws_future/install/tm_msgs/include/tm_msgs/tm_msgs/srv/set_positions.hpp
[8.251s] -- Up-to-date: /home/sazma/ws_future/install/tm_msgs/include/tm_msgs/tm_msgs/srv/set_io.hpp
[8.251s] -- Up-to-date: /home/sazma/ws_future/install/tm_msgs/include/tm_msgs/tm_msgs/srv/ask_item.hpp
[8.251s] -- Up-to-date: /home/sazma/ws_future/install/tm_msgs/include/tm_msgs/tm_msgs/srv/detail
[8.251s] -- Up-to-date: /home/sazma/ws_future/install/tm_msgs/include/tm_msgs/tm_msgs/srv/detail/set_positions__traits.hpp
[8.251s] -- Up-to-date: /home/sazma/ws_future/install/tm_msgs/include/tm_msgs/tm_msgs/srv/detail/send_script__traits.hpp
[8.251s] -- Up-to-date: /home/sazma/ws_future/install/tm_msgs/include/tm_msgs/tm_msgs/srv/detail/set_io__struct.hpp
[8.251s] -- Up-to-date: /home/sazma/ws_future/install/tm_msgs/include/tm_msgs/tm_msgs/srv/detail/ask_sta__struct.hpp
[8.251s] -- Up-to-date: /home/sazma/ws_future/install/tm_msgs/include/tm_msgs/tm_msgs/srv/detail/ask_item__traits.hpp
[8.251s] -- Up-to-date: /home/sazma/ws_future/install/tm_msgs/include/tm_msgs/tm_msgs/srv/detail/set_event__traits.hpp
[8.251s] -- Up-to-date: /home/sazma/ws_future/install/tm_msgs/include/tm_msgs/tm_msgs/srv/detail/set_event__builder.hpp
[8.251s] -- Up-to-date: /home/sazma/ws_future/install/tm_msgs/include/tm_msgs/tm_msgs/srv/detail/connect_tm__traits.hpp
[8.252s] -- Up-to-date: /home/sazma/ws_future/install/tm_msgs/include/tm_msgs/tm_msgs/srv/detail/connect_tm__struct.hpp
[8.252s] -- Up-to-date: /home/sazma/ws_future/install/tm_msgs/include/tm_msgs/tm_msgs/srv/detail/send_script__struct.hpp
[8.252s] -- Up-to-date: /home/sazma/ws_future/install/tm_msgs/include/tm_msgs/tm_msgs/srv/detail/ask_sta__builder.hpp
[8.252s] -- Up-to-date: /home/sazma/ws_future/install/tm_msgs/include/tm_msgs/tm_msgs/srv/detail/connect_tm__builder.hpp
[8.269s] -- Up-to-date: /home/sazma/ws_future/install/tm_msgs/include/tm_msgs/tm_msgs/srv/detail/set_event__struct.hpp
[8.276s] -- Up-to-date: /home/sazma/ws_future/install/tm_msgs/include/tm_msgs/tm_msgs/srv/detail/write_item__builder.hpp
[8.276s] -- Up-to-date: /home/sazma/ws_future/install/tm_msgs/include/tm_msgs/tm_msgs/srv/detail/write_item__traits.hpp
[8.276s] -- Up-to-date: /home/sazma/ws_future/install/tm_msgs/include/tm_msgs/tm_msgs/srv/detail/write_item__struct.hpp
[8.276s] -- Up-to-date: /home/sazma/ws_future/install/tm_msgs/include/tm_msgs/tm_msgs/srv/detail/ask_sta__traits.hpp
[8.276s] -- Up-to-date: /home/sazma/ws_future/install/tm_msgs/include/tm_msgs/tm_msgs/srv/detail/set_io__builder.hpp
[8.277s] -- Up-to-date: /home/sazma/ws_future/install/tm_msgs/include/tm_msgs/tm_msgs/srv/detail/set_positions__builder.hpp
[8.277s] -- Up-to-date: /home/sazma/ws_future/install/tm_msgs/include/tm_msgs/tm_msgs/srv/detail/ask_item__builder.hpp
[8.277s] -- Up-to-date: /home/sazma/ws_future/install/tm_msgs/include/tm_msgs/tm_msgs/srv/detail/ask_item__struct.hpp
[8.277s] -- Up-to-date: /home/sazma/ws_future/install/tm_msgs/include/tm_msgs/tm_msgs/srv/detail/send_script__builder.hpp
[8.277s] -- Up-to-date: /home/sazma/ws_future/install/tm_msgs/include/tm_msgs/tm_msgs/srv/detail/set_io__traits.hpp
[8.277s] -- Up-to-date: /home/sazma/ws_future/install/tm_msgs/include/tm_msgs/tm_msgs/srv/detail/set_positions__struct.hpp
[8.277s] -- Up-to-date: /home/sazma/ws_future/install/tm_msgs/include/tm_msgs/tm_msgs/srv/connect_tm.hpp
[8.277s] -- Up-to-date: /home/sazma/ws_future/install/tm_msgs/include/tm_msgs/tm_msgs/srv/send_script.hpp
[8.277s] -- Up-to-date: /home/sazma/ws_future/install/tm_msgs/include/tm_msgs/tm_msgs/srv/ask_sta.hpp
[8.277s] -- Up-to-date: /home/sazma/ws_future/install/tm_msgs/include/tm_msgs/tm_msgs/srv/set_event.hpp
[8.278s] -- Up-to-date: /home/sazma/ws_future/install/tm_msgs/include/tm_msgs/tm_msgs/srv/write_item.hpp
[8.278s] -- Up-to-date: /home/sazma/ws_future/install/tm_msgs/include/tm_msgs/tm_msgs
[8.278s] -- Up-to-date: /home/sazma/ws_future/install/tm_msgs/include/tm_msgs/tm_msgs/msg
[8.278s] -- Up-to-date: /home/sazma/ws_future/install/tm_msgs/include/tm_msgs/tm_msgs/msg/detail
[8.278s] -- Up-to-date: /home/sazma/ws_future/install/tm_msgs/include/tm_msgs/tm_msgs/msg/detail/svr_response__rosidl_typesupport_fastrtps_cpp.hpp
[8.278s] -- Up-to-date: /home/sazma/ws_future/install/tm_msgs/include/tm_msgs/tm_msgs/msg/detail/feedback_state__rosidl_typesupport_fastrtps_cpp.hpp
[8.278s] -- Up-to-date: /home/sazma/ws_future/install/tm_msgs/include/tm_msgs/tm_msgs/msg/detail/sta_response__rosidl_typesupport_fastrtps_cpp.hpp
[8.278s] -- Up-to-date: /home/sazma/ws_future/install/tm_msgs/include/tm_msgs/tm_msgs/msg/detail/sct_response__rosidl_typesupport_fastrtps_cpp.hpp
[8.278s] -- Up-to-date: /home/sazma/ws_future/install/tm_msgs/include/tm_msgs/tm_msgs/msg/detail/dds_fastrtps
[8.278s] -- Up-to-date: /home/sazma/ws_future/install/tm_msgs/include/tm_msgs/tm_msgs/msg/rosidl_typesupport_fastrtps_cpp__visibility_control.h
[8.278s] -- Up-to-date: /home/sazma/ws_future/install/tm_msgs/include/tm_msgs/tm_msgs/srv
[8.279s] -- Up-to-date: /home/sazma/ws_future/install/tm_msgs/include/tm_msgs/tm_msgs/srv/detail
[8.279s] -- Up-to-date: /home/sazma/ws_future/install/tm_msgs/include/tm_msgs/tm_msgs/srv/detail/ask_sta__rosidl_typesupport_fastrtps_cpp.hpp
[8.279s] -- Up-to-date: /home/sazma/ws_future/install/tm_msgs/include/tm_msgs/tm_msgs/srv/detail/set_event__rosidl_typesupport_fastrtps_cpp.hpp
[8.279s] -- Up-to-date: /home/sazma/ws_future/install/tm_msgs/include/tm_msgs/tm_msgs/srv/detail/set_io__rosidl_typesupport_fastrtps_cpp.hpp
[8.279s] -- Up-to-date: /home/sazma/ws_future/install/tm_msgs/include/tm_msgs/tm_msgs/srv/detail/send_script__rosidl_typesupport_fastrtps_cpp.hpp
[8.279s] -- Up-to-date: /home/sazma/ws_future/install/tm_msgs/include/tm_msgs/tm_msgs/srv/detail/connect_tm__rosidl_typesupport_fastrtps_cpp.hpp
[8.279s] -- Up-to-date: /home/sazma/ws_future/install/tm_msgs/include/tm_msgs/tm_msgs/srv/detail/set_positions__rosidl_typesupport_fastrtps_cpp.hpp
[8.279s] -- Up-to-date: /home/sazma/ws_future/install/tm_msgs/include/tm_msgs/tm_msgs/srv/detail/write_item__rosidl_typesupport_fastrtps_cpp.hpp
[8.279s] -- Up-to-date: /home/sazma/ws_future/install/tm_msgs/include/tm_msgs/tm_msgs/srv/detail/ask_item__rosidl_typesupport_fastrtps_cpp.hpp
[8.279s] -- Up-to-date: /home/sazma/ws_future/install/tm_msgs/include/tm_msgs/tm_msgs/srv/detail/dds_fastrtps
[8.280s] -- Up-to-date: /home/sazma/ws_future/install/tm_msgs/lib/libtm_msgs__rosidl_typesupport_fastrtps_cpp.so
[8.280s] -- Up-to-date: /home/sazma/ws_future/install/tm_msgs/include/tm_msgs/tm_msgs
[8.280s] -- Up-to-date: /home/sazma/ws_future/install/tm_msgs/include/tm_msgs/tm_msgs/msg
[8.280s] -- Up-to-date: /home/sazma/ws_future/install/tm_msgs/include/tm_msgs/tm_msgs/msg/detail
[8.290s] -- Up-to-date: /home/sazma/ws_future/install/tm_msgs/include/tm_msgs/tm_msgs/msg/detail/sta_response__type_support.c
[8.291s] -- Up-to-date: /home/sazma/ws_future/install/tm_msgs/include/tm_msgs/tm_msgs/msg/detail/feedback_state__type_support.c
[8.291s] -- Up-to-date: /home/sazma/ws_future/install/tm_msgs/include/tm_msgs/tm_msgs/msg/detail/sct_response__rosidl_typesupport_introspection_c.h
[8.291s] -- Up-to-date: /home/sazma/ws_future/install/tm_msgs/include/tm_msgs/tm_msgs/msg/detail/sta_response__rosidl_typesupport_introspection_c.h
[8.291s] -- Up-to-date: /home/sazma/ws_future/install/tm_msgs/include/tm_msgs/tm_msgs/msg/detail/svr_response__type_support.c
[8.291s] -- Up-to-date: /home/sazma/ws_future/install/tm_msgs/include/tm_msgs/tm_msgs/msg/detail/sct_response__type_support.c
[8.291s] -- Up-to-date: /home/sazma/ws_future/install/tm_msgs/include/tm_msgs/tm_msgs/msg/detail/svr_response__rosidl_typesupport_introspection_c.h
[8.291s] -- Up-to-date: /home/sazma/ws_future/install/tm_msgs/include/tm_msgs/tm_msgs/msg/detail/feedback_state__rosidl_typesupport_introspection_c.h
[8.291s] -- Up-to-date: /home/sazma/ws_future/install/tm_msgs/include/tm_msgs/tm_msgs/msg/rosidl_typesupport_introspection_c__visibility_control.h
[8.291s] -- Up-to-date: /home/sazma/ws_future/install/tm_msgs/include/tm_msgs/tm_msgs/srv
[8.328s] -- Up-to-date: /home/sazma/ws_future/install/tm_msgs/include/tm_msgs/tm_msgs/srv/detail
[8.328s] -- Up-to-date: /home/sazma/ws_future/install/tm_msgs/include/tm_msgs/tm_msgs/srv/detail/set_positions__rosidl_typesupport_introspection_c.h
[8.329s] -- Up-to-date: /home/sazma/ws_future/install/tm_msgs/include/tm_msgs/tm_msgs/srv/detail/write_item__rosidl_typesupport_introspection_c.h
[8.329s] -- Up-to-date: /home/sazma/ws_future/install/tm_msgs/include/tm_msgs/tm_msgs/srv/detail/set_event__type_support.c
[8.329s] -- Up-to-date: /home/sazma/ws_future/install/tm_msgs/include/tm_msgs/tm_msgs/srv/detail/connect_tm__type_support.c
[8.329s] -- Up-to-date: /home/sazma/ws_future/install/tm_msgs/include/tm_msgs/tm_msgs/srv/detail/set_event__rosidl_typesupport_introspection_c.h
[8.329s] -- Up-to-date: /home/sazma/ws_future/install/tm_msgs/include/tm_msgs/tm_msgs/srv/detail/set_io__rosidl_typesupport_introspection_c.h
[8.329s] -- Up-to-date: /home/sazma/ws_future/install/tm_msgs/include/tm_msgs/tm_msgs/srv/detail/send_script__rosidl_typesupport_introspection_c.h
[8.329s] -- Up-to-date: /home/sazma/ws_future/install/tm_msgs/include/tm_msgs/tm_msgs/srv/detail/connect_tm__rosidl_typesupport_introspection_c.h
[8.329s] -- Up-to-date: /home/sazma/ws_future/install/tm_msgs/include/tm_msgs/tm_msgs/srv/detail/ask_item__rosidl_typesupport_introspection_c.h
[8.330s] -- Up-to-date: /home/sazma/ws_future/install/tm_msgs/include/tm_msgs/tm_msgs/srv/detail/write_item__type_support.c
[8.330s] -- Up-to-date: /home/sazma/ws_future/install/tm_msgs/include/tm_msgs/tm_msgs/srv/detail/send_script__type_support.c
[8.330s] -- Up-to-date: /home/sazma/ws_future/install/tm_msgs/include/tm_msgs/tm_msgs/srv/detail/ask_sta__rosidl_typesupport_introspection_c.h
[8.330s] -- Up-to-date: /home/sazma/ws_future/install/tm_msgs/include/tm_msgs/tm_msgs/srv/detail/ask_item__type_support.c
[8.330s] -- Up-to-date: /home/sazma/ws_future/install/tm_msgs/include/tm_msgs/tm_msgs/srv/detail/set_positions__type_support.c
[8.330s] -- Up-to-date: /home/sazma/ws_future/install/tm_msgs/include/tm_msgs/tm_msgs/srv/detail/ask_sta__type_support.c
[8.330s] -- Up-to-date: /home/sazma/ws_future/install/tm_msgs/include/tm_msgs/tm_msgs/srv/detail/set_io__type_support.c
[8.330s] -- Up-to-date: /home/sazma/ws_future/install/tm_msgs/lib/libtm_msgs__rosidl_typesupport_introspection_c.so
[8.330s] -- Up-to-date: /home/sazma/ws_future/install/tm_msgs/lib/libtm_msgs__rosidl_typesupport_c.so
[8.331s] -- Up-to-date: /home/sazma/ws_future/install/tm_msgs/include/tm_msgs/tm_msgs
[8.331s] -- Up-to-date: /home/sazma/ws_future/install/tm_msgs/include/tm_msgs/tm_msgs/msg
[8.331s] -- Up-to-date: /home/sazma/ws_future/install/tm_msgs/include/tm_msgs/tm_msgs/msg/detail
[8.331s] -- Up-to-date: /home/sazma/ws_future/install/tm_msgs/include/tm_msgs/tm_msgs/msg/detail/sct_response__rosidl_typesupport_introspection_cpp.hpp
[8.331s] -- Up-to-date: /home/sazma/ws_future/install/tm_msgs/include/tm_msgs/tm_msgs/msg/detail/svr_response__rosidl_typesupport_introspection_cpp.hpp
[8.331s] -- Up-to-date: /home/sazma/ws_future/install/tm_msgs/include/tm_msgs/tm_msgs/msg/detail/sct_response__type_support.cpp
[8.331s] -- Up-to-date: /home/sazma/ws_future/install/tm_msgs/include/tm_msgs/tm_msgs/msg/detail/sta_response__rosidl_typesupport_introspection_cpp.hpp
[8.331s] -- Up-to-date: /home/sazma/ws_future/install/tm_msgs/include/tm_msgs/tm_msgs/msg/detail/sta_response__type_support.cpp
[8.332s] -- Up-to-date: /home/sazma/ws_future/install/tm_msgs/include/tm_msgs/tm_msgs/msg/detail/svr_response__type_support.cpp
[8.332s] -- Up-to-date: /home/sazma/ws_future/install/tm_msgs/include/tm_msgs/tm_msgs/msg/detail/feedback_state__rosidl_typesupport_introspection_cpp.hpp
[8.332s] -- Up-to-date: /home/sazma/ws_future/install/tm_msgs/include/tm_msgs/tm_msgs/msg/detail/feedback_state__type_support.cpp
[8.444s] -- Up-to-date: /home/sazma/ws_future/install/tm_msgs/include/tm_msgs/tm_msgs/srv
[8.445s] -- Up-to-date: /home/sazma/ws_future/install/tm_msgs/include/tm_msgs/tm_msgs/srv/detail
[8.445s] -- Up-to-date: /home/sazma/ws_future/install/tm_msgs/include/tm_msgs/tm_msgs/srv/detail/set_positions__type_support.cpp
[8.445s] -- Up-to-date: /home/sazma/ws_future/install/tm_msgs/include/tm_msgs/tm_msgs/srv/detail/ask_sta__type_support.cpp
[8.445s] -- Up-to-date: /home/sazma/ws_future/install/tm_msgs/include/tm_msgs/tm_msgs/srv/detail/send_script__type_support.cpp
[8.445s] -- Up-to-date: /home/sazma/ws_future/install/tm_msgs/include/tm_msgs/tm_msgs/srv/detail/connect_tm__type_support.cpp
[8.445s] -- Up-to-date: /home/sazma/ws_future/install/tm_msgs/include/tm_msgs/tm_msgs/srv/detail/write_item__type_support.cpp
[8.445s] -- Up-to-date: /home/sazma/ws_future/install/tm_msgs/include/tm_msgs/tm_msgs/srv/detail/send_script__rosidl_typesupport_introspection_cpp.hpp
[8.445s] -- Up-to-date: /home/sazma/ws_future/install/tm_msgs/include/tm_msgs/tm_msgs/srv/detail/set_positions__rosidl_typesupport_introspection_cpp.hpp
[8.446s] -- Up-to-date: /home/sazma/ws_future/install/tm_msgs/include/tm_msgs/tm_msgs/srv/detail/write_item__rosidl_typesupport_introspection_cpp.hpp
[8.446s] -- Up-to-date: /home/sazma/ws_future/install/tm_msgs/include/tm_msgs/tm_msgs/srv/detail/ask_sta__rosidl_typesupport_introspection_cpp.hpp
[8.446s] -- Up-to-date: /home/sazma/ws_future/install/tm_msgs/include/tm_msgs/tm_msgs/srv/detail/set_io__rosidl_typesupport_introspection_cpp.hpp
[8.446s] -- Up-to-date: /home/sazma/ws_future/install/tm_msgs/include/tm_msgs/tm_msgs/srv/detail/set_event__type_support.cpp
[8.446s] -- Up-to-date: /home/sazma/ws_future/install/tm_msgs/include/tm_msgs/tm_msgs/srv/detail/connect_tm__rosidl_typesupport_introspection_cpp.hpp
[8.446s] -- Up-to-date: /home/sazma/ws_future/install/tm_msgs/include/tm_msgs/tm_msgs/srv/detail/ask_item__type_support.cpp
[8.446s] -- Up-to-date: /home/sazma/ws_future/install/tm_msgs/include/tm_msgs/tm_msgs/srv/detail/set_io__type_support.cpp
[8.446s] -- Up-to-date: /home/sazma/ws_future/install/tm_msgs/include/tm_msgs/tm_msgs/srv/detail/set_event__rosidl_typesupport_introspection_cpp.hpp
[8.446s] -- Up-to-date: /home/sazma/ws_future/install/tm_msgs/include/tm_msgs/tm_msgs/srv/detail/ask_item__rosidl_typesupport_introspection_cpp.hpp
[8.447s] -- Up-to-date: /home/sazma/ws_future/install/tm_msgs/lib/libtm_msgs__rosidl_typesupport_introspection_cpp.so
[8.447s] -- Up-to-date: /home/sazma/ws_future/install/tm_msgs/lib/libtm_msgs__rosidl_typesupport_cpp.so
[8.447s] -- Up-to-date: /home/sazma/ws_future/install/tm_msgs/share/tm_msgs/environment/pythonpath.sh
[8.447s] -- Up-to-date: /home/sazma/ws_future/install/tm_msgs/share/tm_msgs/environment/pythonpath.dsv
[8.447s] -- Up-to-date: /home/sazma/ws_future/install/tm_msgs/local/lib/python3.10/dist-packages/tm_msgs-1.1.2-py3.10.egg-info
[8.447s] -- Installing: /home/sazma/ws_future/install/tm_msgs/local/lib/python3.10/dist-packages/tm_msgs-1.1.2-py3.10.egg-info/SOURCES.txt
[8.451s] -- Installing: /home/sazma/ws_future/install/tm_msgs/local/lib/python3.10/dist-packages/tm_msgs-1.1.2-py3.10.egg-info/dependency_links.txt
[8.451s] -- Installing: /home/sazma/ws_future/install/tm_msgs/local/lib/python3.10/dist-packages/tm_msgs-1.1.2-py3.10.egg-info/top_level.txt
[8.451s] -- Installing: /home/sazma/ws_future/install/tm_msgs/local/lib/python3.10/dist-packages/tm_msgs-1.1.2-py3.10.egg-info/PKG-INFO
[8.451s] -- Up-to-date: /home/sazma/ws_future/install/tm_msgs/local/lib/python3.10/dist-packages/tm_msgs
[8.452s] -- Up-to-date: /home/sazma/ws_future/install/tm_msgs/local/lib/python3.10/dist-packages/tm_msgs/tm_msgs_s__rosidl_typesupport_fastrtps_c.cpython-310-x86_64-linux-gnu.so
[8.452s] -- Up-to-date: /home/sazma/ws_future/install/tm_msgs/local/lib/python3.10/dist-packages/tm_msgs/libtm_msgs__rosidl_generator_py.so
[8.452s] -- Up-to-date: /home/sazma/ws_future/install/tm_msgs/local/lib/python3.10/dist-packages/tm_msgs/msg
[8.452s] -- Up-to-date: /home/sazma/ws_future/install/tm_msgs/local/lib/python3.10/dist-packages/tm_msgs/msg/_svr_response_s.c
[8.452s] -- Up-to-date: /home/sazma/ws_future/install/tm_msgs/local/lib/python3.10/dist-packages/tm_msgs/msg/_svr_response.py
[8.452s] -- Up-to-date: /home/sazma/ws_future/install/tm_msgs/local/lib/python3.10/dist-packages/tm_msgs/msg/_feedback_state_s.c
[8.452s] -- Up-to-date: /home/sazma/ws_future/install/tm_msgs/local/lib/python3.10/dist-packages/tm_msgs/msg/__init__.py
[8.452s] -- Up-to-date: /home/sazma/ws_future/install/tm_msgs/local/lib/python3.10/dist-packages/tm_msgs/msg/_sta_response.py
[8.452s] -- Up-to-date: /home/sazma/ws_future/install/tm_msgs/local/lib/python3.10/dist-packages/tm_msgs/msg/_sct_response.py
[8.453s] -- Up-to-date: /home/sazma/ws_future/install/tm_msgs/local/lib/python3.10/dist-packages/tm_msgs/msg/_feedback_state.py
[8.453s] -- Up-to-date: /home/sazma/ws_future/install/tm_msgs/local/lib/python3.10/dist-packages/tm_msgs/msg/_sta_response_s.c
[8.453s] -- Up-to-date: /home/sazma/ws_future/install/tm_msgs/local/lib/python3.10/dist-packages/tm_msgs/msg/_sct_response_s.c
[8.453s] -- Up-to-date: /home/sazma/ws_future/install/tm_msgs/local/lib/python3.10/dist-packages/tm_msgs/__init__.py
[8.453s] -- Up-to-date: /home/sazma/ws_future/install/tm_msgs/local/lib/python3.10/dist-packages/tm_msgs/_tm_msgs_s.ep.rosidl_typesupport_introspection_c.c
[8.453s] -- Up-to-date: /home/sazma/ws_future/install/tm_msgs/local/lib/python3.10/dist-packages/tm_msgs/_tm_msgs_s.ep.rosidl_typesupport_fastrtps_c.c
[8.453s] -- Up-to-date: /home/sazma/ws_future/install/tm_msgs/local/lib/python3.10/dist-packages/tm_msgs/tm_msgs_s__rosidl_typesupport_c.cpython-310-x86_64-linux-gnu.so
[8.453s] -- Up-to-date: /home/sazma/ws_future/install/tm_msgs/local/lib/python3.10/dist-packages/tm_msgs/_tm_msgs_s.ep.rosidl_typesupport_c.c
[8.454s] -- Up-to-date: /home/sazma/ws_future/install/tm_msgs/local/lib/python3.10/dist-packages/tm_msgs/srv
[8.454s] -- Up-to-date: /home/sazma/ws_future/install/tm_msgs/local/lib/python3.10/dist-packages/tm_msgs/srv/_write_item.py
[8.454s] -- Up-to-date: /home/sazma/ws_future/install/tm_msgs/local/lib/python3.10/dist-packages/tm_msgs/srv/_connect_tm_s.c
[8.454s] -- Up-to-date: /home/sazma/ws_future/install/tm_msgs/local/lib/python3.10/dist-packages/tm_msgs/srv/_set_event.py
[8.454s] -- Up-to-date: /home/sazma/ws_future/install/tm_msgs/local/lib/python3.10/dist-packages/tm_msgs/srv/_set_io_s.c
[8.454s] -- Up-to-date: /home/sazma/ws_future/install/tm_msgs/local/lib/python3.10/dist-packages/tm_msgs/srv/__init__.py
[8.454s] -- Up-to-date: /home/sazma/ws_future/install/tm_msgs/local/lib/python3.10/dist-packages/tm_msgs/srv/_set_event_s.c
[8.454s] -- Up-to-date: /home/sazma/ws_future/install/tm_msgs/local/lib/python3.10/dist-packages/tm_msgs/srv/_send_script_s.c
[8.454s] -- Up-to-date: /home/sazma/ws_future/install/tm_msgs/local/lib/python3.10/dist-packages/tm_msgs/srv/_set_positions_s.c
[8.455s] -- Up-to-date: /home/sazma/ws_future/install/tm_msgs/local/lib/python3.10/dist-packages/tm_msgs/srv/_set_io.py
[8.455s] -- Up-to-date: /home/sazma/ws_future/install/tm_msgs/local/lib/python3.10/dist-packages/tm_msgs/srv/_ask_sta_s.c
[8.455s] -- Up-to-date: /home/sazma/ws_future/install/tm_msgs/local/lib/python3.10/dist-packages/tm_msgs/srv/_set_positions.py
[8.455s] -- Up-to-date: /home/sazma/ws_future/install/tm_msgs/local/lib/python3.10/dist-packages/tm_msgs/srv/_ask_item_s.c
[8.455s] -- Up-to-date: /home/sazma/ws_future/install/tm_msgs/local/lib/python3.10/dist-packages/tm_msgs/srv/_ask_sta.py
[8.455s] -- Up-to-date: /home/sazma/ws_future/install/tm_msgs/local/lib/python3.10/dist-packages/tm_msgs/srv/_send_script.py
[8.455s] -- Up-to-date: /home/sazma/ws_future/install/tm_msgs/local/lib/python3.10/dist-packages/tm_msgs/srv/_write_item_s.c
[8.455s] -- Up-to-date: /home/sazma/ws_future/install/tm_msgs/local/lib/python3.10/dist-packages/tm_msgs/srv/_connect_tm.py
[8.455s] -- Up-to-date: /home/sazma/ws_future/install/tm_msgs/local/lib/python3.10/dist-packages/tm_msgs/srv/_ask_item.py
[8.456s] -- Up-to-date: /home/sazma/ws_future/install/tm_msgs/local/lib/python3.10/dist-packages/tm_msgs/tm_msgs_s__rosidl_typesupport_introspection_c.cpython-310-x86_64-linux-gnu.so
[8.456s] Listing '/home/sazma/ws_future/install/tm_msgs/local/lib/python3.10/dist-packages/tm_msgs'...
[8.456s] Listing '/home/sazma/ws_future/install/tm_msgs/local/lib/python3.10/dist-packages/tm_msgs/msg'...
[8.457s] Listing '/home/sazma/ws_future/install/tm_msgs/local/lib/python3.10/dist-packages/tm_msgs/srv'...
[8.457s] -- Up-to-date: /home/sazma/ws_future/install/tm_msgs/local/lib/python3.10/dist-packages/tm_msgs/tm_msgs_s__rosidl_typesupport_fastrtps_c.cpython-310-x86_64-linux-gnu.so
[8.457s] -- Up-to-date: /home/sazma/ws_future/install/tm_msgs/local/lib/python3.10/dist-packages/tm_msgs/tm_msgs_s__rosidl_typesupport_introspection_c.cpython-310-x86_64-linux-gnu.so
[8.457s] -- Up-to-date: /home/sazma/ws_future/install/tm_msgs/local/lib/python3.10/dist-packages/tm_msgs/tm_msgs_s__rosidl_typesupport_c.cpython-310-x86_64-linux-gnu.so
[8.457s] -- Up-to-date: /home/sazma/ws_future/install/tm_msgs/lib/libtm_msgs__rosidl_generator_py.so
[8.457s] -- Up-to-date: /home/sazma/ws_future/install/tm_msgs/share/tm_msgs/msg/FeedbackState.idl
[8.457s] -- Up-to-date: /home/sazma/ws_future/install/tm_msgs/share/tm_msgs/msg/SvrResponse.idl
[8.457s] -- Up-to-date: /home/sazma/ws_future/install/tm_msgs/share/tm_msgs/msg/SctResponse.idl
[8.457s] -- Up-to-date: /home/sazma/ws_future/install/tm_msgs/share/tm_msgs/msg/StaResponse.idl
[8.458s] -- Up-to-date: /home/sazma/ws_future/install/tm_msgs/share/tm_msgs/srv/ConnectTM.idl
[8.458s] -- Up-to-date: /home/sazma/ws_future/install/tm_msgs/share/tm_msgs/srv/WriteItem.idl
[8.458s] -- Up-to-date: /home/sazma/ws_future/install/tm_msgs/share/tm_msgs/srv/AskItem.idl
[8.458s] -- Up-to-date: /home/sazma/ws_future/install/tm_msgs/share/tm_msgs/srv/SendScript.idl
[8.458s] -- Up-to-date: /home/sazma/ws_future/install/tm_msgs/share/tm_msgs/srv/SetEvent.idl
[8.458s] -- Up-to-date: /home/sazma/ws_future/install/tm_msgs/share/tm_msgs/srv/SetIO.idl
[8.458s] -- Up-to-date: /home/sazma/ws_future/install/tm_msgs/share/tm_msgs/srv/SetPositions.idl
[8.458s] -- Up-to-date: /home/sazma/ws_future/install/tm_msgs/share/tm_msgs/srv/AskSta.idl
[8.458s] -- Up-to-date: /home/sazma/ws_future/install/tm_msgs/share/tm_msgs/msg/FeedbackState.msg
[8.459s] -- Up-to-date: /home/sazma/ws_future/install/tm_msgs/share/tm_msgs/msg/SvrResponse.msg
[8.459s] -- Up-to-date: /home/sazma/ws_future/install/tm_msgs/share/tm_msgs/msg/SctResponse.msg
[8.459s] -- Up-to-date: /home/sazma/ws_future/install/tm_msgs/share/tm_msgs/msg/StaResponse.msg
[8.459s] -- Up-to-date: /home/sazma/ws_future/install/tm_msgs/share/tm_msgs/srv/ConnectTM.srv
[8.459s] -- Up-to-date: /home/sazma/ws_future/install/tm_msgs/share/tm_msgs/srv/ConnectTM_Request.msg
[8.459s] -- Up-to-date: /home/sazma/ws_future/install/tm_msgs/share/tm_msgs/srv/ConnectTM_Response.msg
[8.459s] -- Up-to-date: /home/sazma/ws_future/install/tm_msgs/share/tm_msgs/srv/WriteItem.srv
[8.459s] -- Up-to-date: /home/sazma/ws_future/install/tm_msgs/share/tm_msgs/srv/WriteItem_Request.msg
[8.460s] -- Up-to-date: /home/sazma/ws_future/install/tm_msgs/share/tm_msgs/srv/WriteItem_Response.msg
[8.460s] -- Up-to-date: /home/sazma/ws_future/install/tm_msgs/share/tm_msgs/srv/AskItem.srv
[8.460s] -- Up-to-date: /home/sazma/ws_future/install/tm_msgs/share/tm_msgs/srv/AskItem_Request.msg
[8.479s] -- Up-to-date: /home/sazma/ws_future/install/tm_msgs/share/tm_msgs/srv/AskItem_Response.msg
[8.479s] -- Up-to-date: /home/sazma/ws_future/install/tm_msgs/share/tm_msgs/srv/SendScript.srv
[8.479s] -- Up-to-date: /home/sazma/ws_future/install/tm_msgs/share/tm_msgs/srv/SendScript_Request.msg
[8.479s] -- Up-to-date: /home/sazma/ws_future/install/tm_msgs/share/tm_msgs/srv/SendScript_Response.msg
[8.480s] -- Up-to-date: /home/sazma/ws_future/install/tm_msgs/share/tm_msgs/srv/SetEvent.srv
[8.480s] -- Up-to-date: /home/sazma/ws_future/install/tm_msgs/share/tm_msgs/srv/SetEvent_Request.msg
[8.480s] -- Up-to-date: /home/sazma/ws_future/install/tm_msgs/share/tm_msgs/srv/SetEvent_Response.msg
[8.480s] -- Up-to-date: /home/sazma/ws_future/install/tm_msgs/share/tm_msgs/srv/SetIO.srv
[8.480s] -- Up-to-date: /home/sazma/ws_future/install/tm_msgs/share/tm_msgs/srv/SetIO_Request.msg
[8.480s] -- Up-to-date: /home/sazma/ws_future/install/tm_msgs/share/tm_msgs/srv/SetIO_Response.msg
[8.480s] -- Up-to-date: /home/sazma/ws_future/install/tm_msgs/share/tm_msgs/srv/SetPositions.srv
[8.480s] -- Up-to-date: /home/sazma/ws_future/install/tm_msgs/share/tm_msgs/srv/SetPositions_Request.msg
[8.480s] -- Up-to-date: /home/sazma/ws_future/install/tm_msgs/share/tm_msgs/srv/SetPositions_Response.msg
[8.480s] -- Up-to-date: /home/sazma/ws_future/install/tm_msgs/share/tm_msgs/srv/AskSta.srv
[8.481s] -- Up-to-date: /home/sazma/ws_future/install/tm_msgs/share/tm_msgs/srv/AskSta_Request.msg
[8.481s] -- Up-to-date: /home/sazma/ws_future/install/tm_msgs/share/tm_msgs/srv/AskSta_Response.msg
[8.481s] -- Up-to-date: /home/sazma/ws_future/install/tm_msgs/share/ament_index/resource_index/package_run_dependencies/tm_msgs
[8.481s] -- Up-to-date: /home/sazma/ws_future/install/tm_msgs/share/ament_index/resource_index/parent_prefix_path/tm_msgs
[8.482s] -- Up-to-date: /home/sazma/ws_future/install/tm_msgs/share/tm_msgs/environment/ament_prefix_path.sh
[8.482s] -- Up-to-date: /home/sazma/ws_future/install/tm_msgs/share/tm_msgs/environment/ament_prefix_path.dsv
[8.482s] -- Up-to-date: /home/sazma/ws_future/install/tm_msgs/share/tm_msgs/environment/path.sh
[8.482s] -- Up-to-date: /home/sazma/ws_future/install/tm_msgs/share/tm_msgs/environment/path.dsv
[8.482s] -- Up-to-date: /home/sazma/ws_future/install/tm_msgs/share/tm_msgs/local_setup.bash
[8.482s] -- Up-to-date: /home/sazma/ws_future/install/tm_msgs/share/tm_msgs/local_setup.sh
[8.482s] -- Up-to-date: /home/sazma/ws_future/install/tm_msgs/share/tm_msgs/local_setup.zsh
[8.482s] -- Up-to-date: /home/sazma/ws_future/install/tm_msgs/share/tm_msgs/local_setup.dsv
[8.482s] -- Up-to-date: /home/sazma/ws_future/install/tm_msgs/share/tm_msgs/package.dsv
[8.483s] -- Up-to-date: /home/sazma/ws_future/install/tm_msgs/share/ament_index/resource_index/packages/tm_msgs
[8.483s] -- Up-to-date: /home/sazma/ws_future/install/tm_msgs/share/tm_msgs/cmake/export_tm_msgs__rosidl_generator_cExport.cmake
[8.483s] -- Up-to-date: /home/sazma/ws_future/install/tm_msgs/share/tm_msgs/cmake/export_tm_msgs__rosidl_generator_cExport-noconfig.cmake
[8.483s] -- Up-to-date: /home/sazma/ws_future/install/tm_msgs/share/tm_msgs/cmake/export_tm_msgs__rosidl_typesupport_fastrtps_cExport.cmake
[8.483s] -- Up-to-date: /home/sazma/ws_future/install/tm_msgs/share/tm_msgs/cmake/export_tm_msgs__rosidl_typesupport_fastrtps_cExport-noconfig.cmake
[8.483s] -- Up-to-date: /home/sazma/ws_future/install/tm_msgs/share/tm_msgs/cmake/export_tm_msgs__rosidl_generator_cppExport.cmake
[8.483s] -- Up-to-date: /home/sazma/ws_future/install/tm_msgs/share/tm_msgs/cmake/export_tm_msgs__rosidl_typesupport_fastrtps_cppExport.cmake
[8.483s] -- Up-to-date: /home/sazma/ws_future/install/tm_msgs/share/tm_msgs/cmake/export_tm_msgs__rosidl_typesupport_fastrtps_cppExport-noconfig.cmake
[8.483s] -- Up-to-date: /home/sazma/ws_future/install/tm_msgs/share/tm_msgs/cmake/tm_msgs__rosidl_typesupport_introspection_cExport.cmake
[8.484s] -- Up-to-date: /home/sazma/ws_future/install/tm_msgs/share/tm_msgs/cmake/tm_msgs__rosidl_typesupport_introspection_cExport-noconfig.cmake
[8.484s] -- Up-to-date: /home/sazma/ws_future/install/tm_msgs/share/tm_msgs/cmake/tm_msgs__rosidl_typesupport_cExport.cmake
[8.484s] -- Up-to-date: /home/sazma/ws_future/install/tm_msgs/share/tm_msgs/cmake/tm_msgs__rosidl_typesupport_cExport-noconfig.cmake
[8.484s] -- Up-to-date: /home/sazma/ws_future/install/tm_msgs/share/tm_msgs/cmake/tm_msgs__rosidl_typesupport_introspection_cppExport.cmake
[8.484s] -- Up-to-date: /home/sazma/ws_future/install/tm_msgs/share/tm_msgs/cmake/tm_msgs__rosidl_typesupport_introspection_cppExport-noconfig.cmake
[8.485s] -- Up-to-date: /home/sazma/ws_future/install/tm_msgs/share/tm_msgs/cmake/tm_msgs__rosidl_typesupport_cppExport.cmake
[8.485s] -- Up-to-date: /home/sazma/ws_future/install/tm_msgs/share/tm_msgs/cmake/tm_msgs__rosidl_typesupport_cppExport-noconfig.cmake
[8.485s] -- Up-to-date: /home/sazma/ws_future/install/tm_msgs/share/tm_msgs/cmake/export_tm_msgs__rosidl_generator_pyExport.cmake
[8.485s] -- Up-to-date: /home/sazma/ws_future/install/tm_msgs/share/tm_msgs/cmake/export_tm_msgs__rosidl_generator_pyExport-noconfig.cmake
[8.485s] -- Up-to-date: /home/sazma/ws_future/install/tm_msgs/share/tm_msgs/cmake/rosidl_cmake-extras.cmake
[8.485s] -- Up-to-date: /home/sazma/ws_future/install/tm_msgs/share/tm_msgs/cmake/ament_cmake_export_dependencies-extras.cmake
[8.485s] -- Up-to-date: /home/sazma/ws_future/install/tm_msgs/share/tm_msgs/cmake/ament_cmake_export_include_directories-extras.cmake
[8.485s] -- Up-to-date: /home/sazma/ws_future/install/tm_msgs/share/tm_msgs/cmake/ament_cmake_export_libraries-extras.cmake
[8.486s] -- Up-to-date: /home/sazma/ws_future/install/tm_msgs/share/tm_msgs/cmake/ament_cmake_export_targets-extras.cmake
[8.486s] -- Up-to-date: /home/sazma/ws_future/install/tm_msgs/share/tm_msgs/cmake/rosidl_cmake_export_typesupport_targets-extras.cmake
[8.486s] -- Up-to-date: /home/sazma/ws_future/install/tm_msgs/share/tm_msgs/cmake/rosidl_cmake_export_typesupport_libraries-extras.cmake
[8.486s] -- Up-to-date: /home/sazma/ws_future/install/tm_msgs/share/tm_msgs/cmake/tm_msgsConfig.cmake
[8.488s] -- Up-to-date: /home/sazma/ws_future/install/tm_msgs/share/tm_msgs/cmake/tm_msgsConfig-version.cmake
[8.508s] -- Up-to-date: /home/sazma/ws_future/install/tm_msgs/share/tm_msgs/package.xml
[8.628s] Invoked command in '/home/sazma/ws_future/build/tm_msgs' returned '0': CMAKE_PREFIX_PATH=/home/sazma/ws_future/install/ui_for_debug_and_demo:/home/sazma/ws_future/install/tm_driver:/home/sazma/ws_future/install/demo:/home/sazma/ws_future/install/tm_msgs:/home/sazma/ws_future/install/tm_moveit_cpp_demo:/home/sazma/ws_future/install/tm_moveit_config_tm5x-900:/home/sazma/ws_future/install/tm_moveit_config_tm5x-700:/home/sazma/ws_future/install/tm_moveit_config_tm5-900:/home/sazma/ws_future/install/tm_moveit_config_tm5-700:/home/sazma/ws_future/install/tm_moveit_config_tm14x:/home/sazma/ws_future/install/tm_moveit_config_tm14:/home/sazma/ws_future/install/tm_moveit_config_tm12x:/home/sazma/ws_future/install/tm_moveit_config_tm12:/home/sazma/ws_future/install/tm_mod_urdf:/home/sazma/ws_future/install/tm_get_status:/home/sazma/ws_future/install/tm_description:/home/sazma/ws_future/install/custom_package:/home/sazma/ws_future/install/techman_robot_msgs:/home/sazma/ws_future/install/moveit2_tutorials:/home/sazma/ws_future/install/moveit_visual_tools:/home/sazma/ws_future/install/rviz_visual_tools:/home/sazma/ws_future/install/moveit_task_constructor_visualization:/home/sazma/ws_future/install/moveit_task_constructor_demo:/home/sazma/ws_future/install/moveit_task_constructor_capabilities:/home/sazma/ws_future/install/moveit_task_constructor_core:/home/sazma/ws_future/install/rviz_marker_tools:/home/sazma/ws_future/install/pilz_industrial_motion_planner_testutils:/home/sazma/ws_future/install/moveit_runtime:/home/sazma/ws_future/install/moveit:/home/sazma/ws_future/install/kinova_gen3_7dof_robotiq_2f_85_moveit_config:/home/sazma/ws_future/install/kinova_gen3_6dof_robotiq_2f_85_moveit_config:/home/sazma/ws_future/install/moveit_planners:/home/sazma/ws_future/install/pilz_industrial_motion_planner:/home/sazma/ws_future/install/pick_ik:/home/sazma/ws_future/install/moveit_task_constructor_msgs:/home/sazma/ws_future/install/moveit_ros_control_interface:/home/sazma/ws_future/install/moveit_plugins:/home/sazma/ws_future/install/moveit_simple_controller_manager:/home/sazma/ws_future/install/moveit_setup_assistant:/home/sazma/ws_future/install/moveit_setup_srdf_plugins:/home/sazma/ws_future/install/moveit_setup_core_plugins:/home/sazma/ws_future/install/moveit_setup_controllers:/home/sazma/ws_future/install/moveit_setup_app_plugins:/home/sazma/ws_future/install/moveit_setup_framework:/home/sazma/ws_future/install/moveit_servo:/home/sazma/ws_future/install/moveit_ros:/home/sazma/ws_future/install/moveit_ros_visualization:/home/sazma/ws_future/install/moveit_py:/home/sazma/ws_future/install/moveit_hybrid_planning:/home/sazma/ws_future/install/moveit_ros_planning_interface:/home/sazma/ws_future/install/moveit_ros_benchmarks:/home/sazma/ws_future/install/moveit_ros_warehouse:/home/sazma/ws_future/install/moveit_ros_robot_interaction:/home/sazma/ws_future/install/moveit_ros_perception:/home/sazma/ws_future/install/moveit_resources_prbt_pg70_support:/home/sazma/ws_future/install/moveit_resources_prbt_moveit_config:/home/sazma/ws_future/install/moveit_ros_move_group:/home/sazma/ws_future/install/moveit_planners_ompl:/home/sazma/ws_future/install/moveit_kinematics:/home/sazma/ws_future/install/moveit_ros_planning:/home/sazma/ws_future/install/moveit_ros_occupancy_map_monitor:/home/sazma/ws_future/install/moveit_resources_prbt_support:/home/sazma/ws_future/install/moveit_resources_prbt_ikfast_manipulator_plugin:/home/sazma/ws_future/install/moveit_resources:/home/sazma/ws_future/install/moveit_resources_pr2_description:/home/sazma/ws_future/install/moveit_resources_panda_moveit_config:/home/sazma/ws_future/install/dual_arm_panda_moveit_config:/home/sazma/ws_future/install/moveit_resources_panda_description:/home/sazma/ws_future/install/moveit_resources_fanuc_moveit_config:/home/sazma/ws_future/install/moveit_resources_fanuc_description:/home/sazma/ws_future/install/moveit_planners_stomp:/home/sazma/ws_future/install/moveit_planners_chomp:/home/sazma/ws_future/install/moveit_chomp_optimizer_adapter:/home/sazma/ws_future/install/chomp_motion_planner:/home/sazma/ws_future/install/moveit_core:/home/sazma/ws_future/install/moveit_msgs:/home/sazma/ws_future/install/moveit_configs_utils:/home/sazma/ws_future/install/moveit_common:/home/sazma/ws_future/install/kortex_bringup:/home/sazma/ws_future/install/kortex_driver:/home/sazma/ws_future/install/kortex_description:/home/sazma/ws_future/install/kortex_api:/opt/ros/humble /usr/bin/cmake --install /home/sazma/ws_future/build/tm_msgs
