[0.000000] (-) TimerEvent: {}
[0.000218] (-) JobUnselected: {'identifier': 'chomp_motion_planner'}
[0.000348] (-) JobUnselected: {'identifier': 'cpp_pubsub'}
[0.000376] (-) JobUnselected: {'identifier': 'cpp_pubsub'}
[0.000394] (-) JobUnselected: {'identifier': 'custom_package'}
[0.000626] (-) JobUnselected: {'identifier': 'demo'}
[0.000653] (-) JobUnselected: {'identifier': 'demo_tmr5_900'}
[0.000670] (-) JobUnselected: {'identifier': 'dual_arm_panda_moveit_config'}
[0.000686] (-) JobUnselected: {'identifier': 'kinova_gen3_6dof_robotiq_2f_85_moveit_config'}
[0.000700] (-) JobUnselected: {'identifier': 'kinova_gen3_7dof_robotiq_2f_85_moveit_config'}
[0.000714] (-) JobUnselected: {'identifier': 'kortex_api'}
[0.000728] (-) JobUnselected: {'identifier': 'kortex_bringup'}
[0.000742] (-) JobUnselected: {'identifier': 'kortex_description'}
[0.000756] (-) JobUnselected: {'identifier': 'kortex_driver'}
[0.000770] (-) JobUnselected: {'identifier': 'moveit'}
[0.000783] (-) JobUnselected: {'identifier': 'moveit2_tutorials'}
[0.000797] (-) JobUnselected: {'identifier': 'moveit_chomp_optimizer_adapter'}
[0.000811] (-) JobUnselected: {'identifier': 'moveit_common'}
[0.000825] (-) JobUnselected: {'identifier': 'moveit_configs_utils'}
[0.000838] (-) JobUnselected: {'identifier': 'moveit_core'}
[0.000852] (-) JobUnselected: {'identifier': 'moveit_hybrid_planning'}
[0.000866] (-) JobUnselected: {'identifier': 'moveit_kinematics'}
[0.000879] (-) JobUnselected: {'identifier': 'moveit_msgs'}
[0.000893] (-) JobUnselected: {'identifier': 'moveit_planners'}
[0.000906] (-) JobUnselected: {'identifier': 'moveit_planners_chomp'}
[0.000920] (-) JobUnselected: {'identifier': 'moveit_planners_ompl'}
[0.000933] (-) JobUnselected: {'identifier': 'moveit_planners_stomp'}
[0.000947] (-) JobUnselected: {'identifier': 'moveit_plugins'}
[0.000960] (-) JobUnselected: {'identifier': 'moveit_py'}
[0.000974] (-) JobUnselected: {'identifier': 'moveit_resources'}
[0.000987] (-) JobUnselected: {'identifier': 'moveit_resources_fanuc_description'}
[0.001001] (-) JobUnselected: {'identifier': 'moveit_resources_fanuc_moveit_config'}
[0.001014] (-) JobUnselected: {'identifier': 'moveit_resources_panda_description'}
[0.001028] (-) JobUnselected: {'identifier': 'moveit_resources_panda_moveit_config'}
[0.001041] (-) JobUnselected: {'identifier': 'moveit_resources_pr2_description'}
[0.001055] (-) JobUnselected: {'identifier': 'moveit_resources_prbt_ikfast_manipulator_plugin'}
[0.001069] (-) JobUnselected: {'identifier': 'moveit_resources_prbt_moveit_config'}
[0.001082] (-) JobUnselected: {'identifier': 'moveit_resources_prbt_pg70_support'}
[0.001096] (-) JobUnselected: {'identifier': 'moveit_resources_prbt_support'}
[0.001109] (-) JobUnselected: {'identifier': 'moveit_ros'}
[0.001122] (-) JobUnselected: {'identifier': 'moveit_ros_benchmarks'}
[0.001136] (-) JobUnselected: {'identifier': 'moveit_ros_control_interface'}
[0.001149] (-) JobUnselected: {'identifier': 'moveit_ros_move_group'}
[0.001163] (-) JobUnselected: {'identifier': 'moveit_ros_occupancy_map_monitor'}
[0.001176] (-) JobUnselected: {'identifier': 'moveit_ros_perception'}
[0.001190] (-) JobUnselected: {'identifier': 'moveit_ros_planning'}
[0.001203] (-) JobUnselected: {'identifier': 'moveit_ros_planning_interface'}
[0.001217] (-) JobUnselected: {'identifier': 'moveit_ros_robot_interaction'}
[0.001230] (-) JobUnselected: {'identifier': 'moveit_ros_visualization'}
[0.001244] (-) JobUnselected: {'identifier': 'moveit_ros_warehouse'}
[0.001257] (-) JobUnselected: {'identifier': 'moveit_runtime'}
[0.001271] (-) JobUnselected: {'identifier': 'moveit_servo'}
[0.001284] (-) JobUnselected: {'identifier': 'moveit_setup_app_plugins'}
[0.001297] (-) JobUnselected: {'identifier': 'moveit_setup_assistant'}
[0.001311] (-) JobUnselected: {'identifier': 'moveit_setup_controllers'}
[0.001324] (-) JobUnselected: {'identifier': 'moveit_setup_core_plugins'}
[0.001338] (-) JobUnselected: {'identifier': 'moveit_setup_framework'}
[0.001351] (-) JobUnselected: {'identifier': 'moveit_setup_srdf_plugins'}
[0.001364] (-) JobUnselected: {'identifier': 'moveit_simple_controller_manager'}
[0.001387] (-) JobUnselected: {'identifier': 'moveit_task_constructor_capabilities'}
[0.001401] (-) JobUnselected: {'identifier': 'moveit_task_constructor_core'}
[0.001415] (-) JobUnselected: {'identifier': 'moveit_task_constructor_demo'}
[0.001428] (-) JobUnselected: {'identifier': 'moveit_task_constructor_msgs'}
[0.001441] (-) JobUnselected: {'identifier': 'moveit_task_constructor_visualization'}
[0.001455] (-) JobUnselected: {'identifier': 'moveit_visual_tools'}
[0.001468] (-) JobUnselected: {'identifier': 'msg_store'}
[0.001482] (-) JobUnselected: {'identifier': 'pick_ik'}
[0.001495] (-) JobUnselected: {'identifier': 'pilz_industrial_motion_planner'}
[0.001508] (-) JobUnselected: {'identifier': 'pilz_industrial_motion_planner_testutils'}
[0.001522] (-) JobUnselected: {'identifier': 'py_pubsub'}
[0.001535] (-) JobUnselected: {'identifier': 'rviz_marker_tools'}
[0.001548] (-) JobUnselected: {'identifier': 'rviz_visual_tools'}
[0.001562] (-) JobUnselected: {'identifier': 'techman_robot_msgs'}
[0.001575] (-) JobUnselected: {'identifier': 'tm_description'}
[0.001588] (-) JobUnselected: {'identifier': 'tm_driver'}
[0.001602] (-) JobUnselected: {'identifier': 'tm_get_status'}
[0.001615] (-) JobUnselected: {'identifier': 'tm_mod_urdf'}
[0.001628] (-) JobUnselected: {'identifier': 'tm_moveit_config_tm12'}
[0.001641] (-) JobUnselected: {'identifier': 'tm_moveit_config_tm12x'}
[0.001661] (-) JobUnselected: {'identifier': 'tm_moveit_config_tm14'}
[0.001675] (-) JobUnselected: {'identifier': 'tm_moveit_config_tm14x'}
[0.001688] (-) JobUnselected: {'identifier': 'tm_moveit_config_tm5-700'}
[0.001702] (-) JobUnselected: {'identifier': 'tm_moveit_config_tm5-900'}
[0.001715] (-) JobUnselected: {'identifier': 'tm_moveit_config_tm5x-700'}
[0.001728] (-) JobUnselected: {'identifier': 'tm_moveit_config_tm5x-900'}
[0.001742] (-) JobUnselected: {'identifier': 'tm_moveit_cpp_demo'}
[0.001755] (-) JobUnselected: {'identifier': 'tm_msgs'}
[0.001768] (-) JobUnselected: {'identifier': 'ui_for_debug_and_demo'}
[0.001783] (-) EventReactorShutdown: {}
