[2.109s] Invoking command in '/home/sazma/ws_future/src/tmr_ros2/techman_robot_get_status': PYTHONPATH=/home/sazma/ws_future/build/tm_get_status/prefix_override:/home/sazma/ws_future/install/tm_get_status/lib/python3.10/site-packages:${PYTHONPATH} /usr/bin/python3 setup.py egg_info --egg-base ../../../build/tm_get_status build --build-base /home/sazma/ws_future/build/tm_get_status/build install --record /home/sazma/ws_future/build/tm_get_status/install.log --single-version-externally-managed
[2.350s] running egg_info
[2.350s] writing ../../../build/tm_get_status/tm_get_status.egg-info/PKG-INFO
[2.351s] writing dependency_links to ../../../build/tm_get_status/tm_get_status.egg-info/dependency_links.txt
[2.351s] writing entry points to ../../../build/tm_get_status/tm_get_status.egg-info/entry_points.txt
[2.351s] writing requirements to ../../../build/tm_get_status/tm_get_status.egg-info/requires.txt
[2.351s] writing top-level names to ../../../build/tm_get_status/tm_get_status.egg-info/top_level.txt
[2.353s] reading manifest file '../../../build/tm_get_status/tm_get_status.egg-info/SOURCES.txt'
[2.354s] writing manifest file '../../../build/tm_get_status/tm_get_status.egg-info/SOURCES.txt'
[2.354s] running build
[2.354s] running build_py
[2.355s] /usr/lib/python3/dist-packages/setuptools/command/install.py:34: SetuptoolsDeprecationWarning: setup.py install is deprecated. Use build and pip and other standards-based tools.
[2.355s]   warnings.warn(
[2.355s] running install
[2.355s] running install_lib
[2.356s] running install_data
[2.357s] running install_egg_info
[2.358s] removing '/home/sazma/ws_future/install/tm_get_status/lib/python3.10/site-packages/tm_get_status-1.0.0-py3.10.egg-info' (and everything under it)
[2.359s] Copying ../../../build/tm_get_status/tm_get_status.egg-info to /home/sazma/ws_future/install/tm_get_status/lib/python3.10/site-packages/tm_get_status-1.0.0-py3.10.egg-info
[2.359s] running install_scripts
[2.379s] Installing image_talker script to /home/sazma/ws_future/install/tm_get_status/lib/tm_get_status
[2.379s] Installing status_talker script to /home/sazma/ws_future/install/tm_get_status/lib/tm_get_status
[2.379s] writing list of installed files to '/home/sazma/ws_future/build/tm_get_status/install.log'
[2.954s] Invoked command in '/home/sazma/ws_future/src/tmr_ros2/techman_robot_get_status' returned '0': PYTHONPATH=/home/sazma/ws_future/build/tm_get_status/prefix_override:/home/sazma/ws_future/install/tm_get_status/lib/python3.10/site-packages:${PYTHONPATH} /usr/bin/python3 setup.py egg_info --egg-base ../../../build/tm_get_status build --build-base /home/sazma/ws_future/build/tm_get_status/build install --record /home/sazma/ws_future/build/tm_get_status/install.log --single-version-externally-managed
