[0.167s] Invoking command in '/home/sazma/ws_future/build/moveit_core': AMENT_PREFIX_PATH=/home/sazma/ws_future/install/moveit_resources_panda_moveit_config:/home/sazma/ws_future/install/moveit_resources_pr2_description:/home/sazma/ws_future/install/moveit_resources_panda_description:/home/sazma/ws_future/install/moveit_msgs:/home/sazma/ws_future/install/moveit_common:${AMENT_PREFIX_PATH} CMAKE_PREFIX_PATH=/home/sazma/ws_future/install/moveit_resources_panda_moveit_config:/home/sazma/ws_future/install/moveit_resources_pr2_description:/home/sazma/ws_future/install/moveit_resources_panda_description:/home/sazma/ws_future/install/moveit_msgs:/home/sazma/ws_future/install/moveit_common:/home/sazma/ws_future/install/ui_for_debug_and_demo:/home/sazma/ws_future/install/tm_driver:/home/sazma/ws_future/install/demo:/home/sazma/ws_future/install/tm_msgs:/home/sazma/ws_future/install/tm_moveit_cpp_demo:/home/sazma/ws_future/install/tm_moveit_config_tm5x-900:/home/sazma/ws_future/install/tm_moveit_config_tm5x-700:/home/sazma/ws_future/install/tm_moveit_config_tm5-900:/home/sazma/ws_future/install/tm_moveit_config_tm5-700:/home/sazma/ws_future/install/tm_moveit_config_tm14x:/home/sazma/ws_future/install/tm_moveit_config_tm14:/home/sazma/ws_future/install/tm_moveit_config_tm12x:/home/sazma/ws_future/install/tm_moveit_config_tm12:/home/sazma/ws_future/install/tm_description:/home/sazma/ws_future/install/custom_package:/home/sazma/ws_future/install/techman_robot_msgs:/home/sazma/ws_tm/install/ui_for_debug_and_demo:/home/sazma/ws_tm/install/tm_driver:/home/sazma/ws_tm/install/demo:/home/sazma/ws_tm/install/tm_msgs:/home/sazma/ws_tm/install/tm_moveit_cpp_demo:/home/sazma/ws_tm/install/tm_moveit_config_tm5x-900:/home/sazma/ws_tm/install/tm_moveit_config_tm5x-700:/home/sazma/ws_tm/install/tm_moveit_config_tm5-900:/home/sazma/ws_tm/install/tm_moveit_config_tm5-700:/home/sazma/ws_tm/install/tm_moveit_config_tm14x:/home/sazma/ws_tm/install/tm_moveit_config_tm14:/home/sazma/ws_tm/install/tm_moveit_config_tm12x:/home/sazma/ws_tm/install/tm_moveit_config_tm12:/home/sazma/ws_tm/install/tm_description:/home/sazma/ws_tm/install/custom_package:/home/sazma/ws_tm/install/techman_robot_msgs:/home/sazma/ws_future/install/tm_mod_urdf:/home/sazma/ws_future/install/tm_get_status:/home/sazma/ws_tm/install/tm_mod_urdf:/home/sazma/ws_tm/install/tm_get_status:/opt/ros/humble LD_LIBRARY_PATH=/home/sazma/ws_future/install/moveit_msgs/lib:${LD_LIBRARY_PATH} PYTHONPATH=/home/sazma/ws_future/install/moveit_msgs/local/lib/python3.10/dist-packages:${PYTHONPATH} /usr/bin/cmake /home/sazma/ws_future/src/moveit2/moveit_core -DCMAKE_INSTALL_PREFIX=/home/sazma/ws_future/install/moveit_core
[0.223s] -- The CXX compiler identification is GNU 11.4.0
[0.229s] -- Detecting CXX compiler ABI info
[0.294s] -- Detecting CXX compiler ABI info - done
[0.302s] -- Check for working CXX compiler: /usr/bin/c++ - skipped
[0.302s] -- Detecting CXX compile features
[0.302s] -- Detecting CXX compile features - done
[0.303s] -- Found moveit_common: 2.8.0 (/home/sazma/ws_future/install/moveit_common/share/moveit_common/cmake)
[0.308s] -- Found ament_cmake: 1.3.5 (/opt/ros/humble/share/ament_cmake/cmake)
[0.499s] -- Found Python3: /usr/bin/python3.10 (found version "3.10.12") found components: Interpreter 
[0.686s] -- Found libdw: /usr/lib/x86_64-linux-gnu/libdw.so  
[0.691s] -- Could NOT find libbfd (missing: LIBBFD_LIBRARY LIBBFD_INCLUDE_DIR) 
[0.691s] -- BACKWARD_HAS_UNWIND=1
[0.691s] -- BACKWARD_HAS_BACKTRACE=0
[0.691s] -- BACKWARD_HAS_BACKTRACE_SYMBOL=0
[0.692s] -- BACKWARD_HAS_DW=1
[0.692s] -- BACKWARD_HAS_BFD=0
[0.692s] -- Found Backward: /opt/ros/humble/share/backward_ros/cmake  
[0.692s] [0mmoveit_core: You did not request a specific build type: Choosing 'Release' for maximum performance[0m
[0.696s] -- Found angles: 1.15.0 (/opt/ros/humble/share/angles/cmake)
[0.712s] -- Found Bullet: /usr/lib/x86_64-linux-gnu/libBulletDynamics.so (Required is at least version "2.87") 
[0.717s] -- Found common_interfaces: 4.2.3 (/opt/ros/humble/share/common_interfaces/cmake)
[0.721s] -- Found eigen_stl_containers: 1.0.0 (/opt/ros/humble/share/eigen_stl_containers/cmake)
[0.732s] -- Found eigen3_cmake_module: 0.1.1 (/opt/ros/humble/share/eigen3_cmake_module/cmake)
[0.738s] -- Found Eigen3: TRUE (found version "3.4.0") 
[0.745s] -- Found generate_parameter_library: 0.3.6 (/opt/ros/humble/share/generate_parameter_library/cmake)
[0.753s] -- Found parameter_traits: 0.3.6 (/opt/ros/humble/share/parameter_traits/cmake)
[0.813s] -- Found rosidl_generator_c: 3.1.5 (/opt/ros/humble/share/rosidl_generator_c/cmake)
[0.822s] -- Found rosidl_adapter: 3.1.5 (/opt/ros/humble/share/rosidl_adapter/cmake)
[0.834s] -- Found rosidl_generator_cpp: 3.1.5 (/opt/ros/humble/share/rosidl_generator_cpp/cmake)
[0.852s] -- Using all available rosidl_typesupport_c: rosidl_typesupport_fastrtps_c;rosidl_typesupport_introspection_c
[0.878s] -- Using all available rosidl_typesupport_cpp: rosidl_typesupport_fastrtps_cpp;rosidl_typesupport_introspection_cpp
[0.970s] -- Found rmw_implementation_cmake: 6.1.1 (/opt/ros/humble/share/rmw_implementation_cmake/cmake)
[0.976s] -- Found rmw_fastrtps_cpp: 6.2.4 (/opt/ros/humble/share/rmw_fastrtps_cpp/cmake)
[1.074s] -- Found OpenSSL: /usr/lib/x86_64-linux-gnu/libcrypto.so (found version "3.0.2")  
[1.097s] -- Found FastRTPS: /opt/ros/humble/include  
[1.144s] -- Using RMW implementation 'rmw_fastrtps_cpp' as default
[1.160s] -- Looking for C++ include pthread.h
[1.253s] -- Looking for C++ include pthread.h - found
[1.253s] -- Performing Test CMAKE_HAVE_LIBC_PTHREAD
[1.347s] -- Performing Test CMAKE_HAVE_LIBC_PTHREAD - Success
[1.347s] -- Found Threads: TRUE  
[1.546s] -- Found rclcpp_lifecycle: 16.0.6 (/opt/ros/humble/share/rclcpp_lifecycle/cmake)
[1.594s] -- Found geometric_shapes: 2.1.3 (/opt/ros/humble/share/geometric_shapes/cmake)
[1.609s] -- Found Boost: /usr/lib/x86_64-linux-gnu/cmake/Boost-1.74.0/BoostConfig.cmake (found version "1.74.0") found components: filesystem 
[1.750s] -- library: /usr/lib/x86_64-linux-gnu/libcurl.so
[2.063s] -- Found kdl_parser: 2.6.4 (/opt/ros/humble/share/kdl_parser/cmake)
[2.074s] -- Ensuring Eigen3 include directory is part of orocos-kdl CMake target
[2.078s] -- Found moveit_msgs: 2.3.0 (/home/sazma/ws_future/install/moveit_msgs/share/moveit_msgs/cmake)
[2.769s] -- Found pluginlib: 5.1.0 (/opt/ros/humble/share/pluginlib/cmake)
[2.798s] -- Found srdfdom: 2.0.4 (/opt/ros/humble/share/srdfdom/cmake)
[2.820s] -- Found tf2_eigen: 0.25.4 (/opt/ros/humble/share/tf2_eigen/cmake)
[3.150s] -- Found tf2_geometry_msgs: 0.25.4 (/opt/ros/humble/share/tf2_geometry_msgs/cmake)
[3.166s] -- Found tf2_kdl: 0.25.4 (/opt/ros/humble/share/tf2_kdl/cmake)
[3.229s] -- Found Boost: /usr/lib/x86_64-linux-gnu/cmake/Boost-1.74.0/BoostConfig.cmake (found version "1.74.0") found components: chrono date_time filesystem iostreams program_options regex serialization system thread 
[3.234s] -- Performing Test COMPILER_HAS_HIDDEN_VISIBILITY
[3.322s] -- Performing Test COMPILER_HAS_HIDDEN_VISIBILITY - Success
[3.323s] -- Performing Test COMPILER_HAS_HIDDEN_INLINE_VISIBILITY
[3.409s] -- Performing Test COMPILER_HAS_HIDDEN_INLINE_VISIBILITY - Success
[3.409s] -- Performing Test COMPILER_HAS_DEPRECATED_ATTR
[3.495s] -- Performing Test COMPILER_HAS_DEPRECATED_ATTR - Success
[3.515s] -- Found ament_cmake_gtest: 1.3.5 (/opt/ros/humble/share/ament_cmake_gtest/cmake)
[3.519s] -- Found gtest sources under '/opt/ros/humble/src/gtest_vendor': C++ tests using 'Google Test' will be built
[3.554s] -- The C compiler identification is GNU 11.4.0
[3.560s] -- Detecting C compiler ABI info
[3.644s] -- Detecting C compiler ABI info - done
[3.651s] -- Check for working C compiler: /usr/bin/cc - skipped
[3.651s] -- Detecting C compile features
[3.652s] -- Detecting C compile features - done
[3.674s] -- Found gtest sources under '/opt/ros/humble/src/gtest_vendor': C++ tests using 'Google Test' will be built
[3.693s] -- Found gtest sources under '/opt/ros/humble/src/gtest_vendor': C++ tests using 'Google Test' will be built
[3.710s] -- Found ament_cmake_gtest: 1.3.5 (/opt/ros/humble/share/ament_cmake_gtest/cmake)
[3.711s] -- Found gtest sources under '/opt/ros/humble/src/gtest_vendor': C++ tests using 'Google Test' will be built
[3.730s] -- Found ament_cmake_gmock: 1.3.5 (/opt/ros/humble/share/ament_cmake_gmock/cmake)
[3.737s] -- Found gmock sources under '/opt/ros/humble/src/gmock_vendor': C++ tests using 'Google Mock' will be built
[3.740s] -- Found ament_cmake_gtest: 1.3.5 (/opt/ros/humble/share/ament_cmake_gtest/cmake)
[3.741s] -- Found gtest sources under '/opt/ros/humble/src/gtest_vendor': C++ tests using 'Google Test' will be built
[3.758s] -- Found ament_cmake_gtest: 1.3.5 (/opt/ros/humble/share/ament_cmake_gtest/cmake)
[3.759s] -- Found gtest sources under '/opt/ros/humble/src/gtest_vendor': C++ tests using 'Google Test' will be built
[3.790s] -- Found ament_cmake_gtest: 1.3.5 (/opt/ros/humble/share/ament_cmake_gtest/cmake)
[3.790s] -- Found gtest sources under '/opt/ros/humble/src/gtest_vendor': C++ tests using 'Google Test' will be built
[3.824s] -- Found ament_lint_auto: 0.12.8 (/opt/ros/humble/share/ament_lint_auto/cmake)
[3.825s] -- Found ament_cmake_gtest: 1.3.5 (/opt/ros/humble/share/ament_cmake_gtest/cmake)
[3.825s] -- Found gtest sources under '/opt/ros/humble/src/gtest_vendor': C++ tests using 'Google Test' will be built
[3.841s] -- Found gmock sources under '/opt/ros/humble/src/gmock_vendor': C++ tests using 'Google Mock' will be built
[3.842s] -- Found ament_cmake_gtest: 1.3.5 (/opt/ros/humble/share/ament_cmake_gtest/cmake)
[3.842s] -- Found gtest sources under '/opt/ros/humble/src/gtest_vendor': C++ tests using 'Google Test' will be built
[3.855s] -- Found ament_cmake_gtest: 1.3.5 (/opt/ros/humble/share/ament_cmake_gtest/cmake)
[3.856s] -- Found gtest sources under '/opt/ros/humble/src/gtest_vendor': C++ tests using 'Google Test' will be built
[3.876s] -- Found ament_cmake_gtest: 1.3.5 (/opt/ros/humble/share/ament_cmake_gtest/cmake)
[3.877s] -- Found gtest sources under '/opt/ros/humble/src/gtest_vendor': C++ tests using 'Google Test' will be built
[3.897s] -- Found ament_cmake_google_benchmark: 1.3.5 (/opt/ros/humble/share/ament_cmake_google_benchmark/cmake)
[3.899s] -- Found ament_cmake_gtest: 1.3.5 (/opt/ros/humble/share/ament_cmake_gtest/cmake)
[3.904s] -- Found gtest sources under '/opt/ros/humble/src/gtest_vendor': C++ tests using 'Google Test' will be built
[3.913s] -- Performance tests are disabled by default, so Google Benchmark tests will be skipped. To enable these tests, set the CMake variable 'AMENT_RUN_PERFORMANCE_TESTS'.
[3.921s] -- Found gtest sources under '/opt/ros/humble/src/gtest_vendor': C++ tests using 'Google Test' will be built
[3.935s] -- Found gtest sources under '/opt/ros/humble/src/gtest_vendor': C++ tests using 'Google Test' will be built
[3.950s] -- Found ament_cmake_gtest: 1.3.5 (/opt/ros/humble/share/ament_cmake_gtest/cmake)
[3.951s] -- Found gtest sources under '/opt/ros/humble/src/gtest_vendor': C++ tests using 'Google Test' will be built
[3.978s] -- Found launch_testing_ament_cmake: 1.0.4 (/opt/ros/humble/share/launch_testing_ament_cmake/cmake)
[3.982s] -- Found python_cmake_module: 0.10.0 (/opt/ros/humble/share/python_cmake_module/cmake)
[4.003s] -- Found PythonInterp: /usr/bin/python3 (found suitable version "3.10.12", minimum required is "3.6") 
[4.009s] -- Found PythonLibs: /usr/lib/x86_64-linux-gnu/libpython3.10.so (found suitable version "3.10.12", minimum required is "3.5") 
[4.010s] -- Using PYTHON_EXECUTABLE: /usr/bin/python3
[4.010s] -- Using PYTHON_INCLUDE_DIRS: /usr/include/python3.10
[4.010s] -- Using PYTHON_LIBRARIES: /usr/lib/x86_64-linux-gnu/libpython3.10.so
[4.031s] -- Found PythonExtra: .so  
[4.035s] --  *** Building MoveIt 2.8.0 devel ***
[4.036s] -- Found ament_lint_auto: 0.12.8 (/opt/ros/humble/share/ament_lint_auto/cmake)
[4.041s] -- Found python_cmake_module: 0.10.0 (/opt/ros/humble/share/python_cmake_module/cmake)
[4.064s] -- Using PYTHON_EXECUTABLE: /usr/bin/python3
[4.064s] -- Using PYTHON_INCLUDE_DIRS: /usr/include/python3.10
[4.064s] -- Using PYTHON_LIBRARIES: /usr/lib/x86_64-linux-gnu/libpython3.10.so
[4.099s] -- Added test 'cppcheck' to perform static code analysis on C / C++ code
[4.099s] -- Configured cppcheck include dirs: 
[4.099s] -- Configured cppcheck exclude dirs and/or files: 
[4.101s] -- Added test 'pep257' to check Python code against some of the docstring style conventions in PEP 257
[4.103s] -- Added test 'xmllint' to check XML markup files
[4.107s] -- Configuring done
[4.693s] -- Generating done
[4.701s] -- Build files have been written to: /home/sazma/ws_future/build/moveit_core
[4.737s] Invoked command in '/home/sazma/ws_future/build/moveit_core' returned '0': AMENT_PREFIX_PATH=/home/sazma/ws_future/install/moveit_resources_panda_moveit_config:/home/sazma/ws_future/install/moveit_resources_pr2_description:/home/sazma/ws_future/install/moveit_resources_panda_description:/home/sazma/ws_future/install/moveit_msgs:/home/sazma/ws_future/install/moveit_common:${AMENT_PREFIX_PATH} CMAKE_PREFIX_PATH=/home/sazma/ws_future/install/moveit_resources_panda_moveit_config:/home/sazma/ws_future/install/moveit_resources_pr2_description:/home/sazma/ws_future/install/moveit_resources_panda_description:/home/sazma/ws_future/install/moveit_msgs:/home/sazma/ws_future/install/moveit_common:/home/sazma/ws_future/install/ui_for_debug_and_demo:/home/sazma/ws_future/install/tm_driver:/home/sazma/ws_future/install/demo:/home/sazma/ws_future/install/tm_msgs:/home/sazma/ws_future/install/tm_moveit_cpp_demo:/home/sazma/ws_future/install/tm_moveit_config_tm5x-900:/home/sazma/ws_future/install/tm_moveit_config_tm5x-700:/home/sazma/ws_future/install/tm_moveit_config_tm5-900:/home/sazma/ws_future/install/tm_moveit_config_tm5-700:/home/sazma/ws_future/install/tm_moveit_config_tm14x:/home/sazma/ws_future/install/tm_moveit_config_tm14:/home/sazma/ws_future/install/tm_moveit_config_tm12x:/home/sazma/ws_future/install/tm_moveit_config_tm12:/home/sazma/ws_future/install/tm_description:/home/sazma/ws_future/install/custom_package:/home/sazma/ws_future/install/techman_robot_msgs:/home/sazma/ws_tm/install/ui_for_debug_and_demo:/home/sazma/ws_tm/install/tm_driver:/home/sazma/ws_tm/install/demo:/home/sazma/ws_tm/install/tm_msgs:/home/sazma/ws_tm/install/tm_moveit_cpp_demo:/home/sazma/ws_tm/install/tm_moveit_config_tm5x-900:/home/sazma/ws_tm/install/tm_moveit_config_tm5x-700:/home/sazma/ws_tm/install/tm_moveit_config_tm5-900:/home/sazma/ws_tm/install/tm_moveit_config_tm5-700:/home/sazma/ws_tm/install/tm_moveit_config_tm14x:/home/sazma/ws_tm/install/tm_moveit_config_tm14:/home/sazma/ws_tm/install/tm_moveit_config_tm12x:/home/sazma/ws_tm/install/tm_moveit_config_tm12:/home/sazma/ws_tm/install/tm_description:/home/sazma/ws_tm/install/custom_package:/home/sazma/ws_tm/install/techman_robot_msgs:/home/sazma/ws_future/install/tm_mod_urdf:/home/sazma/ws_future/install/tm_get_status:/home/sazma/ws_tm/install/tm_mod_urdf:/home/sazma/ws_tm/install/tm_get_status:/opt/ros/humble LD_LIBRARY_PATH=/home/sazma/ws_future/install/moveit_msgs/lib:${LD_LIBRARY_PATH} PYTHONPATH=/home/sazma/ws_future/install/moveit_msgs/local/lib/python3.10/dist-packages:${PYTHONPATH} /usr/bin/cmake /home/sazma/ws_future/src/moveit2/moveit_core -DCMAKE_INSTALL_PREFIX=/home/sazma/ws_future/install/moveit_core
[4.739s] Invoking command in '/home/sazma/ws_future/build/moveit_core': AMENT_PREFIX_PATH=/home/sazma/ws_future/install/moveit_resources_panda_moveit_config:/home/sazma/ws_future/install/moveit_resources_pr2_description:/home/sazma/ws_future/install/moveit_resources_panda_description:/home/sazma/ws_future/install/moveit_msgs:/home/sazma/ws_future/install/moveit_common:${AMENT_PREFIX_PATH} CMAKE_PREFIX_PATH=/home/sazma/ws_future/install/moveit_resources_panda_moveit_config:/home/sazma/ws_future/install/moveit_resources_pr2_description:/home/sazma/ws_future/install/moveit_resources_panda_description:/home/sazma/ws_future/install/moveit_msgs:/home/sazma/ws_future/install/moveit_common:/home/sazma/ws_future/install/ui_for_debug_and_demo:/home/sazma/ws_future/install/tm_driver:/home/sazma/ws_future/install/demo:/home/sazma/ws_future/install/tm_msgs:/home/sazma/ws_future/install/tm_moveit_cpp_demo:/home/sazma/ws_future/install/tm_moveit_config_tm5x-900:/home/sazma/ws_future/install/tm_moveit_config_tm5x-700:/home/sazma/ws_future/install/tm_moveit_config_tm5-900:/home/sazma/ws_future/install/tm_moveit_config_tm5-700:/home/sazma/ws_future/install/tm_moveit_config_tm14x:/home/sazma/ws_future/install/tm_moveit_config_tm14:/home/sazma/ws_future/install/tm_moveit_config_tm12x:/home/sazma/ws_future/install/tm_moveit_config_tm12:/home/sazma/ws_future/install/tm_description:/home/sazma/ws_future/install/custom_package:/home/sazma/ws_future/install/techman_robot_msgs:/home/sazma/ws_tm/install/ui_for_debug_and_demo:/home/sazma/ws_tm/install/tm_driver:/home/sazma/ws_tm/install/demo:/home/sazma/ws_tm/install/tm_msgs:/home/sazma/ws_tm/install/tm_moveit_cpp_demo:/home/sazma/ws_tm/install/tm_moveit_config_tm5x-900:/home/sazma/ws_tm/install/tm_moveit_config_tm5x-700:/home/sazma/ws_tm/install/tm_moveit_config_tm5-900:/home/sazma/ws_tm/install/tm_moveit_config_tm5-700:/home/sazma/ws_tm/install/tm_moveit_config_tm14x:/home/sazma/ws_tm/install/tm_moveit_config_tm14:/home/sazma/ws_tm/install/tm_moveit_config_tm12x:/home/sazma/ws_tm/install/tm_moveit_config_tm12:/home/sazma/ws_tm/install/tm_description:/home/sazma/ws_tm/install/custom_package:/home/sazma/ws_tm/install/techman_robot_msgs:/home/sazma/ws_future/install/tm_mod_urdf:/home/sazma/ws_future/install/tm_get_status:/home/sazma/ws_tm/install/tm_mod_urdf:/home/sazma/ws_tm/install/tm_get_status:/opt/ros/humble LD_LIBRARY_PATH=/home/sazma/ws_future/install/moveit_msgs/lib:${LD_LIBRARY_PATH} PYTHONPATH=/home/sazma/ws_future/install/moveit_msgs/local/lib/python3.10/dist-packages:${PYTHONPATH} /usr/bin/cmake --build /home/sazma/ws_future/build/moveit_core -- -j12 -l12
[4.815s] [  1%] [32mBuilding CXX object gtest/CMakeFiles/gtest.dir/src/gtest-all.cc.o[0m
[4.815s] [  2%] [32mBuilding CXX object distance_field/CMakeFiles/moveit_distance_field.dir/src/distance_field.cpp.o[0m
[4.815s] [  3%] [34m[1mRunning `/opt/ros/humble/bin/generate_parameter_library_cpp /home/sazma/ws_future/build/moveit_core/online_signal_smoothing/moveit_butterworth_parameters/include//moveit_butterworth_parameters.hpp /home/sazma/ws_future/src/moveit2/moveit_core/online_signal_smoothing/src/butterworth_parameters.yaml `[0m
[4.816s] [  3%] [32mBuilding CXX object utils/CMakeFiles/moveit_utils.dir/src/message_checks.cpp.o[0m
[4.816s] [  3%] [32mBuilding CXX object transforms/CMakeFiles/moveit_transforms.dir/src/transforms.cpp.o[0m
[4.816s] [  3%] [32mBuilding CXX object gtest/CMakeFiles/gtest_main.dir/src/gtest_main.cc.o[0m
[4.816s] [  3%] [32mBuilding CXX object gmock/CMakeFiles/gmock.dir/opt/ros/humble/src/gtest_vendor/src/gtest-all.cc.o[0m
[4.817s] [  3%] [32mBuilding CXX object online_signal_smoothing/CMakeFiles/moveit_smoothing_base.dir/src/smoothing_base_class.cpp.o[0m
[4.818s] [  4%] [32mBuilding CXX object utils/CMakeFiles/moveit_utils.dir/src/lexical_casts.cpp.o[0m
[4.818s] [  5%] [34m[1mGenerating ../include/moveit/version.h, always_rebuild[0m
[4.822s] [  6%] [32mBuilding CXX object gmock/CMakeFiles/gmock_main.dir/src/gmock_main.cc.o[0m
[4.828s] [  7%] [32mBuilding CXX object exceptions/CMakeFiles/moveit_exceptions.dir/src/exceptions.cpp.o[0m
[4.933s] [  8%] [34m[1mGenerating version.h[0m
[4.963s] [  8%] Built target version_h
[4.994s] [  9%] [32mBuilding CXX object utils/CMakeFiles/moveit_utils.dir/src/rclcpp_utils.cpp.o[0m
[5.223s] [  9%] Built target moveit_butterworth_parameters
[5.250s] [  9%] [32mBuilding CXX object distance_field/CMakeFiles/moveit_distance_field.dir/src/find_internal_points.cpp.o[0m
[5.555s] [ 10%] [32mBuilding CXX object distance_field/CMakeFiles/moveit_distance_field.dir/src/propagation_distance_field.cpp.o[0m
[5.678s] [ 11%] [32mBuilding CXX object utils/CMakeFiles/moveit_utils.dir/src/logger.cpp.o[0m
[6.440s] [ 12%] [32m[1mLinking CXX shared library libmoveit_exceptions.so[0m
[6.736s] [ 13%] [32m[1mLinking CXX static library libgtest_main.a[0m
[6.799s] [ 13%] Built target moveit_exceptions
[6.812s] [ 14%] [32mBuilding CXX object gmock/CMakeFiles/gmock.dir/src/gmock-all.cc.o[0m
[6.825s] [ 14%] Built target gtest_main
[6.853s] [ 15%] [32mBuilding CXX object version/CMakeFiles/moveit_version.dir/version.cpp.o[0m
[7.314s] [ 15%] [32m[1mLinking CXX executable moveit_version[0m
[7.660s] [ 15%] Built target moveit_version
[7.782s] [ 16%] [32mBuilding CXX object robot_model/CMakeFiles/moveit_robot_model.dir/src/aabb.cpp.o[0m
[7.812s] [ 17%] [32mBuilding CXX object robot_model/CMakeFiles/moveit_robot_model.dir/src/fixed_joint_model.cpp.o[0m
[8.388s] [ 18%] [32m[1mLinking CXX static library libgmock_main.a[0m
[8.607s] [ 18%] Built target gmock_main
[8.654s] [ 18%] [32mBuilding CXX object robot_model/CMakeFiles/moveit_robot_model.dir/src/floating_joint_model.cpp.o[0m
[9.540s] [ 19%] [32mBuilding CXX object robot_model/CMakeFiles/moveit_robot_model.dir/src/joint_model.cpp.o[0m
[13.155s] [ 19%] [32mBuilding CXX object robot_model/CMakeFiles/moveit_robot_model.dir/src/joint_model_group.cpp.o[0m
[14.130s] [ 20%] [32mBuilding CXX object robot_model/CMakeFiles/moveit_robot_model.dir/src/link_model.cpp.o[0m
[14.328s] [ 21%] [32m[1mLinking CXX shared library libmoveit_smoothing_base.so[0m
[15.012s] [ 21%] Built target moveit_smoothing_base
[15.053s] [ 21%] [32mBuilding CXX object robot_model/CMakeFiles/moveit_robot_model.dir/src/planar_joint_model.cpp.o[0m
[16.560s] [ 22%] [32mBuilding CXX object robot_model/CMakeFiles/moveit_robot_model.dir/src/prismatic_joint_model.cpp.o[0m
[16.855s] [ 23%] [32mBuilding CXX object robot_model/CMakeFiles/moveit_robot_model.dir/src/revolute_joint_model.cpp.o[0m
[17.050s] [ 23%] [32m[1mLinking CXX shared library libmoveit_utils.so[0m
[17.431s] [ 23%] Built target moveit_utils
[17.471s] [ 23%] [32mBuilding CXX object robot_model/CMakeFiles/moveit_robot_model.dir/src/robot_model.cpp.o[0m
[17.722s] [ 23%] [32mBuilding CXX object utils/test/CMakeFiles/logger_dut.dir/logger_dut.cpp.o[0m
[20.363s] [ 24%] [32mBuilding CXX object utils/test/CMakeFiles/logger_from_child_dut.dir/logger_from_child_dut.cpp.o[0m
[20.823s] [ 25%] [32mBuilding CXX object utils/test/CMakeFiles/logger_from_only_child_dut.dir/logger_from_only_child_dut.cpp.o[0m
[21.155s] [ 26%] [32m[1mLinking CXX static library libgtest.a[0m
[21.191s] [ 26%] [32m[1mLinking CXX shared library libmoveit_transforms.so[0m
[21.286s] [ 26%] Built target gtest
[21.563s] [ 26%] Built target moveit_transforms
[21.597s] [ 26%] [32mBuilding CXX object transforms/CMakeFiles/test_transforms.dir/test/test_transforms.cpp.o[0m
[22.260s] [ 26%] [32m[1mLinking CXX static library libgmock.a[0m
[22.371s] [ 26%] Built target gmock
[22.817s] [ 26%] [32m[1mLinking CXX shared library libmoveit_distance_field.so[0m
[23.030s] [ 26%] Built target moveit_distance_field
[23.057s] [ 27%] [32mBuilding CXX object distance_field/CMakeFiles/test_voxel_grid.dir/test/test_voxel_grid.cpp.o[0m
[23.059s] [ 27%] [32mBuilding CXX object distance_field/CMakeFiles/test_distance_field.dir/test/test_distance_field.cpp.o[0m
[23.434s] [ 28%] [32m[1mLinking CXX executable logger_dut[0m
[23.610s] [ 28%] Built target logger_dut
[24.759s] [ 28%] [32m[1mLinking CXX executable logger_from_child_dut[0m
[24.922s] [ 28%] Built target logger_from_child_dut
[25.711s] [ 28%] [32m[1mLinking CXX executable logger_from_only_child_dut[0m
[25.878s] [ 28%] Built target logger_from_only_child_dut
[26.058s] [ 29%] [32m[1mLinking CXX executable test_transforms[0m
[26.207s] [ 29%] Built target test_transforms
[27.844s] [ 29%] [32m[1mLinking CXX executable test_voxel_grid[0m
[27.965s] [ 29%] Built target test_voxel_grid
[29.281s] [ 30%] [32m[1mLinking CXX shared library libmoveit_robot_model.so[0m
[29.432s] [ 30%] Built target moveit_robot_model
[29.449s] [ 31%] [32mBuilding CXX object kinematics_base/CMakeFiles/moveit_kinematics_base.dir/src/kinematics_base.cpp.o[0m
[29.449s] [ 32%] [32mBuilding CXX object online_signal_smoothing/CMakeFiles/moveit_butterworth_filter.dir/src/butterworth_filter.cpp.o[0m
[32.507s] [ 33%] [32m[1mLinking CXX executable test_distance_field[0m
[32.738s] [ 33%] Built target test_distance_field
[33.854s] [ 33%] [32m[1mLinking CXX shared library libmoveit_kinematics_base.so[0m
[33.998s] [ 33%] Built target moveit_kinematics_base
[34.017s] [ 34%] [32mBuilding CXX object utils/CMakeFiles/moveit_test_utils.dir/src/robot_model_test_utils.cpp.o[0m
[34.017s] [ 34%] [32mBuilding CXX object robot_state/CMakeFiles/moveit_robot_state.dir/src/attached_body.cpp.o[0m
[34.017s] [ 35%] [32mBuilding CXX object robot_state/CMakeFiles/moveit_robot_state.dir/src/cartesian_interpolator.cpp.o[0m
[34.017s] [ 34%] [32mBuilding CXX object robot_state/CMakeFiles/moveit_robot_state.dir/src/robot_state.cpp.o[0m
[34.017s] [ 35%] [32mBuilding CXX object robot_state/CMakeFiles/moveit_robot_state.dir/src/conversions.cpp.o[0m
[35.423s] [ 35%] [32m[1mLinking CXX shared library libmoveit_butterworth_filter.so[0m
[35.588s] [ 35%] Built target moveit_butterworth_filter
[35.610s] [ 36%] [32mBuilding CXX object online_signal_smoothing/CMakeFiles/test_butterworth_filter.dir/test/test_butterworth_filter.cpp.o[0m
[42.596s] [ 36%] [32m[1mLinking CXX executable test_butterworth_filter[0m
[42.770s] [ 36%] Built target test_butterworth_filter
[48.210s] [ 37%] [32m[1mLinking CXX shared library libmoveit_test_utils.so[0m
[48.367s] [ 37%] Built target moveit_test_utils
[48.385s] [ 38%] [32mBuilding CXX object robot_model/CMakeFiles/test_robot_model.dir/test/test.cpp.o[0m
[53.489s] [ 38%] [32m[1mLinking CXX executable test_robot_model[0m
[53.722s] [ 38%] Built target test_robot_model
[55.236s] [ 38%] [32m[1mLinking CXX shared library libmoveit_robot_state.so[0m
[55.385s] [ 38%] Built target moveit_robot_state
[55.408s] [ 40%] [32mBuilding CXX object robot_state/CMakeFiles/test_robot_state_benchmark.dir/test/robot_state_benchmark.cpp.o[0m
[55.408s] [ 40%] [32mBuilding CXX object robot_state/CMakeFiles/test_aabb.dir/test/test_aabb.cpp.o[0m
[55.408s] [ 41%] [32mBuilding CXX object robot_state/CMakeFiles/test_robot_state.dir/test/robot_state_test.cpp.o[0m
[55.410s] [ 43%] [32mBuilding CXX object robot_trajectory/CMakeFiles/moveit_robot_trajectory.dir/src/robot_trajectory.cpp.o[0m
[55.410s] [ 43%] [32mBuilding CXX object dynamics_solver/CMakeFiles/moveit_dynamics_solver.dir/src/dynamics_solver.cpp.o[0m
[55.411s] [ 44%] [32mBuilding CXX object robot_state/CMakeFiles/test_robot_state_complex.dir/test/test_kinematic_complex.cpp.o[0m
[55.411s] [ 47%] [32mBuilding CXX object collision_detection/CMakeFiles/moveit_collision_detection.dir/src/collision_matrix.cpp.o[0m
[55.411s] [ 47%] [32mBuilding CXX object robot_state/CMakeFiles/test_cartesian_interpolator.dir/test/test_cartesian_interpolator.cpp.o[0m
[55.411s] [ 47%] [32mBuilding CXX object collision_detection/CMakeFiles/moveit_collision_detection.dir/src/collision_common.cpp.o[0m
[55.411s] [ 48%] [32mBuilding CXX object robot_state/CMakeFiles/robot_state_jacobian_benchmark.dir/test/robot_state_jacobian_benchmark.cpp.o[0m
[55.411s] [ 49%] [32mBuilding CXX object kinematics_metrics/CMakeFiles/moveit_kinematics_metrics.dir/src/kinematics_metrics.cpp.o[0m
[55.418s] [ 49%] [32mBuilding CXX object collision_detection/CMakeFiles/moveit_collision_detection.dir/src/allvalid/collision_env_allvalid.cpp.o[0m
[63.464s] [ 49%] [32mBuilding CXX object collision_detection/CMakeFiles/moveit_collision_detection.dir/src/collision_octomap_filter.cpp.o[0m
[64.829s] [ 49%] [32m[1mLinking CXX executable robot_state_jacobian_benchmark[0m
[65.109s] [ 50%] [32mBuilding CXX object collision_detection/CMakeFiles/moveit_collision_detection.dir/src/collision_tools.cpp.o[0m
[65.312s] [ 50%] Built target robot_state_jacobian_benchmark
[65.327s] [ 50%] [32mBuilding CXX object collision_detection/CMakeFiles/moveit_collision_detection.dir/src/world.cpp.o[0m
[66.181s] [ 51%] [32mBuilding CXX object collision_detection/CMakeFiles/moveit_collision_detection.dir/src/world_diff.cpp.o[0m
[66.420s] [ 51%] [32m[1mLinking CXX executable test_cartesian_interpolator[0m
[66.469s] [ 51%] [32m[1mLinking CXX shared library libmoveit_dynamics_solver.so[0m
[66.795s] [ 51%] Built target moveit_dynamics_solver
[66.811s] [ 51%] [32mBuilding CXX object collision_detection/CMakeFiles/moveit_collision_detection.dir/src/collision_env.cpp.o[0m
[66.947s] [ 51%] Built target test_cartesian_interpolator
[66.960s] [ 52%] [32mBuilding CXX object collision_detection/CMakeFiles/moveit_collision_detection.dir/src/collision_plugin_cache.cpp.o[0m
[68.215s] [ 52%] [32m[1mLinking CXX executable test_robot_state_benchmark[0m
[68.716s] [ 52%] Built target test_robot_state_benchmark
[69.968s] [ 52%] [32m[1mLinking CXX executable test_aabb[0m
[70.463s] [ 52%] Built target test_aabb
[70.805s] [ 53%] [32m[1mLinking CXX shared library libmoveit_robot_trajectory.so[0m
[71.037s] [ 53%] Built target moveit_robot_trajectory
[71.068s] [ 54%] [32mBuilding CXX object planning_interface/CMakeFiles/moveit_planning_interface.dir/src/planning_interface.cpp.o[0m
[71.070s] [ 55%] [32mBuilding CXX object planning_interface/CMakeFiles/moveit_planning_interface.dir/src/planning_response.cpp.o[0m
[71.074s] [ 56%] [32mBuilding CXX object trajectory_processing/CMakeFiles/moveit_trajectory_processing.dir/src/ruckig_traj_smoothing.cpp.o[0m
[71.074s] [ 56%] [32mBuilding CXX object robot_trajectory/CMakeFiles/test_robot_trajectory.dir/test/test_robot_trajectory.cpp.o[0m
[71.389s] [ 56%] [32m[1mLinking CXX executable test_robot_state_complex[0m
[71.909s] [ 56%] Built target test_robot_state_complex
[71.928s] [ 57%] [32mBuilding CXX object trajectory_processing/CMakeFiles/moveit_trajectory_processing.dir/src/trajectory_tools.cpp.o[0m
[72.721s] [ 58%] [32mBuilding CXX object trajectory_processing/CMakeFiles/moveit_trajectory_processing.dir/src/time_optimal_trajectory_generation.cpp.o[0m
[79.458s] [ 58%] [32m[1mLinking CXX executable test_robot_state[0m
[79.948s] [ 58%] Built target test_robot_state
[84.796s] [ 58%] [32m[1mLinking CXX shared library libmoveit_planning_interface.so[0m
[84.952s] [ 58%] Built target moveit_planning_interface
[85.321s] [ 59%] [32m[1mLinking CXX shared library libmoveit_collision_detection.so[0m
[85.377s] [ 59%] [32m[1mLinking CXX shared library libmoveit_kinematics_metrics.so[0m
[85.527s] [ 59%] Built target moveit_collision_detection
[85.549s] [ 61%] [32mBuilding CXX object collision_detection/CMakeFiles/test_world.dir/test/test_world.cpp.o[0m
[85.549s] [ 61%] [32mBuilding CXX object collision_detection/CMakeFiles/test_all_valid.dir/test/test_all_valid.cpp.o[0m
[85.550s] [ 62%] [32mBuilding CXX object collision_detection/CMakeFiles/test_world_diff.dir/test/test_world_diff.cpp.o[0m
[85.556s] [ 63%] [32mBuilding CXX object collision_detection_bullet/CMakeFiles/moveit_collision_detection_bullet.dir/src/bullet_integration/bullet_utils.cpp.o[0m
[85.556s] [ 63%] [32mBuilding CXX object collision_detection_fcl/CMakeFiles/moveit_collision_detection_fcl.dir/src/collision_common.cpp.o[0m
[85.556s] [ 63%] [32mBuilding CXX object collision_detection_bullet/CMakeFiles/moveit_collision_detection_bullet.dir/src/bullet_integration/bullet_cast_bvh_manager.cpp.o[0m
[85.556s] [ 63%] [32mBuilding CXX object collision_detection_fcl/CMakeFiles/moveit_collision_detection_fcl.dir/src/collision_env_fcl.cpp.o[0m
[85.556s] [ 65%] [32mBuilding CXX object collision_detection_bullet/CMakeFiles/moveit_collision_detection_bullet.dir/src/bullet_integration/bullet_discrete_bvh_manager.cpp.o[0m
[85.556s] [ 65%] [32mBuilding CXX object collision_detection_bullet/CMakeFiles/moveit_collision_detection_bullet.dir/src/collision_env_bullet.cpp.o[0m
[85.569s] [ 65%] Built target moveit_kinematics_metrics
[85.580s] [ 65%] [32mBuilding CXX object collision_detection_bullet/CMakeFiles/moveit_collision_detection_bullet.dir/src/bullet_integration/bullet_bvh_manager.cpp.o[0m
[85.584s] [ 66%] [32m[1mLinking CXX executable test_robot_trajectory[0m
[85.983s] [ 66%] Built target test_robot_trajectory
[85.995s] [ 67%] [32mBuilding CXX object collision_detection_bullet/CMakeFiles/moveit_collision_detection_bullet.dir/src/bullet_integration/contact_checker_common.cpp.o[0m
[86.250s] [ 67%] [32m[1mLinking CXX shared library libmoveit_trajectory_processing.so[0m
[86.575s] [ 67%] Built target moveit_trajectory_processing
[86.610s] [ 67%] [32mBuilding CXX object trajectory_processing/CMakeFiles/test_time_optimal_trajectory_generation.dir/test/test_time_optimal_trajectory_generation.cpp.o[0m
[95.142s] [ 67%] [32m[1mLinking CXX executable test_world_diff[0m
[95.457s] [ 68%] [32mBuilding CXX object collision_detection_bullet/CMakeFiles/moveit_collision_detection_bullet.dir/src/bullet_integration/ros_bullet_utils.cpp.o[0m
[95.518s] [ 68%] [32mBuilding CXX object trajectory_processing/CMakeFiles/test_ruckig_traj_smoothing.dir/test/test_ruckig_traj_smoothing.cpp.o[0m
[95.607s] [ 68%] Built target test_world_diff
[96.776s] [ 68%] [32m[1mLinking CXX executable test_world[0m
[97.049s] [ 69%] [32m[1mLinking CXX executable test_all_valid[0m
[97.075s] [ 69%] Built target test_world
[97.354s] [ 69%] Built target test_all_valid
[99.757s] [ 70%] [32m[1mLinking CXX shared library libmoveit_collision_detection_fcl.so[0m
[99.988s] [ 70%] Built target moveit_collision_detection_fcl
[100.008s] [ 71%] [32mBuilding CXX object kinematic_constraints/CMakeFiles/moveit_kinematic_constraints.dir/src/utils.cpp.o[0m
[100.008s] [ 71%] [32mBuilding CXX object kinematic_constraints/CMakeFiles/moveit_kinematic_constraints.dir/src/kinematic_constraint.cpp.o[0m
[100.010s] [ 72%] [32mBuilding CXX object collision_detection_fcl/CMakeFiles/test_fcl_collision_detection.dir/test/test_fcl_collision_detection_pr2.cpp.o[0m
[100.010s] [ 73%] [32mBuilding CXX object collision_detection_fcl/CMakeFiles/test_fcl_collision_detection_panda.dir/test/test_fcl_collision_detection_panda.cpp.o[0m
[100.016s] [ 74%] [32mBuilding CXX object collision_detection_fcl/CMakeFiles/test_fcl_collision_env.dir/test/test_fcl_env.cpp.o[0m
[102.063s] [ 74%] [32m[1mLinking CXX shared library libmoveit_collision_detection_bullet.so[0m
[102.423s] [ 74%] Built target moveit_collision_detection_bullet
[102.454s] [ 74%] [32mBuilding CXX object collision_detection_bullet/CMakeFiles/test_bullet_collision_detection_panda.dir/test/test_bullet_collision_detection_panda.cpp.o[0m
[102.454s] [ 74%] [32mBuilding CXX object collision_detection_bullet/CMakeFiles/test_bullet_collision_detection.dir/test/test_bullet_collision_detection_pr2.cpp.o[0m
[102.455s] [ 74%] [32mBuilding CXX object collision_detection_bullet/CMakeFiles/test_bullet_continuous_collision_checking.dir/test/test_bullet_continuous_collision_checking.cpp.o[0m
[103.738s] [ 75%] [32m[1mLinking CXX executable test_time_optimal_trajectory_generation[0m
[104.214s] [ 75%] Built target test_time_optimal_trajectory_generation
[104.415s] [ 76%] [32m[1mLinking CXX executable test_ruckig_traj_smoothing[0m
[104.736s] [ 76%] Built target test_ruckig_traj_smoothing
[111.611s] [ 76%] [32m[1mLinking CXX executable test_fcl_collision_env[0m
[112.016s] [ 76%] Built target test_fcl_collision_env
[112.734s] [ 76%] [32m[1mLinking CXX executable test_fcl_collision_detection[0m
[113.129s] [ 76%] Built target test_fcl_collision_detection
[114.527s] [ 76%] [32m[1mLinking CXX executable test_fcl_collision_detection_panda[0m
[114.746s] [ 77%] [32m[1mLinking CXX executable test_bullet_collision_detection[0m
[114.860s] [ 77%] Built target test_fcl_collision_detection_panda
[115.096s] [ 77%] Built target test_bullet_collision_detection
[115.299s] [ 78%] [32m[1mLinking CXX executable test_bullet_collision_detection_panda[0m
[115.604s] [ 78%] Built target test_bullet_collision_detection_panda
[116.290s] [ 78%] [32m[1mLinking CXX shared library libmoveit_kinematic_constraints.so[0m
[116.462s] [ 78%] Built target moveit_kinematic_constraints
[116.482s] [ 79%] [32mBuilding CXX object kinematic_constraints/CMakeFiles/test_constraints.dir/test/test_constraints.cpp.o[0m
[116.482s] [ 79%] [32mBuilding CXX object kinematic_constraints/CMakeFiles/test_orientation_constraints.dir/test/test_orientation_constraints.cpp.o[0m
[116.482s] [ 79%] [32mBuilding CXX object planning_scene/CMakeFiles/moveit_planning_scene.dir/src/planning_scene.cpp.o[0m
[117.676s] [ 80%] [32m[1mLinking CXX executable test_bullet_continuous_collision_checking[0m
[117.975s] [ 80%] Built target test_bullet_continuous_collision_checking
[126.227s] [ 81%] [32m[1mLinking CXX executable test_orientation_constraints[0m
[126.521s] [ 81%] Built target test_orientation_constraints
[127.712s] [ 82%] [32m[1mLinking CXX executable test_constraints[0m
[127.986s] [ 82%] Built target test_constraints
[133.430s] [ 82%] [32m[1mLinking CXX shared library libmoveit_planning_scene.so[0m
[133.609s] [ 82%] Built target moveit_planning_scene
[133.632s] [ 85%] [32mBuilding CXX object planning_request_adapter/CMakeFiles/moveit_planning_request_adapter.dir/src/planning_request_adapter.cpp.o[0m
[133.632s] [ 85%] [32mBuilding CXX object constraint_samplers/CMakeFiles/moveit_constraint_samplers.dir/src/constraint_sampler_tools.cpp.o[0m
[133.632s] [ 85%] [32mBuilding CXX object collision_detection_bullet/CMakeFiles/collision_detector_bullet_plugin.dir/src/collision_detector_bullet_plugin_loader.cpp.o[0m
[133.632s] [ 85%] [32mBuilding CXX object collision_detection_fcl/CMakeFiles/collision_detector_fcl_plugin.dir/src/collision_detector_fcl_plugin_loader.cpp.o[0m
[133.632s] [ 85%] [32mBuilding CXX object constraint_samplers/CMakeFiles/moveit_constraint_samplers.dir/src/constraint_sampler.cpp.o[0m
[133.632s] [ 85%] [32mBuilding CXX object constraint_samplers/CMakeFiles/moveit_constraint_samplers.dir/src/constraint_sampler_manager.cpp.o[0m
[133.632s] [ 85%] [32mBuilding CXX object constraint_samplers/CMakeFiles/moveit_constraint_samplers.dir/src/default_constraint_samplers.cpp.o[0m
[133.632s] [ 85%] [32mBuilding CXX object constraint_samplers/CMakeFiles/moveit_constraint_samplers.dir/src/union_constraint_sampler.cpp.o[0m
[133.633s] [ 85%] [32mBuilding CXX object collision_distance_field/CMakeFiles/moveit_collision_distance_field.dir/src/collision_distance_field_types.cpp.o[0m
[133.635s] [ 87%] [32mBuilding CXX object planning_scene/CMakeFiles/test_planning_scene.dir/test/test_planning_scene.cpp.o[0m
[133.635s] [ 87%] [32mBuilding CXX object planning_scene/CMakeFiles/test_multi_threaded.dir/test/test_multi_threaded.cpp.o[0m
[133.636s] [ 87%] [32mBuilding CXX object planning_scene/CMakeFiles/test_collision_objects.dir/test/test_collision_objects.cpp.o[0m
[145.790s] [ 88%] [32mBuilding CXX object collision_distance_field/CMakeFiles/moveit_collision_distance_field.dir/src/collision_common_distance_field.cpp.o[0m
[146.198s] [ 88%] [32mBuilding CXX object collision_distance_field/CMakeFiles/moveit_collision_distance_field.dir/src/collision_env_distance_field.cpp.o[0m
[147.172s] [ 89%] [32mBuilding CXX object collision_distance_field/CMakeFiles/moveit_collision_distance_field.dir/src/collision_env_hybrid.cpp.o[0m
[147.728s] [ 89%] [32m[1mLinking CXX shared library libmoveit_planning_request_adapter.so[0m
[147.919s] [ 90%] [32m[1mLinking CXX shared library libcollision_detector_bullet_plugin.so[0m
[148.054s] [ 90%] Built target moveit_planning_request_adapter
[148.091s] [ 90%] [32mBuilding CXX object planning_request_adapter/CMakeFiles/test_planning_request_adapter_chain.dir/test/test_planning_request_adapter_chain.cpp.o[0m
[148.228s] [ 90%] Built target collision_detector_bullet_plugin
[149.546s] [ 91%] [32m[1mLinking CXX shared library libcollision_detector_fcl_plugin.so[0m
[149.624s] [ 92%] [32m[1mLinking CXX executable test_multi_threaded[0m
[149.844s] [ 92%] Built target collision_detector_fcl_plugin
[150.190s] [ 92%] Built target test_multi_threaded
[152.373s] [ 93%] [32m[1mLinking CXX executable test_collision_objects[0m
[152.754s] [ 93%] Built target test_collision_objects
[152.993s] [ 94%] [32m[1mLinking CXX shared library libmoveit_constraint_samplers.so[0m
[153.214s] [ 94%] Built target moveit_constraint_samplers
[153.237s] [ 95%] [32mBuilding CXX object constraint_samplers/CMakeFiles/test_constraint_samplers.dir/test/pr2_arm_kinematics_plugin.cpp.o[0m
[153.239s] [ 95%] [32mBuilding CXX object constraint_samplers/CMakeFiles/test_constraint_samplers.dir/test/test_constraint_samplers.cpp.o[0m
[153.239s] [ 95%] [32mBuilding CXX object constraint_samplers/CMakeFiles/test_constraint_samplers.dir/test/pr2_arm_ik.cpp.o[0m
[159.061s] [ 96%] [32m[1mLinking CXX executable test_planning_scene[0m
[159.448s] [ 96%] Built target test_planning_scene
[160.111s] [ 97%] [32m[1mLinking CXX executable test_planning_request_adapter_chain[0m
[160.431s] [ 97%] Built target test_planning_request_adapter_chain
[164.377s] [ 98%] [32m[1mLinking CXX shared library libmoveit_collision_distance_field.so[0m
[164.563s] [ 98%] Built target moveit_collision_distance_field
[164.582s] [ 99%] [32mBuilding CXX object collision_distance_field/CMakeFiles/test_collision_distance_field.dir/test/test_collision_distance_field.cpp.o[0m
[168.755s] [100%] [32m[1mLinking CXX executable test_constraint_samplers[0m
[169.092s] [100%] Built target test_constraint_samplers
[174.636s] [100%] [32m[1mLinking CXX executable test_collision_distance_field[0m
[174.906s] [100%] Built target test_collision_distance_field
[174.918s] Invoked command in '/home/sazma/ws_future/build/moveit_core' returned '0': AMENT_PREFIX_PATH=/home/sazma/ws_future/install/moveit_resources_panda_moveit_config:/home/sazma/ws_future/install/moveit_resources_pr2_description:/home/sazma/ws_future/install/moveit_resources_panda_description:/home/sazma/ws_future/install/moveit_msgs:/home/sazma/ws_future/install/moveit_common:${AMENT_PREFIX_PATH} CMAKE_PREFIX_PATH=/home/sazma/ws_future/install/moveit_resources_panda_moveit_config:/home/sazma/ws_future/install/moveit_resources_pr2_description:/home/sazma/ws_future/install/moveit_resources_panda_description:/home/sazma/ws_future/install/moveit_msgs:/home/sazma/ws_future/install/moveit_common:/home/sazma/ws_future/install/ui_for_debug_and_demo:/home/sazma/ws_future/install/tm_driver:/home/sazma/ws_future/install/demo:/home/sazma/ws_future/install/tm_msgs:/home/sazma/ws_future/install/tm_moveit_cpp_demo:/home/sazma/ws_future/install/tm_moveit_config_tm5x-900:/home/sazma/ws_future/install/tm_moveit_config_tm5x-700:/home/sazma/ws_future/install/tm_moveit_config_tm5-900:/home/sazma/ws_future/install/tm_moveit_config_tm5-700:/home/sazma/ws_future/install/tm_moveit_config_tm14x:/home/sazma/ws_future/install/tm_moveit_config_tm14:/home/sazma/ws_future/install/tm_moveit_config_tm12x:/home/sazma/ws_future/install/tm_moveit_config_tm12:/home/sazma/ws_future/install/tm_description:/home/sazma/ws_future/install/custom_package:/home/sazma/ws_future/install/techman_robot_msgs:/home/sazma/ws_tm/install/ui_for_debug_and_demo:/home/sazma/ws_tm/install/tm_driver:/home/sazma/ws_tm/install/demo:/home/sazma/ws_tm/install/tm_msgs:/home/sazma/ws_tm/install/tm_moveit_cpp_demo:/home/sazma/ws_tm/install/tm_moveit_config_tm5x-900:/home/sazma/ws_tm/install/tm_moveit_config_tm5x-700:/home/sazma/ws_tm/install/tm_moveit_config_tm5-900:/home/sazma/ws_tm/install/tm_moveit_config_tm5-700:/home/sazma/ws_tm/install/tm_moveit_config_tm14x:/home/sazma/ws_tm/install/tm_moveit_config_tm14:/home/sazma/ws_tm/install/tm_moveit_config_tm12x:/home/sazma/ws_tm/install/tm_moveit_config_tm12:/home/sazma/ws_tm/install/tm_description:/home/sazma/ws_tm/install/custom_package:/home/sazma/ws_tm/install/techman_robot_msgs:/home/sazma/ws_future/install/tm_mod_urdf:/home/sazma/ws_future/install/tm_get_status:/home/sazma/ws_tm/install/tm_mod_urdf:/home/sazma/ws_tm/install/tm_get_status:/opt/ros/humble LD_LIBRARY_PATH=/home/sazma/ws_future/install/moveit_msgs/lib:${LD_LIBRARY_PATH} PYTHONPATH=/home/sazma/ws_future/install/moveit_msgs/local/lib/python3.10/dist-packages:${PYTHONPATH} /usr/bin/cmake --build /home/sazma/ws_future/build/moveit_core -- -j12 -l12
[174.974s] Invoking command in '/home/sazma/ws_future/build/moveit_core': AMENT_PREFIX_PATH=/home/sazma/ws_future/install/moveit_resources_panda_moveit_config:/home/sazma/ws_future/install/moveit_resources_pr2_description:/home/sazma/ws_future/install/moveit_resources_panda_description:/home/sazma/ws_future/install/moveit_msgs:/home/sazma/ws_future/install/moveit_common:${AMENT_PREFIX_PATH} CMAKE_PREFIX_PATH=/home/sazma/ws_future/install/moveit_resources_panda_moveit_config:/home/sazma/ws_future/install/moveit_resources_pr2_description:/home/sazma/ws_future/install/moveit_resources_panda_description:/home/sazma/ws_future/install/moveit_msgs:/home/sazma/ws_future/install/moveit_common:/home/sazma/ws_future/install/ui_for_debug_and_demo:/home/sazma/ws_future/install/tm_driver:/home/sazma/ws_future/install/demo:/home/sazma/ws_future/install/tm_msgs:/home/sazma/ws_future/install/tm_moveit_cpp_demo:/home/sazma/ws_future/install/tm_moveit_config_tm5x-900:/home/sazma/ws_future/install/tm_moveit_config_tm5x-700:/home/sazma/ws_future/install/tm_moveit_config_tm5-900:/home/sazma/ws_future/install/tm_moveit_config_tm5-700:/home/sazma/ws_future/install/tm_moveit_config_tm14x:/home/sazma/ws_future/install/tm_moveit_config_tm14:/home/sazma/ws_future/install/tm_moveit_config_tm12x:/home/sazma/ws_future/install/tm_moveit_config_tm12:/home/sazma/ws_future/install/tm_description:/home/sazma/ws_future/install/custom_package:/home/sazma/ws_future/install/techman_robot_msgs:/home/sazma/ws_tm/install/ui_for_debug_and_demo:/home/sazma/ws_tm/install/tm_driver:/home/sazma/ws_tm/install/demo:/home/sazma/ws_tm/install/tm_msgs:/home/sazma/ws_tm/install/tm_moveit_cpp_demo:/home/sazma/ws_tm/install/tm_moveit_config_tm5x-900:/home/sazma/ws_tm/install/tm_moveit_config_tm5x-700:/home/sazma/ws_tm/install/tm_moveit_config_tm5-900:/home/sazma/ws_tm/install/tm_moveit_config_tm5-700:/home/sazma/ws_tm/install/tm_moveit_config_tm14x:/home/sazma/ws_tm/install/tm_moveit_config_tm14:/home/sazma/ws_tm/install/tm_moveit_config_tm12x:/home/sazma/ws_tm/install/tm_moveit_config_tm12:/home/sazma/ws_tm/install/tm_description:/home/sazma/ws_tm/install/custom_package:/home/sazma/ws_tm/install/techman_robot_msgs:/home/sazma/ws_future/install/tm_mod_urdf:/home/sazma/ws_future/install/tm_get_status:/home/sazma/ws_tm/install/tm_mod_urdf:/home/sazma/ws_tm/install/tm_get_status:/opt/ros/humble LD_LIBRARY_PATH=/home/sazma/ws_future/install/moveit_msgs/lib:${LD_LIBRARY_PATH} PYTHONPATH=/home/sazma/ws_future/install/moveit_msgs/local/lib/python3.10/dist-packages:${PYTHONPATH} /usr/bin/cmake --install /home/sazma/ws_future/build/moveit_core
[174.981s] -- Install configuration: "Release"
[174.981s] -- Installing: /home/sazma/ws_future/install/moveit_core/include/moveit_core
[174.981s] -- Installing: /home/sazma/ws_future/install/moveit_core/include/moveit_core/moveit
[174.981s] -- Installing: /home/sazma/ws_future/install/moveit_core/include/moveit_core/moveit/collision_detection_bullet
[174.981s] -- Installing: /home/sazma/ws_future/install/moveit_core/include/moveit_core/moveit/collision_detection_bullet/bullet_integration
[174.981s] -- Installing: /home/sazma/ws_future/install/moveit_core/include/moveit_core/moveit/collision_detection_bullet/bullet_integration/basic_types.h
[174.981s] -- Installing: /home/sazma/ws_future/install/moveit_core/include/moveit_core/moveit/collision_detection_bullet/bullet_integration/contact_checker_common.h
[174.981s] -- Installing: /home/sazma/ws_future/install/moveit_core/include/moveit_core/moveit/collision_detection_bullet/bullet_integration/bullet_discrete_bvh_manager.h
[174.982s] -- Installing: /home/sazma/ws_future/install/moveit_core/include/moveit_core/moveit/collision_detection_bullet/bullet_integration/bullet_bvh_manager.h
[174.982s] -- Installing: /home/sazma/ws_future/install/moveit_core/include/moveit_core/moveit/collision_detection_bullet/bullet_integration/ros_bullet_utils.h
[174.982s] -- Installing: /home/sazma/ws_future/install/moveit_core/include/moveit_core/moveit/collision_detection_bullet/bullet_integration/bullet_utils.h
[174.982s] -- Installing: /home/sazma/ws_future/install/moveit_core/include/moveit_core/moveit/collision_detection_bullet/bullet_integration/bullet_cast_bvh_manager.h
[174.982s] -- Installing: /home/sazma/ws_future/install/moveit_core/include/moveit_core/moveit/collision_detection_bullet/collision_env_bullet.h
[174.982s] -- Installing: /home/sazma/ws_future/install/moveit_core/include/moveit_core/moveit/collision_detection_bullet/collision_detector_allocator_bullet.h
[174.982s] -- Installing: /home/sazma/ws_future/install/moveit_core/include/moveit_core/moveit/collision_detection_bullet/collision_detector_bullet_plugin_loader.h
[174.982s] -- Installing: /home/sazma/ws_future/install/moveit_core/include/moveit_core/moveit_collision_detection_bullet_export.h
[174.982s] -- Up-to-date: /home/sazma/ws_future/install/moveit_core/include/moveit_core
[174.982s] -- Up-to-date: /home/sazma/ws_future/install/moveit_core/include/moveit_core/moveit
[174.982s] -- Installing: /home/sazma/ws_future/install/moveit_core/include/moveit_core/moveit/collision_detection_fcl
[174.982s] -- Installing: /home/sazma/ws_future/install/moveit_core/include/moveit_core/moveit/collision_detection_fcl/collision_detector_allocator_fcl.h
[174.982s] -- Installing: /home/sazma/ws_future/install/moveit_core/include/moveit_core/moveit/collision_detection_fcl/collision_env_fcl.h
[174.983s] -- Installing: /home/sazma/ws_future/install/moveit_core/include/moveit_core/moveit/collision_detection_fcl/collision_detector_fcl_plugin_loader.h
[174.983s] -- Installing: /home/sazma/ws_future/install/moveit_core/include/moveit_core/moveit/collision_detection_fcl/fcl_compat.h
[174.983s] -- Installing: /home/sazma/ws_future/install/moveit_core/include/moveit_core/moveit/collision_detection_fcl/collision_common.h
[174.983s] -- Installing: /home/sazma/ws_future/install/moveit_core/include/moveit_core/moveit_collision_detection_fcl_export.h
[174.983s] -- Up-to-date: /home/sazma/ws_future/install/moveit_core/include/moveit_core
[174.983s] -- Up-to-date: /home/sazma/ws_future/install/moveit_core/include/moveit_core/moveit
[174.983s] -- Installing: /home/sazma/ws_future/install/moveit_core/include/moveit_core/moveit/collision_detection
[174.983s] -- Installing: /home/sazma/ws_future/install/moveit_core/include/moveit_core/moveit/collision_detection/test_collision_common_pr2.h
[174.983s] -- Installing: /home/sazma/ws_future/install/moveit_core/include/moveit_core/moveit/collision_detection/allvalid
[174.983s] -- Installing: /home/sazma/ws_future/install/moveit_core/include/moveit_core/moveit/collision_detection/allvalid/collision_detector_allocator_allvalid.h
[174.983s] -- Installing: /home/sazma/ws_future/install/moveit_core/include/moveit_core/moveit/collision_detection/allvalid/collision_env_allvalid.h
[174.983s] -- Installing: /home/sazma/ws_future/install/moveit_core/include/moveit_core/moveit/collision_detection/collision_octomap_filter.h
[174.983s] -- Installing: /home/sazma/ws_future/install/moveit_core/include/moveit_core/moveit/collision_detection/collision_plugin.h
[174.984s] -- Installing: /home/sazma/ws_future/install/moveit_core/include/moveit_core/moveit/collision_detection/collision_env.h
[174.984s] -- Installing: /home/sazma/ws_future/install/moveit_core/include/moveit_core/moveit/collision_detection/occupancy_map.h
[174.984s] -- Installing: /home/sazma/ws_future/install/moveit_core/include/moveit_core/moveit/collision_detection/world.h
[174.984s] -- Installing: /home/sazma/ws_future/install/moveit_core/include/moveit_core/moveit/collision_detection/collision_tools.h
[174.984s] -- Installing: /home/sazma/ws_future/install/moveit_core/include/moveit_core/moveit/collision_detection/collision_plugin_cache.h
[174.984s] -- Installing: /home/sazma/ws_future/install/moveit_core/include/moveit_core/moveit/collision_detection/collision_common.h
[174.984s] -- Installing: /home/sazma/ws_future/install/moveit_core/include/moveit_core/moveit/collision_detection/world_diff.h
[174.984s] -- Installing: /home/sazma/ws_future/install/moveit_core/include/moveit_core/moveit/collision_detection/test_collision_common_panda.h
[174.984s] -- Installing: /home/sazma/ws_future/install/moveit_core/include/moveit_core/moveit/collision_detection/collision_detector_allocator.h
[174.984s] -- Installing: /home/sazma/ws_future/install/moveit_core/include/moveit_core/moveit/collision_detection/collision_matrix.h
[174.984s] -- Installing: /home/sazma/ws_future/install/moveit_core/include/moveit_core/moveit_collision_detection_export.h
[174.984s] -- Up-to-date: /home/sazma/ws_future/install/moveit_core/include/moveit_core
[174.985s] -- Up-to-date: /home/sazma/ws_future/install/moveit_core/include/moveit_core/moveit
[174.985s] -- Installing: /home/sazma/ws_future/install/moveit_core/include/moveit_core/moveit/collision_distance_field
[174.985s] -- Installing: /home/sazma/ws_future/install/moveit_core/include/moveit_core/moveit/collision_distance_field/collision_common_distance_field.h
[174.985s] -- Installing: /home/sazma/ws_future/install/moveit_core/include/moveit_core/moveit/collision_distance_field/collision_distance_field_types.h
[174.985s] -- Installing: /home/sazma/ws_future/install/moveit_core/include/moveit_core/moveit/collision_distance_field/collision_env_hybrid.h
[174.985s] -- Installing: /home/sazma/ws_future/install/moveit_core/include/moveit_core/moveit/collision_distance_field/collision_env_distance_field.h
[174.985s] -- Installing: /home/sazma/ws_future/install/moveit_core/include/moveit_core/moveit/collision_distance_field/collision_detector_allocator_distance_field.h
[174.985s] -- Installing: /home/sazma/ws_future/install/moveit_core/include/moveit_core/moveit/collision_distance_field/collision_detector_allocator_hybrid.h
[174.985s] -- Installing: /home/sazma/ws_future/install/moveit_core/include/moveit_core/moveit_collision_distance_field_export.h
[174.985s] -- Up-to-date: /home/sazma/ws_future/install/moveit_core/include/moveit_core
[174.985s] -- Up-to-date: /home/sazma/ws_future/install/moveit_core/include/moveit_core/moveit
[174.985s] -- Installing: /home/sazma/ws_future/install/moveit_core/include/moveit_core/moveit/constraint_samplers
[174.985s] -- Installing: /home/sazma/ws_future/install/moveit_core/include/moveit_core/moveit/constraint_samplers/constraint_sampler_tools.h
[174.986s] -- Installing: /home/sazma/ws_future/install/moveit_core/include/moveit_core/moveit/constraint_samplers/default_constraint_samplers.h
[174.986s] -- Installing: /home/sazma/ws_future/install/moveit_core/include/moveit_core/moveit/constraint_samplers/constraint_sampler_manager.h
[174.986s] -- Installing: /home/sazma/ws_future/install/moveit_core/include/moveit_core/moveit/constraint_samplers/union_constraint_sampler.h
[174.986s] -- Installing: /home/sazma/ws_future/install/moveit_core/include/moveit_core/moveit/constraint_samplers/constraint_sampler_allocator.h
[174.986s] -- Installing: /home/sazma/ws_future/install/moveit_core/include/moveit_core/moveit/constraint_samplers/constraint_sampler.h
[174.986s] -- Up-to-date: /home/sazma/ws_future/install/moveit_core/include/moveit_core
[174.986s] -- Up-to-date: /home/sazma/ws_future/install/moveit_core/include/moveit_core/moveit
[174.986s] -- Installing: /home/sazma/ws_future/install/moveit_core/include/moveit_core/moveit/controller_manager
[174.986s] -- Installing: /home/sazma/ws_future/install/moveit_core/include/moveit_core/moveit/controller_manager/controller_manager.h
[174.986s] -- Up-to-date: /home/sazma/ws_future/install/moveit_core/include/moveit_core
[174.986s] -- Up-to-date: /home/sazma/ws_future/install/moveit_core/include/moveit_core/moveit
[174.986s] -- Installing: /home/sazma/ws_future/install/moveit_core/include/moveit_core/moveit/distance_field
[174.987s] -- Installing: /home/sazma/ws_future/install/moveit_core/include/moveit_core/moveit/distance_field/distance_field.h
[174.987s] -- Installing: /home/sazma/ws_future/install/moveit_core/include/moveit_core/moveit/distance_field/find_internal_points.h
[174.987s] -- Installing: /home/sazma/ws_future/install/moveit_core/include/moveit_core/moveit/distance_field/voxel_grid.h
[174.987s] -- Installing: /home/sazma/ws_future/install/moveit_core/include/moveit_core/moveit/distance_field/propagation_distance_field.h
[174.987s] -- Up-to-date: /home/sazma/ws_future/install/moveit_core/include/moveit_core
[174.987s] -- Up-to-date: /home/sazma/ws_future/install/moveit_core/include/moveit_core/moveit
[174.987s] -- Installing: /home/sazma/ws_future/install/moveit_core/include/moveit_core/moveit/dynamics_solver
[174.987s] -- Installing: /home/sazma/ws_future/install/moveit_core/include/moveit_core/moveit/dynamics_solver/dynamics_solver.h
[174.987s] -- Up-to-date: /home/sazma/ws_future/install/moveit_core/include/moveit_core
[174.987s] -- Up-to-date: /home/sazma/ws_future/install/moveit_core/include/moveit_core/moveit
[174.987s] -- Installing: /home/sazma/ws_future/install/moveit_core/include/moveit_core/moveit/exceptions
[174.987s] -- Installing: /home/sazma/ws_future/install/moveit_core/include/moveit_core/moveit/exceptions/exceptions.h
[174.988s] -- Up-to-date: /home/sazma/ws_future/install/moveit_core/include/moveit_core
[174.988s] -- Up-to-date: /home/sazma/ws_future/install/moveit_core/include/moveit_core/moveit
[174.988s] -- Installing: /home/sazma/ws_future/install/moveit_core/include/moveit_core/moveit/kinematic_constraints
[174.988s] -- Installing: /home/sazma/ws_future/install/moveit_core/include/moveit_core/moveit/kinematic_constraints/utils.h
[174.988s] -- Installing: /home/sazma/ws_future/install/moveit_core/include/moveit_core/moveit/kinematic_constraints/kinematic_constraint.h
[174.988s] -- Up-to-date: /home/sazma/ws_future/install/moveit_core/include/moveit_core
[174.988s] -- Up-to-date: /home/sazma/ws_future/install/moveit_core/include/moveit_core/moveit
[174.988s] -- Installing: /home/sazma/ws_future/install/moveit_core/include/moveit_core/moveit/kinematics_base
[174.988s] -- Installing: /home/sazma/ws_future/install/moveit_core/include/moveit_core/moveit/kinematics_base/kinematics_base.h
[174.988s] -- Installing: /home/sazma/ws_future/install/moveit_core/include/moveit_core/moveit_kinematics_base_export.h
[174.988s] -- Up-to-date: /home/sazma/ws_future/install/moveit_core/include/moveit_core
[174.988s] -- Up-to-date: /home/sazma/ws_future/install/moveit_core/include/moveit_core/moveit
[174.988s] -- Installing: /home/sazma/ws_future/install/moveit_core/include/moveit_core/moveit/kinematics_metrics
[174.988s] -- Installing: /home/sazma/ws_future/install/moveit_core/include/moveit_core/moveit/kinematics_metrics/kinematics_metrics.h
[174.989s] -- Up-to-date: /home/sazma/ws_future/install/moveit_core/include/moveit_core
[174.989s] -- Up-to-date: /home/sazma/ws_future/install/moveit_core/include/moveit_core/moveit
[174.989s] -- Installing: /home/sazma/ws_future/install/moveit_core/include/moveit_core/moveit/macros
[174.989s] -- Installing: /home/sazma/ws_future/install/moveit_core/include/moveit_core/moveit/macros/declare_ptr.h
[174.989s] -- Installing: /home/sazma/ws_future/install/moveit_core/include/moveit_core/moveit/macros/class_forward.h
[174.989s] -- Installing: /home/sazma/ws_future/install/moveit_core/include/moveit_core/moveit/macros/deprecation.h
[174.989s] -- Installing: /home/sazma/ws_future/install/moveit_core/include/moveit_core/moveit/macros/console_colors.h
[174.989s] -- Installing: /home/sazma/ws_future/install/moveit_core/include/moveit_butterworth_parameters
[174.989s] -- Installing: /home/sazma/ws_future/install/moveit_core/include/moveit_butterworth_parameters/moveit_butterworth_parameters.hpp
[174.989s] -- Up-to-date: /home/sazma/ws_future/install/moveit_core/include/moveit_core
[174.989s] -- Up-to-date: /home/sazma/ws_future/install/moveit_core/include/moveit_core/moveit
[174.989s] -- Installing: /home/sazma/ws_future/install/moveit_core/include/moveit_core/moveit/online_signal_smoothing
[174.989s] -- Installing: /home/sazma/ws_future/install/moveit_core/include/moveit_core/moveit/online_signal_smoothing/butterworth_filter.h
[174.990s] -- Installing: /home/sazma/ws_future/install/moveit_core/include/moveit_core/moveit/online_signal_smoothing/smoothing_base_class.h
[174.990s] -- Installing: /home/sazma/ws_future/install/moveit_core/include/moveit_core/moveit_smoothing_base_export.h
[174.990s] -- Installing: /home/sazma/ws_future/install/moveit_core/include/moveit_core/moveit_butterworth_filter_export.h
[174.990s] -- Up-to-date: /home/sazma/ws_future/install/moveit_core/include/moveit_core
[174.990s] -- Up-to-date: /home/sazma/ws_future/install/moveit_core/include/moveit_core/moveit
[174.990s] -- Installing: /home/sazma/ws_future/install/moveit_core/include/moveit_core/moveit/planning_interface
[174.990s] -- Installing: /home/sazma/ws_future/install/moveit_core/include/moveit_core/moveit/planning_interface/planning_request.h
[174.990s] -- Installing: /home/sazma/ws_future/install/moveit_core/include/moveit_core/moveit/planning_interface/planning_interface.h
[174.990s] -- Installing: /home/sazma/ws_future/install/moveit_core/include/moveit_core/moveit/planning_interface/planning_response.h
[174.990s] -- Up-to-date: /home/sazma/ws_future/install/moveit_core/include/moveit_core
[174.990s] -- Up-to-date: /home/sazma/ws_future/install/moveit_core/include/moveit_core/moveit
[174.990s] -- Installing: /home/sazma/ws_future/install/moveit_core/include/moveit_core/moveit/planning_request_adapter
[174.990s] -- Installing: /home/sazma/ws_future/install/moveit_core/include/moveit_core/moveit/planning_request_adapter/planning_request_adapter.h
[174.991s] -- Up-to-date: /home/sazma/ws_future/install/moveit_core/include/moveit_core
[174.991s] -- Up-to-date: /home/sazma/ws_future/install/moveit_core/include/moveit_core/moveit
[174.991s] -- Installing: /home/sazma/ws_future/install/moveit_core/include/moveit_core/moveit/planning_scene
[174.991s] -- Installing: /home/sazma/ws_future/install/moveit_core/include/moveit_core/moveit/planning_scene/planning_scene.h
[174.991s] -- Installing: /home/sazma/ws_future/install/moveit_core/include/moveit_core/moveit_planning_scene_export.h
[174.991s] -- Up-to-date: /home/sazma/ws_future/install/moveit_core/include/moveit_core
[174.991s] -- Up-to-date: /home/sazma/ws_future/install/moveit_core/include/moveit_core/moveit
[174.991s] -- Installing: /home/sazma/ws_future/install/moveit_core/include/moveit_core/moveit/robot_model
[174.991s] -- Installing: /home/sazma/ws_future/install/moveit_core/include/moveit_core/moveit/robot_model/robot_model.h
[174.991s] -- Installing: /home/sazma/ws_future/install/moveit_core/include/moveit_core/moveit/robot_model/fixed_joint_model.h
[174.991s] -- Installing: /home/sazma/ws_future/install/moveit_core/include/moveit_core/moveit/robot_model/aabb.h
[174.991s] -- Installing: /home/sazma/ws_future/install/moveit_core/include/moveit_core/moveit/robot_model/joint_model_group.h
[174.991s] -- Installing: /home/sazma/ws_future/install/moveit_core/include/moveit_core/moveit/robot_model/revolute_joint_model.h
[174.992s] -- Installing: /home/sazma/ws_future/install/moveit_core/include/moveit_core/moveit/robot_model/joint_model.h
[174.992s] -- Installing: /home/sazma/ws_future/install/moveit_core/include/moveit_core/moveit/robot_model/link_model.h
[174.992s] -- Installing: /home/sazma/ws_future/install/moveit_core/include/moveit_core/moveit/robot_model/planar_joint_model.h
[174.992s] -- Installing: /home/sazma/ws_future/install/moveit_core/include/moveit_core/moveit/robot_model/prismatic_joint_model.h
[174.992s] -- Installing: /home/sazma/ws_future/install/moveit_core/include/moveit_core/moveit/robot_model/floating_joint_model.h
[174.992s] -- Up-to-date: /home/sazma/ws_future/install/moveit_core/include/moveit_core
[174.992s] -- Up-to-date: /home/sazma/ws_future/install/moveit_core/include/moveit_core/moveit
[174.992s] -- Installing: /home/sazma/ws_future/install/moveit_core/include/moveit_core/moveit/robot_state
[174.992s] -- Installing: /home/sazma/ws_future/install/moveit_core/include/moveit_core/moveit/robot_state/robot_state.h
[174.992s] -- Installing: /home/sazma/ws_future/install/moveit_core/include/moveit_core/moveit/robot_state/conversions.h
[174.992s] -- Installing: /home/sazma/ws_future/install/moveit_core/include/moveit_core/moveit/robot_state/cartesian_interpolator.h
[174.992s] -- Installing: /home/sazma/ws_future/install/moveit_core/include/moveit_core/moveit/robot_state/attached_body.h
[174.992s] -- Up-to-date: /home/sazma/ws_future/install/moveit_core/include/moveit_core
[174.993s] -- Up-to-date: /home/sazma/ws_future/install/moveit_core/include/moveit_core/moveit
[174.993s] -- Installing: /home/sazma/ws_future/install/moveit_core/include/moveit_core/moveit/robot_trajectory
[174.993s] -- Installing: /home/sazma/ws_future/install/moveit_core/include/moveit_core/moveit/robot_trajectory/robot_trajectory.h
[174.993s] -- Up-to-date: /home/sazma/ws_future/install/moveit_core/include/moveit_core
[174.993s] -- Up-to-date: /home/sazma/ws_future/install/moveit_core/include/moveit_core/moveit
[174.993s] -- Installing: /home/sazma/ws_future/install/moveit_core/include/moveit_core/moveit/trajectory_processing
[174.993s] -- Installing: /home/sazma/ws_future/install/moveit_core/include/moveit_core/moveit/trajectory_processing/trajectory_tools.h
[174.993s] -- Installing: /home/sazma/ws_future/install/moveit_core/include/moveit_core/moveit/trajectory_processing/time_optimal_trajectory_generation.h
[174.993s] -- Installing: /home/sazma/ws_future/install/moveit_core/include/moveit_core/moveit/trajectory_processing/ruckig_traj_smoothing.h
[174.993s] -- Installing: /home/sazma/ws_future/install/moveit_core/include/moveit_core/moveit/trajectory_processing/time_parameterization.h
[174.993s] -- Up-to-date: /home/sazma/ws_future/install/moveit_core/include/moveit_core
[174.993s] -- Up-to-date: /home/sazma/ws_future/install/moveit_core/include/moveit_core/moveit
[174.993s] -- Installing: /home/sazma/ws_future/install/moveit_core/include/moveit_core/moveit/transforms
[174.993s] -- Installing: /home/sazma/ws_future/install/moveit_core/include/moveit_core/moveit/transforms/transforms.h
[174.994s] -- Up-to-date: /home/sazma/ws_future/install/moveit_core/include/moveit_core
[174.994s] -- Up-to-date: /home/sazma/ws_future/install/moveit_core/include/moveit_core/moveit
[174.994s] -- Installing: /home/sazma/ws_future/install/moveit_core/include/moveit_core/moveit/utils
[174.994s] -- Installing: /home/sazma/ws_future/install/moveit_core/include/moveit_core/moveit/utils/message_checks.h
[174.994s] -- Installing: /home/sazma/ws_future/install/moveit_core/include/moveit_core/moveit/utils/lexical_casts.h
[174.994s] -- Installing: /home/sazma/ws_future/install/moveit_core/include/moveit_core/moveit/utils/rclcpp_utils.h
[174.994s] -- Installing: /home/sazma/ws_future/install/moveit_core/include/moveit_core/moveit/utils/eigen_test_utils.h
[174.994s] -- Installing: /home/sazma/ws_future/install/moveit_core/include/moveit_core/moveit/utils/moveit_error_code.h
[174.994s] -- Installing: /home/sazma/ws_future/install/moveit_core/include/moveit_core/moveit/utils/logger.hpp
[174.994s] -- Installing: /home/sazma/ws_future/install/moveit_core/include/moveit_core/moveit/utils/robot_model_test_utils.h
[174.994s] -- Installing: /home/sazma/ws_future/install/moveit_core/lib/moveit_core/logger_dut
[174.995s] -- Set runtime path of "/home/sazma/ws_future/install/moveit_core/lib/moveit_core/logger_dut" to ""
[174.995s] -- Installing: /home/sazma/ws_future/install/moveit_core/lib/moveit_core/logger_from_child_dut
[174.995s] -- Set runtime path of "/home/sazma/ws_future/install/moveit_core/lib/moveit_core/logger_from_child_dut" to ""
[174.995s] -- Installing: /home/sazma/ws_future/install/moveit_core/lib/moveit_core/logger_from_only_child_dut
[174.995s] -- Set runtime path of "/home/sazma/ws_future/install/moveit_core/lib/moveit_core/logger_from_only_child_dut" to ""
[174.995s] -- Installing: /home/sazma/ws_future/install/moveit_core/include/moveit_core/moveit/version.h
[174.995s] -- Installing: /home/sazma/ws_future/install/moveit_core/bin/moveit_version
[174.996s] -- Installing: /home/sazma/ws_future/install/moveit_core/lib/libcollision_detector_bullet_plugin.so.2.8.0
[174.996s] -- Set runtime path of "/home/sazma/ws_future/install/moveit_core/lib/libcollision_detector_bullet_plugin.so.2.8.0" to ""
[174.996s] -- Installing: /home/sazma/ws_future/install/moveit_core/lib/libcollision_detector_bullet_plugin.so
[174.996s] -- Installing: /home/sazma/ws_future/install/moveit_core/lib/libmoveit_butterworth_filter.so.2.8.0
[174.996s] -- Set runtime path of "/home/sazma/ws_future/install/moveit_core/lib/libmoveit_butterworth_filter.so.2.8.0" to ""
[174.996s] -- Installing: /home/sazma/ws_future/install/moveit_core/lib/libmoveit_butterworth_filter.so
[174.996s] -- Installing: /home/sazma/ws_future/install/moveit_core/lib/libmoveit_collision_detection.so.2.8.0
[174.997s] -- Set runtime path of "/home/sazma/ws_future/install/moveit_core/lib/libmoveit_collision_detection.so.2.8.0" to ""
[174.997s] -- Installing: /home/sazma/ws_future/install/moveit_core/lib/libmoveit_collision_detection.so
[174.997s] -- Installing: /home/sazma/ws_future/install/moveit_core/lib/libmoveit_collision_detection_bullet.so.2.8.0
[174.998s] -- Set runtime path of "/home/sazma/ws_future/install/moveit_core/lib/libmoveit_collision_detection_bullet.so.2.8.0" to ""
[174.998s] -- Installing: /home/sazma/ws_future/install/moveit_core/lib/libmoveit_collision_detection_bullet.so
[174.998s] -- Installing: /home/sazma/ws_future/install/moveit_core/lib/libmoveit_collision_detection_fcl.so.2.8.0
[174.998s] -- Set runtime path of "/home/sazma/ws_future/install/moveit_core/lib/libmoveit_collision_detection_fcl.so.2.8.0" to ""
[174.998s] -- Installing: /home/sazma/ws_future/install/moveit_core/lib/libmoveit_collision_detection_fcl.so
[174.998s] -- Installing: /home/sazma/ws_future/install/moveit_core/lib/libmoveit_collision_distance_field.so.2.8.0
[174.999s] -- Set runtime path of "/home/sazma/ws_future/install/moveit_core/lib/libmoveit_collision_distance_field.so.2.8.0" to ""
[174.999s] -- Installing: /home/sazma/ws_future/install/moveit_core/lib/libmoveit_collision_distance_field.so
[174.999s] -- Installing: /home/sazma/ws_future/install/moveit_core/lib/libmoveit_constraint_samplers.so.2.8.0
[175.000s] -- Set runtime path of "/home/sazma/ws_future/install/moveit_core/lib/libmoveit_constraint_samplers.so.2.8.0" to ""
[175.000s] -- Installing: /home/sazma/ws_future/install/moveit_core/lib/libmoveit_constraint_samplers.so
[175.000s] -- Installing: /home/sazma/ws_future/install/moveit_core/lib/libmoveit_distance_field.so.2.8.0
[175.000s] -- Set runtime path of "/home/sazma/ws_future/install/moveit_core/lib/libmoveit_distance_field.so.2.8.0" to ""
[175.000s] -- Installing: /home/sazma/ws_future/install/moveit_core/lib/libmoveit_distance_field.so
[175.000s] -- Installing: /home/sazma/ws_future/install/moveit_core/lib/libmoveit_dynamics_solver.so.2.8.0
[175.001s] -- Set runtime path of "/home/sazma/ws_future/install/moveit_core/lib/libmoveit_dynamics_solver.so.2.8.0" to ""
[175.001s] -- Installing: /home/sazma/ws_future/install/moveit_core/lib/libmoveit_dynamics_solver.so
[175.001s] -- Installing: /home/sazma/ws_future/install/moveit_core/lib/libmoveit_exceptions.so.2.8.0
[175.001s] -- Set runtime path of "/home/sazma/ws_future/install/moveit_core/lib/libmoveit_exceptions.so.2.8.0" to ""
[175.001s] -- Installing: /home/sazma/ws_future/install/moveit_core/lib/libmoveit_exceptions.so
[175.001s] -- Installing: /home/sazma/ws_future/install/moveit_core/lib/libmoveit_kinematic_constraints.so.2.8.0
[175.002s] -- Set runtime path of "/home/sazma/ws_future/install/moveit_core/lib/libmoveit_kinematic_constraints.so.2.8.0" to ""
[175.002s] -- Installing: /home/sazma/ws_future/install/moveit_core/lib/libmoveit_kinematic_constraints.so
[175.002s] -- Installing: /home/sazma/ws_future/install/moveit_core/lib/libmoveit_kinematics_base.so
[175.002s] -- Set runtime path of "/home/sazma/ws_future/install/moveit_core/lib/libmoveit_kinematics_base.so" to ""
[175.002s] -- Installing: /home/sazma/ws_future/install/moveit_core/lib/libmoveit_kinematics_metrics.so.2.8.0
[175.002s] -- Set runtime path of "/home/sazma/ws_future/install/moveit_core/lib/libmoveit_kinematics_metrics.so.2.8.0" to ""
[175.002s] -- Installing: /home/sazma/ws_future/install/moveit_core/lib/libmoveit_kinematics_metrics.so
[175.002s] -- Installing: /home/sazma/ws_future/install/moveit_core/lib/libmoveit_planning_interface.so.2.8.0
[175.003s] -- Set runtime path of "/home/sazma/ws_future/install/moveit_core/lib/libmoveit_planning_interface.so.2.8.0" to ""
[175.003s] -- Installing: /home/sazma/ws_future/install/moveit_core/lib/libmoveit_planning_interface.so
[175.003s] -- Installing: /home/sazma/ws_future/install/moveit_core/lib/libmoveit_planning_request_adapter.so.2.8.0
[175.003s] -- Set runtime path of "/home/sazma/ws_future/install/moveit_core/lib/libmoveit_planning_request_adapter.so.2.8.0" to ""
[175.003s] -- Installing: /home/sazma/ws_future/install/moveit_core/lib/libmoveit_planning_request_adapter.so
[175.003s] -- Installing: /home/sazma/ws_future/install/moveit_core/lib/libmoveit_planning_scene.so.2.8.0
[175.004s] -- Set runtime path of "/home/sazma/ws_future/install/moveit_core/lib/libmoveit_planning_scene.so.2.8.0" to ""
[175.004s] -- Installing: /home/sazma/ws_future/install/moveit_core/lib/libmoveit_planning_scene.so
[175.004s] -- Installing: /home/sazma/ws_future/install/moveit_core/lib/libmoveit_robot_model.so.2.8.0
[175.005s] -- Set runtime path of "/home/sazma/ws_future/install/moveit_core/lib/libmoveit_robot_model.so.2.8.0" to ""
[175.005s] -- Installing: /home/sazma/ws_future/install/moveit_core/lib/libmoveit_robot_model.so
[175.005s] -- Installing: /home/sazma/ws_future/install/moveit_core/lib/libmoveit_robot_state.so.2.8.0
[175.005s] -- Set runtime path of "/home/sazma/ws_future/install/moveit_core/lib/libmoveit_robot_state.so.2.8.0" to ""
[175.006s] -- Installing: /home/sazma/ws_future/install/moveit_core/lib/libmoveit_robot_state.so
[175.006s] -- Installing: /home/sazma/ws_future/install/moveit_core/lib/libmoveit_robot_trajectory.so.2.8.0
[175.006s] -- Set runtime path of "/home/sazma/ws_future/install/moveit_core/lib/libmoveit_robot_trajectory.so.2.8.0" to ""
[175.006s] -- Installing: /home/sazma/ws_future/install/moveit_core/lib/libmoveit_robot_trajectory.so
[175.006s] -- Installing: /home/sazma/ws_future/install/moveit_core/lib/libmoveit_smoothing_base.so.2.8.0
[175.006s] -- Set runtime path of "/home/sazma/ws_future/install/moveit_core/lib/libmoveit_smoothing_base.so.2.8.0" to ""
[175.006s] -- Installing: /home/sazma/ws_future/install/moveit_core/lib/libmoveit_smoothing_base.so
[175.006s] -- Installing: /home/sazma/ws_future/install/moveit_core/lib/libmoveit_test_utils.so.2.8.0
[175.007s] -- Set runtime path of "/home/sazma/ws_future/install/moveit_core/lib/libmoveit_test_utils.so.2.8.0" to ""
[175.007s] -- Installing: /home/sazma/ws_future/install/moveit_core/lib/libmoveit_test_utils.so
[175.007s] -- Installing: /home/sazma/ws_future/install/moveit_core/lib/libmoveit_trajectory_processing.so.2.8.0
[175.007s] -- Set runtime path of "/home/sazma/ws_future/install/moveit_core/lib/libmoveit_trajectory_processing.so.2.8.0" to ""
[175.008s] -- Installing: /home/sazma/ws_future/install/moveit_core/lib/libmoveit_trajectory_processing.so
[175.008s] -- Installing: /home/sazma/ws_future/install/moveit_core/lib/libmoveit_transforms.so.2.8.0
[175.008s] -- Set runtime path of "/home/sazma/ws_future/install/moveit_core/lib/libmoveit_transforms.so.2.8.0" to ""
[175.008s] -- Installing: /home/sazma/ws_future/install/moveit_core/lib/libmoveit_transforms.so
[175.008s] -- Installing: /home/sazma/ws_future/install/moveit_core/lib/libmoveit_utils.so.2.8.0
[175.008s] -- Set runtime path of "/home/sazma/ws_future/install/moveit_core/lib/libmoveit_utils.so.2.8.0" to ""
[175.008s] -- Installing: /home/sazma/ws_future/install/moveit_core/lib/libmoveit_utils.so
[175.009s] -- Installing: /home/sazma/ws_future/install/moveit_core/share/moveit_core/environment/library_path.sh
[175.009s] -- Installing: /home/sazma/ws_future/install/moveit_core/share/moveit_core/environment/library_path.dsv
[175.009s] -- Installing: /home/sazma/ws_future/install/moveit_core/share/moveit_core/collision_detector_fcl_description.xml
[175.009s] -- Installing: /home/sazma/ws_future/install/moveit_core/share/moveit_core/collision_detector_bullet_description.xml
[175.009s] -- Installing: /home/sazma/ws_future/install/moveit_core/share/moveit_core/filter_plugin_butterworth.xml
[175.009s] -- Installing: /home/sazma/ws_future/install/moveit_core/share/ament_index/resource_index/package_run_dependencies/moveit_core
[175.009s] -- Installing: /home/sazma/ws_future/install/moveit_core/share/ament_index/resource_index/parent_prefix_path/moveit_core
[175.009s] -- Installing: /home/sazma/ws_future/install/moveit_core/share/moveit_core/environment/ament_prefix_path.sh
[175.009s] -- Installing: /home/sazma/ws_future/install/moveit_core/share/moveit_core/environment/ament_prefix_path.dsv
[175.009s] -- Installing: /home/sazma/ws_future/install/moveit_core/share/moveit_core/environment/path.sh
[175.010s] -- Installing: /home/sazma/ws_future/install/moveit_core/share/moveit_core/environment/path.dsv
[175.010s] -- Installing: /home/sazma/ws_future/install/moveit_core/share/moveit_core/local_setup.bash
[175.010s] -- Installing: /home/sazma/ws_future/install/moveit_core/share/moveit_core/local_setup.sh
[175.010s] -- Installing: /home/sazma/ws_future/install/moveit_core/share/moveit_core/local_setup.zsh
[175.010s] -- Installing: /home/sazma/ws_future/install/moveit_core/share/moveit_core/local_setup.dsv
[175.010s] -- Installing: /home/sazma/ws_future/install/moveit_core/share/moveit_core/package.dsv
[175.010s] -- Installing: /home/sazma/ws_future/install/moveit_core/share/ament_index/resource_index/packages/moveit_core
[175.010s] -- Installing: /home/sazma/ws_future/install/moveit_core/share/ament_index/resource_index/moveit_core__pluginlib__plugin/moveit_core
[175.010s] -- Installing: /home/sazma/ws_future/install/moveit_core/share/moveit_core/cmake/moveit_coreTargetsExport.cmake
[175.011s] -- Installing: /home/sazma/ws_future/install/moveit_core/share/moveit_core/cmake/moveit_coreTargetsExport-release.cmake
[175.011s] -- Installing: /home/sazma/ws_future/install/moveit_core/share/moveit_core/cmake/ConfigExtras.cmake
[175.011s] -- Installing: /home/sazma/ws_future/install/moveit_core/share/moveit_core/cmake/ament_cmake_export_targets-extras.cmake
[175.011s] -- Installing: /home/sazma/ws_future/install/moveit_core/share/moveit_core/cmake/ament_cmake_export_dependencies-extras.cmake
[175.011s] -- Installing: /home/sazma/ws_future/install/moveit_core/share/moveit_core/cmake/moveit_coreConfig.cmake
[175.011s] -- Installing: /home/sazma/ws_future/install/moveit_core/share/moveit_core/cmake/moveit_coreConfig-version.cmake
[175.011s] -- Installing: /home/sazma/ws_future/install/moveit_core/share/moveit_core/package.xml
[175.013s] Invoked command in '/home/sazma/ws_future/build/moveit_core' returned '0': AMENT_PREFIX_PATH=/home/sazma/ws_future/install/moveit_resources_panda_moveit_config:/home/sazma/ws_future/install/moveit_resources_pr2_description:/home/sazma/ws_future/install/moveit_resources_panda_description:/home/sazma/ws_future/install/moveit_msgs:/home/sazma/ws_future/install/moveit_common:${AMENT_PREFIX_PATH} CMAKE_PREFIX_PATH=/home/sazma/ws_future/install/moveit_resources_panda_moveit_config:/home/sazma/ws_future/install/moveit_resources_pr2_description:/home/sazma/ws_future/install/moveit_resources_panda_description:/home/sazma/ws_future/install/moveit_msgs:/home/sazma/ws_future/install/moveit_common:/home/sazma/ws_future/install/ui_for_debug_and_demo:/home/sazma/ws_future/install/tm_driver:/home/sazma/ws_future/install/demo:/home/sazma/ws_future/install/tm_msgs:/home/sazma/ws_future/install/tm_moveit_cpp_demo:/home/sazma/ws_future/install/tm_moveit_config_tm5x-900:/home/sazma/ws_future/install/tm_moveit_config_tm5x-700:/home/sazma/ws_future/install/tm_moveit_config_tm5-900:/home/sazma/ws_future/install/tm_moveit_config_tm5-700:/home/sazma/ws_future/install/tm_moveit_config_tm14x:/home/sazma/ws_future/install/tm_moveit_config_tm14:/home/sazma/ws_future/install/tm_moveit_config_tm12x:/home/sazma/ws_future/install/tm_moveit_config_tm12:/home/sazma/ws_future/install/tm_description:/home/sazma/ws_future/install/custom_package:/home/sazma/ws_future/install/techman_robot_msgs:/home/sazma/ws_tm/install/ui_for_debug_and_demo:/home/sazma/ws_tm/install/tm_driver:/home/sazma/ws_tm/install/demo:/home/sazma/ws_tm/install/tm_msgs:/home/sazma/ws_tm/install/tm_moveit_cpp_demo:/home/sazma/ws_tm/install/tm_moveit_config_tm5x-900:/home/sazma/ws_tm/install/tm_moveit_config_tm5x-700:/home/sazma/ws_tm/install/tm_moveit_config_tm5-900:/home/sazma/ws_tm/install/tm_moveit_config_tm5-700:/home/sazma/ws_tm/install/tm_moveit_config_tm14x:/home/sazma/ws_tm/install/tm_moveit_config_tm14:/home/sazma/ws_tm/install/tm_moveit_config_tm12x:/home/sazma/ws_tm/install/tm_moveit_config_tm12:/home/sazma/ws_tm/install/tm_description:/home/sazma/ws_tm/install/custom_package:/home/sazma/ws_tm/install/techman_robot_msgs:/home/sazma/ws_future/install/tm_mod_urdf:/home/sazma/ws_future/install/tm_get_status:/home/sazma/ws_tm/install/tm_mod_urdf:/home/sazma/ws_tm/install/tm_get_status:/opt/ros/humble LD_LIBRARY_PATH=/home/sazma/ws_future/install/moveit_msgs/lib:${LD_LIBRARY_PATH} PYTHONPATH=/home/sazma/ws_future/install/moveit_msgs/local/lib/python3.10/dist-packages:${PYTHONPATH} /usr/bin/cmake --install /home/sazma/ws_future/build/moveit_core
