[0.910s] Invoking command in '/home/sazma/ws_future/build/kortex_description': CMAKE_PREFIX_PATH=${CMAKE_PREFIX_PATH}:/home/sazma/ws_future/install/ui_for_debug_and_demo:/home/sazma/ws_future/install/tm_driver:/home/sazma/ws_future/install/demo:/home/sazma/ws_future/install/tm_msgs:/home/sazma/ws_future/install/tm_moveit_cpp_demo:/home/sazma/ws_future/install/tm_moveit_config_tm5x-900:/home/sazma/ws_future/install/tm_moveit_config_tm5x-700:/home/sazma/ws_future/install/tm_moveit_config_tm5-900:/home/sazma/ws_future/install/tm_moveit_config_tm5-700:/home/sazma/ws_future/install/tm_moveit_config_tm14x:/home/sazma/ws_future/install/tm_moveit_config_tm14:/home/sazma/ws_future/install/tm_moveit_config_tm12x:/home/sazma/ws_future/install/tm_moveit_config_tm12:/home/sazma/ws_future/install/tm_mod_urdf:/home/sazma/ws_future/install/tm_get_status:/home/sazma/ws_future/install/tm_description:/home/sazma/ws_future/install/custom_package:/home/sazma/ws_future/install/techman_robot_msgs:/home/sazma/ws_future/install/moveit2_tutorials:/home/sazma/ws_future/install/moveit_visual_tools:/home/sazma/ws_future/install/rviz_visual_tools:/home/sazma/ws_future/install/moveit_task_constructor_visualization:/home/sazma/ws_future/install/moveit_task_constructor_demo:/home/sazma/ws_future/install/moveit_task_constructor_capabilities:/home/sazma/ws_future/install/moveit_task_constructor_core:/home/sazma/ws_future/install/rviz_marker_tools:/home/sazma/ws_future/install/pilz_industrial_motion_planner_testutils:/home/sazma/ws_future/install/moveit_runtime:/home/sazma/ws_future/install/moveit:/home/sazma/ws_future/install/kinova_gen3_7dof_robotiq_2f_85_moveit_config:/home/sazma/ws_future/install/kinova_gen3_6dof_robotiq_2f_85_moveit_config:/home/sazma/ws_future/install/moveit_planners:/home/sazma/ws_future/install/pilz_industrial_motion_planner:/home/sazma/ws_future/install/pick_ik:/home/sazma/ws_future/install/moveit_task_constructor_msgs:/home/sazma/ws_future/install/moveit_ros_control_interface:/home/sazma/ws_future/install/moveit_plugins:/home/sazma/ws_future/install/moveit_simple_controller_manager:/home/sazma/ws_future/install/moveit_setup_assistant:/home/sazma/ws_future/install/moveit_setup_srdf_plugins:/home/sazma/ws_future/install/moveit_setup_core_plugins:/home/sazma/ws_future/install/moveit_setup_controllers:/home/sazma/ws_future/install/moveit_setup_app_plugins:/home/sazma/ws_future/install/moveit_setup_framework:/home/sazma/ws_future/install/moveit_servo:/home/sazma/ws_future/install/moveit_ros:/home/sazma/ws_future/install/moveit_ros_visualization:/home/sazma/ws_future/install/moveit_py:/home/sazma/ws_future/install/moveit_hybrid_planning:/home/sazma/ws_future/install/moveit_ros_planning_interface:/home/sazma/ws_future/install/moveit_ros_benchmarks:/home/sazma/ws_future/install/moveit_ros_warehouse:/home/sazma/ws_future/install/moveit_ros_robot_interaction:/home/sazma/ws_future/install/moveit_ros_perception:/home/sazma/ws_future/install/moveit_resources_prbt_pg70_support:/home/sazma/ws_future/install/moveit_resources_prbt_moveit_config:/home/sazma/ws_future/install/moveit_ros_move_group:/home/sazma/ws_future/install/moveit_planners_ompl:/home/sazma/ws_future/install/moveit_kinematics:/home/sazma/ws_future/install/moveit_ros_planning:/home/sazma/ws_future/install/moveit_ros_occupancy_map_monitor:/home/sazma/ws_future/install/moveit_resources_prbt_support:/home/sazma/ws_future/install/moveit_resources_prbt_ikfast_manipulator_plugin:/home/sazma/ws_future/install/moveit_resources:/home/sazma/ws_future/install/moveit_resources_pr2_description:/home/sazma/ws_future/install/moveit_resources_panda_moveit_config:/home/sazma/ws_future/install/dual_arm_panda_moveit_config:/home/sazma/ws_future/install/moveit_resources_panda_description:/home/sazma/ws_future/install/moveit_resources_fanuc_moveit_config:/home/sazma/ws_future/install/moveit_resources_fanuc_description:/home/sazma/ws_future/install/moveit_planners_stomp:/home/sazma/ws_future/install/moveit_planners_chomp:/home/sazma/ws_future/install/moveit_chomp_optimizer_adapter:/home/sazma/ws_future/install/chomp_motion_planner:/home/sazma/ws_future/install/moveit_core:/home/sazma/ws_future/install/moveit_msgs:/home/sazma/ws_future/install/moveit_configs_utils:/home/sazma/ws_future/install/moveit_common:/home/sazma/ws_future/install/kortex_bringup:/home/sazma/ws_future/install/kortex_driver:/home/sazma/ws_future/install/kortex_description:/home/sazma/ws_future/install/kortex_api:/opt/ros/humble /usr/bin/cmake --build /home/sazma/ws_future/build/kortex_description -- -j12 -l12
[0.977s] Invoked command in '/home/sazma/ws_future/build/kortex_description' returned '0': CMAKE_PREFIX_PATH=${CMAKE_PREFIX_PATH}:/home/sazma/ws_future/install/ui_for_debug_and_demo:/home/sazma/ws_future/install/tm_driver:/home/sazma/ws_future/install/demo:/home/sazma/ws_future/install/tm_msgs:/home/sazma/ws_future/install/tm_moveit_cpp_demo:/home/sazma/ws_future/install/tm_moveit_config_tm5x-900:/home/sazma/ws_future/install/tm_moveit_config_tm5x-700:/home/sazma/ws_future/install/tm_moveit_config_tm5-900:/home/sazma/ws_future/install/tm_moveit_config_tm5-700:/home/sazma/ws_future/install/tm_moveit_config_tm14x:/home/sazma/ws_future/install/tm_moveit_config_tm14:/home/sazma/ws_future/install/tm_moveit_config_tm12x:/home/sazma/ws_future/install/tm_moveit_config_tm12:/home/sazma/ws_future/install/tm_mod_urdf:/home/sazma/ws_future/install/tm_get_status:/home/sazma/ws_future/install/tm_description:/home/sazma/ws_future/install/custom_package:/home/sazma/ws_future/install/techman_robot_msgs:/home/sazma/ws_future/install/moveit2_tutorials:/home/sazma/ws_future/install/moveit_visual_tools:/home/sazma/ws_future/install/rviz_visual_tools:/home/sazma/ws_future/install/moveit_task_constructor_visualization:/home/sazma/ws_future/install/moveit_task_constructor_demo:/home/sazma/ws_future/install/moveit_task_constructor_capabilities:/home/sazma/ws_future/install/moveit_task_constructor_core:/home/sazma/ws_future/install/rviz_marker_tools:/home/sazma/ws_future/install/pilz_industrial_motion_planner_testutils:/home/sazma/ws_future/install/moveit_runtime:/home/sazma/ws_future/install/moveit:/home/sazma/ws_future/install/kinova_gen3_7dof_robotiq_2f_85_moveit_config:/home/sazma/ws_future/install/kinova_gen3_6dof_robotiq_2f_85_moveit_config:/home/sazma/ws_future/install/moveit_planners:/home/sazma/ws_future/install/pilz_industrial_motion_planner:/home/sazma/ws_future/install/pick_ik:/home/sazma/ws_future/install/moveit_task_constructor_msgs:/home/sazma/ws_future/install/moveit_ros_control_interface:/home/sazma/ws_future/install/moveit_plugins:/home/sazma/ws_future/install/moveit_simple_controller_manager:/home/sazma/ws_future/install/moveit_setup_assistant:/home/sazma/ws_future/install/moveit_setup_srdf_plugins:/home/sazma/ws_future/install/moveit_setup_core_plugins:/home/sazma/ws_future/install/moveit_setup_controllers:/home/sazma/ws_future/install/moveit_setup_app_plugins:/home/sazma/ws_future/install/moveit_setup_framework:/home/sazma/ws_future/install/moveit_servo:/home/sazma/ws_future/install/moveit_ros:/home/sazma/ws_future/install/moveit_ros_visualization:/home/sazma/ws_future/install/moveit_py:/home/sazma/ws_future/install/moveit_hybrid_planning:/home/sazma/ws_future/install/moveit_ros_planning_interface:/home/sazma/ws_future/install/moveit_ros_benchmarks:/home/sazma/ws_future/install/moveit_ros_warehouse:/home/sazma/ws_future/install/moveit_ros_robot_interaction:/home/sazma/ws_future/install/moveit_ros_perception:/home/sazma/ws_future/install/moveit_resources_prbt_pg70_support:/home/sazma/ws_future/install/moveit_resources_prbt_moveit_config:/home/sazma/ws_future/install/moveit_ros_move_group:/home/sazma/ws_future/install/moveit_planners_ompl:/home/sazma/ws_future/install/moveit_kinematics:/home/sazma/ws_future/install/moveit_ros_planning:/home/sazma/ws_future/install/moveit_ros_occupancy_map_monitor:/home/sazma/ws_future/install/moveit_resources_prbt_support:/home/sazma/ws_future/install/moveit_resources_prbt_ikfast_manipulator_plugin:/home/sazma/ws_future/install/moveit_resources:/home/sazma/ws_future/install/moveit_resources_pr2_description:/home/sazma/ws_future/install/moveit_resources_panda_moveit_config:/home/sazma/ws_future/install/dual_arm_panda_moveit_config:/home/sazma/ws_future/install/moveit_resources_panda_description:/home/sazma/ws_future/install/moveit_resources_fanuc_moveit_config:/home/sazma/ws_future/install/moveit_resources_fanuc_description:/home/sazma/ws_future/install/moveit_planners_stomp:/home/sazma/ws_future/install/moveit_planners_chomp:/home/sazma/ws_future/install/moveit_chomp_optimizer_adapter:/home/sazma/ws_future/install/chomp_motion_planner:/home/sazma/ws_future/install/moveit_core:/home/sazma/ws_future/install/moveit_msgs:/home/sazma/ws_future/install/moveit_configs_utils:/home/sazma/ws_future/install/moveit_common:/home/sazma/ws_future/install/kortex_bringup:/home/sazma/ws_future/install/kortex_driver:/home/sazma/ws_future/install/kortex_description:/home/sazma/ws_future/install/kortex_api:/opt/ros/humble /usr/bin/cmake --build /home/sazma/ws_future/build/kortex_description -- -j12 -l12
[1.054s] Invoking command in '/home/sazma/ws_future/build/kortex_description': CMAKE_PREFIX_PATH=${CMAKE_PREFIX_PATH}:/home/sazma/ws_future/install/ui_for_debug_and_demo:/home/sazma/ws_future/install/tm_driver:/home/sazma/ws_future/install/demo:/home/sazma/ws_future/install/tm_msgs:/home/sazma/ws_future/install/tm_moveit_cpp_demo:/home/sazma/ws_future/install/tm_moveit_config_tm5x-900:/home/sazma/ws_future/install/tm_moveit_config_tm5x-700:/home/sazma/ws_future/install/tm_moveit_config_tm5-900:/home/sazma/ws_future/install/tm_moveit_config_tm5-700:/home/sazma/ws_future/install/tm_moveit_config_tm14x:/home/sazma/ws_future/install/tm_moveit_config_tm14:/home/sazma/ws_future/install/tm_moveit_config_tm12x:/home/sazma/ws_future/install/tm_moveit_config_tm12:/home/sazma/ws_future/install/tm_mod_urdf:/home/sazma/ws_future/install/tm_get_status:/home/sazma/ws_future/install/tm_description:/home/sazma/ws_future/install/custom_package:/home/sazma/ws_future/install/techman_robot_msgs:/home/sazma/ws_future/install/moveit2_tutorials:/home/sazma/ws_future/install/moveit_visual_tools:/home/sazma/ws_future/install/rviz_visual_tools:/home/sazma/ws_future/install/moveit_task_constructor_visualization:/home/sazma/ws_future/install/moveit_task_constructor_demo:/home/sazma/ws_future/install/moveit_task_constructor_capabilities:/home/sazma/ws_future/install/moveit_task_constructor_core:/home/sazma/ws_future/install/rviz_marker_tools:/home/sazma/ws_future/install/pilz_industrial_motion_planner_testutils:/home/sazma/ws_future/install/moveit_runtime:/home/sazma/ws_future/install/moveit:/home/sazma/ws_future/install/kinova_gen3_7dof_robotiq_2f_85_moveit_config:/home/sazma/ws_future/install/kinova_gen3_6dof_robotiq_2f_85_moveit_config:/home/sazma/ws_future/install/moveit_planners:/home/sazma/ws_future/install/pilz_industrial_motion_planner:/home/sazma/ws_future/install/pick_ik:/home/sazma/ws_future/install/moveit_task_constructor_msgs:/home/sazma/ws_future/install/moveit_ros_control_interface:/home/sazma/ws_future/install/moveit_plugins:/home/sazma/ws_future/install/moveit_simple_controller_manager:/home/sazma/ws_future/install/moveit_setup_assistant:/home/sazma/ws_future/install/moveit_setup_srdf_plugins:/home/sazma/ws_future/install/moveit_setup_core_plugins:/home/sazma/ws_future/install/moveit_setup_controllers:/home/sazma/ws_future/install/moveit_setup_app_plugins:/home/sazma/ws_future/install/moveit_setup_framework:/home/sazma/ws_future/install/moveit_servo:/home/sazma/ws_future/install/moveit_ros:/home/sazma/ws_future/install/moveit_ros_visualization:/home/sazma/ws_future/install/moveit_py:/home/sazma/ws_future/install/moveit_hybrid_planning:/home/sazma/ws_future/install/moveit_ros_planning_interface:/home/sazma/ws_future/install/moveit_ros_benchmarks:/home/sazma/ws_future/install/moveit_ros_warehouse:/home/sazma/ws_future/install/moveit_ros_robot_interaction:/home/sazma/ws_future/install/moveit_ros_perception:/home/sazma/ws_future/install/moveit_resources_prbt_pg70_support:/home/sazma/ws_future/install/moveit_resources_prbt_moveit_config:/home/sazma/ws_future/install/moveit_ros_move_group:/home/sazma/ws_future/install/moveit_planners_ompl:/home/sazma/ws_future/install/moveit_kinematics:/home/sazma/ws_future/install/moveit_ros_planning:/home/sazma/ws_future/install/moveit_ros_occupancy_map_monitor:/home/sazma/ws_future/install/moveit_resources_prbt_support:/home/sazma/ws_future/install/moveit_resources_prbt_ikfast_manipulator_plugin:/home/sazma/ws_future/install/moveit_resources:/home/sazma/ws_future/install/moveit_resources_pr2_description:/home/sazma/ws_future/install/moveit_resources_panda_moveit_config:/home/sazma/ws_future/install/dual_arm_panda_moveit_config:/home/sazma/ws_future/install/moveit_resources_panda_description:/home/sazma/ws_future/install/moveit_resources_fanuc_moveit_config:/home/sazma/ws_future/install/moveit_resources_fanuc_description:/home/sazma/ws_future/install/moveit_planners_stomp:/home/sazma/ws_future/install/moveit_planners_chomp:/home/sazma/ws_future/install/moveit_chomp_optimizer_adapter:/home/sazma/ws_future/install/chomp_motion_planner:/home/sazma/ws_future/install/moveit_core:/home/sazma/ws_future/install/moveit_msgs:/home/sazma/ws_future/install/moveit_configs_utils:/home/sazma/ws_future/install/moveit_common:/home/sazma/ws_future/install/kortex_bringup:/home/sazma/ws_future/install/kortex_driver:/home/sazma/ws_future/install/kortex_description:/home/sazma/ws_future/install/kortex_api:/opt/ros/humble /usr/bin/cmake --install /home/sazma/ws_future/build/kortex_description
[1.086s] -- Install configuration: ""
[1.086s] -- Up-to-date: /home/sazma/ws_future/install/kortex_description/share/kortex_description/arms
[1.086s] -- Up-to-date: /home/sazma/ws_future/install/kortex_description/share/kortex_description/arms/gen3
[1.086s] -- Up-to-date: /home/sazma/ws_future/install/kortex_description/share/kortex_description/arms/gen3/7dof
[1.121s] -- Up-to-date: /home/sazma/ws_future/install/kortex_description/share/kortex_description/arms/gen3/7dof/urdf
[1.126s] -- Up-to-date: /home/sazma/ws_future/install/kortex_description/share/kortex_description/arms/gen3/7dof/urdf/gen3_macro.xacro
[1.126s] -- Up-to-date: /home/sazma/ws_future/install/kortex_description/share/kortex_description/arms/gen3/7dof/urdf/kortex.ros2_control.xacro
[1.126s] -- Up-to-date: /home/sazma/ws_future/install/kortex_description/share/kortex_description/arms/gen3/7dof/urdf/gen3_transmission_macro.xacro
[1.126s] -- Up-to-date: /home/sazma/ws_future/install/kortex_description/share/kortex_description/arms/gen3/7dof/config
[1.126s] -- Up-to-date: /home/sazma/ws_future/install/kortex_description/share/kortex_description/arms/gen3/7dof/config/joint_limits.yaml
[1.126s] -- Up-to-date: /home/sazma/ws_future/install/kortex_description/share/kortex_description/arms/gen3/7dof/config/ros2_controllers.yaml
[1.126s] -- Up-to-date: /home/sazma/ws_future/install/kortex_description/share/kortex_description/arms/gen3/7dof/config/gazebo_initial_joint_positions.yaml
[1.126s] -- Up-to-date: /home/sazma/ws_future/install/kortex_description/share/kortex_description/arms/gen3/7dof/config/twist_limits.yaml
[1.126s] -- Up-to-date: /home/sazma/ws_future/install/kortex_description/share/kortex_description/arms/gen3/7dof/meshes
[1.126s] -- Up-to-date: /home/sazma/ws_future/install/kortex_description/share/kortex_description/arms/gen3/7dof/meshes/forearm_link.STL
[1.126s] -- Up-to-date: /home/sazma/ws_future/install/kortex_description/share/kortex_description/arms/gen3/7dof/meshes/spherical_wrist_2_link.STL
[1.126s] -- Up-to-date: /home/sazma/ws_future/install/kortex_description/share/kortex_description/arms/gen3/7dof/meshes/end_effector_link.STL
[1.126s] -- Up-to-date: /home/sazma/ws_future/install/kortex_description/share/kortex_description/arms/gen3/7dof/meshes/spherical_wrist_1_link.STL
[1.127s] -- Up-to-date: /home/sazma/ws_future/install/kortex_description/share/kortex_description/arms/gen3/7dof/meshes/bracelet_no_vision_link.STL
[1.127s] -- Up-to-date: /home/sazma/ws_future/install/kortex_description/share/kortex_description/arms/gen3/7dof/meshes/bracelet_with_vision_link.STL
[1.127s] -- Up-to-date: /home/sazma/ws_future/install/kortex_description/share/kortex_description/arms/gen3/7dof/meshes/half_arm_2_link.STL
[1.127s] -- Up-to-date: /home/sazma/ws_future/install/kortex_description/share/kortex_description/arms/gen3/7dof/meshes/half_arm_1_link.STL
[1.127s] -- Up-to-date: /home/sazma/ws_future/install/kortex_description/share/kortex_description/arms/gen3/7dof/meshes/shoulder_link.STL
[1.127s] -- Up-to-date: /home/sazma/ws_future/install/kortex_description/share/kortex_description/arms/gen3/7dof/meshes/base_link.STL
[1.127s] -- Up-to-date: /home/sazma/ws_future/install/kortex_description/share/kortex_description/arms/gen3/6dof
[1.135s] -- Up-to-date: /home/sazma/ws_future/install/kortex_description/share/kortex_description/arms/gen3/6dof/urdf
[1.135s] -- Up-to-date: /home/sazma/ws_future/install/kortex_description/share/kortex_description/arms/gen3/6dof/urdf/gen3_macro.xacro
[1.136s] -- Up-to-date: /home/sazma/ws_future/install/kortex_description/share/kortex_description/arms/gen3/6dof/urdf/kortex.ros2_control.xacro
[1.136s] -- Up-to-date: /home/sazma/ws_future/install/kortex_description/share/kortex_description/arms/gen3/6dof/urdf/gen3_transmission_macro.xacro
[1.137s] -- Up-to-date: /home/sazma/ws_future/install/kortex_description/share/kortex_description/arms/gen3/6dof/config
[1.137s] -- Up-to-date: /home/sazma/ws_future/install/kortex_description/share/kortex_description/arms/gen3/6dof/config/joint_limits.yaml
[1.138s] -- Up-to-date: /home/sazma/ws_future/install/kortex_description/share/kortex_description/arms/gen3/6dof/config/ros2_controllers.yaml
[1.138s] -- Up-to-date: /home/sazma/ws_future/install/kortex_description/share/kortex_description/arms/gen3/6dof/config/gazebo_initial_joint_positions.yaml
[1.139s] -- Up-to-date: /home/sazma/ws_future/install/kortex_description/share/kortex_description/arms/gen3/6dof/config/twist_limits.yaml
[1.139s] -- Up-to-date: /home/sazma/ws_future/install/kortex_description/share/kortex_description/arms/gen3/6dof/meshes
[1.139s] -- Up-to-date: /home/sazma/ws_future/install/kortex_description/share/kortex_description/arms/gen3/6dof/meshes/forearm_link.STL
[1.139s] -- Up-to-date: /home/sazma/ws_future/install/kortex_description/share/kortex_description/arms/gen3/6dof/meshes/spherical_wrist_2_link.STL
[1.140s] -- Up-to-date: /home/sazma/ws_future/install/kortex_description/share/kortex_description/arms/gen3/6dof/meshes/spherical_wrist_1_link.STL
[1.142s] -- Up-to-date: /home/sazma/ws_future/install/kortex_description/share/kortex_description/arms/gen3/6dof/meshes/bracelet_no_vision_link.STL
[1.142s] -- Up-to-date: /home/sazma/ws_future/install/kortex_description/share/kortex_description/arms/gen3/6dof/meshes/bracelet_with_vision_link.STL
[1.142s] -- Up-to-date: /home/sazma/ws_future/install/kortex_description/share/kortex_description/arms/gen3/6dof/meshes/bicep_link.STL
[1.143s] -- Up-to-date: /home/sazma/ws_future/install/kortex_description/share/kortex_description/arms/gen3/6dof/meshes/shoulder_link.STL
[1.143s] -- Up-to-date: /home/sazma/ws_future/install/kortex_description/share/kortex_description/arms/gen3/6dof/meshes/base_link.STL
[1.143s] -- Up-to-date: /home/sazma/ws_future/install/kortex_description/share/kortex_description/arms/gen3_lite
[1.143s] -- Up-to-date: /home/sazma/ws_future/install/kortex_description/share/kortex_description/arms/gen3_lite/6dof
[1.143s] -- Up-to-date: /home/sazma/ws_future/install/kortex_description/share/kortex_description/arms/gen3_lite/6dof/urdf
[1.143s] -- Up-to-date: /home/sazma/ws_future/install/kortex_description/share/kortex_description/arms/gen3_lite/6dof/urdf/gen3_lite_macro.xacro
[1.143s] -- Up-to-date: /home/sazma/ws_future/install/kortex_description/share/kortex_description/arms/gen3_lite/6dof/urdf/gen3_lite_transmission_macro.xacro
[1.143s] -- Up-to-date: /home/sazma/ws_future/install/kortex_description/share/kortex_description/arms/gen3_lite/6dof/urdf/kortex.ros2_control.xacro
[1.143s] -- Up-to-date: /home/sazma/ws_future/install/kortex_description/share/kortex_description/arms/gen3_lite/6dof/config
[1.153s] -- Up-to-date: /home/sazma/ws_future/install/kortex_description/share/kortex_description/arms/gen3_lite/6dof/config/joint_limits.yaml
[1.153s] -- Up-to-date: /home/sazma/ws_future/install/kortex_description/share/kortex_description/arms/gen3_lite/6dof/config/twist_limits.yaml
[1.153s] -- Up-to-date: /home/sazma/ws_future/install/kortex_description/share/kortex_description/arms/gen3_lite/6dof/meshes
[1.153s] -- Up-to-date: /home/sazma/ws_future/install/kortex_description/share/kortex_description/arms/gen3_lite/6dof/meshes/forearm_link.STL
[1.153s] -- Up-to-date: /home/sazma/ws_future/install/kortex_description/share/kortex_description/arms/gen3_lite/6dof/meshes/lower_wrist_link.STL
[1.153s] -- Up-to-date: /home/sazma/ws_future/install/kortex_description/share/kortex_description/arms/gen3_lite/6dof/meshes/arm_link.STL
[1.154s] -- Up-to-date: /home/sazma/ws_future/install/kortex_description/share/kortex_description/arms/gen3_lite/6dof/meshes/upper_wrist_link.STL
[1.154s] -- Up-to-date: /home/sazma/ws_future/install/kortex_description/share/kortex_description/arms/gen3_lite/6dof/meshes/shoulder_link.STL
[1.155s] -- Up-to-date: /home/sazma/ws_future/install/kortex_description/share/kortex_description/arms/gen3_lite/6dof/meshes/base_link.STL
[1.155s] -- Up-to-date: /home/sazma/ws_future/install/kortex_description/share/kortex_description/grippers
[1.155s] -- Up-to-date: /home/sazma/ws_future/install/kortex_description/share/kortex_description/grippers/robotiq_2f_85
[1.155s] -- Up-to-date: /home/sazma/ws_future/install/kortex_description/share/kortex_description/grippers/robotiq_2f_85/urdf
[1.155s] -- Up-to-date: /home/sazma/ws_future/install/kortex_description/share/kortex_description/grippers/robotiq_2f_85/urdf/robotiq_2f_85_macro.xacro
[1.156s] -- Up-to-date: /home/sazma/ws_future/install/kortex_description/share/kortex_description/grippers/robotiq_2f_85/README.md
[1.156s] -- Up-to-date: /home/sazma/ws_future/install/kortex_description/share/kortex_description/grippers/robotiq_2f_85/LICENSE
[1.156s] -- Up-to-date: /home/sazma/ws_future/install/kortex_description/share/kortex_description/grippers/gen3_lite_2f
[1.156s] -- Up-to-date: /home/sazma/ws_future/install/kortex_description/share/kortex_description/grippers/gen3_lite_2f/urdf
[1.156s] -- Up-to-date: /home/sazma/ws_future/install/kortex_description/share/kortex_description/grippers/gen3_lite_2f/urdf/gen3_lite_2f_transmission_macro.xacro
[1.157s] -- Up-to-date: /home/sazma/ws_future/install/kortex_description/share/kortex_description/grippers/gen3_lite_2f/urdf/gen3_lite_2f_macro.xacro
[1.157s] -- Up-to-date: /home/sazma/ws_future/install/kortex_description/share/kortex_description/grippers/gen3_lite_2f/urdf/GEN3-LITE-GRIPPER_URDF_SIMPLIFIED_V2.urdf
[1.157s] -- Up-to-date: /home/sazma/ws_future/install/kortex_description/share/kortex_description/grippers/gen3_lite_2f/config
[1.157s] -- Up-to-date: /home/sazma/ws_future/install/kortex_description/share/kortex_description/grippers/gen3_lite_2f/config/joint_limits.yaml
[1.157s] -- Up-to-date: /home/sazma/ws_future/install/kortex_description/share/kortex_description/grippers/gen3_lite_2f/meshes
[1.157s] -- Up-to-date: /home/sazma/ws_future/install/kortex_description/share/kortex_description/grippers/gen3_lite_2f/meshes/left_finger_prox_link.STL
[1.157s] -- Up-to-date: /home/sazma/ws_future/install/kortex_description/share/kortex_description/grippers/gen3_lite_2f/meshes/gripper_base_link.STL
[1.157s] -- Up-to-date: /home/sazma/ws_future/install/kortex_description/share/kortex_description/grippers/gen3_lite_2f/meshes/right_finger_prox_link.STL
[1.158s] -- Up-to-date: /home/sazma/ws_future/install/kortex_description/share/kortex_description/grippers/gen3_lite_2f/meshes/right_finger_dist_link.STL
[1.158s] -- Up-to-date: /home/sazma/ws_future/install/kortex_description/share/kortex_description/grippers/gen3_lite_2f/meshes/left_finger_dist_link.STL
[1.158s] -- Up-to-date: /home/sazma/ws_future/install/kortex_description/share/kortex_description/grippers/robotiq_2f_140
[1.158s] -- Up-to-date: /home/sazma/ws_future/install/kortex_description/share/kortex_description/grippers/robotiq_2f_140/urdf
[1.158s] -- Up-to-date: /home/sazma/ws_future/install/kortex_description/share/kortex_description/grippers/robotiq_2f_140/urdf/robotiq_2f_140_transmission_macro.xacro
[1.158s] -- Up-to-date: /home/sazma/ws_future/install/kortex_description/share/kortex_description/grippers/robotiq_2f_140/urdf/robotiq_2f_140_macro.xacro
[1.158s] -- Up-to-date: /home/sazma/ws_future/install/kortex_description/share/kortex_description/grippers/robotiq_2f_140/urdf/robotiq_arg2f_140_model_macro.xacro
[1.158s] -- Up-to-date: /home/sazma/ws_future/install/kortex_description/share/kortex_description/grippers/robotiq_2f_140/urdf/robotiq_arg2f.xacro
[1.161s] -- Up-to-date: /home/sazma/ws_future/install/kortex_description/share/kortex_description/grippers/robotiq_2f_140/README.md
[1.161s] -- Up-to-date: /home/sazma/ws_future/install/kortex_description/share/kortex_description/grippers/robotiq_2f_140/config
[1.161s] -- Up-to-date: /home/sazma/ws_future/install/kortex_description/share/kortex_description/grippers/robotiq_2f_140/config/joint_limits.yaml
[1.161s] -- Up-to-date: /home/sazma/ws_future/install/kortex_description/share/kortex_description/grippers/robotiq_2f_140/LICENSE
[1.162s] -- Up-to-date: /home/sazma/ws_future/install/kortex_description/share/kortex_description/grippers/robotiq_2f_140/meshes
[1.199s] -- Up-to-date: /home/sazma/ws_future/install/kortex_description/share/kortex_description/grippers/robotiq_2f_140/meshes/collision
[1.200s] -- Up-to-date: /home/sazma/ws_future/install/kortex_description/share/kortex_description/grippers/robotiq_2f_140/meshes/collision/robotiq_arg2f_140_inner_finger.stl
[1.200s] -- Up-to-date: /home/sazma/ws_future/install/kortex_description/share/kortex_description/grippers/robotiq_2f_140/meshes/collision/robotiq_arg2f_140_outer_finger.stl
[1.201s] -- Up-to-date: /home/sazma/ws_future/install/kortex_description/share/kortex_description/grippers/robotiq_2f_140/meshes/collision/robotiq_arg2f_140_inner_knuckle.stl
[1.201s] -- Up-to-date: /home/sazma/ws_future/install/kortex_description/share/kortex_description/grippers/robotiq_2f_140/meshes/collision/robotiq_arg2f_140_outer_knuckle.stl
[1.201s] -- Up-to-date: /home/sazma/ws_future/install/kortex_description/share/kortex_description/grippers/robotiq_2f_140/meshes/collision/robotiq_arg2f_coupling.stl
[1.202s] -- Up-to-date: /home/sazma/ws_future/install/kortex_description/share/kortex_description/grippers/robotiq_2f_140/meshes/collision/robotiq_arg2f_base_link.stl
[1.202s] -- Up-to-date: /home/sazma/ws_future/install/kortex_description/share/kortex_description/grippers/robotiq_2f_140/meshes/visual
[1.202s] -- Up-to-date: /home/sazma/ws_future/install/kortex_description/share/kortex_description/grippers/robotiq_2f_140/meshes/visual/robotiq_arg2f_140_inner_finger.stl
[1.203s] -- Up-to-date: /home/sazma/ws_future/install/kortex_description/share/kortex_description/grippers/robotiq_2f_140/meshes/visual/robotiq_arg2f_140_outer_finger.stl
[1.203s] -- Up-to-date: /home/sazma/ws_future/install/kortex_description/share/kortex_description/grippers/robotiq_2f_140/meshes/visual/robotiq_arg2f_140_inner_knuckle.stl
[1.203s] -- Up-to-date: /home/sazma/ws_future/install/kortex_description/share/kortex_description/grippers/robotiq_2f_140/meshes/visual/robotiq_arg2f_140_outer_knuckle.stl
[1.203s] -- Up-to-date: /home/sazma/ws_future/install/kortex_description/share/kortex_description/grippers/robotiq_2f_140/meshes/visual/robotiq_arg2f_coupling.stl
[1.204s] -- Up-to-date: /home/sazma/ws_future/install/kortex_description/share/kortex_description/grippers/robotiq_2f_140/meshes/visual/robotiq_arg2f_base_link.stl
[1.204s] -- Up-to-date: /home/sazma/ws_future/install/kortex_description/share/kortex_description/launch
[1.204s] -- Up-to-date: /home/sazma/ws_future/install/kortex_description/share/kortex_description/launch/view_robot.launch.py
[1.204s] -- Up-to-date: /home/sazma/ws_future/install/kortex_description/share/kortex_description/multiple_robots
[1.204s] -- Up-to-date: /home/sazma/ws_future/install/kortex_description/share/kortex_description/multiple_robots/kortex_dual_robots.xacro
[1.205s] -- Up-to-date: /home/sazma/ws_future/install/kortex_description/share/kortex_description/robots
[1.205s] -- Up-to-date: /home/sazma/ws_future/install/kortex_description/share/kortex_description/robots/gen3_robotiq_2f_140.xacro
[1.205s] -- Up-to-date: /home/sazma/ws_future/install/kortex_description/share/kortex_description/robots/gen3_robotiq_2f_85.xacro
[1.205s] -- Up-to-date: /home/sazma/ws_future/install/kortex_description/share/kortex_description/robots/kinova.urdf.xacro
[1.205s] -- Up-to-date: /home/sazma/ws_future/install/kortex_description/share/kortex_description/robots/kortex_robot.xacro
[1.205s] -- Up-to-date: /home/sazma/ws_future/install/kortex_description/share/kortex_description/robots/gen3_lite_gen3_lite_2f.xacro
[1.205s] -- Up-to-date: /home/sazma/ws_future/install/kortex_description/share/kortex_description/robots/gen3.xacro
[1.206s] -- Up-to-date: /home/sazma/ws_future/install/kortex_description/share/kortex_description/rviz
[1.206s] -- Up-to-date: /home/sazma/ws_future/install/kortex_description/share/kortex_description/rviz/view_robot.rviz
[1.206s] -- Up-to-date: /home/sazma/ws_future/install/kortex_description/share/ament_index/resource_index/package_run_dependencies/kortex_description
[1.206s] -- Up-to-date: /home/sazma/ws_future/install/kortex_description/share/ament_index/resource_index/parent_prefix_path/kortex_description
[1.206s] -- Up-to-date: /home/sazma/ws_future/install/kortex_description/share/kortex_description/environment/ament_prefix_path.sh
[1.206s] -- Up-to-date: /home/sazma/ws_future/install/kortex_description/share/kortex_description/environment/ament_prefix_path.dsv
[1.207s] -- Up-to-date: /home/sazma/ws_future/install/kortex_description/share/kortex_description/environment/path.sh
[1.207s] -- Up-to-date: /home/sazma/ws_future/install/kortex_description/share/kortex_description/environment/path.dsv
[1.207s] -- Up-to-date: /home/sazma/ws_future/install/kortex_description/share/kortex_description/local_setup.bash
[1.207s] -- Up-to-date: /home/sazma/ws_future/install/kortex_description/share/kortex_description/local_setup.sh
[1.208s] -- Up-to-date: /home/sazma/ws_future/install/kortex_description/share/kortex_description/local_setup.zsh
[1.208s] -- Up-to-date: /home/sazma/ws_future/install/kortex_description/share/kortex_description/local_setup.dsv
[1.208s] -- Up-to-date: /home/sazma/ws_future/install/kortex_description/share/kortex_description/package.dsv
[1.208s] -- Up-to-date: /home/sazma/ws_future/install/kortex_description/share/ament_index/resource_index/packages/kortex_description
[1.208s] -- Up-to-date: /home/sazma/ws_future/install/kortex_description/share/kortex_description/cmake/kortex_descriptionConfig.cmake
[1.209s] -- Up-to-date: /home/sazma/ws_future/install/kortex_description/share/kortex_description/cmake/kortex_descriptionConfig-version.cmake
[1.209s] -- Up-to-date: /home/sazma/ws_future/install/kortex_description/share/kortex_description/package.xml
[1.615s] Invoked command in '/home/sazma/ws_future/build/kortex_description' returned '0': CMAKE_PREFIX_PATH=${CMAKE_PREFIX_PATH}:/home/sazma/ws_future/install/ui_for_debug_and_demo:/home/sazma/ws_future/install/tm_driver:/home/sazma/ws_future/install/demo:/home/sazma/ws_future/install/tm_msgs:/home/sazma/ws_future/install/tm_moveit_cpp_demo:/home/sazma/ws_future/install/tm_moveit_config_tm5x-900:/home/sazma/ws_future/install/tm_moveit_config_tm5x-700:/home/sazma/ws_future/install/tm_moveit_config_tm5-900:/home/sazma/ws_future/install/tm_moveit_config_tm5-700:/home/sazma/ws_future/install/tm_moveit_config_tm14x:/home/sazma/ws_future/install/tm_moveit_config_tm14:/home/sazma/ws_future/install/tm_moveit_config_tm12x:/home/sazma/ws_future/install/tm_moveit_config_tm12:/home/sazma/ws_future/install/tm_mod_urdf:/home/sazma/ws_future/install/tm_get_status:/home/sazma/ws_future/install/tm_description:/home/sazma/ws_future/install/custom_package:/home/sazma/ws_future/install/techman_robot_msgs:/home/sazma/ws_future/install/moveit2_tutorials:/home/sazma/ws_future/install/moveit_visual_tools:/home/sazma/ws_future/install/rviz_visual_tools:/home/sazma/ws_future/install/moveit_task_constructor_visualization:/home/sazma/ws_future/install/moveit_task_constructor_demo:/home/sazma/ws_future/install/moveit_task_constructor_capabilities:/home/sazma/ws_future/install/moveit_task_constructor_core:/home/sazma/ws_future/install/rviz_marker_tools:/home/sazma/ws_future/install/pilz_industrial_motion_planner_testutils:/home/sazma/ws_future/install/moveit_runtime:/home/sazma/ws_future/install/moveit:/home/sazma/ws_future/install/kinova_gen3_7dof_robotiq_2f_85_moveit_config:/home/sazma/ws_future/install/kinova_gen3_6dof_robotiq_2f_85_moveit_config:/home/sazma/ws_future/install/moveit_planners:/home/sazma/ws_future/install/pilz_industrial_motion_planner:/home/sazma/ws_future/install/pick_ik:/home/sazma/ws_future/install/moveit_task_constructor_msgs:/home/sazma/ws_future/install/moveit_ros_control_interface:/home/sazma/ws_future/install/moveit_plugins:/home/sazma/ws_future/install/moveit_simple_controller_manager:/home/sazma/ws_future/install/moveit_setup_assistant:/home/sazma/ws_future/install/moveit_setup_srdf_plugins:/home/sazma/ws_future/install/moveit_setup_core_plugins:/home/sazma/ws_future/install/moveit_setup_controllers:/home/sazma/ws_future/install/moveit_setup_app_plugins:/home/sazma/ws_future/install/moveit_setup_framework:/home/sazma/ws_future/install/moveit_servo:/home/sazma/ws_future/install/moveit_ros:/home/sazma/ws_future/install/moveit_ros_visualization:/home/sazma/ws_future/install/moveit_py:/home/sazma/ws_future/install/moveit_hybrid_planning:/home/sazma/ws_future/install/moveit_ros_planning_interface:/home/sazma/ws_future/install/moveit_ros_benchmarks:/home/sazma/ws_future/install/moveit_ros_warehouse:/home/sazma/ws_future/install/moveit_ros_robot_interaction:/home/sazma/ws_future/install/moveit_ros_perception:/home/sazma/ws_future/install/moveit_resources_prbt_pg70_support:/home/sazma/ws_future/install/moveit_resources_prbt_moveit_config:/home/sazma/ws_future/install/moveit_ros_move_group:/home/sazma/ws_future/install/moveit_planners_ompl:/home/sazma/ws_future/install/moveit_kinematics:/home/sazma/ws_future/install/moveit_ros_planning:/home/sazma/ws_future/install/moveit_ros_occupancy_map_monitor:/home/sazma/ws_future/install/moveit_resources_prbt_support:/home/sazma/ws_future/install/moveit_resources_prbt_ikfast_manipulator_plugin:/home/sazma/ws_future/install/moveit_resources:/home/sazma/ws_future/install/moveit_resources_pr2_description:/home/sazma/ws_future/install/moveit_resources_panda_moveit_config:/home/sazma/ws_future/install/dual_arm_panda_moveit_config:/home/sazma/ws_future/install/moveit_resources_panda_description:/home/sazma/ws_future/install/moveit_resources_fanuc_moveit_config:/home/sazma/ws_future/install/moveit_resources_fanuc_description:/home/sazma/ws_future/install/moveit_planners_stomp:/home/sazma/ws_future/install/moveit_planners_chomp:/home/sazma/ws_future/install/moveit_chomp_optimizer_adapter:/home/sazma/ws_future/install/chomp_motion_planner:/home/sazma/ws_future/install/moveit_core:/home/sazma/ws_future/install/moveit_msgs:/home/sazma/ws_future/install/moveit_configs_utils:/home/sazma/ws_future/install/moveit_common:/home/sazma/ws_future/install/kortex_bringup:/home/sazma/ws_future/install/kortex_driver:/home/sazma/ws_future/install/kortex_description:/home/sazma/ws_future/install/kortex_api:/opt/ros/humble /usr/bin/cmake --install /home/sazma/ws_future/build/kortex_description
