[0.000000] (-) TimerEvent: {}
[0.000117] (-) JobUnselected: {'identifier': 'chomp_motion_planner'}
[0.000235] (-) JobUnselected: {'identifier': 'cpp_pubsub'}
[0.000434] (-) JobUnselected: {'identifier': 'cpp_pubsub'}
[0.000460] (-) JobUnselected: {'identifier': 'custom_package'}
[0.000479] (-) JobUnselected: {'identifier': 'demo'}
[0.000495] (-) JobUnselected: {'identifier': 'demo_tmr5_900'}
[0.000511] (-) JobUnselected: {'identifier': 'dual_arm_panda_moveit_config'}
[0.000527] (-) JobUnselected: {'identifier': 'kinova_gen3_6dof_robotiq_2f_85_moveit_config'}
[0.000543] (-) JobUnselected: {'identifier': 'kinova_gen3_7dof_robotiq_2f_85_moveit_config'}
[0.000558] (-) JobUnselected: {'identifier': 'kortex_api'}
[0.000573] (-) JobUnselected: {'identifier': 'kortex_bringup'}
[0.000588] (-) JobUnselected: {'identifier': 'kortex_description'}
[0.000604] (-) JobUnselected: {'identifier': 'kortex_driver'}
[0.000619] (-) JobUnselected: {'identifier': 'moveit'}
[0.000634] (-) JobUnselected: {'identifier': 'moveit2_tutorials'}
[0.000649] (-) JobUnselected: {'identifier': 'moveit_chomp_optimizer_adapter'}
[0.000664] (-) JobUnselected: {'identifier': 'moveit_common'}
[0.000679] (-) JobUnselected: {'identifier': 'moveit_configs_utils'}
[0.000694] (-) JobUnselected: {'identifier': 'moveit_core'}
[0.000709] (-) JobUnselected: {'identifier': 'moveit_hybrid_planning'}
[0.000725] (-) JobUnselected: {'identifier': 'moveit_kinematics'}
[0.000740] (-) JobUnselected: {'identifier': 'moveit_msgs'}
[0.000755] (-) JobUnselected: {'identifier': 'moveit_planners'}
[0.000770] (-) JobUnselected: {'identifier': 'moveit_planners_chomp'}
[0.000785] (-) JobUnselected: {'identifier': 'moveit_planners_ompl'}
[0.000800] (-) JobUnselected: {'identifier': 'moveit_planners_stomp'}
[0.000814] (-) JobUnselected: {'identifier': 'moveit_plugins'}
[0.000829] (-) JobUnselected: {'identifier': 'moveit_py'}
[0.000844] (-) JobUnselected: {'identifier': 'moveit_resources'}
[0.000859] (-) JobUnselected: {'identifier': 'moveit_resources_fanuc_description'}
[0.000874] (-) JobUnselected: {'identifier': 'moveit_resources_fanuc_moveit_config'}
[0.000889] (-) JobUnselected: {'identifier': 'moveit_resources_panda_description'}
[0.000904] (-) JobUnselected: {'identifier': 'moveit_resources_panda_moveit_config'}
[0.000919] (-) JobUnselected: {'identifier': 'moveit_resources_pr2_description'}
[0.000934] (-) JobUnselected: {'identifier': 'moveit_resources_prbt_ikfast_manipulator_plugin'}
[0.000949] (-) JobUnselected: {'identifier': 'moveit_resources_prbt_moveit_config'}
[0.000964] (-) JobUnselected: {'identifier': 'moveit_resources_prbt_pg70_support'}
[0.000979] (-) JobUnselected: {'identifier': 'moveit_resources_prbt_support'}
[0.000994] (-) JobUnselected: {'identifier': 'moveit_ros'}
[0.001009] (-) JobUnselected: {'identifier': 'moveit_ros_benchmarks'}
[0.001024] (-) JobUnselected: {'identifier': 'moveit_ros_control_interface'}
[0.001039] (-) JobUnselected: {'identifier': 'moveit_ros_move_group'}
[0.001054] (-) JobUnselected: {'identifier': 'moveit_ros_occupancy_map_monitor'}
[0.001069] (-) JobUnselected: {'identifier': 'moveit_ros_perception'}
[0.001084] (-) JobUnselected: {'identifier': 'moveit_ros_planning'}
[0.001099] (-) JobUnselected: {'identifier': 'moveit_ros_planning_interface'}
[0.001116] (-) JobUnselected: {'identifier': 'moveit_ros_robot_interaction'}
[0.001140] (-) JobUnselected: {'identifier': 'moveit_ros_visualization'}
[0.001162] (-) JobUnselected: {'identifier': 'moveit_ros_warehouse'}
[0.001187] (-) JobUnselected: {'identifier': 'moveit_runtime'}
[0.001213] (-) JobUnselected: {'identifier': 'moveit_servo'}
[0.001233] (-) JobUnselected: {'identifier': 'moveit_setup_app_plugins'}
[0.001249] (-) JobUnselected: {'identifier': 'moveit_setup_assistant'}
[0.001264] (-) JobUnselected: {'identifier': 'moveit_setup_controllers'}
[0.001279] (-) JobUnselected: {'identifier': 'moveit_setup_core_plugins'}
[0.001294] (-) JobUnselected: {'identifier': 'moveit_setup_framework'}
[0.001309] (-) JobUnselected: {'identifier': 'moveit_setup_srdf_plugins'}
[0.001324] (-) JobUnselected: {'identifier': 'moveit_simple_controller_manager'}
[0.001345] (-) JobUnselected: {'identifier': 'moveit_task_constructor_capabilities'}
[0.001361] (-) JobUnselected: {'identifier': 'moveit_task_constructor_core'}
[0.001376] (-) JobUnselected: {'identifier': 'moveit_task_constructor_demo'}
[0.001390] (-) JobUnselected: {'identifier': 'moveit_task_constructor_msgs'}
[0.001405] (-) JobUnselected: {'identifier': 'moveit_task_constructor_visualization'}
[0.001421] (-) JobUnselected: {'identifier': 'moveit_visual_tools'}
[0.001435] (-) JobUnselected: {'identifier': 'msg_store'}
[0.001450] (-) JobUnselected: {'identifier': 'pick_ik'}
[0.001465] (-) JobUnselected: {'identifier': 'pilz_industrial_motion_planner'}
[0.001479] (-) JobUnselected: {'identifier': 'pilz_industrial_motion_planner_testutils'}
[0.001494] (-) JobUnselected: {'identifier': 'py_pubsub'}
[0.001508] (-) JobUnselected: {'identifier': 'rviz_marker_tools'}
[0.001523] (-) JobUnselected: {'identifier': 'rviz_visual_tools'}
[0.001538] (-) JobUnselected: {'identifier': 'techman_robot_msgs'}
[0.001552] (-) JobUnselected: {'identifier': 'tm_description'}
[0.001567] (-) JobUnselected: {'identifier': 'tm_driver'}
[0.001582] (-) JobUnselected: {'identifier': 'tm_get_status'}
[0.001596] (-) JobUnselected: {'identifier': 'tm_mod_urdf'}
[0.001611] (-) JobUnselected: {'identifier': 'tm_moveit_config_tm12'}
[0.001625] (-) JobUnselected: {'identifier': 'tm_moveit_config_tm12x'}
[0.001646] (-) JobUnselected: {'identifier': 'tm_moveit_config_tm14'}
[0.001661] (-) JobUnselected: {'identifier': 'tm_moveit_config_tm14x'}
[0.001676] (-) JobUnselected: {'identifier': 'tm_moveit_config_tm5-700'}
[0.001691] (-) JobUnselected: {'identifier': 'tm_moveit_config_tm5-900'}
[0.001705] (-) JobUnselected: {'identifier': 'tm_moveit_config_tm5x-700'}
[0.001720] (-) JobUnselected: {'identifier': 'tm_moveit_config_tm5x-900'}
[0.001735] (-) JobUnselected: {'identifier': 'tm_moveit_cpp_demo'}
[0.001749] (-) JobUnselected: {'identifier': 'tm_msgs'}
[0.001764] (-) JobUnselected: {'identifier': 'ui_for_debug_and_demo'}
[0.001779] (-) EventReactorShutdown: {}
