[0.846s] Invoking command in '/home/sazma/ws_future/src/mpu_6050/mpu_py': PYTHONPATH=/home/sazma/ws_future/build/mpu_py/prefix_override:/home/sazma/ws_future/install/mpu_py/lib/python3.10/site-packages:${PYTHONPATH} /usr/bin/python3 setup.py egg_info --egg-base ../../../build/mpu_py build --build-base /home/sazma/ws_future/build/mpu_py/build install --record /home/sazma/ws_future/build/mpu_py/install.log --single-version-externally-managed
[1.078s] running egg_info
[1.095s] writing ../../../build/mpu_py/mpu_py.egg-info/PKG-INFO
[1.095s] writing dependency_links to ../../../build/mpu_py/mpu_py.egg-info/dependency_links.txt
[1.095s] writing entry points to ../../../build/mpu_py/mpu_py.egg-info/entry_points.txt
[1.095s] writing requirements to ../../../build/mpu_py/mpu_py.egg-info/requires.txt
[1.095s] writing top-level names to ../../../build/mpu_py/mpu_py.egg-info/top_level.txt
[1.129s] reading manifest file '../../../build/mpu_py/mpu_py.egg-info/SOURCES.txt'
[1.130s] writing manifest file '../../../build/mpu_py/mpu_py.egg-info/SOURCES.txt'
[1.130s] running build
[1.130s] running build_py
[1.130s] running install
[1.131s] /home/sazma/.local/lib/python3.10/site-packages/setuptools/_distutils/cmd.py:66: SetuptoolsDeprecationWarning: setup.py install is deprecated.
[1.131s] !!
[1.131s] 
[1.131s]         ********************************************************************************
[1.131s]         Please avoid running ``setup.py`` directly.
[1.131s]         Instead, use pypa/build, pypa/installer or other
[1.131s]         standards-based tools.
[1.131s] 
[1.131s]         See https://blog.ganssle.io/articles/2021/10/setup-py-deprecated.html for details.
[1.131s]         ********************************************************************************
[1.131s] 
[1.131s] !!
[1.131s]   self.initialize_options()
[1.136s] running install_lib
[1.154s] running install_data
[1.170s] running install_egg_info
[1.187s] removing '/home/sazma/ws_future/install/mpu_py/lib/python3.10/site-packages/mpu_py-0.0.0-py3.10.egg-info' (and everything under it)
[1.188s] Copying ../../../build/mpu_py/mpu_py.egg-info to /home/sazma/ws_future/install/mpu_py/lib/python3.10/site-packages/mpu_py-0.0.0-py3.10.egg-info
[1.188s] running install_scripts
[1.341s] Installing publisher_node script to /home/sazma/ws_future/install/mpu_py/lib/mpu_py
[1.342s] writing list of installed files to '/home/sazma/ws_future/build/mpu_py/install.log'
[1.362s] Invoked command in '/home/sazma/ws_future/src/mpu_6050/mpu_py' returned '0': PYTHONPATH=/home/sazma/ws_future/build/mpu_py/prefix_override:/home/sazma/ws_future/install/mpu_py/lib/python3.10/site-packages:${PYTHONPATH} /usr/bin/python3 setup.py egg_info --egg-base ../../../build/mpu_py build --build-base /home/sazma/ws_future/build/mpu_py/build install --record /home/sazma/ws_future/build/mpu_py/install.log --single-version-externally-managed
