[0.922s] Invoking command in '/home/sazma/ws_future/src/mpu_6050': PYTHONPATH=/home/sazma/ws_future/build/mpu_6050/prefix_override:/home/sazma/ws_future/install/mpu_6050/lib/python3.10/site-packages:${PYTHONPATH} /usr/bin/python3 setup.py egg_info --egg-base ../../build/mpu_6050 build --build-base /home/sazma/ws_future/build/mpu_6050/build install --record /home/sazma/ws_future/build/mpu_6050/install.log --single-version-externally-managed
[1.147s] running egg_info
[1.163s] writing ../../build/mpu_6050/mpu_6050.egg-info/PKG-INFO
[1.164s] writing dependency_links to ../../build/mpu_6050/mpu_6050.egg-info/dependency_links.txt
[1.164s] writing entry points to ../../build/mpu_6050/mpu_6050.egg-info/entry_points.txt
[1.164s] writing requirements to ../../build/mpu_6050/mpu_6050.egg-info/requires.txt
[1.164s] writing top-level names to ../../build/mpu_6050/mpu_6050.egg-info/top_level.txt
[1.197s] reading manifest file '../../build/mpu_6050/mpu_6050.egg-info/SOURCES.txt'
[1.197s] writing manifest file '../../build/mpu_6050/mpu_6050.egg-info/SOURCES.txt'
[1.198s] running build
[1.198s] running build_py
[1.198s] running install
[1.198s] /home/sazma/.local/lib/python3.10/site-packages/setuptools/_distutils/cmd.py:66: SetuptoolsDeprecationWarning: setup.py install is deprecated.
[1.198s] !!
[1.198s] 
[1.198s]         ********************************************************************************
[1.198s]         Please avoid running ``setup.py`` directly.
[1.198s]         Instead, use pypa/build, pypa/installer or other
[1.198s]         standards-based tools.
[1.198s] 
[1.198s]         See https://blog.ganssle.io/articles/2021/10/setup-py-deprecated.html for details.
[1.199s]         ********************************************************************************
[1.199s] 
[1.199s] !!
[1.199s]   self.initialize_options()
[1.203s] running install_lib
[1.220s] running install_data
[1.236s] copying package.xml -> /home/sazma/ws_future/install/mpu_6050/share/mpu_6050
[1.236s] running install_egg_info
[1.253s] removing '/home/sazma/ws_future/install/mpu_6050/lib/python3.10/site-packages/mpu_6050-0.0.0-py3.10.egg-info' (and everything under it)
[1.254s] Copying ../../build/mpu_6050/mpu_6050.egg-info to /home/sazma/ws_future/install/mpu_6050/lib/python3.10/site-packages/mpu_6050-0.0.0-py3.10.egg-info
[1.254s] running install_scripts
[1.406s] Installing publisher_node script to /home/sazma/ws_future/install/mpu_6050/lib/mpu_6050
[1.406s] writing list of installed files to '/home/sazma/ws_future/build/mpu_6050/install.log'
[1.425s] Invoked command in '/home/sazma/ws_future/src/mpu_6050' returned '0': PYTHONPATH=/home/sazma/ws_future/build/mpu_6050/prefix_override:/home/sazma/ws_future/install/mpu_6050/lib/python3.10/site-packages:${PYTHONPATH} /usr/bin/python3 setup.py egg_info --egg-base ../../build/mpu_6050 build --build-base /home/sazma/ws_future/build/mpu_6050/build install --record /home/sazma/ws_future/build/mpu_6050/install.log --single-version-externally-managed
