[0.192s] Invoking command in '/home/sazma/ws_future/build/moveit_core': CMAKE_PREFIX_PATH=/home/sazma/ws_future/install/moveit_resources_panda_moveit_config:/home/sazma/ws_future/install/moveit_resources_pr2_description:/home/sazma/ws_future/install/moveit_resources_panda_description:/home/sazma/ws_future/install/moveit_msgs:/home/sazma/ws_future/install/moveit_common:/home/sazma/ws_future/install/ui_for_debug_and_demo:/home/sazma/ws_future/install/tm_driver:/home/sazma/ws_future/install/demo:/home/sazma/ws_future/install/tm_msgs:/home/sazma/ws_future/install/tm_moveit_cpp_demo:/home/sazma/ws_future/install/tm_moveit_config_tm5x-900:/home/sazma/ws_future/install/tm_moveit_config_tm5x-700:/home/sazma/ws_future/install/tm_moveit_config_tm5-900:/home/sazma/ws_future/install/tm_moveit_config_tm5-700:/home/sazma/ws_future/install/tm_moveit_config_tm14x:/home/sazma/ws_future/install/tm_moveit_config_tm14:/home/sazma/ws_future/install/tm_moveit_config_tm12x:/home/sazma/ws_future/install/tm_moveit_config_tm12:/home/sazma/ws_future/install/demo_tmr5_900:/home/sazma/ws_future/install/tm_description:/home/sazma/ws_future/install/custom_package:/home/sazma/ws_future/install/techman_robot_msgs:/home/sazma/ws_future/install/moveit2_tutorials:/home/sazma/ws_future/install/moveit_visual_tools:/home/sazma/ws_future/install/rviz_visual_tools:/home/sazma/ws_future/install/moveit_task_constructor_visualization:/home/sazma/ws_future/install/moveit_task_constructor_demo:/home/sazma/ws_future/install/moveit_task_constructor_capabilities:/home/sazma/ws_future/install/moveit_task_constructor_core:/home/sazma/ws_future/install/rviz_marker_tools:/home/sazma/ws_future/install/pilz_industrial_motion_planner_testutils:/home/sazma/ws_future/install/moveit_runtime:/home/sazma/ws_future/install/moveit:/home/sazma/ws_future/install/kinova_gen3_7dof_robotiq_2f_85_moveit_config:/home/sazma/ws_future/install/kinova_gen3_6dof_robotiq_2f_85_moveit_config:/home/sazma/ws_future/install/moveit_planners:/home/sazma/ws_future/install/pilz_industrial_motion_planner:/home/sazma/ws_future/install/pick_ik:/home/sazma/ws_future/install/moveit_task_constructor_msgs:/home/sazma/ws_future/install/moveit_ros_control_interface:/home/sazma/ws_future/install/moveit_plugins:/home/sazma/ws_future/install/moveit_simple_controller_manager:/home/sazma/ws_future/install/moveit_setup_assistant:/home/sazma/ws_future/install/moveit_setup_srdf_plugins:/home/sazma/ws_future/install/moveit_setup_core_plugins:/home/sazma/ws_future/install/moveit_setup_controllers:/home/sazma/ws_future/install/moveit_setup_app_plugins:/home/sazma/ws_future/install/moveit_setup_framework:/home/sazma/ws_future/install/moveit_servo:/home/sazma/ws_future/install/moveit_ros:/home/sazma/ws_future/install/moveit_ros_visualization:/home/sazma/ws_future/install/moveit_py:/home/sazma/ws_future/install/moveit_hybrid_planning:/home/sazma/ws_future/install/moveit_ros_planning_interface:/home/sazma/ws_future/install/moveit_ros_benchmarks:/home/sazma/ws_future/install/moveit_ros_warehouse:/home/sazma/ws_future/install/moveit_ros_robot_interaction:/home/sazma/ws_future/install/moveit_ros_perception:/home/sazma/ws_future/install/moveit_resources_prbt_pg70_support:/home/sazma/ws_future/install/moveit_resources_prbt_moveit_config:/home/sazma/ws_future/install/moveit_ros_move_group:/home/sazma/ws_future/install/moveit_planners_ompl:/home/sazma/ws_future/install/moveit_kinematics:/home/sazma/ws_future/install/moveit_ros_planning:/home/sazma/ws_future/install/moveit_ros_occupancy_map_monitor:/home/sazma/ws_future/install/moveit_resources_prbt_support:/home/sazma/ws_future/install/moveit_resources_prbt_ikfast_manipulator_plugin:/home/sazma/ws_future/install/moveit_resources:/home/sazma/ws_future/install/dual_arm_panda_moveit_config:/home/sazma/ws_future/install/moveit_resources_fanuc_moveit_config:/home/sazma/ws_future/install/moveit_resources_fanuc_description:/home/sazma/ws_future/install/moveit_planners_stomp:/home/sazma/ws_future/install/moveit_planners_chomp:/home/sazma/ws_future/install/moveit_chomp_optimizer_adapter:/home/sazma/ws_future/install/chomp_motion_planner:/home/sazma/ws_future/install/moveit_core:/home/sazma/ws_future/install/kortex_bringup:/home/sazma/ws_future/install/kortex_driver:/home/sazma/ws_future/install/kortex_description:/home/sazma/ws_future/install/kortex_api:/home/sazma/tm5_900_ws/install/demo_tmr5_900:/home/sazma/ws_future/install/tm_mod_urdf:/home/sazma/ws_future/install/tm_get_status:/home/sazma/ws_future/install/moveit_configs_utils:/opt/ros/humble LD_LIBRARY_PATH=/home/sazma/ws_future/install/moveit_msgs/lib:/home/sazma/ws_future/install/tm_msgs/lib:/home/sazma/ws_future/install/techman_robot_msgs/lib:/home/sazma/ws_future/install/moveit_visual_tools/lib:/home/sazma/ws_future/install/rviz_visual_tools/lib:/home/sazma/ws_future/install/moveit_task_constructor_visualization/lib:/home/sazma/ws_future/install/moveit_task_constructor_demo/lib:/home/sazma/ws_future/install/moveit_task_constructor_capabilities/lib:/home/sazma/ws_future/install/moveit_task_constructor_core/lib:/home/sazma/ws_future/install/rviz_marker_tools/lib:/home/sazma/ws_future/install/pilz_industrial_motion_planner_testutils/lib:/home/sazma/ws_future/install/pilz_industrial_motion_planner/lib:/home/sazma/ws_future/install/pick_ik/lib:/home/sazma/ws_future/install/moveit_task_constructor_msgs/lib:/home/sazma/ws_future/install/moveit_ros_control_interface/lib:/home/sazma/ws_future/install/moveit_simple_controller_manager/lib:/home/sazma/ws_future/install/moveit_setup_assistant/lib:/home/sazma/ws_future/install/moveit_setup_srdf_plugins/lib:/home/sazma/ws_future/install/moveit_setup_core_plugins/lib:/home/sazma/ws_future/install/moveit_setup_controllers/lib:/home/sazma/ws_future/install/moveit_setup_app_plugins/lib:/home/sazma/ws_future/install/moveit_setup_framework/lib:/home/sazma/ws_future/install/moveit_servo/lib:/home/sazma/ws_future/install/moveit_ros_visualization/lib:/home/sazma/ws_future/install/moveit_py/lib:/home/sazma/ws_future/install/moveit_hybrid_planning/lib:/home/sazma/ws_future/install/moveit_ros_planning_interface/lib:/home/sazma/ws_future/install/moveit_ros_benchmarks/lib:/home/sazma/ws_future/install/moveit_ros_warehouse/lib:/home/sazma/ws_future/install/moveit_ros_robot_interaction/lib:/home/sazma/ws_future/install/moveit_ros_perception/lib:/home/sazma/ws_future/install/moveit_ros_move_group/lib:/home/sazma/ws_future/install/moveit_planners_ompl/lib:/home/sazma/ws_future/install/moveit_kinematics/lib:/home/sazma/ws_future/install/moveit_ros_planning/lib:/home/sazma/ws_future/install/moveit_ros_occupancy_map_monitor/lib:/home/sazma/ws_future/install/moveit_resources_prbt_ikfast_manipulator_plugin/lib:/home/sazma/ws_future/install/moveit_planners_stomp/lib:/home/sazma/ws_future/install/moveit_planners_chomp/lib:/home/sazma/ws_future/install/moveit_chomp_optimizer_adapter/lib:/home/sazma/ws_future/install/chomp_motion_planner/lib:/home/sazma/ws_future/install/moveit_core/lib:/home/sazma/ws_future/install/kortex_driver/lib:/opt/ros/humble/opt/rviz_ogre_vendor/lib:/opt/ros/humble/lib/x86_64-linux-gnu:/opt/ros/humble/lib /usr/bin/cmake --build /home/sazma/ws_future/build/moveit_core -- -j12 -l12
[0.261s] [  4%] Built target gtest
[0.261s] [  4%] Built target gtest_main
[0.261s] [  4%] Built target moveit_exceptions
[0.261s] [  5%] Built target moveit_butterworth_parameters
[0.262s] [  7%] Built target gmock_main
[0.263s] [  8%] Built target gmock
[0.263s] [  9%] [34m[1mGenerating ../include/moveit/version.h, always_rebuild[0m
[0.268s] [ 12%] Built target moveit_utils
[0.270s] [ 13%] Built target moveit_smoothing_base
[0.274s] [ 14%] Built target moveit_transforms
[0.286s] [ 16%] Built target moveit_distance_field
[0.306s] [ 17%] Built target logger_from_child_dut
[0.309s] [ 18%] Built target test_transforms
[0.312s] [ 19%] [34m[1mGenerating version.h[0m
[0.314s] [ 20%] Built target logger_dut
[0.315s] [ 21%] Built target logger_from_only_child_dut
[0.321s] [ 28%] Built target moveit_robot_model
[0.323s] [ 28%] Built target version_h
[0.329s] [ 29%] Built target test_voxel_grid
[0.331s] [ 30%] Built target test_distance_field
[0.348s] [ 31%] Built target moveit_version
[0.351s] [ 32%] Built target moveit_kinematics_base
[0.354s] [ 33%] Built target moveit_butterworth_filter
[0.386s] [ 35%] Built target moveit_test_utils
[0.387s] [ 35%] Built target test_butterworth_filter
[0.390s] [ 37%] Built target moveit_robot_state
[0.438s] [ 38%] Built target test_robot_model
[0.444s] [ 40%] Built target moveit_robot_trajectory
[0.444s] [ 42%] Built target test_cartesian_interpolator
[0.444s] [ 42%] Built target moveit_kinematics_metrics
[0.444s] [ 44%] Built target test_robot_state
[0.444s] [ 44%] Built target moveit_dynamics_solver
[0.447s] [ 45%] Built target test_robot_state_complex
[0.448s] [ 46%] Built target test_aabb
[0.451s] [ 47%] Built target robot_state_jacobian_benchmark
[0.453s] [ 48%] Built target test_robot_state_benchmark
[0.462s] [ 54%] Built target moveit_collision_detection
[0.485s] [ 56%] Built target test_robot_trajectory
[0.491s] [ 58%] Built target moveit_trajectory_processing
[0.493s] [ 60%] Built target moveit_planning_interface
[0.499s] [ 61%] Built target test_world
[0.502s] [ 62%] Built target test_world_diff
[0.511s] [ 64%] Built target test_all_valid
[0.513s] [ 66%] Built target moveit_collision_detection_fcl
[0.531s] [ 70%] Built target moveit_collision_detection_bullet
[0.531s] [ 71%] Built target test_ruckig_traj_smoothing
[0.536s] [ 72%] Built target test_time_optimal_trajectory_generation
[0.557s] [ 73%] Built target test_fcl_collision_env
[0.558s] [ 74%] Built target test_fcl_collision_detection_panda
[0.561s] [ 75%] Built target test_fcl_collision_detection
[0.563s] [ 76%] Built target moveit_kinematic_constraints
[0.578s] [ 77%] Built target test_bullet_collision_detection
[0.578s] [ 78%] Built target test_bullet_collision_detection_panda
[0.580s] [ 79%] Built target test_bullet_continuous_collision_checking
[0.602s] [ 80%] Built target test_constraints
[0.603s] [ 81%] Built target moveit_planning_scene
[0.607s] [ 82%] Built target test_orientation_constraints
[0.642s] [ 83%] Built target collision_detector_fcl_plugin
[0.650s] [ 85%] Built target test_collision_objects
[0.650s] [ 87%] Built target test_multi_threaded
[0.651s] [ 88%] Built target moveit_planning_request_adapter
[0.655s] [ 89%] Built target collision_detector_bullet_plugin
[0.657s] [ 92%] Built target test_planning_scene
[0.658s] [ 93%] Built target moveit_collision_distance_field
[0.658s] [ 96%] Built target moveit_constraint_samplers
[0.686s] [ 97%] Built target test_planning_request_adapter_chain
[0.695s] [ 98%] Built target test_collision_distance_field
[0.698s] [100%] Built target test_constraint_samplers
