[2.709s] Invoking command in '/home/sazma/ws_future/src/moveit2/moveit_configs_utils': PYTHONPATH=/home/sazma/ws_future/build/moveit_configs_utils/prefix_override:/home/sazma/ws_future/install/moveit_configs_utils/lib/python3.10/site-packages:${PYTHONPATH} /usr/bin/python3 setup.py egg_info --egg-base ../../../build/moveit_configs_utils build --build-base /home/sazma/ws_future/build/moveit_configs_utils/build install --record /home/sazma/ws_future/build/moveit_configs_utils/install.log --single-version-externally-managed
[3.121s] running egg_info
[3.122s] writing ../../../build/moveit_configs_utils/moveit_configs_utils.egg-info/PKG-INFO
[3.122s] writing dependency_links to ../../../build/moveit_configs_utils/moveit_configs_utils.egg-info/dependency_links.txt
[3.122s] writing entry points to ../../../build/moveit_configs_utils/moveit_configs_utils.egg-info/entry_points.txt
[3.122s] writing requirements to ../../../build/moveit_configs_utils/moveit_configs_utils.egg-info/requires.txt
[3.122s] writing top-level names to ../../../build/moveit_configs_utils/moveit_configs_utils.egg-info/top_level.txt
[3.122s] reading manifest file '../../../build/moveit_configs_utils/moveit_configs_utils.egg-info/SOURCES.txt'
[3.122s] writing manifest file '../../../build/moveit_configs_utils/moveit_configs_utils.egg-info/SOURCES.txt'
[3.122s] running build
[3.122s] running build_py
[3.122s] running install
[3.123s] running install_lib
[3.123s] running install_data
[3.123s] running install_egg_info
[3.123s] removing '/home/sazma/ws_future/install/moveit_configs_utils/lib/python3.10/site-packages/moveit_configs_utils-2.8.0-py3.10.egg-info' (and everything under it)
[3.123s] Copying ../../../build/moveit_configs_utils/moveit_configs_utils.egg-info to /home/sazma/ws_future/install/moveit_configs_utils/lib/python3.10/site-packages/moveit_configs_utils-2.8.0-py3.10.egg-info
[3.123s] running install_scripts
[3.123s] writing list of installed files to '/home/sazma/ws_future/build/moveit_configs_utils/install.log'
[3.123s] /usr/lib/python3/dist-packages/setuptools/command/install.py:34: SetuptoolsDeprecationWarning: setup.py install is deprecated. Use build and pip and other standards-based tools.
[3.123s]   warnings.warn(
[3.643s] Invoked command in '/home/sazma/ws_future/src/moveit2/moveit_configs_utils' returned '0': PYTHONPATH=/home/sazma/ws_future/build/moveit_configs_utils/prefix_override:/home/sazma/ws_future/install/moveit_configs_utils/lib/python3.10/site-packages:${PYTHONPATH} /usr/bin/python3 setup.py egg_info --egg-base ../../../build/moveit_configs_utils build --build-base /home/sazma/ws_future/build/moveit_configs_utils/build install --record /home/sazma/ws_future/build/moveit_configs_utils/install.log --single-version-externally-managed
