[1.041s] Invoking command in '/home/sazma/ws_future/build/kortex_description': CMAKE_PREFIX_PATH=${CMAKE_PREFIX_PATH}:/home/sazma/ws_future/install/tm_mod_urdf:/home/sazma/ws_future/install/tm_get_status:/home/sazma/ws_future/install/moveit_configs_utils:/home/sazma/ws_tm/install/tm_mod_urdf:/home/sazma/ws_tm/install/tm_get_status:/opt/ros/humble /usr/bin/cmake --build /home/sazma/ws_future/build/kortex_description -- -j12 -l12
[1.124s] Invoked command in '/home/sazma/ws_future/build/kortex_description' returned '0': CMAKE_PREFIX_PATH=${CMAKE_PREFIX_PATH}:/home/sazma/ws_future/install/tm_mod_urdf:/home/sazma/ws_future/install/tm_get_status:/home/sazma/ws_future/install/moveit_configs_utils:/home/sazma/ws_tm/install/tm_mod_urdf:/home/sazma/ws_tm/install/tm_get_status:/opt/ros/humble /usr/bin/cmake --build /home/sazma/ws_future/build/kortex_description -- -j12 -l12
[1.290s] Invoking command in '/home/sazma/ws_future/build/kortex_description': CMAKE_PREFIX_PATH=${CMAKE_PREFIX_PATH}:/home/sazma/ws_future/install/tm_mod_urdf:/home/sazma/ws_future/install/tm_get_status:/home/sazma/ws_future/install/moveit_configs_utils:/home/sazma/ws_tm/install/tm_mod_urdf:/home/sazma/ws_tm/install/tm_get_status:/opt/ros/humble /usr/bin/cmake --install /home/sazma/ws_future/build/kortex_description
[1.384s] -- Install configuration: ""
[1.384s] -- Up-to-date: /home/sazma/ws_future/install/kortex_description/share/kortex_description/arms
[1.384s] -- Up-to-date: /home/sazma/ws_future/install/kortex_description/share/kortex_description/arms/gen3
[1.384s] -- Up-to-date: /home/sazma/ws_future/install/kortex_description/share/kortex_description/arms/gen3/7dof
[1.384s] -- Up-to-date: /home/sazma/ws_future/install/kortex_description/share/kortex_description/arms/gen3/7dof/urdf
[1.384s] -- Up-to-date: /home/sazma/ws_future/install/kortex_description/share/kortex_description/arms/gen3/7dof/urdf/gen3_macro.xacro
[1.385s] -- Up-to-date: /home/sazma/ws_future/install/kortex_description/share/kortex_description/arms/gen3/7dof/urdf/kortex.ros2_control.xacro
[1.385s] -- Up-to-date: /home/sazma/ws_future/install/kortex_description/share/kortex_description/arms/gen3/7dof/urdf/gen3_transmission_macro.xacro
[1.385s] -- Up-to-date: /home/sazma/ws_future/install/kortex_description/share/kortex_description/arms/gen3/7dof/config
[1.385s] -- Up-to-date: /home/sazma/ws_future/install/kortex_description/share/kortex_description/arms/gen3/7dof/config/joint_limits.yaml
[1.385s] -- Up-to-date: /home/sazma/ws_future/install/kortex_description/share/kortex_description/arms/gen3/7dof/config/ros2_controllers.yaml
[1.385s] -- Up-to-date: /home/sazma/ws_future/install/kortex_description/share/kortex_description/arms/gen3/7dof/config/gazebo_initial_joint_positions.yaml
[1.385s] -- Up-to-date: /home/sazma/ws_future/install/kortex_description/share/kortex_description/arms/gen3/7dof/config/twist_limits.yaml
[1.386s] -- Up-to-date: /home/sazma/ws_future/install/kortex_description/share/kortex_description/arms/gen3/7dof/meshes
[1.386s] -- Up-to-date: /home/sazma/ws_future/install/kortex_description/share/kortex_description/arms/gen3/7dof/meshes/forearm_link.STL
[1.386s] -- Up-to-date: /home/sazma/ws_future/install/kortex_description/share/kortex_description/arms/gen3/7dof/meshes/spherical_wrist_2_link.STL
[1.386s] -- Up-to-date: /home/sazma/ws_future/install/kortex_description/share/kortex_description/arms/gen3/7dof/meshes/end_effector_link.STL
[1.386s] -- Up-to-date: /home/sazma/ws_future/install/kortex_description/share/kortex_description/arms/gen3/7dof/meshes/spherical_wrist_1_link.STL
[1.386s] -- Up-to-date: /home/sazma/ws_future/install/kortex_description/share/kortex_description/arms/gen3/7dof/meshes/bracelet_no_vision_link.STL
[1.386s] -- Up-to-date: /home/sazma/ws_future/install/kortex_description/share/kortex_description/arms/gen3/7dof/meshes/bracelet_with_vision_link.STL
[1.387s] -- Up-to-date: /home/sazma/ws_future/install/kortex_description/share/kortex_description/arms/gen3/7dof/meshes/half_arm_2_link.STL
[1.387s] -- Up-to-date: /home/sazma/ws_future/install/kortex_description/share/kortex_description/arms/gen3/7dof/meshes/half_arm_1_link.STL
[1.387s] -- Up-to-date: /home/sazma/ws_future/install/kortex_description/share/kortex_description/arms/gen3/7dof/meshes/shoulder_link.STL
[1.387s] -- Up-to-date: /home/sazma/ws_future/install/kortex_description/share/kortex_description/arms/gen3/7dof/meshes/base_link.STL
[1.387s] -- Up-to-date: /home/sazma/ws_future/install/kortex_description/share/kortex_description/arms/gen3/6dof
[1.387s] -- Up-to-date: /home/sazma/ws_future/install/kortex_description/share/kortex_description/arms/gen3/6dof/urdf
[1.388s] -- Up-to-date: /home/sazma/ws_future/install/kortex_description/share/kortex_description/arms/gen3/6dof/urdf/gen3_macro.xacro
[1.388s] -- Up-to-date: /home/sazma/ws_future/install/kortex_description/share/kortex_description/arms/gen3/6dof/urdf/kortex.ros2_control.xacro
[1.389s] -- Up-to-date: /home/sazma/ws_future/install/kortex_description/share/kortex_description/arms/gen3/6dof/urdf/gen3_transmission_macro.xacro
[1.390s] -- Up-to-date: /home/sazma/ws_future/install/kortex_description/share/kortex_description/arms/gen3/6dof/config
[1.391s] -- Up-to-date: /home/sazma/ws_future/install/kortex_description/share/kortex_description/arms/gen3/6dof/config/joint_limits.yaml
[1.393s] -- Up-to-date: /home/sazma/ws_future/install/kortex_description/share/kortex_description/arms/gen3/6dof/config/ros2_controllers.yaml
[1.393s] -- Up-to-date: /home/sazma/ws_future/install/kortex_description/share/kortex_description/arms/gen3/6dof/config/gazebo_initial_joint_positions.yaml
[1.394s] -- Up-to-date: /home/sazma/ws_future/install/kortex_description/share/kortex_description/arms/gen3/6dof/config/twist_limits.yaml
[1.394s] -- Up-to-date: /home/sazma/ws_future/install/kortex_description/share/kortex_description/arms/gen3/6dof/meshes
[1.394s] -- Up-to-date: /home/sazma/ws_future/install/kortex_description/share/kortex_description/arms/gen3/6dof/meshes/forearm_link.STL
[1.394s] -- Up-to-date: /home/sazma/ws_future/install/kortex_description/share/kortex_description/arms/gen3/6dof/meshes/spherical_wrist_2_link.STL
[1.394s] -- Up-to-date: /home/sazma/ws_future/install/kortex_description/share/kortex_description/arms/gen3/6dof/meshes/spherical_wrist_1_link.STL
[1.394s] -- Up-to-date: /home/sazma/ws_future/install/kortex_description/share/kortex_description/arms/gen3/6dof/meshes/bracelet_no_vision_link.STL
[1.395s] -- Up-to-date: /home/sazma/ws_future/install/kortex_description/share/kortex_description/arms/gen3/6dof/meshes/bracelet_with_vision_link.STL
[1.395s] -- Up-to-date: /home/sazma/ws_future/install/kortex_description/share/kortex_description/arms/gen3/6dof/meshes/bicep_link.STL
[1.395s] -- Up-to-date: /home/sazma/ws_future/install/kortex_description/share/kortex_description/arms/gen3/6dof/meshes/shoulder_link.STL
[1.395s] -- Up-to-date: /home/sazma/ws_future/install/kortex_description/share/kortex_description/arms/gen3/6dof/meshes/base_link.STL
[1.395s] -- Up-to-date: /home/sazma/ws_future/install/kortex_description/share/kortex_description/arms/gen3_lite
[1.395s] -- Up-to-date: /home/sazma/ws_future/install/kortex_description/share/kortex_description/arms/gen3_lite/6dof
[1.396s] -- Up-to-date: /home/sazma/ws_future/install/kortex_description/share/kortex_description/arms/gen3_lite/6dof/urdf
[1.396s] -- Up-to-date: /home/sazma/ws_future/install/kortex_description/share/kortex_description/arms/gen3_lite/6dof/urdf/gen3_lite_macro.xacro
[1.396s] -- Up-to-date: /home/sazma/ws_future/install/kortex_description/share/kortex_description/arms/gen3_lite/6dof/urdf/gen3_lite_transmission_macro.xacro
[1.396s] -- Up-to-date: /home/sazma/ws_future/install/kortex_description/share/kortex_description/arms/gen3_lite/6dof/urdf/kortex.ros2_control.xacro
[1.396s] -- Up-to-date: /home/sazma/ws_future/install/kortex_description/share/kortex_description/arms/gen3_lite/6dof/config
[1.396s] -- Up-to-date: /home/sazma/ws_future/install/kortex_description/share/kortex_description/arms/gen3_lite/6dof/config/joint_limits.yaml
[1.397s] -- Up-to-date: /home/sazma/ws_future/install/kortex_description/share/kortex_description/arms/gen3_lite/6dof/config/twist_limits.yaml
[1.398s] -- Up-to-date: /home/sazma/ws_future/install/kortex_description/share/kortex_description/arms/gen3_lite/6dof/meshes
[1.398s] -- Up-to-date: /home/sazma/ws_future/install/kortex_description/share/kortex_description/arms/gen3_lite/6dof/meshes/forearm_link.STL
[1.399s] -- Up-to-date: /home/sazma/ws_future/install/kortex_description/share/kortex_description/arms/gen3_lite/6dof/meshes/lower_wrist_link.STL
[1.399s] -- Up-to-date: /home/sazma/ws_future/install/kortex_description/share/kortex_description/arms/gen3_lite/6dof/meshes/arm_link.STL
[1.399s] -- Up-to-date: /home/sazma/ws_future/install/kortex_description/share/kortex_description/arms/gen3_lite/6dof/meshes/upper_wrist_link.STL
[1.399s] -- Up-to-date: /home/sazma/ws_future/install/kortex_description/share/kortex_description/arms/gen3_lite/6dof/meshes/shoulder_link.STL
[1.400s] -- Up-to-date: /home/sazma/ws_future/install/kortex_description/share/kortex_description/arms/gen3_lite/6dof/meshes/base_link.STL
[1.400s] -- Up-to-date: /home/sazma/ws_future/install/kortex_description/share/kortex_description/grippers
[1.400s] -- Up-to-date: /home/sazma/ws_future/install/kortex_description/share/kortex_description/grippers/robotiq_2f_85
[1.401s] -- Up-to-date: /home/sazma/ws_future/install/kortex_description/share/kortex_description/grippers/robotiq_2f_85/urdf
[1.401s] -- Up-to-date: /home/sazma/ws_future/install/kortex_description/share/kortex_description/grippers/robotiq_2f_85/urdf/robotiq_2f_85_macro.xacro
[1.401s] -- Up-to-date: /home/sazma/ws_future/install/kortex_description/share/kortex_description/grippers/robotiq_2f_85/README.md
[1.401s] -- Up-to-date: /home/sazma/ws_future/install/kortex_description/share/kortex_description/grippers/robotiq_2f_85/LICENSE
[1.401s] -- Up-to-date: /home/sazma/ws_future/install/kortex_description/share/kortex_description/grippers/gen3_lite_2f
[1.401s] -- Up-to-date: /home/sazma/ws_future/install/kortex_description/share/kortex_description/grippers/gen3_lite_2f/urdf
[1.402s] -- Up-to-date: /home/sazma/ws_future/install/kortex_description/share/kortex_description/grippers/gen3_lite_2f/urdf/gen3_lite_2f_transmission_macro.xacro
[1.403s] -- Up-to-date: /home/sazma/ws_future/install/kortex_description/share/kortex_description/grippers/gen3_lite_2f/urdf/gen3_lite_2f_macro.xacro
[1.403s] -- Up-to-date: /home/sazma/ws_future/install/kortex_description/share/kortex_description/grippers/gen3_lite_2f/urdf/GEN3-LITE-GRIPPER_URDF_SIMPLIFIED_V2.urdf
[1.403s] -- Up-to-date: /home/sazma/ws_future/install/kortex_description/share/kortex_description/grippers/gen3_lite_2f/config
[1.403s] -- Up-to-date: /home/sazma/ws_future/install/kortex_description/share/kortex_description/grippers/gen3_lite_2f/config/joint_limits.yaml
[1.403s] -- Up-to-date: /home/sazma/ws_future/install/kortex_description/share/kortex_description/grippers/gen3_lite_2f/meshes
[1.404s] -- Up-to-date: /home/sazma/ws_future/install/kortex_description/share/kortex_description/grippers/gen3_lite_2f/meshes/left_finger_prox_link.STL
[1.404s] -- Up-to-date: /home/sazma/ws_future/install/kortex_description/share/kortex_description/grippers/gen3_lite_2f/meshes/gripper_base_link.STL
[1.404s] -- Up-to-date: /home/sazma/ws_future/install/kortex_description/share/kortex_description/grippers/gen3_lite_2f/meshes/right_finger_prox_link.STL
[1.404s] -- Up-to-date: /home/sazma/ws_future/install/kortex_description/share/kortex_description/grippers/gen3_lite_2f/meshes/right_finger_dist_link.STL
[1.404s] -- Up-to-date: /home/sazma/ws_future/install/kortex_description/share/kortex_description/grippers/gen3_lite_2f/meshes/left_finger_dist_link.STL
[1.404s] -- Up-to-date: /home/sazma/ws_future/install/kortex_description/share/kortex_description/grippers/robotiq_2f_140
[1.405s] -- Up-to-date: /home/sazma/ws_future/install/kortex_description/share/kortex_description/grippers/robotiq_2f_140/urdf
[1.405s] -- Up-to-date: /home/sazma/ws_future/install/kortex_description/share/kortex_description/grippers/robotiq_2f_140/urdf/robotiq_2f_140_transmission_macro.xacro
[1.405s] -- Up-to-date: /home/sazma/ws_future/install/kortex_description/share/kortex_description/grippers/robotiq_2f_140/urdf/robotiq_2f_140_macro.xacro
[1.405s] -- Up-to-date: /home/sazma/ws_future/install/kortex_description/share/kortex_description/grippers/robotiq_2f_140/urdf/robotiq_arg2f_140_model_macro.xacro
[1.405s] -- Up-to-date: /home/sazma/ws_future/install/kortex_description/share/kortex_description/grippers/robotiq_2f_140/urdf/robotiq_arg2f.xacro
[1.405s] -- Up-to-date: /home/sazma/ws_future/install/kortex_description/share/kortex_description/grippers/robotiq_2f_140/README.md
[1.405s] -- Up-to-date: /home/sazma/ws_future/install/kortex_description/share/kortex_description/grippers/robotiq_2f_140/config
[1.405s] -- Up-to-date: /home/sazma/ws_future/install/kortex_description/share/kortex_description/grippers/robotiq_2f_140/config/joint_limits.yaml
[1.406s] -- Up-to-date: /home/sazma/ws_future/install/kortex_description/share/kortex_description/grippers/robotiq_2f_140/LICENSE
[1.406s] -- Up-to-date: /home/sazma/ws_future/install/kortex_description/share/kortex_description/grippers/robotiq_2f_140/meshes
[1.406s] -- Up-to-date: /home/sazma/ws_future/install/kortex_description/share/kortex_description/grippers/robotiq_2f_140/meshes/collision
[1.407s] -- Up-to-date: /home/sazma/ws_future/install/kortex_description/share/kortex_description/grippers/robotiq_2f_140/meshes/collision/robotiq_arg2f_140_inner_finger.stl
[1.407s] -- Up-to-date: /home/sazma/ws_future/install/kortex_description/share/kortex_description/grippers/robotiq_2f_140/meshes/collision/robotiq_arg2f_140_outer_finger.stl
[1.407s] -- Up-to-date: /home/sazma/ws_future/install/kortex_description/share/kortex_description/grippers/robotiq_2f_140/meshes/collision/robotiq_arg2f_140_inner_knuckle.stl
[1.407s] -- Up-to-date: /home/sazma/ws_future/install/kortex_description/share/kortex_description/grippers/robotiq_2f_140/meshes/collision/robotiq_arg2f_140_outer_knuckle.stl
[1.408s] -- Up-to-date: /home/sazma/ws_future/install/kortex_description/share/kortex_description/grippers/robotiq_2f_140/meshes/collision/robotiq_arg2f_coupling.stl
[1.408s] -- Up-to-date: /home/sazma/ws_future/install/kortex_description/share/kortex_description/grippers/robotiq_2f_140/meshes/collision/robotiq_arg2f_base_link.stl
[1.408s] -- Up-to-date: /home/sazma/ws_future/install/kortex_description/share/kortex_description/grippers/robotiq_2f_140/meshes/visual
[1.408s] -- Up-to-date: /home/sazma/ws_future/install/kortex_description/share/kortex_description/grippers/robotiq_2f_140/meshes/visual/robotiq_arg2f_140_inner_finger.stl
[1.409s] -- Up-to-date: /home/sazma/ws_future/install/kortex_description/share/kortex_description/grippers/robotiq_2f_140/meshes/visual/robotiq_arg2f_140_outer_finger.stl
[1.409s] -- Up-to-date: /home/sazma/ws_future/install/kortex_description/share/kortex_description/grippers/robotiq_2f_140/meshes/visual/robotiq_arg2f_140_inner_knuckle.stl
[1.409s] -- Up-to-date: /home/sazma/ws_future/install/kortex_description/share/kortex_description/grippers/robotiq_2f_140/meshes/visual/robotiq_arg2f_140_outer_knuckle.stl
[1.409s] -- Up-to-date: /home/sazma/ws_future/install/kortex_description/share/kortex_description/grippers/robotiq_2f_140/meshes/visual/robotiq_arg2f_coupling.stl
[1.410s] -- Up-to-date: /home/sazma/ws_future/install/kortex_description/share/kortex_description/grippers/robotiq_2f_140/meshes/visual/robotiq_arg2f_base_link.stl
[1.410s] -- Up-to-date: /home/sazma/ws_future/install/kortex_description/share/kortex_description/launch
[1.410s] -- Up-to-date: /home/sazma/ws_future/install/kortex_description/share/kortex_description/launch/view_robot.launch.py
[1.410s] -- Up-to-date: /home/sazma/ws_future/install/kortex_description/share/kortex_description/multiple_robots
[1.411s] -- Up-to-date: /home/sazma/ws_future/install/kortex_description/share/kortex_description/multiple_robots/kortex_dual_robots.xacro
[1.411s] -- Up-to-date: /home/sazma/ws_future/install/kortex_description/share/kortex_description/robots
[1.411s] -- Up-to-date: /home/sazma/ws_future/install/kortex_description/share/kortex_description/robots/gen3_robotiq_2f_140.xacro
[1.411s] -- Up-to-date: /home/sazma/ws_future/install/kortex_description/share/kortex_description/robots/gen3_robotiq_2f_85.xacro
[1.411s] -- Up-to-date: /home/sazma/ws_future/install/kortex_description/share/kortex_description/robots/kinova.urdf.xacro
[1.412s] -- Up-to-date: /home/sazma/ws_future/install/kortex_description/share/kortex_description/robots/kortex_robot.xacro
[1.412s] -- Up-to-date: /home/sazma/ws_future/install/kortex_description/share/kortex_description/robots/gen3_lite_gen3_lite_2f.xacro
[1.412s] -- Up-to-date: /home/sazma/ws_future/install/kortex_description/share/kortex_description/robots/gen3.xacro
[1.412s] -- Up-to-date: /home/sazma/ws_future/install/kortex_description/share/kortex_description/rviz
[1.413s] -- Up-to-date: /home/sazma/ws_future/install/kortex_description/share/kortex_description/rviz/view_robot.rviz
[1.413s] -- Up-to-date: /home/sazma/ws_future/install/kortex_description/share/ament_index/resource_index/package_run_dependencies/kortex_description
[1.413s] -- Up-to-date: /home/sazma/ws_future/install/kortex_description/share/ament_index/resource_index/parent_prefix_path/kortex_description
[1.413s] -- Up-to-date: /home/sazma/ws_future/install/kortex_description/share/kortex_description/environment/ament_prefix_path.sh
[1.413s] -- Up-to-date: /home/sazma/ws_future/install/kortex_description/share/kortex_description/environment/ament_prefix_path.dsv
[1.413s] -- Up-to-date: /home/sazma/ws_future/install/kortex_description/share/kortex_description/environment/path.sh
[1.413s] -- Up-to-date: /home/sazma/ws_future/install/kortex_description/share/kortex_description/environment/path.dsv
[1.414s] -- Up-to-date: /home/sazma/ws_future/install/kortex_description/share/kortex_description/local_setup.bash
[1.415s] -- Up-to-date: /home/sazma/ws_future/install/kortex_description/share/kortex_description/local_setup.sh
[1.415s] -- Up-to-date: /home/sazma/ws_future/install/kortex_description/share/kortex_description/local_setup.zsh
[1.415s] -- Up-to-date: /home/sazma/ws_future/install/kortex_description/share/kortex_description/local_setup.dsv
[1.416s] -- Installing: /home/sazma/ws_future/install/kortex_description/share/kortex_description/package.dsv
[1.419s] -- Up-to-date: /home/sazma/ws_future/install/kortex_description/share/ament_index/resource_index/packages/kortex_description
[1.420s] -- Up-to-date: /home/sazma/ws_future/install/kortex_description/share/kortex_description/cmake/kortex_descriptionConfig.cmake
[1.420s] -- Up-to-date: /home/sazma/ws_future/install/kortex_description/share/kortex_description/cmake/kortex_descriptionConfig-version.cmake
[1.420s] -- Up-to-date: /home/sazma/ws_future/install/kortex_description/share/kortex_description/package.xml
[1.873s] Invoked command in '/home/sazma/ws_future/build/kortex_description' returned '0': CMAKE_PREFIX_PATH=${CMAKE_PREFIX_PATH}:/home/sazma/ws_future/install/tm_mod_urdf:/home/sazma/ws_future/install/tm_get_status:/home/sazma/ws_future/install/moveit_configs_utils:/home/sazma/ws_tm/install/tm_mod_urdf:/home/sazma/ws_tm/install/tm_get_status:/opt/ros/humble /usr/bin/cmake --install /home/sazma/ws_future/build/kortex_description
