[0.131s] Invoking command in '/home/sazma/ws_future/build/cpp_pubsub': CMAKE_PREFIX_PATH=${CMAKE_PREFIX_PATH}:/home/sazma/ws_future/install/tm_mod_urdf:/home/sazma/ws_future/install/tm_get_status:/home/sazma/ws_future/install/py_pubsub:/home/sazma/ws_future/install/mpu_6050:/home/sazma/ws_future/install/moveit_configs_utils:/opt/ros/humble /usr/bin/cmake /home/sazma/ws_future/src/cpp_pubsub -DCMAKE_INSTALL_PREFIX=/home/sazma/ws_future/install/cpp_pubsub
[0.267s] -- The C compiler identification is GNU 11.4.0
[0.357s] -- The CXX compiler identification is GNU 11.4.0
[0.367s] -- Detecting C compiler ABI info
[0.506s] -- Detecting C compiler ABI info - done
[0.520s] -- Check for working C compiler: /usr/bin/cc - skipped
[0.522s] -- Detecting C compile features
[0.523s] -- Detecting C compile features - done
[0.530s] -- Detecting CXX compiler ABI info
[0.641s] -- Detecting CXX compiler ABI info - done
[0.649s] -- Check for working CXX compiler: /usr/bin/c++ - skipped
[0.650s] -- Detecting CXX compile features
[0.650s] -- Detecting CXX compile features - done
[0.666s] -- Found ament_cmake: 1.3.5 (/opt/ros/humble/share/ament_cmake/cmake)
[1.053s] -- Found Python3: /usr/bin/python3.10 (found version "3.10.12") found components: Interpreter 
[1.237s] -- Found rclcpp: 16.0.6 (/opt/ros/humble/share/rclcpp/cmake)
[1.370s] -- Found rosidl_generator_c: 3.1.5 (/opt/ros/humble/share/rosidl_generator_c/cmake)
[1.387s] -- Found rosidl_adapter: 3.1.5 (/opt/ros/humble/share/rosidl_adapter/cmake)
[1.410s] -- Found rosidl_generator_cpp: 3.1.5 (/opt/ros/humble/share/rosidl_generator_cpp/cmake)
[1.443s] -- Using all available rosidl_typesupport_c: rosidl_typesupport_fastrtps_c;rosidl_typesupport_introspection_c
[1.487s] -- Using all available rosidl_typesupport_cpp: rosidl_typesupport_fastrtps_cpp;rosidl_typesupport_introspection_cpp
[1.633s] -- Found rmw_implementation_cmake: 6.1.1 (/opt/ros/humble/share/rmw_implementation_cmake/cmake)
[1.647s] -- Found rmw_fastrtps_cpp: 6.2.4 (/opt/ros/humble/share/rmw_fastrtps_cpp/cmake)
[1.810s] -- Found OpenSSL: /usr/lib/x86_64-linux-gnu/libcrypto.so (found version "3.0.2")  
[1.853s] -- Found FastRTPS: /opt/ros/humble/include  
[1.924s] -- Using RMW implementation 'rmw_fastrtps_cpp' as default
[1.959s] -- Looking for pthread.h
[2.065s] -- Looking for pthread.h - found
[2.065s] -- Performing Test CMAKE_HAVE_LIBC_PTHREAD
[2.166s] -- Performing Test CMAKE_HAVE_LIBC_PTHREAD - Success
[2.167s] -- Found Threads: TRUE  
[2.401s] -- Found ament_lint_auto: 0.12.8 (/opt/ros/humble/share/ament_lint_auto/cmake)
[2.557s] -- Added test 'cppcheck' to perform static code analysis on C / C++ code
[2.558s] -- Configured cppcheck include dirs: 
[2.558s] -- Configured cppcheck exclude dirs and/or files: 
[2.560s] -- Added test 'lint_cmake' to check CMake code style
[2.563s] -- Added test 'uncrustify' to check C / C++ code style
[2.563s] -- Configured uncrustify additional arguments: 
[2.565s] -- Added test 'xmllint' to check XML markup files
[2.570s] -- Configuring done
[2.584s] -- Generating done
[2.586s] -- Build files have been written to: /home/sazma/ws_future/build/cpp_pubsub
[2.598s] Invoked command in '/home/sazma/ws_future/build/cpp_pubsub' returned '0': CMAKE_PREFIX_PATH=${CMAKE_PREFIX_PATH}:/home/sazma/ws_future/install/tm_mod_urdf:/home/sazma/ws_future/install/tm_get_status:/home/sazma/ws_future/install/py_pubsub:/home/sazma/ws_future/install/mpu_6050:/home/sazma/ws_future/install/moveit_configs_utils:/opt/ros/humble /usr/bin/cmake /home/sazma/ws_future/src/cpp_pubsub -DCMAKE_INSTALL_PREFIX=/home/sazma/ws_future/install/cpp_pubsub
[2.600s] Invoking command in '/home/sazma/ws_future/build/cpp_pubsub': CMAKE_PREFIX_PATH=${CMAKE_PREFIX_PATH}:/home/sazma/ws_future/install/tm_mod_urdf:/home/sazma/ws_future/install/tm_get_status:/home/sazma/ws_future/install/py_pubsub:/home/sazma/ws_future/install/mpu_6050:/home/sazma/ws_future/install/moveit_configs_utils:/opt/ros/humble /usr/bin/cmake --build /home/sazma/ws_future/build/cpp_pubsub -- -j12 -l12
[2.672s] [ 50%] [32mBuilding CXX object CMakeFiles/listener.dir/src/subscriber_member_function.cpp.o[0m
[2.672s] [ 50%] [32mBuilding CXX object CMakeFiles/talker.dir/src/publisher_member_function.cpp.o[0m
[7.610s] [ 75%] [32m[1mLinking CXX executable talker[0m
[7.810s] [ 75%] Built target talker
[11.355s] [100%] [32m[1mLinking CXX executable listener[0m
[11.733s] [100%] Built target listener
[11.745s] Invoked command in '/home/sazma/ws_future/build/cpp_pubsub' returned '0': CMAKE_PREFIX_PATH=${CMAKE_PREFIX_PATH}:/home/sazma/ws_future/install/tm_mod_urdf:/home/sazma/ws_future/install/tm_get_status:/home/sazma/ws_future/install/py_pubsub:/home/sazma/ws_future/install/mpu_6050:/home/sazma/ws_future/install/moveit_configs_utils:/opt/ros/humble /usr/bin/cmake --build /home/sazma/ws_future/build/cpp_pubsub -- -j12 -l12
[11.794s] Invoking command in '/home/sazma/ws_future/build/cpp_pubsub': CMAKE_PREFIX_PATH=${CMAKE_PREFIX_PATH}:/home/sazma/ws_future/install/tm_mod_urdf:/home/sazma/ws_future/install/tm_get_status:/home/sazma/ws_future/install/py_pubsub:/home/sazma/ws_future/install/mpu_6050:/home/sazma/ws_future/install/moveit_configs_utils:/opt/ros/humble /usr/bin/cmake --install /home/sazma/ws_future/build/cpp_pubsub
[11.802s] -- Install configuration: ""
[11.802s] -- Installing: /home/sazma/ws_future/install/cpp_pubsub/lib/cpp_pubsub/talker
[11.803s] -- Set runtime path of "/home/sazma/ws_future/install/cpp_pubsub/lib/cpp_pubsub/talker" to ""
[11.803s] -- Up-to-date: /home/sazma/ws_future/install/cpp_pubsub/lib/cpp_pubsub/talker
[11.803s] -- Installing: /home/sazma/ws_future/install/cpp_pubsub/lib/cpp_pubsub/listener
[11.806s] -- Set runtime path of "/home/sazma/ws_future/install/cpp_pubsub/lib/cpp_pubsub/listener" to ""
[11.806s] -- Installing: /home/sazma/ws_future/install/cpp_pubsub/share/ament_index/resource_index/package_run_dependencies/cpp_pubsub
[11.806s] -- Installing: /home/sazma/ws_future/install/cpp_pubsub/share/ament_index/resource_index/parent_prefix_path/cpp_pubsub
[11.806s] -- Installing: /home/sazma/ws_future/install/cpp_pubsub/share/cpp_pubsub/environment/ament_prefix_path.sh
[11.806s] -- Installing: /home/sazma/ws_future/install/cpp_pubsub/share/cpp_pubsub/environment/ament_prefix_path.dsv
[11.806s] -- Installing: /home/sazma/ws_future/install/cpp_pubsub/share/cpp_pubsub/environment/path.sh
[11.806s] -- Installing: /home/sazma/ws_future/install/cpp_pubsub/share/cpp_pubsub/environment/path.dsv
[11.806s] -- Installing: /home/sazma/ws_future/install/cpp_pubsub/share/cpp_pubsub/local_setup.bash
[11.806s] -- Installing: /home/sazma/ws_future/install/cpp_pubsub/share/cpp_pubsub/local_setup.sh
[11.807s] -- Installing: /home/sazma/ws_future/install/cpp_pubsub/share/cpp_pubsub/local_setup.zsh
[11.807s] -- Installing: /home/sazma/ws_future/install/cpp_pubsub/share/cpp_pubsub/local_setup.dsv
[11.807s] -- Installing: /home/sazma/ws_future/install/cpp_pubsub/share/cpp_pubsub/package.dsv
[11.807s] -- Installing: /home/sazma/ws_future/install/cpp_pubsub/share/ament_index/resource_index/packages/cpp_pubsub
[11.807s] -- Installing: /home/sazma/ws_future/install/cpp_pubsub/share/cpp_pubsub/cmake/cpp_pubsubConfig.cmake
[11.807s] -- Installing: /home/sazma/ws_future/install/cpp_pubsub/share/cpp_pubsub/cmake/cpp_pubsubConfig-version.cmake
[11.807s] -- Installing: /home/sazma/ws_future/install/cpp_pubsub/share/cpp_pubsub/package.xml
[11.809s] Invoked command in '/home/sazma/ws_future/build/cpp_pubsub' returned '0': CMAKE_PREFIX_PATH=${CMAKE_PREFIX_PATH}:/home/sazma/ws_future/install/tm_mod_urdf:/home/sazma/ws_future/install/tm_get_status:/home/sazma/ws_future/install/py_pubsub:/home/sazma/ws_future/install/mpu_6050:/home/sazma/ws_future/install/moveit_configs_utils:/opt/ros/humble /usr/bin/cmake --install /home/sazma/ws_future/build/cpp_pubsub
