[1.056s] Invoking command in '/home/sazma/ws_future/build/demo': CMAKE_PREFIX_PATH=/home/sazma/ws_future/install/tm_msgs:/home/sazma/ws_future/install/ui_for_debug_and_demo:/home/sazma/ws_future/install/tm_driver:/home/sazma/ws_future/install/demo:/home/sazma/ws_future/install/tm_moveit_cpp_demo:/home/sazma/ws_future/install/tm_moveit_config_tm5x-900:/home/sazma/ws_future/install/tm_moveit_config_tm5x-700:/home/sazma/ws_future/install/tm_moveit_config_tm5-900:/home/sazma/ws_future/install/tm_moveit_config_tm5-700:/home/sazma/ws_future/install/tm_moveit_config_tm14x:/home/sazma/ws_future/install/tm_moveit_config_tm14:/home/sazma/ws_future/install/tm_moveit_config_tm12x:/home/sazma/ws_future/install/tm_moveit_config_tm12:/home/sazma/ws_future/install/demo_tmr5_900:/home/sazma/ws_future/install/tm_description:/home/sazma/ws_future/install/custom_package:/home/sazma/ws_future/install/techman_robot_msgs:/home/sazma/ws_future/install/moveit2_tutorials:/home/sazma/ws_future/install/moveit_visual_tools:/home/sazma/ws_future/install/rviz_visual_tools:/home/sazma/ws_future/install/moveit_task_constructor_visualization:/home/sazma/ws_future/install/moveit_task_constructor_demo:/home/sazma/ws_future/install/moveit_task_constructor_capabilities:/home/sazma/ws_future/install/moveit_task_constructor_core:/home/sazma/ws_future/install/rviz_marker_tools:/home/sazma/ws_future/install/pilz_industrial_motion_planner_testutils:/home/sazma/ws_future/install/moveit_runtime:/home/sazma/ws_future/install/moveit:/home/sazma/ws_future/install/kinova_gen3_7dof_robotiq_2f_85_moveit_config:/home/sazma/ws_future/install/kinova_gen3_6dof_robotiq_2f_85_moveit_config:/home/sazma/ws_future/install/moveit_planners:/home/sazma/ws_future/install/pilz_industrial_motion_planner:/home/sazma/ws_future/install/pick_ik:/home/sazma/ws_future/install/moveit_task_constructor_msgs:/home/sazma/ws_future/install/moveit_ros_control_interface:/home/sazma/ws_future/install/moveit_plugins:/home/sazma/ws_future/install/moveit_simple_controller_manager:/home/sazma/ws_future/install/moveit_setup_assistant:/home/sazma/ws_future/install/moveit_setup_srdf_plugins:/home/sazma/ws_future/install/moveit_setup_core_plugins:/home/sazma/ws_future/install/moveit_setup_controllers:/home/sazma/ws_future/install/moveit_setup_app_plugins:/home/sazma/ws_future/install/moveit_setup_framework:/home/sazma/ws_future/install/moveit_servo:/home/sazma/ws_future/install/moveit_ros:/home/sazma/ws_future/install/moveit_ros_visualization:/home/sazma/ws_future/install/moveit_py:/home/sazma/ws_future/install/moveit_hybrid_planning:/home/sazma/ws_future/install/moveit_ros_planning_interface:/home/sazma/ws_future/install/moveit_ros_benchmarks:/home/sazma/ws_future/install/moveit_ros_warehouse:/home/sazma/ws_future/install/moveit_ros_robot_interaction:/home/sazma/ws_future/install/moveit_ros_perception:/home/sazma/ws_future/install/moveit_resources_prbt_pg70_support:/home/sazma/ws_future/install/moveit_resources_prbt_moveit_config:/home/sazma/ws_future/install/moveit_ros_move_group:/home/sazma/ws_future/install/moveit_planners_ompl:/home/sazma/ws_future/install/moveit_kinematics:/home/sazma/ws_future/install/moveit_ros_planning:/home/sazma/ws_future/install/moveit_ros_occupancy_map_monitor:/home/sazma/ws_future/install/moveit_resources_prbt_support:/home/sazma/ws_future/install/moveit_resources_prbt_ikfast_manipulator_plugin:/home/sazma/ws_future/install/moveit_resources:/home/sazma/ws_future/install/moveit_resources_pr2_description:/home/sazma/ws_future/install/moveit_resources_panda_moveit_config:/home/sazma/ws_future/install/dual_arm_panda_moveit_config:/home/sazma/ws_future/install/moveit_resources_panda_description:/home/sazma/ws_future/install/moveit_resources_fanuc_moveit_config:/home/sazma/ws_future/install/moveit_resources_fanuc_description:/home/sazma/ws_future/install/moveit_planners_stomp:/home/sazma/ws_future/install/moveit_planners_chomp:/home/sazma/ws_future/install/moveit_chomp_optimizer_adapter:/home/sazma/ws_future/install/chomp_motion_planner:/home/sazma/ws_future/install/moveit_core:/home/sazma/ws_future/install/moveit_msgs:/home/sazma/ws_future/install/moveit_common:/home/sazma/ws_future/install/kortex_bringup:/home/sazma/ws_future/install/kortex_driver:/home/sazma/ws_future/install/kortex_description:/home/sazma/ws_future/install/kortex_api:/home/sazma/tm5_900_ws/install/demo_tmr5_900:/home/sazma/ws_future/install/tm_mod_urdf:/home/sazma/ws_future/install/tm_get_status:/home/sazma/ws_future/install/moveit_configs_utils:/opt/ros/humble /usr/bin/cmake --build /home/sazma/ws_future/build/demo -- -j12 -l12
[1.083s] -- Found ament_cmake: 1.3.5 (/opt/ros/humble/share/ament_cmake/cmake)
[1.237s] -- Found rclcpp: 16.0.6 (/opt/ros/humble/share/rclcpp/cmake)
[1.276s] -- Found rosidl_generator_c: 3.1.5 (/opt/ros/humble/share/rosidl_generator_c/cmake)
[1.279s] -- Found rosidl_adapter: 3.1.5 (/opt/ros/humble/share/rosidl_adapter/cmake)
[1.285s] -- Found rosidl_generator_cpp: 3.1.5 (/opt/ros/humble/share/rosidl_generator_cpp/cmake)
[1.300s] -- Using all available rosidl_typesupport_c: rosidl_typesupport_fastrtps_c;rosidl_typesupport_introspection_c
[1.318s] -- Using all available rosidl_typesupport_cpp: rosidl_typesupport_fastrtps_cpp;rosidl_typesupport_introspection_cpp
[1.383s] -- Found rmw_implementation_cmake: 6.1.1 (/opt/ros/humble/share/rmw_implementation_cmake/cmake)
[1.386s] -- Found rmw_fastrtps_cpp: 6.2.4 (/opt/ros/humble/share/rmw_fastrtps_cpp/cmake)
[1.526s] -- Using RMW implementation 'rmw_fastrtps_cpp' as default
[1.715s] -- Found sensor_msgs: 4.2.3 (/opt/ros/humble/share/sensor_msgs/cmake)
[1.864s] -- Found tm_msgs: 1.1.2 (/home/sazma/ws_future/install/tm_msgs/share/tm_msgs/cmake)
[1.913s] -- Found ament_lint_auto: 0.12.8 (/opt/ros/humble/share/ament_lint_auto/cmake)
[2.133s] -- Added test 'copyright' to check source files copyright and LICENSE
[2.134s] -- Added test 'cppcheck' to perform static code analysis on C / C++ code
[2.135s] -- Configured cppcheck include dirs: /home/sazma/ws_future/src/tmr_ros2/demo/include
[2.136s] -- Configured cppcheck exclude dirs and/or files: 
[2.136s] -- Added test 'cpplint' to check C / C++ code against the Google style
[2.136s] -- Configured cpplint exclude dirs and/or files: 
[2.136s] -- Added test 'lint_cmake' to check CMake code style
[2.137s] -- Added test 'uncrustify' to check C / C++ code style
[2.137s] -- Configured uncrustify additional arguments: 
[2.138s] -- Added test 'xmllint' to check XML markup files
[2.138s] -- Configuring done
[2.197s] -- Generating done
[2.200s] -- Build files have been written to: /home/sazma/ws_future/build/demo
[2.241s] [35m[1mConsolidate compiler generated dependencies of target demo_set_positions[0m
[2.241s] [35m[1mConsolidate compiler generated dependencies of target demo_write_item[0m
[2.241s] [35m[1mConsolidate compiler generated dependencies of target demo_ask_item[0m
[2.241s] [35m[1mConsolidate compiler generated dependencies of target demo_set_event[0m
[2.242s] [35m[1mConsolidate compiler generated dependencies of target demo_ask_sta[0m
[2.244s] [35m[1mConsolidate compiler generated dependencies of target demo_get_torque_feedback[0m
[2.246s] [35m[1mConsolidate compiler generated dependencies of target demo_send_script[0m
[2.247s] [35m[1mConsolidate compiler generated dependencies of target demo_connect_tm[0m
[2.247s] [35m[1mConsolidate compiler generated dependencies of target demo_set_io[0m
[2.250s] [35m[1mConsolidate compiler generated dependencies of target demo_get_feedback[0m
[2.264s] [  6%] [32mBuilding CXX object CMakeFiles/demo_keyboard_control.dir/src/demo_keyboard_control.cpp.o[0m
[2.264s] [  6%] [32mBuilding CXX object CMakeFiles/demo_keycontrol.dir/src/demo_keycontrol.cpp.o[0m
[2.273s] [ 12%] Built target demo_ask_item
[2.274s] [ 18%] Built target demo_set_event
[2.274s] [ 25%] Built target demo_set_positions
[2.278s] [ 37%] Built target demo_set_io
[2.279s] [ 37%] Built target demo_ask_sta
[2.280s] [ 46%] Built target demo_connect_tm
[2.280s] [ 50%] Built target demo_write_item
[2.281s] [ 56%] Built target demo_get_torque_feedback
[2.283s] [ 62%] Built target demo_send_script
[2.283s] [ 68%] Built target demo_get_feedback
[2.294s] [35m[1mConsolidate compiler generated dependencies of target demo_get_sct_response[0m
[2.295s] [35m[1mConsolidate compiler generated dependencies of target demo_get_sta_response[0m
[2.295s] [35m[1mConsolidate compiler generated dependencies of target demo_get_svr_response[0m
[2.296s] [35m[1mConsolidate compiler generated dependencies of target demo_leave_listen_node[0m
[2.317s] [ 75%] Built target demo_get_svr_response
[2.319s] [ 81%] Built target demo_get_sta_response
[2.319s] [ 87%] Built target demo_get_sct_response
[2.321s] [ 93%] Built target demo_leave_listen_node
[2.573s] [01m[K/home/sazma/ws_future/src/tmr_ros2/demo/src/demo_keycontrol.cpp:6:10:[m[K [01;31m[Kfatal error: [m[Kncurses.h: No such file or directory
[2.573s]     6 | #include [01;31m[K<ncurses.h>[m[K
[2.573s]       |          [01;31m[K^~~~~~~~~~~[m[K
[2.573s] compilation terminated.
[2.575s] gmake[2]: *** [CMakeFiles/demo_keycontrol.dir/build.make:76: CMakeFiles/demo_keycontrol.dir/src/demo_keycontrol.cpp.o] Error 1
[2.575s] gmake[1]: *** [CMakeFiles/Makefile2:219: CMakeFiles/demo_keycontrol.dir/all] Error 2
[2.575s] gmake[1]: *** Waiting for unfinished jobs....
[6.199s] [ 96%] [32m[1mLinking CXX executable demo_keyboard_control[0m
[6.373s] gmake: *** [Makefile:146: all] Error 2
[6.373s] [ 96%] Built target demo_keyboard_control
[6.811s] Invoked command in '/home/sazma/ws_future/build/demo' returned '2': CMAKE_PREFIX_PATH=/home/sazma/ws_future/install/tm_msgs:/home/sazma/ws_future/install/ui_for_debug_and_demo:/home/sazma/ws_future/install/tm_driver:/home/sazma/ws_future/install/demo:/home/sazma/ws_future/install/tm_moveit_cpp_demo:/home/sazma/ws_future/install/tm_moveit_config_tm5x-900:/home/sazma/ws_future/install/tm_moveit_config_tm5x-700:/home/sazma/ws_future/install/tm_moveit_config_tm5-900:/home/sazma/ws_future/install/tm_moveit_config_tm5-700:/home/sazma/ws_future/install/tm_moveit_config_tm14x:/home/sazma/ws_future/install/tm_moveit_config_tm14:/home/sazma/ws_future/install/tm_moveit_config_tm12x:/home/sazma/ws_future/install/tm_moveit_config_tm12:/home/sazma/ws_future/install/demo_tmr5_900:/home/sazma/ws_future/install/tm_description:/home/sazma/ws_future/install/custom_package:/home/sazma/ws_future/install/techman_robot_msgs:/home/sazma/ws_future/install/moveit2_tutorials:/home/sazma/ws_future/install/moveit_visual_tools:/home/sazma/ws_future/install/rviz_visual_tools:/home/sazma/ws_future/install/moveit_task_constructor_visualization:/home/sazma/ws_future/install/moveit_task_constructor_demo:/home/sazma/ws_future/install/moveit_task_constructor_capabilities:/home/sazma/ws_future/install/moveit_task_constructor_core:/home/sazma/ws_future/install/rviz_marker_tools:/home/sazma/ws_future/install/pilz_industrial_motion_planner_testutils:/home/sazma/ws_future/install/moveit_runtime:/home/sazma/ws_future/install/moveit:/home/sazma/ws_future/install/kinova_gen3_7dof_robotiq_2f_85_moveit_config:/home/sazma/ws_future/install/kinova_gen3_6dof_robotiq_2f_85_moveit_config:/home/sazma/ws_future/install/moveit_planners:/home/sazma/ws_future/install/pilz_industrial_motion_planner:/home/sazma/ws_future/install/pick_ik:/home/sazma/ws_future/install/moveit_task_constructor_msgs:/home/sazma/ws_future/install/moveit_ros_control_interface:/home/sazma/ws_future/install/moveit_plugins:/home/sazma/ws_future/install/moveit_simple_controller_manager:/home/sazma/ws_future/install/moveit_setup_assistant:/home/sazma/ws_future/install/moveit_setup_srdf_plugins:/home/sazma/ws_future/install/moveit_setup_core_plugins:/home/sazma/ws_future/install/moveit_setup_controllers:/home/sazma/ws_future/install/moveit_setup_app_plugins:/home/sazma/ws_future/install/moveit_setup_framework:/home/sazma/ws_future/install/moveit_servo:/home/sazma/ws_future/install/moveit_ros:/home/sazma/ws_future/install/moveit_ros_visualization:/home/sazma/ws_future/install/moveit_py:/home/sazma/ws_future/install/moveit_hybrid_planning:/home/sazma/ws_future/install/moveit_ros_planning_interface:/home/sazma/ws_future/install/moveit_ros_benchmarks:/home/sazma/ws_future/install/moveit_ros_warehouse:/home/sazma/ws_future/install/moveit_ros_robot_interaction:/home/sazma/ws_future/install/moveit_ros_perception:/home/sazma/ws_future/install/moveit_resources_prbt_pg70_support:/home/sazma/ws_future/install/moveit_resources_prbt_moveit_config:/home/sazma/ws_future/install/moveit_ros_move_group:/home/sazma/ws_future/install/moveit_planners_ompl:/home/sazma/ws_future/install/moveit_kinematics:/home/sazma/ws_future/install/moveit_ros_planning:/home/sazma/ws_future/install/moveit_ros_occupancy_map_monitor:/home/sazma/ws_future/install/moveit_resources_prbt_support:/home/sazma/ws_future/install/moveit_resources_prbt_ikfast_manipulator_plugin:/home/sazma/ws_future/install/moveit_resources:/home/sazma/ws_future/install/moveit_resources_pr2_description:/home/sazma/ws_future/install/moveit_resources_panda_moveit_config:/home/sazma/ws_future/install/dual_arm_panda_moveit_config:/home/sazma/ws_future/install/moveit_resources_panda_description:/home/sazma/ws_future/install/moveit_resources_fanuc_moveit_config:/home/sazma/ws_future/install/moveit_resources_fanuc_description:/home/sazma/ws_future/install/moveit_planners_stomp:/home/sazma/ws_future/install/moveit_planners_chomp:/home/sazma/ws_future/install/moveit_chomp_optimizer_adapter:/home/sazma/ws_future/install/chomp_motion_planner:/home/sazma/ws_future/install/moveit_core:/home/sazma/ws_future/install/moveit_msgs:/home/sazma/ws_future/install/moveit_common:/home/sazma/ws_future/install/kortex_bringup:/home/sazma/ws_future/install/kortex_driver:/home/sazma/ws_future/install/kortex_description:/home/sazma/ws_future/install/kortex_api:/home/sazma/tm5_900_ws/install/demo_tmr5_900:/home/sazma/ws_future/install/tm_mod_urdf:/home/sazma/ws_future/install/tm_get_status:/home/sazma/ws_future/install/moveit_configs_utils:/opt/ros/humble /usr/bin/cmake --build /home/sazma/ws_future/build/demo -- -j12 -l12
