[0.803s] Invoking command in '/home/sazma/ws_future/build/moveit_core': CMAKE_PREFIX_PATH=/home/sazma/ws_future/install/moveit_resources_panda_moveit_config:/home/sazma/ws_future/install/moveit_resources_pr2_description:/home/sazma/ws_future/install/moveit_resources_panda_description:/home/sazma/ws_future/install/moveit_msgs:/home/sazma/ws_future/install/moveit_common:/home/sazma/ws_future/install/ui_for_debug_and_demo:/home/sazma/ws_future/install/tm_driver:/home/sazma/ws_future/install/demo:/home/sazma/ws_future/install/tm_msgs:/home/sazma/ws_future/install/tm_moveit_cpp_demo:/home/sazma/ws_future/install/tm_moveit_config_tm5x-900:/home/sazma/ws_future/install/tm_moveit_config_tm5x-700:/home/sazma/ws_future/install/tm_moveit_config_tm5-900:/home/sazma/ws_future/install/tm_moveit_config_tm5-700:/home/sazma/ws_future/install/tm_moveit_config_tm14x:/home/sazma/ws_future/install/tm_moveit_config_tm14:/home/sazma/ws_future/install/tm_moveit_config_tm12x:/home/sazma/ws_future/install/tm_moveit_config_tm12:/home/sazma/ws_future/install/tm_description:/home/sazma/ws_future/install/custom_package:/home/sazma/ws_future/install/techman_robot_msgs:/home/sazma/ws_future/install/moveit2_tutorials:/home/sazma/ws_future/install/moveit_visual_tools:/home/sazma/ws_future/install/rviz_visual_tools:/home/sazma/ws_future/install/moveit_task_constructor_visualization:/home/sazma/ws_future/install/moveit_task_constructor_demo:/home/sazma/ws_future/install/moveit_task_constructor_capabilities:/home/sazma/ws_future/install/moveit_task_constructor_core:/home/sazma/ws_future/install/rviz_marker_tools:/home/sazma/ws_future/install/pilz_industrial_motion_planner_testutils:/home/sazma/ws_future/install/moveit_runtime:/home/sazma/ws_future/install/moveit:/home/sazma/ws_future/install/kinova_gen3_7dof_robotiq_2f_85_moveit_config:/home/sazma/ws_future/install/kinova_gen3_6dof_robotiq_2f_85_moveit_config:/home/sazma/ws_future/install/moveit_planners:/home/sazma/ws_future/install/pilz_industrial_motion_planner:/home/sazma/ws_future/install/pick_ik:/home/sazma/ws_future/install/moveit_task_constructor_msgs:/home/sazma/ws_future/install/moveit_ros_control_interface:/home/sazma/ws_future/install/moveit_plugins:/home/sazma/ws_future/install/moveit_simple_controller_manager:/home/sazma/ws_future/install/moveit_setup_assistant:/home/sazma/ws_future/install/moveit_setup_srdf_plugins:/home/sazma/ws_future/install/moveit_setup_core_plugins:/home/sazma/ws_future/install/moveit_setup_controllers:/home/sazma/ws_future/install/moveit_setup_app_plugins:/home/sazma/ws_future/install/moveit_setup_framework:/home/sazma/ws_future/install/moveit_servo:/home/sazma/ws_future/install/moveit_ros:/home/sazma/ws_future/install/moveit_ros_visualization:/home/sazma/ws_future/install/moveit_py:/home/sazma/ws_future/install/moveit_hybrid_planning:/home/sazma/ws_future/install/moveit_ros_planning_interface:/home/sazma/ws_future/install/moveit_ros_benchmarks:/home/sazma/ws_future/install/moveit_ros_warehouse:/home/sazma/ws_future/install/moveit_ros_robot_interaction:/home/sazma/ws_future/install/moveit_ros_perception:/home/sazma/ws_future/install/moveit_resources_prbt_pg70_support:/home/sazma/ws_future/install/moveit_resources_prbt_moveit_config:/home/sazma/ws_future/install/moveit_ros_move_group:/home/sazma/ws_future/install/moveit_planners_ompl:/home/sazma/ws_future/install/moveit_kinematics:/home/sazma/ws_future/install/moveit_ros_planning:/home/sazma/ws_future/install/moveit_ros_occupancy_map_monitor:/home/sazma/ws_future/install/moveit_resources_prbt_support:/home/sazma/ws_future/install/moveit_resources_prbt_ikfast_manipulator_plugin:/home/sazma/ws_future/install/moveit_resources:/home/sazma/ws_future/install/dual_arm_panda_moveit_config:/home/sazma/ws_future/install/moveit_resources_fanuc_moveit_config:/home/sazma/ws_future/install/moveit_resources_fanuc_description:/home/sazma/ws_future/install/moveit_planners_stomp:/home/sazma/ws_future/install/moveit_planners_chomp:/home/sazma/ws_future/install/moveit_chomp_optimizer_adapter:/home/sazma/ws_future/install/chomp_motion_planner:/home/sazma/ws_future/install/moveit_core:/home/sazma/ws_future/install/kortex_bringup:/home/sazma/ws_future/install/kortex_driver:/home/sazma/ws_future/install/kortex_description:/home/sazma/ws_future/install/kortex_api:/home/sazma/ws_future/install/tm_mod_urdf:/home/sazma/ws_future/install/tm_get_status:/home/sazma/ws_future/install/moveit_configs_utils:/opt/ros/humble LD_LIBRARY_PATH=/home/sazma/ws_future/install/moveit_msgs/lib:/home/sazma/ws_future/install/tm_msgs/lib:/home/sazma/ws_future/install/techman_robot_msgs/lib:/home/sazma/ws_future/install/moveit_visual_tools/lib:/home/sazma/ws_future/install/rviz_visual_tools/lib:/home/sazma/ws_future/install/moveit_task_constructor_visualization/lib:/home/sazma/ws_future/install/moveit_task_constructor_demo/lib:/home/sazma/ws_future/install/moveit_task_constructor_capabilities/lib:/home/sazma/ws_future/install/moveit_task_constructor_core/lib:/home/sazma/ws_future/install/rviz_marker_tools/lib:/home/sazma/ws_future/install/pilz_industrial_motion_planner_testutils/lib:/home/sazma/ws_future/install/pilz_industrial_motion_planner/lib:/home/sazma/ws_future/install/pick_ik/lib:/home/sazma/ws_future/install/moveit_task_constructor_msgs/lib:/home/sazma/ws_future/install/moveit_ros_control_interface/lib:/home/sazma/ws_future/install/moveit_simple_controller_manager/lib:/home/sazma/ws_future/install/moveit_setup_assistant/lib:/home/sazma/ws_future/install/moveit_setup_srdf_plugins/lib:/home/sazma/ws_future/install/moveit_setup_core_plugins/lib:/home/sazma/ws_future/install/moveit_setup_controllers/lib:/home/sazma/ws_future/install/moveit_setup_app_plugins/lib:/home/sazma/ws_future/install/moveit_setup_framework/lib:/home/sazma/ws_future/install/moveit_servo/lib:/home/sazma/ws_future/install/moveit_ros_visualization/lib:/home/sazma/ws_future/install/moveit_py/lib:/home/sazma/ws_future/install/moveit_hybrid_planning/lib:/home/sazma/ws_future/install/moveit_ros_planning_interface/lib:/home/sazma/ws_future/install/moveit_ros_benchmarks/lib:/home/sazma/ws_future/install/moveit_ros_warehouse/lib:/home/sazma/ws_future/install/moveit_ros_robot_interaction/lib:/home/sazma/ws_future/install/moveit_ros_perception/lib:/home/sazma/ws_future/install/moveit_ros_move_group/lib:/home/sazma/ws_future/install/moveit_planners_ompl/lib:/home/sazma/ws_future/install/moveit_kinematics/lib:/home/sazma/ws_future/install/moveit_ros_planning/lib:/home/sazma/ws_future/install/moveit_ros_occupancy_map_monitor/lib:/home/sazma/ws_future/install/moveit_resources_prbt_ikfast_manipulator_plugin/lib:/home/sazma/ws_future/install/moveit_planners_stomp/lib:/home/sazma/ws_future/install/moveit_planners_chomp/lib:/home/sazma/ws_future/install/moveit_chomp_optimizer_adapter/lib:/home/sazma/ws_future/install/chomp_motion_planner/lib:/home/sazma/ws_future/install/moveit_core/lib:/home/sazma/ws_future/install/kortex_driver/lib:/opt/ros/humble/opt/rviz_ogre_vendor/lib:/opt/ros/humble/lib/x86_64-linux-gnu:/opt/ros/humble/lib /usr/bin/cmake --build /home/sazma/ws_future/build/moveit_core -- -j12 -l12
[0.896s] [  1%] [34m[1mGenerating ../include/moveit/version.h, always_rebuild[0m
[0.897s] [  2%] Built target moveit_butterworth_parameters
[0.905s] [  3%] Built target gtest_main
[0.906s] [  5%] Built target moveit_exceptions
[0.912s] [  7%] Built target gmock_main
[0.915s] [  8%] Built target gtest
[0.915s] [  9%] Built target moveit_transforms
[0.915s] [ 10%] Built target gmock
[0.917s] [ 13%] Built target moveit_utils
[0.919s] [ 14%] Built target moveit_smoothing_base
[0.924s] [ 16%] Built target moveit_distance_field
[0.968s] [ 17%] [34m[1mGenerating version.h[0m
[0.973s] [ 18%] Built target test_transforms
[0.984s] [ 19%] Built target logger_dut
[0.984s] [ 20%] Built target logger_from_only_child_dut
[0.990s] [ 20%] Built target version_h
[0.992s] [ 27%] Built target moveit_robot_model
[0.993s] [ 28%] Built target test_distance_field
[0.995s] [ 30%] Built target logger_from_child_dut
[0.995s] [ 30%] Built target test_voxel_grid
[1.024s] [ 31%] Built target moveit_version
[1.035s] [ 33%] Built target moveit_butterworth_filter
[1.036s] [ 33%] Built target moveit_kinematics_base
[1.075s] [ 34%] Built target test_butterworth_filter
[1.077s] [ 35%] Built target moveit_test_utils
[1.083s] [ 37%] Built target moveit_robot_state
[1.142s] [ 38%] Built target moveit_dynamics_solver
[1.144s] [ 39%] Built target test_robot_state_benchmark
[1.144s] [ 40%] Built target robot_state_jacobian_benchmark
[1.147s] [ 41%] Built target test_robot_model
[1.147s] [ 42%] Built target test_robot_state_complex
[1.150s] [ 44%] Built target moveit_robot_trajectory
[1.151s] [ 45%] Built target moveit_kinematics_metrics
[1.159s] [ 47%] Built target test_cartesian_interpolator
[1.159s] [ 47%] Built target test_robot_state
[1.164s] [ 48%] Built target test_aabb
[1.178s] [ 54%] Built target moveit_collision_detection
[1.217s] [ 56%] Built target moveit_planning_interface
[1.220s] [ 58%] Built target test_robot_trajectory
[1.220s] [ 60%] Built target moveit_trajectory_processing
[1.223s] [ 61%] Built target test_world
[1.223s] [ 62%] Built target test_world_diff
[1.227s] [ 64%] Built target test_all_valid
[1.229s] [ 66%] Built target moveit_collision_detection_fcl
[1.243s] [ 70%] Built target moveit_collision_detection_bullet
[1.259s] [ 72%] Built target test_ruckig_traj_smoothing
[1.259s] [ 72%] Built target test_time_optimal_trajectory_generation
[1.285s] [ 73%] Built target test_fcl_collision_detection_panda
[1.288s] [ 74%] Built target test_fcl_collision_detection
[1.292s] [ 75%] Built target test_fcl_collision_env
[1.297s] [ 76%] Built target moveit_kinematic_constraints
[1.300s] [ 78%] Built target test_bullet_continuous_collision_checking
[1.300s] [ 78%] Built target test_bullet_collision_detection
[1.306s] [ 79%] Built target test_bullet_collision_detection_panda
[1.341s] [ 81%] Built target test_orientation_constraints
[1.341s] [ 81%] Built target test_constraints
[1.349s] [ 82%] Built target moveit_planning_scene
[1.399s] [ 83%] Built target collision_detector_bullet_plugin
[1.405s] [ 84%] Built target moveit_planning_request_adapter
[1.405s] [ 85%] Built target test_planning_scene
[1.405s] [ 88%] Built target moveit_constraint_samplers
[1.405s] [ 90%] Built target test_multi_threaded
[1.406s] [ 93%] Built target test_collision_objects
[1.406s] [ 93%] Built target collision_detector_fcl_plugin
[1.418s] [ 96%] Built target moveit_collision_distance_field
[1.442s] [ 97%] Built target test_planning_request_adapter_chain
[1.452s] [ 99%] Built target test_constraint_samplers
[1.461s] [100%] Built target test_collision_distance_field
[1.588s] Invoked command in '/home/sazma/ws_future/build/moveit_core' returned '0': CMAKE_PREFIX_PATH=/home/sazma/ws_future/install/moveit_resources_panda_moveit_config:/home/sazma/ws_future/install/moveit_resources_pr2_description:/home/sazma/ws_future/install/moveit_resources_panda_description:/home/sazma/ws_future/install/moveit_msgs:/home/sazma/ws_future/install/moveit_common:/home/sazma/ws_future/install/ui_for_debug_and_demo:/home/sazma/ws_future/install/tm_driver:/home/sazma/ws_future/install/demo:/home/sazma/ws_future/install/tm_msgs:/home/sazma/ws_future/install/tm_moveit_cpp_demo:/home/sazma/ws_future/install/tm_moveit_config_tm5x-900:/home/sazma/ws_future/install/tm_moveit_config_tm5x-700:/home/sazma/ws_future/install/tm_moveit_config_tm5-900:/home/sazma/ws_future/install/tm_moveit_config_tm5-700:/home/sazma/ws_future/install/tm_moveit_config_tm14x:/home/sazma/ws_future/install/tm_moveit_config_tm14:/home/sazma/ws_future/install/tm_moveit_config_tm12x:/home/sazma/ws_future/install/tm_moveit_config_tm12:/home/sazma/ws_future/install/tm_description:/home/sazma/ws_future/install/custom_package:/home/sazma/ws_future/install/techman_robot_msgs:/home/sazma/ws_future/install/moveit2_tutorials:/home/sazma/ws_future/install/moveit_visual_tools:/home/sazma/ws_future/install/rviz_visual_tools:/home/sazma/ws_future/install/moveit_task_constructor_visualization:/home/sazma/ws_future/install/moveit_task_constructor_demo:/home/sazma/ws_future/install/moveit_task_constructor_capabilities:/home/sazma/ws_future/install/moveit_task_constructor_core:/home/sazma/ws_future/install/rviz_marker_tools:/home/sazma/ws_future/install/pilz_industrial_motion_planner_testutils:/home/sazma/ws_future/install/moveit_runtime:/home/sazma/ws_future/install/moveit:/home/sazma/ws_future/install/kinova_gen3_7dof_robotiq_2f_85_moveit_config:/home/sazma/ws_future/install/kinova_gen3_6dof_robotiq_2f_85_moveit_config:/home/sazma/ws_future/install/moveit_planners:/home/sazma/ws_future/install/pilz_industrial_motion_planner:/home/sazma/ws_future/install/pick_ik:/home/sazma/ws_future/install/moveit_task_constructor_msgs:/home/sazma/ws_future/install/moveit_ros_control_interface:/home/sazma/ws_future/install/moveit_plugins:/home/sazma/ws_future/install/moveit_simple_controller_manager:/home/sazma/ws_future/install/moveit_setup_assistant:/home/sazma/ws_future/install/moveit_setup_srdf_plugins:/home/sazma/ws_future/install/moveit_setup_core_plugins:/home/sazma/ws_future/install/moveit_setup_controllers:/home/sazma/ws_future/install/moveit_setup_app_plugins:/home/sazma/ws_future/install/moveit_setup_framework:/home/sazma/ws_future/install/moveit_servo:/home/sazma/ws_future/install/moveit_ros:/home/sazma/ws_future/install/moveit_ros_visualization:/home/sazma/ws_future/install/moveit_py:/home/sazma/ws_future/install/moveit_hybrid_planning:/home/sazma/ws_future/install/moveit_ros_planning_interface:/home/sazma/ws_future/install/moveit_ros_benchmarks:/home/sazma/ws_future/install/moveit_ros_warehouse:/home/sazma/ws_future/install/moveit_ros_robot_interaction:/home/sazma/ws_future/install/moveit_ros_perception:/home/sazma/ws_future/install/moveit_resources_prbt_pg70_support:/home/sazma/ws_future/install/moveit_resources_prbt_moveit_config:/home/sazma/ws_future/install/moveit_ros_move_group:/home/sazma/ws_future/install/moveit_planners_ompl:/home/sazma/ws_future/install/moveit_kinematics:/home/sazma/ws_future/install/moveit_ros_planning:/home/sazma/ws_future/install/moveit_ros_occupancy_map_monitor:/home/sazma/ws_future/install/moveit_resources_prbt_support:/home/sazma/ws_future/install/moveit_resources_prbt_ikfast_manipulator_plugin:/home/sazma/ws_future/install/moveit_resources:/home/sazma/ws_future/install/dual_arm_panda_moveit_config:/home/sazma/ws_future/install/moveit_resources_fanuc_moveit_config:/home/sazma/ws_future/install/moveit_resources_fanuc_description:/home/sazma/ws_future/install/moveit_planners_stomp:/home/sazma/ws_future/install/moveit_planners_chomp:/home/sazma/ws_future/install/moveit_chomp_optimizer_adapter:/home/sazma/ws_future/install/chomp_motion_planner:/home/sazma/ws_future/install/moveit_core:/home/sazma/ws_future/install/kortex_bringup:/home/sazma/ws_future/install/kortex_driver:/home/sazma/ws_future/install/kortex_description:/home/sazma/ws_future/install/kortex_api:/home/sazma/ws_future/install/tm_mod_urdf:/home/sazma/ws_future/install/tm_get_status:/home/sazma/ws_future/install/moveit_configs_utils:/opt/ros/humble LD_LIBRARY_PATH=/home/sazma/ws_future/install/moveit_msgs/lib:/home/sazma/ws_future/install/tm_msgs/lib:/home/sazma/ws_future/install/techman_robot_msgs/lib:/home/sazma/ws_future/install/moveit_visual_tools/lib:/home/sazma/ws_future/install/rviz_visual_tools/lib:/home/sazma/ws_future/install/moveit_task_constructor_visualization/lib:/home/sazma/ws_future/install/moveit_task_constructor_demo/lib:/home/sazma/ws_future/install/moveit_task_constructor_capabilities/lib:/home/sazma/ws_future/install/moveit_task_constructor_core/lib:/home/sazma/ws_future/install/rviz_marker_tools/lib:/home/sazma/ws_future/install/pilz_industrial_motion_planner_testutils/lib:/home/sazma/ws_future/install/pilz_industrial_motion_planner/lib:/home/sazma/ws_future/install/pick_ik/lib:/home/sazma/ws_future/install/moveit_task_constructor_msgs/lib:/home/sazma/ws_future/install/moveit_ros_control_interface/lib:/home/sazma/ws_future/install/moveit_simple_controller_manager/lib:/home/sazma/ws_future/install/moveit_setup_assistant/lib:/home/sazma/ws_future/install/moveit_setup_srdf_plugins/lib:/home/sazma/ws_future/install/moveit_setup_core_plugins/lib:/home/sazma/ws_future/install/moveit_setup_controllers/lib:/home/sazma/ws_future/install/moveit_setup_app_plugins/lib:/home/sazma/ws_future/install/moveit_setup_framework/lib:/home/sazma/ws_future/install/moveit_servo/lib:/home/sazma/ws_future/install/moveit_ros_visualization/lib:/home/sazma/ws_future/install/moveit_py/lib:/home/sazma/ws_future/install/moveit_hybrid_planning/lib:/home/sazma/ws_future/install/moveit_ros_planning_interface/lib:/home/sazma/ws_future/install/moveit_ros_benchmarks/lib:/home/sazma/ws_future/install/moveit_ros_warehouse/lib:/home/sazma/ws_future/install/moveit_ros_robot_interaction/lib:/home/sazma/ws_future/install/moveit_ros_perception/lib:/home/sazma/ws_future/install/moveit_ros_move_group/lib:/home/sazma/ws_future/install/moveit_planners_ompl/lib:/home/sazma/ws_future/install/moveit_kinematics/lib:/home/sazma/ws_future/install/moveit_ros_planning/lib:/home/sazma/ws_future/install/moveit_ros_occupancy_map_monitor/lib:/home/sazma/ws_future/install/moveit_resources_prbt_ikfast_manipulator_plugin/lib:/home/sazma/ws_future/install/moveit_planners_stomp/lib:/home/sazma/ws_future/install/moveit_planners_chomp/lib:/home/sazma/ws_future/install/moveit_chomp_optimizer_adapter/lib:/home/sazma/ws_future/install/chomp_motion_planner/lib:/home/sazma/ws_future/install/moveit_core/lib:/home/sazma/ws_future/install/kortex_driver/lib:/opt/ros/humble/opt/rviz_ogre_vendor/lib:/opt/ros/humble/lib/x86_64-linux-gnu:/opt/ros/humble/lib /usr/bin/cmake --build /home/sazma/ws_future/build/moveit_core -- -j12 -l12
[1.758s] Invoking command in '/home/sazma/ws_future/build/moveit_core': CMAKE_PREFIX_PATH=/home/sazma/ws_future/install/moveit_resources_panda_moveit_config:/home/sazma/ws_future/install/moveit_resources_pr2_description:/home/sazma/ws_future/install/moveit_resources_panda_description:/home/sazma/ws_future/install/moveit_msgs:/home/sazma/ws_future/install/moveit_common:/home/sazma/ws_future/install/ui_for_debug_and_demo:/home/sazma/ws_future/install/tm_driver:/home/sazma/ws_future/install/demo:/home/sazma/ws_future/install/tm_msgs:/home/sazma/ws_future/install/tm_moveit_cpp_demo:/home/sazma/ws_future/install/tm_moveit_config_tm5x-900:/home/sazma/ws_future/install/tm_moveit_config_tm5x-700:/home/sazma/ws_future/install/tm_moveit_config_tm5-900:/home/sazma/ws_future/install/tm_moveit_config_tm5-700:/home/sazma/ws_future/install/tm_moveit_config_tm14x:/home/sazma/ws_future/install/tm_moveit_config_tm14:/home/sazma/ws_future/install/tm_moveit_config_tm12x:/home/sazma/ws_future/install/tm_moveit_config_tm12:/home/sazma/ws_future/install/tm_description:/home/sazma/ws_future/install/custom_package:/home/sazma/ws_future/install/techman_robot_msgs:/home/sazma/ws_future/install/moveit2_tutorials:/home/sazma/ws_future/install/moveit_visual_tools:/home/sazma/ws_future/install/rviz_visual_tools:/home/sazma/ws_future/install/moveit_task_constructor_visualization:/home/sazma/ws_future/install/moveit_task_constructor_demo:/home/sazma/ws_future/install/moveit_task_constructor_capabilities:/home/sazma/ws_future/install/moveit_task_constructor_core:/home/sazma/ws_future/install/rviz_marker_tools:/home/sazma/ws_future/install/pilz_industrial_motion_planner_testutils:/home/sazma/ws_future/install/moveit_runtime:/home/sazma/ws_future/install/moveit:/home/sazma/ws_future/install/kinova_gen3_7dof_robotiq_2f_85_moveit_config:/home/sazma/ws_future/install/kinova_gen3_6dof_robotiq_2f_85_moveit_config:/home/sazma/ws_future/install/moveit_planners:/home/sazma/ws_future/install/pilz_industrial_motion_planner:/home/sazma/ws_future/install/pick_ik:/home/sazma/ws_future/install/moveit_task_constructor_msgs:/home/sazma/ws_future/install/moveit_ros_control_interface:/home/sazma/ws_future/install/moveit_plugins:/home/sazma/ws_future/install/moveit_simple_controller_manager:/home/sazma/ws_future/install/moveit_setup_assistant:/home/sazma/ws_future/install/moveit_setup_srdf_plugins:/home/sazma/ws_future/install/moveit_setup_core_plugins:/home/sazma/ws_future/install/moveit_setup_controllers:/home/sazma/ws_future/install/moveit_setup_app_plugins:/home/sazma/ws_future/install/moveit_setup_framework:/home/sazma/ws_future/install/moveit_servo:/home/sazma/ws_future/install/moveit_ros:/home/sazma/ws_future/install/moveit_ros_visualization:/home/sazma/ws_future/install/moveit_py:/home/sazma/ws_future/install/moveit_hybrid_planning:/home/sazma/ws_future/install/moveit_ros_planning_interface:/home/sazma/ws_future/install/moveit_ros_benchmarks:/home/sazma/ws_future/install/moveit_ros_warehouse:/home/sazma/ws_future/install/moveit_ros_robot_interaction:/home/sazma/ws_future/install/moveit_ros_perception:/home/sazma/ws_future/install/moveit_resources_prbt_pg70_support:/home/sazma/ws_future/install/moveit_resources_prbt_moveit_config:/home/sazma/ws_future/install/moveit_ros_move_group:/home/sazma/ws_future/install/moveit_planners_ompl:/home/sazma/ws_future/install/moveit_kinematics:/home/sazma/ws_future/install/moveit_ros_planning:/home/sazma/ws_future/install/moveit_ros_occupancy_map_monitor:/home/sazma/ws_future/install/moveit_resources_prbt_support:/home/sazma/ws_future/install/moveit_resources_prbt_ikfast_manipulator_plugin:/home/sazma/ws_future/install/moveit_resources:/home/sazma/ws_future/install/dual_arm_panda_moveit_config:/home/sazma/ws_future/install/moveit_resources_fanuc_moveit_config:/home/sazma/ws_future/install/moveit_resources_fanuc_description:/home/sazma/ws_future/install/moveit_planners_stomp:/home/sazma/ws_future/install/moveit_planners_chomp:/home/sazma/ws_future/install/moveit_chomp_optimizer_adapter:/home/sazma/ws_future/install/chomp_motion_planner:/home/sazma/ws_future/install/moveit_core:/home/sazma/ws_future/install/kortex_bringup:/home/sazma/ws_future/install/kortex_driver:/home/sazma/ws_future/install/kortex_description:/home/sazma/ws_future/install/kortex_api:/home/sazma/ws_future/install/tm_mod_urdf:/home/sazma/ws_future/install/tm_get_status:/home/sazma/ws_future/install/moveit_configs_utils:/opt/ros/humble LD_LIBRARY_PATH=/home/sazma/ws_future/install/moveit_msgs/lib:/home/sazma/ws_future/install/tm_msgs/lib:/home/sazma/ws_future/install/techman_robot_msgs/lib:/home/sazma/ws_future/install/moveit_visual_tools/lib:/home/sazma/ws_future/install/rviz_visual_tools/lib:/home/sazma/ws_future/install/moveit_task_constructor_visualization/lib:/home/sazma/ws_future/install/moveit_task_constructor_demo/lib:/home/sazma/ws_future/install/moveit_task_constructor_capabilities/lib:/home/sazma/ws_future/install/moveit_task_constructor_core/lib:/home/sazma/ws_future/install/rviz_marker_tools/lib:/home/sazma/ws_future/install/pilz_industrial_motion_planner_testutils/lib:/home/sazma/ws_future/install/pilz_industrial_motion_planner/lib:/home/sazma/ws_future/install/pick_ik/lib:/home/sazma/ws_future/install/moveit_task_constructor_msgs/lib:/home/sazma/ws_future/install/moveit_ros_control_interface/lib:/home/sazma/ws_future/install/moveit_simple_controller_manager/lib:/home/sazma/ws_future/install/moveit_setup_assistant/lib:/home/sazma/ws_future/install/moveit_setup_srdf_plugins/lib:/home/sazma/ws_future/install/moveit_setup_core_plugins/lib:/home/sazma/ws_future/install/moveit_setup_controllers/lib:/home/sazma/ws_future/install/moveit_setup_app_plugins/lib:/home/sazma/ws_future/install/moveit_setup_framework/lib:/home/sazma/ws_future/install/moveit_servo/lib:/home/sazma/ws_future/install/moveit_ros_visualization/lib:/home/sazma/ws_future/install/moveit_py/lib:/home/sazma/ws_future/install/moveit_hybrid_planning/lib:/home/sazma/ws_future/install/moveit_ros_planning_interface/lib:/home/sazma/ws_future/install/moveit_ros_benchmarks/lib:/home/sazma/ws_future/install/moveit_ros_warehouse/lib:/home/sazma/ws_future/install/moveit_ros_robot_interaction/lib:/home/sazma/ws_future/install/moveit_ros_perception/lib:/home/sazma/ws_future/install/moveit_ros_move_group/lib:/home/sazma/ws_future/install/moveit_planners_ompl/lib:/home/sazma/ws_future/install/moveit_kinematics/lib:/home/sazma/ws_future/install/moveit_ros_planning/lib:/home/sazma/ws_future/install/moveit_ros_occupancy_map_monitor/lib:/home/sazma/ws_future/install/moveit_resources_prbt_ikfast_manipulator_plugin/lib:/home/sazma/ws_future/install/moveit_planners_stomp/lib:/home/sazma/ws_future/install/moveit_planners_chomp/lib:/home/sazma/ws_future/install/moveit_chomp_optimizer_adapter/lib:/home/sazma/ws_future/install/chomp_motion_planner/lib:/home/sazma/ws_future/install/moveit_core/lib:/home/sazma/ws_future/install/kortex_driver/lib:/opt/ros/humble/opt/rviz_ogre_vendor/lib:/opt/ros/humble/lib/x86_64-linux-gnu:/opt/ros/humble/lib /usr/bin/cmake --install /home/sazma/ws_future/build/moveit_core
[1.769s] -- Install configuration: "Release"
[1.769s] -- Up-to-date: /home/sazma/ws_future/install/moveit_core/include/moveit_core
[1.769s] -- Up-to-date: /home/sazma/ws_future/install/moveit_core/include/moveit_core/moveit
[1.769s] -- Up-to-date: /home/sazma/ws_future/install/moveit_core/include/moveit_core/moveit/collision_detection_bullet
[1.770s] -- Up-to-date: /home/sazma/ws_future/install/moveit_core/include/moveit_core/moveit/collision_detection_bullet/bullet_integration
[1.770s] -- Up-to-date: /home/sazma/ws_future/install/moveit_core/include/moveit_core/moveit/collision_detection_bullet/bullet_integration/basic_types.h
[1.770s] -- Up-to-date: /home/sazma/ws_future/install/moveit_core/include/moveit_core/moveit/collision_detection_bullet/bullet_integration/contact_checker_common.h
[1.770s] -- Up-to-date: /home/sazma/ws_future/install/moveit_core/include/moveit_core/moveit/collision_detection_bullet/bullet_integration/bullet_discrete_bvh_manager.h
[1.770s] -- Up-to-date: /home/sazma/ws_future/install/moveit_core/include/moveit_core/moveit/collision_detection_bullet/bullet_integration/bullet_bvh_manager.h
[1.770s] -- Up-to-date: /home/sazma/ws_future/install/moveit_core/include/moveit_core/moveit/collision_detection_bullet/bullet_integration/ros_bullet_utils.h
[1.770s] -- Up-to-date: /home/sazma/ws_future/install/moveit_core/include/moveit_core/moveit/collision_detection_bullet/bullet_integration/bullet_utils.h
[1.770s] -- Up-to-date: /home/sazma/ws_future/install/moveit_core/include/moveit_core/moveit/collision_detection_bullet/bullet_integration/bullet_cast_bvh_manager.h
[1.770s] -- Up-to-date: /home/sazma/ws_future/install/moveit_core/include/moveit_core/moveit/collision_detection_bullet/collision_env_bullet.h
[1.770s] -- Up-to-date: /home/sazma/ws_future/install/moveit_core/include/moveit_core/moveit/collision_detection_bullet/collision_detector_allocator_bullet.h
[1.770s] -- Up-to-date: /home/sazma/ws_future/install/moveit_core/include/moveit_core/moveit/collision_detection_bullet/collision_detector_bullet_plugin_loader.h
[1.770s] -- Up-to-date: /home/sazma/ws_future/install/moveit_core/include/moveit_core/moveit_collision_detection_bullet_export.h
[1.771s] -- Up-to-date: /home/sazma/ws_future/install/moveit_core/include/moveit_core
[1.771s] -- Up-to-date: /home/sazma/ws_future/install/moveit_core/include/moveit_core/moveit
[1.771s] -- Up-to-date: /home/sazma/ws_future/install/moveit_core/include/moveit_core/moveit/collision_detection_fcl
[1.771s] -- Up-to-date: /home/sazma/ws_future/install/moveit_core/include/moveit_core/moveit/collision_detection_fcl/collision_detector_allocator_fcl.h
[1.771s] -- Up-to-date: /home/sazma/ws_future/install/moveit_core/include/moveit_core/moveit/collision_detection_fcl/collision_env_fcl.h
[1.771s] -- Up-to-date: /home/sazma/ws_future/install/moveit_core/include/moveit_core/moveit/collision_detection_fcl/collision_detector_fcl_plugin_loader.h
[1.771s] -- Up-to-date: /home/sazma/ws_future/install/moveit_core/include/moveit_core/moveit/collision_detection_fcl/fcl_compat.h
[1.771s] -- Up-to-date: /home/sazma/ws_future/install/moveit_core/include/moveit_core/moveit/collision_detection_fcl/collision_common.h
[1.771s] -- Up-to-date: /home/sazma/ws_future/install/moveit_core/include/moveit_core/moveit_collision_detection_fcl_export.h
[1.771s] -- Up-to-date: /home/sazma/ws_future/install/moveit_core/include/moveit_core
[1.771s] -- Up-to-date: /home/sazma/ws_future/install/moveit_core/include/moveit_core/moveit
[1.772s] -- Up-to-date: /home/sazma/ws_future/install/moveit_core/include/moveit_core/moveit/collision_detection
[1.772s] -- Up-to-date: /home/sazma/ws_future/install/moveit_core/include/moveit_core/moveit/collision_detection/test_collision_common_pr2.h
[1.772s] -- Up-to-date: /home/sazma/ws_future/install/moveit_core/include/moveit_core/moveit/collision_detection/allvalid
[1.772s] -- Up-to-date: /home/sazma/ws_future/install/moveit_core/include/moveit_core/moveit/collision_detection/allvalid/collision_detector_allocator_allvalid.h
[1.772s] -- Up-to-date: /home/sazma/ws_future/install/moveit_core/include/moveit_core/moveit/collision_detection/allvalid/collision_env_allvalid.h
[1.772s] -- Up-to-date: /home/sazma/ws_future/install/moveit_core/include/moveit_core/moveit/collision_detection/collision_octomap_filter.h
[1.772s] -- Up-to-date: /home/sazma/ws_future/install/moveit_core/include/moveit_core/moveit/collision_detection/collision_plugin.h
[1.772s] -- Up-to-date: /home/sazma/ws_future/install/moveit_core/include/moveit_core/moveit/collision_detection/collision_env.h
[1.772s] -- Up-to-date: /home/sazma/ws_future/install/moveit_core/include/moveit_core/moveit/collision_detection/occupancy_map.h
[1.772s] -- Up-to-date: /home/sazma/ws_future/install/moveit_core/include/moveit_core/moveit/collision_detection/world.h
[1.772s] -- Up-to-date: /home/sazma/ws_future/install/moveit_core/include/moveit_core/moveit/collision_detection/collision_tools.h
[1.772s] -- Up-to-date: /home/sazma/ws_future/install/moveit_core/include/moveit_core/moveit/collision_detection/collision_plugin_cache.h
[1.772s] -- Up-to-date: /home/sazma/ws_future/install/moveit_core/include/moveit_core/moveit/collision_detection/collision_common.h
[1.772s] -- Up-to-date: /home/sazma/ws_future/install/moveit_core/include/moveit_core/moveit/collision_detection/world_diff.h
[1.772s] -- Up-to-date: /home/sazma/ws_future/install/moveit_core/include/moveit_core/moveit/collision_detection/test_collision_common_panda.h
[1.773s] -- Up-to-date: /home/sazma/ws_future/install/moveit_core/include/moveit_core/moveit/collision_detection/collision_detector_allocator.h
[1.773s] -- Up-to-date: /home/sazma/ws_future/install/moveit_core/include/moveit_core/moveit/collision_detection/collision_matrix.h
[1.773s] -- Up-to-date: /home/sazma/ws_future/install/moveit_core/include/moveit_core/moveit_collision_detection_export.h
[1.773s] -- Up-to-date: /home/sazma/ws_future/install/moveit_core/include/moveit_core
[1.773s] -- Up-to-date: /home/sazma/ws_future/install/moveit_core/include/moveit_core/moveit
[1.773s] -- Up-to-date: /home/sazma/ws_future/install/moveit_core/include/moveit_core/moveit/collision_distance_field
[1.773s] -- Up-to-date: /home/sazma/ws_future/install/moveit_core/include/moveit_core/moveit/collision_distance_field/collision_common_distance_field.h
[1.773s] -- Up-to-date: /home/sazma/ws_future/install/moveit_core/include/moveit_core/moveit/collision_distance_field/collision_distance_field_types.h
[1.773s] -- Up-to-date: /home/sazma/ws_future/install/moveit_core/include/moveit_core/moveit/collision_distance_field/collision_env_hybrid.h
[1.773s] -- Up-to-date: /home/sazma/ws_future/install/moveit_core/include/moveit_core/moveit/collision_distance_field/collision_env_distance_field.h
[1.773s] -- Up-to-date: /home/sazma/ws_future/install/moveit_core/include/moveit_core/moveit/collision_distance_field/collision_detector_allocator_distance_field.h
[1.773s] -- Up-to-date: /home/sazma/ws_future/install/moveit_core/include/moveit_core/moveit/collision_distance_field/collision_detector_allocator_hybrid.h
[1.773s] -- Up-to-date: /home/sazma/ws_future/install/moveit_core/include/moveit_core/moveit_collision_distance_field_export.h
[1.773s] -- Up-to-date: /home/sazma/ws_future/install/moveit_core/include/moveit_core
[1.773s] -- Up-to-date: /home/sazma/ws_future/install/moveit_core/include/moveit_core/moveit
[1.773s] -- Up-to-date: /home/sazma/ws_future/install/moveit_core/include/moveit_core/moveit/constraint_samplers
[1.774s] -- Up-to-date: /home/sazma/ws_future/install/moveit_core/include/moveit_core/moveit/constraint_samplers/constraint_sampler_tools.h
[1.774s] -- Up-to-date: /home/sazma/ws_future/install/moveit_core/include/moveit_core/moveit/constraint_samplers/default_constraint_samplers.h
[1.774s] -- Up-to-date: /home/sazma/ws_future/install/moveit_core/include/moveit_core/moveit/constraint_samplers/constraint_sampler_manager.h
[1.774s] -- Up-to-date: /home/sazma/ws_future/install/moveit_core/include/moveit_core/moveit/constraint_samplers/union_constraint_sampler.h
[1.774s] -- Up-to-date: /home/sazma/ws_future/install/moveit_core/include/moveit_core/moveit/constraint_samplers/constraint_sampler_allocator.h
[1.774s] -- Up-to-date: /home/sazma/ws_future/install/moveit_core/include/moveit_core/moveit/constraint_samplers/constraint_sampler.h
[1.774s] -- Up-to-date: /home/sazma/ws_future/install/moveit_core/include/moveit_core
[1.774s] -- Up-to-date: /home/sazma/ws_future/install/moveit_core/include/moveit_core/moveit
[1.774s] -- Up-to-date: /home/sazma/ws_future/install/moveit_core/include/moveit_core/moveit/controller_manager
[1.774s] -- Up-to-date: /home/sazma/ws_future/install/moveit_core/include/moveit_core/moveit/controller_manager/controller_manager.h
[1.774s] -- Up-to-date: /home/sazma/ws_future/install/moveit_core/include/moveit_core
[1.774s] -- Up-to-date: /home/sazma/ws_future/install/moveit_core/include/moveit_core/moveit
[1.774s] -- Up-to-date: /home/sazma/ws_future/install/moveit_core/include/moveit_core/moveit/distance_field
[1.775s] -- Up-to-date: /home/sazma/ws_future/install/moveit_core/include/moveit_core/moveit/distance_field/distance_field.h
[1.775s] -- Up-to-date: /home/sazma/ws_future/install/moveit_core/include/moveit_core/moveit/distance_field/find_internal_points.h
[1.775s] -- Up-to-date: /home/sazma/ws_future/install/moveit_core/include/moveit_core/moveit/distance_field/voxel_grid.h
[1.775s] -- Up-to-date: /home/sazma/ws_future/install/moveit_core/include/moveit_core/moveit/distance_field/propagation_distance_field.h
[1.775s] -- Up-to-date: /home/sazma/ws_future/install/moveit_core/include/moveit_core
[1.775s] -- Up-to-date: /home/sazma/ws_future/install/moveit_core/include/moveit_core/moveit
[1.775s] -- Up-to-date: /home/sazma/ws_future/install/moveit_core/include/moveit_core/moveit/dynamics_solver
[1.776s] -- Up-to-date: /home/sazma/ws_future/install/moveit_core/include/moveit_core/moveit/dynamics_solver/dynamics_solver.h
[1.776s] -- Up-to-date: /home/sazma/ws_future/install/moveit_core/include/moveit_core
[1.776s] -- Up-to-date: /home/sazma/ws_future/install/moveit_core/include/moveit_core/moveit
[1.776s] -- Up-to-date: /home/sazma/ws_future/install/moveit_core/include/moveit_core/moveit/exceptions
[1.776s] -- Up-to-date: /home/sazma/ws_future/install/moveit_core/include/moveit_core/moveit/exceptions/exceptions.h
[1.776s] -- Up-to-date: /home/sazma/ws_future/install/moveit_core/include/moveit_core
[1.776s] -- Up-to-date: /home/sazma/ws_future/install/moveit_core/include/moveit_core/moveit
[1.776s] -- Up-to-date: /home/sazma/ws_future/install/moveit_core/include/moveit_core/moveit/kinematic_constraints
[1.776s] -- Up-to-date: /home/sazma/ws_future/install/moveit_core/include/moveit_core/moveit/kinematic_constraints/utils.h
[1.776s] -- Up-to-date: /home/sazma/ws_future/install/moveit_core/include/moveit_core/moveit/kinematic_constraints/kinematic_constraint.h
[1.777s] -- Up-to-date: /home/sazma/ws_future/install/moveit_core/include/moveit_core
[1.777s] -- Up-to-date: /home/sazma/ws_future/install/moveit_core/include/moveit_core/moveit
[1.777s] -- Up-to-date: /home/sazma/ws_future/install/moveit_core/include/moveit_core/moveit/kinematics_base
[1.777s] -- Up-to-date: /home/sazma/ws_future/install/moveit_core/include/moveit_core/moveit/kinematics_base/kinematics_base.h
[1.777s] -- Up-to-date: /home/sazma/ws_future/install/moveit_core/include/moveit_core/moveit_kinematics_base_export.h
[1.777s] -- Up-to-date: /home/sazma/ws_future/install/moveit_core/include/moveit_core
[1.777s] -- Up-to-date: /home/sazma/ws_future/install/moveit_core/include/moveit_core/moveit
[1.777s] -- Up-to-date: /home/sazma/ws_future/install/moveit_core/include/moveit_core/moveit/kinematics_metrics
[1.777s] -- Up-to-date: /home/sazma/ws_future/install/moveit_core/include/moveit_core/moveit/kinematics_metrics/kinematics_metrics.h
[1.777s] -- Up-to-date: /home/sazma/ws_future/install/moveit_core/include/moveit_core
[1.777s] -- Up-to-date: /home/sazma/ws_future/install/moveit_core/include/moveit_core/moveit
[1.777s] -- Up-to-date: /home/sazma/ws_future/install/moveit_core/include/moveit_core/moveit/macros
[1.777s] -- Up-to-date: /home/sazma/ws_future/install/moveit_core/include/moveit_core/moveit/macros/declare_ptr.h
[1.777s] -- Up-to-date: /home/sazma/ws_future/install/moveit_core/include/moveit_core/moveit/macros/class_forward.h
[1.778s] -- Up-to-date: /home/sazma/ws_future/install/moveit_core/include/moveit_core/moveit/macros/deprecation.h
[1.778s] -- Up-to-date: /home/sazma/ws_future/install/moveit_core/include/moveit_core/moveit/macros/console_colors.h
[1.778s] -- Up-to-date: /home/sazma/ws_future/install/moveit_core/include/moveit_butterworth_parameters
[1.778s] -- Up-to-date: /home/sazma/ws_future/install/moveit_core/include/moveit_butterworth_parameters/moveit_butterworth_parameters.hpp
[1.778s] -- Up-to-date: /home/sazma/ws_future/install/moveit_core/include/moveit_core
[1.778s] -- Up-to-date: /home/sazma/ws_future/install/moveit_core/include/moveit_core/moveit
[1.778s] -- Up-to-date: /home/sazma/ws_future/install/moveit_core/include/moveit_core/moveit/online_signal_smoothing
[1.778s] -- Up-to-date: /home/sazma/ws_future/install/moveit_core/include/moveit_core/moveit/online_signal_smoothing/butterworth_filter.h
[1.778s] -- Up-to-date: /home/sazma/ws_future/install/moveit_core/include/moveit_core/moveit/online_signal_smoothing/smoothing_base_class.h
[1.778s] -- Up-to-date: /home/sazma/ws_future/install/moveit_core/include/moveit_core/moveit_smoothing_base_export.h
[1.778s] -- Up-to-date: /home/sazma/ws_future/install/moveit_core/include/moveit_core/moveit_butterworth_filter_export.h
[1.778s] -- Up-to-date: /home/sazma/ws_future/install/moveit_core/include/moveit_core
[1.779s] -- Up-to-date: /home/sazma/ws_future/install/moveit_core/include/moveit_core/moveit
[1.779s] -- Up-to-date: /home/sazma/ws_future/install/moveit_core/include/moveit_core/moveit/planning_interface
[1.779s] -- Up-to-date: /home/sazma/ws_future/install/moveit_core/include/moveit_core/moveit/planning_interface/planning_request.h
[1.779s] -- Up-to-date: /home/sazma/ws_future/install/moveit_core/include/moveit_core/moveit/planning_interface/planning_interface.h
[1.779s] -- Up-to-date: /home/sazma/ws_future/install/moveit_core/include/moveit_core/moveit/planning_interface/planning_response.h
[1.779s] -- Up-to-date: /home/sazma/ws_future/install/moveit_core/include/moveit_core
[1.779s] -- Up-to-date: /home/sazma/ws_future/install/moveit_core/include/moveit_core/moveit
[1.779s] -- Up-to-date: /home/sazma/ws_future/install/moveit_core/include/moveit_core/moveit/planning_request_adapter
[1.779s] -- Up-to-date: /home/sazma/ws_future/install/moveit_core/include/moveit_core/moveit/planning_request_adapter/planning_request_adapter.h
[1.779s] -- Up-to-date: /home/sazma/ws_future/install/moveit_core/include/moveit_core
[1.779s] -- Up-to-date: /home/sazma/ws_future/install/moveit_core/include/moveit_core/moveit
[1.779s] -- Up-to-date: /home/sazma/ws_future/install/moveit_core/include/moveit_core/moveit/planning_scene
[1.780s] -- Up-to-date: /home/sazma/ws_future/install/moveit_core/include/moveit_core/moveit/planning_scene/planning_scene.h
[1.780s] -- Up-to-date: /home/sazma/ws_future/install/moveit_core/include/moveit_core/moveit_planning_scene_export.h
[1.780s] -- Up-to-date: /home/sazma/ws_future/install/moveit_core/include/moveit_core
[1.780s] -- Up-to-date: /home/sazma/ws_future/install/moveit_core/include/moveit_core/moveit
[1.780s] -- Up-to-date: /home/sazma/ws_future/install/moveit_core/include/moveit_core/moveit/robot_model
[1.780s] -- Up-to-date: /home/sazma/ws_future/install/moveit_core/include/moveit_core/moveit/robot_model/robot_model.h
[1.780s] -- Up-to-date: /home/sazma/ws_future/install/moveit_core/include/moveit_core/moveit/robot_model/fixed_joint_model.h
[1.780s] -- Up-to-date: /home/sazma/ws_future/install/moveit_core/include/moveit_core/moveit/robot_model/aabb.h
[1.780s] -- Up-to-date: /home/sazma/ws_future/install/moveit_core/include/moveit_core/moveit/robot_model/joint_model_group.h
[1.780s] -- Up-to-date: /home/sazma/ws_future/install/moveit_core/include/moveit_core/moveit/robot_model/revolute_joint_model.h
[1.780s] -- Up-to-date: /home/sazma/ws_future/install/moveit_core/include/moveit_core/moveit/robot_model/joint_model.h
[1.781s] -- Up-to-date: /home/sazma/ws_future/install/moveit_core/include/moveit_core/moveit/robot_model/link_model.h
[1.781s] -- Up-to-date: /home/sazma/ws_future/install/moveit_core/include/moveit_core/moveit/robot_model/planar_joint_model.h
[1.781s] -- Up-to-date: /home/sazma/ws_future/install/moveit_core/include/moveit_core/moveit/robot_model/prismatic_joint_model.h
[1.781s] -- Up-to-date: /home/sazma/ws_future/install/moveit_core/include/moveit_core/moveit/robot_model/floating_joint_model.h
[1.781s] -- Up-to-date: /home/sazma/ws_future/install/moveit_core/include/moveit_core
[1.781s] -- Up-to-date: /home/sazma/ws_future/install/moveit_core/include/moveit_core/moveit
[1.781s] -- Up-to-date: /home/sazma/ws_future/install/moveit_core/include/moveit_core/moveit/robot_state
[1.781s] -- Up-to-date: /home/sazma/ws_future/install/moveit_core/include/moveit_core/moveit/robot_state/robot_state.h
[1.781s] -- Up-to-date: /home/sazma/ws_future/install/moveit_core/include/moveit_core/moveit/robot_state/conversions.h
[1.781s] -- Up-to-date: /home/sazma/ws_future/install/moveit_core/include/moveit_core/moveit/robot_state/cartesian_interpolator.h
[1.781s] -- Up-to-date: /home/sazma/ws_future/install/moveit_core/include/moveit_core/moveit/robot_state/attached_body.h
[1.781s] -- Up-to-date: /home/sazma/ws_future/install/moveit_core/include/moveit_core
[1.782s] -- Up-to-date: /home/sazma/ws_future/install/moveit_core/include/moveit_core/moveit
[1.782s] -- Up-to-date: /home/sazma/ws_future/install/moveit_core/include/moveit_core/moveit/robot_trajectory
[1.782s] -- Up-to-date: /home/sazma/ws_future/install/moveit_core/include/moveit_core/moveit/robot_trajectory/robot_trajectory.h
[1.782s] -- Up-to-date: /home/sazma/ws_future/install/moveit_core/include/moveit_core
[1.782s] -- Up-to-date: /home/sazma/ws_future/install/moveit_core/include/moveit_core/moveit
[1.782s] -- Up-to-date: /home/sazma/ws_future/install/moveit_core/include/moveit_core/moveit/trajectory_processing
[1.782s] -- Up-to-date: /home/sazma/ws_future/install/moveit_core/include/moveit_core/moveit/trajectory_processing/trajectory_tools.h
[1.782s] -- Up-to-date: /home/sazma/ws_future/install/moveit_core/include/moveit_core/moveit/trajectory_processing/time_optimal_trajectory_generation.h
[1.782s] -- Up-to-date: /home/sazma/ws_future/install/moveit_core/include/moveit_core/moveit/trajectory_processing/ruckig_traj_smoothing.h
[1.782s] -- Up-to-date: /home/sazma/ws_future/install/moveit_core/include/moveit_core/moveit/trajectory_processing/time_parameterization.h
[1.782s] -- Up-to-date: /home/sazma/ws_future/install/moveit_core/include/moveit_core
[1.782s] -- Up-to-date: /home/sazma/ws_future/install/moveit_core/include/moveit_core/moveit
[1.782s] -- Up-to-date: /home/sazma/ws_future/install/moveit_core/include/moveit_core/moveit/transforms
[1.782s] -- Up-to-date: /home/sazma/ws_future/install/moveit_core/include/moveit_core/moveit/transforms/transforms.h
[1.782s] -- Up-to-date: /home/sazma/ws_future/install/moveit_core/include/moveit_core
[1.782s] -- Up-to-date: /home/sazma/ws_future/install/moveit_core/include/moveit_core/moveit
[1.783s] -- Up-to-date: /home/sazma/ws_future/install/moveit_core/include/moveit_core/moveit/utils
[1.783s] -- Up-to-date: /home/sazma/ws_future/install/moveit_core/include/moveit_core/moveit/utils/message_checks.h
[1.783s] -- Up-to-date: /home/sazma/ws_future/install/moveit_core/include/moveit_core/moveit/utils/lexical_casts.h
[1.783s] -- Up-to-date: /home/sazma/ws_future/install/moveit_core/include/moveit_core/moveit/utils/rclcpp_utils.h
[1.783s] -- Up-to-date: /home/sazma/ws_future/install/moveit_core/include/moveit_core/moveit/utils/eigen_test_utils.h
[1.783s] -- Up-to-date: /home/sazma/ws_future/install/moveit_core/include/moveit_core/moveit/utils/moveit_error_code.h
[1.783s] -- Up-to-date: /home/sazma/ws_future/install/moveit_core/include/moveit_core/moveit/utils/logger.hpp
[1.783s] -- Up-to-date: /home/sazma/ws_future/install/moveit_core/include/moveit_core/moveit/utils/robot_model_test_utils.h
[1.783s] -- Up-to-date: /home/sazma/ws_future/install/moveit_core/lib/moveit_core/logger_dut
[1.784s] -- Up-to-date: /home/sazma/ws_future/install/moveit_core/lib/moveit_core/logger_from_child_dut
[1.785s] -- Up-to-date: /home/sazma/ws_future/install/moveit_core/lib/moveit_core/logger_from_only_child_dut
[1.785s] -- Up-to-date: /home/sazma/ws_future/install/moveit_core/include/moveit_core/moveit/version.h
[1.786s] -- Up-to-date: /home/sazma/ws_future/install/moveit_core/bin/moveit_version
[1.787s] -- Up-to-date: /home/sazma/ws_future/install/moveit_core/lib/libcollision_detector_bullet_plugin.so.2.8.0
[1.787s] -- Up-to-date: /home/sazma/ws_future/install/moveit_core/lib/libcollision_detector_bullet_plugin.so
[1.788s] -- Up-to-date: /home/sazma/ws_future/install/moveit_core/lib/libmoveit_butterworth_filter.so.2.8.0
[1.789s] -- Up-to-date: /home/sazma/ws_future/install/moveit_core/lib/libmoveit_butterworth_filter.so
[1.790s] -- Up-to-date: /home/sazma/ws_future/install/moveit_core/lib/libmoveit_collision_detection.so.2.8.0
[1.790s] -- Up-to-date: /home/sazma/ws_future/install/moveit_core/lib/libmoveit_collision_detection.so
[1.791s] -- Up-to-date: /home/sazma/ws_future/install/moveit_core/lib/libmoveit_collision_detection_bullet.so.2.8.0
[1.791s] -- Up-to-date: /home/sazma/ws_future/install/moveit_core/lib/libmoveit_collision_detection_bullet.so
[1.792s] -- Up-to-date: /home/sazma/ws_future/install/moveit_core/lib/libmoveit_collision_detection_fcl.so.2.8.0
[1.792s] -- Up-to-date: /home/sazma/ws_future/install/moveit_core/lib/libmoveit_collision_detection_fcl.so
[1.793s] -- Up-to-date: /home/sazma/ws_future/install/moveit_core/lib/libmoveit_collision_distance_field.so.2.8.0
[1.794s] -- Up-to-date: /home/sazma/ws_future/install/moveit_core/lib/libmoveit_collision_distance_field.so
[1.794s] -- Up-to-date: /home/sazma/ws_future/install/moveit_core/lib/libmoveit_constraint_samplers.so.2.8.0
[1.795s] -- Up-to-date: /home/sazma/ws_future/install/moveit_core/lib/libmoveit_constraint_samplers.so
[1.796s] -- Up-to-date: /home/sazma/ws_future/install/moveit_core/lib/libmoveit_distance_field.so.2.8.0
[1.796s] -- Up-to-date: /home/sazma/ws_future/install/moveit_core/lib/libmoveit_distance_field.so
[1.797s] -- Up-to-date: /home/sazma/ws_future/install/moveit_core/lib/libmoveit_dynamics_solver.so.2.8.0
[1.797s] -- Up-to-date: /home/sazma/ws_future/install/moveit_core/lib/libmoveit_dynamics_solver.so
[1.798s] -- Up-to-date: /home/sazma/ws_future/install/moveit_core/lib/libmoveit_exceptions.so.2.8.0
[1.798s] -- Up-to-date: /home/sazma/ws_future/install/moveit_core/lib/libmoveit_exceptions.so
[1.799s] -- Up-to-date: /home/sazma/ws_future/install/moveit_core/lib/libmoveit_kinematic_constraints.so.2.8.0
[1.799s] -- Up-to-date: /home/sazma/ws_future/install/moveit_core/lib/libmoveit_kinematic_constraints.so
[1.800s] -- Up-to-date: /home/sazma/ws_future/install/moveit_core/lib/libmoveit_kinematics_base.so
[1.801s] -- Up-to-date: /home/sazma/ws_future/install/moveit_core/lib/libmoveit_kinematics_metrics.so.2.8.0
[1.801s] -- Up-to-date: /home/sazma/ws_future/install/moveit_core/lib/libmoveit_kinematics_metrics.so
[1.802s] -- Up-to-date: /home/sazma/ws_future/install/moveit_core/lib/libmoveit_planning_interface.so.2.8.0
[1.803s] -- Up-to-date: /home/sazma/ws_future/install/moveit_core/lib/libmoveit_planning_interface.so
[1.804s] -- Up-to-date: /home/sazma/ws_future/install/moveit_core/lib/libmoveit_planning_request_adapter.so.2.8.0
[1.804s] -- Up-to-date: /home/sazma/ws_future/install/moveit_core/lib/libmoveit_planning_request_adapter.so
[1.804s] -- Up-to-date: /home/sazma/ws_future/install/moveit_core/lib/libmoveit_planning_scene.so.2.8.0
[1.805s] -- Up-to-date: /home/sazma/ws_future/install/moveit_core/lib/libmoveit_planning_scene.so
[1.806s] -- Up-to-date: /home/sazma/ws_future/install/moveit_core/lib/libmoveit_robot_model.so.2.8.0
[1.806s] -- Up-to-date: /home/sazma/ws_future/install/moveit_core/lib/libmoveit_robot_model.so
[1.807s] -- Up-to-date: /home/sazma/ws_future/install/moveit_core/lib/libmoveit_robot_state.so.2.8.0
[1.807s] -- Up-to-date: /home/sazma/ws_future/install/moveit_core/lib/libmoveit_robot_state.so
[1.808s] -- Up-to-date: /home/sazma/ws_future/install/moveit_core/lib/libmoveit_robot_trajectory.so.2.8.0
[1.808s] -- Up-to-date: /home/sazma/ws_future/install/moveit_core/lib/libmoveit_robot_trajectory.so
[1.808s] -- Up-to-date: /home/sazma/ws_future/install/moveit_core/lib/libmoveit_smoothing_base.so.2.8.0
[1.809s] -- Up-to-date: /home/sazma/ws_future/install/moveit_core/lib/libmoveit_smoothing_base.so
[1.810s] -- Up-to-date: /home/sazma/ws_future/install/moveit_core/lib/libmoveit_test_utils.so.2.8.0
[1.810s] -- Up-to-date: /home/sazma/ws_future/install/moveit_core/lib/libmoveit_test_utils.so
[1.811s] -- Up-to-date: /home/sazma/ws_future/install/moveit_core/lib/libmoveit_trajectory_processing.so.2.8.0
[1.811s] -- Up-to-date: /home/sazma/ws_future/install/moveit_core/lib/libmoveit_trajectory_processing.so
[1.812s] -- Up-to-date: /home/sazma/ws_future/install/moveit_core/lib/libmoveit_transforms.so.2.8.0
[1.812s] -- Up-to-date: /home/sazma/ws_future/install/moveit_core/lib/libmoveit_transforms.so
[1.813s] -- Up-to-date: /home/sazma/ws_future/install/moveit_core/lib/libmoveit_utils.so.2.8.0
[1.813s] -- Up-to-date: /home/sazma/ws_future/install/moveit_core/lib/libmoveit_utils.so
[1.813s] -- Up-to-date: /home/sazma/ws_future/install/moveit_core/share/moveit_core/environment/library_path.sh
[1.813s] -- Up-to-date: /home/sazma/ws_future/install/moveit_core/share/moveit_core/environment/library_path.dsv
[1.813s] -- Up-to-date: /home/sazma/ws_future/install/moveit_core/share/moveit_core/collision_detector_fcl_description.xml
[1.813s] -- Up-to-date: /home/sazma/ws_future/install/moveit_core/share/moveit_core/collision_detector_bullet_description.xml
[1.813s] -- Up-to-date: /home/sazma/ws_future/install/moveit_core/share/moveit_core/filter_plugin_butterworth.xml
[1.814s] -- Up-to-date: /home/sazma/ws_future/install/moveit_core/share/ament_index/resource_index/package_run_dependencies/moveit_core
[1.814s] -- Up-to-date: /home/sazma/ws_future/install/moveit_core/share/ament_index/resource_index/parent_prefix_path/moveit_core
[1.814s] -- Up-to-date: /home/sazma/ws_future/install/moveit_core/share/moveit_core/environment/ament_prefix_path.sh
[1.814s] -- Up-to-date: /home/sazma/ws_future/install/moveit_core/share/moveit_core/environment/ament_prefix_path.dsv
[1.814s] -- Up-to-date: /home/sazma/ws_future/install/moveit_core/share/moveit_core/environment/path.sh
[1.814s] -- Up-to-date: /home/sazma/ws_future/install/moveit_core/share/moveit_core/environment/path.dsv
[1.814s] -- Up-to-date: /home/sazma/ws_future/install/moveit_core/share/moveit_core/local_setup.bash
[1.814s] -- Up-to-date: /home/sazma/ws_future/install/moveit_core/share/moveit_core/local_setup.sh
[1.814s] -- Up-to-date: /home/sazma/ws_future/install/moveit_core/share/moveit_core/local_setup.zsh
[1.814s] -- Up-to-date: /home/sazma/ws_future/install/moveit_core/share/moveit_core/local_setup.dsv
[1.814s] -- Installing: /home/sazma/ws_future/install/moveit_core/share/moveit_core/package.dsv
[1.814s] -- Up-to-date: /home/sazma/ws_future/install/moveit_core/share/ament_index/resource_index/packages/moveit_core
[1.815s] -- Up-to-date: /home/sazma/ws_future/install/moveit_core/share/ament_index/resource_index/moveit_core__pluginlib__plugin/moveit_core
[1.816s] -- Up-to-date: /home/sazma/ws_future/install/moveit_core/share/moveit_core/cmake/moveit_coreTargetsExport.cmake
[1.817s] -- Up-to-date: /home/sazma/ws_future/install/moveit_core/share/moveit_core/cmake/moveit_coreTargetsExport-release.cmake
[1.817s] -- Up-to-date: /home/sazma/ws_future/install/moveit_core/share/moveit_core/cmake/ConfigExtras.cmake
[1.817s] -- Up-to-date: /home/sazma/ws_future/install/moveit_core/share/moveit_core/cmake/ament_cmake_export_targets-extras.cmake
[1.817s] -- Up-to-date: /home/sazma/ws_future/install/moveit_core/share/moveit_core/cmake/ament_cmake_export_dependencies-extras.cmake
[1.817s] -- Up-to-date: /home/sazma/ws_future/install/moveit_core/share/moveit_core/cmake/moveit_coreConfig.cmake
[1.817s] -- Up-to-date: /home/sazma/ws_future/install/moveit_core/share/moveit_core/cmake/moveit_coreConfig-version.cmake
[1.817s] -- Up-to-date: /home/sazma/ws_future/install/moveit_core/share/moveit_core/package.xml
[1.820s] Invoked command in '/home/sazma/ws_future/build/moveit_core' returned '0': CMAKE_PREFIX_PATH=/home/sazma/ws_future/install/moveit_resources_panda_moveit_config:/home/sazma/ws_future/install/moveit_resources_pr2_description:/home/sazma/ws_future/install/moveit_resources_panda_description:/home/sazma/ws_future/install/moveit_msgs:/home/sazma/ws_future/install/moveit_common:/home/sazma/ws_future/install/ui_for_debug_and_demo:/home/sazma/ws_future/install/tm_driver:/home/sazma/ws_future/install/demo:/home/sazma/ws_future/install/tm_msgs:/home/sazma/ws_future/install/tm_moveit_cpp_demo:/home/sazma/ws_future/install/tm_moveit_config_tm5x-900:/home/sazma/ws_future/install/tm_moveit_config_tm5x-700:/home/sazma/ws_future/install/tm_moveit_config_tm5-900:/home/sazma/ws_future/install/tm_moveit_config_tm5-700:/home/sazma/ws_future/install/tm_moveit_config_tm14x:/home/sazma/ws_future/install/tm_moveit_config_tm14:/home/sazma/ws_future/install/tm_moveit_config_tm12x:/home/sazma/ws_future/install/tm_moveit_config_tm12:/home/sazma/ws_future/install/tm_description:/home/sazma/ws_future/install/custom_package:/home/sazma/ws_future/install/techman_robot_msgs:/home/sazma/ws_future/install/moveit2_tutorials:/home/sazma/ws_future/install/moveit_visual_tools:/home/sazma/ws_future/install/rviz_visual_tools:/home/sazma/ws_future/install/moveit_task_constructor_visualization:/home/sazma/ws_future/install/moveit_task_constructor_demo:/home/sazma/ws_future/install/moveit_task_constructor_capabilities:/home/sazma/ws_future/install/moveit_task_constructor_core:/home/sazma/ws_future/install/rviz_marker_tools:/home/sazma/ws_future/install/pilz_industrial_motion_planner_testutils:/home/sazma/ws_future/install/moveit_runtime:/home/sazma/ws_future/install/moveit:/home/sazma/ws_future/install/kinova_gen3_7dof_robotiq_2f_85_moveit_config:/home/sazma/ws_future/install/kinova_gen3_6dof_robotiq_2f_85_moveit_config:/home/sazma/ws_future/install/moveit_planners:/home/sazma/ws_future/install/pilz_industrial_motion_planner:/home/sazma/ws_future/install/pick_ik:/home/sazma/ws_future/install/moveit_task_constructor_msgs:/home/sazma/ws_future/install/moveit_ros_control_interface:/home/sazma/ws_future/install/moveit_plugins:/home/sazma/ws_future/install/moveit_simple_controller_manager:/home/sazma/ws_future/install/moveit_setup_assistant:/home/sazma/ws_future/install/moveit_setup_srdf_plugins:/home/sazma/ws_future/install/moveit_setup_core_plugins:/home/sazma/ws_future/install/moveit_setup_controllers:/home/sazma/ws_future/install/moveit_setup_app_plugins:/home/sazma/ws_future/install/moveit_setup_framework:/home/sazma/ws_future/install/moveit_servo:/home/sazma/ws_future/install/moveit_ros:/home/sazma/ws_future/install/moveit_ros_visualization:/home/sazma/ws_future/install/moveit_py:/home/sazma/ws_future/install/moveit_hybrid_planning:/home/sazma/ws_future/install/moveit_ros_planning_interface:/home/sazma/ws_future/install/moveit_ros_benchmarks:/home/sazma/ws_future/install/moveit_ros_warehouse:/home/sazma/ws_future/install/moveit_ros_robot_interaction:/home/sazma/ws_future/install/moveit_ros_perception:/home/sazma/ws_future/install/moveit_resources_prbt_pg70_support:/home/sazma/ws_future/install/moveit_resources_prbt_moveit_config:/home/sazma/ws_future/install/moveit_ros_move_group:/home/sazma/ws_future/install/moveit_planners_ompl:/home/sazma/ws_future/install/moveit_kinematics:/home/sazma/ws_future/install/moveit_ros_planning:/home/sazma/ws_future/install/moveit_ros_occupancy_map_monitor:/home/sazma/ws_future/install/moveit_resources_prbt_support:/home/sazma/ws_future/install/moveit_resources_prbt_ikfast_manipulator_plugin:/home/sazma/ws_future/install/moveit_resources:/home/sazma/ws_future/install/dual_arm_panda_moveit_config:/home/sazma/ws_future/install/moveit_resources_fanuc_moveit_config:/home/sazma/ws_future/install/moveit_resources_fanuc_description:/home/sazma/ws_future/install/moveit_planners_stomp:/home/sazma/ws_future/install/moveit_planners_chomp:/home/sazma/ws_future/install/moveit_chomp_optimizer_adapter:/home/sazma/ws_future/install/chomp_motion_planner:/home/sazma/ws_future/install/moveit_core:/home/sazma/ws_future/install/kortex_bringup:/home/sazma/ws_future/install/kortex_driver:/home/sazma/ws_future/install/kortex_description:/home/sazma/ws_future/install/kortex_api:/home/sazma/ws_future/install/tm_mod_urdf:/home/sazma/ws_future/install/tm_get_status:/home/sazma/ws_future/install/moveit_configs_utils:/opt/ros/humble LD_LIBRARY_PATH=/home/sazma/ws_future/install/moveit_msgs/lib:/home/sazma/ws_future/install/tm_msgs/lib:/home/sazma/ws_future/install/techman_robot_msgs/lib:/home/sazma/ws_future/install/moveit_visual_tools/lib:/home/sazma/ws_future/install/rviz_visual_tools/lib:/home/sazma/ws_future/install/moveit_task_constructor_visualization/lib:/home/sazma/ws_future/install/moveit_task_constructor_demo/lib:/home/sazma/ws_future/install/moveit_task_constructor_capabilities/lib:/home/sazma/ws_future/install/moveit_task_constructor_core/lib:/home/sazma/ws_future/install/rviz_marker_tools/lib:/home/sazma/ws_future/install/pilz_industrial_motion_planner_testutils/lib:/home/sazma/ws_future/install/pilz_industrial_motion_planner/lib:/home/sazma/ws_future/install/pick_ik/lib:/home/sazma/ws_future/install/moveit_task_constructor_msgs/lib:/home/sazma/ws_future/install/moveit_ros_control_interface/lib:/home/sazma/ws_future/install/moveit_simple_controller_manager/lib:/home/sazma/ws_future/install/moveit_setup_assistant/lib:/home/sazma/ws_future/install/moveit_setup_srdf_plugins/lib:/home/sazma/ws_future/install/moveit_setup_core_plugins/lib:/home/sazma/ws_future/install/moveit_setup_controllers/lib:/home/sazma/ws_future/install/moveit_setup_app_plugins/lib:/home/sazma/ws_future/install/moveit_setup_framework/lib:/home/sazma/ws_future/install/moveit_servo/lib:/home/sazma/ws_future/install/moveit_ros_visualization/lib:/home/sazma/ws_future/install/moveit_py/lib:/home/sazma/ws_future/install/moveit_hybrid_planning/lib:/home/sazma/ws_future/install/moveit_ros_planning_interface/lib:/home/sazma/ws_future/install/moveit_ros_benchmarks/lib:/home/sazma/ws_future/install/moveit_ros_warehouse/lib:/home/sazma/ws_future/install/moveit_ros_robot_interaction/lib:/home/sazma/ws_future/install/moveit_ros_perception/lib:/home/sazma/ws_future/install/moveit_ros_move_group/lib:/home/sazma/ws_future/install/moveit_planners_ompl/lib:/home/sazma/ws_future/install/moveit_kinematics/lib:/home/sazma/ws_future/install/moveit_ros_planning/lib:/home/sazma/ws_future/install/moveit_ros_occupancy_map_monitor/lib:/home/sazma/ws_future/install/moveit_resources_prbt_ikfast_manipulator_plugin/lib:/home/sazma/ws_future/install/moveit_planners_stomp/lib:/home/sazma/ws_future/install/moveit_planners_chomp/lib:/home/sazma/ws_future/install/moveit_chomp_optimizer_adapter/lib:/home/sazma/ws_future/install/chomp_motion_planner/lib:/home/sazma/ws_future/install/moveit_core/lib:/home/sazma/ws_future/install/kortex_driver/lib:/opt/ros/humble/opt/rviz_ogre_vendor/lib:/opt/ros/humble/lib/x86_64-linux-gnu:/opt/ros/humble/lib /usr/bin/cmake --install /home/sazma/ws_future/build/moveit_core
