[0.870s] Invoking command in '/home/sazma/ws_future/build/techman_robot_msgs': CMAKE_PREFIX_PATH=${CMAKE_PREFIX_PATH}:/home/sazma/ws_future/install/tm_mod_urdf:/home/sazma/ws_future/install/tm_get_status:/home/sazma/ws_future/install/moveit_configs_utils:/opt/ros/humble /usr/bin/cmake --build /home/sazma/ws_future/build/techman_robot_msgs -- -j12 -l12
[1.053s] [  9%] Built target techman_robot_msgs__rosidl_generator_c
[1.053s] [ 12%] Built target techman_robot_msgs__cpp
[1.053s] [ 12%] Built target ament_cmake_python_copy_techman_robot_msgs
[1.054s] [ 22%] Built target techman_robot_msgs__rosidl_typesupport_c
[1.054s] [ 32%] Built target techman_robot_msgs__rosidl_typesupport_introspection_c
[1.054s] [ 41%] Built target techman_robot_msgs__rosidl_typesupport_fastrtps_c
[1.054s] [ 51%] Built target techman_robot_msgs__rosidl_typesupport_fastrtps_cpp
[1.054s] [ 61%] Built target techman_robot_msgs__rosidl_typesupport_cpp
[1.054s] [ 70%] Built target techman_robot_msgs__rosidl_typesupport_introspection_cpp
[1.054s] [ 70%] Built target techman_robot_msgs
[1.055s] [ 74%] Built target techman_robot_msgs__py
[1.055s] [ 80%] Built target techman_robot_msgs__rosidl_generator_py
[1.079s] [ 93%] Built target techman_robot_msgs__rosidl_typesupport_c__pyext
[1.079s] [ 93%] Built target techman_robot_msgs__rosidl_typesupport_fastrtps_c__pyext
[1.080s] [100%] Built target techman_robot_msgs__rosidl_typesupport_introspection_c__pyext
[1.262s] running egg_info
[1.263s] writing techman_robot_msgs.egg-info/PKG-INFO
[1.263s] writing dependency_links to techman_robot_msgs.egg-info/dependency_links.txt
[1.263s] writing top-level names to techman_robot_msgs.egg-info/top_level.txt
[1.265s] reading manifest file 'techman_robot_msgs.egg-info/SOURCES.txt'
[1.266s] writing manifest file 'techman_robot_msgs.egg-info/SOURCES.txt'
[1.293s] [100%] Built target ament_cmake_python_build_techman_robot_msgs_egg
[1.959s] Invoked command in '/home/sazma/ws_future/build/techman_robot_msgs' returned '0': CMAKE_PREFIX_PATH=${CMAKE_PREFIX_PATH}:/home/sazma/ws_future/install/tm_mod_urdf:/home/sazma/ws_future/install/tm_get_status:/home/sazma/ws_future/install/moveit_configs_utils:/opt/ros/humble /usr/bin/cmake --build /home/sazma/ws_future/build/techman_robot_msgs -- -j12 -l12
[2.228s] Invoking command in '/home/sazma/ws_future/build/techman_robot_msgs': CMAKE_PREFIX_PATH=${CMAKE_PREFIX_PATH}:/home/sazma/ws_future/install/tm_mod_urdf:/home/sazma/ws_future/install/tm_get_status:/home/sazma/ws_future/install/moveit_configs_utils:/opt/ros/humble /usr/bin/cmake --install /home/sazma/ws_future/build/techman_robot_msgs
[2.288s] -- Install configuration: ""
[2.289s] -- Up-to-date: /home/sazma/ws_future/install/techman_robot_msgs/share/ament_index/resource_index/rosidl_interfaces/techman_robot_msgs
[2.289s] -- Up-to-date: /home/sazma/ws_future/install/techman_robot_msgs/include/techman_robot_msgs/techman_robot_msgs
[2.289s] -- Up-to-date: /home/sazma/ws_future/install/techman_robot_msgs/include/techman_robot_msgs/techman_robot_msgs/msg
[2.289s] -- Up-to-date: /home/sazma/ws_future/install/techman_robot_msgs/include/techman_robot_msgs/techman_robot_msgs/msg/rosidl_generator_c__visibility_control.h
[2.289s] -- Up-to-date: /home/sazma/ws_future/install/techman_robot_msgs/include/techman_robot_msgs/techman_robot_msgs/srv
[2.291s] -- Up-to-date: /home/sazma/ws_future/install/techman_robot_msgs/include/techman_robot_msgs/techman_robot_msgs/srv/detail
[2.291s] -- Up-to-date: /home/sazma/ws_future/install/techman_robot_msgs/include/techman_robot_msgs/techman_robot_msgs/srv/detail/techman_robot_command__functions.c
[2.291s] -- Up-to-date: /home/sazma/ws_future/install/techman_robot_msgs/include/techman_robot_msgs/techman_robot_msgs/srv/detail/techman_robot_command__struct.h
[2.291s] -- Up-to-date: /home/sazma/ws_future/install/techman_robot_msgs/include/techman_robot_msgs/techman_robot_msgs/srv/detail/techman_robot_command__type_support.h
[2.291s] -- Up-to-date: /home/sazma/ws_future/install/techman_robot_msgs/include/techman_robot_msgs/techman_robot_msgs/srv/detail/techman_robot_command__functions.h
[2.291s] -- Up-to-date: /home/sazma/ws_future/install/techman_robot_msgs/include/techman_robot_msgs/techman_robot_msgs/srv/techman_robot_command.h
[2.291s] -- Up-to-date: /home/sazma/ws_future/install/techman_robot_msgs/share/techman_robot_msgs/environment/library_path.sh
[2.291s] -- Up-to-date: /home/sazma/ws_future/install/techman_robot_msgs/share/techman_robot_msgs/environment/library_path.dsv
[2.292s] -- Up-to-date: /home/sazma/ws_future/install/techman_robot_msgs/lib/libtechman_robot_msgs__rosidl_generator_c.so
[2.292s] -- Up-to-date: /home/sazma/ws_future/install/techman_robot_msgs/include/techman_robot_msgs/techman_robot_msgs
[2.292s] -- Up-to-date: /home/sazma/ws_future/install/techman_robot_msgs/include/techman_robot_msgs/techman_robot_msgs/msg
[2.292s] -- Up-to-date: /home/sazma/ws_future/install/techman_robot_msgs/include/techman_robot_msgs/techman_robot_msgs/msg/rosidl_typesupport_fastrtps_c__visibility_control.h
[2.292s] -- Up-to-date: /home/sazma/ws_future/install/techman_robot_msgs/include/techman_robot_msgs/techman_robot_msgs/srv
[2.292s] -- Up-to-date: /home/sazma/ws_future/install/techman_robot_msgs/include/techman_robot_msgs/techman_robot_msgs/srv/detail
[2.292s] -- Up-to-date: /home/sazma/ws_future/install/techman_robot_msgs/include/techman_robot_msgs/techman_robot_msgs/srv/detail/techman_robot_command__rosidl_typesupport_fastrtps_c.h
[2.292s] -- Up-to-date: /home/sazma/ws_future/install/techman_robot_msgs/lib/libtechman_robot_msgs__rosidl_typesupport_fastrtps_c.so
[2.292s] -- Up-to-date: /home/sazma/ws_future/install/techman_robot_msgs/include/techman_robot_msgs/techman_robot_msgs
[2.292s] -- Up-to-date: /home/sazma/ws_future/install/techman_robot_msgs/include/techman_robot_msgs/techman_robot_msgs/msg
[2.292s] -- Up-to-date: /home/sazma/ws_future/install/techman_robot_msgs/include/techman_robot_msgs/techman_robot_msgs/msg/rosidl_typesupport_introspection_c__visibility_control.h
[2.292s] -- Up-to-date: /home/sazma/ws_future/install/techman_robot_msgs/include/techman_robot_msgs/techman_robot_msgs/srv
[2.292s] -- Up-to-date: /home/sazma/ws_future/install/techman_robot_msgs/include/techman_robot_msgs/techman_robot_msgs/srv/detail
[2.292s] -- Up-to-date: /home/sazma/ws_future/install/techman_robot_msgs/include/techman_robot_msgs/techman_robot_msgs/srv/detail/techman_robot_command__rosidl_typesupport_introspection_c.h
[2.292s] -- Up-to-date: /home/sazma/ws_future/install/techman_robot_msgs/include/techman_robot_msgs/techman_robot_msgs/srv/detail/techman_robot_command__type_support.c
[2.293s] -- Up-to-date: /home/sazma/ws_future/install/techman_robot_msgs/lib/libtechman_robot_msgs__rosidl_typesupport_introspection_c.so
[2.293s] -- Up-to-date: /home/sazma/ws_future/install/techman_robot_msgs/lib/libtechman_robot_msgs__rosidl_typesupport_c.so
[2.295s] -- Up-to-date: /home/sazma/ws_future/install/techman_robot_msgs/include/techman_robot_msgs/techman_robot_msgs
[2.295s] -- Up-to-date: /home/sazma/ws_future/install/techman_robot_msgs/include/techman_robot_msgs/techman_robot_msgs/srv
[2.295s] -- Up-to-date: /home/sazma/ws_future/install/techman_robot_msgs/include/techman_robot_msgs/techman_robot_msgs/srv/detail
[2.295s] -- Up-to-date: /home/sazma/ws_future/install/techman_robot_msgs/include/techman_robot_msgs/techman_robot_msgs/srv/detail/techman_robot_command__builder.hpp
[2.295s] -- Up-to-date: /home/sazma/ws_future/install/techman_robot_msgs/include/techman_robot_msgs/techman_robot_msgs/srv/detail/techman_robot_command__traits.hpp
[2.295s] -- Up-to-date: /home/sazma/ws_future/install/techman_robot_msgs/include/techman_robot_msgs/techman_robot_msgs/srv/detail/techman_robot_command__struct.hpp
[2.295s] -- Up-to-date: /home/sazma/ws_future/install/techman_robot_msgs/include/techman_robot_msgs/techman_robot_msgs/srv/techman_robot_command.hpp
[2.295s] -- Up-to-date: /home/sazma/ws_future/install/techman_robot_msgs/include/techman_robot_msgs/techman_robot_msgs
[2.296s] -- Up-to-date: /home/sazma/ws_future/install/techman_robot_msgs/include/techman_robot_msgs/techman_robot_msgs/msg
[2.296s] -- Up-to-date: /home/sazma/ws_future/install/techman_robot_msgs/include/techman_robot_msgs/techman_robot_msgs/msg/rosidl_typesupport_fastrtps_cpp__visibility_control.h
[2.296s] -- Up-to-date: /home/sazma/ws_future/install/techman_robot_msgs/include/techman_robot_msgs/techman_robot_msgs/srv
[2.296s] -- Up-to-date: /home/sazma/ws_future/install/techman_robot_msgs/include/techman_robot_msgs/techman_robot_msgs/srv/detail
[2.296s] -- Up-to-date: /home/sazma/ws_future/install/techman_robot_msgs/include/techman_robot_msgs/techman_robot_msgs/srv/detail/techman_robot_command__rosidl_typesupport_fastrtps_cpp.hpp
[2.296s] -- Up-to-date: /home/sazma/ws_future/install/techman_robot_msgs/include/techman_robot_msgs/techman_robot_msgs/srv/detail/dds_fastrtps
[2.300s] -- Up-to-date: /home/sazma/ws_future/install/techman_robot_msgs/lib/libtechman_robot_msgs__rosidl_typesupport_fastrtps_cpp.so
[2.301s] -- Up-to-date: /home/sazma/ws_future/install/techman_robot_msgs/include/techman_robot_msgs/techman_robot_msgs
[2.301s] -- Up-to-date: /home/sazma/ws_future/install/techman_robot_msgs/include/techman_robot_msgs/techman_robot_msgs/srv
[2.301s] -- Up-to-date: /home/sazma/ws_future/install/techman_robot_msgs/include/techman_robot_msgs/techman_robot_msgs/srv/detail
[2.301s] -- Up-to-date: /home/sazma/ws_future/install/techman_robot_msgs/include/techman_robot_msgs/techman_robot_msgs/srv/detail/techman_robot_command__type_support.cpp
[2.301s] -- Up-to-date: /home/sazma/ws_future/install/techman_robot_msgs/include/techman_robot_msgs/techman_robot_msgs/srv/detail/techman_robot_command__rosidl_typesupport_introspection_cpp.hpp
[2.301s] -- Up-to-date: /home/sazma/ws_future/install/techman_robot_msgs/lib/libtechman_robot_msgs__rosidl_typesupport_introspection_cpp.so
[2.302s] -- Up-to-date: /home/sazma/ws_future/install/techman_robot_msgs/lib/libtechman_robot_msgs__rosidl_typesupport_cpp.so
[2.305s] -- Up-to-date: /home/sazma/ws_future/install/techman_robot_msgs/share/techman_robot_msgs/environment/pythonpath.sh
[2.305s] -- Up-to-date: /home/sazma/ws_future/install/techman_robot_msgs/share/techman_robot_msgs/environment/pythonpath.dsv
[2.305s] -- Up-to-date: /home/sazma/ws_future/install/techman_robot_msgs/local/lib/python3.10/dist-packages/techman_robot_msgs-1.0.0-py3.10.egg-info
[2.305s] -- Installing: /home/sazma/ws_future/install/techman_robot_msgs/local/lib/python3.10/dist-packages/techman_robot_msgs-1.0.0-py3.10.egg-info/SOURCES.txt
[2.305s] -- Installing: /home/sazma/ws_future/install/techman_robot_msgs/local/lib/python3.10/dist-packages/techman_robot_msgs-1.0.0-py3.10.egg-info/dependency_links.txt
[2.306s] -- Installing: /home/sazma/ws_future/install/techman_robot_msgs/local/lib/python3.10/dist-packages/techman_robot_msgs-1.0.0-py3.10.egg-info/top_level.txt
[2.306s] -- Installing: /home/sazma/ws_future/install/techman_robot_msgs/local/lib/python3.10/dist-packages/techman_robot_msgs-1.0.0-py3.10.egg-info/PKG-INFO
[2.306s] -- Up-to-date: /home/sazma/ws_future/install/techman_robot_msgs/local/lib/python3.10/dist-packages/techman_robot_msgs
[2.306s] -- Up-to-date: /home/sazma/ws_future/install/techman_robot_msgs/local/lib/python3.10/dist-packages/techman_robot_msgs/__init__.py
[2.306s] -- Up-to-date: /home/sazma/ws_future/install/techman_robot_msgs/local/lib/python3.10/dist-packages/techman_robot_msgs/_techman_robot_msgs_s.ep.rosidl_typesupport_fastrtps_c.c
[2.306s] -- Up-to-date: /home/sazma/ws_future/install/techman_robot_msgs/local/lib/python3.10/dist-packages/techman_robot_msgs/libtechman_robot_msgs__rosidl_generator_py.so
[2.307s] -- Up-to-date: /home/sazma/ws_future/install/techman_robot_msgs/local/lib/python3.10/dist-packages/techman_robot_msgs/_techman_robot_msgs_s.ep.rosidl_typesupport_introspection_c.c
[2.307s] -- Up-to-date: /home/sazma/ws_future/install/techman_robot_msgs/local/lib/python3.10/dist-packages/techman_robot_msgs/techman_robot_msgs_s__rosidl_typesupport_c.cpython-310-x86_64-linux-gnu.so
[2.307s] -- Up-to-date: /home/sazma/ws_future/install/techman_robot_msgs/local/lib/python3.10/dist-packages/techman_robot_msgs/_techman_robot_msgs_s.ep.rosidl_typesupport_c.c
[2.307s] -- Up-to-date: /home/sazma/ws_future/install/techman_robot_msgs/local/lib/python3.10/dist-packages/techman_robot_msgs/techman_robot_msgs_s__rosidl_typesupport_introspection_c.cpython-310-x86_64-linux-gnu.so
[2.307s] -- Up-to-date: /home/sazma/ws_future/install/techman_robot_msgs/local/lib/python3.10/dist-packages/techman_robot_msgs/srv
[2.307s] -- Up-to-date: /home/sazma/ws_future/install/techman_robot_msgs/local/lib/python3.10/dist-packages/techman_robot_msgs/srv/__init__.py
[2.307s] -- Up-to-date: /home/sazma/ws_future/install/techman_robot_msgs/local/lib/python3.10/dist-packages/techman_robot_msgs/srv/_techman_robot_command.py
[2.307s] -- Up-to-date: /home/sazma/ws_future/install/techman_robot_msgs/local/lib/python3.10/dist-packages/techman_robot_msgs/srv/_techman_robot_command_s.c
[2.307s] -- Up-to-date: /home/sazma/ws_future/install/techman_robot_msgs/local/lib/python3.10/dist-packages/techman_robot_msgs/techman_robot_msgs_s__rosidl_typesupport_fastrtps_c.cpython-310-x86_64-linux-gnu.so
[2.349s] Listing '/home/sazma/ws_future/install/techman_robot_msgs/local/lib/python3.10/dist-packages/techman_robot_msgs'...
[2.349s] Listing '/home/sazma/ws_future/install/techman_robot_msgs/local/lib/python3.10/dist-packages/techman_robot_msgs/srv'...
[2.349s] -- Up-to-date: /home/sazma/ws_future/install/techman_robot_msgs/local/lib/python3.10/dist-packages/techman_robot_msgs/techman_robot_msgs_s__rosidl_typesupport_fastrtps_c.cpython-310-x86_64-linux-gnu.so
[2.349s] -- Up-to-date: /home/sazma/ws_future/install/techman_robot_msgs/local/lib/python3.10/dist-packages/techman_robot_msgs/techman_robot_msgs_s__rosidl_typesupport_introspection_c.cpython-310-x86_64-linux-gnu.so
[2.349s] -- Up-to-date: /home/sazma/ws_future/install/techman_robot_msgs/local/lib/python3.10/dist-packages/techman_robot_msgs/techman_robot_msgs_s__rosidl_typesupport_c.cpython-310-x86_64-linux-gnu.so
[2.349s] -- Up-to-date: /home/sazma/ws_future/install/techman_robot_msgs/lib/libtechman_robot_msgs__rosidl_generator_py.so
[2.349s] -- Up-to-date: /home/sazma/ws_future/install/techman_robot_msgs/share/techman_robot_msgs/srv/TechmanRobotCommand.idl
[2.349s] -- Up-to-date: /home/sazma/ws_future/install/techman_robot_msgs/share/techman_robot_msgs/srv/TechmanRobotCommand.srv
[2.349s] -- Up-to-date: /home/sazma/ws_future/install/techman_robot_msgs/share/techman_robot_msgs/srv/TechmanRobotCommand_Request.msg
[2.349s] -- Up-to-date: /home/sazma/ws_future/install/techman_robot_msgs/share/techman_robot_msgs/srv/TechmanRobotCommand_Response.msg
[2.350s] -- Up-to-date: /home/sazma/ws_future/install/techman_robot_msgs/share/ament_index/resource_index/package_run_dependencies/techman_robot_msgs
[2.350s] -- Up-to-date: /home/sazma/ws_future/install/techman_robot_msgs/share/ament_index/resource_index/parent_prefix_path/techman_robot_msgs
[2.350s] -- Up-to-date: /home/sazma/ws_future/install/techman_robot_msgs/share/techman_robot_msgs/environment/ament_prefix_path.sh
[2.350s] -- Up-to-date: /home/sazma/ws_future/install/techman_robot_msgs/share/techman_robot_msgs/environment/ament_prefix_path.dsv
[2.350s] -- Up-to-date: /home/sazma/ws_future/install/techman_robot_msgs/share/techman_robot_msgs/environment/path.sh
[2.350s] -- Up-to-date: /home/sazma/ws_future/install/techman_robot_msgs/share/techman_robot_msgs/environment/path.dsv
[2.350s] -- Up-to-date: /home/sazma/ws_future/install/techman_robot_msgs/share/techman_robot_msgs/local_setup.bash
[2.350s] -- Up-to-date: /home/sazma/ws_future/install/techman_robot_msgs/share/techman_robot_msgs/local_setup.sh
[2.350s] -- Up-to-date: /home/sazma/ws_future/install/techman_robot_msgs/share/techman_robot_msgs/local_setup.zsh
[2.350s] -- Up-to-date: /home/sazma/ws_future/install/techman_robot_msgs/share/techman_robot_msgs/local_setup.dsv
[2.350s] -- Installing: /home/sazma/ws_future/install/techman_robot_msgs/share/techman_robot_msgs/package.dsv
[2.351s] -- Up-to-date: /home/sazma/ws_future/install/techman_robot_msgs/share/ament_index/resource_index/packages/techman_robot_msgs
[2.351s] -- Up-to-date: /home/sazma/ws_future/install/techman_robot_msgs/share/techman_robot_msgs/cmake/export_techman_robot_msgs__rosidl_generator_cExport.cmake
[2.351s] -- Up-to-date: /home/sazma/ws_future/install/techman_robot_msgs/share/techman_robot_msgs/cmake/export_techman_robot_msgs__rosidl_generator_cExport-noconfig.cmake
[2.351s] -- Up-to-date: /home/sazma/ws_future/install/techman_robot_msgs/share/techman_robot_msgs/cmake/export_techman_robot_msgs__rosidl_typesupport_fastrtps_cExport.cmake
[2.351s] -- Up-to-date: /home/sazma/ws_future/install/techman_robot_msgs/share/techman_robot_msgs/cmake/export_techman_robot_msgs__rosidl_typesupport_fastrtps_cExport-noconfig.cmake
[2.351s] -- Up-to-date: /home/sazma/ws_future/install/techman_robot_msgs/share/techman_robot_msgs/cmake/techman_robot_msgs__rosidl_typesupport_introspection_cExport.cmake
[2.351s] -- Up-to-date: /home/sazma/ws_future/install/techman_robot_msgs/share/techman_robot_msgs/cmake/techman_robot_msgs__rosidl_typesupport_introspection_cExport-noconfig.cmake
[2.351s] -- Up-to-date: /home/sazma/ws_future/install/techman_robot_msgs/share/techman_robot_msgs/cmake/techman_robot_msgs__rosidl_typesupport_cExport.cmake
[2.351s] -- Up-to-date: /home/sazma/ws_future/install/techman_robot_msgs/share/techman_robot_msgs/cmake/techman_robot_msgs__rosidl_typesupport_cExport-noconfig.cmake
[2.351s] -- Up-to-date: /home/sazma/ws_future/install/techman_robot_msgs/share/techman_robot_msgs/cmake/export_techman_robot_msgs__rosidl_generator_cppExport.cmake
[2.351s] -- Up-to-date: /home/sazma/ws_future/install/techman_robot_msgs/share/techman_robot_msgs/cmake/export_techman_robot_msgs__rosidl_typesupport_fastrtps_cppExport.cmake
[2.351s] -- Up-to-date: /home/sazma/ws_future/install/techman_robot_msgs/share/techman_robot_msgs/cmake/export_techman_robot_msgs__rosidl_typesupport_fastrtps_cppExport-noconfig.cmake
[2.351s] -- Up-to-date: /home/sazma/ws_future/install/techman_robot_msgs/share/techman_robot_msgs/cmake/techman_robot_msgs__rosidl_typesupport_introspection_cppExport.cmake
[2.352s] -- Up-to-date: /home/sazma/ws_future/install/techman_robot_msgs/share/techman_robot_msgs/cmake/techman_robot_msgs__rosidl_typesupport_introspection_cppExport-noconfig.cmake
[2.352s] -- Up-to-date: /home/sazma/ws_future/install/techman_robot_msgs/share/techman_robot_msgs/cmake/techman_robot_msgs__rosidl_typesupport_cppExport.cmake
[2.352s] -- Up-to-date: /home/sazma/ws_future/install/techman_robot_msgs/share/techman_robot_msgs/cmake/techman_robot_msgs__rosidl_typesupport_cppExport-noconfig.cmake
[2.352s] -- Up-to-date: /home/sazma/ws_future/install/techman_robot_msgs/share/techman_robot_msgs/cmake/export_techman_robot_msgs__rosidl_generator_pyExport.cmake
[2.352s] -- Up-to-date: /home/sazma/ws_future/install/techman_robot_msgs/share/techman_robot_msgs/cmake/export_techman_robot_msgs__rosidl_generator_pyExport-noconfig.cmake
[2.352s] -- Up-to-date: /home/sazma/ws_future/install/techman_robot_msgs/share/techman_robot_msgs/cmake/rosidl_cmake-extras.cmake
[2.352s] -- Up-to-date: /home/sazma/ws_future/install/techman_robot_msgs/share/techman_robot_msgs/cmake/ament_cmake_export_include_directories-extras.cmake
[2.352s] -- Up-to-date: /home/sazma/ws_future/install/techman_robot_msgs/share/techman_robot_msgs/cmake/ament_cmake_export_libraries-extras.cmake
[2.352s] -- Up-to-date: /home/sazma/ws_future/install/techman_robot_msgs/share/techman_robot_msgs/cmake/ament_cmake_export_targets-extras.cmake
[2.352s] -- Up-to-date: /home/sazma/ws_future/install/techman_robot_msgs/share/techman_robot_msgs/cmake/rosidl_cmake_export_typesupport_targets-extras.cmake
[2.352s] -- Up-to-date: /home/sazma/ws_future/install/techman_robot_msgs/share/techman_robot_msgs/cmake/ament_cmake_export_dependencies-extras.cmake
[2.353s] -- Up-to-date: /home/sazma/ws_future/install/techman_robot_msgs/share/techman_robot_msgs/cmake/rosidl_cmake_export_typesupport_libraries-extras.cmake
[2.353s] -- Up-to-date: /home/sazma/ws_future/install/techman_robot_msgs/share/techman_robot_msgs/cmake/techman_robot_msgsConfig.cmake
[2.353s] -- Up-to-date: /home/sazma/ws_future/install/techman_robot_msgs/share/techman_robot_msgs/cmake/techman_robot_msgsConfig-version.cmake
[2.353s] -- Up-to-date: /home/sazma/ws_future/install/techman_robot_msgs/share/techman_robot_msgs/package.xml
[2.747s] Invoked command in '/home/sazma/ws_future/build/techman_robot_msgs' returned '0': CMAKE_PREFIX_PATH=${CMAKE_PREFIX_PATH}:/home/sazma/ws_future/install/tm_mod_urdf:/home/sazma/ws_future/install/tm_get_status:/home/sazma/ws_future/install/moveit_configs_utils:/opt/ros/humble /usr/bin/cmake --install /home/sazma/ws_future/build/techman_robot_msgs
