-- Install configuration: ""
-- Up-to-date: /home/sazma/ws_future/install/demo_tmr5_900/share/ament_index/resource_index/package_run_dependencies/demo_tmr5_900
-- Up-to-date: /home/sazma/ws_future/install/demo_tmr5_900/share/ament_index/resource_index/parent_prefix_path/demo_tmr5_900
-- Up-to-date: /home/sazma/ws_future/install/demo_tmr5_900/share/demo_tmr5_900/environment/ament_prefix_path.sh
-- Up-to-date: /home/sazma/ws_future/install/demo_tmr5_900/share/demo_tmr5_900/environment/ament_prefix_path.dsv
-- Up-to-date: /home/sazma/ws_future/install/demo_tmr5_900/share/demo_tmr5_900/environment/path.sh
-- Up-to-date: /home/sazma/ws_future/install/demo_tmr5_900/share/demo_tmr5_900/environment/path.dsv
-- Up-to-date: /home/sazma/ws_future/install/demo_tmr5_900/share/demo_tmr5_900/local_setup.bash
-- Up-to-date: /home/sazma/ws_future/install/demo_tmr5_900/share/demo_tmr5_900/local_setup.sh
-- Up-to-date: /home/sazma/ws_future/install/demo_tmr5_900/share/demo_tmr5_900/local_setup.zsh
-- Up-to-date: /home/sazma/ws_future/install/demo_tmr5_900/share/demo_tmr5_900/local_setup.dsv
-- Installing: /home/sazma/ws_future/install/demo_tmr5_900/share/demo_tmr5_900/package.dsv
-- Up-to-date: /home/sazma/ws_future/install/demo_tmr5_900/share/ament_index/resource_index/packages/demo_tmr5_900
-- Up-to-date: /home/sazma/ws_future/install/demo_tmr5_900/share/demo_tmr5_900/cmake/demo_tmr5_900Config.cmake
-- Up-to-date: /home/sazma/ws_future/install/demo_tmr5_900/share/demo_tmr5_900/cmake/demo_tmr5_900Config-version.cmake
-- Up-to-date: /home/sazma/ws_future/install/demo_tmr5_900/share/demo_tmr5_900/package.xml
-- Up-to-date: /home/sazma/ws_future/install/demo_tmr5_900/share/demo_tmr5_900/launch
-- Up-to-date: /home/sazma/ws_future/install/demo_tmr5_900/share/demo_tmr5_900/launch/demo.launch.py
-- Up-to-date: /home/sazma/ws_future/install/demo_tmr5_900/share/demo_tmr5_900/launch/move_group.launch.py
-- Up-to-date: /home/sazma/ws_future/install/demo_tmr5_900/share/demo_tmr5_900/launch/static_virtual_joint_tfs.launch.py
-- Up-to-date: /home/sazma/ws_future/install/demo_tmr5_900/share/demo_tmr5_900/launch/warehouse_db.launch.py
-- Up-to-date: /home/sazma/ws_future/install/demo_tmr5_900/share/demo_tmr5_900/launch/rsp.launch.py
-- Up-to-date: /home/sazma/ws_future/install/demo_tmr5_900/share/demo_tmr5_900/launch/moveit_rviz.launch.py
-- Up-to-date: /home/sazma/ws_future/install/demo_tmr5_900/share/demo_tmr5_900/launch/setup_assistant.launch.py
-- Up-to-date: /home/sazma/ws_future/install/demo_tmr5_900/share/demo_tmr5_900/launch/spawn_controllers.launch.py
-- Up-to-date: /home/sazma/ws_future/install/demo_tmr5_900/share/demo_tmr5_900/config
-- Up-to-date: /home/sazma/ws_future/install/demo_tmr5_900/share/demo_tmr5_900/config/pilz_cartesian_limits.yaml
-- Up-to-date: /home/sazma/ws_future/install/demo_tmr5_900/share/demo_tmr5_900/config/kinematics.yaml
-- Up-to-date: /home/sazma/ws_future/install/demo_tmr5_900/share/demo_tmr5_900/config/joint_limits.yaml
-- Up-to-date: /home/sazma/ws_future/install/demo_tmr5_900/share/demo_tmr5_900/config/tm5-900.urdf.xacro
-- Up-to-date: /home/sazma/ws_future/install/demo_tmr5_900/share/demo_tmr5_900/config/ros2_controllers.yaml
-- Up-to-date: /home/sazma/ws_future/install/demo_tmr5_900/share/demo_tmr5_900/config/initial_positions.yaml
-- Up-to-date: /home/sazma/ws_future/install/demo_tmr5_900/share/demo_tmr5_900/config/moveit.rviz
-- Up-to-date: /home/sazma/ws_future/install/demo_tmr5_900/share/demo_tmr5_900/config/tm5-900.srdf
-- Up-to-date: /home/sazma/ws_future/install/demo_tmr5_900/share/demo_tmr5_900/config/tm5-900.ros2_control.xacro
-- Up-to-date: /home/sazma/ws_future/install/demo_tmr5_900/share/demo_tmr5_900/config/moveit_controllers.yaml
-- Up-to-date: /home/sazma/ws_future/install/demo_tmr5_900/share/demo_tmr5_900/.setup_assistant
