running egg_info
writing ../../build/mpu_6050/mpu_6050.egg-info/PKG-INFO
writing dependency_links to ../../build/mpu_6050/mpu_6050.egg-info/dependency_links.txt
writing entry points to ../../build/mpu_6050/mpu_6050.egg-info/entry_points.txt
writing requirements to ../../build/mpu_6050/mpu_6050.egg-info/requires.txt
writing top-level names to ../../build/mpu_6050/mpu_6050.egg-info/top_level.txt
reading manifest file '../../build/mpu_6050/mpu_6050.egg-info/SOURCES.txt'
writing manifest file '../../build/mpu_6050/mpu_6050.egg-info/SOURCES.txt'
running build
running build_py
copying mpu_6050/publisher_node.py -> /home/sazma/ws_future/build/mpu_6050/build/lib/mpu_6050
running install
/home/sazma/.local/lib/python3.10/site-packages/setuptools/_distutils/cmd.py:66: SetuptoolsDeprecationWarning: setup.py install is deprecated.
!!

        ********************************************************************************
        Please avoid running ``setup.py`` directly.
        Instead, use pypa/build, pypa/installer or other
        standards-based tools.

        See https://blog.ganssle.io/articles/2021/10/setup-py-deprecated.html for details.
        ********************************************************************************

!!
  self.initialize_options()
running install_lib
copying /home/sazma/ws_future/build/mpu_6050/build/lib/mpu_6050/publisher_node.py -> /home/sazma/ws_future/install/mpu_6050/lib/python3.10/site-packages/mpu_6050
byte-compiling /home/sazma/ws_future/install/mpu_6050/lib/python3.10/site-packages/mpu_6050/publisher_node.py to publisher_node.cpython-310.pyc
running install_data
copying package.xml -> /home/sazma/ws_future/install/mpu_6050/share/mpu_6050
running install_egg_info
removing '/home/sazma/ws_future/install/mpu_6050/lib/python3.10/site-packages/mpu_6050-0.0.0-py3.10.egg-info' (and everything under it)
Copying ../../build/mpu_6050/mpu_6050.egg-info to /home/sazma/ws_future/install/mpu_6050/lib/python3.10/site-packages/mpu_6050-0.0.0-py3.10.egg-info
running install_scripts
Installing publisher_node script to /home/sazma/ws_future/install/mpu_6050/lib/mpu_6050
writing list of installed files to '/home/sazma/ws_future/build/mpu_6050/install.log'
