[0.734s] Invoking command in '/home/sazma/ws_future/build/moveit_resources_prbt_support': CMAKE_PREFIX_PATH=${CMAKE_PREFIX_PATH}:/home/sazma/ws_future/install/tm_mod_urdf:/home/sazma/ws_future/install/tm_get_status:/home/sazma/ws_future/install/moveit_configs_utils:/opt/ros/humble /usr/bin/cmake --build /home/sazma/ws_future/build/moveit_resources_prbt_support -- -j12 -l12
[0.807s] Invoked command in '/home/sazma/ws_future/build/moveit_resources_prbt_support' returned '0': CMAKE_PREFIX_PATH=${CMAKE_PREFIX_PATH}:/home/sazma/ws_future/install/tm_mod_urdf:/home/sazma/ws_future/install/tm_get_status:/home/sazma/ws_future/install/moveit_configs_utils:/opt/ros/humble /usr/bin/cmake --build /home/sazma/ws_future/build/moveit_resources_prbt_support -- -j12 -l12
[0.896s] Invoking command in '/home/sazma/ws_future/build/moveit_resources_prbt_support': CMAKE_PREFIX_PATH=${CMAKE_PREFIX_PATH}:/home/sazma/ws_future/install/tm_mod_urdf:/home/sazma/ws_future/install/tm_get_status:/home/sazma/ws_future/install/moveit_configs_utils:/opt/ros/humble /usr/bin/cmake --install /home/sazma/ws_future/build/moveit_resources_prbt_support
[0.942s] -- Install configuration: ""
[0.942s] -- Up-to-date: /home/sazma/ws_future/install/moveit_resources_prbt_support/share/ament_index/resource_index/package_run_dependencies/moveit_resources_prbt_support
[0.943s] -- Up-to-date: /home/sazma/ws_future/install/moveit_resources_prbt_support/share/ament_index/resource_index/parent_prefix_path/moveit_resources_prbt_support
[0.943s] -- Up-to-date: /home/sazma/ws_future/install/moveit_resources_prbt_support/share/moveit_resources_prbt_support/environment/ament_prefix_path.sh
[0.944s] -- Up-to-date: /home/sazma/ws_future/install/moveit_resources_prbt_support/share/moveit_resources_prbt_support/environment/ament_prefix_path.dsv
[0.944s] -- Up-to-date: /home/sazma/ws_future/install/moveit_resources_prbt_support/share/moveit_resources_prbt_support/environment/path.sh
[0.945s] -- Up-to-date: /home/sazma/ws_future/install/moveit_resources_prbt_support/share/moveit_resources_prbt_support/environment/path.dsv
[0.945s] -- Up-to-date: /home/sazma/ws_future/install/moveit_resources_prbt_support/share/moveit_resources_prbt_support/local_setup.bash
[0.945s] -- Up-to-date: /home/sazma/ws_future/install/moveit_resources_prbt_support/share/moveit_resources_prbt_support/local_setup.sh
[0.946s] -- Up-to-date: /home/sazma/ws_future/install/moveit_resources_prbt_support/share/moveit_resources_prbt_support/local_setup.zsh
[0.946s] -- Up-to-date: /home/sazma/ws_future/install/moveit_resources_prbt_support/share/moveit_resources_prbt_support/local_setup.dsv
[0.946s] -- Installing: /home/sazma/ws_future/install/moveit_resources_prbt_support/share/moveit_resources_prbt_support/package.dsv
[0.946s] -- Up-to-date: /home/sazma/ws_future/install/moveit_resources_prbt_support/share/ament_index/resource_index/packages/moveit_resources_prbt_support
[0.946s] -- Up-to-date: /home/sazma/ws_future/install/moveit_resources_prbt_support/share/moveit_resources_prbt_support/cmake/moveit_resources_prbt_supportConfig.cmake
[0.947s] -- Up-to-date: /home/sazma/ws_future/install/moveit_resources_prbt_support/share/moveit_resources_prbt_support/cmake/moveit_resources_prbt_supportConfig-version.cmake
[0.947s] -- Up-to-date: /home/sazma/ws_future/install/moveit_resources_prbt_support/share/moveit_resources_prbt_support/package.xml
[0.947s] -- Up-to-date: /home/sazma/ws_future/install/moveit_resources_prbt_support/share/moveit_resources_prbt_support/urdf
[0.947s] -- Up-to-date: /home/sazma/ws_future/install/moveit_resources_prbt_support/share/moveit_resources_prbt_support/urdf/simple_gripper_brackets.urdf.xacro
[0.948s] -- Up-to-date: /home/sazma/ws_future/install/moveit_resources_prbt_support/share/moveit_resources_prbt_support/urdf/prbt.xacro
[0.948s] -- Up-to-date: /home/sazma/ws_future/install/moveit_resources_prbt_support/share/moveit_resources_prbt_support/urdf/prbt.ros2_control.xacro
[0.948s] -- Up-to-date: /home/sazma/ws_future/install/moveit_resources_prbt_support/share/moveit_resources_prbt_support/urdf/prbt_macro.xacro
[0.948s] -- Up-to-date: /home/sazma/ws_future/install/moveit_resources_prbt_support/share/moveit_resources_prbt_support/meshes
[0.948s] -- Up-to-date: /home/sazma/ws_future/install/moveit_resources_prbt_support/share/moveit_resources_prbt_support/meshes/link_5.stl
[0.948s] -- Up-to-date: /home/sazma/ws_future/install/moveit_resources_prbt_support/share/moveit_resources_prbt_support/meshes/link_2.dae
[0.948s] -- Up-to-date: /home/sazma/ws_future/install/moveit_resources_prbt_support/share/moveit_resources_prbt_support/meshes/link_3.stl
[0.948s] -- Up-to-date: /home/sazma/ws_future/install/moveit_resources_prbt_support/share/moveit_resources_prbt_support/meshes/link_2.stl
[0.949s] -- Up-to-date: /home/sazma/ws_future/install/moveit_resources_prbt_support/share/moveit_resources_prbt_support/meshes/link_4.dae
[0.949s] -- Up-to-date: /home/sazma/ws_future/install/moveit_resources_prbt_support/share/moveit_resources_prbt_support/meshes/link_1.dae
[0.949s] -- Up-to-date: /home/sazma/ws_future/install/moveit_resources_prbt_support/share/moveit_resources_prbt_support/meshes/link_1.stl
[0.949s] -- Up-to-date: /home/sazma/ws_future/install/moveit_resources_prbt_support/share/moveit_resources_prbt_support/meshes/foot.stl
[0.949s] -- Up-to-date: /home/sazma/ws_future/install/moveit_resources_prbt_support/share/moveit_resources_prbt_support/meshes/link_4.stl
[0.949s] -- Up-to-date: /home/sazma/ws_future/install/moveit_resources_prbt_support/share/moveit_resources_prbt_support/meshes/foot.dae
[0.949s] -- Up-to-date: /home/sazma/ws_future/install/moveit_resources_prbt_support/share/moveit_resources_prbt_support/meshes/link_3.dae
[0.949s] -- Up-to-date: /home/sazma/ws_future/install/moveit_resources_prbt_support/share/moveit_resources_prbt_support/meshes/flange.dae
[0.950s] -- Up-to-date: /home/sazma/ws_future/install/moveit_resources_prbt_support/share/moveit_resources_prbt_support/meshes/flange.stl
[0.950s] -- Up-to-date: /home/sazma/ws_future/install/moveit_resources_prbt_support/share/moveit_resources_prbt_support/meshes/link_5.dae
[0.950s] -- Up-to-date: /home/sazma/ws_future/install/moveit_resources_prbt_support/share/moveit_resources_prbt_support/config
[0.950s] -- Up-to-date: /home/sazma/ws_future/install/moveit_resources_prbt_support/share/moveit_resources_prbt_support/config/manipulator_driver.yaml
[0.950s] -- Up-to-date: /home/sazma/ws_future/install/moveit_resources_prbt_support/share/moveit_resources_prbt_support/config/prbt_0_1.dcf
[0.950s] -- Up-to-date: /home/sazma/ws_future/install/moveit_resources_prbt_support/share/moveit_resources_prbt_support/config/manipulator_controller.yaml
[1.228s] Invoked command in '/home/sazma/ws_future/build/moveit_resources_prbt_support' returned '0': CMAKE_PREFIX_PATH=${CMAKE_PREFIX_PATH}:/home/sazma/ws_future/install/tm_mod_urdf:/home/sazma/ws_future/install/tm_get_status:/home/sazma/ws_future/install/moveit_configs_utils:/opt/ros/humble /usr/bin/cmake --install /home/sazma/ws_future/build/moveit_resources_prbt_support
