[0.876s] Invoking command in '/home/sazma/ws_future/src/mpu_6050': PYTHONPATH=/home/sazma/ws_future/build/mpu_6050/prefix_override:/home/sazma/ws_future/install/mpu_6050/lib/python3.10/site-packages:${PYTHONPATH} /usr/bin/python3 setup.py egg_info --egg-base ../../build/mpu_6050 build --build-base /home/sazma/ws_future/build/mpu_6050/build install --record /home/sazma/ws_future/build/mpu_6050/install.log --single-version-externally-managed
[1.113s] running egg_info
[1.114s] writing ../../build/mpu_6050/mpu_6050.egg-info/PKG-INFO
[1.114s] writing dependency_links to ../../build/mpu_6050/mpu_6050.egg-info/dependency_links.txt
[1.114s] writing entry points to ../../build/mpu_6050/mpu_6050.egg-info/entry_points.txt
[1.114s] writing requirements to ../../build/mpu_6050/mpu_6050.egg-info/requires.txt
[1.114s] writing top-level names to ../../build/mpu_6050/mpu_6050.egg-info/top_level.txt
[1.116s] reading manifest file '../../build/mpu_6050/mpu_6050.egg-info/SOURCES.txt'
[1.116s] writing manifest file '../../build/mpu_6050/mpu_6050.egg-info/SOURCES.txt'
[1.116s] running build
[1.116s] running build_py
[1.117s] running install
[1.117s] /usr/lib/python3/dist-packages/setuptools/command/install.py:34: SetuptoolsDeprecationWarning: setup.py install is deprecated. Use build and pip and other standards-based tools.
[1.117s]   warnings.warn(
[1.117s] running install_lib
[1.118s] running install_egg_info
[1.119s] removing '/home/sazma/ws_future/install/mpu_6050/lib/python3.10/site-packages/mpu_6050-0.0.1-py3.10.egg-info' (and everything under it)
[1.120s] Copying ../../build/mpu_6050/mpu_6050.egg-info to /home/sazma/ws_future/install/mpu_6050/lib/python3.10/site-packages/mpu_6050-0.0.1-py3.10.egg-info
[1.120s] running install_scripts
[1.140s] Installing publisher_node script to /home/sazma/ws_future/install/mpu_6050/bin
[1.140s] writing list of installed files to '/home/sazma/ws_future/build/mpu_6050/install.log'
[1.158s] Invoked command in '/home/sazma/ws_future/src/mpu_6050' returned '0': PYTHONPATH=/home/sazma/ws_future/build/mpu_6050/prefix_override:/home/sazma/ws_future/install/mpu_6050/lib/python3.10/site-packages:${PYTHONPATH} /usr/bin/python3 setup.py egg_info --egg-base ../../build/mpu_6050 build --build-base /home/sazma/ws_future/build/mpu_6050/build install --record /home/sazma/ws_future/build/mpu_6050/install.log --single-version-externally-managed
