[0.528s] Invoking command in '/home/sazma/ws_future/build/moveit_ros_visualization': AMENT_PREFIX_PATH=/home/sazma/ws_future/install/moveit_ros_planning_interface:/home/sazma/ws_future/install/moveit_ros_move_group:/home/sazma/ws_future/install/moveit_ros_warehouse:/home/sazma/ws_future/install/moveit_ros_robot_interaction:/home/sazma/ws_future/install/moveit_kinematics:/home/sazma/ws_future/install/moveit_ros_planning:/home/sazma/ws_future/install/moveit_ros_occupancy_map_monitor:/home/sazma/ws_future/install/moveit_core:/home/sazma/ws_future/install/moveit_msgs:/home/sazma/ws_future/install/moveit_common:${AMENT_PREFIX_PATH} CMAKE_PREFIX_PATH=/home/sazma/ws_future/install/moveit_ros_planning_interface:/home/sazma/ws_future/install/moveit_ros_move_group:/home/sazma/ws_future/install/moveit_ros_warehouse:/home/sazma/ws_future/install/moveit_ros_robot_interaction:/home/sazma/ws_future/install/moveit_kinematics:/home/sazma/ws_future/install/moveit_ros_planning:/home/sazma/ws_future/install/moveit_ros_occupancy_map_monitor:/home/sazma/ws_future/install/moveit_core:/home/sazma/ws_future/install/moveit_msgs:/home/sazma/ws_future/install/moveit_common:/home/sazma/ws_future/install/ui_for_debug_and_demo:/home/sazma/ws_future/install/tm_driver:/home/sazma/ws_future/install/demo:/home/sazma/ws_future/install/tm_msgs:/home/sazma/ws_future/install/tm_moveit_cpp_demo:/home/sazma/ws_future/install/tm_moveit_config_tm5x-900:/home/sazma/ws_future/install/tm_moveit_config_tm5x-700:/home/sazma/ws_future/install/tm_moveit_config_tm5-900:/home/sazma/ws_future/install/tm_moveit_config_tm5-700:/home/sazma/ws_future/install/tm_moveit_config_tm14x:/home/sazma/ws_future/install/tm_moveit_config_tm14:/home/sazma/ws_future/install/tm_moveit_config_tm12x:/home/sazma/ws_future/install/tm_moveit_config_tm12:/home/sazma/ws_future/install/tm_description:/home/sazma/ws_future/install/custom_package:/home/sazma/ws_future/install/techman_robot_msgs:/home/sazma/ws_tm/install/ui_for_debug_and_demo:/home/sazma/ws_tm/install/tm_driver:/home/sazma/ws_tm/install/demo:/home/sazma/ws_tm/install/tm_msgs:/home/sazma/ws_tm/install/tm_moveit_cpp_demo:/home/sazma/ws_tm/install/tm_moveit_config_tm5x-900:/home/sazma/ws_tm/install/tm_moveit_config_tm5x-700:/home/sazma/ws_tm/install/tm_moveit_config_tm5-900:/home/sazma/ws_tm/install/tm_moveit_config_tm5-700:/home/sazma/ws_tm/install/tm_moveit_config_tm14x:/home/sazma/ws_tm/install/tm_moveit_config_tm14:/home/sazma/ws_tm/install/tm_moveit_config_tm12x:/home/sazma/ws_tm/install/tm_moveit_config_tm12:/home/sazma/ws_tm/install/tm_description:/home/sazma/ws_tm/install/custom_package:/home/sazma/ws_tm/install/techman_robot_msgs:/home/sazma/ws_future/install/tm_mod_urdf:/home/sazma/ws_future/install/tm_get_status:/home/sazma/ws_tm/install/tm_mod_urdf:/home/sazma/ws_tm/install/tm_get_status:/opt/ros/humble LD_LIBRARY_PATH=/home/sazma/ws_future/install/moveit_ros_planning_interface/lib:/home/sazma/ws_future/install/moveit_ros_move_group/lib:/home/sazma/ws_future/install/moveit_ros_warehouse/lib:/home/sazma/ws_future/install/moveit_ros_robot_interaction/lib:/home/sazma/ws_future/install/moveit_kinematics/lib:/home/sazma/ws_future/install/moveit_ros_planning/lib:/home/sazma/ws_future/install/moveit_ros_occupancy_map_monitor/lib:/home/sazma/ws_future/install/moveit_core/lib:/home/sazma/ws_future/install/moveit_msgs/lib:${LD_LIBRARY_PATH} PATH=/home/sazma/ws_future/install/moveit_core/bin:${PATH} PYTHONPATH=/home/sazma/ws_future/install/moveit_msgs/local/lib/python3.10/dist-packages:${PYTHONPATH} /usr/bin/cmake /home/sazma/ws_future/src/moveit2/moveit_ros/visualization -DCMAKE_INSTALL_PREFIX=/home/sazma/ws_future/install/moveit_ros_visualization
[0.602s] -- The CXX compiler identification is GNU 11.4.0
[0.609s] -- Detecting CXX compiler ABI info
[0.691s] -- Detecting CXX compiler ABI info - done
[0.698s] -- Check for working CXX compiler: /usr/bin/c++ - skipped
[0.698s] -- Detecting CXX compile features
[0.698s] -- Detecting CXX compile features - done
[0.700s] -- Found moveit_common: 2.8.0 (/home/sazma/ws_future/install/moveit_common/share/moveit_common/cmake)
[0.706s] -- Found ament_cmake: 1.3.5 (/opt/ros/humble/share/ament_cmake/cmake)
[0.917s] -- Found Python3: /usr/bin/python3.10 (found version "3.10.12") found components: Interpreter 
[1.120s] -- Found libdw: /usr/lib/x86_64-linux-gnu/libdw.so  
[1.126s] -- Could NOT find libbfd (missing: LIBBFD_LIBRARY LIBBFD_INCLUDE_DIR) 
[1.126s] -- BACKWARD_HAS_UNWIND=1
[1.126s] -- BACKWARD_HAS_BACKTRACE=0
[1.127s] -- BACKWARD_HAS_BACKTRACE_SYMBOL=0
[1.127s] -- BACKWARD_HAS_DW=1
[1.127s] -- BACKWARD_HAS_BFD=0
[1.127s] -- Found Backward: /opt/ros/humble/share/backward_ros/cmake  
[1.127s] [0mmoveit_ros_visualization: You did not request a specific build type: Choosing 'Release' for maximum performance[0m
[1.131s] -- Found class_loader: 2.2.0 (/opt/ros/humble/share/class_loader/cmake)
[1.157s] -- Found geometric_shapes: 2.1.3 (/opt/ros/humble/share/geometric_shapes/cmake)
[1.173s] -- Found Boost: /usr/lib/x86_64-linux-gnu/cmake/Boost-1.74.0/BoostConfig.cmake (found version "1.74.0") found components: filesystem 
[1.251s] -- Found rosidl_generator_c: 3.1.5 (/opt/ros/humble/share/rosidl_generator_c/cmake)
[1.261s] -- Found rosidl_adapter: 3.1.5 (/opt/ros/humble/share/rosidl_adapter/cmake)
[1.274s] -- Found rosidl_generator_cpp: 3.1.5 (/opt/ros/humble/share/rosidl_generator_cpp/cmake)
[1.296s] -- Using all available rosidl_typesupport_c: rosidl_typesupport_fastrtps_c;rosidl_typesupport_introspection_c
[1.319s] -- Using all available rosidl_typesupport_cpp: rosidl_typesupport_fastrtps_cpp;rosidl_typesupport_introspection_cpp
[1.556s] -- Found rmw_implementation_cmake: 6.1.1 (/opt/ros/humble/share/rmw_implementation_cmake/cmake)
[1.563s] -- Found rmw_fastrtps_cpp: 6.2.4 (/opt/ros/humble/share/rmw_fastrtps_cpp/cmake)
[1.674s] -- Found OpenSSL: /usr/lib/x86_64-linux-gnu/libcrypto.so (found version "3.0.2")  
[1.700s] -- Found FastRTPS: /opt/ros/humble/include  
[1.755s] -- Using RMW implementation 'rmw_fastrtps_cpp' as default
[1.772s] -- Looking for C++ include pthread.h
[1.884s] -- Looking for C++ include pthread.h - found
[1.884s] -- Performing Test CMAKE_HAVE_LIBC_PTHREAD
[1.986s] -- Performing Test CMAKE_HAVE_LIBC_PTHREAD - Success
[1.987s] -- Found Threads: TRUE  
[2.202s] -- library: /usr/lib/x86_64-linux-gnu/libcurl.so
[2.519s] -- Found interactive_markers: 2.3.2 (/opt/ros/humble/share/interactive_markers/cmake)
[2.542s] -- Found moveit_ros_planning: 2.8.0 (/home/sazma/ws_future/install/moveit_ros_planning/share/moveit_ros_planning/cmake)
[2.575s] -- Found Boost: /usr/lib/x86_64-linux-gnu/cmake/Boost-1.74.0/BoostConfig.cmake (found version "1.74.0") found components: system filesystem date_time program_options thread chrono 
[2.609s] -- Found parameter_traits: 0.3.6 (/opt/ros/humble/share/parameter_traits/cmake)
[2.639s] -- Found rclcpp_lifecycle: 16.0.6 (/opt/ros/humble/share/rclcpp_lifecycle/cmake)
[3.167s] -- Found Boost: /usr/lib/x86_64-linux-gnu/cmake/Boost-1.74.0/BoostConfig.cmake (found version "1.74.0") found components: chrono date_time filesystem iostreams program_options regex serialization system thread 
[3.227s] -- Found Eigen3: TRUE (found version "3.4.0") 
[3.227s] -- Ensuring Eigen3 include directory is part of orocos-kdl CMake target
[4.689s] -- Found moveit_ros_planning_interface: 2.8.0 (/home/sazma/ws_future/install/moveit_ros_planning_interface/share/moveit_ros_planning_interface/cmake)
[4.694s] -- Found Boost: /usr/lib/x86_64-linux-gnu/cmake/Boost-1.74.0/BoostConfig.cmake (found version "1.74.0") found components: date_time filesystem program_options system thread 
[4.946s] -- Found Boost: /usr/lib/x86_64-linux-gnu/cmake/Boost-1.74.0/BoostConfig.cmake (found version "1.74.0") found components: thread system filesystem regex date_time program_options 
[5.230s] -- Found Boost: /usr/lib/x86_64-linux-gnu/cmake/Boost-1.74.0/BoostConfig.cmake (found version "1.74.0") found components: system filesystem date_time program_options thread 
[5.568s] -- Found moveit_ros_robot_interaction: 2.8.0 (/home/sazma/ws_future/install/moveit_ros_robot_interaction/share/moveit_ros_robot_interaction/cmake)
[5.746s] -- Found rclpy: 3.3.10 (/opt/ros/humble/share/rclpy/cmake)
[5.750s] -- Found rviz2: 11.2.8 (/opt/ros/humble/share/rviz2/cmake)
[5.763s] -- Found rviz_common: 11.2.8 (/opt/ros/humble/share/rviz_common/cmake)
[5.849s] -- Setting OGRE_DIR to: '/opt/ros/humble/share/rviz_ogre_vendor/cmake/../../../opt/rviz_ogre_vendor/lib/OGRE/cmake'
[5.852s] -- Found OGRE
[5.852s] --   static     : OFF
[5.852s] --   components : HLMS;MeshLodGenerator;Overlay;Paging;Property;RTShaderSystem;Terrain;Volume
[5.852s] --   plugins    : Plugin_BSPSceneManager;Plugin_OctreeSceneManager;Plugin_PCZSceneManager;Plugin_ParticleFX;RenderSystem_GL;RenderSystem_GL3Plus;Codec_STBI
[5.852s] --   media      : /opt/ros/humble/opt/rviz_ogre_vendor/share/OGRE/Media
[5.852s] -- OGRE_LIBRARIES: OgreHLMS;OgreMeshLodGenerator;OgreOverlay;OgrePaging;OgreProperty;OgreRTShaderSystem;OgreTerrain;OgreVolume;OgreMain
[5.852s] -- OGRE_LIBRARY_DIRS: /opt/ros/humble/opt/rviz_ogre_vendor/lib
[5.852s] -- OGRE_PLUGINS: Plugin_BSPSceneManager;Plugin_OctreeSceneManager;Plugin_PCZSceneManager;Plugin_ParticleFX;RenderSystem_GL;RenderSystem_GL3Plus;Codec_STBI
[5.853s] -- OGRE_PLUGIN_DIR: /opt/ros/humble/opt/rviz_ogre_vendor/lib/OGRE
[5.853s] -- rviz_ogre_vendor::OgreOverlay for IMPORTED_LOCATION_RELEASE: /opt/ros/humble/opt/rviz_ogre_vendor/lib/libOgreOverlay.so
[5.853s] -- rviz_ogre_vendor::OgreOverlay for IMPORTED_LOCATION_DEBUG: /opt/ros/humble/opt/rviz_ogre_vendor/lib/libOgreOverlay.so
[5.853s] -- rviz_ogre_vendor::OgreMain for IMPORTED_LOCATION_RELEASE: /opt/ros/humble/opt/rviz_ogre_vendor/lib/libOgreMain.so
[5.853s] -- rviz_ogre_vendor::OgreMain for IMPORTED_LOCATION_DEBUG: /opt/ros/humble/opt/rviz_ogre_vendor/lib/libOgreMain.so
[5.898s] -- Found ZLIB: /usr/lib/x86_64-linux-gnu/libz.so (found version "1.2.11") 
[5.914s] -- Found OpenGL: /usr/lib/x86_64-linux-gnu/libOpenGL.so   
[6.108s] -- Found X11: /usr/include   
[6.109s] -- Looking for XOpenDisplay in /usr/lib/x86_64-linux-gnu/libX11.so;/usr/lib/x86_64-linux-gnu/libXext.so
[6.507s] -- Looking for XOpenDisplay in /usr/lib/x86_64-linux-gnu/libX11.so;/usr/lib/x86_64-linux-gnu/libXext.so - found
[6.508s] -- Looking for gethostbyname
[6.991s] -- Looking for gethostbyname - found
[6.991s] -- Looking for connect
[7.527s] -- Looking for connect - found
[7.527s] -- Looking for remove
[8.009s] -- Looking for remove - found
[8.009s] -- Looking for shmat
[8.526s] -- Looking for shmat - found
[8.534s] -- Looking for IceConnectionNumber in ICE
[9.135s] -- Looking for IceConnectionNumber in ICE - found
[9.140s] -- rviz_ogre_vendor::RenderSystem_GL for IMPORTED_LOCATION_RELEASE: _render_system_gl_static_library_abs-NOTFOUND
[9.140s] -- rviz_ogre_vendor::RenderSystem_GL for IMPORTED_LOCATION_DEBUG: _render_system_gl_static_library_abs-NOTFOUND
[9.444s] -- Found rviz_default_plugins: 11.2.8 (/opt/ros/humble/share/rviz_default_plugins/cmake)
[11.400s] -- Found Boost: /usr/lib/x86_64-linux-gnu/cmake/Boost-1.74.0/BoostConfig.cmake (found version "1.74.0") found components: thread date_time system filesystem 
[11.645s] -- Performing Test COMPILER_HAS_HIDDEN_VISIBILITY
[12.260s] -- Performing Test COMPILER_HAS_HIDDEN_VISIBILITY - Success
[12.261s] -- Performing Test COMPILER_HAS_HIDDEN_INLINE_VISIBILITY
[12.823s] -- Performing Test COMPILER_HAS_HIDDEN_INLINE_VISIBILITY - Success
[12.824s] -- Performing Test COMPILER_HAS_DEPRECATED_ATTR
[13.027s] -- Performing Test COMPILER_HAS_DEPRECATED_ATTR - Success
[13.170s] -- Found ament_lint_auto: 0.12.8 (/opt/ros/humble/share/ament_lint_auto/cmake)
[13.289s] -- Added test 'cppcheck' to perform static code analysis on C / C++ code
[13.314s] -- Configured cppcheck include dirs: /home/sazma/ws_future/src/moveit2/moveit_ros/visualization/rviz_plugin_render_tools/include;/home/sazma/ws_future/src/moveit2/moveit_ros/visualization/robot_state_rviz_plugin/include;/home/sazma/ws_future/src/moveit2/moveit_ros/visualization/planning_scene_rviz_plugin/include;/home/sazma/ws_future/src/moveit2/moveit_ros/visualization/motion_planning_rviz_plugin/include;/home/sazma/ws_future/src/moveit2/moveit_ros/visualization/trajectory_rviz_plugin/include
[13.314s] -- Configured cppcheck exclude dirs and/or files: 
[13.317s] -- Added test 'lint_cmake' to check CMake code style
[13.320s] -- Added test 'xmllint' to check XML markup files
[13.350s] -- Configuring done
[14.979s] -- Generating done
[15.010s] -- Build files have been written to: /home/sazma/ws_future/build/moveit_ros_visualization
[15.118s] Invoked command in '/home/sazma/ws_future/build/moveit_ros_visualization' returned '0': AMENT_PREFIX_PATH=/home/sazma/ws_future/install/moveit_ros_planning_interface:/home/sazma/ws_future/install/moveit_ros_move_group:/home/sazma/ws_future/install/moveit_ros_warehouse:/home/sazma/ws_future/install/moveit_ros_robot_interaction:/home/sazma/ws_future/install/moveit_kinematics:/home/sazma/ws_future/install/moveit_ros_planning:/home/sazma/ws_future/install/moveit_ros_occupancy_map_monitor:/home/sazma/ws_future/install/moveit_core:/home/sazma/ws_future/install/moveit_msgs:/home/sazma/ws_future/install/moveit_common:${AMENT_PREFIX_PATH} CMAKE_PREFIX_PATH=/home/sazma/ws_future/install/moveit_ros_planning_interface:/home/sazma/ws_future/install/moveit_ros_move_group:/home/sazma/ws_future/install/moveit_ros_warehouse:/home/sazma/ws_future/install/moveit_ros_robot_interaction:/home/sazma/ws_future/install/moveit_kinematics:/home/sazma/ws_future/install/moveit_ros_planning:/home/sazma/ws_future/install/moveit_ros_occupancy_map_monitor:/home/sazma/ws_future/install/moveit_core:/home/sazma/ws_future/install/moveit_msgs:/home/sazma/ws_future/install/moveit_common:/home/sazma/ws_future/install/ui_for_debug_and_demo:/home/sazma/ws_future/install/tm_driver:/home/sazma/ws_future/install/demo:/home/sazma/ws_future/install/tm_msgs:/home/sazma/ws_future/install/tm_moveit_cpp_demo:/home/sazma/ws_future/install/tm_moveit_config_tm5x-900:/home/sazma/ws_future/install/tm_moveit_config_tm5x-700:/home/sazma/ws_future/install/tm_moveit_config_tm5-900:/home/sazma/ws_future/install/tm_moveit_config_tm5-700:/home/sazma/ws_future/install/tm_moveit_config_tm14x:/home/sazma/ws_future/install/tm_moveit_config_tm14:/home/sazma/ws_future/install/tm_moveit_config_tm12x:/home/sazma/ws_future/install/tm_moveit_config_tm12:/home/sazma/ws_future/install/tm_description:/home/sazma/ws_future/install/custom_package:/home/sazma/ws_future/install/techman_robot_msgs:/home/sazma/ws_tm/install/ui_for_debug_and_demo:/home/sazma/ws_tm/install/tm_driver:/home/sazma/ws_tm/install/demo:/home/sazma/ws_tm/install/tm_msgs:/home/sazma/ws_tm/install/tm_moveit_cpp_demo:/home/sazma/ws_tm/install/tm_moveit_config_tm5x-900:/home/sazma/ws_tm/install/tm_moveit_config_tm5x-700:/home/sazma/ws_tm/install/tm_moveit_config_tm5-900:/home/sazma/ws_tm/install/tm_moveit_config_tm5-700:/home/sazma/ws_tm/install/tm_moveit_config_tm14x:/home/sazma/ws_tm/install/tm_moveit_config_tm14:/home/sazma/ws_tm/install/tm_moveit_config_tm12x:/home/sazma/ws_tm/install/tm_moveit_config_tm12:/home/sazma/ws_tm/install/tm_description:/home/sazma/ws_tm/install/custom_package:/home/sazma/ws_tm/install/techman_robot_msgs:/home/sazma/ws_future/install/tm_mod_urdf:/home/sazma/ws_future/install/tm_get_status:/home/sazma/ws_tm/install/tm_mod_urdf:/home/sazma/ws_tm/install/tm_get_status:/opt/ros/humble LD_LIBRARY_PATH=/home/sazma/ws_future/install/moveit_ros_planning_interface/lib:/home/sazma/ws_future/install/moveit_ros_move_group/lib:/home/sazma/ws_future/install/moveit_ros_warehouse/lib:/home/sazma/ws_future/install/moveit_ros_robot_interaction/lib:/home/sazma/ws_future/install/moveit_kinematics/lib:/home/sazma/ws_future/install/moveit_ros_planning/lib:/home/sazma/ws_future/install/moveit_ros_occupancy_map_monitor/lib:/home/sazma/ws_future/install/moveit_core/lib:/home/sazma/ws_future/install/moveit_msgs/lib:${LD_LIBRARY_PATH} PATH=/home/sazma/ws_future/install/moveit_core/bin:${PATH} PYTHONPATH=/home/sazma/ws_future/install/moveit_msgs/local/lib/python3.10/dist-packages:${PYTHONPATH} /usr/bin/cmake /home/sazma/ws_future/src/moveit2/moveit_ros/visualization -DCMAKE_INSTALL_PREFIX=/home/sazma/ws_future/install/moveit_ros_visualization
[15.134s] Invoking command in '/home/sazma/ws_future/build/moveit_ros_visualization': AMENT_PREFIX_PATH=/home/sazma/ws_future/install/moveit_ros_planning_interface:/home/sazma/ws_future/install/moveit_ros_move_group:/home/sazma/ws_future/install/moveit_ros_warehouse:/home/sazma/ws_future/install/moveit_ros_robot_interaction:/home/sazma/ws_future/install/moveit_kinematics:/home/sazma/ws_future/install/moveit_ros_planning:/home/sazma/ws_future/install/moveit_ros_occupancy_map_monitor:/home/sazma/ws_future/install/moveit_core:/home/sazma/ws_future/install/moveit_msgs:/home/sazma/ws_future/install/moveit_common:${AMENT_PREFIX_PATH} CMAKE_PREFIX_PATH=/home/sazma/ws_future/install/moveit_ros_planning_interface:/home/sazma/ws_future/install/moveit_ros_move_group:/home/sazma/ws_future/install/moveit_ros_warehouse:/home/sazma/ws_future/install/moveit_ros_robot_interaction:/home/sazma/ws_future/install/moveit_kinematics:/home/sazma/ws_future/install/moveit_ros_planning:/home/sazma/ws_future/install/moveit_ros_occupancy_map_monitor:/home/sazma/ws_future/install/moveit_core:/home/sazma/ws_future/install/moveit_msgs:/home/sazma/ws_future/install/moveit_common:/home/sazma/ws_future/install/ui_for_debug_and_demo:/home/sazma/ws_future/install/tm_driver:/home/sazma/ws_future/install/demo:/home/sazma/ws_future/install/tm_msgs:/home/sazma/ws_future/install/tm_moveit_cpp_demo:/home/sazma/ws_future/install/tm_moveit_config_tm5x-900:/home/sazma/ws_future/install/tm_moveit_config_tm5x-700:/home/sazma/ws_future/install/tm_moveit_config_tm5-900:/home/sazma/ws_future/install/tm_moveit_config_tm5-700:/home/sazma/ws_future/install/tm_moveit_config_tm14x:/home/sazma/ws_future/install/tm_moveit_config_tm14:/home/sazma/ws_future/install/tm_moveit_config_tm12x:/home/sazma/ws_future/install/tm_moveit_config_tm12:/home/sazma/ws_future/install/tm_description:/home/sazma/ws_future/install/custom_package:/home/sazma/ws_future/install/techman_robot_msgs:/home/sazma/ws_tm/install/ui_for_debug_and_demo:/home/sazma/ws_tm/install/tm_driver:/home/sazma/ws_tm/install/demo:/home/sazma/ws_tm/install/tm_msgs:/home/sazma/ws_tm/install/tm_moveit_cpp_demo:/home/sazma/ws_tm/install/tm_moveit_config_tm5x-900:/home/sazma/ws_tm/install/tm_moveit_config_tm5x-700:/home/sazma/ws_tm/install/tm_moveit_config_tm5-900:/home/sazma/ws_tm/install/tm_moveit_config_tm5-700:/home/sazma/ws_tm/install/tm_moveit_config_tm14x:/home/sazma/ws_tm/install/tm_moveit_config_tm14:/home/sazma/ws_tm/install/tm_moveit_config_tm12x:/home/sazma/ws_tm/install/tm_moveit_config_tm12:/home/sazma/ws_tm/install/tm_description:/home/sazma/ws_tm/install/custom_package:/home/sazma/ws_tm/install/techman_robot_msgs:/home/sazma/ws_future/install/tm_mod_urdf:/home/sazma/ws_future/install/tm_get_status:/home/sazma/ws_tm/install/tm_mod_urdf:/home/sazma/ws_tm/install/tm_get_status:/opt/ros/humble LD_LIBRARY_PATH=/home/sazma/ws_future/install/moveit_ros_planning_interface/lib:/home/sazma/ws_future/install/moveit_ros_move_group/lib:/home/sazma/ws_future/install/moveit_ros_warehouse/lib:/home/sazma/ws_future/install/moveit_ros_robot_interaction/lib:/home/sazma/ws_future/install/moveit_kinematics/lib:/home/sazma/ws_future/install/moveit_ros_planning/lib:/home/sazma/ws_future/install/moveit_ros_occupancy_map_monitor/lib:/home/sazma/ws_future/install/moveit_core/lib:/home/sazma/ws_future/install/moveit_msgs/lib:${LD_LIBRARY_PATH} PATH=/home/sazma/ws_future/install/moveit_core/bin:${PATH} PYTHONPATH=/home/sazma/ws_future/install/moveit_msgs/local/lib/python3.10/dist-packages:${PYTHONPATH} /usr/bin/cmake --build /home/sazma/ws_future/build/moveit_ros_visualization -- -j12 -l12
[15.530s] [  1%] [34m[1mAutomatic MOC for target moveit_rviz_plugin_render_tools[0m
[16.954s] [  1%] Built target moveit_rviz_plugin_render_tools_autogen
[17.146s] [  3%] [32mBuilding CXX object rviz_plugin_render_tools/CMakeFiles/moveit_rviz_plugin_render_tools.dir/moveit_rviz_plugin_render_tools_autogen/mocs_compilation.cpp.o[0m
[17.182s] [  5%] [32mBuilding CXX object rviz_plugin_render_tools/CMakeFiles/moveit_rviz_plugin_render_tools.dir/src/render_shapes.cpp.o[0m
[17.206s] [  6%] [32mBuilding CXX object rviz_plugin_render_tools/CMakeFiles/moveit_rviz_plugin_render_tools.dir/src/robot_state_visualization.cpp.o[0m
[17.216s] [  8%] [32mBuilding CXX object rviz_plugin_render_tools/CMakeFiles/moveit_rviz_plugin_render_tools.dir/src/planning_scene_render.cpp.o[0m
[17.238s] [ 10%] [32mBuilding CXX object rviz_plugin_render_tools/CMakeFiles/moveit_rviz_plugin_render_tools.dir/src/planning_link_updater.cpp.o[0m
[17.354s] [ 12%] [32mBuilding CXX object rviz_plugin_render_tools/CMakeFiles/moveit_rviz_plugin_render_tools.dir/src/octomap_render.cpp.o[0m
[17.371s] [ 15%] [32mBuilding CXX object rviz_plugin_render_tools/CMakeFiles/moveit_rviz_plugin_render_tools.dir/src/trajectory_panel.cpp.o[0m
[17.386s] [ 13%] [32mBuilding CXX object rviz_plugin_render_tools/CMakeFiles/moveit_rviz_plugin_render_tools.dir/src/trajectory_visualization.cpp.o[0m
[17.398s] [ 17%] [32mBuilding CXX object rviz_plugin_render_tools/CMakeFiles/moveit_rviz_plugin_render_tools.dir/src/mesh_shape.cpp.o[0m
[76.433s] [ 18%] [32m[1mLinking CXX shared library libmoveit_rviz_plugin_render_tools.so[0m
[81.455s] [ 18%] Built target moveit_rviz_plugin_render_tools
[81.486s] [ 20%] [34m[1mAutomatic MOC for target moveit_robot_state_rviz_plugin_core[0m
[81.739s] [ 20%] Built target moveit_robot_state_rviz_plugin_core_autogen
[81.759s] [ 22%] [34m[1mAutomatic MOC for target moveit_planning_scene_rviz_plugin_core[0m
[82.120s] [ 22%] Built target moveit_planning_scene_rviz_plugin_core_autogen
[82.142s] [ 24%] [32mBuilding CXX object robot_state_rviz_plugin/CMakeFiles/moveit_robot_state_rviz_plugin_core.dir/moveit_robot_state_rviz_plugin_core_autogen/mocs_compilation.cpp.o[0m
[93.004s] [ 25%] [32mBuilding CXX object robot_state_rviz_plugin/CMakeFiles/moveit_robot_state_rviz_plugin_core.dir/src/robot_state_display.cpp.o[0m
[121.904s] [ 27%] [32m[1mLinking CXX shared library libmoveit_robot_state_rviz_plugin_core.so[0m
[129.650s] [ 27%] Built target moveit_robot_state_rviz_plugin_core
[129.812s] [ 29%] [32mBuilding CXX object planning_scene_rviz_plugin/CMakeFiles/moveit_planning_scene_rviz_plugin_core.dir/moveit_planning_scene_rviz_plugin_core_autogen/mocs_compilation.cpp.o[0m
[148.784s] [ 32%] [32mBuilding CXX object planning_scene_rviz_plugin/CMakeFiles/moveit_planning_scene_rviz_plugin_core.dir/src/planning_scene_display.cpp.o[0m
[148.785s] [ 32%] [32mBuilding CXX object planning_scene_rviz_plugin/CMakeFiles/moveit_planning_scene_rviz_plugin_core.dir/src/background_processing.cpp.o[0m
[177.910s] [ 34%] [32m[1mLinking CXX shared library libmoveit_planning_scene_rviz_plugin_core.so[0m
[186.186s] [ 34%] Built target moveit_planning_scene_rviz_plugin_core
[186.227s] [ 36%] [34m[1mAutomatic MOC for target moveit_robot_state_rviz_plugin[0m
[186.235s] [ 37%] [34m[1mAutomatic MOC for target moveit_planning_scene_rviz_plugin[0m
[186.267s] [ 39%] [34m[1mAutomatic MOC for target moveit_trajectory_rviz_plugin_core[0m
[186.306s] [ 39%] Built target moveit_planning_scene_rviz_plugin_autogen
[186.323s] [ 39%] Built target moveit_robot_state_rviz_plugin_autogen
[186.383s] [ 41%] [32mBuilding CXX object planning_scene_rviz_plugin/CMakeFiles/moveit_planning_scene_rviz_plugin.dir/src/plugin_init.cpp.o[0m
[186.394s] [ 43%] [32mBuilding CXX object planning_scene_rviz_plugin/CMakeFiles/moveit_planning_scene_rviz_plugin.dir/moveit_planning_scene_rviz_plugin_autogen/mocs_compilation.cpp.o[0m
[186.420s] [ 44%] [32mBuilding CXX object robot_state_rviz_plugin/CMakeFiles/moveit_robot_state_rviz_plugin.dir/moveit_robot_state_rviz_plugin_autogen/mocs_compilation.cpp.o[0m
[186.450s] [ 46%] [32mBuilding CXX object robot_state_rviz_plugin/CMakeFiles/moveit_robot_state_rviz_plugin.dir/src/plugin_init.cpp.o[0m
[187.194s] [ 46%] Built target moveit_trajectory_rviz_plugin_core_autogen
[187.336s] [ 48%] [32mBuilding CXX object trajectory_rviz_plugin/CMakeFiles/moveit_trajectory_rviz_plugin_core.dir/moveit_trajectory_rviz_plugin_core_autogen/mocs_compilation.cpp.o[0m
[187.358s] [ 50%] [32mBuilding CXX object trajectory_rviz_plugin/CMakeFiles/moveit_trajectory_rviz_plugin_core.dir/src/trajectory_display.cpp.o[0m
[207.551s] [ 51%] [32m[1mLinking CXX shared library libmoveit_robot_state_rviz_plugin.so[0m
[209.281s] [ 51%] Built target moveit_robot_state_rviz_plugin
[210.090s] [ 53%] [32m[1mLinking CXX shared library libmoveit_trajectory_rviz_plugin_core.so[0m
[210.276s] [ 55%] [32m[1mLinking CXX shared library libmoveit_planning_scene_rviz_plugin.so[0m
[213.048s] [ 55%] Built target moveit_trajectory_rviz_plugin_core
[213.079s] [ 56%] [34m[1mAutomatic MOC for target moveit_trajectory_rviz_plugin[0m
[213.124s] [ 56%] Built target moveit_trajectory_rviz_plugin_autogen
[213.167s] [ 58%] [32mBuilding CXX object trajectory_rviz_plugin/CMakeFiles/moveit_trajectory_rviz_plugin.dir/src/plugin_init.cpp.o[0m
[213.170s] [ 60%] [32mBuilding CXX object trajectory_rviz_plugin/CMakeFiles/moveit_trajectory_rviz_plugin.dir/moveit_trajectory_rviz_plugin_autogen/mocs_compilation.cpp.o[0m
[213.490s] [ 60%] Built target moveit_planning_scene_rviz_plugin
[213.527s] [ 62%] [34m[1mAutomatic MOC for target moveit_motion_planning_rviz_plugin_core[0m
[215.153s] [ 62%] Built target moveit_motion_planning_rviz_plugin_core_autogen
[215.174s] [ 67%] [34m[1mAutomatic RCC for src/icons/icons.qrc[0m
[215.174s] [ 67%] [34m[1mGenerating ui_motion_planning_rviz_plugin_frame.h[0m
[215.175s] [ 67%] [34m[1mGenerating ui_motion_planning_rviz_plugin_frame_joints.h[0m
[215.246s] [ 70%] [32mBuilding CXX object motion_planning_rviz_plugin/CMakeFiles/moveit_motion_planning_rviz_plugin_core.dir/src/motion_planning_frame_context.cpp.o[0m
[215.246s] [ 70%] [32mBuilding CXX object motion_planning_rviz_plugin/CMakeFiles/moveit_motion_planning_rviz_plugin_core.dir/moveit_motion_planning_rviz_plugin_core_autogen/mocs_compilation.cpp.o[0m
[215.249s] [ 72%] [32mBuilding CXX object motion_planning_rviz_plugin/CMakeFiles/moveit_motion_planning_rviz_plugin_core.dir/src/motion_planning_frame.cpp.o[0m
[215.265s] [ 74%] [32mBuilding CXX object motion_planning_rviz_plugin/CMakeFiles/moveit_motion_planning_rviz_plugin_core.dir/src/motion_planning_param_widget.cpp.o[0m
[216.298s] [ 75%] [32mBuilding CXX object motion_planning_rviz_plugin/CMakeFiles/moveit_motion_planning_rviz_plugin_core.dir/src/motion_planning_display.cpp.o[0m
[216.298s] [ 77%] [32mBuilding CXX object motion_planning_rviz_plugin/CMakeFiles/moveit_motion_planning_rviz_plugin_core.dir/src/motion_planning_frame_manipulation.cpp.o[0m
[216.303s] [ 79%] [32mBuilding CXX object motion_planning_rviz_plugin/CMakeFiles/moveit_motion_planning_rviz_plugin_core.dir/src/motion_planning_frame_joints_widget.cpp.o[0m
[217.362s] [ 81%] [32mBuilding CXX object motion_planning_rviz_plugin/CMakeFiles/moveit_motion_planning_rviz_plugin_core.dir/src/motion_planning_frame_states.cpp.o[0m
[217.382s] [ 82%] [32mBuilding CXX object motion_planning_rviz_plugin/CMakeFiles/moveit_motion_planning_rviz_plugin_core.dir/src/motion_planning_frame_scenes.cpp.o[0m
[217.396s] [ 84%] [32mBuilding CXX object motion_planning_rviz_plugin/CMakeFiles/moveit_motion_planning_rviz_plugin_core.dir/src/motion_planning_frame_objects.cpp.o[0m
[218.466s] [ 86%] [32mBuilding CXX object motion_planning_rviz_plugin/CMakeFiles/moveit_motion_planning_rviz_plugin_core.dir/src/motion_planning_frame_planning.cpp.o[0m
[238.709s] [ 87%] [32m[1mLinking CXX shared library libmoveit_trajectory_rviz_plugin.so[0m
[243.771s] [ 87%] Built target moveit_trajectory_rviz_plugin
[287.122s] [ 91%] [32mBuilding CXX object motion_planning_rviz_plugin/CMakeFiles/moveit_motion_planning_rviz_plugin_core.dir/moveit_motion_planning_rviz_plugin_core_autogen/2OST2OT5Q2/qrc_icons.cpp.o[0m
[287.124s] [ 91%] [32mBuilding CXX object motion_planning_rviz_plugin/CMakeFiles/moveit_motion_planning_rviz_plugin_core.dir/src/interactive_marker_display.cpp.o[0m
[297.072s] [ 93%] [32m[1mLinking CXX shared library libmoveit_motion_planning_rviz_plugin_core.so[0m
[305.397s] [ 93%] Built target moveit_motion_planning_rviz_plugin_core
[305.421s] [ 94%] [34m[1mAutomatic MOC for target moveit_motion_planning_rviz_plugin[0m
[305.457s] [ 94%] Built target moveit_motion_planning_rviz_plugin_autogen
[305.485s] [ 96%] [32mBuilding CXX object motion_planning_rviz_plugin/CMakeFiles/moveit_motion_planning_rviz_plugin.dir/moveit_motion_planning_rviz_plugin_autogen/mocs_compilation.cpp.o[0m
[305.490s] [ 98%] [32mBuilding CXX object motion_planning_rviz_plugin/CMakeFiles/moveit_motion_planning_rviz_plugin.dir/src/plugin_init.cpp.o[0m
[327.726s] [100%] [32m[1mLinking CXX shared library libmoveit_motion_planning_rviz_plugin.so[0m
[331.456s] [100%] Built target moveit_motion_planning_rviz_plugin
[331.533s] Invoked command in '/home/sazma/ws_future/build/moveit_ros_visualization' returned '0': AMENT_PREFIX_PATH=/home/sazma/ws_future/install/moveit_ros_planning_interface:/home/sazma/ws_future/install/moveit_ros_move_group:/home/sazma/ws_future/install/moveit_ros_warehouse:/home/sazma/ws_future/install/moveit_ros_robot_interaction:/home/sazma/ws_future/install/moveit_kinematics:/home/sazma/ws_future/install/moveit_ros_planning:/home/sazma/ws_future/install/moveit_ros_occupancy_map_monitor:/home/sazma/ws_future/install/moveit_core:/home/sazma/ws_future/install/moveit_msgs:/home/sazma/ws_future/install/moveit_common:${AMENT_PREFIX_PATH} CMAKE_PREFIX_PATH=/home/sazma/ws_future/install/moveit_ros_planning_interface:/home/sazma/ws_future/install/moveit_ros_move_group:/home/sazma/ws_future/install/moveit_ros_warehouse:/home/sazma/ws_future/install/moveit_ros_robot_interaction:/home/sazma/ws_future/install/moveit_kinematics:/home/sazma/ws_future/install/moveit_ros_planning:/home/sazma/ws_future/install/moveit_ros_occupancy_map_monitor:/home/sazma/ws_future/install/moveit_core:/home/sazma/ws_future/install/moveit_msgs:/home/sazma/ws_future/install/moveit_common:/home/sazma/ws_future/install/ui_for_debug_and_demo:/home/sazma/ws_future/install/tm_driver:/home/sazma/ws_future/install/demo:/home/sazma/ws_future/install/tm_msgs:/home/sazma/ws_future/install/tm_moveit_cpp_demo:/home/sazma/ws_future/install/tm_moveit_config_tm5x-900:/home/sazma/ws_future/install/tm_moveit_config_tm5x-700:/home/sazma/ws_future/install/tm_moveit_config_tm5-900:/home/sazma/ws_future/install/tm_moveit_config_tm5-700:/home/sazma/ws_future/install/tm_moveit_config_tm14x:/home/sazma/ws_future/install/tm_moveit_config_tm14:/home/sazma/ws_future/install/tm_moveit_config_tm12x:/home/sazma/ws_future/install/tm_moveit_config_tm12:/home/sazma/ws_future/install/tm_description:/home/sazma/ws_future/install/custom_package:/home/sazma/ws_future/install/techman_robot_msgs:/home/sazma/ws_tm/install/ui_for_debug_and_demo:/home/sazma/ws_tm/install/tm_driver:/home/sazma/ws_tm/install/demo:/home/sazma/ws_tm/install/tm_msgs:/home/sazma/ws_tm/install/tm_moveit_cpp_demo:/home/sazma/ws_tm/install/tm_moveit_config_tm5x-900:/home/sazma/ws_tm/install/tm_moveit_config_tm5x-700:/home/sazma/ws_tm/install/tm_moveit_config_tm5-900:/home/sazma/ws_tm/install/tm_moveit_config_tm5-700:/home/sazma/ws_tm/install/tm_moveit_config_tm14x:/home/sazma/ws_tm/install/tm_moveit_config_tm14:/home/sazma/ws_tm/install/tm_moveit_config_tm12x:/home/sazma/ws_tm/install/tm_moveit_config_tm12:/home/sazma/ws_tm/install/tm_description:/home/sazma/ws_tm/install/custom_package:/home/sazma/ws_tm/install/techman_robot_msgs:/home/sazma/ws_future/install/tm_mod_urdf:/home/sazma/ws_future/install/tm_get_status:/home/sazma/ws_tm/install/tm_mod_urdf:/home/sazma/ws_tm/install/tm_get_status:/opt/ros/humble LD_LIBRARY_PATH=/home/sazma/ws_future/install/moveit_ros_planning_interface/lib:/home/sazma/ws_future/install/moveit_ros_move_group/lib:/home/sazma/ws_future/install/moveit_ros_warehouse/lib:/home/sazma/ws_future/install/moveit_ros_robot_interaction/lib:/home/sazma/ws_future/install/moveit_kinematics/lib:/home/sazma/ws_future/install/moveit_ros_planning/lib:/home/sazma/ws_future/install/moveit_ros_occupancy_map_monitor/lib:/home/sazma/ws_future/install/moveit_core/lib:/home/sazma/ws_future/install/moveit_msgs/lib:${LD_LIBRARY_PATH} PATH=/home/sazma/ws_future/install/moveit_core/bin:${PATH} PYTHONPATH=/home/sazma/ws_future/install/moveit_msgs/local/lib/python3.10/dist-packages:${PYTHONPATH} /usr/bin/cmake --build /home/sazma/ws_future/build/moveit_ros_visualization -- -j12 -l12
[332.046s] Invoking command in '/home/sazma/ws_future/build/moveit_ros_visualization': AMENT_PREFIX_PATH=/home/sazma/ws_future/install/moveit_ros_planning_interface:/home/sazma/ws_future/install/moveit_ros_move_group:/home/sazma/ws_future/install/moveit_ros_warehouse:/home/sazma/ws_future/install/moveit_ros_robot_interaction:/home/sazma/ws_future/install/moveit_kinematics:/home/sazma/ws_future/install/moveit_ros_planning:/home/sazma/ws_future/install/moveit_ros_occupancy_map_monitor:/home/sazma/ws_future/install/moveit_core:/home/sazma/ws_future/install/moveit_msgs:/home/sazma/ws_future/install/moveit_common:${AMENT_PREFIX_PATH} CMAKE_PREFIX_PATH=/home/sazma/ws_future/install/moveit_ros_planning_interface:/home/sazma/ws_future/install/moveit_ros_move_group:/home/sazma/ws_future/install/moveit_ros_warehouse:/home/sazma/ws_future/install/moveit_ros_robot_interaction:/home/sazma/ws_future/install/moveit_kinematics:/home/sazma/ws_future/install/moveit_ros_planning:/home/sazma/ws_future/install/moveit_ros_occupancy_map_monitor:/home/sazma/ws_future/install/moveit_core:/home/sazma/ws_future/install/moveit_msgs:/home/sazma/ws_future/install/moveit_common:/home/sazma/ws_future/install/ui_for_debug_and_demo:/home/sazma/ws_future/install/tm_driver:/home/sazma/ws_future/install/demo:/home/sazma/ws_future/install/tm_msgs:/home/sazma/ws_future/install/tm_moveit_cpp_demo:/home/sazma/ws_future/install/tm_moveit_config_tm5x-900:/home/sazma/ws_future/install/tm_moveit_config_tm5x-700:/home/sazma/ws_future/install/tm_moveit_config_tm5-900:/home/sazma/ws_future/install/tm_moveit_config_tm5-700:/home/sazma/ws_future/install/tm_moveit_config_tm14x:/home/sazma/ws_future/install/tm_moveit_config_tm14:/home/sazma/ws_future/install/tm_moveit_config_tm12x:/home/sazma/ws_future/install/tm_moveit_config_tm12:/home/sazma/ws_future/install/tm_description:/home/sazma/ws_future/install/custom_package:/home/sazma/ws_future/install/techman_robot_msgs:/home/sazma/ws_tm/install/ui_for_debug_and_demo:/home/sazma/ws_tm/install/tm_driver:/home/sazma/ws_tm/install/demo:/home/sazma/ws_tm/install/tm_msgs:/home/sazma/ws_tm/install/tm_moveit_cpp_demo:/home/sazma/ws_tm/install/tm_moveit_config_tm5x-900:/home/sazma/ws_tm/install/tm_moveit_config_tm5x-700:/home/sazma/ws_tm/install/tm_moveit_config_tm5-900:/home/sazma/ws_tm/install/tm_moveit_config_tm5-700:/home/sazma/ws_tm/install/tm_moveit_config_tm14x:/home/sazma/ws_tm/install/tm_moveit_config_tm14:/home/sazma/ws_tm/install/tm_moveit_config_tm12x:/home/sazma/ws_tm/install/tm_moveit_config_tm12:/home/sazma/ws_tm/install/tm_description:/home/sazma/ws_tm/install/custom_package:/home/sazma/ws_tm/install/techman_robot_msgs:/home/sazma/ws_future/install/tm_mod_urdf:/home/sazma/ws_future/install/tm_get_status:/home/sazma/ws_tm/install/tm_mod_urdf:/home/sazma/ws_tm/install/tm_get_status:/opt/ros/humble LD_LIBRARY_PATH=/home/sazma/ws_future/install/moveit_ros_planning_interface/lib:/home/sazma/ws_future/install/moveit_ros_move_group/lib:/home/sazma/ws_future/install/moveit_ros_warehouse/lib:/home/sazma/ws_future/install/moveit_ros_robot_interaction/lib:/home/sazma/ws_future/install/moveit_kinematics/lib:/home/sazma/ws_future/install/moveit_ros_planning/lib:/home/sazma/ws_future/install/moveit_ros_occupancy_map_monitor/lib:/home/sazma/ws_future/install/moveit_core/lib:/home/sazma/ws_future/install/moveit_msgs/lib:${LD_LIBRARY_PATH} PATH=/home/sazma/ws_future/install/moveit_core/bin:${PATH} PYTHONPATH=/home/sazma/ws_future/install/moveit_msgs/local/lib/python3.10/dist-packages:${PYTHONPATH} /usr/bin/cmake --install /home/sazma/ws_future/build/moveit_ros_visualization
[332.087s] -- Install configuration: "Release"
[332.087s] -- Installing: /home/sazma/ws_future/install/moveit_ros_visualization/include/moveit_ros_visualization
[332.088s] -- Installing: /home/sazma/ws_future/install/moveit_ros_visualization/include/moveit_ros_visualization/ogre_helpers
[332.088s] -- Installing: /home/sazma/ws_future/install/moveit_ros_visualization/include/moveit_ros_visualization/ogre_helpers/mesh_shape.hpp
[332.088s] -- Installing: /home/sazma/ws_future/install/moveit_ros_visualization/include/moveit_ros_visualization/moveit
[332.088s] -- Installing: /home/sazma/ws_future/install/moveit_ros_visualization/include/moveit_ros_visualization/moveit/rviz_plugin_render_tools
[332.088s] -- Installing: /home/sazma/ws_future/install/moveit_ros_visualization/include/moveit_ros_visualization/moveit/rviz_plugin_render_tools/planning_scene_render.h
[332.089s] -- Installing: /home/sazma/ws_future/install/moveit_ros_visualization/include/moveit_ros_visualization/moveit/rviz_plugin_render_tools/trajectory_visualization.h
[332.089s] -- Installing: /home/sazma/ws_future/install/moveit_ros_visualization/include/moveit_ros_visualization/moveit/rviz_plugin_render_tools/planning_link_updater.h
[332.089s] -- Installing: /home/sazma/ws_future/install/moveit_ros_visualization/include/moveit_ros_visualization/moveit/rviz_plugin_render_tools/trajectory_panel.h
[332.089s] -- Installing: /home/sazma/ws_future/install/moveit_ros_visualization/include/moveit_ros_visualization/moveit/rviz_plugin_render_tools/robot_state_visualization.h
[332.089s] -- Installing: /home/sazma/ws_future/install/moveit_ros_visualization/include/moveit_ros_visualization/moveit/rviz_plugin_render_tools/octomap_render.h
[332.089s] -- Installing: /home/sazma/ws_future/install/moveit_ros_visualization/include/moveit_ros_visualization/moveit/rviz_plugin_render_tools/render_shapes.h
[332.090s] -- Up-to-date: /home/sazma/ws_future/install/moveit_ros_visualization/include/moveit_ros_visualization
[332.090s] -- Up-to-date: /home/sazma/ws_future/install/moveit_ros_visualization/include/moveit_ros_visualization/moveit
[332.090s] -- Installing: /home/sazma/ws_future/install/moveit_ros_visualization/include/moveit_ros_visualization/moveit/robot_state_rviz_plugin
[332.090s] -- Installing: /home/sazma/ws_future/install/moveit_ros_visualization/include/moveit_ros_visualization/moveit/robot_state_rviz_plugin/robot_state_display.h
[332.091s] -- Up-to-date: /home/sazma/ws_future/install/moveit_ros_visualization/include/moveit_ros_visualization
[332.091s] -- Up-to-date: /home/sazma/ws_future/install/moveit_ros_visualization/include/moveit_ros_visualization/moveit
[332.091s] -- Installing: /home/sazma/ws_future/install/moveit_ros_visualization/include/moveit_ros_visualization/moveit/planning_scene_rviz_plugin
[332.091s] -- Installing: /home/sazma/ws_future/install/moveit_ros_visualization/include/moveit_ros_visualization/moveit/planning_scene_rviz_plugin/planning_scene_display.h
[332.092s] -- Installing: /home/sazma/ws_future/install/moveit_ros_visualization/include/moveit_ros_visualization/moveit/planning_scene_rviz_plugin/background_processing.hpp
[332.092s] -- Installing: /home/sazma/ws_future/install/moveit_ros_visualization/include/moveit_ros_visualization/moveit_planning_scene_rviz_plugin_core_export.h
[332.092s] -- Up-to-date: /home/sazma/ws_future/install/moveit_ros_visualization/include/moveit_ros_visualization
[332.092s] -- Up-to-date: /home/sazma/ws_future/install/moveit_ros_visualization/include/moveit_ros_visualization/moveit
[332.092s] -- Installing: /home/sazma/ws_future/install/moveit_ros_visualization/include/moveit_ros_visualization/moveit/motion_planning_rviz_plugin
[332.093s] -- Installing: /home/sazma/ws_future/install/moveit_ros_visualization/include/moveit_ros_visualization/moveit/motion_planning_rviz_plugin/motion_planning_param_widget.h
[332.093s] -- Installing: /home/sazma/ws_future/install/moveit_ros_visualization/include/moveit_ros_visualization/moveit/motion_planning_rviz_plugin/motion_planning_frame.h
[332.093s] -- Installing: /home/sazma/ws_future/install/moveit_ros_visualization/include/moveit_ros_visualization/moveit/motion_planning_rviz_plugin/motion_planning_display.h
[332.093s] -- Installing: /home/sazma/ws_future/install/moveit_ros_visualization/include/moveit_ros_visualization/moveit/motion_planning_rviz_plugin/motion_planning_frame_joints_widget.h
[332.093s] -- Installing: /home/sazma/ws_future/install/moveit_ros_visualization/include/moveit_ros_visualization/moveit/motion_planning_rviz_plugin/interactive_marker_display.h
[332.093s] -- Up-to-date: /home/sazma/ws_future/install/moveit_ros_visualization/include/moveit_ros_visualization
[332.094s] -- Up-to-date: /home/sazma/ws_future/install/moveit_ros_visualization/include/moveit_ros_visualization/moveit
[332.094s] -- Installing: /home/sazma/ws_future/install/moveit_ros_visualization/include/moveit_ros_visualization/moveit/trajectory_rviz_plugin
[332.094s] -- Installing: /home/sazma/ws_future/install/moveit_ros_visualization/include/moveit_ros_visualization/moveit/trajectory_rviz_plugin/trajectory_display.h
[332.094s] -- Installing: /home/sazma/ws_future/install/moveit_ros_visualization/share/moveit_ros_visualization/icons
[332.094s] -- Installing: /home/sazma/ws_future/install/moveit_ros_visualization/share/moveit_ros_visualization/icons/classes
[332.095s] -- Installing: /home/sazma/ws_future/install/moveit_ros_visualization/share/moveit_ros_visualization/icons/classes/Trajectory.png
[332.095s] -- Installing: /home/sazma/ws_future/install/moveit_ros_visualization/share/moveit_ros_visualization/icons/classes/RobotState.png
[332.095s] -- Installing: /home/sazma/ws_future/install/moveit_ros_visualization/share/moveit_ros_visualization/icons/classes/PlanningScene.png
[332.095s] -- Installing: /home/sazma/ws_future/install/moveit_ros_visualization/share/moveit_ros_visualization/icons/classes/MotionPlanning.png
[332.095s] -- Installing: /home/sazma/ws_future/install/moveit_ros_visualization/share/moveit_ros_visualization/motion_planning_rviz_plugin_description.xml
[332.096s] -- Installing: /home/sazma/ws_future/install/moveit_ros_visualization/share/moveit_ros_visualization/trajectory_rviz_plugin_description.xml
[332.096s] -- Installing: /home/sazma/ws_future/install/moveit_ros_visualization/share/moveit_ros_visualization/planning_scene_rviz_plugin_description.xml
[332.096s] -- Installing: /home/sazma/ws_future/install/moveit_ros_visualization/share/moveit_ros_visualization/robot_state_rviz_plugin_description.xml
[332.097s] -- Installing: /home/sazma/ws_future/install/moveit_ros_visualization/lib/libmoveit_motion_planning_rviz_plugin.so.2.8.0
[332.097s] -- Set runtime path of "/home/sazma/ws_future/install/moveit_ros_visualization/lib/libmoveit_motion_planning_rviz_plugin.so.2.8.0" to ""
[332.098s] -- Installing: /home/sazma/ws_future/install/moveit_ros_visualization/lib/libmoveit_motion_planning_rviz_plugin.so
[332.098s] -- Installing: /home/sazma/ws_future/install/moveit_ros_visualization/lib/libmoveit_motion_planning_rviz_plugin_core.so.2.8.0
[332.105s] -- Set runtime path of "/home/sazma/ws_future/install/moveit_ros_visualization/lib/libmoveit_motion_planning_rviz_plugin_core.so.2.8.0" to ""
[332.105s] -- Installing: /home/sazma/ws_future/install/moveit_ros_visualization/lib/libmoveit_motion_planning_rviz_plugin_core.so
[332.105s] -- Installing: /home/sazma/ws_future/install/moveit_ros_visualization/lib/libmoveit_planning_scene_rviz_plugin.so.2.8.0
[332.105s] -- Set runtime path of "/home/sazma/ws_future/install/moveit_ros_visualization/lib/libmoveit_planning_scene_rviz_plugin.so.2.8.0" to ""
[332.105s] -- Installing: /home/sazma/ws_future/install/moveit_ros_visualization/lib/libmoveit_planning_scene_rviz_plugin.so
[332.122s] -- Installing: /home/sazma/ws_future/install/moveit_ros_visualization/lib/libmoveit_planning_scene_rviz_plugin_core.so.2.8.0
[332.122s] -- Set runtime path of "/home/sazma/ws_future/install/moveit_ros_visualization/lib/libmoveit_planning_scene_rviz_plugin_core.so.2.8.0" to ""
[332.123s] -- Installing: /home/sazma/ws_future/install/moveit_ros_visualization/lib/libmoveit_planning_scene_rviz_plugin_core.so
[332.123s] -- Installing: /home/sazma/ws_future/install/moveit_ros_visualization/lib/libmoveit_robot_state_rviz_plugin.so.2.8.0
[332.124s] -- Set runtime path of "/home/sazma/ws_future/install/moveit_ros_visualization/lib/libmoveit_robot_state_rviz_plugin.so.2.8.0" to ""
[332.124s] -- Installing: /home/sazma/ws_future/install/moveit_ros_visualization/lib/libmoveit_robot_state_rviz_plugin.so
[332.124s] -- Installing: /home/sazma/ws_future/install/moveit_ros_visualization/lib/libmoveit_robot_state_rviz_plugin_core.so.2.8.0
[332.127s] -- Set runtime path of "/home/sazma/ws_future/install/moveit_ros_visualization/lib/libmoveit_robot_state_rviz_plugin_core.so.2.8.0" to ""
[332.127s] -- Installing: /home/sazma/ws_future/install/moveit_ros_visualization/lib/libmoveit_robot_state_rviz_plugin_core.so
[332.127s] -- Installing: /home/sazma/ws_future/install/moveit_ros_visualization/lib/libmoveit_rviz_plugin_render_tools.so.2.8.0
[332.129s] -- Set runtime path of "/home/sazma/ws_future/install/moveit_ros_visualization/lib/libmoveit_rviz_plugin_render_tools.so.2.8.0" to ""
[332.129s] -- Installing: /home/sazma/ws_future/install/moveit_ros_visualization/lib/libmoveit_rviz_plugin_render_tools.so
[332.130s] -- Installing: /home/sazma/ws_future/install/moveit_ros_visualization/lib/libmoveit_trajectory_rviz_plugin.so.2.8.0
[332.130s] -- Set runtime path of "/home/sazma/ws_future/install/moveit_ros_visualization/lib/libmoveit_trajectory_rviz_plugin.so.2.8.0" to ""
[332.130s] -- Installing: /home/sazma/ws_future/install/moveit_ros_visualization/lib/libmoveit_trajectory_rviz_plugin.so
[332.131s] -- Installing: /home/sazma/ws_future/install/moveit_ros_visualization/lib/libmoveit_trajectory_rviz_plugin_core.so.2.8.0
[332.131s] -- Set runtime path of "/home/sazma/ws_future/install/moveit_ros_visualization/lib/libmoveit_trajectory_rviz_plugin_core.so.2.8.0" to ""
[332.132s] -- Installing: /home/sazma/ws_future/install/moveit_ros_visualization/lib/libmoveit_trajectory_rviz_plugin_core.so
[332.132s] -- Installing: /home/sazma/ws_future/install/moveit_ros_visualization/share/moveit_ros_visualization/environment/library_path.sh
[332.138s] -- Installing: /home/sazma/ws_future/install/moveit_ros_visualization/share/moveit_ros_visualization/environment/library_path.dsv
[332.139s] -- Installing: /home/sazma/ws_future/install/moveit_ros_visualization/share/ament_index/resource_index/package_run_dependencies/moveit_ros_visualization
[332.139s] -- Installing: /home/sazma/ws_future/install/moveit_ros_visualization/share/ament_index/resource_index/parent_prefix_path/moveit_ros_visualization
[332.139s] -- Installing: /home/sazma/ws_future/install/moveit_ros_visualization/share/moveit_ros_visualization/environment/ament_prefix_path.sh
[332.140s] -- Installing: /home/sazma/ws_future/install/moveit_ros_visualization/share/moveit_ros_visualization/environment/ament_prefix_path.dsv
[332.140s] -- Installing: /home/sazma/ws_future/install/moveit_ros_visualization/share/moveit_ros_visualization/environment/path.sh
[332.140s] -- Installing: /home/sazma/ws_future/install/moveit_ros_visualization/share/moveit_ros_visualization/environment/path.dsv
[332.140s] -- Installing: /home/sazma/ws_future/install/moveit_ros_visualization/share/moveit_ros_visualization/local_setup.bash
[332.141s] -- Installing: /home/sazma/ws_future/install/moveit_ros_visualization/share/moveit_ros_visualization/local_setup.sh
[332.141s] -- Installing: /home/sazma/ws_future/install/moveit_ros_visualization/share/moveit_ros_visualization/local_setup.zsh
[332.141s] -- Installing: /home/sazma/ws_future/install/moveit_ros_visualization/share/moveit_ros_visualization/local_setup.dsv
[332.142s] -- Installing: /home/sazma/ws_future/install/moveit_ros_visualization/share/moveit_ros_visualization/package.dsv
[332.142s] -- Installing: /home/sazma/ws_future/install/moveit_ros_visualization/share/ament_index/resource_index/packages/moveit_ros_visualization
[332.142s] -- Installing: /home/sazma/ws_future/install/moveit_ros_visualization/share/ament_index/resource_index/rviz_common__pluginlib__plugin/moveit_ros_visualization
[332.154s] -- Installing: /home/sazma/ws_future/install/moveit_ros_visualization/share/moveit_ros_visualization/cmake/moveit_ros_visualizationTargetsExport.cmake
[332.155s] -- Installing: /home/sazma/ws_future/install/moveit_ros_visualization/share/moveit_ros_visualization/cmake/moveit_ros_visualizationTargetsExport-release.cmake
[332.155s] -- Installing: /home/sazma/ws_future/install/moveit_ros_visualization/share/moveit_ros_visualization/cmake/ConfigExtras.cmake
[332.156s] -- Installing: /home/sazma/ws_future/install/moveit_ros_visualization/share/moveit_ros_visualization/cmake/ament_cmake_export_targets-extras.cmake
[332.156s] -- Installing: /home/sazma/ws_future/install/moveit_ros_visualization/share/moveit_ros_visualization/cmake/ament_cmake_export_dependencies-extras.cmake
[332.156s] -- Installing: /home/sazma/ws_future/install/moveit_ros_visualization/share/moveit_ros_visualization/cmake/moveit_ros_visualizationConfig.cmake
[332.157s] -- Installing: /home/sazma/ws_future/install/moveit_ros_visualization/share/moveit_ros_visualization/cmake/moveit_ros_visualizationConfig-version.cmake
[332.157s] -- Installing: /home/sazma/ws_future/install/moveit_ros_visualization/share/moveit_ros_visualization/package.xml
[332.170s] Invoked command in '/home/sazma/ws_future/build/moveit_ros_visualization' returned '0': AMENT_PREFIX_PATH=/home/sazma/ws_future/install/moveit_ros_planning_interface:/home/sazma/ws_future/install/moveit_ros_move_group:/home/sazma/ws_future/install/moveit_ros_warehouse:/home/sazma/ws_future/install/moveit_ros_robot_interaction:/home/sazma/ws_future/install/moveit_kinematics:/home/sazma/ws_future/install/moveit_ros_planning:/home/sazma/ws_future/install/moveit_ros_occupancy_map_monitor:/home/sazma/ws_future/install/moveit_core:/home/sazma/ws_future/install/moveit_msgs:/home/sazma/ws_future/install/moveit_common:${AMENT_PREFIX_PATH} CMAKE_PREFIX_PATH=/home/sazma/ws_future/install/moveit_ros_planning_interface:/home/sazma/ws_future/install/moveit_ros_move_group:/home/sazma/ws_future/install/moveit_ros_warehouse:/home/sazma/ws_future/install/moveit_ros_robot_interaction:/home/sazma/ws_future/install/moveit_kinematics:/home/sazma/ws_future/install/moveit_ros_planning:/home/sazma/ws_future/install/moveit_ros_occupancy_map_monitor:/home/sazma/ws_future/install/moveit_core:/home/sazma/ws_future/install/moveit_msgs:/home/sazma/ws_future/install/moveit_common:/home/sazma/ws_future/install/ui_for_debug_and_demo:/home/sazma/ws_future/install/tm_driver:/home/sazma/ws_future/install/demo:/home/sazma/ws_future/install/tm_msgs:/home/sazma/ws_future/install/tm_moveit_cpp_demo:/home/sazma/ws_future/install/tm_moveit_config_tm5x-900:/home/sazma/ws_future/install/tm_moveit_config_tm5x-700:/home/sazma/ws_future/install/tm_moveit_config_tm5-900:/home/sazma/ws_future/install/tm_moveit_config_tm5-700:/home/sazma/ws_future/install/tm_moveit_config_tm14x:/home/sazma/ws_future/install/tm_moveit_config_tm14:/home/sazma/ws_future/install/tm_moveit_config_tm12x:/home/sazma/ws_future/install/tm_moveit_config_tm12:/home/sazma/ws_future/install/tm_description:/home/sazma/ws_future/install/custom_package:/home/sazma/ws_future/install/techman_robot_msgs:/home/sazma/ws_tm/install/ui_for_debug_and_demo:/home/sazma/ws_tm/install/tm_driver:/home/sazma/ws_tm/install/demo:/home/sazma/ws_tm/install/tm_msgs:/home/sazma/ws_tm/install/tm_moveit_cpp_demo:/home/sazma/ws_tm/install/tm_moveit_config_tm5x-900:/home/sazma/ws_tm/install/tm_moveit_config_tm5x-700:/home/sazma/ws_tm/install/tm_moveit_config_tm5-900:/home/sazma/ws_tm/install/tm_moveit_config_tm5-700:/home/sazma/ws_tm/install/tm_moveit_config_tm14x:/home/sazma/ws_tm/install/tm_moveit_config_tm14:/home/sazma/ws_tm/install/tm_moveit_config_tm12x:/home/sazma/ws_tm/install/tm_moveit_config_tm12:/home/sazma/ws_tm/install/tm_description:/home/sazma/ws_tm/install/custom_package:/home/sazma/ws_tm/install/techman_robot_msgs:/home/sazma/ws_future/install/tm_mod_urdf:/home/sazma/ws_future/install/tm_get_status:/home/sazma/ws_tm/install/tm_mod_urdf:/home/sazma/ws_tm/install/tm_get_status:/opt/ros/humble LD_LIBRARY_PATH=/home/sazma/ws_future/install/moveit_ros_planning_interface/lib:/home/sazma/ws_future/install/moveit_ros_move_group/lib:/home/sazma/ws_future/install/moveit_ros_warehouse/lib:/home/sazma/ws_future/install/moveit_ros_robot_interaction/lib:/home/sazma/ws_future/install/moveit_kinematics/lib:/home/sazma/ws_future/install/moveit_ros_planning/lib:/home/sazma/ws_future/install/moveit_ros_occupancy_map_monitor/lib:/home/sazma/ws_future/install/moveit_core/lib:/home/sazma/ws_future/install/moveit_msgs/lib:${LD_LIBRARY_PATH} PATH=/home/sazma/ws_future/install/moveit_core/bin:${PATH} PYTHONPATH=/home/sazma/ws_future/install/moveit_msgs/local/lib/python3.10/dist-packages:${PYTHONPATH} /usr/bin/cmake --install /home/sazma/ws_future/build/moveit_ros_visualization
