[0.456s] Invoking command in '/home/sazma/ws_future/build/moveit_ros_planning': CMAKE_PREFIX_PATH=/home/sazma/ws_future/install/moveit_ros_occupancy_map_monitor:/home/sazma/ws_future/install/moveit_core:/home/sazma/ws_future/install/moveit_resources_panda_moveit_config:/home/sazma/ws_future/install/moveit_resources_panda_description:/home/sazma/ws_future/install/moveit_msgs:/home/sazma/ws_future/install/moveit_common:/home/sazma/ws_future/install/ui_for_debug_and_demo:/home/sazma/ws_future/install/tm_driver:/home/sazma/ws_future/install/demo:/home/sazma/ws_future/install/tm_msgs:/home/sazma/ws_future/install/tm_moveit_cpp_demo:/home/sazma/ws_future/install/tm_moveit_config_tm5x-900:/home/sazma/ws_future/install/tm_moveit_config_tm5x-700:/home/sazma/ws_future/install/tm_moveit_config_tm5-900:/home/sazma/ws_future/install/tm_moveit_config_tm5-700:/home/sazma/ws_future/install/tm_moveit_config_tm14x:/home/sazma/ws_future/install/tm_moveit_config_tm14:/home/sazma/ws_future/install/tm_moveit_config_tm12x:/home/sazma/ws_future/install/tm_moveit_config_tm12:/home/sazma/ws_future/install/demo_tmr5_900:/home/sazma/ws_future/install/tm_description:/home/sazma/ws_future/install/custom_package:/home/sazma/ws_future/install/techman_robot_msgs:/home/sazma/ws_future/install/moveit2_tutorials:/home/sazma/ws_future/install/moveit_visual_tools:/home/sazma/ws_future/install/rviz_visual_tools:/home/sazma/ws_future/install/moveit_task_constructor_visualization:/home/sazma/ws_future/install/moveit_task_constructor_demo:/home/sazma/ws_future/install/moveit_task_constructor_capabilities:/home/sazma/ws_future/install/moveit_task_constructor_core:/home/sazma/ws_future/install/rviz_marker_tools:/home/sazma/ws_future/install/pilz_industrial_motion_planner_testutils:/home/sazma/ws_future/install/moveit_runtime:/home/sazma/ws_future/install/moveit:/home/sazma/ws_future/install/kinova_gen3_7dof_robotiq_2f_85_moveit_config:/home/sazma/ws_future/install/kinova_gen3_6dof_robotiq_2f_85_moveit_config:/home/sazma/ws_future/install/moveit_planners:/home/sazma/ws_future/install/pilz_industrial_motion_planner:/home/sazma/ws_future/install/pick_ik:/home/sazma/ws_future/install/moveit_task_constructor_msgs:/home/sazma/ws_future/install/moveit_ros_control_interface:/home/sazma/ws_future/install/moveit_plugins:/home/sazma/ws_future/install/moveit_simple_controller_manager:/home/sazma/ws_future/install/moveit_setup_assistant:/home/sazma/ws_future/install/moveit_setup_srdf_plugins:/home/sazma/ws_future/install/moveit_setup_core_plugins:/home/sazma/ws_future/install/moveit_setup_controllers:/home/sazma/ws_future/install/moveit_setup_app_plugins:/home/sazma/ws_future/install/moveit_setup_framework:/home/sazma/ws_future/install/moveit_servo:/home/sazma/ws_future/install/moveit_ros:/home/sazma/ws_future/install/moveit_ros_visualization:/home/sazma/ws_future/install/moveit_py:/home/sazma/ws_future/install/moveit_hybrid_planning:/home/sazma/ws_future/install/moveit_ros_planning_interface:/home/sazma/ws_future/install/moveit_ros_benchmarks:/home/sazma/ws_future/install/moveit_ros_warehouse:/home/sazma/ws_future/install/moveit_ros_robot_interaction:/home/sazma/ws_future/install/moveit_ros_perception:/home/sazma/ws_future/install/moveit_resources_prbt_pg70_support:/home/sazma/ws_future/install/moveit_resources_prbt_moveit_config:/home/sazma/ws_future/install/moveit_ros_move_group:/home/sazma/ws_future/install/moveit_planners_ompl:/home/sazma/ws_future/install/moveit_kinematics:/home/sazma/ws_future/install/moveit_ros_planning:/home/sazma/ws_future/install/moveit_resources_prbt_support:/home/sazma/ws_future/install/moveit_resources_prbt_ikfast_manipulator_plugin:/home/sazma/ws_future/install/moveit_resources:/home/sazma/ws_future/install/moveit_resources_pr2_description:/home/sazma/ws_future/install/dual_arm_panda_moveit_config:/home/sazma/ws_future/install/moveit_resources_fanuc_moveit_config:/home/sazma/ws_future/install/moveit_resources_fanuc_description:/home/sazma/ws_future/install/moveit_planners_stomp:/home/sazma/ws_future/install/moveit_planners_chomp:/home/sazma/ws_future/install/moveit_chomp_optimizer_adapter:/home/sazma/ws_future/install/chomp_motion_planner:/home/sazma/ws_future/install/kortex_bringup:/home/sazma/ws_future/install/kortex_driver:/home/sazma/ws_future/install/kortex_description:/home/sazma/ws_future/install/kortex_api:/home/sazma/tm5_900_ws/install/demo_tmr5_900:/home/sazma/ws_future/install/tm_mod_urdf:/home/sazma/ws_future/install/tm_get_status:/home/sazma/ws_future/install/moveit_configs_utils:/opt/ros/humble LD_LIBRARY_PATH=/home/sazma/ws_future/install/moveit_ros_occupancy_map_monitor/lib:/home/sazma/ws_future/install/moveit_core/lib:/home/sazma/ws_future/install/moveit_msgs/lib:/home/sazma/ws_future/install/tm_msgs/lib:/home/sazma/ws_future/install/techman_robot_msgs/lib:/home/sazma/ws_future/install/moveit_visual_tools/lib:/home/sazma/ws_future/install/rviz_visual_tools/lib:/home/sazma/ws_future/install/moveit_task_constructor_visualization/lib:/home/sazma/ws_future/install/moveit_task_constructor_demo/lib:/home/sazma/ws_future/install/moveit_task_constructor_capabilities/lib:/home/sazma/ws_future/install/moveit_task_constructor_core/lib:/home/sazma/ws_future/install/rviz_marker_tools/lib:/home/sazma/ws_future/install/pilz_industrial_motion_planner_testutils/lib:/home/sazma/ws_future/install/pilz_industrial_motion_planner/lib:/home/sazma/ws_future/install/pick_ik/lib:/home/sazma/ws_future/install/moveit_task_constructor_msgs/lib:/home/sazma/ws_future/install/moveit_ros_control_interface/lib:/home/sazma/ws_future/install/moveit_simple_controller_manager/lib:/home/sazma/ws_future/install/moveit_setup_assistant/lib:/home/sazma/ws_future/install/moveit_setup_srdf_plugins/lib:/home/sazma/ws_future/install/moveit_setup_core_plugins/lib:/home/sazma/ws_future/install/moveit_setup_controllers/lib:/home/sazma/ws_future/install/moveit_setup_app_plugins/lib:/home/sazma/ws_future/install/moveit_setup_framework/lib:/home/sazma/ws_future/install/moveit_servo/lib:/home/sazma/ws_future/install/moveit_ros_visualization/lib:/home/sazma/ws_future/install/moveit_py/lib:/home/sazma/ws_future/install/moveit_hybrid_planning/lib:/home/sazma/ws_future/install/moveit_ros_planning_interface/lib:/home/sazma/ws_future/install/moveit_ros_benchmarks/lib:/home/sazma/ws_future/install/moveit_ros_warehouse/lib:/home/sazma/ws_future/install/moveit_ros_robot_interaction/lib:/home/sazma/ws_future/install/moveit_ros_perception/lib:/home/sazma/ws_future/install/moveit_ros_move_group/lib:/home/sazma/ws_future/install/moveit_planners_ompl/lib:/home/sazma/ws_future/install/moveit_kinematics/lib:/home/sazma/ws_future/install/moveit_ros_planning/lib:/home/sazma/ws_future/install/moveit_resources_prbt_ikfast_manipulator_plugin/lib:/home/sazma/ws_future/install/moveit_planners_stomp/lib:/home/sazma/ws_future/install/moveit_planners_chomp/lib:/home/sazma/ws_future/install/moveit_chomp_optimizer_adapter/lib:/home/sazma/ws_future/install/chomp_motion_planner/lib:/home/sazma/ws_future/install/kortex_driver/lib:/opt/ros/humble/opt/rviz_ogre_vendor/lib:/opt/ros/humble/lib/x86_64-linux-gnu:/opt/ros/humble/lib /usr/bin/cmake --build /home/sazma/ws_future/build/moveit_ros_planning -- -j12 -l12
[0.543s] [  1%] Built target kinematics_parameters
[0.553s] [  5%] Built target moveit_rdf_loader
[0.555s] [  7%] Built target planning_pipeline_parameters
[0.558s] [ 10%] Built target moveit_list_planning_adapter_plugins
[0.558s] [ 14%] Built target gmock
[0.559s] [ 17%] Built target moveit_collision_plugin_loader
[0.562s] [ 19%] Built target default_plan_request_adapter_parameters
[0.563s] [ 22%] Built target gmock_main
[0.597s] [ 27%] Built target moveit_constraint_sampler_manager_loader
[0.598s] [ 27%] Built target moveit_kinematics_plugin_loader
[0.598s] [ 30%] Built target moveit_planning_pipeline
[0.619s] [ 44%] Built target moveit_default_planning_request_adapter_plugins
[0.633s] [ 47%] Built target moveit_robot_model_loader
[0.638s] [ 54%] Built target moveit_planning_pipeline_interfaces
[0.666s] [ 57%] Built target moveit_print_planning_model_info
[0.704s] [ 66%] Built target moveit_planning_scene_monitor
[0.737s] [ 69%] Built target demo_scene
[0.739s] [ 72%] Built target current_state_monitor_tests
[0.740s] [ 75%] Built target moveit_evaluate_collision_checking_speed
[0.742s] [ 77%] Built target moveit_visualize_robot_collision_volume
[0.743s] [ 80%] Built target moveit_print_planning_scene_info
[0.744s] [ 83%] Built target moveit_trajectory_execution_manager
[0.744s] [ 86%] Built target moveit_publish_scene_from_text
[0.745s] [ 89%] Built target moveit_display_random_state
[0.745s] [ 92%] Built target trajectory_monitor_tests
[0.783s] [ 95%] Built target moveit_plan_execution
[0.785s] [100%] Built target moveit_cpp
[1.007s] Invoked command in '/home/sazma/ws_future/build/moveit_ros_planning' returned '0': CMAKE_PREFIX_PATH=/home/sazma/ws_future/install/moveit_ros_occupancy_map_monitor:/home/sazma/ws_future/install/moveit_core:/home/sazma/ws_future/install/moveit_resources_panda_moveit_config:/home/sazma/ws_future/install/moveit_resources_panda_description:/home/sazma/ws_future/install/moveit_msgs:/home/sazma/ws_future/install/moveit_common:/home/sazma/ws_future/install/ui_for_debug_and_demo:/home/sazma/ws_future/install/tm_driver:/home/sazma/ws_future/install/demo:/home/sazma/ws_future/install/tm_msgs:/home/sazma/ws_future/install/tm_moveit_cpp_demo:/home/sazma/ws_future/install/tm_moveit_config_tm5x-900:/home/sazma/ws_future/install/tm_moveit_config_tm5x-700:/home/sazma/ws_future/install/tm_moveit_config_tm5-900:/home/sazma/ws_future/install/tm_moveit_config_tm5-700:/home/sazma/ws_future/install/tm_moveit_config_tm14x:/home/sazma/ws_future/install/tm_moveit_config_tm14:/home/sazma/ws_future/install/tm_moveit_config_tm12x:/home/sazma/ws_future/install/tm_moveit_config_tm12:/home/sazma/ws_future/install/demo_tmr5_900:/home/sazma/ws_future/install/tm_description:/home/sazma/ws_future/install/custom_package:/home/sazma/ws_future/install/techman_robot_msgs:/home/sazma/ws_future/install/moveit2_tutorials:/home/sazma/ws_future/install/moveit_visual_tools:/home/sazma/ws_future/install/rviz_visual_tools:/home/sazma/ws_future/install/moveit_task_constructor_visualization:/home/sazma/ws_future/install/moveit_task_constructor_demo:/home/sazma/ws_future/install/moveit_task_constructor_capabilities:/home/sazma/ws_future/install/moveit_task_constructor_core:/home/sazma/ws_future/install/rviz_marker_tools:/home/sazma/ws_future/install/pilz_industrial_motion_planner_testutils:/home/sazma/ws_future/install/moveit_runtime:/home/sazma/ws_future/install/moveit:/home/sazma/ws_future/install/kinova_gen3_7dof_robotiq_2f_85_moveit_config:/home/sazma/ws_future/install/kinova_gen3_6dof_robotiq_2f_85_moveit_config:/home/sazma/ws_future/install/moveit_planners:/home/sazma/ws_future/install/pilz_industrial_motion_planner:/home/sazma/ws_future/install/pick_ik:/home/sazma/ws_future/install/moveit_task_constructor_msgs:/home/sazma/ws_future/install/moveit_ros_control_interface:/home/sazma/ws_future/install/moveit_plugins:/home/sazma/ws_future/install/moveit_simple_controller_manager:/home/sazma/ws_future/install/moveit_setup_assistant:/home/sazma/ws_future/install/moveit_setup_srdf_plugins:/home/sazma/ws_future/install/moveit_setup_core_plugins:/home/sazma/ws_future/install/moveit_setup_controllers:/home/sazma/ws_future/install/moveit_setup_app_plugins:/home/sazma/ws_future/install/moveit_setup_framework:/home/sazma/ws_future/install/moveit_servo:/home/sazma/ws_future/install/moveit_ros:/home/sazma/ws_future/install/moveit_ros_visualization:/home/sazma/ws_future/install/moveit_py:/home/sazma/ws_future/install/moveit_hybrid_planning:/home/sazma/ws_future/install/moveit_ros_planning_interface:/home/sazma/ws_future/install/moveit_ros_benchmarks:/home/sazma/ws_future/install/moveit_ros_warehouse:/home/sazma/ws_future/install/moveit_ros_robot_interaction:/home/sazma/ws_future/install/moveit_ros_perception:/home/sazma/ws_future/install/moveit_resources_prbt_pg70_support:/home/sazma/ws_future/install/moveit_resources_prbt_moveit_config:/home/sazma/ws_future/install/moveit_ros_move_group:/home/sazma/ws_future/install/moveit_planners_ompl:/home/sazma/ws_future/install/moveit_kinematics:/home/sazma/ws_future/install/moveit_ros_planning:/home/sazma/ws_future/install/moveit_resources_prbt_support:/home/sazma/ws_future/install/moveit_resources_prbt_ikfast_manipulator_plugin:/home/sazma/ws_future/install/moveit_resources:/home/sazma/ws_future/install/moveit_resources_pr2_description:/home/sazma/ws_future/install/dual_arm_panda_moveit_config:/home/sazma/ws_future/install/moveit_resources_fanuc_moveit_config:/home/sazma/ws_future/install/moveit_resources_fanuc_description:/home/sazma/ws_future/install/moveit_planners_stomp:/home/sazma/ws_future/install/moveit_planners_chomp:/home/sazma/ws_future/install/moveit_chomp_optimizer_adapter:/home/sazma/ws_future/install/chomp_motion_planner:/home/sazma/ws_future/install/kortex_bringup:/home/sazma/ws_future/install/kortex_driver:/home/sazma/ws_future/install/kortex_description:/home/sazma/ws_future/install/kortex_api:/home/sazma/tm5_900_ws/install/demo_tmr5_900:/home/sazma/ws_future/install/tm_mod_urdf:/home/sazma/ws_future/install/tm_get_status:/home/sazma/ws_future/install/moveit_configs_utils:/opt/ros/humble LD_LIBRARY_PATH=/home/sazma/ws_future/install/moveit_ros_occupancy_map_monitor/lib:/home/sazma/ws_future/install/moveit_core/lib:/home/sazma/ws_future/install/moveit_msgs/lib:/home/sazma/ws_future/install/tm_msgs/lib:/home/sazma/ws_future/install/techman_robot_msgs/lib:/home/sazma/ws_future/install/moveit_visual_tools/lib:/home/sazma/ws_future/install/rviz_visual_tools/lib:/home/sazma/ws_future/install/moveit_task_constructor_visualization/lib:/home/sazma/ws_future/install/moveit_task_constructor_demo/lib:/home/sazma/ws_future/install/moveit_task_constructor_capabilities/lib:/home/sazma/ws_future/install/moveit_task_constructor_core/lib:/home/sazma/ws_future/install/rviz_marker_tools/lib:/home/sazma/ws_future/install/pilz_industrial_motion_planner_testutils/lib:/home/sazma/ws_future/install/pilz_industrial_motion_planner/lib:/home/sazma/ws_future/install/pick_ik/lib:/home/sazma/ws_future/install/moveit_task_constructor_msgs/lib:/home/sazma/ws_future/install/moveit_ros_control_interface/lib:/home/sazma/ws_future/install/moveit_simple_controller_manager/lib:/home/sazma/ws_future/install/moveit_setup_assistant/lib:/home/sazma/ws_future/install/moveit_setup_srdf_plugins/lib:/home/sazma/ws_future/install/moveit_setup_core_plugins/lib:/home/sazma/ws_future/install/moveit_setup_controllers/lib:/home/sazma/ws_future/install/moveit_setup_app_plugins/lib:/home/sazma/ws_future/install/moveit_setup_framework/lib:/home/sazma/ws_future/install/moveit_servo/lib:/home/sazma/ws_future/install/moveit_ros_visualization/lib:/home/sazma/ws_future/install/moveit_py/lib:/home/sazma/ws_future/install/moveit_hybrid_planning/lib:/home/sazma/ws_future/install/moveit_ros_planning_interface/lib:/home/sazma/ws_future/install/moveit_ros_benchmarks/lib:/home/sazma/ws_future/install/moveit_ros_warehouse/lib:/home/sazma/ws_future/install/moveit_ros_robot_interaction/lib:/home/sazma/ws_future/install/moveit_ros_perception/lib:/home/sazma/ws_future/install/moveit_ros_move_group/lib:/home/sazma/ws_future/install/moveit_planners_ompl/lib:/home/sazma/ws_future/install/moveit_kinematics/lib:/home/sazma/ws_future/install/moveit_ros_planning/lib:/home/sazma/ws_future/install/moveit_resources_prbt_ikfast_manipulator_plugin/lib:/home/sazma/ws_future/install/moveit_planners_stomp/lib:/home/sazma/ws_future/install/moveit_planners_chomp/lib:/home/sazma/ws_future/install/moveit_chomp_optimizer_adapter/lib:/home/sazma/ws_future/install/chomp_motion_planner/lib:/home/sazma/ws_future/install/kortex_driver/lib:/opt/ros/humble/opt/rviz_ogre_vendor/lib:/opt/ros/humble/lib/x86_64-linux-gnu:/opt/ros/humble/lib /usr/bin/cmake --build /home/sazma/ws_future/build/moveit_ros_planning -- -j12 -l12
[1.268s] Invoking command in '/home/sazma/ws_future/build/moveit_ros_planning': CMAKE_PREFIX_PATH=/home/sazma/ws_future/install/moveit_ros_occupancy_map_monitor:/home/sazma/ws_future/install/moveit_core:/home/sazma/ws_future/install/moveit_resources_panda_moveit_config:/home/sazma/ws_future/install/moveit_resources_panda_description:/home/sazma/ws_future/install/moveit_msgs:/home/sazma/ws_future/install/moveit_common:/home/sazma/ws_future/install/ui_for_debug_and_demo:/home/sazma/ws_future/install/tm_driver:/home/sazma/ws_future/install/demo:/home/sazma/ws_future/install/tm_msgs:/home/sazma/ws_future/install/tm_moveit_cpp_demo:/home/sazma/ws_future/install/tm_moveit_config_tm5x-900:/home/sazma/ws_future/install/tm_moveit_config_tm5x-700:/home/sazma/ws_future/install/tm_moveit_config_tm5-900:/home/sazma/ws_future/install/tm_moveit_config_tm5-700:/home/sazma/ws_future/install/tm_moveit_config_tm14x:/home/sazma/ws_future/install/tm_moveit_config_tm14:/home/sazma/ws_future/install/tm_moveit_config_tm12x:/home/sazma/ws_future/install/tm_moveit_config_tm12:/home/sazma/ws_future/install/demo_tmr5_900:/home/sazma/ws_future/install/tm_description:/home/sazma/ws_future/install/custom_package:/home/sazma/ws_future/install/techman_robot_msgs:/home/sazma/ws_future/install/moveit2_tutorials:/home/sazma/ws_future/install/moveit_visual_tools:/home/sazma/ws_future/install/rviz_visual_tools:/home/sazma/ws_future/install/moveit_task_constructor_visualization:/home/sazma/ws_future/install/moveit_task_constructor_demo:/home/sazma/ws_future/install/moveit_task_constructor_capabilities:/home/sazma/ws_future/install/moveit_task_constructor_core:/home/sazma/ws_future/install/rviz_marker_tools:/home/sazma/ws_future/install/pilz_industrial_motion_planner_testutils:/home/sazma/ws_future/install/moveit_runtime:/home/sazma/ws_future/install/moveit:/home/sazma/ws_future/install/kinova_gen3_7dof_robotiq_2f_85_moveit_config:/home/sazma/ws_future/install/kinova_gen3_6dof_robotiq_2f_85_moveit_config:/home/sazma/ws_future/install/moveit_planners:/home/sazma/ws_future/install/pilz_industrial_motion_planner:/home/sazma/ws_future/install/pick_ik:/home/sazma/ws_future/install/moveit_task_constructor_msgs:/home/sazma/ws_future/install/moveit_ros_control_interface:/home/sazma/ws_future/install/moveit_plugins:/home/sazma/ws_future/install/moveit_simple_controller_manager:/home/sazma/ws_future/install/moveit_setup_assistant:/home/sazma/ws_future/install/moveit_setup_srdf_plugins:/home/sazma/ws_future/install/moveit_setup_core_plugins:/home/sazma/ws_future/install/moveit_setup_controllers:/home/sazma/ws_future/install/moveit_setup_app_plugins:/home/sazma/ws_future/install/moveit_setup_framework:/home/sazma/ws_future/install/moveit_servo:/home/sazma/ws_future/install/moveit_ros:/home/sazma/ws_future/install/moveit_ros_visualization:/home/sazma/ws_future/install/moveit_py:/home/sazma/ws_future/install/moveit_hybrid_planning:/home/sazma/ws_future/install/moveit_ros_planning_interface:/home/sazma/ws_future/install/moveit_ros_benchmarks:/home/sazma/ws_future/install/moveit_ros_warehouse:/home/sazma/ws_future/install/moveit_ros_robot_interaction:/home/sazma/ws_future/install/moveit_ros_perception:/home/sazma/ws_future/install/moveit_resources_prbt_pg70_support:/home/sazma/ws_future/install/moveit_resources_prbt_moveit_config:/home/sazma/ws_future/install/moveit_ros_move_group:/home/sazma/ws_future/install/moveit_planners_ompl:/home/sazma/ws_future/install/moveit_kinematics:/home/sazma/ws_future/install/moveit_ros_planning:/home/sazma/ws_future/install/moveit_resources_prbt_support:/home/sazma/ws_future/install/moveit_resources_prbt_ikfast_manipulator_plugin:/home/sazma/ws_future/install/moveit_resources:/home/sazma/ws_future/install/moveit_resources_pr2_description:/home/sazma/ws_future/install/dual_arm_panda_moveit_config:/home/sazma/ws_future/install/moveit_resources_fanuc_moveit_config:/home/sazma/ws_future/install/moveit_resources_fanuc_description:/home/sazma/ws_future/install/moveit_planners_stomp:/home/sazma/ws_future/install/moveit_planners_chomp:/home/sazma/ws_future/install/moveit_chomp_optimizer_adapter:/home/sazma/ws_future/install/chomp_motion_planner:/home/sazma/ws_future/install/kortex_bringup:/home/sazma/ws_future/install/kortex_driver:/home/sazma/ws_future/install/kortex_description:/home/sazma/ws_future/install/kortex_api:/home/sazma/tm5_900_ws/install/demo_tmr5_900:/home/sazma/ws_future/install/tm_mod_urdf:/home/sazma/ws_future/install/tm_get_status:/home/sazma/ws_future/install/moveit_configs_utils:/opt/ros/humble LD_LIBRARY_PATH=/home/sazma/ws_future/install/moveit_ros_occupancy_map_monitor/lib:/home/sazma/ws_future/install/moveit_core/lib:/home/sazma/ws_future/install/moveit_msgs/lib:/home/sazma/ws_future/install/tm_msgs/lib:/home/sazma/ws_future/install/techman_robot_msgs/lib:/home/sazma/ws_future/install/moveit_visual_tools/lib:/home/sazma/ws_future/install/rviz_visual_tools/lib:/home/sazma/ws_future/install/moveit_task_constructor_visualization/lib:/home/sazma/ws_future/install/moveit_task_constructor_demo/lib:/home/sazma/ws_future/install/moveit_task_constructor_capabilities/lib:/home/sazma/ws_future/install/moveit_task_constructor_core/lib:/home/sazma/ws_future/install/rviz_marker_tools/lib:/home/sazma/ws_future/install/pilz_industrial_motion_planner_testutils/lib:/home/sazma/ws_future/install/pilz_industrial_motion_planner/lib:/home/sazma/ws_future/install/pick_ik/lib:/home/sazma/ws_future/install/moveit_task_constructor_msgs/lib:/home/sazma/ws_future/install/moveit_ros_control_interface/lib:/home/sazma/ws_future/install/moveit_simple_controller_manager/lib:/home/sazma/ws_future/install/moveit_setup_assistant/lib:/home/sazma/ws_future/install/moveit_setup_srdf_plugins/lib:/home/sazma/ws_future/install/moveit_setup_core_plugins/lib:/home/sazma/ws_future/install/moveit_setup_controllers/lib:/home/sazma/ws_future/install/moveit_setup_app_plugins/lib:/home/sazma/ws_future/install/moveit_setup_framework/lib:/home/sazma/ws_future/install/moveit_servo/lib:/home/sazma/ws_future/install/moveit_ros_visualization/lib:/home/sazma/ws_future/install/moveit_py/lib:/home/sazma/ws_future/install/moveit_hybrid_planning/lib:/home/sazma/ws_future/install/moveit_ros_planning_interface/lib:/home/sazma/ws_future/install/moveit_ros_benchmarks/lib:/home/sazma/ws_future/install/moveit_ros_warehouse/lib:/home/sazma/ws_future/install/moveit_ros_robot_interaction/lib:/home/sazma/ws_future/install/moveit_ros_perception/lib:/home/sazma/ws_future/install/moveit_ros_move_group/lib:/home/sazma/ws_future/install/moveit_planners_ompl/lib:/home/sazma/ws_future/install/moveit_kinematics/lib:/home/sazma/ws_future/install/moveit_ros_planning/lib:/home/sazma/ws_future/install/moveit_resources_prbt_ikfast_manipulator_plugin/lib:/home/sazma/ws_future/install/moveit_planners_stomp/lib:/home/sazma/ws_future/install/moveit_planners_chomp/lib:/home/sazma/ws_future/install/moveit_chomp_optimizer_adapter/lib:/home/sazma/ws_future/install/chomp_motion_planner/lib:/home/sazma/ws_future/install/kortex_driver/lib:/opt/ros/humble/opt/rviz_ogre_vendor/lib:/opt/ros/humble/lib/x86_64-linux-gnu:/opt/ros/humble/lib /usr/bin/cmake --install /home/sazma/ws_future/build/moveit_ros_planning
[1.276s] -- Install configuration: "Release"
[1.276s] -- Up-to-date: /home/sazma/ws_future/install/moveit_ros_planning/include/moveit_ros_planning
[1.276s] -- Up-to-date: /home/sazma/ws_future/install/moveit_ros_planning/include/moveit_ros_planning/moveit
[1.277s] -- Up-to-date: /home/sazma/ws_future/install/moveit_ros_planning/include/moveit_ros_planning/moveit/collision_plugin_loader
[1.277s] -- Up-to-date: /home/sazma/ws_future/install/moveit_ros_planning/include/moveit_ros_planning/moveit/collision_plugin_loader/collision_plugin_loader.h
[1.277s] -- Up-to-date: /home/sazma/ws_future/install/moveit_ros_planning/include/moveit_ros_planning
[1.277s] -- Up-to-date: /home/sazma/ws_future/install/moveit_ros_planning/include/moveit_ros_planning/moveit
[1.277s] -- Up-to-date: /home/sazma/ws_future/install/moveit_ros_planning/include/moveit_ros_planning/moveit/constraint_sampler_manager_loader
[1.277s] -- Up-to-date: /home/sazma/ws_future/install/moveit_ros_planning/include/moveit_ros_planning/moveit/constraint_sampler_manager_loader/constraint_sampler_manager_loader.h
[1.277s] -- Up-to-date: /home/sazma/ws_future/install/moveit_ros_planning/lib/moveit_ros_planning/moveit_list_planning_adapter_plugins
[1.277s] -- Up-to-date: /home/sazma/ws_future/install/moveit_ros_planning/include/kinematics_parameters
[1.277s] -- Up-to-date: /home/sazma/ws_future/install/moveit_ros_planning/include/kinematics_parameters/kinematics_parameters.hpp
[1.277s] -- Up-to-date: /home/sazma/ws_future/install/moveit_ros_planning/include/moveit_ros_planning
[1.277s] -- Up-to-date: /home/sazma/ws_future/install/moveit_ros_planning/include/moveit_ros_planning/moveit
[1.277s] -- Up-to-date: /home/sazma/ws_future/install/moveit_ros_planning/include/moveit_ros_planning/moveit/kinematics_plugin_loader
[1.277s] -- Up-to-date: /home/sazma/ws_future/install/moveit_ros_planning/include/moveit_ros_planning/moveit/kinematics_plugin_loader/kinematics_plugin_loader.h
[1.277s] -- Up-to-date: /home/sazma/ws_future/install/moveit_ros_planning/include/moveit_ros_planning
[1.278s] -- Up-to-date: /home/sazma/ws_future/install/moveit_ros_planning/include/moveit_ros_planning/moveit
[1.278s] -- Up-to-date: /home/sazma/ws_future/install/moveit_ros_planning/include/moveit_ros_planning/moveit/moveit_cpp
[1.278s] -- Up-to-date: /home/sazma/ws_future/install/moveit_ros_planning/include/moveit_ros_planning/moveit/moveit_cpp/planning_component.h
[1.278s] -- Up-to-date: /home/sazma/ws_future/install/moveit_ros_planning/include/moveit_ros_planning/moveit/moveit_cpp/moveit_cpp.h
[1.278s] -- Up-to-date: /home/sazma/ws_future/install/moveit_ros_planning/include/moveit_ros_planning
[1.278s] -- Up-to-date: /home/sazma/ws_future/install/moveit_ros_planning/include/moveit_ros_planning/moveit
[1.278s] -- Up-to-date: /home/sazma/ws_future/install/moveit_ros_planning/include/moveit_ros_planning/moveit/plan_execution
[1.278s] -- Up-to-date: /home/sazma/ws_future/install/moveit_ros_planning/include/moveit_ros_planning/moveit/plan_execution/plan_execution.h
[1.278s] -- Up-to-date: /home/sazma/ws_future/install/moveit_ros_planning/include/moveit_ros_planning/moveit/plan_execution/plan_representation.h
[1.278s] -- Up-to-date: /home/sazma/ws_future/install/moveit_ros_planning/lib/moveit_ros_planning/moveit_print_planning_model_info
[1.278s] -- Up-to-date: /home/sazma/ws_future/install/moveit_ros_planning/lib/moveit_ros_planning/moveit_print_planning_scene_info
[1.278s] -- Up-to-date: /home/sazma/ws_future/install/moveit_ros_planning/lib/moveit_ros_planning/moveit_display_random_state
[1.278s] -- Up-to-date: /home/sazma/ws_future/install/moveit_ros_planning/lib/moveit_ros_planning/moveit_visualize_robot_collision_volume
[1.279s] -- Up-to-date: /home/sazma/ws_future/install/moveit_ros_planning/lib/moveit_ros_planning/moveit_evaluate_collision_checking_speed
[1.279s] -- Up-to-date: /home/sazma/ws_future/install/moveit_ros_planning/lib/moveit_ros_planning/moveit_publish_scene_from_text
[1.279s] -- Up-to-date: /home/sazma/ws_future/install/moveit_ros_planning/include/planning_pipeline_parameters
[1.279s] -- Up-to-date: /home/sazma/ws_future/install/moveit_ros_planning/include/planning_pipeline_parameters/planning_pipeline_parameters.hpp
[1.279s] -- Up-to-date: /home/sazma/ws_future/install/moveit_ros_planning/include/moveit_ros_planning
[1.279s] -- Up-to-date: /home/sazma/ws_future/install/moveit_ros_planning/include/moveit_ros_planning/moveit
[1.279s] -- Up-to-date: /home/sazma/ws_future/install/moveit_ros_planning/include/moveit_ros_planning/moveit/planning_pipeline
[1.279s] -- Up-to-date: /home/sazma/ws_future/install/moveit_ros_planning/include/moveit_ros_planning/moveit/planning_pipeline/planning_pipeline.h
[1.280s] -- Up-to-date: /home/sazma/ws_future/install/moveit_ros_planning/include/moveit_ros_planning/moveit_planning_pipeline_export.h
[1.280s] -- Up-to-date: /home/sazma/ws_future/install/moveit_ros_planning/include/moveit_ros_planning
[1.280s] -- Up-to-date: /home/sazma/ws_future/install/moveit_ros_planning/include/moveit_ros_planning/moveit
[1.280s] -- Up-to-date: /home/sazma/ws_future/install/moveit_ros_planning/include/moveit_ros_planning/moveit/planning_pipeline_interfaces
[1.280s] -- Up-to-date: /home/sazma/ws_future/install/moveit_ros_planning/include/moveit_ros_planning/moveit/planning_pipeline_interfaces/plan_responses_container.hpp
[1.280s] -- Up-to-date: /home/sazma/ws_future/install/moveit_ros_planning/include/moveit_ros_planning/moveit/planning_pipeline_interfaces/solution_selection_functions.hpp
[1.280s] -- Up-to-date: /home/sazma/ws_future/install/moveit_ros_planning/include/moveit_ros_planning/moveit/planning_pipeline_interfaces/planning_pipeline_interfaces.hpp
[1.280s] -- Up-to-date: /home/sazma/ws_future/install/moveit_ros_planning/include/moveit_ros_planning/moveit/planning_pipeline_interfaces/stopping_criterion_functions.hpp
[1.280s] -- Up-to-date: /home/sazma/ws_future/install/moveit_ros_planning/include/moveit_ros_planning/moveit_planning_pipeline_interfaces_export.h
[1.280s] -- Up-to-date: /home/sazma/ws_future/install/moveit_ros_planning/include/default_plan_request_adapter_parameters
[1.280s] -- Up-to-date: /home/sazma/ws_future/install/moveit_ros_planning/include/default_plan_request_adapter_parameters/default_plan_request_adapter_parameters.hpp
[1.280s] -- Up-to-date: /home/sazma/ws_future/install/moveit_ros_planning/lib/moveit_ros_planning/demo_scene
[1.280s] -- Up-to-date: /home/sazma/ws_future/install/moveit_ros_planning/include/moveit_ros_planning
[1.280s] -- Up-to-date: /home/sazma/ws_future/install/moveit_ros_planning/include/moveit_ros_planning/moveit
[1.281s] -- Up-to-date: /home/sazma/ws_future/install/moveit_ros_planning/include/moveit_ros_planning/moveit/planning_scene_monitor
[1.281s] -- Up-to-date: /home/sazma/ws_future/install/moveit_ros_planning/include/moveit_ros_planning/moveit/planning_scene_monitor/trajectory_monitor.h
[1.281s] -- Up-to-date: /home/sazma/ws_future/install/moveit_ros_planning/include/moveit_ros_planning/moveit/planning_scene_monitor/current_state_monitor_middleware_handle.hpp
[1.281s] -- Up-to-date: /home/sazma/ws_future/install/moveit_ros_planning/include/moveit_ros_planning/moveit/planning_scene_monitor/trajectory_monitor_middleware_handle.hpp
[1.281s] -- Up-to-date: /home/sazma/ws_future/install/moveit_ros_planning/include/moveit_ros_planning/moveit/planning_scene_monitor/planning_scene_monitor.h
[1.281s] -- Up-to-date: /home/sazma/ws_future/install/moveit_ros_planning/include/moveit_ros_planning/moveit/planning_scene_monitor/current_state_monitor.h
[1.281s] -- Up-to-date: /home/sazma/ws_future/install/moveit_ros_planning/include/moveit_ros_planning/moveit_planning_scene_monitor_export.h
[1.281s] -- Up-to-date: /home/sazma/ws_future/install/moveit_ros_planning/include/moveit_ros_planning
[1.281s] -- Up-to-date: /home/sazma/ws_future/install/moveit_ros_planning/include/moveit_ros_planning/moveit
[1.281s] -- Up-to-date: /home/sazma/ws_future/install/moveit_ros_planning/include/moveit_ros_planning/moveit/rdf_loader
[1.281s] -- Up-to-date: /home/sazma/ws_future/install/moveit_ros_planning/include/moveit_ros_planning/moveit/rdf_loader/rdf_loader.h
[1.281s] -- Up-to-date: /home/sazma/ws_future/install/moveit_ros_planning/include/moveit_ros_planning/moveit/rdf_loader/synchronized_string_parameter.h
[1.281s] -- Up-to-date: /home/sazma/ws_future/install/moveit_ros_planning/share/moveit_ros_planning/rdf_loader/test/data
[1.281s] -- Up-to-date: /home/sazma/ws_future/install/moveit_ros_planning/share/moveit_ros_planning/rdf_loader/test/data/robin.srdf.xacro
[1.281s] -- Up-to-date: /home/sazma/ws_future/install/moveit_ros_planning/share/moveit_ros_planning/rdf_loader/test/data/kermit.urdf
[1.282s] -- Up-to-date: /home/sazma/ws_future/install/moveit_ros_planning/share/moveit_ros_planning/rdf_loader/test/data/gonzo.urdf
[1.282s] -- Up-to-date: /home/sazma/ws_future/install/moveit_ros_planning/share/moveit_ros_planning/rdf_loader/test/data/kermit.srdf
[1.282s] -- Up-to-date: /home/sazma/ws_future/install/moveit_ros_planning/share/moveit_ros_planning/rdf_loader/test/data/gonzo.srdf
[1.282s] -- Up-to-date: /home/sazma/ws_future/install/moveit_ros_planning/share/moveit_ros_planning/rdf_loader/test/launch
[1.282s] -- Up-to-date: /home/sazma/ws_future/install/moveit_ros_planning/share/moveit_ros_planning/rdf_loader/test/launch/test_rdf_integration.test.py
[1.282s] -- Up-to-date: /home/sazma/ws_future/install/moveit_ros_planning/include/moveit_ros_planning
[1.282s] -- Up-to-date: /home/sazma/ws_future/install/moveit_ros_planning/include/moveit_ros_planning/moveit
[1.282s] -- Up-to-date: /home/sazma/ws_future/install/moveit_ros_planning/include/moveit_ros_planning/moveit/robot_model_loader
[1.282s] -- Up-to-date: /home/sazma/ws_future/install/moveit_ros_planning/include/moveit_ros_planning/moveit/robot_model_loader/robot_model_loader.h
[1.282s] -- Up-to-date: /home/sazma/ws_future/install/moveit_ros_planning/include/moveit_ros_planning
[1.282s] -- Up-to-date: /home/sazma/ws_future/install/moveit_ros_planning/include/moveit_ros_planning/moveit
[1.282s] -- Up-to-date: /home/sazma/ws_future/install/moveit_ros_planning/include/moveit_ros_planning/moveit/trajectory_execution_manager
[1.282s] -- Up-to-date: /home/sazma/ws_future/install/moveit_ros_planning/include/moveit_ros_planning/moveit/trajectory_execution_manager/trajectory_execution_manager.h
[1.282s] -- Up-to-date: /home/sazma/ws_future/install/moveit_ros_planning/include/moveit_ros_planning/moveit_trajectory_execution_manager_export.h
[1.282s] -- Up-to-date: /home/sazma/ws_future/install/moveit_ros_planning/lib/libmoveit_rdf_loader.so.2.8.0
[1.282s] -- Up-to-date: /home/sazma/ws_future/install/moveit_ros_planning/lib/libmoveit_rdf_loader.so
[1.283s] -- Up-to-date: /home/sazma/ws_future/install/moveit_ros_planning/lib/libmoveit_kinematics_plugin_loader.so.2.8.0
[1.283s] -- Up-to-date: /home/sazma/ws_future/install/moveit_ros_planning/lib/libmoveit_kinematics_plugin_loader.so
[1.283s] -- Up-to-date: /home/sazma/ws_future/install/moveit_ros_planning/lib/libmoveit_robot_model_loader.so.2.8.0
[1.283s] -- Up-to-date: /home/sazma/ws_future/install/moveit_ros_planning/lib/libmoveit_robot_model_loader.so
[1.283s] -- Up-to-date: /home/sazma/ws_future/install/moveit_ros_planning/lib/libmoveit_constraint_sampler_manager_loader.so.2.8.0
[1.283s] -- Up-to-date: /home/sazma/ws_future/install/moveit_ros_planning/lib/libmoveit_constraint_sampler_manager_loader.so
[1.283s] -- Up-to-date: /home/sazma/ws_future/install/moveit_ros_planning/lib/libmoveit_planning_pipeline.so.2.8.0
[1.283s] -- Up-to-date: /home/sazma/ws_future/install/moveit_ros_planning/lib/libmoveit_planning_pipeline.so
[1.283s] -- Up-to-date: /home/sazma/ws_future/install/moveit_ros_planning/lib/libmoveit_planning_pipeline_interfaces.so.2.8.0
[1.283s] -- Up-to-date: /home/sazma/ws_future/install/moveit_ros_planning/lib/libmoveit_planning_pipeline_interfaces.so
[1.283s] -- Up-to-date: /home/sazma/ws_future/install/moveit_ros_planning/lib/libmoveit_trajectory_execution_manager.so.2.8.0
[1.283s] -- Up-to-date: /home/sazma/ws_future/install/moveit_ros_planning/lib/libmoveit_trajectory_execution_manager.so
[1.283s] -- Up-to-date: /home/sazma/ws_future/install/moveit_ros_planning/lib/libmoveit_plan_execution.so.2.8.0
[1.283s] -- Up-to-date: /home/sazma/ws_future/install/moveit_ros_planning/lib/libmoveit_plan_execution.so
[1.283s] -- Up-to-date: /home/sazma/ws_future/install/moveit_ros_planning/lib/libmoveit_planning_scene_monitor.so.2.8.0
[1.284s] -- Up-to-date: /home/sazma/ws_future/install/moveit_ros_planning/lib/libmoveit_planning_scene_monitor.so
[1.284s] -- Up-to-date: /home/sazma/ws_future/install/moveit_ros_planning/lib/libmoveit_collision_plugin_loader.so.2.8.0
[1.284s] -- Up-to-date: /home/sazma/ws_future/install/moveit_ros_planning/lib/libmoveit_collision_plugin_loader.so
[1.284s] -- Up-to-date: /home/sazma/ws_future/install/moveit_ros_planning/lib/libmoveit_default_planning_request_adapter_plugins.so.2.8.0
[1.284s] -- Up-to-date: /home/sazma/ws_future/install/moveit_ros_planning/lib/libmoveit_default_planning_request_adapter_plugins.so
[1.284s] -- Up-to-date: /home/sazma/ws_future/install/moveit_ros_planning/lib/libmoveit_cpp.so.2.8.0
[1.284s] -- Up-to-date: /home/sazma/ws_future/install/moveit_ros_planning/lib/libmoveit_cpp.so
[1.284s] -- Up-to-date: /home/sazma/ws_future/install/moveit_ros_planning/share/moveit_ros_planning/environment/library_path.sh
[1.284s] -- Up-to-date: /home/sazma/ws_future/install/moveit_ros_planning/share/moveit_ros_planning/environment/library_path.dsv
[1.284s] -- Up-to-date: /home/sazma/ws_future/install/moveit_ros_planning/share/moveit_ros_planning/planning_request_adapters_plugin_description.xml
[1.284s] -- Up-to-date: /home/sazma/ws_future/install/moveit_ros_planning/share/ament_index/resource_index/package_run_dependencies/moveit_ros_planning
[1.285s] -- Up-to-date: /home/sazma/ws_future/install/moveit_ros_planning/share/ament_index/resource_index/parent_prefix_path/moveit_ros_planning
[1.285s] -- Up-to-date: /home/sazma/ws_future/install/moveit_ros_planning/share/moveit_ros_planning/environment/ament_prefix_path.sh
[1.285s] -- Up-to-date: /home/sazma/ws_future/install/moveit_ros_planning/share/moveit_ros_planning/environment/ament_prefix_path.dsv
[1.285s] -- Up-to-date: /home/sazma/ws_future/install/moveit_ros_planning/share/moveit_ros_planning/environment/path.sh
[1.285s] -- Up-to-date: /home/sazma/ws_future/install/moveit_ros_planning/share/moveit_ros_planning/environment/path.dsv
[1.285s] -- Up-to-date: /home/sazma/ws_future/install/moveit_ros_planning/share/moveit_ros_planning/local_setup.bash
[1.285s] -- Up-to-date: /home/sazma/ws_future/install/moveit_ros_planning/share/moveit_ros_planning/local_setup.sh
[1.285s] -- Up-to-date: /home/sazma/ws_future/install/moveit_ros_planning/share/moveit_ros_planning/local_setup.zsh
[1.285s] -- Up-to-date: /home/sazma/ws_future/install/moveit_ros_planning/share/moveit_ros_planning/local_setup.dsv
[1.285s] -- Installing: /home/sazma/ws_future/install/moveit_ros_planning/share/moveit_ros_planning/package.dsv
[1.285s] -- Up-to-date: /home/sazma/ws_future/install/moveit_ros_planning/share/ament_index/resource_index/packages/moveit_ros_planning
[1.285s] -- Up-to-date: /home/sazma/ws_future/install/moveit_ros_planning/share/ament_index/resource_index/moveit_core__pluginlib__plugin/moveit_ros_planning
[1.285s] -- Up-to-date: /home/sazma/ws_future/install/moveit_ros_planning/share/moveit_ros_planning/cmake/moveit_ros_planningTargetsExport.cmake
[1.285s] -- Up-to-date: /home/sazma/ws_future/install/moveit_ros_planning/share/moveit_ros_planning/cmake/moveit_ros_planningTargetsExport-release.cmake
[1.285s] -- Up-to-date: /home/sazma/ws_future/install/moveit_ros_planning/share/moveit_ros_planning/cmake/ConfigExtras.cmake
[1.286s] -- Up-to-date: /home/sazma/ws_future/install/moveit_ros_planning/share/moveit_ros_planning/cmake/ament_cmake_export_targets-extras.cmake
[1.286s] -- Up-to-date: /home/sazma/ws_future/install/moveit_ros_planning/share/moveit_ros_planning/cmake/ament_cmake_export_dependencies-extras.cmake
[1.286s] -- Up-to-date: /home/sazma/ws_future/install/moveit_ros_planning/share/moveit_ros_planning/cmake/moveit_ros_planningConfig.cmake
[1.286s] -- Up-to-date: /home/sazma/ws_future/install/moveit_ros_planning/share/moveit_ros_planning/cmake/moveit_ros_planningConfig-version.cmake
[1.286s] -- Up-to-date: /home/sazma/ws_future/install/moveit_ros_planning/share/moveit_ros_planning/package.xml
[1.287s] Invoked command in '/home/sazma/ws_future/build/moveit_ros_planning' returned '0': CMAKE_PREFIX_PATH=/home/sazma/ws_future/install/moveit_ros_occupancy_map_monitor:/home/sazma/ws_future/install/moveit_core:/home/sazma/ws_future/install/moveit_resources_panda_moveit_config:/home/sazma/ws_future/install/moveit_resources_panda_description:/home/sazma/ws_future/install/moveit_msgs:/home/sazma/ws_future/install/moveit_common:/home/sazma/ws_future/install/ui_for_debug_and_demo:/home/sazma/ws_future/install/tm_driver:/home/sazma/ws_future/install/demo:/home/sazma/ws_future/install/tm_msgs:/home/sazma/ws_future/install/tm_moveit_cpp_demo:/home/sazma/ws_future/install/tm_moveit_config_tm5x-900:/home/sazma/ws_future/install/tm_moveit_config_tm5x-700:/home/sazma/ws_future/install/tm_moveit_config_tm5-900:/home/sazma/ws_future/install/tm_moveit_config_tm5-700:/home/sazma/ws_future/install/tm_moveit_config_tm14x:/home/sazma/ws_future/install/tm_moveit_config_tm14:/home/sazma/ws_future/install/tm_moveit_config_tm12x:/home/sazma/ws_future/install/tm_moveit_config_tm12:/home/sazma/ws_future/install/demo_tmr5_900:/home/sazma/ws_future/install/tm_description:/home/sazma/ws_future/install/custom_package:/home/sazma/ws_future/install/techman_robot_msgs:/home/sazma/ws_future/install/moveit2_tutorials:/home/sazma/ws_future/install/moveit_visual_tools:/home/sazma/ws_future/install/rviz_visual_tools:/home/sazma/ws_future/install/moveit_task_constructor_visualization:/home/sazma/ws_future/install/moveit_task_constructor_demo:/home/sazma/ws_future/install/moveit_task_constructor_capabilities:/home/sazma/ws_future/install/moveit_task_constructor_core:/home/sazma/ws_future/install/rviz_marker_tools:/home/sazma/ws_future/install/pilz_industrial_motion_planner_testutils:/home/sazma/ws_future/install/moveit_runtime:/home/sazma/ws_future/install/moveit:/home/sazma/ws_future/install/kinova_gen3_7dof_robotiq_2f_85_moveit_config:/home/sazma/ws_future/install/kinova_gen3_6dof_robotiq_2f_85_moveit_config:/home/sazma/ws_future/install/moveit_planners:/home/sazma/ws_future/install/pilz_industrial_motion_planner:/home/sazma/ws_future/install/pick_ik:/home/sazma/ws_future/install/moveit_task_constructor_msgs:/home/sazma/ws_future/install/moveit_ros_control_interface:/home/sazma/ws_future/install/moveit_plugins:/home/sazma/ws_future/install/moveit_simple_controller_manager:/home/sazma/ws_future/install/moveit_setup_assistant:/home/sazma/ws_future/install/moveit_setup_srdf_plugins:/home/sazma/ws_future/install/moveit_setup_core_plugins:/home/sazma/ws_future/install/moveit_setup_controllers:/home/sazma/ws_future/install/moveit_setup_app_plugins:/home/sazma/ws_future/install/moveit_setup_framework:/home/sazma/ws_future/install/moveit_servo:/home/sazma/ws_future/install/moveit_ros:/home/sazma/ws_future/install/moveit_ros_visualization:/home/sazma/ws_future/install/moveit_py:/home/sazma/ws_future/install/moveit_hybrid_planning:/home/sazma/ws_future/install/moveit_ros_planning_interface:/home/sazma/ws_future/install/moveit_ros_benchmarks:/home/sazma/ws_future/install/moveit_ros_warehouse:/home/sazma/ws_future/install/moveit_ros_robot_interaction:/home/sazma/ws_future/install/moveit_ros_perception:/home/sazma/ws_future/install/moveit_resources_prbt_pg70_support:/home/sazma/ws_future/install/moveit_resources_prbt_moveit_config:/home/sazma/ws_future/install/moveit_ros_move_group:/home/sazma/ws_future/install/moveit_planners_ompl:/home/sazma/ws_future/install/moveit_kinematics:/home/sazma/ws_future/install/moveit_ros_planning:/home/sazma/ws_future/install/moveit_resources_prbt_support:/home/sazma/ws_future/install/moveit_resources_prbt_ikfast_manipulator_plugin:/home/sazma/ws_future/install/moveit_resources:/home/sazma/ws_future/install/moveit_resources_pr2_description:/home/sazma/ws_future/install/dual_arm_panda_moveit_config:/home/sazma/ws_future/install/moveit_resources_fanuc_moveit_config:/home/sazma/ws_future/install/moveit_resources_fanuc_description:/home/sazma/ws_future/install/moveit_planners_stomp:/home/sazma/ws_future/install/moveit_planners_chomp:/home/sazma/ws_future/install/moveit_chomp_optimizer_adapter:/home/sazma/ws_future/install/chomp_motion_planner:/home/sazma/ws_future/install/kortex_bringup:/home/sazma/ws_future/install/kortex_driver:/home/sazma/ws_future/install/kortex_description:/home/sazma/ws_future/install/kortex_api:/home/sazma/tm5_900_ws/install/demo_tmr5_900:/home/sazma/ws_future/install/tm_mod_urdf:/home/sazma/ws_future/install/tm_get_status:/home/sazma/ws_future/install/moveit_configs_utils:/opt/ros/humble LD_LIBRARY_PATH=/home/sazma/ws_future/install/moveit_ros_occupancy_map_monitor/lib:/home/sazma/ws_future/install/moveit_core/lib:/home/sazma/ws_future/install/moveit_msgs/lib:/home/sazma/ws_future/install/tm_msgs/lib:/home/sazma/ws_future/install/techman_robot_msgs/lib:/home/sazma/ws_future/install/moveit_visual_tools/lib:/home/sazma/ws_future/install/rviz_visual_tools/lib:/home/sazma/ws_future/install/moveit_task_constructor_visualization/lib:/home/sazma/ws_future/install/moveit_task_constructor_demo/lib:/home/sazma/ws_future/install/moveit_task_constructor_capabilities/lib:/home/sazma/ws_future/install/moveit_task_constructor_core/lib:/home/sazma/ws_future/install/rviz_marker_tools/lib:/home/sazma/ws_future/install/pilz_industrial_motion_planner_testutils/lib:/home/sazma/ws_future/install/pilz_industrial_motion_planner/lib:/home/sazma/ws_future/install/pick_ik/lib:/home/sazma/ws_future/install/moveit_task_constructor_msgs/lib:/home/sazma/ws_future/install/moveit_ros_control_interface/lib:/home/sazma/ws_future/install/moveit_simple_controller_manager/lib:/home/sazma/ws_future/install/moveit_setup_assistant/lib:/home/sazma/ws_future/install/moveit_setup_srdf_plugins/lib:/home/sazma/ws_future/install/moveit_setup_core_plugins/lib:/home/sazma/ws_future/install/moveit_setup_controllers/lib:/home/sazma/ws_future/install/moveit_setup_app_plugins/lib:/home/sazma/ws_future/install/moveit_setup_framework/lib:/home/sazma/ws_future/install/moveit_servo/lib:/home/sazma/ws_future/install/moveit_ros_visualization/lib:/home/sazma/ws_future/install/moveit_py/lib:/home/sazma/ws_future/install/moveit_hybrid_planning/lib:/home/sazma/ws_future/install/moveit_ros_planning_interface/lib:/home/sazma/ws_future/install/moveit_ros_benchmarks/lib:/home/sazma/ws_future/install/moveit_ros_warehouse/lib:/home/sazma/ws_future/install/moveit_ros_robot_interaction/lib:/home/sazma/ws_future/install/moveit_ros_perception/lib:/home/sazma/ws_future/install/moveit_ros_move_group/lib:/home/sazma/ws_future/install/moveit_planners_ompl/lib:/home/sazma/ws_future/install/moveit_kinematics/lib:/home/sazma/ws_future/install/moveit_ros_planning/lib:/home/sazma/ws_future/install/moveit_resources_prbt_ikfast_manipulator_plugin/lib:/home/sazma/ws_future/install/moveit_planners_stomp/lib:/home/sazma/ws_future/install/moveit_planners_chomp/lib:/home/sazma/ws_future/install/moveit_chomp_optimizer_adapter/lib:/home/sazma/ws_future/install/chomp_motion_planner/lib:/home/sazma/ws_future/install/kortex_driver/lib:/opt/ros/humble/opt/rviz_ogre_vendor/lib:/opt/ros/humble/lib/x86_64-linux-gnu:/opt/ros/humble/lib /usr/bin/cmake --install /home/sazma/ws_future/build/moveit_ros_planning
