[1.065s] Invoking command in '/home/sazma/ws_future/build/moveit_resources_fanuc_description': CMAKE_PREFIX_PATH=${CMAKE_PREFIX_PATH}:/home/sazma/ws_future/install/tm_mod_urdf:/home/sazma/ws_future/install/tm_get_status:/home/sazma/ws_tm/install/tm_mod_urdf:/home/sazma/ws_tm/install/tm_get_status:/opt/ros/humble /usr/bin/cmake /home/sazma/ws_future/src/moveit_resources/fanuc_description -DCMAKE_INSTALL_PREFIX=/home/sazma/ws_future/install/moveit_resources_fanuc_description
[1.140s] -- The C compiler identification is GNU 11.4.0
[1.233s] -- The CXX compiler identification is GNU 11.4.0
[1.249s] -- Detecting C compiler ABI info
[1.350s] -- Detecting C compiler ABI info - done
[1.365s] -- Check for working C compiler: /usr/bin/cc - skipped
[1.365s] -- Detecting C compile features
[1.366s] -- Detecting C compile features - done
[1.370s] -- Detecting CXX compiler ABI info
[1.477s] -- Detecting CXX compiler ABI info - done
[1.491s] -- Check for working CXX compiler: /usr/bin/c++ - skipped
[1.491s] -- Detecting CXX compile features
[1.492s] -- Detecting CXX compile features - done
[1.499s] -- Found ament_cmake: 1.3.5 (/opt/ros/humble/share/ament_cmake/cmake)
[1.735s] -- Found Python3: /usr/bin/python3.10 (found version "3.10.12") found components: Interpreter 
[1.999s] -- Configuring done
[2.002s] -- Generating done
[2.004s] -- Build files have been written to: /home/sazma/ws_future/build/moveit_resources_fanuc_description
[2.174s] Invoked command in '/home/sazma/ws_future/build/moveit_resources_fanuc_description' returned '0': CMAKE_PREFIX_PATH=${CMAKE_PREFIX_PATH}:/home/sazma/ws_future/install/tm_mod_urdf:/home/sazma/ws_future/install/tm_get_status:/home/sazma/ws_tm/install/tm_mod_urdf:/home/sazma/ws_tm/install/tm_get_status:/opt/ros/humble /usr/bin/cmake /home/sazma/ws_future/src/moveit_resources/fanuc_description -DCMAKE_INSTALL_PREFIX=/home/sazma/ws_future/install/moveit_resources_fanuc_description
[2.176s] Invoking command in '/home/sazma/ws_future/build/moveit_resources_fanuc_description': CMAKE_PREFIX_PATH=${CMAKE_PREFIX_PATH}:/home/sazma/ws_future/install/tm_mod_urdf:/home/sazma/ws_future/install/tm_get_status:/home/sazma/ws_tm/install/tm_mod_urdf:/home/sazma/ws_tm/install/tm_get_status:/opt/ros/humble /usr/bin/cmake --build /home/sazma/ws_future/build/moveit_resources_fanuc_description -- -j12 -l12
[2.354s] Invoked command in '/home/sazma/ws_future/build/moveit_resources_fanuc_description' returned '0': CMAKE_PREFIX_PATH=${CMAKE_PREFIX_PATH}:/home/sazma/ws_future/install/tm_mod_urdf:/home/sazma/ws_future/install/tm_get_status:/home/sazma/ws_tm/install/tm_mod_urdf:/home/sazma/ws_tm/install/tm_get_status:/opt/ros/humble /usr/bin/cmake --build /home/sazma/ws_future/build/moveit_resources_fanuc_description -- -j12 -l12
[2.805s] Invoking command in '/home/sazma/ws_future/build/moveit_resources_fanuc_description': CMAKE_PREFIX_PATH=${CMAKE_PREFIX_PATH}:/home/sazma/ws_future/install/tm_mod_urdf:/home/sazma/ws_future/install/tm_get_status:/home/sazma/ws_tm/install/tm_mod_urdf:/home/sazma/ws_tm/install/tm_get_status:/opt/ros/humble /usr/bin/cmake --install /home/sazma/ws_future/build/moveit_resources_fanuc_description
[3.332s] -- Install configuration: ""
[3.332s] -- Installing: /home/sazma/ws_future/install/moveit_resources_fanuc_description/share/ament_index/resource_index/package_run_dependencies/moveit_resources_fanuc_description
[3.332s] -- Installing: /home/sazma/ws_future/install/moveit_resources_fanuc_description/share/ament_index/resource_index/parent_prefix_path/moveit_resources_fanuc_description
[3.332s] -- Installing: /home/sazma/ws_future/install/moveit_resources_fanuc_description/share/moveit_resources_fanuc_description/environment/ament_prefix_path.sh
[3.332s] -- Installing: /home/sazma/ws_future/install/moveit_resources_fanuc_description/share/moveit_resources_fanuc_description/environment/ament_prefix_path.dsv
[3.332s] -- Installing: /home/sazma/ws_future/install/moveit_resources_fanuc_description/share/moveit_resources_fanuc_description/environment/path.sh
[3.332s] -- Installing: /home/sazma/ws_future/install/moveit_resources_fanuc_description/share/moveit_resources_fanuc_description/environment/path.dsv
[3.332s] -- Installing: /home/sazma/ws_future/install/moveit_resources_fanuc_description/share/moveit_resources_fanuc_description/local_setup.bash
[3.332s] -- Installing: /home/sazma/ws_future/install/moveit_resources_fanuc_description/share/moveit_resources_fanuc_description/local_setup.sh
[3.332s] -- Installing: /home/sazma/ws_future/install/moveit_resources_fanuc_description/share/moveit_resources_fanuc_description/local_setup.zsh
[3.333s] -- Installing: /home/sazma/ws_future/install/moveit_resources_fanuc_description/share/moveit_resources_fanuc_description/local_setup.dsv
[3.333s] -- Installing: /home/sazma/ws_future/install/moveit_resources_fanuc_description/share/moveit_resources_fanuc_description/package.dsv
[3.333s] -- Installing: /home/sazma/ws_future/install/moveit_resources_fanuc_description/share/ament_index/resource_index/packages/moveit_resources_fanuc_description
[3.333s] -- Installing: /home/sazma/ws_future/install/moveit_resources_fanuc_description/share/moveit_resources_fanuc_description/cmake/moveit_resources_fanuc_descriptionConfig.cmake
[3.333s] -- Installing: /home/sazma/ws_future/install/moveit_resources_fanuc_description/share/moveit_resources_fanuc_description/cmake/moveit_resources_fanuc_descriptionConfig-version.cmake
[3.333s] -- Installing: /home/sazma/ws_future/install/moveit_resources_fanuc_description/share/moveit_resources_fanuc_description/package.xml
[3.333s] -- Installing: /home/sazma/ws_future/install/moveit_resources_fanuc_description/share/moveit_resources_fanuc_description/meshes
[3.333s] -- Installing: /home/sazma/ws_future/install/moveit_resources_fanuc_description/share/moveit_resources_fanuc_description/meshes/collision
[3.333s] -- Installing: /home/sazma/ws_future/install/moveit_resources_fanuc_description/share/moveit_resources_fanuc_description/meshes/collision/link_5.stl
[3.333s] -- Installing: /home/sazma/ws_future/install/moveit_resources_fanuc_description/share/moveit_resources_fanuc_description/meshes/collision/link_3.stl
[3.333s] -- Installing: /home/sazma/ws_future/install/moveit_resources_fanuc_description/share/moveit_resources_fanuc_description/meshes/collision/link_2.stl
[3.333s] -- Installing: /home/sazma/ws_future/install/moveit_resources_fanuc_description/share/moveit_resources_fanuc_description/meshes/collision/link_1.stl
[3.334s] -- Installing: /home/sazma/ws_future/install/moveit_resources_fanuc_description/share/moveit_resources_fanuc_description/meshes/collision/link_4.stl
[3.334s] -- Installing: /home/sazma/ws_future/install/moveit_resources_fanuc_description/share/moveit_resources_fanuc_description/meshes/collision/base_link.stl
[3.334s] -- Installing: /home/sazma/ws_future/install/moveit_resources_fanuc_description/share/moveit_resources_fanuc_description/meshes/collision/link_6.stl
[3.334s] -- Installing: /home/sazma/ws_future/install/moveit_resources_fanuc_description/share/moveit_resources_fanuc_description/meshes/visual
[3.334s] -- Installing: /home/sazma/ws_future/install/moveit_resources_fanuc_description/share/moveit_resources_fanuc_description/meshes/visual/link_5.stl
[3.334s] -- Installing: /home/sazma/ws_future/install/moveit_resources_fanuc_description/share/moveit_resources_fanuc_description/meshes/visual/link_3.stl
[3.334s] -- Installing: /home/sazma/ws_future/install/moveit_resources_fanuc_description/share/moveit_resources_fanuc_description/meshes/visual/link_2.stl
[3.334s] -- Installing: /home/sazma/ws_future/install/moveit_resources_fanuc_description/share/moveit_resources_fanuc_description/meshes/visual/link_1.stl
[3.334s] -- Installing: /home/sazma/ws_future/install/moveit_resources_fanuc_description/share/moveit_resources_fanuc_description/meshes/visual/link_4.stl
[3.334s] -- Installing: /home/sazma/ws_future/install/moveit_resources_fanuc_description/share/moveit_resources_fanuc_description/meshes/visual/base_link.stl
[3.334s] -- Installing: /home/sazma/ws_future/install/moveit_resources_fanuc_description/share/moveit_resources_fanuc_description/meshes/visual/link_6.stl
[3.334s] -- Installing: /home/sazma/ws_future/install/moveit_resources_fanuc_description/share/moveit_resources_fanuc_description/urdf
[3.335s] -- Installing: /home/sazma/ws_future/install/moveit_resources_fanuc_description/share/moveit_resources_fanuc_description/urdf/fanuc.urdf
[3.390s] Invoked command in '/home/sazma/ws_future/build/moveit_resources_fanuc_description' returned '0': CMAKE_PREFIX_PATH=${CMAKE_PREFIX_PATH}:/home/sazma/ws_future/install/tm_mod_urdf:/home/sazma/ws_future/install/tm_get_status:/home/sazma/ws_tm/install/tm_mod_urdf:/home/sazma/ws_tm/install/tm_get_status:/opt/ros/humble /usr/bin/cmake --install /home/sazma/ws_future/build/moveit_resources_fanuc_description
