[0.984s] Invoking command in '/home/sazma/ws_future/build/moveit_resources_panda_description': CMAKE_PREFIX_PATH=${CMAKE_PREFIX_PATH}:/home/sazma/ws_future/install/tm_mod_urdf:/home/sazma/ws_future/install/tm_get_status:/home/sazma/ws_future/install/moveit_configs_utils:/home/sazma/ws_tm/install/tm_mod_urdf:/home/sazma/ws_tm/install/tm_get_status:/opt/ros/humble /usr/bin/cmake --build /home/sazma/ws_future/build/moveit_resources_panda_description -- -j12 -l12
[1.463s] Invoked command in '/home/sazma/ws_future/build/moveit_resources_panda_description' returned '0': CMAKE_PREFIX_PATH=${CMAKE_PREFIX_PATH}:/home/sazma/ws_future/install/tm_mod_urdf:/home/sazma/ws_future/install/tm_get_status:/home/sazma/ws_future/install/moveit_configs_utils:/home/sazma/ws_tm/install/tm_mod_urdf:/home/sazma/ws_tm/install/tm_get_status:/opt/ros/humble /usr/bin/cmake --build /home/sazma/ws_future/build/moveit_resources_panda_description -- -j12 -l12
[1.636s] Invoking command in '/home/sazma/ws_future/build/moveit_resources_panda_description': CMAKE_PREFIX_PATH=${CMAKE_PREFIX_PATH}:/home/sazma/ws_future/install/tm_mod_urdf:/home/sazma/ws_future/install/tm_get_status:/home/sazma/ws_future/install/moveit_configs_utils:/home/sazma/ws_tm/install/tm_mod_urdf:/home/sazma/ws_tm/install/tm_get_status:/opt/ros/humble /usr/bin/cmake --install /home/sazma/ws_future/build/moveit_resources_panda_description
[1.675s] -- Install configuration: ""
[1.675s] -- Up-to-date: /home/sazma/ws_future/install/moveit_resources_panda_description/share/ament_index/resource_index/package_run_dependencies/moveit_resources_panda_description
[1.676s] -- Up-to-date: /home/sazma/ws_future/install/moveit_resources_panda_description/share/ament_index/resource_index/parent_prefix_path/moveit_resources_panda_description
[1.676s] -- Up-to-date: /home/sazma/ws_future/install/moveit_resources_panda_description/share/moveit_resources_panda_description/environment/ament_prefix_path.sh
[1.676s] -- Up-to-date: /home/sazma/ws_future/install/moveit_resources_panda_description/share/moveit_resources_panda_description/environment/ament_prefix_path.dsv
[1.676s] -- Up-to-date: /home/sazma/ws_future/install/moveit_resources_panda_description/share/moveit_resources_panda_description/environment/path.sh
[1.676s] -- Up-to-date: /home/sazma/ws_future/install/moveit_resources_panda_description/share/moveit_resources_panda_description/environment/path.dsv
[1.676s] -- Up-to-date: /home/sazma/ws_future/install/moveit_resources_panda_description/share/moveit_resources_panda_description/local_setup.bash
[1.677s] -- Up-to-date: /home/sazma/ws_future/install/moveit_resources_panda_description/share/moveit_resources_panda_description/local_setup.sh
[1.677s] -- Up-to-date: /home/sazma/ws_future/install/moveit_resources_panda_description/share/moveit_resources_panda_description/local_setup.zsh
[1.677s] -- Up-to-date: /home/sazma/ws_future/install/moveit_resources_panda_description/share/moveit_resources_panda_description/local_setup.dsv
[1.677s] -- Installing: /home/sazma/ws_future/install/moveit_resources_panda_description/share/moveit_resources_panda_description/package.dsv
[1.677s] -- Up-to-date: /home/sazma/ws_future/install/moveit_resources_panda_description/share/ament_index/resource_index/packages/moveit_resources_panda_description
[1.677s] -- Up-to-date: /home/sazma/ws_future/install/moveit_resources_panda_description/share/moveit_resources_panda_description/cmake/moveit_resources_panda_descriptionConfig.cmake
[1.677s] -- Up-to-date: /home/sazma/ws_future/install/moveit_resources_panda_description/share/moveit_resources_panda_description/cmake/moveit_resources_panda_descriptionConfig-version.cmake
[1.677s] -- Up-to-date: /home/sazma/ws_future/install/moveit_resources_panda_description/share/moveit_resources_panda_description/package.xml
[1.677s] -- Up-to-date: /home/sazma/ws_future/install/moveit_resources_panda_description/share/moveit_resources_panda_description/meshes
[1.678s] -- Up-to-date: /home/sazma/ws_future/install/moveit_resources_panda_description/share/moveit_resources_panda_description/meshes/collision
[1.678s] -- Up-to-date: /home/sazma/ws_future/install/moveit_resources_panda_description/share/moveit_resources_panda_description/meshes/collision/link2.stl
[1.678s] -- Up-to-date: /home/sazma/ws_future/install/moveit_resources_panda_description/share/moveit_resources_panda_description/meshes/collision/link1.stl
[1.678s] -- Up-to-date: /home/sazma/ws_future/install/moveit_resources_panda_description/share/moveit_resources_panda_description/meshes/collision/link7.stl
[1.678s] -- Up-to-date: /home/sazma/ws_future/install/moveit_resources_panda_description/share/moveit_resources_panda_description/meshes/collision/hand.stl
[1.678s] -- Up-to-date: /home/sazma/ws_future/install/moveit_resources_panda_description/share/moveit_resources_panda_description/meshes/collision/link3.stl
[1.678s] -- Up-to-date: /home/sazma/ws_future/install/moveit_resources_panda_description/share/moveit_resources_panda_description/meshes/collision/finger.stl
[1.678s] -- Up-to-date: /home/sazma/ws_future/install/moveit_resources_panda_description/share/moveit_resources_panda_description/meshes/collision/link0.stl
[1.678s] -- Up-to-date: /home/sazma/ws_future/install/moveit_resources_panda_description/share/moveit_resources_panda_description/meshes/collision/link4.stl
[1.679s] -- Up-to-date: /home/sazma/ws_future/install/moveit_resources_panda_description/share/moveit_resources_panda_description/meshes/collision/link5.stl
[1.679s] -- Up-to-date: /home/sazma/ws_future/install/moveit_resources_panda_description/share/moveit_resources_panda_description/meshes/collision/link6.stl
[1.679s] -- Up-to-date: /home/sazma/ws_future/install/moveit_resources_panda_description/share/moveit_resources_panda_description/meshes/visual
[1.679s] -- Up-to-date: /home/sazma/ws_future/install/moveit_resources_panda_description/share/moveit_resources_panda_description/meshes/visual/link4.dae
[1.679s] -- Up-to-date: /home/sazma/ws_future/install/moveit_resources_panda_description/share/moveit_resources_panda_description/meshes/visual/link1.dae
[1.679s] -- Up-to-date: /home/sazma/ws_future/install/moveit_resources_panda_description/share/moveit_resources_panda_description/meshes/visual/link3.dae
[1.679s] -- Up-to-date: /home/sazma/ws_future/install/moveit_resources_panda_description/share/moveit_resources_panda_description/meshes/visual/hand.dae
[1.679s] -- Up-to-date: /home/sazma/ws_future/install/moveit_resources_panda_description/share/moveit_resources_panda_description/meshes/visual/link2.dae
[1.679s] -- Up-to-date: /home/sazma/ws_future/install/moveit_resources_panda_description/share/moveit_resources_panda_description/meshes/visual/finger.dae
[1.680s] -- Up-to-date: /home/sazma/ws_future/install/moveit_resources_panda_description/share/moveit_resources_panda_description/meshes/visual/link5.dae
[1.680s] -- Up-to-date: /home/sazma/ws_future/install/moveit_resources_panda_description/share/moveit_resources_panda_description/meshes/visual/link7.dae
[1.680s] -- Up-to-date: /home/sazma/ws_future/install/moveit_resources_panda_description/share/moveit_resources_panda_description/meshes/visual/link6.dae
[1.680s] -- Up-to-date: /home/sazma/ws_future/install/moveit_resources_panda_description/share/moveit_resources_panda_description/meshes/visual/link0.dae
[1.680s] -- Up-to-date: /home/sazma/ws_future/install/moveit_resources_panda_description/share/moveit_resources_panda_description/urdf
[1.680s] -- Up-to-date: /home/sazma/ws_future/install/moveit_resources_panda_description/share/moveit_resources_panda_description/urdf/panda.urdf
[1.680s] -- Up-to-date: /home/sazma/ws_future/install/moveit_resources_panda_description/share/moveit_resources_panda_description/urdf/panda.urdf.xacro
[2.058s] Invoked command in '/home/sazma/ws_future/build/moveit_resources_panda_description' returned '0': CMAKE_PREFIX_PATH=${CMAKE_PREFIX_PATH}:/home/sazma/ws_future/install/tm_mod_urdf:/home/sazma/ws_future/install/tm_get_status:/home/sazma/ws_future/install/moveit_configs_utils:/home/sazma/ws_tm/install/tm_mod_urdf:/home/sazma/ws_tm/install/tm_get_status:/opt/ros/humble /usr/bin/cmake --install /home/sazma/ws_future/build/moveit_resources_panda_description
