[0.096s] Invoking command in '/home/sazma/ws_future/build/msg_store': CMAKE_PREFIX_PATH=${CMAKE_PREFIX_PATH}:/home/sazma/ws_future/install/tm_mod_urdf:/home/sazma/ws_future/install/tm_get_status:/home/sazma/ws_future/install/py_pubsub:/home/sazma/ws_future/install/mpu_6050:/home/sazma/ws_future/install/moveit_configs_utils:/opt/ros/humble /usr/bin/cmake /home/sazma/ws_future/src/msg_store -DCMAKE_INSTALL_PREFIX=/home/sazma/ws_future/install/msg_store
[0.109s] -- Found ament_cmake: 1.3.5 (/opt/ros/humble/share/ament_cmake/cmake)
[0.253s] -- Found geometry_msgs: 4.2.3 (/opt/ros/humble/share/geometry_msgs/cmake)
[0.277s] -- Found rosidl_generator_c: 3.1.5 (/opt/ros/humble/share/rosidl_generator_c/cmake)
[0.280s] -- Found rosidl_adapter: 3.1.5 (/opt/ros/humble/share/rosidl_adapter/cmake)
[0.285s] -- Found rosidl_generator_cpp: 3.1.5 (/opt/ros/humble/share/rosidl_generator_cpp/cmake)
[0.299s] -- Using all available rosidl_typesupport_c: rosidl_typesupport_fastrtps_c;rosidl_typesupport_introspection_c
[0.317s] -- Using all available rosidl_typesupport_cpp: rosidl_typesupport_fastrtps_cpp;rosidl_typesupport_introspection_cpp
[0.434s] -- Found rosidl_default_generators: 1.2.0 (/opt/ros/humble/share/rosidl_default_generators/cmake)
[0.609s] [31mCMake Error at /opt/ros/humble/share/rosidl_adapter/cmake/rosidl_adapt_interfaces.cmake:59 (message):
[0.609s]   execute_process(/usr/bin/python3.10 -m rosidl_adapter --package-name
[0.609s]   msg_store --arguments-file
[0.609s]   /home/sazma/ws_future/build/msg_store/rosidl_adapter__arguments__msg_store.json
[0.609s]   --output-dir /home/sazma/ws_future/build/msg_store/rosidl_adapter/msg_store
[0.609s]   --output-file
[0.609s]   /home/sazma/ws_future/build/msg_store/rosidl_adapter/msg_store.idls)
[0.609s]   returned error code 1:
[0.609s] 
[0.609s]   Traceback (most recent call last):
[0.609s] 
[0.609s]     File "/usr/lib/python3.10/runpy.py", line 196, in _run_module_as_main
[0.609s]       return _run_code(code, main_globals, None,
[0.609s]     File "/usr/lib/python3.10/runpy.py", line 86, in _run_code
[0.610s]       exec(code, run_globals)
[0.610s]     File "/opt/ros/humble/local/lib/python3.10/dist-packages/rosidl_adapter/__main__.py", line 19, in <module>
[0.610s]       sys.exit(main())
[0.610s]     File "/opt/ros/humble/local/lib/python3.10/dist-packages/rosidl_adapter/main.py", line 53, in main
[0.610s]       abs_idl_file = convert_to_idl(
[0.610s]     File "/opt/ros/humble/local/lib/python3.10/dist-packages/rosidl_adapter/__init__.py", line 19, in convert_to_idl
[0.610s]       return convert_msg_to_idl(
[0.610s]     File "/opt/ros/humble/local/lib/python3.10/dist-packages/rosidl_adapter/msg/__init__.py", line 28, in convert_msg_to_idl
[0.610s]       msg = parse_message_string(package_name, input_file.stem, content)
[0.610s]     File "/opt/ros/humble/local/lib/python3.10/dist-packages/rosidl_adapter/parser.py", line 544, in parse_message_string
[0.610s]       msg = MessageSpecification(pkg_name, msg_name, fields, constants)
[0.610s]     File "/opt/ros/humble/local/lib/python3.10/dist-packages/rosidl_adapter/parser.py", line 388, in __init__
[0.610s]       self.base_type = BaseType(
[0.610s]     File "/opt/ros/humble/local/lib/python3.10/dist-packages/rosidl_adapter/parser.py", line 205, in __init__
[0.610s]       raise InvalidResourceName(
[0.610s] 
[0.610s]   rosidl_adapter.parser.InvalidResourceName: 'mpu_6050' is an invalid message
[0.610s]   name.  It should have the pattern '^[A-Z][A-Za-z0-9]*$'
[0.611s] 
[0.611s] Call Stack (most recent call first):
[0.611s]   /opt/ros/humble/share/rosidl_cmake/cmake/rosidl_generate_interfaces.cmake:130 (rosidl_adapt_interfaces)
[0.611s]   CMakeLists.txt:17 (rosidl_generate_interfaces)
[0.611s] 
[0.611s] [0m
[0.611s] -- Configuring incomplete, errors occurred!
[0.611s] See also "/home/sazma/ws_future/build/msg_store/CMakeFiles/CMakeOutput.log".
[0.613s] Invoked command in '/home/sazma/ws_future/build/msg_store' returned '1': CMAKE_PREFIX_PATH=${CMAKE_PREFIX_PATH}:/home/sazma/ws_future/install/tm_mod_urdf:/home/sazma/ws_future/install/tm_get_status:/home/sazma/ws_future/install/py_pubsub:/home/sazma/ws_future/install/mpu_6050:/home/sazma/ws_future/install/moveit_configs_utils:/opt/ros/humble /usr/bin/cmake /home/sazma/ws_future/src/msg_store -DCMAKE_INSTALL_PREFIX=/home/sazma/ws_future/install/msg_store
