[0.914s] Invoking command in '/home/sazma/ws_future/src/mpu_6050': PYTHONPATH=/home/sazma/ws_future/build/mpu_6050/prefix_override:/home/sazma/ws_future/install/mpu_6050/lib/python3.10/site-packages:${PYTHONPATH} /usr/bin/python3 setup.py egg_info --egg-base ../../build/mpu_6050 build --build-base /home/sazma/ws_future/build/mpu_6050/build install --record /home/sazma/ws_future/build/mpu_6050/install.log --single-version-externally-managed
[1.137s] running egg_info
[1.153s] writing ../../build/mpu_6050/mpu_6050.egg-info/PKG-INFO
[1.153s] writing dependency_links to ../../build/mpu_6050/mpu_6050.egg-info/dependency_links.txt
[1.154s] deleting ../../build/mpu_6050/mpu_6050.egg-info/entry_points.txt
[1.154s] writing requirements to ../../build/mpu_6050/mpu_6050.egg-info/requires.txt
[1.154s] writing top-level names to ../../build/mpu_6050/mpu_6050.egg-info/top_level.txt
[1.187s] reading manifest file '../../build/mpu_6050/mpu_6050.egg-info/SOURCES.txt'
[1.187s] writing manifest file '../../build/mpu_6050/mpu_6050.egg-info/SOURCES.txt'
[1.188s] running build
[1.188s] running build_py
[1.188s] copying mpu_6050/__init__.py -> /home/sazma/ws_future/build/mpu_6050/build/lib/mpu_6050
[1.188s] running install
[1.188s] /home/sazma/.local/lib/python3.10/site-packages/setuptools/_distutils/cmd.py:66: SetuptoolsDeprecationWarning: setup.py install is deprecated.
[1.188s] !!
[1.188s] 
[1.188s]         ********************************************************************************
[1.188s]         Please avoid running ``setup.py`` directly.
[1.188s]         Instead, use pypa/build, pypa/installer or other
[1.188s]         standards-based tools.
[1.188s] 
[1.189s]         See https://blog.ganssle.io/articles/2021/10/setup-py-deprecated.html for details.
[1.189s]         ********************************************************************************
[1.189s] 
[1.189s] !!
[1.189s]   self.initialize_options()
[1.193s] running install_lib
[1.209s] creating /home/sazma/ws_future/install/mpu_6050/lib/python3.10/site-packages/mpu_6050
[1.210s] copying /home/sazma/ws_future/build/mpu_6050/build/lib/mpu_6050/__init__.py -> /home/sazma/ws_future/install/mpu_6050/lib/python3.10/site-packages/mpu_6050
[1.210s] copying /home/sazma/ws_future/build/mpu_6050/build/lib/mpu_6050/publisher_node.py -> /home/sazma/ws_future/install/mpu_6050/lib/python3.10/site-packages/mpu_6050
[1.210s] byte-compiling /home/sazma/ws_future/install/mpu_6050/lib/python3.10/site-packages/mpu_6050/__init__.py to __init__.cpython-310.pyc
[1.210s] byte-compiling /home/sazma/ws_future/install/mpu_6050/lib/python3.10/site-packages/mpu_6050/publisher_node.py to publisher_node.cpython-310.pyc
[1.211s] running install_data
[1.227s] creating /home/sazma/ws_future/install/mpu_6050/share/ament_index
[1.227s] creating /home/sazma/ws_future/install/mpu_6050/share/ament_index/resource_index
[1.227s] creating /home/sazma/ws_future/install/mpu_6050/share/ament_index/resource_index/packages
[1.227s] copying resource/mpu_6050 -> /home/sazma/ws_future/install/mpu_6050/share/ament_index/resource_index/packages
[1.227s] copying package.xml -> /home/sazma/ws_future/install/mpu_6050/share/mpu_6050
[1.227s] running install_egg_info
[1.245s] Copying ../../build/mpu_6050/mpu_6050.egg-info to /home/sazma/ws_future/install/mpu_6050/lib/python3.10/site-packages/mpu_6050-0.0.0-py3.10.egg-info
[1.245s] running install_scripts
[1.398s] writing list of installed files to '/home/sazma/ws_future/build/mpu_6050/install.log'
[1.418s] Invoked command in '/home/sazma/ws_future/src/mpu_6050' returned '0': PYTHONPATH=/home/sazma/ws_future/build/mpu_6050/prefix_override:/home/sazma/ws_future/install/mpu_6050/lib/python3.10/site-packages:${PYTHONPATH} /usr/bin/python3 setup.py egg_info --egg-base ../../build/mpu_6050 build --build-base /home/sazma/ws_future/build/mpu_6050/build install --record /home/sazma/ws_future/build/mpu_6050/install.log --single-version-externally-managed
