[4.973s] Invoking command in '/home/sazma/ws_future/src/tmr_ros2/techman_robot_get_status': PYTHONPATH=/home/sazma/ws_future/build/tm_get_status/prefix_override:/home/sazma/ws_future/install/tm_get_status/lib/python3.10/site-packages:${PYTHONPATH} /usr/bin/python3 setup.py egg_info --egg-base ../../../build/tm_get_status build --build-base /home/sazma/ws_future/build/tm_get_status/build install --record /home/sazma/ws_future/build/tm_get_status/install.log --single-version-externally-managed
[6.068s] running egg_info
[6.068s] writing ../../../build/tm_get_status/tm_get_status.egg-info/PKG-INFO
[6.068s] writing dependency_links to ../../../build/tm_get_status/tm_get_status.egg-info/dependency_links.txt
[6.068s] writing entry points to ../../../build/tm_get_status/tm_get_status.egg-info/entry_points.txt
[6.069s] writing requirements to ../../../build/tm_get_status/tm_get_status.egg-info/requires.txt
[6.069s] writing top-level names to ../../../build/tm_get_status/tm_get_status.egg-info/top_level.txt
[6.069s] reading manifest file '../../../build/tm_get_status/tm_get_status.egg-info/SOURCES.txt'
[6.069s] writing manifest file '../../../build/tm_get_status/tm_get_status.egg-info/SOURCES.txt'
[6.069s] running build
[6.069s] running build_py
[6.069s] running install
[6.069s] running install_lib
[6.069s] running install_data
[6.069s] running install_egg_info
[6.070s] removing '/home/sazma/ws_future/install/tm_get_status/lib/python3.10/site-packages/tm_get_status-1.0.0-py3.10.egg-info' (and everything under it)
[6.070s] Copying ../../../build/tm_get_status/tm_get_status.egg-info to /home/sazma/ws_future/install/tm_get_status/lib/python3.10/site-packages/tm_get_status-1.0.0-py3.10.egg-info
[6.070s] running install_scripts
[6.070s] Installing image_talker script to /home/sazma/ws_future/install/tm_get_status/lib/tm_get_status
[6.070s] Installing status_talker script to /home/sazma/ws_future/install/tm_get_status/lib/tm_get_status
[6.070s] writing list of installed files to '/home/sazma/ws_future/build/tm_get_status/install.log'
[6.070s] /usr/lib/python3/dist-packages/setuptools/command/install.py:34: SetuptoolsDeprecationWarning: setup.py install is deprecated. Use build and pip and other standards-based tools.
[6.070s]   warnings.warn(
[6.933s] Invoked command in '/home/sazma/ws_future/src/tmr_ros2/techman_robot_get_status' returned '0': PYTHONPATH=/home/sazma/ws_future/build/tm_get_status/prefix_override:/home/sazma/ws_future/install/tm_get_status/lib/python3.10/site-packages:${PYTHONPATH} /usr/bin/python3 setup.py egg_info --egg-base ../../../build/tm_get_status build --build-base /home/sazma/ws_future/build/tm_get_status/build install --record /home/sazma/ws_future/build/tm_get_status/install.log --single-version-externally-managed
