[1.077s] Invoking command in '/home/sazma/ws_future/build/tm_description': CMAKE_PREFIX_PATH=${CMAKE_PREFIX_PATH}:/home/sazma/ws_future/install/ui_for_debug_and_demo:/home/sazma/ws_future/install/tm_driver:/home/sazma/ws_future/install/demo:/home/sazma/ws_future/install/tm_msgs:/home/sazma/ws_future/install/tm_moveit_cpp_demo:/home/sazma/ws_future/install/tm_moveit_config_tm5x-900:/home/sazma/ws_future/install/tm_moveit_config_tm5x-700:/home/sazma/ws_future/install/tm_moveit_config_tm5-900:/home/sazma/ws_future/install/tm_moveit_config_tm5-700:/home/sazma/ws_future/install/tm_moveit_config_tm14x:/home/sazma/ws_future/install/tm_moveit_config_tm14:/home/sazma/ws_future/install/tm_moveit_config_tm12x:/home/sazma/ws_future/install/tm_moveit_config_tm12:/home/sazma/ws_future/install/tm_mod_urdf:/home/sazma/ws_future/install/tm_get_status:/home/sazma/ws_future/install/tm_description:/home/sazma/ws_future/install/custom_package:/home/sazma/ws_future/install/techman_robot_msgs:/home/sazma/ws_future/install/moveit2_tutorials:/home/sazma/ws_future/install/moveit_visual_tools:/home/sazma/ws_future/install/rviz_visual_tools:/home/sazma/ws_future/install/moveit_task_constructor_visualization:/home/sazma/ws_future/install/moveit_task_constructor_demo:/home/sazma/ws_future/install/moveit_task_constructor_capabilities:/home/sazma/ws_future/install/moveit_task_constructor_core:/home/sazma/ws_future/install/rviz_marker_tools:/home/sazma/ws_future/install/pilz_industrial_motion_planner_testutils:/home/sazma/ws_future/install/moveit_runtime:/home/sazma/ws_future/install/moveit:/home/sazma/ws_future/install/kinova_gen3_7dof_robotiq_2f_85_moveit_config:/home/sazma/ws_future/install/kinova_gen3_6dof_robotiq_2f_85_moveit_config:/home/sazma/ws_future/install/moveit_planners:/home/sazma/ws_future/install/pilz_industrial_motion_planner:/home/sazma/ws_future/install/pick_ik:/home/sazma/ws_future/install/moveit_task_constructor_msgs:/home/sazma/ws_future/install/moveit_ros_control_interface:/home/sazma/ws_future/install/moveit_plugins:/home/sazma/ws_future/install/moveit_simple_controller_manager:/home/sazma/ws_future/install/moveit_setup_assistant:/home/sazma/ws_future/install/moveit_setup_srdf_plugins:/home/sazma/ws_future/install/moveit_setup_core_plugins:/home/sazma/ws_future/install/moveit_setup_controllers:/home/sazma/ws_future/install/moveit_setup_app_plugins:/home/sazma/ws_future/install/moveit_setup_framework:/home/sazma/ws_future/install/moveit_servo:/home/sazma/ws_future/install/moveit_ros:/home/sazma/ws_future/install/moveit_ros_visualization:/home/sazma/ws_future/install/moveit_py:/home/sazma/ws_future/install/moveit_hybrid_planning:/home/sazma/ws_future/install/moveit_ros_planning_interface:/home/sazma/ws_future/install/moveit_ros_benchmarks:/home/sazma/ws_future/install/moveit_ros_warehouse:/home/sazma/ws_future/install/moveit_ros_robot_interaction:/home/sazma/ws_future/install/moveit_ros_perception:/home/sazma/ws_future/install/moveit_resources_prbt_pg70_support:/home/sazma/ws_future/install/moveit_resources_prbt_moveit_config:/home/sazma/ws_future/install/moveit_ros_move_group:/home/sazma/ws_future/install/moveit_planners_ompl:/home/sazma/ws_future/install/moveit_kinematics:/home/sazma/ws_future/install/moveit_ros_planning:/home/sazma/ws_future/install/moveit_ros_occupancy_map_monitor:/home/sazma/ws_future/install/moveit_resources_prbt_support:/home/sazma/ws_future/install/moveit_resources_prbt_ikfast_manipulator_plugin:/home/sazma/ws_future/install/moveit_resources:/home/sazma/ws_future/install/moveit_resources_pr2_description:/home/sazma/ws_future/install/moveit_resources_panda_moveit_config:/home/sazma/ws_future/install/dual_arm_panda_moveit_config:/home/sazma/ws_future/install/moveit_resources_panda_description:/home/sazma/ws_future/install/moveit_resources_fanuc_moveit_config:/home/sazma/ws_future/install/moveit_resources_fanuc_description:/home/sazma/ws_future/install/moveit_planners_stomp:/home/sazma/ws_future/install/moveit_planners_chomp:/home/sazma/ws_future/install/moveit_chomp_optimizer_adapter:/home/sazma/ws_future/install/chomp_motion_planner:/home/sazma/ws_future/install/moveit_core:/home/sazma/ws_future/install/moveit_msgs:/home/sazma/ws_future/install/moveit_configs_utils:/home/sazma/ws_future/install/moveit_common:/home/sazma/ws_future/install/kortex_bringup:/home/sazma/ws_future/install/kortex_driver:/home/sazma/ws_future/install/kortex_description:/home/sazma/ws_future/install/kortex_api:/opt/ros/humble /usr/bin/cmake --build /home/sazma/ws_future/build/tm_description -- -j12 -l12
[1.143s] Invoked command in '/home/sazma/ws_future/build/tm_description' returned '0': CMAKE_PREFIX_PATH=${CMAKE_PREFIX_PATH}:/home/sazma/ws_future/install/ui_for_debug_and_demo:/home/sazma/ws_future/install/tm_driver:/home/sazma/ws_future/install/demo:/home/sazma/ws_future/install/tm_msgs:/home/sazma/ws_future/install/tm_moveit_cpp_demo:/home/sazma/ws_future/install/tm_moveit_config_tm5x-900:/home/sazma/ws_future/install/tm_moveit_config_tm5x-700:/home/sazma/ws_future/install/tm_moveit_config_tm5-900:/home/sazma/ws_future/install/tm_moveit_config_tm5-700:/home/sazma/ws_future/install/tm_moveit_config_tm14x:/home/sazma/ws_future/install/tm_moveit_config_tm14:/home/sazma/ws_future/install/tm_moveit_config_tm12x:/home/sazma/ws_future/install/tm_moveit_config_tm12:/home/sazma/ws_future/install/tm_mod_urdf:/home/sazma/ws_future/install/tm_get_status:/home/sazma/ws_future/install/tm_description:/home/sazma/ws_future/install/custom_package:/home/sazma/ws_future/install/techman_robot_msgs:/home/sazma/ws_future/install/moveit2_tutorials:/home/sazma/ws_future/install/moveit_visual_tools:/home/sazma/ws_future/install/rviz_visual_tools:/home/sazma/ws_future/install/moveit_task_constructor_visualization:/home/sazma/ws_future/install/moveit_task_constructor_demo:/home/sazma/ws_future/install/moveit_task_constructor_capabilities:/home/sazma/ws_future/install/moveit_task_constructor_core:/home/sazma/ws_future/install/rviz_marker_tools:/home/sazma/ws_future/install/pilz_industrial_motion_planner_testutils:/home/sazma/ws_future/install/moveit_runtime:/home/sazma/ws_future/install/moveit:/home/sazma/ws_future/install/kinova_gen3_7dof_robotiq_2f_85_moveit_config:/home/sazma/ws_future/install/kinova_gen3_6dof_robotiq_2f_85_moveit_config:/home/sazma/ws_future/install/moveit_planners:/home/sazma/ws_future/install/pilz_industrial_motion_planner:/home/sazma/ws_future/install/pick_ik:/home/sazma/ws_future/install/moveit_task_constructor_msgs:/home/sazma/ws_future/install/moveit_ros_control_interface:/home/sazma/ws_future/install/moveit_plugins:/home/sazma/ws_future/install/moveit_simple_controller_manager:/home/sazma/ws_future/install/moveit_setup_assistant:/home/sazma/ws_future/install/moveit_setup_srdf_plugins:/home/sazma/ws_future/install/moveit_setup_core_plugins:/home/sazma/ws_future/install/moveit_setup_controllers:/home/sazma/ws_future/install/moveit_setup_app_plugins:/home/sazma/ws_future/install/moveit_setup_framework:/home/sazma/ws_future/install/moveit_servo:/home/sazma/ws_future/install/moveit_ros:/home/sazma/ws_future/install/moveit_ros_visualization:/home/sazma/ws_future/install/moveit_py:/home/sazma/ws_future/install/moveit_hybrid_planning:/home/sazma/ws_future/install/moveit_ros_planning_interface:/home/sazma/ws_future/install/moveit_ros_benchmarks:/home/sazma/ws_future/install/moveit_ros_warehouse:/home/sazma/ws_future/install/moveit_ros_robot_interaction:/home/sazma/ws_future/install/moveit_ros_perception:/home/sazma/ws_future/install/moveit_resources_prbt_pg70_support:/home/sazma/ws_future/install/moveit_resources_prbt_moveit_config:/home/sazma/ws_future/install/moveit_ros_move_group:/home/sazma/ws_future/install/moveit_planners_ompl:/home/sazma/ws_future/install/moveit_kinematics:/home/sazma/ws_future/install/moveit_ros_planning:/home/sazma/ws_future/install/moveit_ros_occupancy_map_monitor:/home/sazma/ws_future/install/moveit_resources_prbt_support:/home/sazma/ws_future/install/moveit_resources_prbt_ikfast_manipulator_plugin:/home/sazma/ws_future/install/moveit_resources:/home/sazma/ws_future/install/moveit_resources_pr2_description:/home/sazma/ws_future/install/moveit_resources_panda_moveit_config:/home/sazma/ws_future/install/dual_arm_panda_moveit_config:/home/sazma/ws_future/install/moveit_resources_panda_description:/home/sazma/ws_future/install/moveit_resources_fanuc_moveit_config:/home/sazma/ws_future/install/moveit_resources_fanuc_description:/home/sazma/ws_future/install/moveit_planners_stomp:/home/sazma/ws_future/install/moveit_planners_chomp:/home/sazma/ws_future/install/moveit_chomp_optimizer_adapter:/home/sazma/ws_future/install/chomp_motion_planner:/home/sazma/ws_future/install/moveit_core:/home/sazma/ws_future/install/moveit_msgs:/home/sazma/ws_future/install/moveit_configs_utils:/home/sazma/ws_future/install/moveit_common:/home/sazma/ws_future/install/kortex_bringup:/home/sazma/ws_future/install/kortex_driver:/home/sazma/ws_future/install/kortex_description:/home/sazma/ws_future/install/kortex_api:/opt/ros/humble /usr/bin/cmake --build /home/sazma/ws_future/build/tm_description -- -j12 -l12
[1.216s] Invoking command in '/home/sazma/ws_future/build/tm_description': CMAKE_PREFIX_PATH=${CMAKE_PREFIX_PATH}:/home/sazma/ws_future/install/ui_for_debug_and_demo:/home/sazma/ws_future/install/tm_driver:/home/sazma/ws_future/install/demo:/home/sazma/ws_future/install/tm_msgs:/home/sazma/ws_future/install/tm_moveit_cpp_demo:/home/sazma/ws_future/install/tm_moveit_config_tm5x-900:/home/sazma/ws_future/install/tm_moveit_config_tm5x-700:/home/sazma/ws_future/install/tm_moveit_config_tm5-900:/home/sazma/ws_future/install/tm_moveit_config_tm5-700:/home/sazma/ws_future/install/tm_moveit_config_tm14x:/home/sazma/ws_future/install/tm_moveit_config_tm14:/home/sazma/ws_future/install/tm_moveit_config_tm12x:/home/sazma/ws_future/install/tm_moveit_config_tm12:/home/sazma/ws_future/install/tm_mod_urdf:/home/sazma/ws_future/install/tm_get_status:/home/sazma/ws_future/install/tm_description:/home/sazma/ws_future/install/custom_package:/home/sazma/ws_future/install/techman_robot_msgs:/home/sazma/ws_future/install/moveit2_tutorials:/home/sazma/ws_future/install/moveit_visual_tools:/home/sazma/ws_future/install/rviz_visual_tools:/home/sazma/ws_future/install/moveit_task_constructor_visualization:/home/sazma/ws_future/install/moveit_task_constructor_demo:/home/sazma/ws_future/install/moveit_task_constructor_capabilities:/home/sazma/ws_future/install/moveit_task_constructor_core:/home/sazma/ws_future/install/rviz_marker_tools:/home/sazma/ws_future/install/pilz_industrial_motion_planner_testutils:/home/sazma/ws_future/install/moveit_runtime:/home/sazma/ws_future/install/moveit:/home/sazma/ws_future/install/kinova_gen3_7dof_robotiq_2f_85_moveit_config:/home/sazma/ws_future/install/kinova_gen3_6dof_robotiq_2f_85_moveit_config:/home/sazma/ws_future/install/moveit_planners:/home/sazma/ws_future/install/pilz_industrial_motion_planner:/home/sazma/ws_future/install/pick_ik:/home/sazma/ws_future/install/moveit_task_constructor_msgs:/home/sazma/ws_future/install/moveit_ros_control_interface:/home/sazma/ws_future/install/moveit_plugins:/home/sazma/ws_future/install/moveit_simple_controller_manager:/home/sazma/ws_future/install/moveit_setup_assistant:/home/sazma/ws_future/install/moveit_setup_srdf_plugins:/home/sazma/ws_future/install/moveit_setup_core_plugins:/home/sazma/ws_future/install/moveit_setup_controllers:/home/sazma/ws_future/install/moveit_setup_app_plugins:/home/sazma/ws_future/install/moveit_setup_framework:/home/sazma/ws_future/install/moveit_servo:/home/sazma/ws_future/install/moveit_ros:/home/sazma/ws_future/install/moveit_ros_visualization:/home/sazma/ws_future/install/moveit_py:/home/sazma/ws_future/install/moveit_hybrid_planning:/home/sazma/ws_future/install/moveit_ros_planning_interface:/home/sazma/ws_future/install/moveit_ros_benchmarks:/home/sazma/ws_future/install/moveit_ros_warehouse:/home/sazma/ws_future/install/moveit_ros_robot_interaction:/home/sazma/ws_future/install/moveit_ros_perception:/home/sazma/ws_future/install/moveit_resources_prbt_pg70_support:/home/sazma/ws_future/install/moveit_resources_prbt_moveit_config:/home/sazma/ws_future/install/moveit_ros_move_group:/home/sazma/ws_future/install/moveit_planners_ompl:/home/sazma/ws_future/install/moveit_kinematics:/home/sazma/ws_future/install/moveit_ros_planning:/home/sazma/ws_future/install/moveit_ros_occupancy_map_monitor:/home/sazma/ws_future/install/moveit_resources_prbt_support:/home/sazma/ws_future/install/moveit_resources_prbt_ikfast_manipulator_plugin:/home/sazma/ws_future/install/moveit_resources:/home/sazma/ws_future/install/moveit_resources_pr2_description:/home/sazma/ws_future/install/moveit_resources_panda_moveit_config:/home/sazma/ws_future/install/dual_arm_panda_moveit_config:/home/sazma/ws_future/install/moveit_resources_panda_description:/home/sazma/ws_future/install/moveit_resources_fanuc_moveit_config:/home/sazma/ws_future/install/moveit_resources_fanuc_description:/home/sazma/ws_future/install/moveit_planners_stomp:/home/sazma/ws_future/install/moveit_planners_chomp:/home/sazma/ws_future/install/moveit_chomp_optimizer_adapter:/home/sazma/ws_future/install/chomp_motion_planner:/home/sazma/ws_future/install/moveit_core:/home/sazma/ws_future/install/moveit_msgs:/home/sazma/ws_future/install/moveit_configs_utils:/home/sazma/ws_future/install/moveit_common:/home/sazma/ws_future/install/kortex_bringup:/home/sazma/ws_future/install/kortex_driver:/home/sazma/ws_future/install/kortex_description:/home/sazma/ws_future/install/kortex_api:/opt/ros/humble /usr/bin/cmake --install /home/sazma/ws_future/build/tm_description
[1.260s] -- Install configuration: ""
[1.260s] -- Up-to-date: /home/sazma/ws_future/install/tm_description/share/ament_index/resource_index/package_run_dependencies/tm_description
[1.260s] -- Up-to-date: /home/sazma/ws_future/install/tm_description/share/ament_index/resource_index/parent_prefix_path/tm_description
[1.260s] -- Up-to-date: /home/sazma/ws_future/install/tm_description/share/tm_description/environment/ament_prefix_path.sh
[1.260s] -- Up-to-date: /home/sazma/ws_future/install/tm_description/share/tm_description/environment/ament_prefix_path.dsv
[1.260s] -- Up-to-date: /home/sazma/ws_future/install/tm_description/share/tm_description/environment/path.sh
[1.260s] -- Up-to-date: /home/sazma/ws_future/install/tm_description/share/tm_description/environment/path.dsv
[1.261s] -- Up-to-date: /home/sazma/ws_future/install/tm_description/share/tm_description/local_setup.bash
[1.268s] -- Up-to-date: /home/sazma/ws_future/install/tm_description/share/tm_description/local_setup.sh
[1.268s] -- Up-to-date: /home/sazma/ws_future/install/tm_description/share/tm_description/local_setup.zsh
[1.268s] -- Up-to-date: /home/sazma/ws_future/install/tm_description/share/tm_description/local_setup.dsv
[1.268s] -- Up-to-date: /home/sazma/ws_future/install/tm_description/share/tm_description/package.dsv
[1.273s] -- Up-to-date: /home/sazma/ws_future/install/tm_description/share/ament_index/resource_index/packages/tm_description
[1.274s] -- Up-to-date: /home/sazma/ws_future/install/tm_description/share/tm_description/cmake/tm_descriptionConfig.cmake
[1.274s] -- Up-to-date: /home/sazma/ws_future/install/tm_description/share/tm_description/cmake/tm_descriptionConfig-version.cmake
[1.274s] -- Up-to-date: /home/sazma/ws_future/install/tm_description/share/tm_description/package.xml
[1.274s] -- Up-to-date: /home/sazma/ws_future/install/tm_description/share/tm_description/meshes
[1.274s] -- Up-to-date: /home/sazma/ws_future/install/tm_description/share/tm_description/meshes/tm5-900
[1.274s] -- Up-to-date: /home/sazma/ws_future/install/tm_description/share/tm_description/meshes/tm5-900/collision
[1.274s] -- Up-to-date: /home/sazma/ws_future/install/tm_description/share/tm_description/meshes/tm5-900/collision/tmr_100w_02_c.stl
[1.274s] -- Up-to-date: /home/sazma/ws_future/install/tm_description/share/tm_description/meshes/tm5-900/collision/tm5-900_arm2_c.stl
[1.275s] -- Up-to-date: /home/sazma/ws_future/install/tm_description/share/tm_description/meshes/tm5-900/collision/tm5-900_arm1_c.stl
[1.275s] -- Up-to-date: /home/sazma/ws_future/install/tm_description/share/tm_description/meshes/tm5-900/collision/tmr_ee_c.stl
[1.275s] -- Up-to-date: /home/sazma/ws_future/install/tm_description/share/tm_description/meshes/tm5-900/collision/tmr_400w_01_c.stl
[1.275s] -- Up-to-date: /home/sazma/ws_future/install/tm_description/share/tm_description/meshes/tm5-900/collision/tm5-base_c.stl
[1.275s] -- Up-to-date: /home/sazma/ws_future/install/tm_description/share/tm_description/meshes/tm5-900/collision/tmr_iox_c.stl
[1.275s] -- Up-to-date: /home/sazma/ws_future/install/tm_description/share/tm_description/meshes/tm5-900/collision/tmr_100w_01_c.stl
[1.275s] -- Up-to-date: /home/sazma/ws_future/install/tm_description/share/tm_description/meshes/tm5-900/visual
[1.275s] -- Up-to-date: /home/sazma/ws_future/install/tm_description/share/tm_description/meshes/tm5-900/visual/tm5-base.obj
[1.275s] -- Up-to-date: /home/sazma/ws_future/install/tm_description/share/tm_description/meshes/tm5-900/visual/tmr_ee.mtl
[1.275s] -- Up-to-date: /home/sazma/ws_future/install/tm_description/share/tm_description/meshes/tm5-900/visual/tm5-base.mtl
[1.276s] -- Up-to-date: /home/sazma/ws_future/install/tm_description/share/tm_description/meshes/tm5-900/visual/tmr_100w_02.obj
[1.276s] -- Up-to-date: /home/sazma/ws_future/install/tm_description/share/tm_description/meshes/tm5-900/visual/tmr_iox.mtl
[1.276s] -- Up-to-date: /home/sazma/ws_future/install/tm_description/share/tm_description/meshes/tm5-900/visual/tmr_ee.stl
[1.276s] -- Up-to-date: /home/sazma/ws_future/install/tm_description/share/tm_description/meshes/tm5-900/visual/tm5-900_arm1.obj
[1.276s] -- Up-to-date: /home/sazma/ws_future/install/tm_description/share/tm_description/meshes/tm5-900/visual/tmr_100w_01.mtl
[1.295s] -- Up-to-date: /home/sazma/ws_future/install/tm_description/share/tm_description/meshes/tm5-900/visual/tm5-900_arm2.obj
[1.295s] -- Up-to-date: /home/sazma/ws_future/install/tm_description/share/tm_description/meshes/tm5-900/visual/tmr_400w_01.stl
[1.295s] -- Up-to-date: /home/sazma/ws_future/install/tm_description/share/tm_description/meshes/tm5-900/visual/tmr_100w_01.obj
[1.296s] -- Up-to-date: /home/sazma/ws_future/install/tm_description/share/tm_description/meshes/tm5-900/visual/tmr_ee.obj
[1.296s] -- Up-to-date: /home/sazma/ws_future/install/tm_description/share/tm_description/meshes/tm5-900/visual/tmr_100w_02.stl
[1.296s] -- Up-to-date: /home/sazma/ws_future/install/tm_description/share/tm_description/meshes/tm5-900/visual/tm5-900_arm1.mtl
[1.296s] -- Up-to-date: /home/sazma/ws_future/install/tm_description/share/tm_description/meshes/tm5-900/visual/tm5-900_arm2.stl
[1.296s] -- Up-to-date: /home/sazma/ws_future/install/tm_description/share/tm_description/meshes/tm5-900/visual/tm5-900_arm2.mtl
[1.296s] -- Up-to-date: /home/sazma/ws_future/install/tm_description/share/tm_description/meshes/tm5-900/visual/tm5-base.stl
[1.296s] -- Up-to-date: /home/sazma/ws_future/install/tm_description/share/tm_description/meshes/tm5-900/visual/tmr_400w_01.mtl
[1.296s] -- Up-to-date: /home/sazma/ws_future/install/tm_description/share/tm_description/meshes/tm5-900/visual/tmr_400w_01.obj
[1.296s] -- Up-to-date: /home/sazma/ws_future/install/tm_description/share/tm_description/meshes/tm5-900/visual/tmr_iox.obj
[1.297s] -- Up-to-date: /home/sazma/ws_future/install/tm_description/share/tm_description/meshes/tm5-900/visual/tmr_100w_01.stl
[1.297s] -- Up-to-date: /home/sazma/ws_future/install/tm_description/share/tm_description/meshes/tm5-900/visual/tm5-900_arm1.stl
[1.297s] -- Up-to-date: /home/sazma/ws_future/install/tm_description/share/tm_description/meshes/tm5-900/visual/tmr_100w_02.mtl
[1.297s] -- Up-to-date: /home/sazma/ws_future/install/tm_description/share/tm_description/meshes/tm5-900/visual/tmr_iox.stl
[1.298s] -- Up-to-date: /home/sazma/ws_future/install/tm_description/share/tm_description/meshes/tm12
[1.298s] -- Up-to-date: /home/sazma/ws_future/install/tm_description/share/tm_description/meshes/tm12/collision
[1.298s] -- Up-to-date: /home/sazma/ws_future/install/tm_description/share/tm_description/meshes/tm12/collision/tmr_750w_01_c.stl
[1.298s] -- Up-to-date: /home/sazma/ws_future/install/tm_description/share/tm_description/meshes/tm12/collision/tm12-arm1_c.stl
[1.298s] -- Up-to-date: /home/sazma/ws_future/install/tm_description/share/tm_description/meshes/tm12/collision/tm12-arm2_c.stl
[1.298s] -- Up-to-date: /home/sazma/ws_future/install/tm_description/share/tm_description/meshes/tm12/collision/tm12-base_c.stl
[1.298s] -- Up-to-date: /home/sazma/ws_future/install/tm_description/share/tm_description/meshes/tm12/visual
[1.298s] -- Up-to-date: /home/sazma/ws_future/install/tm_description/share/tm_description/meshes/tm12/visual/tmr_750w_01.mtl
[1.298s] -- Up-to-date: /home/sazma/ws_future/install/tm_description/share/tm_description/meshes/tm12/visual/tm12-arm1.mtl
[1.299s] -- Up-to-date: /home/sazma/ws_future/install/tm_description/share/tm_description/meshes/tm12/visual/tm12-arm2.stl
[1.299s] -- Up-to-date: /home/sazma/ws_future/install/tm_description/share/tm_description/meshes/tm12/visual/tm12-base.obj
[1.299s] -- Up-to-date: /home/sazma/ws_future/install/tm_description/share/tm_description/meshes/tm12/visual/tm12-base.mtl
[1.299s] -- Up-to-date: /home/sazma/ws_future/install/tm_description/share/tm_description/meshes/tm12/visual/tm12-arm2.obj
[1.299s] -- Up-to-date: /home/sazma/ws_future/install/tm_description/share/tm_description/meshes/tm12/visual/tm12-arm1.obj
[1.299s] -- Up-to-date: /home/sazma/ws_future/install/tm_description/share/tm_description/meshes/tm12/visual/tmr_750w_01.stl
[1.299s] -- Up-to-date: /home/sazma/ws_future/install/tm_description/share/tm_description/meshes/tm12/visual/tmr_750w_01.obj
[1.299s] -- Up-to-date: /home/sazma/ws_future/install/tm_description/share/tm_description/meshes/tm12/visual/tm12-base.stl
[1.299s] -- Up-to-date: /home/sazma/ws_future/install/tm_description/share/tm_description/meshes/tm12/visual/tm12-arm1.stl
[1.299s] -- Up-to-date: /home/sazma/ws_future/install/tm_description/share/tm_description/meshes/tm12/visual/tm12-arm2.mtl
[1.299s] -- Up-to-date: /home/sazma/ws_future/install/tm_description/share/tm_description/meshes/tm5-700
[1.301s] -- Up-to-date: /home/sazma/ws_future/install/tm_description/share/tm_description/meshes/tm5-700/collision
[1.301s] -- Up-to-date: /home/sazma/ws_future/install/tm_description/share/tm_description/meshes/tm5-700/collision/tm5-700_arm1_c.stl
[1.301s] -- Up-to-date: /home/sazma/ws_future/install/tm_description/share/tm_description/meshes/tm5-700/collision/tm5-700_arm2_c.stl
[1.301s] -- Up-to-date: /home/sazma/ws_future/install/tm_description/share/tm_description/meshes/tm5-700/visual
[1.301s] -- Up-to-date: /home/sazma/ws_future/install/tm_description/share/tm_description/meshes/tm5-700/visual/tm5-700_arm2.mtl
[1.301s] -- Up-to-date: /home/sazma/ws_future/install/tm_description/share/tm_description/meshes/tm5-700/visual/tm5-700_arm2.stl
[1.301s] -- Up-to-date: /home/sazma/ws_future/install/tm_description/share/tm_description/meshes/tm5-700/visual/tm5-700_arm1.obj
[1.301s] -- Up-to-date: /home/sazma/ws_future/install/tm_description/share/tm_description/meshes/tm5-700/visual/tm5-700_arm1.mtl
[1.301s] -- Up-to-date: /home/sazma/ws_future/install/tm_description/share/tm_description/meshes/tm5-700/visual/tm5-700_arm2.obj
[1.302s] -- Up-to-date: /home/sazma/ws_future/install/tm_description/share/tm_description/meshes/tm5-700/visual/tm5-700_arm1.stl
[1.302s] -- Up-to-date: /home/sazma/ws_future/install/tm_description/share/tm_description/meshes/tm14
[1.302s] -- Up-to-date: /home/sazma/ws_future/install/tm_description/share/tm_description/meshes/tm14/collision
[1.302s] -- Up-to-date: /home/sazma/ws_future/install/tm_description/share/tm_description/meshes/tm14/collision/tm14_arm2_c.stl
[1.302s] -- Up-to-date: /home/sazma/ws_future/install/tm_description/share/tm_description/meshes/tm14/collision/tm14_arm1_c.stl
[1.302s] -- Up-to-date: /home/sazma/ws_future/install/tm_description/share/tm_description/meshes/tm14/visual
[1.302s] -- Up-to-date: /home/sazma/ws_future/install/tm_description/share/tm_description/meshes/tm14/visual/tm14_arm2.stl
[1.302s] -- Up-to-date: /home/sazma/ws_future/install/tm_description/share/tm_description/meshes/tm14/visual/tm14_arm1.obj
[1.302s] -- Up-to-date: /home/sazma/ws_future/install/tm_description/share/tm_description/meshes/tm14/visual/tm14_arm1.mtl
[1.302s] -- Up-to-date: /home/sazma/ws_future/install/tm_description/share/tm_description/meshes/tm14/visual/tm14_arm2.mtl
[1.302s] -- Up-to-date: /home/sazma/ws_future/install/tm_description/share/tm_description/meshes/tm14/visual/tm14_arm1.stl
[1.302s] -- Up-to-date: /home/sazma/ws_future/install/tm_description/share/tm_description/meshes/tm14/visual/tm14_arm2.obj
[1.303s] -- Up-to-date: /home/sazma/ws_future/install/tm_description/share/tm_description/urdf
[1.303s] -- Up-to-date: /home/sazma/ws_future/install/tm_description/share/tm_description/urdf/tm5x-900-nominal.urdf
[1.303s] -- Up-to-date: /home/sazma/ws_future/install/tm_description/share/tm_description/urdf/tm5x-700-nominal.urdf
[1.303s] -- Up-to-date: /home/sazma/ws_future/install/tm_description/share/tm_description/urdf/tm14-nominal.urdf
[1.303s] -- Up-to-date: /home/sazma/ws_future/install/tm_description/share/tm_description/urdf/tm5-900-nominal.urdf
[1.303s] -- Up-to-date: /home/sazma/ws_future/install/tm_description/share/tm_description/urdf/tm5-700-nominal.urdf
[1.304s] -- Up-to-date: /home/sazma/ws_future/install/tm_description/share/tm_description/urdf/tm12-nominal.urdf
[1.304s] -- Up-to-date: /home/sazma/ws_future/install/tm_description/share/tm_description/urdf/tm14x-nominal.urdf
[1.304s] -- Up-to-date: /home/sazma/ws_future/install/tm_description/share/tm_description/urdf/tm12x-nominal.urdf
[1.304s] -- Up-to-date: /home/sazma/ws_future/install/tm_description/share/tm_description/urdf/tm5-900.urdf
[1.304s] -- Up-to-date: /home/sazma/ws_future/install/tm_description/share/tm_description/xacro
[1.304s] -- Up-to-date: /home/sazma/ws_future/install/tm_description/share/tm_description/xacro/tm12.urdf.xacro
[1.304s] -- Up-to-date: /home/sazma/ws_future/install/tm_description/share/tm_description/xacro/macro.tm5x-900-nominal.urdf.xacro
[1.304s] -- Up-to-date: /home/sazma/ws_future/install/tm_description/share/tm_description/xacro/tm5-900.urdf.xacro
[1.305s] -- Up-to-date: /home/sazma/ws_future/install/tm_description/share/tm_description/xacro/macro.tm14x-nominal.urdf.xacro
[1.305s] -- Up-to-date: /home/sazma/ws_future/install/tm_description/share/tm_description/xacro/macro.tm5x-700-nominal.urdf.xacro
[1.305s] -- Up-to-date: /home/sazma/ws_future/install/tm_description/share/tm_description/xacro/macro.tm5-900-nominal.urdf.xacro
[1.305s] -- Up-to-date: /home/sazma/ws_future/install/tm_description/share/tm_description/xacro/tm5x-900.urdf.xacro
[1.305s] -- Up-to-date: /home/sazma/ws_future/install/tm_description/share/tm_description/xacro/macro.tm5-700-nominal.urdf.xacro
[1.305s] -- Up-to-date: /home/sazma/ws_future/install/tm_description/share/tm_description/xacro/macro.materials.xacro
[1.305s] -- Up-to-date: /home/sazma/ws_future/install/tm_description/share/tm_description/xacro/tm5-700.urdf.xacro
[1.305s] -- Up-to-date: /home/sazma/ws_future/install/tm_description/share/tm_description/xacro/macro.transmission.xacro
[1.305s] -- Up-to-date: /home/sazma/ws_future/install/tm_description/share/tm_description/xacro/tm5x-700.urdf.xacro
[1.306s] -- Up-to-date: /home/sazma/ws_future/install/tm_description/share/tm_description/xacro/macro.inertial.xacro
[1.306s] -- Up-to-date: /home/sazma/ws_future/install/tm_description/share/tm_description/xacro/tm12x.urdf.xacro
[1.306s] -- Up-to-date: /home/sazma/ws_future/install/tm_description/share/tm_description/xacro/macro.tm12-nominal.urdf.xacro
[1.307s] -- Up-to-date: /home/sazma/ws_future/install/tm_description/share/tm_description/xacro/macro.tm12x-nominal.urdf.xacro
[1.307s] -- Up-to-date: /home/sazma/ws_future/install/tm_description/share/tm_description/xacro/macro.tm14-nominal.urdf.xacro
[1.307s] -- Up-to-date: /home/sazma/ws_future/install/tm_description/share/tm_description/xacro/macro.gazebo.xacro
[1.308s] -- Up-to-date: /home/sazma/ws_future/install/tm_description/share/tm_description/xacro/tm14.urdf.xacro
[1.308s] -- Up-to-date: /home/sazma/ws_future/install/tm_description/share/tm_description/xacro/tm14x.urdf.xacro
[1.514s] Invoked command in '/home/sazma/ws_future/build/tm_description' returned '0': CMAKE_PREFIX_PATH=${CMAKE_PREFIX_PATH}:/home/sazma/ws_future/install/ui_for_debug_and_demo:/home/sazma/ws_future/install/tm_driver:/home/sazma/ws_future/install/demo:/home/sazma/ws_future/install/tm_msgs:/home/sazma/ws_future/install/tm_moveit_cpp_demo:/home/sazma/ws_future/install/tm_moveit_config_tm5x-900:/home/sazma/ws_future/install/tm_moveit_config_tm5x-700:/home/sazma/ws_future/install/tm_moveit_config_tm5-900:/home/sazma/ws_future/install/tm_moveit_config_tm5-700:/home/sazma/ws_future/install/tm_moveit_config_tm14x:/home/sazma/ws_future/install/tm_moveit_config_tm14:/home/sazma/ws_future/install/tm_moveit_config_tm12x:/home/sazma/ws_future/install/tm_moveit_config_tm12:/home/sazma/ws_future/install/tm_mod_urdf:/home/sazma/ws_future/install/tm_get_status:/home/sazma/ws_future/install/tm_description:/home/sazma/ws_future/install/custom_package:/home/sazma/ws_future/install/techman_robot_msgs:/home/sazma/ws_future/install/moveit2_tutorials:/home/sazma/ws_future/install/moveit_visual_tools:/home/sazma/ws_future/install/rviz_visual_tools:/home/sazma/ws_future/install/moveit_task_constructor_visualization:/home/sazma/ws_future/install/moveit_task_constructor_demo:/home/sazma/ws_future/install/moveit_task_constructor_capabilities:/home/sazma/ws_future/install/moveit_task_constructor_core:/home/sazma/ws_future/install/rviz_marker_tools:/home/sazma/ws_future/install/pilz_industrial_motion_planner_testutils:/home/sazma/ws_future/install/moveit_runtime:/home/sazma/ws_future/install/moveit:/home/sazma/ws_future/install/kinova_gen3_7dof_robotiq_2f_85_moveit_config:/home/sazma/ws_future/install/kinova_gen3_6dof_robotiq_2f_85_moveit_config:/home/sazma/ws_future/install/moveit_planners:/home/sazma/ws_future/install/pilz_industrial_motion_planner:/home/sazma/ws_future/install/pick_ik:/home/sazma/ws_future/install/moveit_task_constructor_msgs:/home/sazma/ws_future/install/moveit_ros_control_interface:/home/sazma/ws_future/install/moveit_plugins:/home/sazma/ws_future/install/moveit_simple_controller_manager:/home/sazma/ws_future/install/moveit_setup_assistant:/home/sazma/ws_future/install/moveit_setup_srdf_plugins:/home/sazma/ws_future/install/moveit_setup_core_plugins:/home/sazma/ws_future/install/moveit_setup_controllers:/home/sazma/ws_future/install/moveit_setup_app_plugins:/home/sazma/ws_future/install/moveit_setup_framework:/home/sazma/ws_future/install/moveit_servo:/home/sazma/ws_future/install/moveit_ros:/home/sazma/ws_future/install/moveit_ros_visualization:/home/sazma/ws_future/install/moveit_py:/home/sazma/ws_future/install/moveit_hybrid_planning:/home/sazma/ws_future/install/moveit_ros_planning_interface:/home/sazma/ws_future/install/moveit_ros_benchmarks:/home/sazma/ws_future/install/moveit_ros_warehouse:/home/sazma/ws_future/install/moveit_ros_robot_interaction:/home/sazma/ws_future/install/moveit_ros_perception:/home/sazma/ws_future/install/moveit_resources_prbt_pg70_support:/home/sazma/ws_future/install/moveit_resources_prbt_moveit_config:/home/sazma/ws_future/install/moveit_ros_move_group:/home/sazma/ws_future/install/moveit_planners_ompl:/home/sazma/ws_future/install/moveit_kinematics:/home/sazma/ws_future/install/moveit_ros_planning:/home/sazma/ws_future/install/moveit_ros_occupancy_map_monitor:/home/sazma/ws_future/install/moveit_resources_prbt_support:/home/sazma/ws_future/install/moveit_resources_prbt_ikfast_manipulator_plugin:/home/sazma/ws_future/install/moveit_resources:/home/sazma/ws_future/install/moveit_resources_pr2_description:/home/sazma/ws_future/install/moveit_resources_panda_moveit_config:/home/sazma/ws_future/install/dual_arm_panda_moveit_config:/home/sazma/ws_future/install/moveit_resources_panda_description:/home/sazma/ws_future/install/moveit_resources_fanuc_moveit_config:/home/sazma/ws_future/install/moveit_resources_fanuc_description:/home/sazma/ws_future/install/moveit_planners_stomp:/home/sazma/ws_future/install/moveit_planners_chomp:/home/sazma/ws_future/install/moveit_chomp_optimizer_adapter:/home/sazma/ws_future/install/chomp_motion_planner:/home/sazma/ws_future/install/moveit_core:/home/sazma/ws_future/install/moveit_msgs:/home/sazma/ws_future/install/moveit_configs_utils:/home/sazma/ws_future/install/moveit_common:/home/sazma/ws_future/install/kortex_bringup:/home/sazma/ws_future/install/kortex_driver:/home/sazma/ws_future/install/kortex_description:/home/sazma/ws_future/install/kortex_api:/opt/ros/humble /usr/bin/cmake --install /home/sazma/ws_future/build/tm_description
