[0.706s] Invoking command in '/home/sazma/ws_future/build/techman_robot_msgs': CMAKE_PREFIX_PATH=${CMAKE_PREFIX_PATH}:/home/sazma/ws_future/install/tm_mod_urdf:/home/sazma/ws_future/install/tm_get_status:/home/sazma/ws_future/install/py_pubsub:/home/sazma/ws_future/install/mpu_6050:/home/sazma/ws_future/install/moveit_configs_utils:/opt/ros/humble /usr/bin/cmake --build /home/sazma/ws_future/build/techman_robot_msgs -- -j12 -l12
[0.808s] [  3%] Built target techman_robot_msgs__cpp
[0.808s] [ 12%] Built target techman_robot_msgs__rosidl_generator_c
[0.808s] [ 12%] Built target ament_cmake_python_copy_techman_robot_msgs
[0.832s] [ 22%] Built target techman_robot_msgs__rosidl_typesupport_cpp
[0.835s] [ 32%] Built target techman_robot_msgs__rosidl_typesupport_introspection_c
[0.843s] [ 41%] Built target techman_robot_msgs__rosidl_typesupport_fastrtps_cpp
[0.852s] [ 61%] Built target techman_robot_msgs__rosidl_typesupport_introspection_cpp
[0.852s] [ 61%] Built target techman_robot_msgs__rosidl_typesupport_fastrtps_c
[0.852s] [ 70%] Built target techman_robot_msgs__rosidl_typesupport_c
[0.879s] [ 70%] Built target techman_robot_msgs
[0.911s] [ 74%] Built target techman_robot_msgs__py
[0.939s] [ 80%] Built target techman_robot_msgs__rosidl_generator_py
[0.980s] [ 87%] Built target techman_robot_msgs__rosidl_typesupport_fastrtps_c__pyext
[0.980s] [100%] Built target techman_robot_msgs__rosidl_typesupport_c__pyext
[0.980s] [100%] Built target techman_robot_msgs__rosidl_typesupport_introspection_c__pyext
[1.148s] running egg_info
[1.177s] writing techman_robot_msgs.egg-info/PKG-INFO
[1.177s] writing dependency_links to techman_robot_msgs.egg-info/dependency_links.txt
[1.178s] writing top-level names to techman_robot_msgs.egg-info/top_level.txt
[1.263s] reading manifest file 'techman_robot_msgs.egg-info/SOURCES.txt'
[1.264s] writing manifest file 'techman_robot_msgs.egg-info/SOURCES.txt'
[1.305s] [100%] Built target ament_cmake_python_build_techman_robot_msgs_egg
[2.043s] Invoked command in '/home/sazma/ws_future/build/techman_robot_msgs' returned '0': CMAKE_PREFIX_PATH=${CMAKE_PREFIX_PATH}:/home/sazma/ws_future/install/tm_mod_urdf:/home/sazma/ws_future/install/tm_get_status:/home/sazma/ws_future/install/py_pubsub:/home/sazma/ws_future/install/mpu_6050:/home/sazma/ws_future/install/moveit_configs_utils:/opt/ros/humble /usr/bin/cmake --build /home/sazma/ws_future/build/techman_robot_msgs -- -j12 -l12
[2.675s] Invoking command in '/home/sazma/ws_future/build/techman_robot_msgs': CMAKE_PREFIX_PATH=${CMAKE_PREFIX_PATH}:/home/sazma/ws_future/install/tm_mod_urdf:/home/sazma/ws_future/install/tm_get_status:/home/sazma/ws_future/install/py_pubsub:/home/sazma/ws_future/install/mpu_6050:/home/sazma/ws_future/install/moveit_configs_utils:/opt/ros/humble /usr/bin/cmake --install /home/sazma/ws_future/build/techman_robot_msgs
[3.293s] -- Install configuration: ""
[3.293s] -- Up-to-date: /home/sazma/ws_future/install/techman_robot_msgs/share/ament_index/resource_index/rosidl_interfaces/techman_robot_msgs
[3.294s] -- Up-to-date: /home/sazma/ws_future/install/techman_robot_msgs/include/techman_robot_msgs/techman_robot_msgs
[3.294s] -- Up-to-date: /home/sazma/ws_future/install/techman_robot_msgs/include/techman_robot_msgs/techman_robot_msgs/msg
[3.294s] -- Up-to-date: /home/sazma/ws_future/install/techman_robot_msgs/include/techman_robot_msgs/techman_robot_msgs/msg/rosidl_generator_c__visibility_control.h
[3.294s] -- Up-to-date: /home/sazma/ws_future/install/techman_robot_msgs/include/techman_robot_msgs/techman_robot_msgs/srv
[3.294s] -- Up-to-date: /home/sazma/ws_future/install/techman_robot_msgs/include/techman_robot_msgs/techman_robot_msgs/srv/detail
[3.294s] -- Up-to-date: /home/sazma/ws_future/install/techman_robot_msgs/include/techman_robot_msgs/techman_robot_msgs/srv/detail/techman_robot_command__functions.c
[3.294s] -- Up-to-date: /home/sazma/ws_future/install/techman_robot_msgs/include/techman_robot_msgs/techman_robot_msgs/srv/detail/techman_robot_command__struct.h
[3.294s] -- Up-to-date: /home/sazma/ws_future/install/techman_robot_msgs/include/techman_robot_msgs/techman_robot_msgs/srv/detail/techman_robot_command__type_support.h
[3.294s] -- Up-to-date: /home/sazma/ws_future/install/techman_robot_msgs/include/techman_robot_msgs/techman_robot_msgs/srv/detail/techman_robot_command__functions.h
[3.294s] -- Up-to-date: /home/sazma/ws_future/install/techman_robot_msgs/include/techman_robot_msgs/techman_robot_msgs/srv/techman_robot_command.h
[3.294s] -- Up-to-date: /home/sazma/ws_future/install/techman_robot_msgs/share/techman_robot_msgs/environment/library_path.sh
[3.294s] -- Up-to-date: /home/sazma/ws_future/install/techman_robot_msgs/share/techman_robot_msgs/environment/library_path.dsv
[3.294s] -- Up-to-date: /home/sazma/ws_future/install/techman_robot_msgs/lib/libtechman_robot_msgs__rosidl_generator_c.so
[3.295s] -- Up-to-date: /home/sazma/ws_future/install/techman_robot_msgs/include/techman_robot_msgs/techman_robot_msgs
[3.295s] -- Up-to-date: /home/sazma/ws_future/install/techman_robot_msgs/include/techman_robot_msgs/techman_robot_msgs/msg
[3.295s] -- Up-to-date: /home/sazma/ws_future/install/techman_robot_msgs/include/techman_robot_msgs/techman_robot_msgs/msg/rosidl_typesupport_fastrtps_c__visibility_control.h
[3.295s] -- Up-to-date: /home/sazma/ws_future/install/techman_robot_msgs/include/techman_robot_msgs/techman_robot_msgs/srv
[3.295s] -- Up-to-date: /home/sazma/ws_future/install/techman_robot_msgs/include/techman_robot_msgs/techman_robot_msgs/srv/detail
[3.295s] -- Up-to-date: /home/sazma/ws_future/install/techman_robot_msgs/include/techman_robot_msgs/techman_robot_msgs/srv/detail/techman_robot_command__rosidl_typesupport_fastrtps_c.h
[3.295s] -- Up-to-date: /home/sazma/ws_future/install/techman_robot_msgs/lib/libtechman_robot_msgs__rosidl_typesupport_fastrtps_c.so
[3.295s] -- Up-to-date: /home/sazma/ws_future/install/techman_robot_msgs/include/techman_robot_msgs/techman_robot_msgs
[3.295s] -- Up-to-date: /home/sazma/ws_future/install/techman_robot_msgs/include/techman_robot_msgs/techman_robot_msgs/msg
[3.295s] -- Up-to-date: /home/sazma/ws_future/install/techman_robot_msgs/include/techman_robot_msgs/techman_robot_msgs/msg/rosidl_typesupport_introspection_c__visibility_control.h
[3.295s] -- Up-to-date: /home/sazma/ws_future/install/techman_robot_msgs/include/techman_robot_msgs/techman_robot_msgs/srv
[3.295s] -- Up-to-date: /home/sazma/ws_future/install/techman_robot_msgs/include/techman_robot_msgs/techman_robot_msgs/srv/detail
[3.295s] -- Up-to-date: /home/sazma/ws_future/install/techman_robot_msgs/include/techman_robot_msgs/techman_robot_msgs/srv/detail/techman_robot_command__rosidl_typesupport_introspection_c.h
[3.295s] -- Up-to-date: /home/sazma/ws_future/install/techman_robot_msgs/include/techman_robot_msgs/techman_robot_msgs/srv/detail/techman_robot_command__type_support.c
[3.296s] -- Up-to-date: /home/sazma/ws_future/install/techman_robot_msgs/lib/libtechman_robot_msgs__rosidl_typesupport_introspection_c.so
[3.296s] -- Up-to-date: /home/sazma/ws_future/install/techman_robot_msgs/lib/libtechman_robot_msgs__rosidl_typesupport_c.so
[3.296s] -- Up-to-date: /home/sazma/ws_future/install/techman_robot_msgs/include/techman_robot_msgs/techman_robot_msgs
[3.296s] -- Up-to-date: /home/sazma/ws_future/install/techman_robot_msgs/include/techman_robot_msgs/techman_robot_msgs/srv
[3.296s] -- Up-to-date: /home/sazma/ws_future/install/techman_robot_msgs/include/techman_robot_msgs/techman_robot_msgs/srv/detail
[3.296s] -- Up-to-date: /home/sazma/ws_future/install/techman_robot_msgs/include/techman_robot_msgs/techman_robot_msgs/srv/detail/techman_robot_command__builder.hpp
[3.296s] -- Up-to-date: /home/sazma/ws_future/install/techman_robot_msgs/include/techman_robot_msgs/techman_robot_msgs/srv/detail/techman_robot_command__traits.hpp
[3.296s] -- Up-to-date: /home/sazma/ws_future/install/techman_robot_msgs/include/techman_robot_msgs/techman_robot_msgs/srv/detail/techman_robot_command__struct.hpp
[3.296s] -- Up-to-date: /home/sazma/ws_future/install/techman_robot_msgs/include/techman_robot_msgs/techman_robot_msgs/srv/techman_robot_command.hpp
[3.296s] -- Up-to-date: /home/sazma/ws_future/install/techman_robot_msgs/include/techman_robot_msgs/techman_robot_msgs
[3.296s] -- Up-to-date: /home/sazma/ws_future/install/techman_robot_msgs/include/techman_robot_msgs/techman_robot_msgs/msg
[3.296s] -- Up-to-date: /home/sazma/ws_future/install/techman_robot_msgs/include/techman_robot_msgs/techman_robot_msgs/msg/rosidl_typesupport_fastrtps_cpp__visibility_control.h
[3.296s] -- Up-to-date: /home/sazma/ws_future/install/techman_robot_msgs/include/techman_robot_msgs/techman_robot_msgs/srv
[3.297s] -- Up-to-date: /home/sazma/ws_future/install/techman_robot_msgs/include/techman_robot_msgs/techman_robot_msgs/srv/detail
[3.297s] -- Up-to-date: /home/sazma/ws_future/install/techman_robot_msgs/include/techman_robot_msgs/techman_robot_msgs/srv/detail/techman_robot_command__rosidl_typesupport_fastrtps_cpp.hpp
[3.297s] -- Up-to-date: /home/sazma/ws_future/install/techman_robot_msgs/include/techman_robot_msgs/techman_robot_msgs/srv/detail/dds_fastrtps
[3.297s] -- Up-to-date: /home/sazma/ws_future/install/techman_robot_msgs/lib/libtechman_robot_msgs__rosidl_typesupport_fastrtps_cpp.so
[3.297s] -- Up-to-date: /home/sazma/ws_future/install/techman_robot_msgs/include/techman_robot_msgs/techman_robot_msgs
[3.297s] -- Up-to-date: /home/sazma/ws_future/install/techman_robot_msgs/include/techman_robot_msgs/techman_robot_msgs/srv
[3.297s] -- Up-to-date: /home/sazma/ws_future/install/techman_robot_msgs/include/techman_robot_msgs/techman_robot_msgs/srv/detail
[3.297s] -- Up-to-date: /home/sazma/ws_future/install/techman_robot_msgs/include/techman_robot_msgs/techman_robot_msgs/srv/detail/techman_robot_command__type_support.cpp
[3.297s] -- Up-to-date: /home/sazma/ws_future/install/techman_robot_msgs/include/techman_robot_msgs/techman_robot_msgs/srv/detail/techman_robot_command__rosidl_typesupport_introspection_cpp.hpp
[3.297s] -- Up-to-date: /home/sazma/ws_future/install/techman_robot_msgs/lib/libtechman_robot_msgs__rosidl_typesupport_introspection_cpp.so
[3.297s] -- Up-to-date: /home/sazma/ws_future/install/techman_robot_msgs/lib/libtechman_robot_msgs__rosidl_typesupport_cpp.so
[3.297s] -- Up-to-date: /home/sazma/ws_future/install/techman_robot_msgs/share/techman_robot_msgs/environment/pythonpath.sh
[3.297s] -- Up-to-date: /home/sazma/ws_future/install/techman_robot_msgs/share/techman_robot_msgs/environment/pythonpath.dsv
[3.297s] -- Up-to-date: /home/sazma/ws_future/install/techman_robot_msgs/local/lib/python3.10/dist-packages/techman_robot_msgs-1.0.0-py3.10.egg-info
[3.297s] -- Installing: /home/sazma/ws_future/install/techman_robot_msgs/local/lib/python3.10/dist-packages/techman_robot_msgs-1.0.0-py3.10.egg-info/SOURCES.txt
[3.297s] -- Installing: /home/sazma/ws_future/install/techman_robot_msgs/local/lib/python3.10/dist-packages/techman_robot_msgs-1.0.0-py3.10.egg-info/dependency_links.txt
[3.298s] -- Installing: /home/sazma/ws_future/install/techman_robot_msgs/local/lib/python3.10/dist-packages/techman_robot_msgs-1.0.0-py3.10.egg-info/top_level.txt
[3.298s] -- Installing: /home/sazma/ws_future/install/techman_robot_msgs/local/lib/python3.10/dist-packages/techman_robot_msgs-1.0.0-py3.10.egg-info/PKG-INFO
[3.298s] -- Up-to-date: /home/sazma/ws_future/install/techman_robot_msgs/local/lib/python3.10/dist-packages/techman_robot_msgs
[3.298s] -- Up-to-date: /home/sazma/ws_future/install/techman_robot_msgs/local/lib/python3.10/dist-packages/techman_robot_msgs/__init__.py
[3.298s] -- Up-to-date: /home/sazma/ws_future/install/techman_robot_msgs/local/lib/python3.10/dist-packages/techman_robot_msgs/_techman_robot_msgs_s.ep.rosidl_typesupport_fastrtps_c.c
[3.298s] -- Up-to-date: /home/sazma/ws_future/install/techman_robot_msgs/local/lib/python3.10/dist-packages/techman_robot_msgs/libtechman_robot_msgs__rosidl_generator_py.so
[3.298s] -- Up-to-date: /home/sazma/ws_future/install/techman_robot_msgs/local/lib/python3.10/dist-packages/techman_robot_msgs/_techman_robot_msgs_s.ep.rosidl_typesupport_introspection_c.c
[3.298s] -- Up-to-date: /home/sazma/ws_future/install/techman_robot_msgs/local/lib/python3.10/dist-packages/techman_robot_msgs/techman_robot_msgs_s__rosidl_typesupport_c.cpython-310-x86_64-linux-gnu.so
[3.298s] -- Up-to-date: /home/sazma/ws_future/install/techman_robot_msgs/local/lib/python3.10/dist-packages/techman_robot_msgs/_techman_robot_msgs_s.ep.rosidl_typesupport_c.c
[3.298s] -- Up-to-date: /home/sazma/ws_future/install/techman_robot_msgs/local/lib/python3.10/dist-packages/techman_robot_msgs/techman_robot_msgs_s__rosidl_typesupport_introspection_c.cpython-310-x86_64-linux-gnu.so
[3.298s] -- Up-to-date: /home/sazma/ws_future/install/techman_robot_msgs/local/lib/python3.10/dist-packages/techman_robot_msgs/srv
[3.298s] -- Up-to-date: /home/sazma/ws_future/install/techman_robot_msgs/local/lib/python3.10/dist-packages/techman_robot_msgs/srv/__init__.py
[3.298s] -- Up-to-date: /home/sazma/ws_future/install/techman_robot_msgs/local/lib/python3.10/dist-packages/techman_robot_msgs/srv/_techman_robot_command.py
[3.298s] -- Up-to-date: /home/sazma/ws_future/install/techman_robot_msgs/local/lib/python3.10/dist-packages/techman_robot_msgs/srv/_techman_robot_command_s.c
[3.298s] -- Up-to-date: /home/sazma/ws_future/install/techman_robot_msgs/local/lib/python3.10/dist-packages/techman_robot_msgs/techman_robot_msgs_s__rosidl_typesupport_fastrtps_c.cpython-310-x86_64-linux-gnu.so
[3.299s] Listing '/home/sazma/ws_future/install/techman_robot_msgs/local/lib/python3.10/dist-packages/techman_robot_msgs'...
[3.299s] Listing '/home/sazma/ws_future/install/techman_robot_msgs/local/lib/python3.10/dist-packages/techman_robot_msgs/srv'...
[3.299s] -- Up-to-date: /home/sazma/ws_future/install/techman_robot_msgs/local/lib/python3.10/dist-packages/techman_robot_msgs/techman_robot_msgs_s__rosidl_typesupport_fastrtps_c.cpython-310-x86_64-linux-gnu.so
[3.299s] -- Up-to-date: /home/sazma/ws_future/install/techman_robot_msgs/local/lib/python3.10/dist-packages/techman_robot_msgs/techman_robot_msgs_s__rosidl_typesupport_introspection_c.cpython-310-x86_64-linux-gnu.so
[3.299s] -- Up-to-date: /home/sazma/ws_future/install/techman_robot_msgs/local/lib/python3.10/dist-packages/techman_robot_msgs/techman_robot_msgs_s__rosidl_typesupport_c.cpython-310-x86_64-linux-gnu.so
[3.299s] -- Up-to-date: /home/sazma/ws_future/install/techman_robot_msgs/lib/libtechman_robot_msgs__rosidl_generator_py.so
[3.299s] -- Up-to-date: /home/sazma/ws_future/install/techman_robot_msgs/share/techman_robot_msgs/srv/TechmanRobotCommand.idl
[3.299s] -- Up-to-date: /home/sazma/ws_future/install/techman_robot_msgs/share/techman_robot_msgs/srv/TechmanRobotCommand.srv
[3.299s] -- Up-to-date: /home/sazma/ws_future/install/techman_robot_msgs/share/techman_robot_msgs/srv/TechmanRobotCommand_Request.msg
[3.299s] -- Up-to-date: /home/sazma/ws_future/install/techman_robot_msgs/share/techman_robot_msgs/srv/TechmanRobotCommand_Response.msg
[3.299s] -- Up-to-date: /home/sazma/ws_future/install/techman_robot_msgs/share/ament_index/resource_index/package_run_dependencies/techman_robot_msgs
[3.299s] -- Up-to-date: /home/sazma/ws_future/install/techman_robot_msgs/share/ament_index/resource_index/parent_prefix_path/techman_robot_msgs
[3.300s] -- Up-to-date: /home/sazma/ws_future/install/techman_robot_msgs/share/techman_robot_msgs/environment/ament_prefix_path.sh
[3.300s] -- Up-to-date: /home/sazma/ws_future/install/techman_robot_msgs/share/techman_robot_msgs/environment/ament_prefix_path.dsv
[3.300s] -- Up-to-date: /home/sazma/ws_future/install/techman_robot_msgs/share/techman_robot_msgs/environment/path.sh
[3.300s] -- Up-to-date: /home/sazma/ws_future/install/techman_robot_msgs/share/techman_robot_msgs/environment/path.dsv
[3.300s] -- Up-to-date: /home/sazma/ws_future/install/techman_robot_msgs/share/techman_robot_msgs/local_setup.bash
[3.300s] -- Up-to-date: /home/sazma/ws_future/install/techman_robot_msgs/share/techman_robot_msgs/local_setup.sh
[3.300s] -- Up-to-date: /home/sazma/ws_future/install/techman_robot_msgs/share/techman_robot_msgs/local_setup.zsh
[3.300s] -- Up-to-date: /home/sazma/ws_future/install/techman_robot_msgs/share/techman_robot_msgs/local_setup.dsv
[3.300s] -- Installing: /home/sazma/ws_future/install/techman_robot_msgs/share/techman_robot_msgs/package.dsv
[3.300s] -- Up-to-date: /home/sazma/ws_future/install/techman_robot_msgs/share/ament_index/resource_index/packages/techman_robot_msgs
[3.300s] -- Up-to-date: /home/sazma/ws_future/install/techman_robot_msgs/share/techman_robot_msgs/cmake/export_techman_robot_msgs__rosidl_generator_cExport.cmake
[3.300s] -- Up-to-date: /home/sazma/ws_future/install/techman_robot_msgs/share/techman_robot_msgs/cmake/export_techman_robot_msgs__rosidl_generator_cExport-noconfig.cmake
[3.300s] -- Up-to-date: /home/sazma/ws_future/install/techman_robot_msgs/share/techman_robot_msgs/cmake/export_techman_robot_msgs__rosidl_typesupport_fastrtps_cExport.cmake
[3.300s] -- Up-to-date: /home/sazma/ws_future/install/techman_robot_msgs/share/techman_robot_msgs/cmake/export_techman_robot_msgs__rosidl_typesupport_fastrtps_cExport-noconfig.cmake
[3.300s] -- Up-to-date: /home/sazma/ws_future/install/techman_robot_msgs/share/techman_robot_msgs/cmake/techman_robot_msgs__rosidl_typesupport_introspection_cExport.cmake
[3.300s] -- Up-to-date: /home/sazma/ws_future/install/techman_robot_msgs/share/techman_robot_msgs/cmake/techman_robot_msgs__rosidl_typesupport_introspection_cExport-noconfig.cmake
[3.300s] -- Up-to-date: /home/sazma/ws_future/install/techman_robot_msgs/share/techman_robot_msgs/cmake/techman_robot_msgs__rosidl_typesupport_cExport.cmake
[3.301s] -- Up-to-date: /home/sazma/ws_future/install/techman_robot_msgs/share/techman_robot_msgs/cmake/techman_robot_msgs__rosidl_typesupport_cExport-noconfig.cmake
[3.301s] -- Up-to-date: /home/sazma/ws_future/install/techman_robot_msgs/share/techman_robot_msgs/cmake/export_techman_robot_msgs__rosidl_generator_cppExport.cmake
[3.301s] -- Up-to-date: /home/sazma/ws_future/install/techman_robot_msgs/share/techman_robot_msgs/cmake/export_techman_robot_msgs__rosidl_typesupport_fastrtps_cppExport.cmake
[3.301s] -- Up-to-date: /home/sazma/ws_future/install/techman_robot_msgs/share/techman_robot_msgs/cmake/export_techman_robot_msgs__rosidl_typesupport_fastrtps_cppExport-noconfig.cmake
[3.301s] -- Up-to-date: /home/sazma/ws_future/install/techman_robot_msgs/share/techman_robot_msgs/cmake/techman_robot_msgs__rosidl_typesupport_introspection_cppExport.cmake
[3.301s] -- Up-to-date: /home/sazma/ws_future/install/techman_robot_msgs/share/techman_robot_msgs/cmake/techman_robot_msgs__rosidl_typesupport_introspection_cppExport-noconfig.cmake
[3.301s] -- Up-to-date: /home/sazma/ws_future/install/techman_robot_msgs/share/techman_robot_msgs/cmake/techman_robot_msgs__rosidl_typesupport_cppExport.cmake
[3.301s] -- Up-to-date: /home/sazma/ws_future/install/techman_robot_msgs/share/techman_robot_msgs/cmake/techman_robot_msgs__rosidl_typesupport_cppExport-noconfig.cmake
[3.301s] -- Up-to-date: /home/sazma/ws_future/install/techman_robot_msgs/share/techman_robot_msgs/cmake/export_techman_robot_msgs__rosidl_generator_pyExport.cmake
[3.301s] -- Up-to-date: /home/sazma/ws_future/install/techman_robot_msgs/share/techman_robot_msgs/cmake/export_techman_robot_msgs__rosidl_generator_pyExport-noconfig.cmake
[3.301s] -- Up-to-date: /home/sazma/ws_future/install/techman_robot_msgs/share/techman_robot_msgs/cmake/rosidl_cmake-extras.cmake
[3.301s] -- Up-to-date: /home/sazma/ws_future/install/techman_robot_msgs/share/techman_robot_msgs/cmake/ament_cmake_export_include_directories-extras.cmake
[3.301s] -- Up-to-date: /home/sazma/ws_future/install/techman_robot_msgs/share/techman_robot_msgs/cmake/ament_cmake_export_libraries-extras.cmake
[3.301s] -- Up-to-date: /home/sazma/ws_future/install/techman_robot_msgs/share/techman_robot_msgs/cmake/ament_cmake_export_targets-extras.cmake
[3.301s] -- Up-to-date: /home/sazma/ws_future/install/techman_robot_msgs/share/techman_robot_msgs/cmake/rosidl_cmake_export_typesupport_targets-extras.cmake
[3.302s] -- Up-to-date: /home/sazma/ws_future/install/techman_robot_msgs/share/techman_robot_msgs/cmake/ament_cmake_export_dependencies-extras.cmake
[3.302s] -- Up-to-date: /home/sazma/ws_future/install/techman_robot_msgs/share/techman_robot_msgs/cmake/rosidl_cmake_export_typesupport_libraries-extras.cmake
[3.302s] -- Up-to-date: /home/sazma/ws_future/install/techman_robot_msgs/share/techman_robot_msgs/cmake/techman_robot_msgsConfig.cmake
[3.302s] -- Up-to-date: /home/sazma/ws_future/install/techman_robot_msgs/share/techman_robot_msgs/cmake/techman_robot_msgsConfig-version.cmake
[3.302s] -- Up-to-date: /home/sazma/ws_future/install/techman_robot_msgs/share/techman_robot_msgs/package.xml
[3.827s] Invoked command in '/home/sazma/ws_future/build/techman_robot_msgs' returned '0': CMAKE_PREFIX_PATH=${CMAKE_PREFIX_PATH}:/home/sazma/ws_future/install/tm_mod_urdf:/home/sazma/ws_future/install/tm_get_status:/home/sazma/ws_future/install/py_pubsub:/home/sazma/ws_future/install/mpu_6050:/home/sazma/ws_future/install/moveit_configs_utils:/opt/ros/humble /usr/bin/cmake --install /home/sazma/ws_future/build/techman_robot_msgs
