[0.000000] (-) TimerEvent: {}
[0.000204] (-) JobUnselected: {'identifier': 'MPU_6050'}
[0.000518] (-) JobUnselected: {'identifier': 'chomp_motion_planner'}
[0.000577] (-) JobUnselected: {'identifier': 'custom_package'}
[0.000654] (-) JobUnselected: {'identifier': 'demo'}
[0.000673] (-) JobUnselected: {'identifier': 'demo_tmr5_900'}
[0.000689] (-) JobUnselected: {'identifier': 'dual_arm_panda_moveit_config'}
[0.000705] (-) JobUnselected: {'identifier': 'kinova_gen3_6dof_robotiq_2f_85_moveit_config'}
[0.000721] (-) JobUnselected: {'identifier': 'kinova_gen3_7dof_robotiq_2f_85_moveit_config'}
[0.000736] (-) JobUnselected: {'identifier': 'kortex_api'}
[0.000752] (-) JobUnselected: {'identifier': 'kortex_bringup'}
[0.000767] (-) JobUnselected: {'identifier': 'kortex_description'}
[0.000782] (-) JobUnselected: {'identifier': 'kortex_driver'}
[0.000797] (-) JobUnselected: {'identifier': 'moveit'}
[0.000812] (-) JobUnselected: {'identifier': 'moveit2_tutorials'}
[0.000827] (-) JobUnselected: {'identifier': 'moveit_chomp_optimizer_adapter'}
[0.000842] (-) JobUnselected: {'identifier': 'moveit_common'}
[0.000856] (-) JobUnselected: {'identifier': 'moveit_configs_utils'}
[0.000871] (-) JobUnselected: {'identifier': 'moveit_core'}
[0.000886] (-) JobUnselected: {'identifier': 'moveit_hybrid_planning'}
[0.000905] (-) JobUnselected: {'identifier': 'moveit_kinematics'}
[0.000922] (-) JobUnselected: {'identifier': 'moveit_msgs'}
[0.000937] (-) JobUnselected: {'identifier': 'moveit_planners'}
[0.000952] (-) JobUnselected: {'identifier': 'moveit_planners_chomp'}
[0.000966] (-) JobUnselected: {'identifier': 'moveit_planners_ompl'}
[0.000981] (-) JobUnselected: {'identifier': 'moveit_planners_stomp'}
[0.000996] (-) JobUnselected: {'identifier': 'moveit_plugins'}
[0.001011] (-) JobUnselected: {'identifier': 'moveit_py'}
[0.001025] (-) JobUnselected: {'identifier': 'moveit_resources'}
[0.001040] (-) JobUnselected: {'identifier': 'moveit_resources_fanuc_description'}
[0.001055] (-) JobUnselected: {'identifier': 'moveit_resources_fanuc_moveit_config'}
[0.001070] (-) JobUnselected: {'identifier': 'moveit_resources_panda_description'}
[0.001085] (-) JobUnselected: {'identifier': 'moveit_resources_panda_moveit_config'}
[0.001100] (-) JobUnselected: {'identifier': 'moveit_resources_pr2_description'}
[0.001115] (-) JobUnselected: {'identifier': 'moveit_resources_prbt_ikfast_manipulator_plugin'}
[0.001130] (-) JobUnselected: {'identifier': 'moveit_resources_prbt_moveit_config'}
[0.001145] (-) JobUnselected: {'identifier': 'moveit_resources_prbt_pg70_support'}
[0.001160] (-) JobUnselected: {'identifier': 'moveit_resources_prbt_support'}
[0.001175] (-) JobUnselected: {'identifier': 'moveit_ros'}
[0.001190] (-) JobUnselected: {'identifier': 'moveit_ros_benchmarks'}
[0.001205] (-) JobUnselected: {'identifier': 'moveit_ros_control_interface'}
[0.001220] (-) JobUnselected: {'identifier': 'moveit_ros_move_group'}
[0.001235] (-) JobUnselected: {'identifier': 'moveit_ros_occupancy_map_monitor'}
[0.001250] (-) JobUnselected: {'identifier': 'moveit_ros_perception'}
[0.001265] (-) JobUnselected: {'identifier': 'moveit_ros_planning'}
[0.001279] (-) JobUnselected: {'identifier': 'moveit_ros_planning_interface'}
[0.001294] (-) JobUnselected: {'identifier': 'moveit_ros_robot_interaction'}
[0.001309] (-) JobUnselected: {'identifier': 'moveit_ros_visualization'}
[0.001323] (-) JobUnselected: {'identifier': 'moveit_ros_warehouse'}
[0.001338] (-) JobUnselected: {'identifier': 'moveit_runtime'}
[0.001353] (-) JobUnselected: {'identifier': 'moveit_servo'}
[0.001368] (-) JobUnselected: {'identifier': 'moveit_setup_app_plugins'}
[0.001382] (-) JobUnselected: {'identifier': 'moveit_setup_assistant'}
[0.001398] (-) JobUnselected: {'identifier': 'moveit_setup_controllers'}
[0.001413] (-) JobUnselected: {'identifier': 'moveit_setup_core_plugins'}
[0.001428] (-) JobUnselected: {'identifier': 'moveit_setup_framework'}
[0.001443] (-) JobUnselected: {'identifier': 'moveit_setup_srdf_plugins'}
[0.001458] (-) JobUnselected: {'identifier': 'moveit_simple_controller_manager'}
[0.001473] (-) JobUnselected: {'identifier': 'moveit_task_constructor_capabilities'}
[0.001549] (-) JobUnselected: {'identifier': 'moveit_task_constructor_core'}
[0.001566] (-) JobUnselected: {'identifier': 'moveit_task_constructor_demo'}
[0.001581] (-) JobUnselected: {'identifier': 'moveit_task_constructor_msgs'}
[0.001596] (-) JobUnselected: {'identifier': 'moveit_task_constructor_visualization'}
[0.001611] (-) JobUnselected: {'identifier': 'moveit_visual_tools'}
[0.001625] (-) JobUnselected: {'identifier': 'pick_ik'}
[0.001640] (-) JobUnselected: {'identifier': 'pilz_industrial_motion_planner'}
[0.001654] (-) JobUnselected: {'identifier': 'pilz_industrial_motion_planner_testutils'}
[0.001669] (-) JobUnselected: {'identifier': 'rviz_marker_tools'}
[0.001683] (-) JobUnselected: {'identifier': 'rviz_visual_tools'}
[0.001698] (-) JobUnselected: {'identifier': 'techman_robot_msgs'}
[0.001712] (-) JobUnselected: {'identifier': 'tm_description'}
[0.001727] (-) JobUnselected: {'identifier': 'tm_driver'}
[0.001741] (-) JobUnselected: {'identifier': 'tm_get_status'}
[0.001756] (-) JobUnselected: {'identifier': 'tm_mod_urdf'}
[0.001770] (-) JobUnselected: {'identifier': 'tm_moveit_config_tm12'}
[0.001785] (-) JobUnselected: {'identifier': 'tm_moveit_config_tm12x'}
[0.001799] (-) JobUnselected: {'identifier': 'tm_moveit_config_tm14'}
[0.001813] (-) JobUnselected: {'identifier': 'tm_moveit_config_tm14x'}
[0.001833] (-) JobUnselected: {'identifier': 'tm_moveit_config_tm5-700'}
[0.001849] (-) JobUnselected: {'identifier': 'tm_moveit_config_tm5-900'}
[0.001863] (-) JobUnselected: {'identifier': 'tm_moveit_config_tm5x-700'}
[0.001878] (-) JobUnselected: {'identifier': 'tm_moveit_config_tm5x-900'}
[0.001893] (-) JobUnselected: {'identifier': 'tm_moveit_cpp_demo'}
[0.001907] (-) JobUnselected: {'identifier': 'tm_msgs'}
[0.001921] (-) JobUnselected: {'identifier': 'ui_for_debug_and_demo'}
[0.001939] (mpu_6050) JobQueued: {'identifier': 'mpu_6050', 'dependencies': OrderedDict()}
[0.001957] (mpu_6050) JobStarted: {'identifier': 'mpu_6050'}
[0.099741] (-) TimerEvent: {}
[0.200119] (-) TimerEvent: {}
[0.216514] (mpu_6050) StderrLine: {'line': b'Traceback (most recent call last):\n  File "/usr/lib/python3/dist-packages/colcon_core/executor/__init__.py", line 91, in __call__\n    rc = await self.task(*args, **kwargs)\n  File "/usr/lib/python3/dist-packages/colcon_core/task/__init__.py", line 93, in __call__\n    return await task_method(*args, **kwargs)\n  File "/usr/lib/python3/dist-packages/colcon_ros/task/ament_python/build.py", line 102, in build\n    return await extension.build(additional_hooks=additional_hooks)\n  File "/usr/lib/python3/dist-packages/colcon_core/task/python/build.py", line 85, in build\n    available_commands = await self._get_available_commands(\n  File "/usr/lib/python3/dist-packages/colcon_core/task/python/build.py", line 175, in _get_available_commands\n    output = await check_output(\n  File "/usr/lib/python3/dist-packages/colcon_core/subprocess.py", line 129, in check_output\n    assert not rc, f\'Expected {args} to pass: {stderr_data}\'\nAssertionError: Expected [\'/usr/bin/python3\', \'setup.py\', \'--help-commands\'] to pass: /usr/bin/python3: can\'t open file \'/home/sazma/ws_future/src/MPU_6050/setup.py\': [Errno 2] No such file or directory\n\n'}
[0.216830] (mpu_6050) JobEnded: {'identifier': 'mpu_6050', 'rc': 1}
[0.227133] (-) EventReactorShutdown: {}
