[0.095s] Invoking command in '/home/sazma/ws_future/build/tutorial_interfaces': CMAKE_PREFIX_PATH=${CMAKE_PREFIX_PATH}:/home/sazma/ws_future/install/tm_mod_urdf:/home/sazma/ws_future/install/tm_get_status:/home/sazma/ws_future/install/py_pubsub:/home/sazma/ws_future/install/mpu_6050:/home/sazma/ws_future/install/moveit_configs_utils:/opt/ros/humble /usr/bin/cmake /home/sazma/ws_future/src/tutorial_interfaces -DCMAKE_INSTALL_PREFIX=/home/sazma/ws_future/install/tutorial_interfaces
[0.108s] -- Found ament_cmake: 1.3.5 (/opt/ros/humble/share/ament_cmake/cmake)
[0.249s] -- Found geometry_msgs: 4.2.3 (/opt/ros/humble/share/geometry_msgs/cmake)
[0.273s] -- Found rosidl_generator_c: 3.1.5 (/opt/ros/humble/share/rosidl_generator_c/cmake)
[0.275s] -- Found rosidl_adapter: 3.1.5 (/opt/ros/humble/share/rosidl_adapter/cmake)
[0.281s] -- Found rosidl_generator_cpp: 3.1.5 (/opt/ros/humble/share/rosidl_generator_cpp/cmake)
[0.295s] -- Using all available rosidl_typesupport_c: rosidl_typesupport_fastrtps_c;rosidl_typesupport_introspection_c
[0.313s] -- Using all available rosidl_typesupport_cpp: rosidl_typesupport_fastrtps_cpp;rosidl_typesupport_introspection_cpp
[0.431s] -- Found rosidl_default_generators: 1.2.0 (/opt/ros/humble/share/rosidl_default_generators/cmake)
[0.735s] -- Found ament_cmake_ros: 0.10.0 (/opt/ros/humble/share/ament_cmake_ros/cmake)
[1.158s] -- Using all available rosidl_typesupport_c: rosidl_typesupport_fastrtps_c;rosidl_typesupport_introspection_c
[1.318s] -- Using all available rosidl_typesupport_cpp: rosidl_typesupport_fastrtps_cpp;rosidl_typesupport_introspection_cpp
[1.343s] -- Found PythonInterp: /usr/bin/python3 (found suitable version "3.10.12", minimum required is "3.6") 
[1.350s] -- Found python_cmake_module: 0.10.0 (/opt/ros/humble/share/python_cmake_module/cmake)
[1.379s] -- Found PythonLibs: /usr/lib/x86_64-linux-gnu/libpython3.10.so (found suitable version "3.10.12", minimum required is "3.5") 
[1.379s] -- Using PYTHON_EXECUTABLE: /usr/bin/python3
[1.379s] -- Using PYTHON_INCLUDE_DIRS: /usr/include/python3.10
[1.379s] -- Using PYTHON_LIBRARIES: /usr/lib/x86_64-linux-gnu/libpython3.10.so
[1.401s] -- Found PythonExtra: .so  
[1.523s] -- Found ament_lint_auto: 0.12.8 (/opt/ros/humble/share/ament_lint_auto/cmake)
[1.584s] -- Added test 'lint_cmake' to check CMake code style
[1.586s] -- Added test 'xmllint' to check XML markup files
[1.591s] -- Configuring done
[1.622s] -- Generating done
[1.624s] -- Build files have been written to: /home/sazma/ws_future/build/tutorial_interfaces
[1.630s] Invoked command in '/home/sazma/ws_future/build/tutorial_interfaces' returned '0': CMAKE_PREFIX_PATH=${CMAKE_PREFIX_PATH}:/home/sazma/ws_future/install/tm_mod_urdf:/home/sazma/ws_future/install/tm_get_status:/home/sazma/ws_future/install/py_pubsub:/home/sazma/ws_future/install/mpu_6050:/home/sazma/ws_future/install/moveit_configs_utils:/opt/ros/humble /usr/bin/cmake /home/sazma/ws_future/src/tutorial_interfaces -DCMAKE_INSTALL_PREFIX=/home/sazma/ws_future/install/tutorial_interfaces
[1.631s] Invoking command in '/home/sazma/ws_future/build/tutorial_interfaces': CMAKE_PREFIX_PATH=${CMAKE_PREFIX_PATH}:/home/sazma/ws_future/install/tm_mod_urdf:/home/sazma/ws_future/install/tm_get_status:/home/sazma/ws_future/install/py_pubsub:/home/sazma/ws_future/install/mpu_6050:/home/sazma/ws_future/install/moveit_configs_utils:/opt/ros/humble /usr/bin/cmake --build /home/sazma/ws_future/build/tutorial_interfaces -- -j12 -l12
[1.678s] [  2%] [34m[1mGenerating C code for ROS interfaces[0m
[1.690s] [  4%] [34m[1mGenerating C++ code for ROS interfaces[0m
[1.699s] [  4%] Built target ament_cmake_python_copy_tutorial_interfaces
[1.904s] running egg_info
[1.905s] creating tutorial_interfaces.egg-info
[1.922s] writing tutorial_interfaces.egg-info/PKG-INFO
[1.922s] writing dependency_links to tutorial_interfaces.egg-info/dependency_links.txt
[1.922s] writing top-level names to tutorial_interfaces.egg-info/top_level.txt
[1.922s] writing manifest file 'tutorial_interfaces.egg-info/SOURCES.txt'
[1.972s] reading manifest file 'tutorial_interfaces.egg-info/SOURCES.txt'
[1.973s] writing manifest file 'tutorial_interfaces.egg-info/SOURCES.txt'
[1.997s] [  4%] Built target ament_cmake_python_build_tutorial_interfaces_egg
[2.039s] [  4%] Built target tutorial_interfaces__cpp
[2.053s] [  6%] [34m[1mGenerating C++ type support dispatch for ROS interfaces[0m
[2.053s] [  8%] [34m[1mGenerating C++ type support for eProsima Fast-RTPS[0m
[2.054s] [ 10%] [34m[1mGenerating C++ introspection for ROS interfaces[0m
[2.074s] [ 12%] [32mBuilding C object CMakeFiles/tutorial_interfaces__rosidl_generator_c.dir/rosidl_generator_c/tutorial_interfaces/msg/detail/num__functions.c.o[0m
[2.074s] [ 14%] [32mBuilding C object CMakeFiles/tutorial_interfaces__rosidl_generator_c.dir/rosidl_generator_c/tutorial_interfaces/srv/detail/add_three_ints__functions.c.o[0m
[2.075s] [ 17%] [32mBuilding C object CMakeFiles/tutorial_interfaces__rosidl_generator_c.dir/rosidl_generator_c/tutorial_interfaces/msg/detail/sphere__functions.c.o[0m
[2.143s] [ 19%] [32m[1mLinking C shared library libtutorial_interfaces__rosidl_generator_c.so[0m
[2.182s] [ 19%] Built target tutorial_interfaces__rosidl_generator_c
[2.195s] [ 25%] [34m[1mGenerating C introspection for ROS interfaces[0m
[2.195s] [ 25%] [34m[1mGenerating C type support for eProsima Fast-RTPS[0m
[2.195s] [ 25%] [34m[1mGenerating C type support dispatch for ROS interfaces[0m
[2.342s] [ 27%] [32mBuilding CXX object CMakeFiles/tutorial_interfaces__rosidl_typesupport_cpp.dir/rosidl_typesupport_cpp/tutorial_interfaces/msg/num__type_support.cpp.o[0m
[2.347s] [ 31%] [32mBuilding CXX object CMakeFiles/tutorial_interfaces__rosidl_typesupport_cpp.dir/rosidl_typesupport_cpp/tutorial_interfaces/msg/sphere__type_support.cpp.o[0m
[2.347s] [ 31%] [32mBuilding CXX object CMakeFiles/tutorial_interfaces__rosidl_typesupport_cpp.dir/rosidl_typesupport_cpp/tutorial_interfaces/srv/add_three_ints__type_support.cpp.o[0m
[2.398s] [ 36%] [32mBuilding CXX object CMakeFiles/tutorial_interfaces__rosidl_typesupport_introspection_cpp.dir/rosidl_typesupport_introspection_cpp/tutorial_interfaces/msg/detail/sphere__type_support.cpp.o[0m
[2.399s] [ 36%] [32mBuilding CXX object CMakeFiles/tutorial_interfaces__rosidl_typesupport_introspection_cpp.dir/rosidl_typesupport_introspection_cpp/tutorial_interfaces/msg/detail/num__type_support.cpp.o[0m
[2.402s] [ 38%] [32mBuilding CXX object CMakeFiles/tutorial_interfaces__rosidl_typesupport_introspection_cpp.dir/rosidl_typesupport_introspection_cpp/tutorial_interfaces/srv/detail/add_three_ints__type_support.cpp.o[0m
[2.423s] [ 40%] [32mBuilding CXX object CMakeFiles/tutorial_interfaces__rosidl_typesupport_fastrtps_cpp.dir/rosidl_typesupport_fastrtps_cpp/tutorial_interfaces/msg/detail/dds_fastrtps/num__type_support.cpp.o[0m
[2.424s] [ 42%] [32mBuilding CXX object CMakeFiles/tutorial_interfaces__rosidl_typesupport_fastrtps_cpp.dir/rosidl_typesupport_fastrtps_cpp/tutorial_interfaces/srv/detail/dds_fastrtps/add_three_ints__type_support.cpp.o[0m
[2.425s] [ 44%] [32mBuilding CXX object CMakeFiles/tutorial_interfaces__rosidl_typesupport_fastrtps_cpp.dir/rosidl_typesupport_fastrtps_cpp/tutorial_interfaces/msg/detail/dds_fastrtps/sphere__type_support.cpp.o[0m
[2.596s] [ 46%] [32mBuilding CXX object CMakeFiles/tutorial_interfaces__rosidl_typesupport_c.dir/rosidl_typesupport_c/tutorial_interfaces/msg/num__type_support.cpp.o[0m
[2.650s] [ 48%] [32mBuilding CXX object CMakeFiles/tutorial_interfaces__rosidl_typesupport_c.dir/rosidl_typesupport_c/tutorial_interfaces/msg/sphere__type_support.cpp.o[0m
[2.702s] [ 51%] [32mBuilding CXX object CMakeFiles/tutorial_interfaces__rosidl_typesupport_c.dir/rosidl_typesupport_c/tutorial_interfaces/srv/add_three_ints__type_support.cpp.o[0m
[2.737s] [ 53%] [32mBuilding C object CMakeFiles/tutorial_interfaces__rosidl_typesupport_introspection_c.dir/rosidl_typesupport_introspection_c/tutorial_interfaces/msg/detail/num__type_support.c.o[0m
[2.755s] [ 55%] [32m[1mLinking CXX shared library libtutorial_interfaces__rosidl_typesupport_c.so[0m
[2.755s] [ 57%] [32mBuilding CXX object CMakeFiles/tutorial_interfaces__rosidl_typesupport_fastrtps_c.dir/rosidl_typesupport_fastrtps_c/tutorial_interfaces/msg/detail/num__type_support_c.cpp.o[0m
[2.768s] [ 61%] [32mBuilding CXX object CMakeFiles/tutorial_interfaces__rosidl_typesupport_fastrtps_c.dir/rosidl_typesupport_fastrtps_c/tutorial_interfaces/msg/detail/sphere__type_support_c.cpp.o[0m
[2.768s] [ 61%] [32mBuilding C object CMakeFiles/tutorial_interfaces__rosidl_typesupport_introspection_c.dir/rosidl_typesupport_introspection_c/tutorial_interfaces/msg/detail/sphere__type_support.c.o[0m
[2.794s] [ 65%] [32m[1mLinking CXX shared library libtutorial_interfaces__rosidl_typesupport_cpp.so[0m
[2.795s] [ 65%] [32mBuilding C object CMakeFiles/tutorial_interfaces__rosidl_typesupport_introspection_c.dir/rosidl_typesupport_introspection_c/tutorial_interfaces/srv/detail/add_three_ints__type_support.c.o[0m
[2.825s] [ 68%] [32mBuilding CXX object CMakeFiles/tutorial_interfaces__rosidl_typesupport_fastrtps_c.dir/rosidl_typesupport_fastrtps_c/tutorial_interfaces/srv/detail/add_three_ints__type_support_c.cpp.o[0m
[2.845s] [ 68%] Built target tutorial_interfaces__rosidl_typesupport_c
[2.867s] [ 70%] [32m[1mLinking C shared library libtutorial_interfaces__rosidl_typesupport_introspection_c.so[0m
[2.870s] [ 70%] Built target tutorial_interfaces__rosidl_typesupport_cpp
[2.925s] [ 70%] Built target tutorial_interfaces__rosidl_typesupport_introspection_c
[2.995s] [ 72%] [32m[1mLinking CXX shared library libtutorial_interfaces__rosidl_typesupport_introspection_cpp.so[0m
[3.069s] [ 74%] [32m[1mLinking CXX shared library libtutorial_interfaces__rosidl_typesupport_fastrtps_cpp.so[0m
[3.073s] [ 74%] Built target tutorial_interfaces__rosidl_typesupport_introspection_cpp
[3.154s] [ 74%] Built target tutorial_interfaces__rosidl_typesupport_fastrtps_cpp
[3.227s] [ 76%] [32m[1mLinking CXX shared library libtutorial_interfaces__rosidl_typesupport_fastrtps_c.so[0m
[3.294s] [ 76%] Built target tutorial_interfaces__rosidl_typesupport_fastrtps_c
[3.317s] [ 76%] Built target tutorial_interfaces
[3.342s] [ 78%] [34m[1mGenerating Python code for ROS interfaces[0m
[3.838s] [ 78%] Built target tutorial_interfaces__py
[3.863s] [ 85%] [32mBuilding C object CMakeFiles/tutorial_interfaces__rosidl_generator_py.dir/rosidl_generator_py/tutorial_interfaces/srv/_add_three_ints_s.c.o[0m
[3.863s] [ 85%] [32mBuilding C object CMakeFiles/tutorial_interfaces__rosidl_generator_py.dir/rosidl_generator_py/tutorial_interfaces/msg/_sphere_s.c.o[0m
[3.863s] [ 85%] [32mBuilding C object CMakeFiles/tutorial_interfaces__rosidl_generator_py.dir/rosidl_generator_py/tutorial_interfaces/msg/_num_s.c.o[0m
[3.973s] [ 87%] [32m[1mLinking C shared library rosidl_generator_py/tutorial_interfaces/libtutorial_interfaces__rosidl_generator_py.so[0m
[4.015s] [ 87%] Built target tutorial_interfaces__rosidl_generator_py
[4.041s] [ 93%] [32mBuilding C object CMakeFiles/tutorial_interfaces__rosidl_typesupport_introspection_c__pyext.dir/rosidl_generator_py/tutorial_interfaces/_tutorial_interfaces_s.ep.rosidl_typesupport_introspection_c.c.o[0m
[4.041s] [ 93%] [32mBuilding C object CMakeFiles/tutorial_interfaces__rosidl_typesupport_fastrtps_c__pyext.dir/rosidl_generator_py/tutorial_interfaces/_tutorial_interfaces_s.ep.rosidl_typesupport_fastrtps_c.c.o[0m
[4.041s] [ 93%] [32mBuilding C object CMakeFiles/tutorial_interfaces__rosidl_typesupport_c__pyext.dir/rosidl_generator_py/tutorial_interfaces/_tutorial_interfaces_s.ep.rosidl_typesupport_c.c.o[0m
[4.146s] [100%] [32m[1mLinking C shared library rosidl_generator_py/tutorial_interfaces/tutorial_interfaces_s__rosidl_typesupport_fastrtps_c.cpython-310-x86_64-linux-gnu.so[0m
[4.146s] [100%] [32m[1mLinking C shared library rosidl_generator_py/tutorial_interfaces/tutorial_interfaces_s__rosidl_typesupport_introspection_c.cpython-310-x86_64-linux-gnu.so[0m
[4.146s] [100%] [32m[1mLinking C shared library rosidl_generator_py/tutorial_interfaces/tutorial_interfaces_s__rosidl_typesupport_c.cpython-310-x86_64-linux-gnu.so[0m
[4.189s] [100%] Built target tutorial_interfaces__rosidl_typesupport_fastrtps_c__pyext
[4.190s] [100%] Built target tutorial_interfaces__rosidl_typesupport_c__pyext
[4.190s] [100%] Built target tutorial_interfaces__rosidl_typesupport_introspection_c__pyext
[4.202s] Invoked command in '/home/sazma/ws_future/build/tutorial_interfaces' returned '0': CMAKE_PREFIX_PATH=${CMAKE_PREFIX_PATH}:/home/sazma/ws_future/install/tm_mod_urdf:/home/sazma/ws_future/install/tm_get_status:/home/sazma/ws_future/install/py_pubsub:/home/sazma/ws_future/install/mpu_6050:/home/sazma/ws_future/install/moveit_configs_utils:/opt/ros/humble /usr/bin/cmake --build /home/sazma/ws_future/build/tutorial_interfaces -- -j12 -l12
[4.522s] Invoking command in '/home/sazma/ws_future/build/tutorial_interfaces': CMAKE_PREFIX_PATH=${CMAKE_PREFIX_PATH}:/home/sazma/ws_future/install/tm_mod_urdf:/home/sazma/ws_future/install/tm_get_status:/home/sazma/ws_future/install/py_pubsub:/home/sazma/ws_future/install/mpu_6050:/home/sazma/ws_future/install/moveit_configs_utils:/opt/ros/humble /usr/bin/cmake --install /home/sazma/ws_future/build/tutorial_interfaces
[4.536s] -- Install configuration: ""
[4.536s] -- Installing: /home/sazma/ws_future/install/tutorial_interfaces/share/ament_index/resource_index/rosidl_interfaces/tutorial_interfaces
[4.536s] -- Installing: /home/sazma/ws_future/install/tutorial_interfaces/include/tutorial_interfaces/tutorial_interfaces
[4.536s] -- Installing: /home/sazma/ws_future/install/tutorial_interfaces/include/tutorial_interfaces/tutorial_interfaces/msg
[4.536s] -- Installing: /home/sazma/ws_future/install/tutorial_interfaces/include/tutorial_interfaces/tutorial_interfaces/msg/rosidl_generator_c__visibility_control.h
[4.536s] -- Installing: /home/sazma/ws_future/install/tutorial_interfaces/include/tutorial_interfaces/tutorial_interfaces/msg/detail
[4.536s] -- Installing: /home/sazma/ws_future/install/tutorial_interfaces/include/tutorial_interfaces/tutorial_interfaces/msg/detail/num__functions.h
[4.536s] -- Installing: /home/sazma/ws_future/install/tutorial_interfaces/include/tutorial_interfaces/tutorial_interfaces/msg/detail/sphere__functions.c
[4.537s] -- Installing: /home/sazma/ws_future/install/tutorial_interfaces/include/tutorial_interfaces/tutorial_interfaces/msg/detail/sphere__type_support.h
[4.537s] -- Installing: /home/sazma/ws_future/install/tutorial_interfaces/include/tutorial_interfaces/tutorial_interfaces/msg/detail/num__type_support.h
[4.537s] -- Installing: /home/sazma/ws_future/install/tutorial_interfaces/include/tutorial_interfaces/tutorial_interfaces/msg/detail/num__struct.h
[4.537s] -- Installing: /home/sazma/ws_future/install/tutorial_interfaces/include/tutorial_interfaces/tutorial_interfaces/msg/detail/sphere__functions.h
[4.537s] -- Installing: /home/sazma/ws_future/install/tutorial_interfaces/include/tutorial_interfaces/tutorial_interfaces/msg/detail/sphere__struct.h
[4.537s] -- Installing: /home/sazma/ws_future/install/tutorial_interfaces/include/tutorial_interfaces/tutorial_interfaces/msg/detail/num__functions.c
[4.537s] -- Installing: /home/sazma/ws_future/install/tutorial_interfaces/include/tutorial_interfaces/tutorial_interfaces/msg/num.h
[4.537s] -- Installing: /home/sazma/ws_future/install/tutorial_interfaces/include/tutorial_interfaces/tutorial_interfaces/msg/sphere.h
[4.538s] -- Installing: /home/sazma/ws_future/install/tutorial_interfaces/include/tutorial_interfaces/tutorial_interfaces/srv
[4.538s] -- Installing: /home/sazma/ws_future/install/tutorial_interfaces/include/tutorial_interfaces/tutorial_interfaces/srv/detail
[4.538s] -- Installing: /home/sazma/ws_future/install/tutorial_interfaces/include/tutorial_interfaces/tutorial_interfaces/srv/detail/add_three_ints__functions.h
[4.538s] -- Installing: /home/sazma/ws_future/install/tutorial_interfaces/include/tutorial_interfaces/tutorial_interfaces/srv/detail/add_three_ints__type_support.h
[4.538s] -- Installing: /home/sazma/ws_future/install/tutorial_interfaces/include/tutorial_interfaces/tutorial_interfaces/srv/detail/add_three_ints__struct.h
[4.538s] -- Installing: /home/sazma/ws_future/install/tutorial_interfaces/include/tutorial_interfaces/tutorial_interfaces/srv/detail/add_three_ints__functions.c
[4.538s] -- Installing: /home/sazma/ws_future/install/tutorial_interfaces/include/tutorial_interfaces/tutorial_interfaces/srv/add_three_ints.h
[4.538s] -- Installing: /home/sazma/ws_future/install/tutorial_interfaces/share/tutorial_interfaces/environment/library_path.sh
[4.538s] -- Installing: /home/sazma/ws_future/install/tutorial_interfaces/share/tutorial_interfaces/environment/library_path.dsv
[4.538s] -- Installing: /home/sazma/ws_future/install/tutorial_interfaces/lib/libtutorial_interfaces__rosidl_generator_c.so
[4.539s] -- Set runtime path of "/home/sazma/ws_future/install/tutorial_interfaces/lib/libtutorial_interfaces__rosidl_generator_c.so" to ""
[4.539s] -- Up-to-date: /home/sazma/ws_future/install/tutorial_interfaces/include/tutorial_interfaces/tutorial_interfaces
[4.539s] -- Up-to-date: /home/sazma/ws_future/install/tutorial_interfaces/include/tutorial_interfaces/tutorial_interfaces/msg
[4.539s] -- Up-to-date: /home/sazma/ws_future/install/tutorial_interfaces/include/tutorial_interfaces/tutorial_interfaces/msg/detail
[4.539s] -- Installing: /home/sazma/ws_future/install/tutorial_interfaces/include/tutorial_interfaces/tutorial_interfaces/msg/detail/sphere__rosidl_typesupport_fastrtps_c.h
[4.539s] -- Installing: /home/sazma/ws_future/install/tutorial_interfaces/include/tutorial_interfaces/tutorial_interfaces/msg/detail/num__rosidl_typesupport_fastrtps_c.h
[4.539s] -- Installing: /home/sazma/ws_future/install/tutorial_interfaces/include/tutorial_interfaces/tutorial_interfaces/msg/rosidl_typesupport_fastrtps_c__visibility_control.h
[4.539s] -- Up-to-date: /home/sazma/ws_future/install/tutorial_interfaces/include/tutorial_interfaces/tutorial_interfaces/srv
[4.539s] -- Up-to-date: /home/sazma/ws_future/install/tutorial_interfaces/include/tutorial_interfaces/tutorial_interfaces/srv/detail
[4.539s] -- Installing: /home/sazma/ws_future/install/tutorial_interfaces/include/tutorial_interfaces/tutorial_interfaces/srv/detail/add_three_ints__rosidl_typesupport_fastrtps_c.h
[4.539s] -- Installing: /home/sazma/ws_future/install/tutorial_interfaces/lib/libtutorial_interfaces__rosidl_typesupport_fastrtps_c.so
[4.539s] -- Set runtime path of "/home/sazma/ws_future/install/tutorial_interfaces/lib/libtutorial_interfaces__rosidl_typesupport_fastrtps_c.so" to ""
[4.539s] -- Up-to-date: /home/sazma/ws_future/install/tutorial_interfaces/include/tutorial_interfaces/tutorial_interfaces
[4.539s] -- Up-to-date: /home/sazma/ws_future/install/tutorial_interfaces/include/tutorial_interfaces/tutorial_interfaces/msg
[4.540s] -- Installing: /home/sazma/ws_future/install/tutorial_interfaces/include/tutorial_interfaces/tutorial_interfaces/msg/num.hpp
[4.540s] -- Up-to-date: /home/sazma/ws_future/install/tutorial_interfaces/include/tutorial_interfaces/tutorial_interfaces/msg/detail
[4.540s] -- Installing: /home/sazma/ws_future/install/tutorial_interfaces/include/tutorial_interfaces/tutorial_interfaces/msg/detail/num__traits.hpp
[4.540s] -- Installing: /home/sazma/ws_future/install/tutorial_interfaces/include/tutorial_interfaces/tutorial_interfaces/msg/detail/sphere__builder.hpp
[4.540s] -- Installing: /home/sazma/ws_future/install/tutorial_interfaces/include/tutorial_interfaces/tutorial_interfaces/msg/detail/sphere__struct.hpp
[4.540s] -- Installing: /home/sazma/ws_future/install/tutorial_interfaces/include/tutorial_interfaces/tutorial_interfaces/msg/detail/num__struct.hpp
[4.540s] -- Installing: /home/sazma/ws_future/install/tutorial_interfaces/include/tutorial_interfaces/tutorial_interfaces/msg/detail/sphere__traits.hpp
[4.540s] -- Installing: /home/sazma/ws_future/install/tutorial_interfaces/include/tutorial_interfaces/tutorial_interfaces/msg/detail/num__builder.hpp
[4.540s] -- Installing: /home/sazma/ws_future/install/tutorial_interfaces/include/tutorial_interfaces/tutorial_interfaces/msg/sphere.hpp
[4.540s] -- Up-to-date: /home/sazma/ws_future/install/tutorial_interfaces/include/tutorial_interfaces/tutorial_interfaces/srv
[4.540s] -- Up-to-date: /home/sazma/ws_future/install/tutorial_interfaces/include/tutorial_interfaces/tutorial_interfaces/srv/detail
[4.540s] -- Installing: /home/sazma/ws_future/install/tutorial_interfaces/include/tutorial_interfaces/tutorial_interfaces/srv/detail/add_three_ints__traits.hpp
[4.540s] -- Installing: /home/sazma/ws_future/install/tutorial_interfaces/include/tutorial_interfaces/tutorial_interfaces/srv/detail/add_three_ints__struct.hpp
[4.540s] -- Installing: /home/sazma/ws_future/install/tutorial_interfaces/include/tutorial_interfaces/tutorial_interfaces/srv/detail/add_three_ints__builder.hpp
[4.541s] -- Installing: /home/sazma/ws_future/install/tutorial_interfaces/include/tutorial_interfaces/tutorial_interfaces/srv/add_three_ints.hpp
[4.541s] -- Up-to-date: /home/sazma/ws_future/install/tutorial_interfaces/include/tutorial_interfaces/tutorial_interfaces
[4.541s] -- Up-to-date: /home/sazma/ws_future/install/tutorial_interfaces/include/tutorial_interfaces/tutorial_interfaces/msg
[4.541s] -- Up-to-date: /home/sazma/ws_future/install/tutorial_interfaces/include/tutorial_interfaces/tutorial_interfaces/msg/detail
[4.541s] -- Installing: /home/sazma/ws_future/install/tutorial_interfaces/include/tutorial_interfaces/tutorial_interfaces/msg/detail/num__rosidl_typesupport_fastrtps_cpp.hpp
[4.541s] -- Installing: /home/sazma/ws_future/install/tutorial_interfaces/include/tutorial_interfaces/tutorial_interfaces/msg/detail/dds_fastrtps
[4.541s] -- Installing: /home/sazma/ws_future/install/tutorial_interfaces/include/tutorial_interfaces/tutorial_interfaces/msg/detail/sphere__rosidl_typesupport_fastrtps_cpp.hpp
[4.541s] -- Installing: /home/sazma/ws_future/install/tutorial_interfaces/include/tutorial_interfaces/tutorial_interfaces/msg/rosidl_typesupport_fastrtps_cpp__visibility_control.h
[4.541s] -- Up-to-date: /home/sazma/ws_future/install/tutorial_interfaces/include/tutorial_interfaces/tutorial_interfaces/srv
[4.541s] -- Up-to-date: /home/sazma/ws_future/install/tutorial_interfaces/include/tutorial_interfaces/tutorial_interfaces/srv/detail
[4.541s] -- Installing: /home/sazma/ws_future/install/tutorial_interfaces/include/tutorial_interfaces/tutorial_interfaces/srv/detail/add_three_ints__rosidl_typesupport_fastrtps_cpp.hpp
[4.541s] -- Installing: /home/sazma/ws_future/install/tutorial_interfaces/include/tutorial_interfaces/tutorial_interfaces/srv/detail/dds_fastrtps
[4.541s] -- Installing: /home/sazma/ws_future/install/tutorial_interfaces/lib/libtutorial_interfaces__rosidl_typesupport_fastrtps_cpp.so
[4.541s] -- Set runtime path of "/home/sazma/ws_future/install/tutorial_interfaces/lib/libtutorial_interfaces__rosidl_typesupport_fastrtps_cpp.so" to ""
[4.541s] -- Up-to-date: /home/sazma/ws_future/install/tutorial_interfaces/include/tutorial_interfaces/tutorial_interfaces
[4.542s] -- Up-to-date: /home/sazma/ws_future/install/tutorial_interfaces/include/tutorial_interfaces/tutorial_interfaces/msg
[4.542s] -- Up-to-date: /home/sazma/ws_future/install/tutorial_interfaces/include/tutorial_interfaces/tutorial_interfaces/msg/detail
[4.542s] -- Installing: /home/sazma/ws_future/install/tutorial_interfaces/include/tutorial_interfaces/tutorial_interfaces/msg/detail/sphere__type_support.c
[4.542s] -- Installing: /home/sazma/ws_future/install/tutorial_interfaces/include/tutorial_interfaces/tutorial_interfaces/msg/detail/num__rosidl_typesupport_introspection_c.h
[4.542s] -- Installing: /home/sazma/ws_future/install/tutorial_interfaces/include/tutorial_interfaces/tutorial_interfaces/msg/detail/sphere__rosidl_typesupport_introspection_c.h
[4.542s] -- Installing: /home/sazma/ws_future/install/tutorial_interfaces/include/tutorial_interfaces/tutorial_interfaces/msg/detail/num__type_support.c
[4.542s] -- Installing: /home/sazma/ws_future/install/tutorial_interfaces/include/tutorial_interfaces/tutorial_interfaces/msg/rosidl_typesupport_introspection_c__visibility_control.h
[4.542s] -- Up-to-date: /home/sazma/ws_future/install/tutorial_interfaces/include/tutorial_interfaces/tutorial_interfaces/srv
[4.542s] -- Up-to-date: /home/sazma/ws_future/install/tutorial_interfaces/include/tutorial_interfaces/tutorial_interfaces/srv/detail
[4.542s] -- Installing: /home/sazma/ws_future/install/tutorial_interfaces/include/tutorial_interfaces/tutorial_interfaces/srv/detail/add_three_ints__rosidl_typesupport_introspection_c.h
[4.542s] -- Installing: /home/sazma/ws_future/install/tutorial_interfaces/include/tutorial_interfaces/tutorial_interfaces/srv/detail/add_three_ints__type_support.c
[4.542s] -- Installing: /home/sazma/ws_future/install/tutorial_interfaces/lib/libtutorial_interfaces__rosidl_typesupport_introspection_c.so
[4.542s] -- Set runtime path of "/home/sazma/ws_future/install/tutorial_interfaces/lib/libtutorial_interfaces__rosidl_typesupport_introspection_c.so" to ""
[4.542s] -- Installing: /home/sazma/ws_future/install/tutorial_interfaces/lib/libtutorial_interfaces__rosidl_typesupport_c.so
[4.542s] -- Set runtime path of "/home/sazma/ws_future/install/tutorial_interfaces/lib/libtutorial_interfaces__rosidl_typesupport_c.so" to ""
[4.542s] -- Up-to-date: /home/sazma/ws_future/install/tutorial_interfaces/include/tutorial_interfaces/tutorial_interfaces
[4.543s] -- Up-to-date: /home/sazma/ws_future/install/tutorial_interfaces/include/tutorial_interfaces/tutorial_interfaces/msg
[4.543s] -- Up-to-date: /home/sazma/ws_future/install/tutorial_interfaces/include/tutorial_interfaces/tutorial_interfaces/msg/detail
[4.543s] -- Installing: /home/sazma/ws_future/install/tutorial_interfaces/include/tutorial_interfaces/tutorial_interfaces/msg/detail/num__rosidl_typesupport_introspection_cpp.hpp
[4.543s] -- Installing: /home/sazma/ws_future/install/tutorial_interfaces/include/tutorial_interfaces/tutorial_interfaces/msg/detail/sphere__type_support.cpp
[4.543s] -- Installing: /home/sazma/ws_future/install/tutorial_interfaces/include/tutorial_interfaces/tutorial_interfaces/msg/detail/num__type_support.cpp
[4.543s] -- Installing: /home/sazma/ws_future/install/tutorial_interfaces/include/tutorial_interfaces/tutorial_interfaces/msg/detail/sphere__rosidl_typesupport_introspection_cpp.hpp
[4.543s] -- Up-to-date: /home/sazma/ws_future/install/tutorial_interfaces/include/tutorial_interfaces/tutorial_interfaces/srv
[4.543s] -- Up-to-date: /home/sazma/ws_future/install/tutorial_interfaces/include/tutorial_interfaces/tutorial_interfaces/srv/detail
[4.543s] -- Installing: /home/sazma/ws_future/install/tutorial_interfaces/include/tutorial_interfaces/tutorial_interfaces/srv/detail/add_three_ints__rosidl_typesupport_introspection_cpp.hpp
[4.543s] -- Installing: /home/sazma/ws_future/install/tutorial_interfaces/include/tutorial_interfaces/tutorial_interfaces/srv/detail/add_three_ints__type_support.cpp
[4.543s] -- Installing: /home/sazma/ws_future/install/tutorial_interfaces/lib/libtutorial_interfaces__rosidl_typesupport_introspection_cpp.so
[4.543s] -- Set runtime path of "/home/sazma/ws_future/install/tutorial_interfaces/lib/libtutorial_interfaces__rosidl_typesupport_introspection_cpp.so" to ""
[4.543s] -- Installing: /home/sazma/ws_future/install/tutorial_interfaces/lib/libtutorial_interfaces__rosidl_typesupport_cpp.so
[4.543s] -- Set runtime path of "/home/sazma/ws_future/install/tutorial_interfaces/lib/libtutorial_interfaces__rosidl_typesupport_cpp.so" to ""
[4.543s] -- Installing: /home/sazma/ws_future/install/tutorial_interfaces/share/tutorial_interfaces/environment/pythonpath.sh
[4.544s] -- Installing: /home/sazma/ws_future/install/tutorial_interfaces/share/tutorial_interfaces/environment/pythonpath.dsv
[4.544s] -- Installing: /home/sazma/ws_future/install/tutorial_interfaces/local/lib/python3.10/dist-packages/tutorial_interfaces-0.0.0-py3.10.egg-info
[4.544s] -- Installing: /home/sazma/ws_future/install/tutorial_interfaces/local/lib/python3.10/dist-packages/tutorial_interfaces-0.0.0-py3.10.egg-info/SOURCES.txt
[4.544s] -- Installing: /home/sazma/ws_future/install/tutorial_interfaces/local/lib/python3.10/dist-packages/tutorial_interfaces-0.0.0-py3.10.egg-info/dependency_links.txt
[4.544s] -- Installing: /home/sazma/ws_future/install/tutorial_interfaces/local/lib/python3.10/dist-packages/tutorial_interfaces-0.0.0-py3.10.egg-info/top_level.txt
[4.544s] -- Installing: /home/sazma/ws_future/install/tutorial_interfaces/local/lib/python3.10/dist-packages/tutorial_interfaces-0.0.0-py3.10.egg-info/PKG-INFO
[4.544s] -- Installing: /home/sazma/ws_future/install/tutorial_interfaces/local/lib/python3.10/dist-packages/tutorial_interfaces
[4.544s] -- Installing: /home/sazma/ws_future/install/tutorial_interfaces/local/lib/python3.10/dist-packages/tutorial_interfaces/msg
[4.544s] -- Installing: /home/sazma/ws_future/install/tutorial_interfaces/local/lib/python3.10/dist-packages/tutorial_interfaces/msg/__init__.py
[4.544s] -- Installing: /home/sazma/ws_future/install/tutorial_interfaces/local/lib/python3.10/dist-packages/tutorial_interfaces/msg/_sphere.py
[4.544s] -- Installing: /home/sazma/ws_future/install/tutorial_interfaces/local/lib/python3.10/dist-packages/tutorial_interfaces/msg/_sphere_s.c
[4.544s] -- Installing: /home/sazma/ws_future/install/tutorial_interfaces/local/lib/python3.10/dist-packages/tutorial_interfaces/msg/_num_s.c
[4.544s] -- Installing: /home/sazma/ws_future/install/tutorial_interfaces/local/lib/python3.10/dist-packages/tutorial_interfaces/msg/_num.py
[4.545s] -- Installing: /home/sazma/ws_future/install/tutorial_interfaces/local/lib/python3.10/dist-packages/tutorial_interfaces/_tutorial_interfaces_s.ep.rosidl_typesupport_fastrtps_c.c
[4.545s] -- Installing: /home/sazma/ws_future/install/tutorial_interfaces/local/lib/python3.10/dist-packages/tutorial_interfaces/libtutorial_interfaces__rosidl_generator_py.so
[4.545s] -- Installing: /home/sazma/ws_future/install/tutorial_interfaces/local/lib/python3.10/dist-packages/tutorial_interfaces/_tutorial_interfaces_s.ep.rosidl_typesupport_c.c
[4.545s] -- Installing: /home/sazma/ws_future/install/tutorial_interfaces/local/lib/python3.10/dist-packages/tutorial_interfaces/__init__.py
[4.545s] -- Installing: /home/sazma/ws_future/install/tutorial_interfaces/local/lib/python3.10/dist-packages/tutorial_interfaces/_tutorial_interfaces_s.ep.rosidl_typesupport_introspection_c.c
[4.545s] -- Installing: /home/sazma/ws_future/install/tutorial_interfaces/local/lib/python3.10/dist-packages/tutorial_interfaces/tutorial_interfaces_s__rosidl_typesupport_fastrtps_c.cpython-310-x86_64-linux-gnu.so
[4.545s] -- Installing: /home/sazma/ws_future/install/tutorial_interfaces/local/lib/python3.10/dist-packages/tutorial_interfaces/tutorial_interfaces_s__rosidl_typesupport_c.cpython-310-x86_64-linux-gnu.so
[4.545s] -- Installing: /home/sazma/ws_future/install/tutorial_interfaces/local/lib/python3.10/dist-packages/tutorial_interfaces/tutorial_interfaces_s__rosidl_typesupport_introspection_c.cpython-310-x86_64-linux-gnu.so
[4.545s] -- Installing: /home/sazma/ws_future/install/tutorial_interfaces/local/lib/python3.10/dist-packages/tutorial_interfaces/srv
[4.545s] -- Installing: /home/sazma/ws_future/install/tutorial_interfaces/local/lib/python3.10/dist-packages/tutorial_interfaces/srv/_add_three_ints_s.c
[4.545s] -- Installing: /home/sazma/ws_future/install/tutorial_interfaces/local/lib/python3.10/dist-packages/tutorial_interfaces/srv/__init__.py
[4.545s] -- Installing: /home/sazma/ws_future/install/tutorial_interfaces/local/lib/python3.10/dist-packages/tutorial_interfaces/srv/_add_three_ints.py
[4.583s] Listing '/home/sazma/ws_future/install/tutorial_interfaces/local/lib/python3.10/dist-packages/tutorial_interfaces'...
[4.583s] Compiling '/home/sazma/ws_future/install/tutorial_interfaces/local/lib/python3.10/dist-packages/tutorial_interfaces/__init__.py'...
[4.583s] Listing '/home/sazma/ws_future/install/tutorial_interfaces/local/lib/python3.10/dist-packages/tutorial_interfaces/msg'...
[4.583s] Compiling '/home/sazma/ws_future/install/tutorial_interfaces/local/lib/python3.10/dist-packages/tutorial_interfaces/msg/__init__.py'...
[4.583s] Compiling '/home/sazma/ws_future/install/tutorial_interfaces/local/lib/python3.10/dist-packages/tutorial_interfaces/msg/_num.py'...
[4.583s] Compiling '/home/sazma/ws_future/install/tutorial_interfaces/local/lib/python3.10/dist-packages/tutorial_interfaces/msg/_sphere.py'...
[4.583s] Listing '/home/sazma/ws_future/install/tutorial_interfaces/local/lib/python3.10/dist-packages/tutorial_interfaces/srv'...
[4.583s] Compiling '/home/sazma/ws_future/install/tutorial_interfaces/local/lib/python3.10/dist-packages/tutorial_interfaces/srv/__init__.py'...
[4.583s] Compiling '/home/sazma/ws_future/install/tutorial_interfaces/local/lib/python3.10/dist-packages/tutorial_interfaces/srv/_add_three_ints.py'...
[4.587s] -- Installing: /home/sazma/ws_future/install/tutorial_interfaces/local/lib/python3.10/dist-packages/tutorial_interfaces/tutorial_interfaces_s__rosidl_typesupport_fastrtps_c.cpython-310-x86_64-linux-gnu.so
[4.587s] -- Set runtime path of "/home/sazma/ws_future/install/tutorial_interfaces/local/lib/python3.10/dist-packages/tutorial_interfaces/tutorial_interfaces_s__rosidl_typesupport_fastrtps_c.cpython-310-x86_64-linux-gnu.so" to ""
[4.587s] -- Installing: /home/sazma/ws_future/install/tutorial_interfaces/local/lib/python3.10/dist-packages/tutorial_interfaces/tutorial_interfaces_s__rosidl_typesupport_introspection_c.cpython-310-x86_64-linux-gnu.so
[4.587s] -- Set runtime path of "/home/sazma/ws_future/install/tutorial_interfaces/local/lib/python3.10/dist-packages/tutorial_interfaces/tutorial_interfaces_s__rosidl_typesupport_introspection_c.cpython-310-x86_64-linux-gnu.so" to ""
[4.587s] -- Installing: /home/sazma/ws_future/install/tutorial_interfaces/local/lib/python3.10/dist-packages/tutorial_interfaces/tutorial_interfaces_s__rosidl_typesupport_c.cpython-310-x86_64-linux-gnu.so
[4.588s] -- Set runtime path of "/home/sazma/ws_future/install/tutorial_interfaces/local/lib/python3.10/dist-packages/tutorial_interfaces/tutorial_interfaces_s__rosidl_typesupport_c.cpython-310-x86_64-linux-gnu.so" to ""
[4.588s] -- Installing: /home/sazma/ws_future/install/tutorial_interfaces/lib/libtutorial_interfaces__rosidl_generator_py.so
[4.588s] -- Set runtime path of "/home/sazma/ws_future/install/tutorial_interfaces/lib/libtutorial_interfaces__rosidl_generator_py.so" to ""
[4.588s] -- Installing: /home/sazma/ws_future/install/tutorial_interfaces/share/tutorial_interfaces/msg/Num.idl
[4.588s] -- Installing: /home/sazma/ws_future/install/tutorial_interfaces/share/tutorial_interfaces/msg/Sphere.idl
[4.588s] -- Installing: /home/sazma/ws_future/install/tutorial_interfaces/share/tutorial_interfaces/srv/AddThreeInts.idl
[4.588s] -- Installing: /home/sazma/ws_future/install/tutorial_interfaces/share/tutorial_interfaces/msg/Num.msg
[4.588s] -- Installing: /home/sazma/ws_future/install/tutorial_interfaces/share/tutorial_interfaces/msg/Sphere.msg
[4.588s] -- Installing: /home/sazma/ws_future/install/tutorial_interfaces/share/tutorial_interfaces/srv/AddThreeInts.srv
[4.588s] -- Installing: /home/sazma/ws_future/install/tutorial_interfaces/share/tutorial_interfaces/srv/AddThreeInts_Request.msg
[4.589s] -- Installing: /home/sazma/ws_future/install/tutorial_interfaces/share/tutorial_interfaces/srv/AddThreeInts_Response.msg
[4.589s] -- Installing: /home/sazma/ws_future/install/tutorial_interfaces/share/ament_index/resource_index/package_run_dependencies/tutorial_interfaces
[4.589s] -- Installing: /home/sazma/ws_future/install/tutorial_interfaces/share/ament_index/resource_index/parent_prefix_path/tutorial_interfaces
[4.589s] -- Installing: /home/sazma/ws_future/install/tutorial_interfaces/share/tutorial_interfaces/environment/ament_prefix_path.sh
[4.589s] -- Installing: /home/sazma/ws_future/install/tutorial_interfaces/share/tutorial_interfaces/environment/ament_prefix_path.dsv
[4.589s] -- Installing: /home/sazma/ws_future/install/tutorial_interfaces/share/tutorial_interfaces/environment/path.sh
[4.589s] -- Installing: /home/sazma/ws_future/install/tutorial_interfaces/share/tutorial_interfaces/environment/path.dsv
[4.589s] -- Installing: /home/sazma/ws_future/install/tutorial_interfaces/share/tutorial_interfaces/local_setup.bash
[4.589s] -- Installing: /home/sazma/ws_future/install/tutorial_interfaces/share/tutorial_interfaces/local_setup.sh
[4.589s] -- Installing: /home/sazma/ws_future/install/tutorial_interfaces/share/tutorial_interfaces/local_setup.zsh
[4.589s] -- Installing: /home/sazma/ws_future/install/tutorial_interfaces/share/tutorial_interfaces/local_setup.dsv
[4.590s] -- Installing: /home/sazma/ws_future/install/tutorial_interfaces/share/tutorial_interfaces/package.dsv
[4.590s] -- Installing: /home/sazma/ws_future/install/tutorial_interfaces/share/ament_index/resource_index/packages/tutorial_interfaces
[4.590s] -- Installing: /home/sazma/ws_future/install/tutorial_interfaces/share/tutorial_interfaces/cmake/export_tutorial_interfaces__rosidl_generator_cExport.cmake
[4.590s] -- Installing: /home/sazma/ws_future/install/tutorial_interfaces/share/tutorial_interfaces/cmake/export_tutorial_interfaces__rosidl_generator_cExport-noconfig.cmake
[4.590s] -- Installing: /home/sazma/ws_future/install/tutorial_interfaces/share/tutorial_interfaces/cmake/export_tutorial_interfaces__rosidl_typesupport_fastrtps_cExport.cmake
[4.590s] -- Installing: /home/sazma/ws_future/install/tutorial_interfaces/share/tutorial_interfaces/cmake/export_tutorial_interfaces__rosidl_typesupport_fastrtps_cExport-noconfig.cmake
[4.590s] -- Installing: /home/sazma/ws_future/install/tutorial_interfaces/share/tutorial_interfaces/cmake/export_tutorial_interfaces__rosidl_generator_cppExport.cmake
[4.590s] -- Installing: /home/sazma/ws_future/install/tutorial_interfaces/share/tutorial_interfaces/cmake/export_tutorial_interfaces__rosidl_typesupport_fastrtps_cppExport.cmake
[4.590s] -- Installing: /home/sazma/ws_future/install/tutorial_interfaces/share/tutorial_interfaces/cmake/export_tutorial_interfaces__rosidl_typesupport_fastrtps_cppExport-noconfig.cmake
[4.591s] -- Installing: /home/sazma/ws_future/install/tutorial_interfaces/share/tutorial_interfaces/cmake/tutorial_interfaces__rosidl_typesupport_introspection_cExport.cmake
[4.591s] -- Installing: /home/sazma/ws_future/install/tutorial_interfaces/share/tutorial_interfaces/cmake/tutorial_interfaces__rosidl_typesupport_introspection_cExport-noconfig.cmake
[4.591s] -- Installing: /home/sazma/ws_future/install/tutorial_interfaces/share/tutorial_interfaces/cmake/tutorial_interfaces__rosidl_typesupport_cExport.cmake
[4.591s] -- Installing: /home/sazma/ws_future/install/tutorial_interfaces/share/tutorial_interfaces/cmake/tutorial_interfaces__rosidl_typesupport_cExport-noconfig.cmake
[4.591s] -- Installing: /home/sazma/ws_future/install/tutorial_interfaces/share/tutorial_interfaces/cmake/tutorial_interfaces__rosidl_typesupport_introspection_cppExport.cmake
[4.591s] -- Installing: /home/sazma/ws_future/install/tutorial_interfaces/share/tutorial_interfaces/cmake/tutorial_interfaces__rosidl_typesupport_introspection_cppExport-noconfig.cmake
[4.591s] -- Installing: /home/sazma/ws_future/install/tutorial_interfaces/share/tutorial_interfaces/cmake/tutorial_interfaces__rosidl_typesupport_cppExport.cmake
[4.591s] -- Installing: /home/sazma/ws_future/install/tutorial_interfaces/share/tutorial_interfaces/cmake/tutorial_interfaces__rosidl_typesupport_cppExport-noconfig.cmake
[4.591s] -- Installing: /home/sazma/ws_future/install/tutorial_interfaces/share/tutorial_interfaces/cmake/export_tutorial_interfaces__rosidl_generator_pyExport.cmake
[4.591s] -- Installing: /home/sazma/ws_future/install/tutorial_interfaces/share/tutorial_interfaces/cmake/export_tutorial_interfaces__rosidl_generator_pyExport-noconfig.cmake
[4.592s] -- Installing: /home/sazma/ws_future/install/tutorial_interfaces/share/tutorial_interfaces/cmake/rosidl_cmake-extras.cmake
[4.592s] -- Installing: /home/sazma/ws_future/install/tutorial_interfaces/share/tutorial_interfaces/cmake/ament_cmake_export_dependencies-extras.cmake
[4.592s] -- Installing: /home/sazma/ws_future/install/tutorial_interfaces/share/tutorial_interfaces/cmake/ament_cmake_export_include_directories-extras.cmake
[4.592s] -- Installing: /home/sazma/ws_future/install/tutorial_interfaces/share/tutorial_interfaces/cmake/ament_cmake_export_libraries-extras.cmake
[4.592s] -- Installing: /home/sazma/ws_future/install/tutorial_interfaces/share/tutorial_interfaces/cmake/ament_cmake_export_targets-extras.cmake
[4.592s] -- Installing: /home/sazma/ws_future/install/tutorial_interfaces/share/tutorial_interfaces/cmake/rosidl_cmake_export_typesupport_targets-extras.cmake
[4.592s] -- Installing: /home/sazma/ws_future/install/tutorial_interfaces/share/tutorial_interfaces/cmake/rosidl_cmake_export_typesupport_libraries-extras.cmake
[4.592s] -- Installing: /home/sazma/ws_future/install/tutorial_interfaces/share/tutorial_interfaces/cmake/tutorial_interfacesConfig.cmake
[4.592s] -- Installing: /home/sazma/ws_future/install/tutorial_interfaces/share/tutorial_interfaces/cmake/tutorial_interfacesConfig-version.cmake
[4.592s] -- Installing: /home/sazma/ws_future/install/tutorial_interfaces/share/tutorial_interfaces/package.xml
[4.594s] Invoked command in '/home/sazma/ws_future/build/tutorial_interfaces' returned '0': CMAKE_PREFIX_PATH=${CMAKE_PREFIX_PATH}:/home/sazma/ws_future/install/tm_mod_urdf:/home/sazma/ws_future/install/tm_get_status:/home/sazma/ws_future/install/py_pubsub:/home/sazma/ws_future/install/mpu_6050:/home/sazma/ws_future/install/moveit_configs_utils:/opt/ros/humble /usr/bin/cmake --install /home/sazma/ws_future/build/tutorial_interfaces
