[0.748s] Invoking command in '/home/sazma/ws_future/build/moveit_resources_prbt_support': CMAKE_PREFIX_PATH=${CMAKE_PREFIX_PATH}:/home/sazma/ws_future/install/tm_mod_urdf:/home/sazma/ws_future/install/tm_get_status:/home/sazma/ws_tm/install/tm_mod_urdf:/home/sazma/ws_tm/install/tm_get_status:/opt/ros/humble /usr/bin/cmake /home/sazma/ws_future/src/moveit2/moveit_planners/test_configs/prbt_support -DCMAKE_INSTALL_PREFIX=/home/sazma/ws_future/install/moveit_resources_prbt_support
[0.822s] -- The C compiler identification is GNU 11.4.0
[0.924s] -- The CXX compiler identification is GNU 11.4.0
[0.946s] -- Detecting C compiler ABI info
[1.030s] -- Detecting C compiler ABI info - done
[1.041s] -- Check for working C compiler: /usr/bin/cc - skipped
[1.042s] -- Detecting C compile features
[1.042s] -- Detecting C compile features - done
[1.045s] -- Detecting CXX compiler ABI info
[1.128s] -- Detecting CXX compiler ABI info - done
[1.137s] -- Check for working CXX compiler: /usr/bin/c++ - skipped
[1.137s] -- Detecting CXX compile features
[1.138s] -- Detecting CXX compile features - done
[1.145s] -- Found ament_cmake: 1.3.5 (/opt/ros/humble/share/ament_cmake/cmake)
[1.396s] -- Found Python3: /usr/bin/python3.10 (found version "3.10.12") found components: Interpreter 
[1.656s] -- Configuring done
[1.662s] -- Generating done
[1.662s] -- Build files have been written to: /home/sazma/ws_future/build/moveit_resources_prbt_support
[1.842s] Invoked command in '/home/sazma/ws_future/build/moveit_resources_prbt_support' returned '0': CMAKE_PREFIX_PATH=${CMAKE_PREFIX_PATH}:/home/sazma/ws_future/install/tm_mod_urdf:/home/sazma/ws_future/install/tm_get_status:/home/sazma/ws_tm/install/tm_mod_urdf:/home/sazma/ws_tm/install/tm_get_status:/opt/ros/humble /usr/bin/cmake /home/sazma/ws_future/src/moveit2/moveit_planners/test_configs/prbt_support -DCMAKE_INSTALL_PREFIX=/home/sazma/ws_future/install/moveit_resources_prbt_support
[1.843s] Invoking command in '/home/sazma/ws_future/build/moveit_resources_prbt_support': CMAKE_PREFIX_PATH=${CMAKE_PREFIX_PATH}:/home/sazma/ws_future/install/tm_mod_urdf:/home/sazma/ws_future/install/tm_get_status:/home/sazma/ws_tm/install/tm_mod_urdf:/home/sazma/ws_tm/install/tm_get_status:/opt/ros/humble /usr/bin/cmake --build /home/sazma/ws_future/build/moveit_resources_prbt_support -- -j12 -l12
[2.024s] Invoked command in '/home/sazma/ws_future/build/moveit_resources_prbt_support' returned '0': CMAKE_PREFIX_PATH=${CMAKE_PREFIX_PATH}:/home/sazma/ws_future/install/tm_mod_urdf:/home/sazma/ws_future/install/tm_get_status:/home/sazma/ws_tm/install/tm_mod_urdf:/home/sazma/ws_tm/install/tm_get_status:/opt/ros/humble /usr/bin/cmake --build /home/sazma/ws_future/build/moveit_resources_prbt_support -- -j12 -l12
[2.473s] Invoking command in '/home/sazma/ws_future/build/moveit_resources_prbt_support': CMAKE_PREFIX_PATH=${CMAKE_PREFIX_PATH}:/home/sazma/ws_future/install/tm_mod_urdf:/home/sazma/ws_future/install/tm_get_status:/home/sazma/ws_tm/install/tm_mod_urdf:/home/sazma/ws_tm/install/tm_get_status:/opt/ros/humble /usr/bin/cmake --install /home/sazma/ws_future/build/moveit_resources_prbt_support
[2.999s] -- Install configuration: ""
[2.999s] -- Installing: /home/sazma/ws_future/install/moveit_resources_prbt_support/share/ament_index/resource_index/package_run_dependencies/moveit_resources_prbt_support
[2.999s] -- Installing: /home/sazma/ws_future/install/moveit_resources_prbt_support/share/ament_index/resource_index/parent_prefix_path/moveit_resources_prbt_support
[2.999s] -- Installing: /home/sazma/ws_future/install/moveit_resources_prbt_support/share/moveit_resources_prbt_support/environment/ament_prefix_path.sh
[2.999s] -- Installing: /home/sazma/ws_future/install/moveit_resources_prbt_support/share/moveit_resources_prbt_support/environment/ament_prefix_path.dsv
[2.999s] -- Installing: /home/sazma/ws_future/install/moveit_resources_prbt_support/share/moveit_resources_prbt_support/environment/path.sh
[2.999s] -- Installing: /home/sazma/ws_future/install/moveit_resources_prbt_support/share/moveit_resources_prbt_support/environment/path.dsv
[3.000s] -- Installing: /home/sazma/ws_future/install/moveit_resources_prbt_support/share/moveit_resources_prbt_support/local_setup.bash
[3.000s] -- Installing: /home/sazma/ws_future/install/moveit_resources_prbt_support/share/moveit_resources_prbt_support/local_setup.sh
[3.000s] -- Installing: /home/sazma/ws_future/install/moveit_resources_prbt_support/share/moveit_resources_prbt_support/local_setup.zsh
[3.000s] -- Installing: /home/sazma/ws_future/install/moveit_resources_prbt_support/share/moveit_resources_prbt_support/local_setup.dsv
[3.000s] -- Installing: /home/sazma/ws_future/install/moveit_resources_prbt_support/share/moveit_resources_prbt_support/package.dsv
[3.000s] -- Installing: /home/sazma/ws_future/install/moveit_resources_prbt_support/share/ament_index/resource_index/packages/moveit_resources_prbt_support
[3.000s] -- Installing: /home/sazma/ws_future/install/moveit_resources_prbt_support/share/moveit_resources_prbt_support/cmake/moveit_resources_prbt_supportConfig.cmake
[3.000s] -- Installing: /home/sazma/ws_future/install/moveit_resources_prbt_support/share/moveit_resources_prbt_support/cmake/moveit_resources_prbt_supportConfig-version.cmake
[3.000s] -- Installing: /home/sazma/ws_future/install/moveit_resources_prbt_support/share/moveit_resources_prbt_support/package.xml
[3.000s] -- Installing: /home/sazma/ws_future/install/moveit_resources_prbt_support/share/moveit_resources_prbt_support/urdf
[3.000s] -- Installing: /home/sazma/ws_future/install/moveit_resources_prbt_support/share/moveit_resources_prbt_support/urdf/simple_gripper_brackets.urdf.xacro
[3.000s] -- Installing: /home/sazma/ws_future/install/moveit_resources_prbt_support/share/moveit_resources_prbt_support/urdf/prbt.xacro
[3.000s] -- Installing: /home/sazma/ws_future/install/moveit_resources_prbt_support/share/moveit_resources_prbt_support/urdf/prbt.ros2_control.xacro
[3.000s] -- Installing: /home/sazma/ws_future/install/moveit_resources_prbt_support/share/moveit_resources_prbt_support/urdf/prbt_macro.xacro
[3.001s] -- Installing: /home/sazma/ws_future/install/moveit_resources_prbt_support/share/moveit_resources_prbt_support/meshes
[3.001s] -- Installing: /home/sazma/ws_future/install/moveit_resources_prbt_support/share/moveit_resources_prbt_support/meshes/link_5.stl
[3.001s] -- Installing: /home/sazma/ws_future/install/moveit_resources_prbt_support/share/moveit_resources_prbt_support/meshes/link_2.dae
[3.001s] -- Installing: /home/sazma/ws_future/install/moveit_resources_prbt_support/share/moveit_resources_prbt_support/meshes/link_3.stl
[3.001s] -- Installing: /home/sazma/ws_future/install/moveit_resources_prbt_support/share/moveit_resources_prbt_support/meshes/link_2.stl
[3.001s] -- Installing: /home/sazma/ws_future/install/moveit_resources_prbt_support/share/moveit_resources_prbt_support/meshes/link_4.dae
[3.001s] -- Installing: /home/sazma/ws_future/install/moveit_resources_prbt_support/share/moveit_resources_prbt_support/meshes/link_1.dae
[3.001s] -- Installing: /home/sazma/ws_future/install/moveit_resources_prbt_support/share/moveit_resources_prbt_support/meshes/link_1.stl
[3.001s] -- Installing: /home/sazma/ws_future/install/moveit_resources_prbt_support/share/moveit_resources_prbt_support/meshes/foot.stl
[3.004s] -- Installing: /home/sazma/ws_future/install/moveit_resources_prbt_support/share/moveit_resources_prbt_support/meshes/link_4.stl
[3.005s] -- Installing: /home/sazma/ws_future/install/moveit_resources_prbt_support/share/moveit_resources_prbt_support/meshes/foot.dae
[3.005s] -- Installing: /home/sazma/ws_future/install/moveit_resources_prbt_support/share/moveit_resources_prbt_support/meshes/link_3.dae
[3.005s] -- Installing: /home/sazma/ws_future/install/moveit_resources_prbt_support/share/moveit_resources_prbt_support/meshes/flange.dae
[3.005s] -- Installing: /home/sazma/ws_future/install/moveit_resources_prbt_support/share/moveit_resources_prbt_support/meshes/flange.stl
[3.005s] -- Installing: /home/sazma/ws_future/install/moveit_resources_prbt_support/share/moveit_resources_prbt_support/meshes/link_5.dae
[3.005s] -- Installing: /home/sazma/ws_future/install/moveit_resources_prbt_support/share/moveit_resources_prbt_support/config
[3.005s] -- Installing: /home/sazma/ws_future/install/moveit_resources_prbt_support/share/moveit_resources_prbt_support/config/manipulator_driver.yaml
[3.005s] -- Installing: /home/sazma/ws_future/install/moveit_resources_prbt_support/share/moveit_resources_prbt_support/config/prbt_0_1.dcf
[3.005s] -- Installing: /home/sazma/ws_future/install/moveit_resources_prbt_support/share/moveit_resources_prbt_support/config/manipulator_controller.yaml
[3.114s] Invoked command in '/home/sazma/ws_future/build/moveit_resources_prbt_support' returned '0': CMAKE_PREFIX_PATH=${CMAKE_PREFIX_PATH}:/home/sazma/ws_future/install/tm_mod_urdf:/home/sazma/ws_future/install/tm_get_status:/home/sazma/ws_tm/install/tm_mod_urdf:/home/sazma/ws_tm/install/tm_get_status:/opt/ros/humble /usr/bin/cmake --install /home/sazma/ws_future/build/moveit_resources_prbt_support
