[1.011s] Invoking command in '/home/sazma/ws_future/build/moveit_resources_fanuc_description': CMAKE_PREFIX_PATH=${CMAKE_PREFIX_PATH}:/home/sazma/ws_future/install/tm_mod_urdf:/home/sazma/ws_future/install/tm_get_status:/home/sazma/ws_future/install/moveit_configs_utils:/opt/ros/humble /usr/bin/cmake --build /home/sazma/ws_future/build/moveit_resources_fanuc_description -- -j12 -l12
[1.113s] Invoked command in '/home/sazma/ws_future/build/moveit_resources_fanuc_description' returned '0': CMAKE_PREFIX_PATH=${CMAKE_PREFIX_PATH}:/home/sazma/ws_future/install/tm_mod_urdf:/home/sazma/ws_future/install/tm_get_status:/home/sazma/ws_future/install/moveit_configs_utils:/opt/ros/humble /usr/bin/cmake --build /home/sazma/ws_future/build/moveit_resources_fanuc_description -- -j12 -l12
[1.190s] Invoking command in '/home/sazma/ws_future/build/moveit_resources_fanuc_description': CMAKE_PREFIX_PATH=${CMAKE_PREFIX_PATH}:/home/sazma/ws_future/install/tm_mod_urdf:/home/sazma/ws_future/install/tm_get_status:/home/sazma/ws_future/install/moveit_configs_utils:/opt/ros/humble /usr/bin/cmake --install /home/sazma/ws_future/build/moveit_resources_fanuc_description
[1.216s] -- Install configuration: ""
[1.216s] -- Up-to-date: /home/sazma/ws_future/install/moveit_resources_fanuc_description/share/ament_index/resource_index/package_run_dependencies/moveit_resources_fanuc_description
[1.216s] -- Up-to-date: /home/sazma/ws_future/install/moveit_resources_fanuc_description/share/ament_index/resource_index/parent_prefix_path/moveit_resources_fanuc_description
[1.216s] -- Up-to-date: /home/sazma/ws_future/install/moveit_resources_fanuc_description/share/moveit_resources_fanuc_description/environment/ament_prefix_path.sh
[1.216s] -- Up-to-date: /home/sazma/ws_future/install/moveit_resources_fanuc_description/share/moveit_resources_fanuc_description/environment/ament_prefix_path.dsv
[1.216s] -- Up-to-date: /home/sazma/ws_future/install/moveit_resources_fanuc_description/share/moveit_resources_fanuc_description/environment/path.sh
[1.217s] -- Up-to-date: /home/sazma/ws_future/install/moveit_resources_fanuc_description/share/moveit_resources_fanuc_description/environment/path.dsv
[1.217s] -- Up-to-date: /home/sazma/ws_future/install/moveit_resources_fanuc_description/share/moveit_resources_fanuc_description/local_setup.bash
[1.217s] -- Up-to-date: /home/sazma/ws_future/install/moveit_resources_fanuc_description/share/moveit_resources_fanuc_description/local_setup.sh
[1.217s] -- Up-to-date: /home/sazma/ws_future/install/moveit_resources_fanuc_description/share/moveit_resources_fanuc_description/local_setup.zsh
[1.217s] -- Up-to-date: /home/sazma/ws_future/install/moveit_resources_fanuc_description/share/moveit_resources_fanuc_description/local_setup.dsv
[1.217s] -- Installing: /home/sazma/ws_future/install/moveit_resources_fanuc_description/share/moveit_resources_fanuc_description/package.dsv
[1.217s] -- Up-to-date: /home/sazma/ws_future/install/moveit_resources_fanuc_description/share/ament_index/resource_index/packages/moveit_resources_fanuc_description
[1.217s] -- Up-to-date: /home/sazma/ws_future/install/moveit_resources_fanuc_description/share/moveit_resources_fanuc_description/cmake/moveit_resources_fanuc_descriptionConfig.cmake
[1.217s] -- Up-to-date: /home/sazma/ws_future/install/moveit_resources_fanuc_description/share/moveit_resources_fanuc_description/cmake/moveit_resources_fanuc_descriptionConfig-version.cmake
[1.218s] -- Up-to-date: /home/sazma/ws_future/install/moveit_resources_fanuc_description/share/moveit_resources_fanuc_description/package.xml
[1.218s] -- Up-to-date: /home/sazma/ws_future/install/moveit_resources_fanuc_description/share/moveit_resources_fanuc_description/meshes
[1.218s] -- Up-to-date: /home/sazma/ws_future/install/moveit_resources_fanuc_description/share/moveit_resources_fanuc_description/meshes/collision
[1.218s] -- Up-to-date: /home/sazma/ws_future/install/moveit_resources_fanuc_description/share/moveit_resources_fanuc_description/meshes/collision/link_5.stl
[1.218s] -- Up-to-date: /home/sazma/ws_future/install/moveit_resources_fanuc_description/share/moveit_resources_fanuc_description/meshes/collision/link_3.stl
[1.218s] -- Up-to-date: /home/sazma/ws_future/install/moveit_resources_fanuc_description/share/moveit_resources_fanuc_description/meshes/collision/link_2.stl
[1.218s] -- Up-to-date: /home/sazma/ws_future/install/moveit_resources_fanuc_description/share/moveit_resources_fanuc_description/meshes/collision/link_1.stl
[1.218s] -- Up-to-date: /home/sazma/ws_future/install/moveit_resources_fanuc_description/share/moveit_resources_fanuc_description/meshes/collision/link_4.stl
[1.219s] -- Up-to-date: /home/sazma/ws_future/install/moveit_resources_fanuc_description/share/moveit_resources_fanuc_description/meshes/collision/base_link.stl
[1.219s] -- Up-to-date: /home/sazma/ws_future/install/moveit_resources_fanuc_description/share/moveit_resources_fanuc_description/meshes/collision/link_6.stl
[1.220s] -- Up-to-date: /home/sazma/ws_future/install/moveit_resources_fanuc_description/share/moveit_resources_fanuc_description/meshes/visual
[1.226s] -- Up-to-date: /home/sazma/ws_future/install/moveit_resources_fanuc_description/share/moveit_resources_fanuc_description/meshes/visual/link_5.stl
[1.227s] -- Up-to-date: /home/sazma/ws_future/install/moveit_resources_fanuc_description/share/moveit_resources_fanuc_description/meshes/visual/link_3.stl
[1.227s] -- Up-to-date: /home/sazma/ws_future/install/moveit_resources_fanuc_description/share/moveit_resources_fanuc_description/meshes/visual/link_2.stl
[1.228s] -- Up-to-date: /home/sazma/ws_future/install/moveit_resources_fanuc_description/share/moveit_resources_fanuc_description/meshes/visual/link_1.stl
[1.228s] -- Up-to-date: /home/sazma/ws_future/install/moveit_resources_fanuc_description/share/moveit_resources_fanuc_description/meshes/visual/link_4.stl
[1.230s] -- Up-to-date: /home/sazma/ws_future/install/moveit_resources_fanuc_description/share/moveit_resources_fanuc_description/meshes/visual/base_link.stl
[1.235s] -- Up-to-date: /home/sazma/ws_future/install/moveit_resources_fanuc_description/share/moveit_resources_fanuc_description/meshes/visual/link_6.stl
[1.236s] -- Up-to-date: /home/sazma/ws_future/install/moveit_resources_fanuc_description/share/moveit_resources_fanuc_description/urdf
[1.236s] -- Up-to-date: /home/sazma/ws_future/install/moveit_resources_fanuc_description/share/moveit_resources_fanuc_description/urdf/fanuc.urdf
[1.445s] Invoked command in '/home/sazma/ws_future/build/moveit_resources_fanuc_description' returned '0': CMAKE_PREFIX_PATH=${CMAKE_PREFIX_PATH}:/home/sazma/ws_future/install/tm_mod_urdf:/home/sazma/ws_future/install/tm_get_status:/home/sazma/ws_future/install/moveit_configs_utils:/opt/ros/humble /usr/bin/cmake --install /home/sazma/ws_future/build/moveit_resources_fanuc_description
