[0.709s] Invoking command in '/home/sazma/ws_future/build/rviz_visual_tools': CMAKE_PREFIX_PATH=${CMAKE_PREFIX_PATH}:/home/sazma/ws_future/install/tm_mod_urdf:/home/sazma/ws_future/install/tm_get_status:/home/sazma/ws_future/install/moveit_configs_utils:/opt/ros/humble /usr/bin/cmake --build /home/sazma/ws_future/build/rviz_visual_tools -- -j12 -l12
[0.834s] [  2%] [34m[1mAutomatic MOC for target gtest[0m
[0.834s] [  5%] [34m[1mAutomatic MOC for target rviz_visual_tools_remote_control[0m
[0.844s] [  7%] [34m[1mAutomatic MOC for target gtest_main[0m
[0.855s] [ 10%] [34m[1mAutomatic MOC for target rviz_visual_tools_gui[0m
[0.917s] [ 10%] Built target gtest_autogen
[0.918s] [ 10%] Built target rviz_visual_tools_remote_control_autogen
[0.919s] [ 10%] Built target rviz_visual_tools_gui_autogen
[0.920s] [ 10%] Built target gtest_main_autogen
[0.960s] [ 17%] Built target gtest
[0.960s] [ 25%] Built target rviz_visual_tools_remote_control
[0.960s] [ 38%] Built target rviz_visual_tools_gui
[0.960s] [ 46%] Built target gtest_main
[0.960s] [ 48%] [34m[1mAutomatic MOC for target rviz_visual_tools[0m
[0.983s] [ 48%] Built target rviz_visual_tools_autogen
[1.019s] [ 58%] Built target rviz_visual_tools
[1.048s] [ 66%] [34m[1mAutomatic MOC for target rviz_visual_tools_imarker_simple[0m
[1.048s] [ 66%] [34m[1mAutomatic MOC for target rviz_visual_tools_rvt_test[0m
[1.048s] [ 66%] [34m[1mAutomatic MOC for target rviz_visual_tools_demo[0m
[1.077s] [ 66%] Built target rviz_visual_tools_imarker_simple_autogen
[1.078s] [ 66%] Built target rviz_visual_tools_demo_autogen
[1.079s] [ 66%] Built target rviz_visual_tools_rvt_test_autogen
[1.119s] [ 89%] Built target rviz_visual_tools_rvt_test
[1.120s] [ 89%] Built target rviz_visual_tools_imarker_simple
[1.120s] [ 89%] Built target rviz_visual_tools_demo
[1.145s] [ 92%] [34m[1mAutomatic MOC for target rviz_visual_tools_imarker_simple_demo[0m
[1.170s] [ 92%] Built target rviz_visual_tools_imarker_simple_demo_autogen
[1.204s] [100%] Built target rviz_visual_tools_imarker_simple_demo
[1.611s] Invoked command in '/home/sazma/ws_future/build/rviz_visual_tools' returned '0': CMAKE_PREFIX_PATH=${CMAKE_PREFIX_PATH}:/home/sazma/ws_future/install/tm_mod_urdf:/home/sazma/ws_future/install/tm_get_status:/home/sazma/ws_future/install/moveit_configs_utils:/opt/ros/humble /usr/bin/cmake --build /home/sazma/ws_future/build/rviz_visual_tools -- -j12 -l12
[2.806s] Invoking command in '/home/sazma/ws_future/build/rviz_visual_tools': CMAKE_PREFIX_PATH=${CMAKE_PREFIX_PATH}:/home/sazma/ws_future/install/tm_mod_urdf:/home/sazma/ws_future/install/tm_get_status:/home/sazma/ws_future/install/moveit_configs_utils:/opt/ros/humble /usr/bin/cmake --install /home/sazma/ws_future/build/rviz_visual_tools
[2.962s] -- Install configuration: ""
[2.962s] -- Up-to-date: /home/sazma/ws_future/install/rviz_visual_tools/share/rviz_visual_tools/plugin_description.xml
[2.962s] -- Up-to-date: /home/sazma/ws_future/install/rviz_visual_tools/lib/librviz_visual_tools.so
[2.962s] -- Up-to-date: /home/sazma/ws_future/install/rviz_visual_tools/lib/librviz_visual_tools_remote_control.so
[2.962s] -- Up-to-date: /home/sazma/ws_future/install/rviz_visual_tools/lib/librviz_visual_tools_gui.so
[2.962s] -- Up-to-date: /home/sazma/ws_future/install/rviz_visual_tools/lib/librviz_visual_tools_imarker_simple.so
[2.962s] -- Up-to-date: /home/sazma/ws_future/install/rviz_visual_tools/lib/rviz_visual_tools/rviz_visual_tools_demo
[2.962s] -- Up-to-date: /home/sazma/ws_future/install/rviz_visual_tools/lib/rviz_visual_tools/rviz_visual_tools_imarker_simple_demo
[2.963s] -- Up-to-date: /home/sazma/ws_future/install/rviz_visual_tools/include
[2.963s] -- Up-to-date: /home/sazma/ws_future/install/rviz_visual_tools/include/rviz_visual_tools
[2.963s] -- Up-to-date: /home/sazma/ws_future/install/rviz_visual_tools/include/rviz_visual_tools/tf_visual_tools.hpp
[2.963s] -- Up-to-date: /home/sazma/ws_future/install/rviz_visual_tools/include/rviz_visual_tools/imarker_simple.hpp
[2.963s] -- Up-to-date: /home/sazma/ws_future/install/rviz_visual_tools/include/rviz_visual_tools/rviz_visual_tools_gui.hpp
[2.963s] -- Up-to-date: /home/sazma/ws_future/install/rviz_visual_tools/include/rviz_visual_tools/remote_reciever.hpp
[2.963s] -- Up-to-date: /home/sazma/ws_future/install/rviz_visual_tools/include/rviz_visual_tools/remote_control.hpp
[2.963s] -- Up-to-date: /home/sazma/ws_future/install/rviz_visual_tools/include/rviz_visual_tools/rviz_visual_tools.hpp
[2.963s] -- Up-to-date: /home/sazma/ws_future/install/rviz_visual_tools/include/rviz_visual_tools/key_tool.hpp
[2.963s] -- Up-to-date: /home/sazma/ws_future/install/rviz_visual_tools/share/rviz_visual_tools/launch
[2.963s] -- Up-to-date: /home/sazma/ws_future/install/rviz_visual_tools/share/rviz_visual_tools/launch/rvt_test.launch
[2.963s] -- Up-to-date: /home/sazma/ws_future/install/rviz_visual_tools/share/rviz_visual_tools/launch/demo_rviz.launch.py
[2.964s] -- Up-to-date: /home/sazma/ws_future/install/rviz_visual_tools/share/rviz_visual_tools/launch/demo.rviz
[2.964s] -- Up-to-date: /home/sazma/ws_future/install/rviz_visual_tools/share/rviz_visual_tools/launch/demo_combined.launch.py
[2.964s] -- Up-to-date: /home/sazma/ws_future/install/rviz_visual_tools/share/rviz_visual_tools/environment/library_path.sh
[2.964s] -- Up-to-date: /home/sazma/ws_future/install/rviz_visual_tools/share/rviz_visual_tools/environment/library_path.dsv
[2.964s] -- Up-to-date: /home/sazma/ws_future/install/rviz_visual_tools/share/ament_index/resource_index/package_run_dependencies/rviz_visual_tools
[2.964s] -- Up-to-date: /home/sazma/ws_future/install/rviz_visual_tools/share/ament_index/resource_index/parent_prefix_path/rviz_visual_tools
[2.964s] -- Up-to-date: /home/sazma/ws_future/install/rviz_visual_tools/share/rviz_visual_tools/environment/ament_prefix_path.sh
[2.964s] -- Up-to-date: /home/sazma/ws_future/install/rviz_visual_tools/share/rviz_visual_tools/environment/ament_prefix_path.dsv
[2.964s] -- Up-to-date: /home/sazma/ws_future/install/rviz_visual_tools/share/rviz_visual_tools/environment/path.sh
[2.964s] -- Up-to-date: /home/sazma/ws_future/install/rviz_visual_tools/share/rviz_visual_tools/environment/path.dsv
[2.965s] -- Up-to-date: /home/sazma/ws_future/install/rviz_visual_tools/share/rviz_visual_tools/local_setup.bash
[2.965s] -- Up-to-date: /home/sazma/ws_future/install/rviz_visual_tools/share/rviz_visual_tools/local_setup.sh
[2.965s] -- Up-to-date: /home/sazma/ws_future/install/rviz_visual_tools/share/rviz_visual_tools/local_setup.zsh
[2.965s] -- Up-to-date: /home/sazma/ws_future/install/rviz_visual_tools/share/rviz_visual_tools/local_setup.dsv
[2.965s] -- Installing: /home/sazma/ws_future/install/rviz_visual_tools/share/rviz_visual_tools/package.dsv
[2.965s] -- Up-to-date: /home/sazma/ws_future/install/rviz_visual_tools/share/ament_index/resource_index/packages/rviz_visual_tools
[2.965s] -- Up-to-date: /home/sazma/ws_future/install/rviz_visual_tools/share/ament_index/resource_index/rviz_common__pluginlib__plugin/rviz_visual_tools
[2.965s] -- Up-to-date: /home/sazma/ws_future/install/rviz_visual_tools/share/rviz_visual_tools/cmake/export_rviz_visual_toolsExport.cmake
[2.965s] -- Up-to-date: /home/sazma/ws_future/install/rviz_visual_tools/share/rviz_visual_tools/cmake/export_rviz_visual_toolsExport-noconfig.cmake
[2.965s] -- Up-to-date: /home/sazma/ws_future/install/rviz_visual_tools/share/rviz_visual_tools/cmake/ament_cmake_export_targets-extras.cmake
[2.965s] -- Up-to-date: /home/sazma/ws_future/install/rviz_visual_tools/share/rviz_visual_tools/cmake/ament_cmake_export_dependencies-extras.cmake
[2.965s] -- Up-to-date: /home/sazma/ws_future/install/rviz_visual_tools/share/rviz_visual_tools/cmake/ament_cmake_export_include_directories-extras.cmake
[2.966s] -- Up-to-date: /home/sazma/ws_future/install/rviz_visual_tools/share/rviz_visual_tools/cmake/ament_cmake_export_libraries-extras.cmake
[2.966s] -- Up-to-date: /home/sazma/ws_future/install/rviz_visual_tools/share/rviz_visual_tools/cmake/rviz_visual_toolsConfig.cmake
[2.966s] -- Up-to-date: /home/sazma/ws_future/install/rviz_visual_tools/share/rviz_visual_tools/cmake/rviz_visual_toolsConfig-version.cmake
[2.966s] -- Up-to-date: /home/sazma/ws_future/install/rviz_visual_tools/share/rviz_visual_tools/package.xml
[3.961s] Invoked command in '/home/sazma/ws_future/build/rviz_visual_tools' returned '0': CMAKE_PREFIX_PATH=${CMAKE_PREFIX_PATH}:/home/sazma/ws_future/install/tm_mod_urdf:/home/sazma/ws_future/install/tm_get_status:/home/sazma/ws_future/install/moveit_configs_utils:/opt/ros/humble /usr/bin/cmake --install /home/sazma/ws_future/build/rviz_visual_tools
