[0.000000] (-) TimerEvent: {}
[0.000133] (-) JobUnselected: {'identifier': 'chomp_motion_planner'}
[0.000208] (-) JobUnselected: {'identifier': 'cpp_pubsub'}
[0.000230] (-) JobUnselected: {'identifier': 'cpp_pubsub'}
[0.000247] (-) JobUnselected: {'identifier': 'custom_package'}
[0.000263] (-) JobUnselected: {'identifier': 'demo'}
[0.000279] (-) JobUnselected: {'identifier': 'demo_tmr5_900'}
[0.000294] (-) JobUnselected: {'identifier': 'dual_arm_panda_moveit_config'}
[0.000309] (-) JobUnselected: {'identifier': 'kinova_gen3_6dof_robotiq_2f_85_moveit_config'}
[0.000325] (-) JobUnselected: {'identifier': 'kinova_gen3_7dof_robotiq_2f_85_moveit_config'}
[0.000340] (-) JobUnselected: {'identifier': 'kortex_api'}
[0.000356] (-) JobUnselected: {'identifier': 'kortex_bringup'}
[0.000372] (-) JobUnselected: {'identifier': 'kortex_description'}
[0.000388] (-) JobUnselected: {'identifier': 'kortex_driver'}
[0.000403] (-) JobUnselected: {'identifier': 'moveit'}
[0.000418] (-) JobUnselected: {'identifier': 'moveit2_tutorials'}
[0.000433] (-) JobUnselected: {'identifier': 'moveit_chomp_optimizer_adapter'}
[0.000448] (-) JobUnselected: {'identifier': 'moveit_common'}
[0.000464] (-) JobUnselected: {'identifier': 'moveit_configs_utils'}
[0.000479] (-) JobUnselected: {'identifier': 'moveit_core'}
[0.000494] (-) JobUnselected: {'identifier': 'moveit_hybrid_planning'}
[0.000510] (-) JobUnselected: {'identifier': 'moveit_kinematics'}
[0.000525] (-) JobUnselected: {'identifier': 'moveit_msgs'}
[0.000540] (-) JobUnselected: {'identifier': 'moveit_planners'}
[0.000556] (-) JobUnselected: {'identifier': 'moveit_planners_chomp'}
[0.000571] (-) JobUnselected: {'identifier': 'moveit_planners_ompl'}
[0.000586] (-) JobUnselected: {'identifier': 'moveit_planners_stomp'}
[0.000600] (-) JobUnselected: {'identifier': 'moveit_plugins'}
[0.000616] (-) JobUnselected: {'identifier': 'moveit_py'}
[0.000631] (-) JobUnselected: {'identifier': 'moveit_resources'}
[0.000645] (-) JobUnselected: {'identifier': 'moveit_resources_fanuc_description'}
[0.000661] (-) JobUnselected: {'identifier': 'moveit_resources_fanuc_moveit_config'}
[0.000676] (-) JobUnselected: {'identifier': 'moveit_resources_panda_description'}
[0.000691] (-) JobUnselected: {'identifier': 'moveit_resources_panda_moveit_config'}
[0.000706] (-) JobUnselected: {'identifier': 'moveit_resources_pr2_description'}
[0.000721] (-) JobUnselected: {'identifier': 'moveit_resources_prbt_ikfast_manipulator_plugin'}
[0.000736] (-) JobUnselected: {'identifier': 'moveit_resources_prbt_moveit_config'}
[0.000752] (-) JobUnselected: {'identifier': 'moveit_resources_prbt_pg70_support'}
[0.000767] (-) JobUnselected: {'identifier': 'moveit_resources_prbt_support'}
[0.000782] (-) JobUnselected: {'identifier': 'moveit_ros'}
[0.000797] (-) JobUnselected: {'identifier': 'moveit_ros_benchmarks'}
[0.000812] (-) JobUnselected: {'identifier': 'moveit_ros_control_interface'}
[0.000827] (-) JobUnselected: {'identifier': 'moveit_ros_move_group'}
[0.000842] (-) JobUnselected: {'identifier': 'moveit_ros_occupancy_map_monitor'}
[0.000857] (-) JobUnselected: {'identifier': 'moveit_ros_perception'}
[0.000872] (-) JobUnselected: {'identifier': 'moveit_ros_planning'}
[0.000888] (-) JobUnselected: {'identifier': 'moveit_ros_planning_interface'}
[0.000903] (-) JobUnselected: {'identifier': 'moveit_ros_robot_interaction'}
[0.000918] (-) JobUnselected: {'identifier': 'moveit_ros_visualization'}
[0.000933] (-) JobUnselected: {'identifier': 'moveit_ros_warehouse'}
[0.000949] (-) JobUnselected: {'identifier': 'moveit_runtime'}
[0.000964] (-) JobUnselected: {'identifier': 'moveit_servo'}
[0.000979] (-) JobUnselected: {'identifier': 'moveit_setup_app_plugins'}
[0.000994] (-) JobUnselected: {'identifier': 'moveit_setup_assistant'}
[0.001009] (-) JobUnselected: {'identifier': 'moveit_setup_controllers'}
[0.001024] (-) JobUnselected: {'identifier': 'moveit_setup_core_plugins'}
[0.001039] (-) JobUnselected: {'identifier': 'moveit_setup_framework'}
[0.001054] (-) JobUnselected: {'identifier': 'moveit_setup_srdf_plugins'}
[0.001069] (-) JobUnselected: {'identifier': 'moveit_simple_controller_manager'}
[0.001201] (-) JobUnselected: {'identifier': 'moveit_task_constructor_capabilities'}
[0.001219] (-) JobUnselected: {'identifier': 'moveit_task_constructor_core'}
[0.001235] (-) JobUnselected: {'identifier': 'moveit_task_constructor_demo'}
[0.001250] (-) JobUnselected: {'identifier': 'moveit_task_constructor_msgs'}
[0.001266] (-) JobUnselected: {'identifier': 'moveit_task_constructor_visualization'}
[0.001284] (-) JobUnselected: {'identifier': 'moveit_visual_tools'}
[0.001300] (-) JobUnselected: {'identifier': 'msg_store'}
[0.001316] (-) JobUnselected: {'identifier': 'pick_ik'}
[0.001331] (-) JobUnselected: {'identifier': 'pilz_industrial_motion_planner'}
[0.001347] (-) JobUnselected: {'identifier': 'pilz_industrial_motion_planner_testutils'}
[0.001362] (-) JobUnselected: {'identifier': 'py_pubsub'}
[0.001378] (-) JobUnselected: {'identifier': 'rviz_marker_tools'}
[0.001393] (-) JobUnselected: {'identifier': 'rviz_visual_tools'}
[0.001408] (-) JobUnselected: {'identifier': 'techman_robot_msgs'}
[0.001423] (-) JobUnselected: {'identifier': 'tm_description'}
[0.001439] (-) JobUnselected: {'identifier': 'tm_driver'}
[0.001454] (-) JobUnselected: {'identifier': 'tm_get_status'}
[0.001469] (-) JobUnselected: {'identifier': 'tm_mod_urdf'}
[0.001484] (-) JobUnselected: {'identifier': 'tm_moveit_config_tm12'}
[0.001499] (-) JobUnselected: {'identifier': 'tm_moveit_config_tm12x'}
[0.001520] (-) JobUnselected: {'identifier': 'tm_moveit_config_tm14'}
[0.001536] (-) JobUnselected: {'identifier': 'tm_moveit_config_tm14x'}
[0.001552] (-) JobUnselected: {'identifier': 'tm_moveit_config_tm5-700'}
[0.001567] (-) JobUnselected: {'identifier': 'tm_moveit_config_tm5-900'}
[0.001582] (-) JobUnselected: {'identifier': 'tm_moveit_config_tm5x-700'}
[0.001597] (-) JobUnselected: {'identifier': 'tm_moveit_config_tm5x-900'}
[0.001612] (-) JobUnselected: {'identifier': 'tm_moveit_cpp_demo'}
[0.001627] (-) JobUnselected: {'identifier': 'tm_msgs'}
[0.001642] (-) JobUnselected: {'identifier': 'ui_for_debug_and_demo'}
[0.001923] (-) EventReactorShutdown: {}
