[2.177s] Invoking command in '/home/sazma/ws_future/src/tmr_ros2/tm_mod_urdf': PYTHONPATH=/home/sazma/ws_future/build/tm_mod_urdf/prefix_override:/home/sazma/ws_future/install/tm_mod_urdf/lib/python3.10/site-packages:${PYTHONPATH} /usr/bin/python3 setup.py egg_info --egg-base ../../../build/tm_mod_urdf build --build-base /home/sazma/ws_future/build/tm_mod_urdf/build install --record /home/sazma/ws_future/build/tm_mod_urdf/install.log --single-version-externally-managed
[2.419s] running egg_info
[2.420s] writing ../../../build/tm_mod_urdf/tm_mod_urdf.egg-info/PKG-INFO
[2.420s] writing dependency_links to ../../../build/tm_mod_urdf/tm_mod_urdf.egg-info/dependency_links.txt
[2.421s] writing entry points to ../../../build/tm_mod_urdf/tm_mod_urdf.egg-info/entry_points.txt
[2.421s] writing requirements to ../../../build/tm_mod_urdf/tm_mod_urdf.egg-info/requires.txt
[2.421s] writing top-level names to ../../../build/tm_mod_urdf/tm_mod_urdf.egg-info/top_level.txt
[2.422s] reading manifest file '../../../build/tm_mod_urdf/tm_mod_urdf.egg-info/SOURCES.txt'
[2.423s] writing manifest file '../../../build/tm_mod_urdf/tm_mod_urdf.egg-info/SOURCES.txt'
[2.423s] running build
[2.423s] running build_py
[2.423s] running install
[2.424s] /usr/lib/python3/dist-packages/setuptools/command/install.py:34: SetuptoolsDeprecationWarning: setup.py install is deprecated. Use build and pip and other standards-based tools.
[2.424s]   warnings.warn(
[2.424s] running install_lib
[2.425s] running install_data
[2.426s] running install_egg_info
[2.428s] removing '/home/sazma/ws_future/install/tm_mod_urdf/lib/python3.10/site-packages/tm_mod_urdf-1.0.0-py3.10.egg-info' (and everything under it)
[2.429s] Copying ../../../build/tm_mod_urdf/tm_mod_urdf.egg-info to /home/sazma/ws_future/install/tm_mod_urdf/lib/python3.10/site-packages/tm_mod_urdf-1.0.0-py3.10.egg-info
[2.429s] running install_scripts
[2.449s] Installing modify_urdf script to /home/sazma/ws_future/install/tm_mod_urdf/lib/tm_mod_urdf
[2.449s] Installing modify_xacro script to /home/sazma/ws_future/install/tm_mod_urdf/lib/tm_mod_urdf
[2.449s] writing list of installed files to '/home/sazma/ws_future/build/tm_mod_urdf/install.log'
[2.861s] Invoked command in '/home/sazma/ws_future/src/tmr_ros2/tm_mod_urdf' returned '0': PYTHONPATH=/home/sazma/ws_future/build/tm_mod_urdf/prefix_override:/home/sazma/ws_future/install/tm_mod_urdf/lib/python3.10/site-packages:${PYTHONPATH} /usr/bin/python3 setup.py egg_info --egg-base ../../../build/tm_mod_urdf build --build-base /home/sazma/ws_future/build/tm_mod_urdf/build install --record /home/sazma/ws_future/build/tm_mod_urdf/install.log --single-version-externally-managed
