[2.736s] Invoking command in '/home/sazma/ws_future/src/tmr_ros2/techman_robot_get_status': PYTHONPATH=/home/sazma/ws_future/build/tm_get_status/prefix_override:/home/sazma/ws_future/install/tm_get_status/lib/python3.10/site-packages:${PYTHONPATH} /usr/bin/python3 setup.py egg_info --egg-base ../../../build/tm_get_status build --build-base /home/sazma/ws_future/build/tm_get_status/build install --record /home/sazma/ws_future/build/tm_get_status/install.log --single-version-externally-managed
[3.011s] running egg_info
[3.011s] writing ../../../build/tm_get_status/tm_get_status.egg-info/PKG-INFO
[3.012s] writing dependency_links to ../../../build/tm_get_status/tm_get_status.egg-info/dependency_links.txt
[3.012s] writing entry points to ../../../build/tm_get_status/tm_get_status.egg-info/entry_points.txt
[3.012s] writing requirements to ../../../build/tm_get_status/tm_get_status.egg-info/requires.txt
[3.012s] writing top-level names to ../../../build/tm_get_status/tm_get_status.egg-info/top_level.txt
[3.014s] reading manifest file '../../../build/tm_get_status/tm_get_status.egg-info/SOURCES.txt'
[3.014s] writing manifest file '../../../build/tm_get_status/tm_get_status.egg-info/SOURCES.txt'
[3.014s] running build
[3.014s] running build_py
[3.015s] running install
[3.015s] /usr/lib/python3/dist-packages/setuptools/command/install.py:34: SetuptoolsDeprecationWarning: setup.py install is deprecated. Use build and pip and other standards-based tools.
[3.016s]   warnings.warn(
[3.016s] running install_lib
[3.018s] running install_data
[3.018s] running install_egg_info
[3.019s] removing '/home/sazma/ws_future/install/tm_get_status/lib/python3.10/site-packages/tm_get_status-1.0.0-py3.10.egg-info' (and everything under it)
[3.019s] Copying ../../../build/tm_get_status/tm_get_status.egg-info to /home/sazma/ws_future/install/tm_get_status/lib/python3.10/site-packages/tm_get_status-1.0.0-py3.10.egg-info
[3.020s] running install_scripts
[3.042s] Installing image_talker script to /home/sazma/ws_future/install/tm_get_status/lib/tm_get_status
[3.042s] Installing status_talker script to /home/sazma/ws_future/install/tm_get_status/lib/tm_get_status
[3.042s] writing list of installed files to '/home/sazma/ws_future/build/tm_get_status/install.log'
[3.787s] Invoked command in '/home/sazma/ws_future/src/tmr_ros2/techman_robot_get_status' returned '0': PYTHONPATH=/home/sazma/ws_future/build/tm_get_status/prefix_override:/home/sazma/ws_future/install/tm_get_status/lib/python3.10/site-packages:${PYTHONPATH} /usr/bin/python3 setup.py egg_info --egg-base ../../../build/tm_get_status build --build-base /home/sazma/ws_future/build/tm_get_status/build install --record /home/sazma/ws_future/build/tm_get_status/install.log --single-version-externally-managed
