[2.175s] Invoking command in '/home/sazma/ws_future/src/moveit2/moveit_configs_utils': PYTHONPATH=/home/sazma/ws_future/build/moveit_configs_utils/prefix_override:/home/sazma/ws_future/install/moveit_configs_utils/lib/python3.10/site-packages:${PYTHONPATH} /usr/bin/python3 setup.py egg_info --egg-base ../../../build/moveit_configs_utils build --build-base /home/sazma/ws_future/build/moveit_configs_utils/build install --record /home/sazma/ws_future/build/moveit_configs_utils/install.log --single-version-externally-managed
[2.427s] running egg_info
[2.428s] writing ../../../build/moveit_configs_utils/moveit_configs_utils.egg-info/PKG-INFO
[2.429s] writing dependency_links to ../../../build/moveit_configs_utils/moveit_configs_utils.egg-info/dependency_links.txt
[2.429s] writing entry points to ../../../build/moveit_configs_utils/moveit_configs_utils.egg-info/entry_points.txt
[2.429s] writing requirements to ../../../build/moveit_configs_utils/moveit_configs_utils.egg-info/requires.txt
[2.429s] writing top-level names to ../../../build/moveit_configs_utils/moveit_configs_utils.egg-info/top_level.txt
[2.431s] reading manifest file '../../../build/moveit_configs_utils/moveit_configs_utils.egg-info/SOURCES.txt'
[2.432s] writing manifest file '../../../build/moveit_configs_utils/moveit_configs_utils.egg-info/SOURCES.txt'
[2.432s] running build
[2.432s] running build_py
[2.433s] running install
[2.434s] /usr/lib/python3/dist-packages/setuptools/command/install.py:34: SetuptoolsDeprecationWarning: setup.py install is deprecated. Use build and pip and other standards-based tools.
[2.434s]   warnings.warn(
[2.434s] running install_lib
[2.436s] running install_data
[2.436s] running install_egg_info
[2.440s] removing '/home/sazma/ws_future/install/moveit_configs_utils/lib/python3.10/site-packages/moveit_configs_utils-2.8.0-py3.10.egg-info' (and everything under it)
[2.440s] Copying ../../../build/moveit_configs_utils/moveit_configs_utils.egg-info to /home/sazma/ws_future/install/moveit_configs_utils/lib/python3.10/site-packages/moveit_configs_utils-2.8.0-py3.10.egg-info
[2.441s] running install_scripts
[2.472s] writing list of installed files to '/home/sazma/ws_future/build/moveit_configs_utils/install.log'
[2.912s] Invoked command in '/home/sazma/ws_future/src/moveit2/moveit_configs_utils' returned '0': PYTHONPATH=/home/sazma/ws_future/build/moveit_configs_utils/prefix_override:/home/sazma/ws_future/install/moveit_configs_utils/lib/python3.10/site-packages:${PYTHONPATH} /usr/bin/python3 setup.py egg_info --egg-base ../../../build/moveit_configs_utils build --build-base /home/sazma/ws_future/build/moveit_configs_utils/build install --record /home/sazma/ws_future/build/moveit_configs_utils/install.log --single-version-externally-managed
