[0.818s] Invoking command in '/home/sazma/ws_future/build/moveit_resources_prbt_support': CMAKE_PREFIX_PATH=${CMAKE_PREFIX_PATH}:/home/sazma/ws_future/install/tm_mod_urdf:/home/sazma/ws_future/install/tm_get_status:/home/sazma/ws_future/install/moveit_configs_utils:/opt/ros/humble /usr/bin/cmake --build /home/sazma/ws_future/build/moveit_resources_prbt_support -- -j12 -l12
[0.890s] Invoked command in '/home/sazma/ws_future/build/moveit_resources_prbt_support' returned '0': CMAKE_PREFIX_PATH=${CMAKE_PREFIX_PATH}:/home/sazma/ws_future/install/tm_mod_urdf:/home/sazma/ws_future/install/tm_get_status:/home/sazma/ws_future/install/moveit_configs_utils:/opt/ros/humble /usr/bin/cmake --build /home/sazma/ws_future/build/moveit_resources_prbt_support -- -j12 -l12
[1.289s] Invoking command in '/home/sazma/ws_future/build/moveit_resources_prbt_support': CMAKE_PREFIX_PATH=${CMAKE_PREFIX_PATH}:/home/sazma/ws_future/install/tm_mod_urdf:/home/sazma/ws_future/install/tm_get_status:/home/sazma/ws_future/install/moveit_configs_utils:/opt/ros/humble /usr/bin/cmake --install /home/sazma/ws_future/build/moveit_resources_prbt_support
[1.300s] -- Install configuration: ""
[1.301s] -- Up-to-date: /home/sazma/ws_future/install/moveit_resources_prbt_support/share/ament_index/resource_index/package_run_dependencies/moveit_resources_prbt_support
[1.301s] -- Up-to-date: /home/sazma/ws_future/install/moveit_resources_prbt_support/share/ament_index/resource_index/parent_prefix_path/moveit_resources_prbt_support
[1.301s] -- Up-to-date: /home/sazma/ws_future/install/moveit_resources_prbt_support/share/moveit_resources_prbt_support/environment/ament_prefix_path.sh
[1.301s] -- Up-to-date: /home/sazma/ws_future/install/moveit_resources_prbt_support/share/moveit_resources_prbt_support/environment/ament_prefix_path.dsv
[1.302s] -- Up-to-date: /home/sazma/ws_future/install/moveit_resources_prbt_support/share/moveit_resources_prbt_support/environment/path.sh
[1.302s] -- Up-to-date: /home/sazma/ws_future/install/moveit_resources_prbt_support/share/moveit_resources_prbt_support/environment/path.dsv
[1.302s] -- Up-to-date: /home/sazma/ws_future/install/moveit_resources_prbt_support/share/moveit_resources_prbt_support/local_setup.bash
[1.302s] -- Up-to-date: /home/sazma/ws_future/install/moveit_resources_prbt_support/share/moveit_resources_prbt_support/local_setup.sh
[1.303s] -- Up-to-date: /home/sazma/ws_future/install/moveit_resources_prbt_support/share/moveit_resources_prbt_support/local_setup.zsh
[1.304s] -- Up-to-date: /home/sazma/ws_future/install/moveit_resources_prbt_support/share/moveit_resources_prbt_support/local_setup.dsv
[1.304s] -- Installing: /home/sazma/ws_future/install/moveit_resources_prbt_support/share/moveit_resources_prbt_support/package.dsv
[1.310s] -- Up-to-date: /home/sazma/ws_future/install/moveit_resources_prbt_support/share/ament_index/resource_index/packages/moveit_resources_prbt_support
[1.310s] -- Up-to-date: /home/sazma/ws_future/install/moveit_resources_prbt_support/share/moveit_resources_prbt_support/cmake/moveit_resources_prbt_supportConfig.cmake
[1.311s] -- Up-to-date: /home/sazma/ws_future/install/moveit_resources_prbt_support/share/moveit_resources_prbt_support/cmake/moveit_resources_prbt_supportConfig-version.cmake
[1.313s] -- Up-to-date: /home/sazma/ws_future/install/moveit_resources_prbt_support/share/moveit_resources_prbt_support/package.xml
[1.313s] -- Up-to-date: /home/sazma/ws_future/install/moveit_resources_prbt_support/share/moveit_resources_prbt_support/urdf
[1.314s] -- Up-to-date: /home/sazma/ws_future/install/moveit_resources_prbt_support/share/moveit_resources_prbt_support/urdf/simple_gripper_brackets.urdf.xacro
[1.314s] -- Up-to-date: /home/sazma/ws_future/install/moveit_resources_prbt_support/share/moveit_resources_prbt_support/urdf/prbt.xacro
[1.315s] -- Up-to-date: /home/sazma/ws_future/install/moveit_resources_prbt_support/share/moveit_resources_prbt_support/urdf/prbt.ros2_control.xacro
[1.315s] -- Up-to-date: /home/sazma/ws_future/install/moveit_resources_prbt_support/share/moveit_resources_prbt_support/urdf/prbt_macro.xacro
[1.316s] -- Up-to-date: /home/sazma/ws_future/install/moveit_resources_prbt_support/share/moveit_resources_prbt_support/meshes
[1.318s] -- Up-to-date: /home/sazma/ws_future/install/moveit_resources_prbt_support/share/moveit_resources_prbt_support/meshes/link_5.stl
[1.318s] -- Up-to-date: /home/sazma/ws_future/install/moveit_resources_prbt_support/share/moveit_resources_prbt_support/meshes/link_2.dae
[1.318s] -- Up-to-date: /home/sazma/ws_future/install/moveit_resources_prbt_support/share/moveit_resources_prbt_support/meshes/link_3.stl
[1.318s] -- Up-to-date: /home/sazma/ws_future/install/moveit_resources_prbt_support/share/moveit_resources_prbt_support/meshes/link_2.stl
[1.319s] -- Up-to-date: /home/sazma/ws_future/install/moveit_resources_prbt_support/share/moveit_resources_prbt_support/meshes/link_4.dae
[1.319s] -- Up-to-date: /home/sazma/ws_future/install/moveit_resources_prbt_support/share/moveit_resources_prbt_support/meshes/link_1.dae
[1.319s] -- Up-to-date: /home/sazma/ws_future/install/moveit_resources_prbt_support/share/moveit_resources_prbt_support/meshes/link_1.stl
[1.319s] -- Up-to-date: /home/sazma/ws_future/install/moveit_resources_prbt_support/share/moveit_resources_prbt_support/meshes/foot.stl
[1.319s] -- Up-to-date: /home/sazma/ws_future/install/moveit_resources_prbt_support/share/moveit_resources_prbt_support/meshes/link_4.stl
[1.320s] -- Up-to-date: /home/sazma/ws_future/install/moveit_resources_prbt_support/share/moveit_resources_prbt_support/meshes/foot.dae
[1.320s] -- Up-to-date: /home/sazma/ws_future/install/moveit_resources_prbt_support/share/moveit_resources_prbt_support/meshes/link_3.dae
[1.320s] -- Up-to-date: /home/sazma/ws_future/install/moveit_resources_prbt_support/share/moveit_resources_prbt_support/meshes/flange.dae
[1.320s] -- Up-to-date: /home/sazma/ws_future/install/moveit_resources_prbt_support/share/moveit_resources_prbt_support/meshes/flange.stl
[1.321s] -- Up-to-date: /home/sazma/ws_future/install/moveit_resources_prbt_support/share/moveit_resources_prbt_support/meshes/link_5.dae
[1.321s] -- Up-to-date: /home/sazma/ws_future/install/moveit_resources_prbt_support/share/moveit_resources_prbt_support/config
[1.322s] -- Up-to-date: /home/sazma/ws_future/install/moveit_resources_prbt_support/share/moveit_resources_prbt_support/config/manipulator_driver.yaml
[1.323s] -- Up-to-date: /home/sazma/ws_future/install/moveit_resources_prbt_support/share/moveit_resources_prbt_support/config/prbt_0_1.dcf
[1.323s] -- Up-to-date: /home/sazma/ws_future/install/moveit_resources_prbt_support/share/moveit_resources_prbt_support/config/manipulator_controller.yaml
[1.769s] Invoked command in '/home/sazma/ws_future/build/moveit_resources_prbt_support' returned '0': CMAKE_PREFIX_PATH=${CMAKE_PREFIX_PATH}:/home/sazma/ws_future/install/tm_mod_urdf:/home/sazma/ws_future/install/tm_get_status:/home/sazma/ws_future/install/moveit_configs_utils:/opt/ros/humble /usr/bin/cmake --install /home/sazma/ws_future/build/moveit_resources_prbt_support
