[2.838s] Invoking command in '/home/sazma/ws_future/src/tmr_ros2/tm_mod_urdf': PYTHONPATH=/home/sazma/ws_future/build/tm_mod_urdf/prefix_override:/home/sazma/ws_future/install/tm_mod_urdf/lib/python3.10/site-packages:${PYTHONPATH} /usr/bin/python3 setup.py egg_info --egg-base ../../../build/tm_mod_urdf build --build-base /home/sazma/ws_future/build/tm_mod_urdf/build install --record /home/sazma/ws_future/build/tm_mod_urdf/install.log --single-version-externally-managed
[3.088s] running egg_info
[3.088s] writing ../../../build/tm_mod_urdf/tm_mod_urdf.egg-info/PKG-INFO
[3.089s] writing dependency_links to ../../../build/tm_mod_urdf/tm_mod_urdf.egg-info/dependency_links.txt
[3.089s] writing entry points to ../../../build/tm_mod_urdf/tm_mod_urdf.egg-info/entry_points.txt
[3.089s] writing requirements to ../../../build/tm_mod_urdf/tm_mod_urdf.egg-info/requires.txt
[3.089s] writing top-level names to ../../../build/tm_mod_urdf/tm_mod_urdf.egg-info/top_level.txt
[3.090s] reading manifest file '../../../build/tm_mod_urdf/tm_mod_urdf.egg-info/SOURCES.txt'
[3.091s] writing manifest file '../../../build/tm_mod_urdf/tm_mod_urdf.egg-info/SOURCES.txt'
[3.091s] running build
[3.091s] running build_py
[3.091s] running install
[3.092s] /usr/lib/python3/dist-packages/setuptools/command/install.py:34: SetuptoolsDeprecationWarning: setup.py install is deprecated. Use build and pip and other standards-based tools.
[3.092s]   warnings.warn(
[3.092s] running install_lib
[3.093s] running install_data
[3.094s] running install_egg_info
[3.095s] removing '/home/sazma/ws_future/install/tm_mod_urdf/lib/python3.10/site-packages/tm_mod_urdf-1.0.0-py3.10.egg-info' (and everything under it)
[3.095s] Copying ../../../build/tm_mod_urdf/tm_mod_urdf.egg-info to /home/sazma/ws_future/install/tm_mod_urdf/lib/python3.10/site-packages/tm_mod_urdf-1.0.0-py3.10.egg-info
[3.096s] running install_scripts
[3.117s] Installing modify_urdf script to /home/sazma/ws_future/install/tm_mod_urdf/lib/tm_mod_urdf
[3.117s] Installing modify_xacro script to /home/sazma/ws_future/install/tm_mod_urdf/lib/tm_mod_urdf
[3.117s] writing list of installed files to '/home/sazma/ws_future/build/tm_mod_urdf/install.log'
[3.557s] Invoked command in '/home/sazma/ws_future/src/tmr_ros2/tm_mod_urdf' returned '0': PYTHONPATH=/home/sazma/ws_future/build/tm_mod_urdf/prefix_override:/home/sazma/ws_future/install/tm_mod_urdf/lib/python3.10/site-packages:${PYTHONPATH} /usr/bin/python3 setup.py egg_info --egg-base ../../../build/tm_mod_urdf build --build-base /home/sazma/ws_future/build/tm_mod_urdf/build install --record /home/sazma/ws_future/build/tm_mod_urdf/install.log --single-version-externally-managed
