running egg_info
writing ../../../build/tm_get_status/tm_get_status.egg-info/PKG-INFO
writing dependency_links to ../../../build/tm_get_status/tm_get_status.egg-info/dependency_links.txt
writing entry points to ../../../build/tm_get_status/tm_get_status.egg-info/entry_points.txt
writing requirements to ../../../build/tm_get_status/tm_get_status.egg-info/requires.txt
writing top-level names to ../../../build/tm_get_status/tm_get_status.egg-info/top_level.txt
reading manifest file '../../../build/tm_get_status/tm_get_status.egg-info/SOURCES.txt'
writing manifest file '../../../build/tm_get_status/tm_get_status.egg-info/SOURCES.txt'
running build
running build_py
/home/sazma/.local/lib/python3.10/site-packages/setuptools/_distutils/cmd.py:66: SetuptoolsDeprecationWarning: setup.py install is deprecated.
!!

        ********************************************************************************
        Please avoid running ``setup.py`` directly.
        Instead, use pypa/build, pypa/installer or other
        standards-based tools.

        See https://blog.ganssle.io/articles/2021/10/setup-py-deprecated.html for details.
        ********************************************************************************

!!
  self.initialize_options()
running install
running install_lib
running install_data
running install_egg_info
removing '/home/sazma/ws_future/install/tm_get_status/lib/python3.10/site-packages/tm_get_status-1.0.0-py3.10.egg-info' (and everything under it)
Copying ../../../build/tm_get_status/tm_get_status.egg-info to /home/sazma/ws_future/install/tm_get_status/lib/python3.10/site-packages/tm_get_status-1.0.0-py3.10.egg-info
running install_scripts
Installing image_talker script to /home/sazma/ws_future/install/tm_get_status/lib/tm_get_status
Installing status_talker script to /home/sazma/ws_future/install/tm_get_status/lib/tm_get_status
writing list of installed files to '/home/sazma/ws_future/build/tm_get_status/install.log'
