[1.262s] Invoking command in '/home/sazma/ws_future/build/techman_robot_msgs': CMAKE_PREFIX_PATH=/home/sazma/ws_future/install/ui_for_debug_and_demo:/home/sazma/ws_future/install/tm_driver:/home/sazma/ws_future/install/demo:/home/sazma/ws_future/install/tm_msgs:/home/sazma/ws_future/install/tm_moveit_cpp_demo:/home/sazma/ws_future/install/tm_moveit_config_tm5x-900:/home/sazma/ws_future/install/tm_moveit_config_tm5x-700:/home/sazma/ws_future/install/tm_moveit_config_tm5-900:/home/sazma/ws_future/install/tm_moveit_config_tm5-700:/home/sazma/ws_future/install/tm_moveit_config_tm14x:/home/sazma/ws_future/install/tm_moveit_config_tm14:/home/sazma/ws_future/install/tm_moveit_config_tm12x:/home/sazma/ws_future/install/tm_moveit_config_tm12:/home/sazma/ws_future/install/tm_mod_urdf:/home/sazma/ws_future/install/tm_get_status:/home/sazma/ws_future/install/tm_description:/home/sazma/ws_future/install/custom_package:/home/sazma/ws_future/install/techman_robot_msgs:/home/sazma/ws_future/install/moveit2_tutorials:/home/sazma/ws_future/install/moveit_visual_tools:/home/sazma/ws_future/install/rviz_visual_tools:/home/sazma/ws_future/install/moveit_task_constructor_visualization:/home/sazma/ws_future/install/moveit_task_constructor_demo:/home/sazma/ws_future/install/moveit_task_constructor_capabilities:/home/sazma/ws_future/install/moveit_task_constructor_core:/home/sazma/ws_future/install/rviz_marker_tools:/home/sazma/ws_future/install/pilz_industrial_motion_planner_testutils:/home/sazma/ws_future/install/moveit_runtime:/home/sazma/ws_future/install/moveit:/home/sazma/ws_future/install/kinova_gen3_7dof_robotiq_2f_85_moveit_config:/home/sazma/ws_future/install/kinova_gen3_6dof_robotiq_2f_85_moveit_config:/home/sazma/ws_future/install/moveit_planners:/home/sazma/ws_future/install/pilz_industrial_motion_planner:/home/sazma/ws_future/install/pick_ik:/home/sazma/ws_future/install/moveit_task_constructor_msgs:/home/sazma/ws_future/install/moveit_ros_control_interface:/home/sazma/ws_future/install/moveit_plugins:/home/sazma/ws_future/install/moveit_simple_controller_manager:/home/sazma/ws_future/install/moveit_setup_assistant:/home/sazma/ws_future/install/moveit_setup_srdf_plugins:/home/sazma/ws_future/install/moveit_setup_core_plugins:/home/sazma/ws_future/install/moveit_setup_controllers:/home/sazma/ws_future/install/moveit_setup_app_plugins:/home/sazma/ws_future/install/moveit_setup_framework:/home/sazma/ws_future/install/moveit_servo:/home/sazma/ws_future/install/moveit_ros:/home/sazma/ws_future/install/moveit_ros_visualization:/home/sazma/ws_future/install/moveit_py:/home/sazma/ws_future/install/moveit_hybrid_planning:/home/sazma/ws_future/install/moveit_ros_planning_interface:/home/sazma/ws_future/install/moveit_ros_benchmarks:/home/sazma/ws_future/install/moveit_ros_warehouse:/home/sazma/ws_future/install/moveit_ros_robot_interaction:/home/sazma/ws_future/install/moveit_ros_perception:/home/sazma/ws_future/install/moveit_resources_prbt_pg70_support:/home/sazma/ws_future/install/moveit_resources_prbt_moveit_config:/home/sazma/ws_future/install/moveit_ros_move_group:/home/sazma/ws_future/install/moveit_planners_ompl:/home/sazma/ws_future/install/moveit_kinematics:/home/sazma/ws_future/install/moveit_ros_planning:/home/sazma/ws_future/install/moveit_ros_occupancy_map_monitor:/home/sazma/ws_future/install/moveit_resources_prbt_support:/home/sazma/ws_future/install/moveit_resources_prbt_ikfast_manipulator_plugin:/home/sazma/ws_future/install/moveit_resources:/home/sazma/ws_future/install/moveit_resources_pr2_description:/home/sazma/ws_future/install/moveit_resources_panda_moveit_config:/home/sazma/ws_future/install/dual_arm_panda_moveit_config:/home/sazma/ws_future/install/moveit_resources_panda_description:/home/sazma/ws_future/install/moveit_resources_fanuc_moveit_config:/home/sazma/ws_future/install/moveit_resources_fanuc_description:/home/sazma/ws_future/install/moveit_planners_stomp:/home/sazma/ws_future/install/moveit_planners_chomp:/home/sazma/ws_future/install/moveit_chomp_optimizer_adapter:/home/sazma/ws_future/install/chomp_motion_planner:/home/sazma/ws_future/install/moveit_core:/home/sazma/ws_future/install/moveit_msgs:/home/sazma/ws_future/install/moveit_configs_utils:/home/sazma/ws_future/install/moveit_common:/home/sazma/ws_future/install/kortex_bringup:/home/sazma/ws_future/install/kortex_driver:/home/sazma/ws_future/install/kortex_description:/home/sazma/ws_future/install/kortex_api:/opt/ros/humble /usr/bin/cmake --build /home/sazma/ws_future/build/techman_robot_msgs -- -j12 -l12
[2.966s] [  3%] Built target techman_robot_msgs__cpp
[2.966s] [ 12%] Built target techman_robot_msgs__rosidl_generator_c
[2.966s] [ 12%] Built target ament_cmake_python_copy_techman_robot_msgs
[2.966s] [ 22%] Built target techman_robot_msgs__rosidl_typesupport_cpp
[2.966s] [ 32%] Built target techman_robot_msgs__rosidl_typesupport_fastrtps_cpp
[2.966s] [ 41%] Built target techman_robot_msgs__rosidl_typesupport_introspection_cpp
[2.966s] [ 51%] Built target techman_robot_msgs__rosidl_typesupport_introspection_c
[2.967s] [ 61%] Built target techman_robot_msgs__rosidl_typesupport_c
[2.967s] [ 70%] Built target techman_robot_msgs__rosidl_typesupport_fastrtps_c
[2.967s] [ 70%] Built target techman_robot_msgs
[2.967s] [ 74%] Built target techman_robot_msgs__py
[2.967s] [ 80%] Built target techman_robot_msgs__rosidl_generator_py
[2.967s] [ 87%] Built target techman_robot_msgs__rosidl_typesupport_fastrtps_c__pyext
[2.967s] [ 93%] Built target techman_robot_msgs__rosidl_typesupport_introspection_c__pyext
[2.967s] [100%] Built target techman_robot_msgs__rosidl_typesupport_c__pyext
[2.967s] running egg_info
[2.968s] writing techman_robot_msgs.egg-info/PKG-INFO
[2.968s] writing dependency_links to techman_robot_msgs.egg-info/dependency_links.txt
[2.968s] writing top-level names to techman_robot_msgs.egg-info/top_level.txt
[2.968s] reading manifest file 'techman_robot_msgs.egg-info/SOURCES.txt'
[2.968s] writing manifest file 'techman_robot_msgs.egg-info/SOURCES.txt'
[2.968s] [100%] Built target ament_cmake_python_build_techman_robot_msgs_egg
[3.026s] Invoked command in '/home/sazma/ws_future/build/techman_robot_msgs' returned '0': CMAKE_PREFIX_PATH=/home/sazma/ws_future/install/ui_for_debug_and_demo:/home/sazma/ws_future/install/tm_driver:/home/sazma/ws_future/install/demo:/home/sazma/ws_future/install/tm_msgs:/home/sazma/ws_future/install/tm_moveit_cpp_demo:/home/sazma/ws_future/install/tm_moveit_config_tm5x-900:/home/sazma/ws_future/install/tm_moveit_config_tm5x-700:/home/sazma/ws_future/install/tm_moveit_config_tm5-900:/home/sazma/ws_future/install/tm_moveit_config_tm5-700:/home/sazma/ws_future/install/tm_moveit_config_tm14x:/home/sazma/ws_future/install/tm_moveit_config_tm14:/home/sazma/ws_future/install/tm_moveit_config_tm12x:/home/sazma/ws_future/install/tm_moveit_config_tm12:/home/sazma/ws_future/install/tm_mod_urdf:/home/sazma/ws_future/install/tm_get_status:/home/sazma/ws_future/install/tm_description:/home/sazma/ws_future/install/custom_package:/home/sazma/ws_future/install/techman_robot_msgs:/home/sazma/ws_future/install/moveit2_tutorials:/home/sazma/ws_future/install/moveit_visual_tools:/home/sazma/ws_future/install/rviz_visual_tools:/home/sazma/ws_future/install/moveit_task_constructor_visualization:/home/sazma/ws_future/install/moveit_task_constructor_demo:/home/sazma/ws_future/install/moveit_task_constructor_capabilities:/home/sazma/ws_future/install/moveit_task_constructor_core:/home/sazma/ws_future/install/rviz_marker_tools:/home/sazma/ws_future/install/pilz_industrial_motion_planner_testutils:/home/sazma/ws_future/install/moveit_runtime:/home/sazma/ws_future/install/moveit:/home/sazma/ws_future/install/kinova_gen3_7dof_robotiq_2f_85_moveit_config:/home/sazma/ws_future/install/kinova_gen3_6dof_robotiq_2f_85_moveit_config:/home/sazma/ws_future/install/moveit_planners:/home/sazma/ws_future/install/pilz_industrial_motion_planner:/home/sazma/ws_future/install/pick_ik:/home/sazma/ws_future/install/moveit_task_constructor_msgs:/home/sazma/ws_future/install/moveit_ros_control_interface:/home/sazma/ws_future/install/moveit_plugins:/home/sazma/ws_future/install/moveit_simple_controller_manager:/home/sazma/ws_future/install/moveit_setup_assistant:/home/sazma/ws_future/install/moveit_setup_srdf_plugins:/home/sazma/ws_future/install/moveit_setup_core_plugins:/home/sazma/ws_future/install/moveit_setup_controllers:/home/sazma/ws_future/install/moveit_setup_app_plugins:/home/sazma/ws_future/install/moveit_setup_framework:/home/sazma/ws_future/install/moveit_servo:/home/sazma/ws_future/install/moveit_ros:/home/sazma/ws_future/install/moveit_ros_visualization:/home/sazma/ws_future/install/moveit_py:/home/sazma/ws_future/install/moveit_hybrid_planning:/home/sazma/ws_future/install/moveit_ros_planning_interface:/home/sazma/ws_future/install/moveit_ros_benchmarks:/home/sazma/ws_future/install/moveit_ros_warehouse:/home/sazma/ws_future/install/moveit_ros_robot_interaction:/home/sazma/ws_future/install/moveit_ros_perception:/home/sazma/ws_future/install/moveit_resources_prbt_pg70_support:/home/sazma/ws_future/install/moveit_resources_prbt_moveit_config:/home/sazma/ws_future/install/moveit_ros_move_group:/home/sazma/ws_future/install/moveit_planners_ompl:/home/sazma/ws_future/install/moveit_kinematics:/home/sazma/ws_future/install/moveit_ros_planning:/home/sazma/ws_future/install/moveit_ros_occupancy_map_monitor:/home/sazma/ws_future/install/moveit_resources_prbt_support:/home/sazma/ws_future/install/moveit_resources_prbt_ikfast_manipulator_plugin:/home/sazma/ws_future/install/moveit_resources:/home/sazma/ws_future/install/moveit_resources_pr2_description:/home/sazma/ws_future/install/moveit_resources_panda_moveit_config:/home/sazma/ws_future/install/dual_arm_panda_moveit_config:/home/sazma/ws_future/install/moveit_resources_panda_description:/home/sazma/ws_future/install/moveit_resources_fanuc_moveit_config:/home/sazma/ws_future/install/moveit_resources_fanuc_description:/home/sazma/ws_future/install/moveit_planners_stomp:/home/sazma/ws_future/install/moveit_planners_chomp:/home/sazma/ws_future/install/moveit_chomp_optimizer_adapter:/home/sazma/ws_future/install/chomp_motion_planner:/home/sazma/ws_future/install/moveit_core:/home/sazma/ws_future/install/moveit_msgs:/home/sazma/ws_future/install/moveit_configs_utils:/home/sazma/ws_future/install/moveit_common:/home/sazma/ws_future/install/kortex_bringup:/home/sazma/ws_future/install/kortex_driver:/home/sazma/ws_future/install/kortex_description:/home/sazma/ws_future/install/kortex_api:/opt/ros/humble /usr/bin/cmake --build /home/sazma/ws_future/build/techman_robot_msgs -- -j12 -l12
[4.416s] Invoking command in '/home/sazma/ws_future/build/techman_robot_msgs': CMAKE_PREFIX_PATH=/home/sazma/ws_future/install/ui_for_debug_and_demo:/home/sazma/ws_future/install/tm_driver:/home/sazma/ws_future/install/demo:/home/sazma/ws_future/install/tm_msgs:/home/sazma/ws_future/install/tm_moveit_cpp_demo:/home/sazma/ws_future/install/tm_moveit_config_tm5x-900:/home/sazma/ws_future/install/tm_moveit_config_tm5x-700:/home/sazma/ws_future/install/tm_moveit_config_tm5-900:/home/sazma/ws_future/install/tm_moveit_config_tm5-700:/home/sazma/ws_future/install/tm_moveit_config_tm14x:/home/sazma/ws_future/install/tm_moveit_config_tm14:/home/sazma/ws_future/install/tm_moveit_config_tm12x:/home/sazma/ws_future/install/tm_moveit_config_tm12:/home/sazma/ws_future/install/tm_mod_urdf:/home/sazma/ws_future/install/tm_get_status:/home/sazma/ws_future/install/tm_description:/home/sazma/ws_future/install/custom_package:/home/sazma/ws_future/install/techman_robot_msgs:/home/sazma/ws_future/install/moveit2_tutorials:/home/sazma/ws_future/install/moveit_visual_tools:/home/sazma/ws_future/install/rviz_visual_tools:/home/sazma/ws_future/install/moveit_task_constructor_visualization:/home/sazma/ws_future/install/moveit_task_constructor_demo:/home/sazma/ws_future/install/moveit_task_constructor_capabilities:/home/sazma/ws_future/install/moveit_task_constructor_core:/home/sazma/ws_future/install/rviz_marker_tools:/home/sazma/ws_future/install/pilz_industrial_motion_planner_testutils:/home/sazma/ws_future/install/moveit_runtime:/home/sazma/ws_future/install/moveit:/home/sazma/ws_future/install/kinova_gen3_7dof_robotiq_2f_85_moveit_config:/home/sazma/ws_future/install/kinova_gen3_6dof_robotiq_2f_85_moveit_config:/home/sazma/ws_future/install/moveit_planners:/home/sazma/ws_future/install/pilz_industrial_motion_planner:/home/sazma/ws_future/install/pick_ik:/home/sazma/ws_future/install/moveit_task_constructor_msgs:/home/sazma/ws_future/install/moveit_ros_control_interface:/home/sazma/ws_future/install/moveit_plugins:/home/sazma/ws_future/install/moveit_simple_controller_manager:/home/sazma/ws_future/install/moveit_setup_assistant:/home/sazma/ws_future/install/moveit_setup_srdf_plugins:/home/sazma/ws_future/install/moveit_setup_core_plugins:/home/sazma/ws_future/install/moveit_setup_controllers:/home/sazma/ws_future/install/moveit_setup_app_plugins:/home/sazma/ws_future/install/moveit_setup_framework:/home/sazma/ws_future/install/moveit_servo:/home/sazma/ws_future/install/moveit_ros:/home/sazma/ws_future/install/moveit_ros_visualization:/home/sazma/ws_future/install/moveit_py:/home/sazma/ws_future/install/moveit_hybrid_planning:/home/sazma/ws_future/install/moveit_ros_planning_interface:/home/sazma/ws_future/install/moveit_ros_benchmarks:/home/sazma/ws_future/install/moveit_ros_warehouse:/home/sazma/ws_future/install/moveit_ros_robot_interaction:/home/sazma/ws_future/install/moveit_ros_perception:/home/sazma/ws_future/install/moveit_resources_prbt_pg70_support:/home/sazma/ws_future/install/moveit_resources_prbt_moveit_config:/home/sazma/ws_future/install/moveit_ros_move_group:/home/sazma/ws_future/install/moveit_planners_ompl:/home/sazma/ws_future/install/moveit_kinematics:/home/sazma/ws_future/install/moveit_ros_planning:/home/sazma/ws_future/install/moveit_ros_occupancy_map_monitor:/home/sazma/ws_future/install/moveit_resources_prbt_support:/home/sazma/ws_future/install/moveit_resources_prbt_ikfast_manipulator_plugin:/home/sazma/ws_future/install/moveit_resources:/home/sazma/ws_future/install/moveit_resources_pr2_description:/home/sazma/ws_future/install/moveit_resources_panda_moveit_config:/home/sazma/ws_future/install/dual_arm_panda_moveit_config:/home/sazma/ws_future/install/moveit_resources_panda_description:/home/sazma/ws_future/install/moveit_resources_fanuc_moveit_config:/home/sazma/ws_future/install/moveit_resources_fanuc_description:/home/sazma/ws_future/install/moveit_planners_stomp:/home/sazma/ws_future/install/moveit_planners_chomp:/home/sazma/ws_future/install/moveit_chomp_optimizer_adapter:/home/sazma/ws_future/install/chomp_motion_planner:/home/sazma/ws_future/install/moveit_core:/home/sazma/ws_future/install/moveit_msgs:/home/sazma/ws_future/install/moveit_configs_utils:/home/sazma/ws_future/install/moveit_common:/home/sazma/ws_future/install/kortex_bringup:/home/sazma/ws_future/install/kortex_driver:/home/sazma/ws_future/install/kortex_description:/home/sazma/ws_future/install/kortex_api:/opt/ros/humble /usr/bin/cmake --install /home/sazma/ws_future/build/techman_robot_msgs
[4.730s] -- Install configuration: ""
[4.730s] -- Up-to-date: /home/sazma/ws_future/install/techman_robot_msgs/share/ament_index/resource_index/rosidl_interfaces/techman_robot_msgs
[4.730s] -- Up-to-date: /home/sazma/ws_future/install/techman_robot_msgs/include/techman_robot_msgs/techman_robot_msgs
[4.730s] -- Up-to-date: /home/sazma/ws_future/install/techman_robot_msgs/include/techman_robot_msgs/techman_robot_msgs/msg
[4.730s] -- Up-to-date: /home/sazma/ws_future/install/techman_robot_msgs/include/techman_robot_msgs/techman_robot_msgs/msg/rosidl_generator_c__visibility_control.h
[4.730s] -- Up-to-date: /home/sazma/ws_future/install/techman_robot_msgs/include/techman_robot_msgs/techman_robot_msgs/srv
[4.731s] -- Up-to-date: /home/sazma/ws_future/install/techman_robot_msgs/include/techman_robot_msgs/techman_robot_msgs/srv/detail
[4.731s] -- Up-to-date: /home/sazma/ws_future/install/techman_robot_msgs/include/techman_robot_msgs/techman_robot_msgs/srv/detail/techman_robot_command__functions.c
[4.731s] -- Up-to-date: /home/sazma/ws_future/install/techman_robot_msgs/include/techman_robot_msgs/techman_robot_msgs/srv/detail/techman_robot_command__struct.h
[4.731s] -- Up-to-date: /home/sazma/ws_future/install/techman_robot_msgs/include/techman_robot_msgs/techman_robot_msgs/srv/detail/techman_robot_command__type_support.h
[4.731s] -- Up-to-date: /home/sazma/ws_future/install/techman_robot_msgs/include/techman_robot_msgs/techman_robot_msgs/srv/detail/techman_robot_command__functions.h
[4.731s] -- Up-to-date: /home/sazma/ws_future/install/techman_robot_msgs/include/techman_robot_msgs/techman_robot_msgs/srv/techman_robot_command.h
[4.731s] -- Up-to-date: /home/sazma/ws_future/install/techman_robot_msgs/share/techman_robot_msgs/environment/library_path.sh
[4.731s] -- Up-to-date: /home/sazma/ws_future/install/techman_robot_msgs/share/techman_robot_msgs/environment/library_path.dsv
[4.732s] -- Up-to-date: /home/sazma/ws_future/install/techman_robot_msgs/lib/libtechman_robot_msgs__rosidl_generator_c.so
[4.732s] -- Up-to-date: /home/sazma/ws_future/install/techman_robot_msgs/include/techman_robot_msgs/techman_robot_msgs
[4.732s] -- Up-to-date: /home/sazma/ws_future/install/techman_robot_msgs/include/techman_robot_msgs/techman_robot_msgs/msg
[4.732s] -- Up-to-date: /home/sazma/ws_future/install/techman_robot_msgs/include/techman_robot_msgs/techman_robot_msgs/msg/rosidl_typesupport_fastrtps_c__visibility_control.h
[4.732s] -- Up-to-date: /home/sazma/ws_future/install/techman_robot_msgs/include/techman_robot_msgs/techman_robot_msgs/srv
[4.732s] -- Up-to-date: /home/sazma/ws_future/install/techman_robot_msgs/include/techman_robot_msgs/techman_robot_msgs/srv/detail
[4.732s] -- Up-to-date: /home/sazma/ws_future/install/techman_robot_msgs/include/techman_robot_msgs/techman_robot_msgs/srv/detail/techman_robot_command__rosidl_typesupport_fastrtps_c.h
[4.732s] -- Up-to-date: /home/sazma/ws_future/install/techman_robot_msgs/lib/libtechman_robot_msgs__rosidl_typesupport_fastrtps_c.so
[4.732s] -- Up-to-date: /home/sazma/ws_future/install/techman_robot_msgs/include/techman_robot_msgs/techman_robot_msgs
[4.733s] -- Up-to-date: /home/sazma/ws_future/install/techman_robot_msgs/include/techman_robot_msgs/techman_robot_msgs/msg
[4.733s] -- Up-to-date: /home/sazma/ws_future/install/techman_robot_msgs/include/techman_robot_msgs/techman_robot_msgs/msg/rosidl_typesupport_introspection_c__visibility_control.h
[4.733s] -- Up-to-date: /home/sazma/ws_future/install/techman_robot_msgs/include/techman_robot_msgs/techman_robot_msgs/srv
[4.733s] -- Up-to-date: /home/sazma/ws_future/install/techman_robot_msgs/include/techman_robot_msgs/techman_robot_msgs/srv/detail
[4.733s] -- Up-to-date: /home/sazma/ws_future/install/techman_robot_msgs/include/techman_robot_msgs/techman_robot_msgs/srv/detail/techman_robot_command__rosidl_typesupport_introspection_c.h
[4.733s] -- Up-to-date: /home/sazma/ws_future/install/techman_robot_msgs/include/techman_robot_msgs/techman_robot_msgs/srv/detail/techman_robot_command__type_support.c
[4.733s] -- Up-to-date: /home/sazma/ws_future/install/techman_robot_msgs/lib/libtechman_robot_msgs__rosidl_typesupport_introspection_c.so
[4.734s] -- Up-to-date: /home/sazma/ws_future/install/techman_robot_msgs/lib/libtechman_robot_msgs__rosidl_typesupport_c.so
[4.734s] -- Up-to-date: /home/sazma/ws_future/install/techman_robot_msgs/include/techman_robot_msgs/techman_robot_msgs
[4.734s] -- Up-to-date: /home/sazma/ws_future/install/techman_robot_msgs/include/techman_robot_msgs/techman_robot_msgs/srv
[4.734s] -- Up-to-date: /home/sazma/ws_future/install/techman_robot_msgs/include/techman_robot_msgs/techman_robot_msgs/srv/detail
[4.735s] -- Up-to-date: /home/sazma/ws_future/install/techman_robot_msgs/include/techman_robot_msgs/techman_robot_msgs/srv/detail/techman_robot_command__builder.hpp
[4.735s] -- Up-to-date: /home/sazma/ws_future/install/techman_robot_msgs/include/techman_robot_msgs/techman_robot_msgs/srv/detail/techman_robot_command__traits.hpp
[4.735s] -- Up-to-date: /home/sazma/ws_future/install/techman_robot_msgs/include/techman_robot_msgs/techman_robot_msgs/srv/detail/techman_robot_command__struct.hpp
[4.735s] -- Up-to-date: /home/sazma/ws_future/install/techman_robot_msgs/include/techman_robot_msgs/techman_robot_msgs/srv/techman_robot_command.hpp
[4.735s] -- Up-to-date: /home/sazma/ws_future/install/techman_robot_msgs/include/techman_robot_msgs/techman_robot_msgs
[4.735s] -- Up-to-date: /home/sazma/ws_future/install/techman_robot_msgs/include/techman_robot_msgs/techman_robot_msgs/msg
[4.735s] -- Up-to-date: /home/sazma/ws_future/install/techman_robot_msgs/include/techman_robot_msgs/techman_robot_msgs/msg/rosidl_typesupport_fastrtps_cpp__visibility_control.h
[4.735s] -- Up-to-date: /home/sazma/ws_future/install/techman_robot_msgs/include/techman_robot_msgs/techman_robot_msgs/srv
[4.735s] -- Up-to-date: /home/sazma/ws_future/install/techman_robot_msgs/include/techman_robot_msgs/techman_robot_msgs/srv/detail
[4.736s] -- Up-to-date: /home/sazma/ws_future/install/techman_robot_msgs/include/techman_robot_msgs/techman_robot_msgs/srv/detail/techman_robot_command__rosidl_typesupport_fastrtps_cpp.hpp
[4.736s] -- Up-to-date: /home/sazma/ws_future/install/techman_robot_msgs/include/techman_robot_msgs/techman_robot_msgs/srv/detail/dds_fastrtps
[4.736s] -- Up-to-date: /home/sazma/ws_future/install/techman_robot_msgs/lib/libtechman_robot_msgs__rosidl_typesupport_fastrtps_cpp.so
[4.736s] -- Up-to-date: /home/sazma/ws_future/install/techman_robot_msgs/include/techman_robot_msgs/techman_robot_msgs
[4.736s] -- Up-to-date: /home/sazma/ws_future/install/techman_robot_msgs/include/techman_robot_msgs/techman_robot_msgs/srv
[4.736s] -- Up-to-date: /home/sazma/ws_future/install/techman_robot_msgs/include/techman_robot_msgs/techman_robot_msgs/srv/detail
[4.736s] -- Up-to-date: /home/sazma/ws_future/install/techman_robot_msgs/include/techman_robot_msgs/techman_robot_msgs/srv/detail/techman_robot_command__type_support.cpp
[4.736s] -- Up-to-date: /home/sazma/ws_future/install/techman_robot_msgs/include/techman_robot_msgs/techman_robot_msgs/srv/detail/techman_robot_command__rosidl_typesupport_introspection_cpp.hpp
[4.737s] -- Up-to-date: /home/sazma/ws_future/install/techman_robot_msgs/lib/libtechman_robot_msgs__rosidl_typesupport_introspection_cpp.so
[4.737s] -- Up-to-date: /home/sazma/ws_future/install/techman_robot_msgs/lib/libtechman_robot_msgs__rosidl_typesupport_cpp.so
[4.737s] -- Up-to-date: /home/sazma/ws_future/install/techman_robot_msgs/share/techman_robot_msgs/environment/pythonpath.sh
[4.737s] -- Up-to-date: /home/sazma/ws_future/install/techman_robot_msgs/share/techman_robot_msgs/environment/pythonpath.dsv
[4.737s] -- Up-to-date: /home/sazma/ws_future/install/techman_robot_msgs/local/lib/python3.10/dist-packages/techman_robot_msgs-1.0.0-py3.10.egg-info
[4.737s] -- Installing: /home/sazma/ws_future/install/techman_robot_msgs/local/lib/python3.10/dist-packages/techman_robot_msgs-1.0.0-py3.10.egg-info/SOURCES.txt
[4.737s] -- Installing: /home/sazma/ws_future/install/techman_robot_msgs/local/lib/python3.10/dist-packages/techman_robot_msgs-1.0.0-py3.10.egg-info/dependency_links.txt
[4.737s] -- Installing: /home/sazma/ws_future/install/techman_robot_msgs/local/lib/python3.10/dist-packages/techman_robot_msgs-1.0.0-py3.10.egg-info/top_level.txt
[4.737s] -- Installing: /home/sazma/ws_future/install/techman_robot_msgs/local/lib/python3.10/dist-packages/techman_robot_msgs-1.0.0-py3.10.egg-info/PKG-INFO
[4.738s] -- Up-to-date: /home/sazma/ws_future/install/techman_robot_msgs/local/lib/python3.10/dist-packages/techman_robot_msgs
[4.738s] -- Up-to-date: /home/sazma/ws_future/install/techman_robot_msgs/local/lib/python3.10/dist-packages/techman_robot_msgs/__init__.py
[4.738s] -- Up-to-date: /home/sazma/ws_future/install/techman_robot_msgs/local/lib/python3.10/dist-packages/techman_robot_msgs/_techman_robot_msgs_s.ep.rosidl_typesupport_fastrtps_c.c
[4.738s] -- Up-to-date: /home/sazma/ws_future/install/techman_robot_msgs/local/lib/python3.10/dist-packages/techman_robot_msgs/libtechman_robot_msgs__rosidl_generator_py.so
[4.738s] -- Up-to-date: /home/sazma/ws_future/install/techman_robot_msgs/local/lib/python3.10/dist-packages/techman_robot_msgs/_techman_robot_msgs_s.ep.rosidl_typesupport_introspection_c.c
[4.738s] -- Up-to-date: /home/sazma/ws_future/install/techman_robot_msgs/local/lib/python3.10/dist-packages/techman_robot_msgs/techman_robot_msgs_s__rosidl_typesupport_c.cpython-310-x86_64-linux-gnu.so
[4.738s] -- Up-to-date: /home/sazma/ws_future/install/techman_robot_msgs/local/lib/python3.10/dist-packages/techman_robot_msgs/_techman_robot_msgs_s.ep.rosidl_typesupport_c.c
[4.738s] -- Up-to-date: /home/sazma/ws_future/install/techman_robot_msgs/local/lib/python3.10/dist-packages/techman_robot_msgs/techman_robot_msgs_s__rosidl_typesupport_introspection_c.cpython-310-x86_64-linux-gnu.so
[4.738s] -- Up-to-date: /home/sazma/ws_future/install/techman_robot_msgs/local/lib/python3.10/dist-packages/techman_robot_msgs/srv
[4.739s] -- Up-to-date: /home/sazma/ws_future/install/techman_robot_msgs/local/lib/python3.10/dist-packages/techman_robot_msgs/srv/__init__.py
[4.739s] -- Up-to-date: /home/sazma/ws_future/install/techman_robot_msgs/local/lib/python3.10/dist-packages/techman_robot_msgs/srv/_techman_robot_command.py
[4.739s] -- Up-to-date: /home/sazma/ws_future/install/techman_robot_msgs/local/lib/python3.10/dist-packages/techman_robot_msgs/srv/_techman_robot_command_s.c
[4.739s] -- Up-to-date: /home/sazma/ws_future/install/techman_robot_msgs/local/lib/python3.10/dist-packages/techman_robot_msgs/techman_robot_msgs_s__rosidl_typesupport_fastrtps_c.cpython-310-x86_64-linux-gnu.so
[4.739s] Listing '/home/sazma/ws_future/install/techman_robot_msgs/local/lib/python3.10/dist-packages/techman_robot_msgs'...
[4.739s] Listing '/home/sazma/ws_future/install/techman_robot_msgs/local/lib/python3.10/dist-packages/techman_robot_msgs/srv'...
[4.739s] -- Up-to-date: /home/sazma/ws_future/install/techman_robot_msgs/local/lib/python3.10/dist-packages/techman_robot_msgs/techman_robot_msgs_s__rosidl_typesupport_fastrtps_c.cpython-310-x86_64-linux-gnu.so
[4.739s] -- Up-to-date: /home/sazma/ws_future/install/techman_robot_msgs/local/lib/python3.10/dist-packages/techman_robot_msgs/techman_robot_msgs_s__rosidl_typesupport_introspection_c.cpython-310-x86_64-linux-gnu.so
[4.739s] -- Up-to-date: /home/sazma/ws_future/install/techman_robot_msgs/local/lib/python3.10/dist-packages/techman_robot_msgs/techman_robot_msgs_s__rosidl_typesupport_c.cpython-310-x86_64-linux-gnu.so
[4.740s] -- Up-to-date: /home/sazma/ws_future/install/techman_robot_msgs/lib/libtechman_robot_msgs__rosidl_generator_py.so
[4.740s] -- Up-to-date: /home/sazma/ws_future/install/techman_robot_msgs/share/techman_robot_msgs/srv/TechmanRobotCommand.idl
[4.740s] -- Up-to-date: /home/sazma/ws_future/install/techman_robot_msgs/share/techman_robot_msgs/srv/TechmanRobotCommand.srv
[4.740s] -- Up-to-date: /home/sazma/ws_future/install/techman_robot_msgs/share/techman_robot_msgs/srv/TechmanRobotCommand_Request.msg
[4.740s] -- Up-to-date: /home/sazma/ws_future/install/techman_robot_msgs/share/techman_robot_msgs/srv/TechmanRobotCommand_Response.msg
[4.740s] -- Up-to-date: /home/sazma/ws_future/install/techman_robot_msgs/share/ament_index/resource_index/package_run_dependencies/techman_robot_msgs
[4.740s] -- Up-to-date: /home/sazma/ws_future/install/techman_robot_msgs/share/ament_index/resource_index/parent_prefix_path/techman_robot_msgs
[4.740s] -- Up-to-date: /home/sazma/ws_future/install/techman_robot_msgs/share/techman_robot_msgs/environment/ament_prefix_path.sh
[4.740s] -- Up-to-date: /home/sazma/ws_future/install/techman_robot_msgs/share/techman_robot_msgs/environment/ament_prefix_path.dsv
[4.741s] -- Up-to-date: /home/sazma/ws_future/install/techman_robot_msgs/share/techman_robot_msgs/environment/path.sh
[4.741s] -- Up-to-date: /home/sazma/ws_future/install/techman_robot_msgs/share/techman_robot_msgs/environment/path.dsv
[4.741s] -- Up-to-date: /home/sazma/ws_future/install/techman_robot_msgs/share/techman_robot_msgs/local_setup.bash
[4.741s] -- Up-to-date: /home/sazma/ws_future/install/techman_robot_msgs/share/techman_robot_msgs/local_setup.sh
[4.741s] -- Up-to-date: /home/sazma/ws_future/install/techman_robot_msgs/share/techman_robot_msgs/local_setup.zsh
[4.741s] -- Up-to-date: /home/sazma/ws_future/install/techman_robot_msgs/share/techman_robot_msgs/local_setup.dsv
[4.745s] -- Up-to-date: /home/sazma/ws_future/install/techman_robot_msgs/share/techman_robot_msgs/package.dsv
[4.745s] -- Up-to-date: /home/sazma/ws_future/install/techman_robot_msgs/share/ament_index/resource_index/packages/techman_robot_msgs
[4.746s] -- Up-to-date: /home/sazma/ws_future/install/techman_robot_msgs/share/techman_robot_msgs/cmake/export_techman_robot_msgs__rosidl_generator_cExport.cmake
[4.746s] -- Up-to-date: /home/sazma/ws_future/install/techman_robot_msgs/share/techman_robot_msgs/cmake/export_techman_robot_msgs__rosidl_generator_cExport-noconfig.cmake
[4.746s] -- Up-to-date: /home/sazma/ws_future/install/techman_robot_msgs/share/techman_robot_msgs/cmake/export_techman_robot_msgs__rosidl_typesupport_fastrtps_cExport.cmake
[4.746s] -- Up-to-date: /home/sazma/ws_future/install/techman_robot_msgs/share/techman_robot_msgs/cmake/export_techman_robot_msgs__rosidl_typesupport_fastrtps_cExport-noconfig.cmake
[4.746s] -- Up-to-date: /home/sazma/ws_future/install/techman_robot_msgs/share/techman_robot_msgs/cmake/techman_robot_msgs__rosidl_typesupport_introspection_cExport.cmake
[4.746s] -- Up-to-date: /home/sazma/ws_future/install/techman_robot_msgs/share/techman_robot_msgs/cmake/techman_robot_msgs__rosidl_typesupport_introspection_cExport-noconfig.cmake
[4.746s] -- Up-to-date: /home/sazma/ws_future/install/techman_robot_msgs/share/techman_robot_msgs/cmake/techman_robot_msgs__rosidl_typesupport_cExport.cmake
[4.746s] -- Up-to-date: /home/sazma/ws_future/install/techman_robot_msgs/share/techman_robot_msgs/cmake/techman_robot_msgs__rosidl_typesupport_cExport-noconfig.cmake
[4.746s] -- Up-to-date: /home/sazma/ws_future/install/techman_robot_msgs/share/techman_robot_msgs/cmake/export_techman_robot_msgs__rosidl_generator_cppExport.cmake
[4.747s] -- Up-to-date: /home/sazma/ws_future/install/techman_robot_msgs/share/techman_robot_msgs/cmake/export_techman_robot_msgs__rosidl_typesupport_fastrtps_cppExport.cmake
[4.747s] -- Up-to-date: /home/sazma/ws_future/install/techman_robot_msgs/share/techman_robot_msgs/cmake/export_techman_robot_msgs__rosidl_typesupport_fastrtps_cppExport-noconfig.cmake
[4.747s] -- Up-to-date: /home/sazma/ws_future/install/techman_robot_msgs/share/techman_robot_msgs/cmake/techman_robot_msgs__rosidl_typesupport_introspection_cppExport.cmake
[4.747s] -- Up-to-date: /home/sazma/ws_future/install/techman_robot_msgs/share/techman_robot_msgs/cmake/techman_robot_msgs__rosidl_typesupport_introspection_cppExport-noconfig.cmake
[4.747s] -- Up-to-date: /home/sazma/ws_future/install/techman_robot_msgs/share/techman_robot_msgs/cmake/techman_robot_msgs__rosidl_typesupport_cppExport.cmake
[4.747s] -- Up-to-date: /home/sazma/ws_future/install/techman_robot_msgs/share/techman_robot_msgs/cmake/techman_robot_msgs__rosidl_typesupport_cppExport-noconfig.cmake
[4.747s] -- Up-to-date: /home/sazma/ws_future/install/techman_robot_msgs/share/techman_robot_msgs/cmake/export_techman_robot_msgs__rosidl_generator_pyExport.cmake
[4.747s] -- Up-to-date: /home/sazma/ws_future/install/techman_robot_msgs/share/techman_robot_msgs/cmake/export_techman_robot_msgs__rosidl_generator_pyExport-noconfig.cmake
[4.747s] -- Up-to-date: /home/sazma/ws_future/install/techman_robot_msgs/share/techman_robot_msgs/cmake/rosidl_cmake-extras.cmake
[4.748s] -- Up-to-date: /home/sazma/ws_future/install/techman_robot_msgs/share/techman_robot_msgs/cmake/ament_cmake_export_include_directories-extras.cmake
[4.748s] -- Up-to-date: /home/sazma/ws_future/install/techman_robot_msgs/share/techman_robot_msgs/cmake/ament_cmake_export_libraries-extras.cmake
[4.748s] -- Up-to-date: /home/sazma/ws_future/install/techman_robot_msgs/share/techman_robot_msgs/cmake/ament_cmake_export_targets-extras.cmake
[4.748s] -- Up-to-date: /home/sazma/ws_future/install/techman_robot_msgs/share/techman_robot_msgs/cmake/rosidl_cmake_export_typesupport_targets-extras.cmake
[4.748s] -- Up-to-date: /home/sazma/ws_future/install/techman_robot_msgs/share/techman_robot_msgs/cmake/ament_cmake_export_dependencies-extras.cmake
[4.748s] -- Up-to-date: /home/sazma/ws_future/install/techman_robot_msgs/share/techman_robot_msgs/cmake/rosidl_cmake_export_typesupport_libraries-extras.cmake
[4.748s] -- Up-to-date: /home/sazma/ws_future/install/techman_robot_msgs/share/techman_robot_msgs/cmake/techman_robot_msgsConfig.cmake
[4.748s] -- Up-to-date: /home/sazma/ws_future/install/techman_robot_msgs/share/techman_robot_msgs/cmake/techman_robot_msgsConfig-version.cmake
[4.748s] -- Up-to-date: /home/sazma/ws_future/install/techman_robot_msgs/share/techman_robot_msgs/package.xml
[5.149s] Invoked command in '/home/sazma/ws_future/build/techman_robot_msgs' returned '0': CMAKE_PREFIX_PATH=/home/sazma/ws_future/install/ui_for_debug_and_demo:/home/sazma/ws_future/install/tm_driver:/home/sazma/ws_future/install/demo:/home/sazma/ws_future/install/tm_msgs:/home/sazma/ws_future/install/tm_moveit_cpp_demo:/home/sazma/ws_future/install/tm_moveit_config_tm5x-900:/home/sazma/ws_future/install/tm_moveit_config_tm5x-700:/home/sazma/ws_future/install/tm_moveit_config_tm5-900:/home/sazma/ws_future/install/tm_moveit_config_tm5-700:/home/sazma/ws_future/install/tm_moveit_config_tm14x:/home/sazma/ws_future/install/tm_moveit_config_tm14:/home/sazma/ws_future/install/tm_moveit_config_tm12x:/home/sazma/ws_future/install/tm_moveit_config_tm12:/home/sazma/ws_future/install/tm_mod_urdf:/home/sazma/ws_future/install/tm_get_status:/home/sazma/ws_future/install/tm_description:/home/sazma/ws_future/install/custom_package:/home/sazma/ws_future/install/techman_robot_msgs:/home/sazma/ws_future/install/moveit2_tutorials:/home/sazma/ws_future/install/moveit_visual_tools:/home/sazma/ws_future/install/rviz_visual_tools:/home/sazma/ws_future/install/moveit_task_constructor_visualization:/home/sazma/ws_future/install/moveit_task_constructor_demo:/home/sazma/ws_future/install/moveit_task_constructor_capabilities:/home/sazma/ws_future/install/moveit_task_constructor_core:/home/sazma/ws_future/install/rviz_marker_tools:/home/sazma/ws_future/install/pilz_industrial_motion_planner_testutils:/home/sazma/ws_future/install/moveit_runtime:/home/sazma/ws_future/install/moveit:/home/sazma/ws_future/install/kinova_gen3_7dof_robotiq_2f_85_moveit_config:/home/sazma/ws_future/install/kinova_gen3_6dof_robotiq_2f_85_moveit_config:/home/sazma/ws_future/install/moveit_planners:/home/sazma/ws_future/install/pilz_industrial_motion_planner:/home/sazma/ws_future/install/pick_ik:/home/sazma/ws_future/install/moveit_task_constructor_msgs:/home/sazma/ws_future/install/moveit_ros_control_interface:/home/sazma/ws_future/install/moveit_plugins:/home/sazma/ws_future/install/moveit_simple_controller_manager:/home/sazma/ws_future/install/moveit_setup_assistant:/home/sazma/ws_future/install/moveit_setup_srdf_plugins:/home/sazma/ws_future/install/moveit_setup_core_plugins:/home/sazma/ws_future/install/moveit_setup_controllers:/home/sazma/ws_future/install/moveit_setup_app_plugins:/home/sazma/ws_future/install/moveit_setup_framework:/home/sazma/ws_future/install/moveit_servo:/home/sazma/ws_future/install/moveit_ros:/home/sazma/ws_future/install/moveit_ros_visualization:/home/sazma/ws_future/install/moveit_py:/home/sazma/ws_future/install/moveit_hybrid_planning:/home/sazma/ws_future/install/moveit_ros_planning_interface:/home/sazma/ws_future/install/moveit_ros_benchmarks:/home/sazma/ws_future/install/moveit_ros_warehouse:/home/sazma/ws_future/install/moveit_ros_robot_interaction:/home/sazma/ws_future/install/moveit_ros_perception:/home/sazma/ws_future/install/moveit_resources_prbt_pg70_support:/home/sazma/ws_future/install/moveit_resources_prbt_moveit_config:/home/sazma/ws_future/install/moveit_ros_move_group:/home/sazma/ws_future/install/moveit_planners_ompl:/home/sazma/ws_future/install/moveit_kinematics:/home/sazma/ws_future/install/moveit_ros_planning:/home/sazma/ws_future/install/moveit_ros_occupancy_map_monitor:/home/sazma/ws_future/install/moveit_resources_prbt_support:/home/sazma/ws_future/install/moveit_resources_prbt_ikfast_manipulator_plugin:/home/sazma/ws_future/install/moveit_resources:/home/sazma/ws_future/install/moveit_resources_pr2_description:/home/sazma/ws_future/install/moveit_resources_panda_moveit_config:/home/sazma/ws_future/install/dual_arm_panda_moveit_config:/home/sazma/ws_future/install/moveit_resources_panda_description:/home/sazma/ws_future/install/moveit_resources_fanuc_moveit_config:/home/sazma/ws_future/install/moveit_resources_fanuc_description:/home/sazma/ws_future/install/moveit_planners_stomp:/home/sazma/ws_future/install/moveit_planners_chomp:/home/sazma/ws_future/install/moveit_chomp_optimizer_adapter:/home/sazma/ws_future/install/chomp_motion_planner:/home/sazma/ws_future/install/moveit_core:/home/sazma/ws_future/install/moveit_msgs:/home/sazma/ws_future/install/moveit_configs_utils:/home/sazma/ws_future/install/moveit_common:/home/sazma/ws_future/install/kortex_bringup:/home/sazma/ws_future/install/kortex_driver:/home/sazma/ws_future/install/kortex_description:/home/sazma/ws_future/install/kortex_api:/opt/ros/humble /usr/bin/cmake --install /home/sazma/ws_future/build/techman_robot_msgs
