/home/sazma/.local/lib/python3.10/site-packages/setuptools/_distutils/cmd.py:66: SetuptoolsDeprecationWarning: setup.py install is deprecated.
!!

        ********************************************************************************
        Please avoid running ``setup.py`` directly.
        Instead, use pypa/build, pypa/installer or other
        standards-based tools.

        See https://blog.ganssle.io/articles/2021/10/setup-py-deprecated.html for details.
        ********************************************************************************

!!
  self.initialize_options()
running egg_info
writing ../../../build/moveit_configs_utils/moveit_configs_utils.egg-info/PKG-INFO
writing dependency_links to ../../../build/moveit_configs_utils/moveit_configs_utils.egg-info/dependency_links.txt
deleting ../../../build/moveit_configs_utils/moveit_configs_utils.egg-info/entry_points.txt
writing requirements to ../../../build/moveit_configs_utils/moveit_configs_utils.egg-info/requires.txt
writing top-level names to ../../../build/moveit_configs_utils/moveit_configs_utils.egg-info/top_level.txt
reading manifest file '../../../build/moveit_configs_utils/moveit_configs_utils.egg-info/SOURCES.txt'
writing manifest file '../../../build/moveit_configs_utils/moveit_configs_utils.egg-info/SOURCES.txt'
running build
running build_py
running install
running install_lib
running install_data
running install_egg_info
removing '/home/sazma/ws_future/install/moveit_configs_utils/lib/python3.10/site-packages/moveit_configs_utils-2.8.0-py3.10.egg-info' (and everything under it)
Copying ../../../build/moveit_configs_utils/moveit_configs_utils.egg-info to /home/sazma/ws_future/install/moveit_configs_utils/lib/python3.10/site-packages/moveit_configs_utils-2.8.0-py3.10.egg-info
running install_scripts
writing list of installed files to '/home/sazma/ws_future/build/moveit_configs_utils/install.log'
