[2.488s] Invoking command in '/home/sazma/ws_future/src/moveit2/moveit_configs_utils': PYTHONPATH=/home/sazma/ws_future/build/moveit_configs_utils/prefix_override:/home/sazma/ws_future/install/moveit_configs_utils/lib/python3.10/site-packages:${PYTHONPATH} /usr/bin/python3 setup.py egg_info --egg-base ../../../build/moveit_configs_utils build --build-base /home/sazma/ws_future/build/moveit_configs_utils/build install --record /home/sazma/ws_future/build/moveit_configs_utils/install.log --single-version-externally-managed
[2.809s] /home/sazma/.local/lib/python3.10/site-packages/setuptools/_distutils/cmd.py:66: SetuptoolsDeprecationWarning: setup.py install is deprecated.
[2.809s] !!
[2.809s] 
[2.809s]         ********************************************************************************
[2.809s]         Please avoid running ``setup.py`` directly.
[2.809s]         Instead, use pypa/build, pypa/installer or other
[2.809s]         standards-based tools.
[2.810s] 
[2.810s]         See https://blog.ganssle.io/articles/2021/10/setup-py-deprecated.html for details.
[2.810s]         ********************************************************************************
[2.810s] 
[2.810s] !!
[2.810s]   self.initialize_options()
[2.810s] running egg_info
[2.810s] writing ../../../build/moveit_configs_utils/moveit_configs_utils.egg-info/PKG-INFO
[2.810s] writing dependency_links to ../../../build/moveit_configs_utils/moveit_configs_utils.egg-info/dependency_links.txt
[2.810s] deleting ../../../build/moveit_configs_utils/moveit_configs_utils.egg-info/entry_points.txt
[2.810s] writing requirements to ../../../build/moveit_configs_utils/moveit_configs_utils.egg-info/requires.txt
[2.810s] writing top-level names to ../../../build/moveit_configs_utils/moveit_configs_utils.egg-info/top_level.txt
[2.810s] reading manifest file '../../../build/moveit_configs_utils/moveit_configs_utils.egg-info/SOURCES.txt'
[2.810s] writing manifest file '../../../build/moveit_configs_utils/moveit_configs_utils.egg-info/SOURCES.txt'
[2.811s] running build
[2.811s] running build_py
[2.811s] running install
[2.811s] running install_lib
[2.811s] running install_data
[2.822s] running install_egg_info
[2.841s] removing '/home/sazma/ws_future/install/moveit_configs_utils/lib/python3.10/site-packages/moveit_configs_utils-2.8.0-py3.10.egg-info' (and everything under it)
[2.841s] Copying ../../../build/moveit_configs_utils/moveit_configs_utils.egg-info to /home/sazma/ws_future/install/moveit_configs_utils/lib/python3.10/site-packages/moveit_configs_utils-2.8.0-py3.10.egg-info
[2.842s] running install_scripts
[3.000s] writing list of installed files to '/home/sazma/ws_future/build/moveit_configs_utils/install.log'
[3.492s] Invoked command in '/home/sazma/ws_future/src/moveit2/moveit_configs_utils' returned '0': PYTHONPATH=/home/sazma/ws_future/build/moveit_configs_utils/prefix_override:/home/sazma/ws_future/install/moveit_configs_utils/lib/python3.10/site-packages:${PYTHONPATH} /usr/bin/python3 setup.py egg_info --egg-base ../../../build/moveit_configs_utils build --build-base /home/sazma/ws_future/build/moveit_configs_utils/build install --record /home/sazma/ws_future/build/moveit_configs_utils/install.log --single-version-externally-managed
