[0.863s] Invoking command in '/home/sazma/ws_future/build/moveit_resources_panda_description': CMAKE_PREFIX_PATH=${CMAKE_PREFIX_PATH}:/home/sazma/ws_future/install/tm_mod_urdf:/home/sazma/ws_future/install/tm_get_status:/home/sazma/ws_tm/install/tm_mod_urdf:/home/sazma/ws_tm/install/tm_get_status:/opt/ros/humble /usr/bin/cmake /home/sazma/ws_future/src/moveit_resources/panda_description -DCMAKE_INSTALL_PREFIX=/home/sazma/ws_future/install/moveit_resources_panda_description
[1.281s] -- The C compiler identification is GNU 11.4.0
[1.281s] -- The CXX compiler identification is GNU 11.4.0
[1.282s] -- Detecting C compiler ABI info
[1.282s] -- Detecting C compiler ABI info - done
[1.282s] -- Check for working C compiler: /usr/bin/cc - skipped
[1.282s] -- Detecting C compile features
[1.282s] -- Detecting C compile features - done
[1.282s] -- Detecting CXX compiler ABI info
[1.282s] -- Detecting CXX compiler ABI info - done
[1.282s] -- Check for working CXX compiler: /usr/bin/c++ - skipped
[1.282s] -- Detecting CXX compile features
[1.282s] -- Detecting CXX compile features - done
[1.283s] -- Found ament_cmake: 1.3.5 (/opt/ros/humble/share/ament_cmake/cmake)
[1.297s] -- Found Python3: /usr/bin/python3.10 (found version "3.10.12") found components: Interpreter 
[1.613s] -- Configuring done
[1.616s] -- Generating done
[1.617s] -- Build files have been written to: /home/sazma/ws_future/build/moveit_resources_panda_description
[1.624s] Invoked command in '/home/sazma/ws_future/build/moveit_resources_panda_description' returned '0': CMAKE_PREFIX_PATH=${CMAKE_PREFIX_PATH}:/home/sazma/ws_future/install/tm_mod_urdf:/home/sazma/ws_future/install/tm_get_status:/home/sazma/ws_tm/install/tm_mod_urdf:/home/sazma/ws_tm/install/tm_get_status:/opt/ros/humble /usr/bin/cmake /home/sazma/ws_future/src/moveit_resources/panda_description -DCMAKE_INSTALL_PREFIX=/home/sazma/ws_future/install/moveit_resources_panda_description
[1.626s] Invoking command in '/home/sazma/ws_future/build/moveit_resources_panda_description': CMAKE_PREFIX_PATH=${CMAKE_PREFIX_PATH}:/home/sazma/ws_future/install/tm_mod_urdf:/home/sazma/ws_future/install/tm_get_status:/home/sazma/ws_tm/install/tm_mod_urdf:/home/sazma/ws_tm/install/tm_get_status:/opt/ros/humble /usr/bin/cmake --build /home/sazma/ws_future/build/moveit_resources_panda_description -- -j12 -l12
[2.042s] Invoked command in '/home/sazma/ws_future/build/moveit_resources_panda_description' returned '0': CMAKE_PREFIX_PATH=${CMAKE_PREFIX_PATH}:/home/sazma/ws_future/install/tm_mod_urdf:/home/sazma/ws_future/install/tm_get_status:/home/sazma/ws_tm/install/tm_mod_urdf:/home/sazma/ws_tm/install/tm_get_status:/opt/ros/humble /usr/bin/cmake --build /home/sazma/ws_future/build/moveit_resources_panda_description -- -j12 -l12
[2.174s] Invoking command in '/home/sazma/ws_future/build/moveit_resources_panda_description': CMAKE_PREFIX_PATH=${CMAKE_PREFIX_PATH}:/home/sazma/ws_future/install/tm_mod_urdf:/home/sazma/ws_future/install/tm_get_status:/home/sazma/ws_tm/install/tm_mod_urdf:/home/sazma/ws_tm/install/tm_get_status:/opt/ros/humble /usr/bin/cmake --install /home/sazma/ws_future/build/moveit_resources_panda_description
[2.274s] -- Install configuration: ""
[2.274s] -- Installing: /home/sazma/ws_future/install/moveit_resources_panda_description/share/ament_index/resource_index/package_run_dependencies/moveit_resources_panda_description
[2.274s] -- Installing: /home/sazma/ws_future/install/moveit_resources_panda_description/share/ament_index/resource_index/parent_prefix_path/moveit_resources_panda_description
[2.274s] -- Installing: /home/sazma/ws_future/install/moveit_resources_panda_description/share/moveit_resources_panda_description/environment/ament_prefix_path.sh
[2.274s] -- Installing: /home/sazma/ws_future/install/moveit_resources_panda_description/share/moveit_resources_panda_description/environment/ament_prefix_path.dsv
[2.274s] -- Installing: /home/sazma/ws_future/install/moveit_resources_panda_description/share/moveit_resources_panda_description/environment/path.sh
[2.274s] -- Installing: /home/sazma/ws_future/install/moveit_resources_panda_description/share/moveit_resources_panda_description/environment/path.dsv
[2.274s] -- Installing: /home/sazma/ws_future/install/moveit_resources_panda_description/share/moveit_resources_panda_description/local_setup.bash
[2.275s] -- Installing: /home/sazma/ws_future/install/moveit_resources_panda_description/share/moveit_resources_panda_description/local_setup.sh
[2.275s] -- Installing: /home/sazma/ws_future/install/moveit_resources_panda_description/share/moveit_resources_panda_description/local_setup.zsh
[2.275s] -- Installing: /home/sazma/ws_future/install/moveit_resources_panda_description/share/moveit_resources_panda_description/local_setup.dsv
[2.275s] -- Installing: /home/sazma/ws_future/install/moveit_resources_panda_description/share/moveit_resources_panda_description/package.dsv
[2.275s] -- Installing: /home/sazma/ws_future/install/moveit_resources_panda_description/share/ament_index/resource_index/packages/moveit_resources_panda_description
[2.275s] -- Installing: /home/sazma/ws_future/install/moveit_resources_panda_description/share/moveit_resources_panda_description/cmake/moveit_resources_panda_descriptionConfig.cmake
[2.275s] -- Installing: /home/sazma/ws_future/install/moveit_resources_panda_description/share/moveit_resources_panda_description/cmake/moveit_resources_panda_descriptionConfig-version.cmake
[2.275s] -- Installing: /home/sazma/ws_future/install/moveit_resources_panda_description/share/moveit_resources_panda_description/package.xml
[2.275s] -- Installing: /home/sazma/ws_future/install/moveit_resources_panda_description/share/moveit_resources_panda_description/meshes
[2.275s] -- Installing: /home/sazma/ws_future/install/moveit_resources_panda_description/share/moveit_resources_panda_description/meshes/collision
[2.275s] -- Installing: /home/sazma/ws_future/install/moveit_resources_panda_description/share/moveit_resources_panda_description/meshes/collision/link2.stl
[2.275s] -- Installing: /home/sazma/ws_future/install/moveit_resources_panda_description/share/moveit_resources_panda_description/meshes/collision/link1.stl
[2.275s] -- Installing: /home/sazma/ws_future/install/moveit_resources_panda_description/share/moveit_resources_panda_description/meshes/collision/link7.stl
[2.275s] -- Installing: /home/sazma/ws_future/install/moveit_resources_panda_description/share/moveit_resources_panda_description/meshes/collision/hand.stl
[2.275s] -- Installing: /home/sazma/ws_future/install/moveit_resources_panda_description/share/moveit_resources_panda_description/meshes/collision/link3.stl
[2.276s] -- Installing: /home/sazma/ws_future/install/moveit_resources_panda_description/share/moveit_resources_panda_description/meshes/collision/finger.stl
[2.276s] -- Installing: /home/sazma/ws_future/install/moveit_resources_panda_description/share/moveit_resources_panda_description/meshes/collision/link0.stl
[2.276s] -- Installing: /home/sazma/ws_future/install/moveit_resources_panda_description/share/moveit_resources_panda_description/meshes/collision/link4.stl
[2.276s] -- Installing: /home/sazma/ws_future/install/moveit_resources_panda_description/share/moveit_resources_panda_description/meshes/collision/link5.stl
[2.276s] -- Installing: /home/sazma/ws_future/install/moveit_resources_panda_description/share/moveit_resources_panda_description/meshes/collision/link6.stl
[2.276s] -- Installing: /home/sazma/ws_future/install/moveit_resources_panda_description/share/moveit_resources_panda_description/meshes/visual
[2.276s] -- Installing: /home/sazma/ws_future/install/moveit_resources_panda_description/share/moveit_resources_panda_description/meshes/visual/link4.dae
[2.276s] -- Installing: /home/sazma/ws_future/install/moveit_resources_panda_description/share/moveit_resources_panda_description/meshes/visual/link1.dae
[2.276s] -- Installing: /home/sazma/ws_future/install/moveit_resources_panda_description/share/moveit_resources_panda_description/meshes/visual/link3.dae
[2.276s] -- Installing: /home/sazma/ws_future/install/moveit_resources_panda_description/share/moveit_resources_panda_description/meshes/visual/hand.dae
[2.276s] -- Installing: /home/sazma/ws_future/install/moveit_resources_panda_description/share/moveit_resources_panda_description/meshes/visual/link2.dae
[2.276s] -- Installing: /home/sazma/ws_future/install/moveit_resources_panda_description/share/moveit_resources_panda_description/meshes/visual/finger.dae
[2.276s] -- Installing: /home/sazma/ws_future/install/moveit_resources_panda_description/share/moveit_resources_panda_description/meshes/visual/link5.dae
[2.277s] -- Installing: /home/sazma/ws_future/install/moveit_resources_panda_description/share/moveit_resources_panda_description/meshes/visual/link7.dae
[2.277s] -- Installing: /home/sazma/ws_future/install/moveit_resources_panda_description/share/moveit_resources_panda_description/meshes/visual/link6.dae
[2.277s] -- Installing: /home/sazma/ws_future/install/moveit_resources_panda_description/share/moveit_resources_panda_description/meshes/visual/link0.dae
[2.277s] -- Installing: /home/sazma/ws_future/install/moveit_resources_panda_description/share/moveit_resources_panda_description/urdf
[2.277s] -- Installing: /home/sazma/ws_future/install/moveit_resources_panda_description/share/moveit_resources_panda_description/urdf/panda.urdf
[2.277s] -- Installing: /home/sazma/ws_future/install/moveit_resources_panda_description/share/moveit_resources_panda_description/urdf/panda.urdf.xacro
[2.361s] Invoked command in '/home/sazma/ws_future/build/moveit_resources_panda_description' returned '0': CMAKE_PREFIX_PATH=${CMAKE_PREFIX_PATH}:/home/sazma/ws_future/install/tm_mod_urdf:/home/sazma/ws_future/install/tm_get_status:/home/sazma/ws_tm/install/tm_mod_urdf:/home/sazma/ws_tm/install/tm_get_status:/opt/ros/humble /usr/bin/cmake --install /home/sazma/ws_future/build/moveit_resources_panda_description
