[1.025s] Invoking command in '/home/sazma/ws_future/build/moveit_common': CMAKE_PREFIX_PATH=${CMAKE_PREFIX_PATH}:/home/sazma/ws_future/install/tm_mod_urdf:/home/sazma/ws_future/install/tm_get_status:/home/sazma/ws_tm/install/tm_mod_urdf:/home/sazma/ws_tm/install/tm_get_status:/opt/ros/humble /usr/bin/cmake /home/sazma/ws_future/src/moveit2/moveit_common -DCMAKE_INSTALL_PREFIX=/home/sazma/ws_future/install/moveit_common
[1.441s] -- Found ament_cmake: 1.3.5 (/opt/ros/humble/share/ament_cmake/cmake)
[1.442s] -- Found Python3: /usr/bin/python3.10 (found version "3.10.12") found components: Interpreter 
[1.442s] -- Found ament_lint_auto: 0.12.8 (/opt/ros/humble/share/ament_lint_auto/cmake)
[1.501s] -- Added test 'copyright' to check source files copyright and LICENSE
[1.504s] -- Added test 'lint_cmake' to check CMake code style
[1.506s] -- Added test 'xmllint' to check XML markup files
[1.510s] -- Configuring done
[1.514s] -- Generating done
[1.516s] -- Build files have been written to: /home/sazma/ws_future/build/moveit_common
[1.520s] Invoked command in '/home/sazma/ws_future/build/moveit_common' returned '0': CMAKE_PREFIX_PATH=${CMAKE_PREFIX_PATH}:/home/sazma/ws_future/install/tm_mod_urdf:/home/sazma/ws_future/install/tm_get_status:/home/sazma/ws_tm/install/tm_mod_urdf:/home/sazma/ws_tm/install/tm_get_status:/opt/ros/humble /usr/bin/cmake /home/sazma/ws_future/src/moveit2/moveit_common -DCMAKE_INSTALL_PREFIX=/home/sazma/ws_future/install/moveit_common
[1.534s] Invoking command in '/home/sazma/ws_future/build/moveit_common': CMAKE_PREFIX_PATH=${CMAKE_PREFIX_PATH}:/home/sazma/ws_future/install/tm_mod_urdf:/home/sazma/ws_future/install/tm_get_status:/home/sazma/ws_tm/install/tm_mod_urdf:/home/sazma/ws_tm/install/tm_get_status:/opt/ros/humble /usr/bin/cmake --build /home/sazma/ws_future/build/moveit_common -- -j12 -l12
[2.141s] Invoked command in '/home/sazma/ws_future/build/moveit_common' returned '0': CMAKE_PREFIX_PATH=${CMAKE_PREFIX_PATH}:/home/sazma/ws_future/install/tm_mod_urdf:/home/sazma/ws_future/install/tm_get_status:/home/sazma/ws_tm/install/tm_mod_urdf:/home/sazma/ws_tm/install/tm_get_status:/opt/ros/humble /usr/bin/cmake --build /home/sazma/ws_future/build/moveit_common -- -j12 -l12
[2.212s] Invoking command in '/home/sazma/ws_future/build/moveit_common': CMAKE_PREFIX_PATH=${CMAKE_PREFIX_PATH}:/home/sazma/ws_future/install/tm_mod_urdf:/home/sazma/ws_future/install/tm_get_status:/home/sazma/ws_tm/install/tm_mod_urdf:/home/sazma/ws_tm/install/tm_get_status:/opt/ros/humble /usr/bin/cmake --install /home/sazma/ws_future/build/moveit_common
[2.438s] -- Install configuration: ""
[2.438s] -- Installing: /home/sazma/ws_future/install/moveit_common/share/ament_index/resource_index/package_run_dependencies/moveit_common
[2.439s] -- Installing: /home/sazma/ws_future/install/moveit_common/share/ament_index/resource_index/parent_prefix_path/moveit_common
[2.439s] -- Installing: /home/sazma/ws_future/install/moveit_common/share/moveit_common/environment/ament_prefix_path.sh
[2.439s] -- Installing: /home/sazma/ws_future/install/moveit_common/share/moveit_common/environment/ament_prefix_path.dsv
[2.439s] -- Installing: /home/sazma/ws_future/install/moveit_common/share/moveit_common/environment/path.sh
[2.439s] -- Installing: /home/sazma/ws_future/install/moveit_common/share/moveit_common/environment/path.dsv
[2.439s] -- Installing: /home/sazma/ws_future/install/moveit_common/share/moveit_common/local_setup.bash
[2.439s] -- Installing: /home/sazma/ws_future/install/moveit_common/share/moveit_common/local_setup.sh
[2.439s] -- Installing: /home/sazma/ws_future/install/moveit_common/share/moveit_common/local_setup.zsh
[2.439s] -- Installing: /home/sazma/ws_future/install/moveit_common/share/moveit_common/local_setup.dsv
[2.439s] -- Installing: /home/sazma/ws_future/install/moveit_common/share/moveit_common/package.dsv
[2.439s] -- Installing: /home/sazma/ws_future/install/moveit_common/share/ament_index/resource_index/packages/moveit_common
[2.439s] -- Installing: /home/sazma/ws_future/install/moveit_common/share/moveit_common/cmake/moveit_common-extras.cmake
[2.439s] -- Installing: /home/sazma/ws_future/install/moveit_common/share/moveit_common/cmake/moveit_commonConfig.cmake
[2.439s] -- Installing: /home/sazma/ws_future/install/moveit_common/share/moveit_common/cmake/moveit_commonConfig-version.cmake
[2.439s] -- Installing: /home/sazma/ws_future/install/moveit_common/share/moveit_common/package.xml
[2.440s] -- Up-to-date: /home/sazma/ws_future/install/moveit_common/share/moveit_common/cmake
[2.440s] -- Installing: /home/sazma/ws_future/install/moveit_common/share/moveit_common/cmake/moveit_package.cmake
[2.446s] Invoked command in '/home/sazma/ws_future/build/moveit_common' returned '0': CMAKE_PREFIX_PATH=${CMAKE_PREFIX_PATH}:/home/sazma/ws_future/install/tm_mod_urdf:/home/sazma/ws_future/install/tm_get_status:/home/sazma/ws_tm/install/tm_mod_urdf:/home/sazma/ws_tm/install/tm_get_status:/opt/ros/humble /usr/bin/cmake --install /home/sazma/ws_future/build/moveit_common
