[0.000000] (-) TimerEvent: {}
[0.000173] (-) JobUnselected: {'identifier': 'chomp_motion_planner'}
[0.000212] (-) JobUnselected: {'identifier': 'custom_package'}
[0.000232] (-) JobUnselected: {'identifier': 'demo'}
[0.000247] (-) JobUnselected: {'identifier': 'demo_tmr5_900'}
[0.000261] (-) JobUnselected: {'identifier': 'dual_arm_panda_moveit_config'}
[0.000276] (-) JobUnselected: {'identifier': 'kinova_gen3_6dof_robotiq_2f_85_moveit_config'}
[0.000290] (-) JobUnselected: {'identifier': 'kinova_gen3_7dof_robotiq_2f_85_moveit_config'}
[0.000304] (-) JobUnselected: {'identifier': 'kortex_api'}
[0.000317] (-) JobUnselected: {'identifier': 'kortex_bringup'}
[0.000331] (-) JobUnselected: {'identifier': 'kortex_description'}
[0.000344] (-) JobUnselected: {'identifier': 'kortex_driver'}
[0.000358] (-) JobUnselected: {'identifier': 'moveit'}
[0.000371] (-) JobUnselected: {'identifier': 'moveit2_tutorials'}
[0.000385] (-) JobUnselected: {'identifier': 'moveit_chomp_optimizer_adapter'}
[0.000399] (-) JobUnselected: {'identifier': 'moveit_common'}
[0.000412] (-) JobUnselected: {'identifier': 'moveit_configs_utils'}
[0.000426] (-) JobUnselected: {'identifier': 'moveit_core'}
[0.000439] (-) JobUnselected: {'identifier': 'moveit_hybrid_planning'}
[0.000453] (-) JobUnselected: {'identifier': 'moveit_kinematics'}
[0.000467] (-) JobUnselected: {'identifier': 'moveit_msgs'}
[0.000481] (-) JobUnselected: {'identifier': 'moveit_planners'}
[0.000494] (-) JobUnselected: {'identifier': 'moveit_planners_chomp'}
[0.000508] (-) JobUnselected: {'identifier': 'moveit_planners_ompl'}
[0.000521] (-) JobUnselected: {'identifier': 'moveit_planners_stomp'}
[0.000534] (-) JobUnselected: {'identifier': 'moveit_plugins'}
[0.000548] (-) JobUnselected: {'identifier': 'moveit_py'}
[0.000561] (-) JobUnselected: {'identifier': 'moveit_resources'}
[0.000575] (-) JobUnselected: {'identifier': 'moveit_resources_fanuc_description'}
[0.000589] (-) JobUnselected: {'identifier': 'moveit_resources_fanuc_moveit_config'}
[0.000602] (-) JobUnselected: {'identifier': 'moveit_resources_panda_description'}
[0.000616] (-) JobUnselected: {'identifier': 'moveit_resources_panda_moveit_config'}
[0.000629] (-) JobUnselected: {'identifier': 'moveit_resources_pr2_description'}
[0.000643] (-) JobUnselected: {'identifier': 'moveit_resources_prbt_ikfast_manipulator_plugin'}
[0.000656] (-) JobUnselected: {'identifier': 'moveit_resources_prbt_moveit_config'}
[0.000669] (-) JobUnselected: {'identifier': 'moveit_resources_prbt_pg70_support'}
[0.000683] (-) JobUnselected: {'identifier': 'moveit_resources_prbt_support'}
[0.000696] (-) JobUnselected: {'identifier': 'moveit_ros'}
[0.000710] (-) JobUnselected: {'identifier': 'moveit_ros_benchmarks'}
[0.000723] (-) JobUnselected: {'identifier': 'moveit_ros_control_interface'}
[0.000736] (-) JobUnselected: {'identifier': 'moveit_ros_move_group'}
[0.000750] (-) JobUnselected: {'identifier': 'moveit_ros_occupancy_map_monitor'}
[0.000763] (-) JobUnselected: {'identifier': 'moveit_ros_perception'}
[0.000777] (-) JobUnselected: {'identifier': 'moveit_ros_planning'}
[0.000790] (-) JobUnselected: {'identifier': 'moveit_ros_planning_interface'}
[0.000804] (-) JobUnselected: {'identifier': 'moveit_ros_robot_interaction'}
[0.000817] (-) JobUnselected: {'identifier': 'moveit_ros_visualization'}
[0.000831] (-) JobUnselected: {'identifier': 'moveit_ros_warehouse'}
[0.000844] (-) JobUnselected: {'identifier': 'moveit_runtime'}
[0.000857] (-) JobUnselected: {'identifier': 'moveit_servo'}
[0.000871] (-) JobUnselected: {'identifier': 'moveit_setup_app_plugins'}
[0.000884] (-) JobUnselected: {'identifier': 'moveit_setup_assistant'}
[0.000897] (-) JobUnselected: {'identifier': 'moveit_setup_controllers'}
[0.000911] (-) JobUnselected: {'identifier': 'moveit_setup_core_plugins'}
[0.000924] (-) JobUnselected: {'identifier': 'moveit_setup_framework'}
[0.000938] (-) JobUnselected: {'identifier': 'moveit_setup_srdf_plugins'}
[0.000951] (-) JobUnselected: {'identifier': 'moveit_simple_controller_manager'}
[0.000964] (-) JobUnselected: {'identifier': 'moveit_task_constructor_capabilities'}
[0.000983] (-) JobUnselected: {'identifier': 'moveit_task_constructor_core'}
[0.000997] (-) JobUnselected: {'identifier': 'moveit_task_constructor_demo'}
[0.001011] (-) JobUnselected: {'identifier': 'moveit_task_constructor_msgs'}
[0.001025] (-) JobUnselected: {'identifier': 'moveit_task_constructor_visualization'}
[0.001038] (-) JobUnselected: {'identifier': 'moveit_visual_tools'}
[0.001052] (-) JobUnselected: {'identifier': 'mpu_6050'}
[0.001066] (-) JobUnselected: {'identifier': 'msg_store'}
[0.001079] (-) JobUnselected: {'identifier': 'pick_ik'}
[0.001099] (-) JobUnselected: {'identifier': 'pilz_industrial_motion_planner'}
[0.001114] (-) JobUnselected: {'identifier': 'pilz_industrial_motion_planner_testutils'}
[0.001129] (-) JobUnselected: {'identifier': 'py_pubsub'}
[0.001142] (-) JobUnselected: {'identifier': 'rviz_marker_tools'}
[0.001156] (-) JobUnselected: {'identifier': 'rviz_visual_tools'}
[0.001169] (-) JobUnselected: {'identifier': 'techman_robot_msgs'}
[0.001182] (-) JobUnselected: {'identifier': 'tm_description'}
[0.001196] (-) JobUnselected: {'identifier': 'tm_driver'}
[0.001209] (-) JobUnselected: {'identifier': 'tm_get_status'}
[0.001222] (-) JobUnselected: {'identifier': 'tm_mod_urdf'}
[0.001236] (-) JobUnselected: {'identifier': 'tm_moveit_config_tm12'}
[0.001249] (-) JobUnselected: {'identifier': 'tm_moveit_config_tm12x'}
[0.001268] (-) JobUnselected: {'identifier': 'tm_moveit_config_tm14'}
[0.001282] (-) JobUnselected: {'identifier': 'tm_moveit_config_tm14x'}
[0.001296] (-) JobUnselected: {'identifier': 'tm_moveit_config_tm5-700'}
[0.001309] (-) JobUnselected: {'identifier': 'tm_moveit_config_tm5-900'}
[0.001323] (-) JobUnselected: {'identifier': 'tm_moveit_config_tm5x-700'}
[0.001336] (-) JobUnselected: {'identifier': 'tm_moveit_config_tm5x-900'}
[0.001350] (-) JobUnselected: {'identifier': 'tm_moveit_cpp_demo'}
[0.001363] (-) JobUnselected: {'identifier': 'tm_msgs'}
[0.001376] (-) JobUnselected: {'identifier': 'ui_for_debug_and_demo'}
[0.001390] (-) EventReactorShutdown: {}
