[  1%] Built target gtest_main
[  3%] [34m[1mGenerating ../include/moveit/version.h, always_rebuild[0m
[  3%] Built target moveit_butterworth_parameters
[  5%] Built target gtest
[  6%] Built target moveit_exceptions
[  7%] Built target gmock
[  9%] Built target gmock_main
[ 10%] Built target moveit_smoothing_base
[ 13%] Built target moveit_utils
[ 14%] Built target moveit_transforms
[ 16%] Built target moveit_distance_field
[ 17%] Built target logger_dut
[ 18%] Built target logger_from_child_dut
[ 19%] Built target logger_from_only_child_dut
[ 20%] Built target test_transforms
[ 27%] Built target moveit_robot_model
[ 28%] [34m[1mGenerating version.h[0m
[ 29%] Built target test_voxel_grid
[ 30%] Built target test_distance_field
[ 30%] Built target version_h
[ 31%] Built target moveit_kinematics_base
[ 32%] Built target moveit_butterworth_filter
[ 33%] Built target moveit_version
[ 34%] Built target test_butterworth_filter
[ 35%] Built target moveit_test_utils
[ 37%] Built target moveit_robot_state
[ 39%] Built target test_robot_state_benchmark
[ 39%] Built target moveit_kinematics_metrics
[ 41%] Built target moveit_dynamics_solver
[ 42%] Built target moveit_robot_trajectory
[ 44%] Built target test_robot_model
[ 44%] Built target test_robot_state
[ 45%] Built target test_cartesian_interpolator
[ 46%] Built target test_robot_state_complex
[ 47%] Built target test_aabb
[ 48%] Built target robot_state_jacobian_benchmark
[ 54%] Built target moveit_collision_detection
[ 56%] Built target test_robot_trajectory
[ 58%] Built target moveit_planning_interface
[ 60%] Built target moveit_trajectory_processing
[ 61%] Built target test_world_diff
[ 62%] Built target test_world
[ 64%] Built target test_all_valid
[ 66%] Built target moveit_collision_detection_fcl
[ 70%] Built target moveit_collision_detection_bullet
[ 71%] Built target test_ruckig_traj_smoothing
[ 72%] Built target test_time_optimal_trajectory_generation
[ 73%] Built target test_fcl_collision_detection_panda
[ 74%] Built target test_fcl_collision_env
[ 75%] Built target moveit_kinematic_constraints
[ 76%] Built target test_bullet_collision_detection_panda
[ 77%] Built target test_fcl_collision_detection
[ 78%] Built target test_bullet_collision_detection
[ 79%] Built target test_bullet_continuous_collision_checking
[ 80%] Built target test_constraints
[ 81%] Built target test_orientation_constraints
[ 82%] Built target moveit_planning_scene
[ 83%] Built target test_planning_scene
[ 85%] Built target test_collision_objects
[ 87%] Built target test_multi_threaded
[ 88%] Built target moveit_planning_request_adapter
[ 89%] Built target collision_detector_bullet_plugin
[ 90%] Built target collision_detector_fcl_plugin
[ 93%] Built target moveit_constraint_samplers
[ 96%] Built target moveit_collision_distance_field
[ 97%] Built target test_planning_request_adapter_chain
[ 99%] Built target test_constraint_samplers
[100%] Built target test_collision_distance_field
