[0.000000] (-) TimerEvent: {}
[0.000102] (-) JobUnselected: {'identifier': 'chomp_motion_planner'}
[0.000129] (-) JobUnselected: {'identifier': 'cpp_pubsub'}
[0.000148] (-) JobUnselected: {'identifier': 'custom_package'}
[0.000164] (-) JobUnselected: {'identifier': 'demo'}
[0.000178] (-) JobUnselected: {'identifier': 'demo_tmr5_900'}
[0.000193] (-) JobUnselected: {'identifier': 'dual_arm_panda_moveit_config'}
[0.000208] (-) JobUnselected: {'identifier': 'kinova_gen3_6dof_robotiq_2f_85_moveit_config'}
[0.000223] (-) JobUnselected: {'identifier': 'kinova_gen3_7dof_robotiq_2f_85_moveit_config'}
[0.000238] (-) JobUnselected: {'identifier': 'kortex_api'}
[0.000252] (-) JobUnselected: {'identifier': 'kortex_bringup'}
[0.000266] (-) JobUnselected: {'identifier': 'kortex_description'}
[0.000281] (-) JobUnselected: {'identifier': 'kortex_driver'}
[0.000295] (-) JobUnselected: {'identifier': 'moveit'}
[0.000308] (-) JobUnselected: {'identifier': 'moveit2_tutorials'}
[0.000322] (-) JobUnselected: {'identifier': 'moveit_chomp_optimizer_adapter'}
[0.000337] (-) JobUnselected: {'identifier': 'moveit_common'}
[0.000351] (-) JobUnselected: {'identifier': 'moveit_configs_utils'}
[0.000365] (-) JobUnselected: {'identifier': 'moveit_core'}
[0.000379] (-) JobUnselected: {'identifier': 'moveit_hybrid_planning'}
[0.000393] (-) JobUnselected: {'identifier': 'moveit_kinematics'}
[0.000407] (-) JobUnselected: {'identifier': 'moveit_msgs'}
[0.000421] (-) JobUnselected: {'identifier': 'moveit_planners'}
[0.000435] (-) JobUnselected: {'identifier': 'moveit_planners_chomp'}
[0.000449] (-) JobUnselected: {'identifier': 'moveit_planners_ompl'}
[0.000463] (-) JobUnselected: {'identifier': 'moveit_planners_stomp'}
[0.000477] (-) JobUnselected: {'identifier': 'moveit_plugins'}
[0.000491] (-) JobUnselected: {'identifier': 'moveit_py'}
[0.000505] (-) JobUnselected: {'identifier': 'moveit_resources'}
[0.000519] (-) JobUnselected: {'identifier': 'moveit_resources_fanuc_description'}
[0.000533] (-) JobUnselected: {'identifier': 'moveit_resources_fanuc_moveit_config'}
[0.000547] (-) JobUnselected: {'identifier': 'moveit_resources_panda_description'}
[0.000561] (-) JobUnselected: {'identifier': 'moveit_resources_panda_moveit_config'}
[0.000575] (-) JobUnselected: {'identifier': 'moveit_resources_pr2_description'}
[0.000589] (-) JobUnselected: {'identifier': 'moveit_resources_prbt_ikfast_manipulator_plugin'}
[0.000603] (-) JobUnselected: {'identifier': 'moveit_resources_prbt_moveit_config'}
[0.000616] (-) JobUnselected: {'identifier': 'moveit_resources_prbt_pg70_support'}
[0.000630] (-) JobUnselected: {'identifier': 'moveit_resources_prbt_support'}
[0.000645] (-) JobUnselected: {'identifier': 'moveit_ros'}
[0.000658] (-) JobUnselected: {'identifier': 'moveit_ros_benchmarks'}
[0.000672] (-) JobUnselected: {'identifier': 'moveit_ros_control_interface'}
[0.000686] (-) JobUnselected: {'identifier': 'moveit_ros_move_group'}
[0.000700] (-) JobUnselected: {'identifier': 'moveit_ros_occupancy_map_monitor'}
[0.000714] (-) JobUnselected: {'identifier': 'moveit_ros_perception'}
[0.000728] (-) JobUnselected: {'identifier': 'moveit_ros_planning'}
[0.000742] (-) JobUnselected: {'identifier': 'moveit_ros_planning_interface'}
[0.000756] (-) JobUnselected: {'identifier': 'moveit_ros_robot_interaction'}
[0.000770] (-) JobUnselected: {'identifier': 'moveit_ros_visualization'}
[0.000784] (-) JobUnselected: {'identifier': 'moveit_ros_warehouse'}
[0.000798] (-) JobUnselected: {'identifier': 'moveit_runtime'}
[0.000812] (-) JobUnselected: {'identifier': 'moveit_servo'}
[0.000826] (-) JobUnselected: {'identifier': 'moveit_setup_app_plugins'}
[0.000839] (-) JobUnselected: {'identifier': 'moveit_setup_assistant'}
[0.000853] (-) JobUnselected: {'identifier': 'moveit_setup_controllers'}
[0.000867] (-) JobUnselected: {'identifier': 'moveit_setup_core_plugins'}
[0.000881] (-) JobUnselected: {'identifier': 'moveit_setup_framework'}
[0.000894] (-) JobUnselected: {'identifier': 'moveit_setup_srdf_plugins'}
[0.000908] (-) JobUnselected: {'identifier': 'moveit_simple_controller_manager'}
[0.000922] (-) JobUnselected: {'identifier': 'moveit_task_constructor_capabilities'}
[0.000942] (-) JobUnselected: {'identifier': 'moveit_task_constructor_core'}
[0.000956] (-) JobUnselected: {'identifier': 'moveit_task_constructor_demo'}
[0.000971] (-) JobUnselected: {'identifier': 'moveit_task_constructor_msgs'}
[0.000984] (-) JobUnselected: {'identifier': 'moveit_task_constructor_visualization'}
[0.000998] (-) JobUnselected: {'identifier': 'moveit_visual_tools'}
[0.001012] (-) JobUnselected: {'identifier': 'mpu_6050'}
[0.001026] (-) JobUnselected: {'identifier': 'mpu_6050'}
[0.001040] (-) JobUnselected: {'identifier': 'msg_store'}
[0.001054] (-) JobUnselected: {'identifier': 'pick_ik'}
[0.001068] (-) JobUnselected: {'identifier': 'pilz_industrial_motion_planner'}
[0.001082] (-) JobUnselected: {'identifier': 'pilz_industrial_motion_planner_testutils'}
[0.001095] (-) JobUnselected: {'identifier': 'py_pubsub'}
[0.001109] (-) JobUnselected: {'identifier': 'rviz_marker_tools'}
[0.001123] (-) JobUnselected: {'identifier': 'rviz_visual_tools'}
[0.001136] (-) JobUnselected: {'identifier': 'techman_robot_msgs'}
[0.001150] (-) JobUnselected: {'identifier': 'tm_description'}
[0.001164] (-) JobUnselected: {'identifier': 'tm_driver'}
[0.001177] (-) JobUnselected: {'identifier': 'tm_get_status'}
[0.001191] (-) JobUnselected: {'identifier': 'tm_mod_urdf'}
[0.001205] (-) JobUnselected: {'identifier': 'tm_moveit_config_tm12'}
[0.001224] (-) JobUnselected: {'identifier': 'tm_moveit_config_tm12x'}
[0.001239] (-) JobUnselected: {'identifier': 'tm_moveit_config_tm14'}
[0.001253] (-) JobUnselected: {'identifier': 'tm_moveit_config_tm14x'}
[0.001267] (-) JobUnselected: {'identifier': 'tm_moveit_config_tm5-700'}
[0.001280] (-) JobUnselected: {'identifier': 'tm_moveit_config_tm5-900'}
[0.001294] (-) JobUnselected: {'identifier': 'tm_moveit_config_tm5x-700'}
[0.001308] (-) JobUnselected: {'identifier': 'tm_moveit_config_tm5x-900'}
[0.001322] (-) JobUnselected: {'identifier': 'tm_moveit_cpp_demo'}
[0.001336] (-) JobUnselected: {'identifier': 'tm_msgs'}
[0.001349] (-) JobUnselected: {'identifier': 'ui_for_debug_and_demo'}
[0.001364] (-) EventReactorShutdown: {}
