-- Found ament_cmake: 1.3.5 (/opt/ros/humble/share/ament_cmake/cmake)
-- Found geometry_msgs: 4.2.3 (/opt/ros/humble/share/geometry_msgs/cmake)
-- Found rosidl_generator_c: 3.1.5 (/opt/ros/humble/share/rosidl_generator_c/cmake)
-- Found rosidl_adapter: 3.1.5 (/opt/ros/humble/share/rosidl_adapter/cmake)
-- Found rosidl_generator_cpp: 3.1.5 (/opt/ros/humble/share/rosidl_generator_cpp/cmake)
-- Using all available rosidl_typesupport_c: rosidl_typesupport_fastrtps_c;rosidl_typesupport_introspection_c
-- Using all available rosidl_typesupport_cpp: rosidl_typesupport_fastrtps_cpp;rosidl_typesupport_introspection_cpp
-- Found rosidl_default_generators: 1.2.0 (/opt/ros/humble/share/rosidl_default_generators/cmake)
-- Found ament_cmake_ros: 0.10.0 (/opt/ros/humble/share/ament_cmake_ros/cmake)
-- Using all available rosidl_typesupport_c: rosidl_typesupport_fastrtps_c;rosidl_typesupport_introspection_c
-- Using all available rosidl_typesupport_cpp: rosidl_typesupport_fastrtps_cpp;rosidl_typesupport_introspection_cpp
-- Found PythonInterp: /usr/bin/python3 (found suitable version "3.10.12", minimum required is "3.6") 
-- Found python_cmake_module: 0.10.0 (/opt/ros/humble/share/python_cmake_module/cmake)
-- Found PythonLibs: /usr/lib/x86_64-linux-gnu/libpython3.10.so (found suitable version "3.10.12", minimum required is "3.5") 
-- Using PYTHON_EXECUTABLE: /usr/bin/python3
-- Using PYTHON_INCLUDE_DIRS: /usr/include/python3.10
-- Using PYTHON_LIBRARIES: /usr/lib/x86_64-linux-gnu/libpython3.10.so
-- Found PythonExtra: .so  
-- Found ament_lint_auto: 0.12.8 (/opt/ros/humble/share/ament_lint_auto/cmake)
-- Added test 'lint_cmake' to check CMake code style
-- Added test 'xmllint' to check XML markup files
-- Configuring done
-- Generating done
-- Build files have been written to: /home/sazma/ws_future/build/msg_store
[  3%] [34m[1mGenerating C code for ROS interfaces[0m
[  6%] [34m[1mGenerating C++ code for ROS interfaces[0m
[  6%] Built target ament_cmake_python_copy_msg_store
running egg_info
creating msg_store.egg-info
writing msg_store.egg-info/PKG-INFO
writing dependency_links to msg_store.egg-info/dependency_links.txt
writing top-level names to msg_store.egg-info/top_level.txt
writing manifest file 'msg_store.egg-info/SOURCES.txt'
[  6%] Built target msg_store__cpp
[  9%] [32mBuilding C object CMakeFiles/msg_store__rosidl_generator_c.dir/rosidl_generator_c/msg_store/msg/detail/mpu__functions.c.o[0m
[ 19%] [34m[1mGenerating C++ type support dispatch for ROS interfaces[0m
[ 19%] [34m[1mGenerating C++ type support for eProsima Fast-RTPS[0m
[ 19%] [34m[1mGenerating C++ introspection for ROS interfaces[0m
reading manifest file 'msg_store.egg-info/SOURCES.txt'
writing manifest file 'msg_store.egg-info/SOURCES.txt'
[ 22%] [32m[1mLinking C shared library libmsg_store__rosidl_generator_c.so[0m
[ 22%] Built target ament_cmake_python_build_msg_store_egg
[ 22%] Built target msg_store__rosidl_generator_c
[ 32%] [34m[1mGenerating C type support for eProsima Fast-RTPS[0m
[ 32%] [34m[1mGenerating C introspection for ROS interfaces[0m
[ 32%] [34m[1mGenerating C type support dispatch for ROS interfaces[0m
[ 35%] [32mBuilding CXX object CMakeFiles/msg_store__rosidl_typesupport_cpp.dir/rosidl_typesupport_cpp/msg_store/msg/mpu__type_support.cpp.o[0m
[ 38%] [32mBuilding CXX object CMakeFiles/msg_store__rosidl_typesupport_introspection_cpp.dir/rosidl_typesupport_introspection_cpp/msg_store/msg/detail/mpu__type_support.cpp.o[0m
[ 41%] [32mBuilding CXX object CMakeFiles/msg_store__rosidl_typesupport_fastrtps_cpp.dir/rosidl_typesupport_fastrtps_cpp/msg_store/msg/detail/dds_fastrtps/mpu__type_support.cpp.o[0m
[ 45%] [32mBuilding CXX object CMakeFiles/msg_store__rosidl_typesupport_c.dir/rosidl_typesupport_c/msg_store/msg/mpu__type_support.cpp.o[0m
[ 51%] [32mBuilding C object CMakeFiles/msg_store__rosidl_typesupport_introspection_c.dir/rosidl_typesupport_introspection_c/msg_store/msg/detail/mpu__type_support.c.o[0m
[ 51%] [32mBuilding CXX object CMakeFiles/msg_store__rosidl_typesupport_fastrtps_c.dir/rosidl_typesupport_fastrtps_c/msg_store/msg/detail/mpu__type_support_c.cpp.o[0m
[ 54%] [32m[1mLinking CXX shared library libmsg_store__rosidl_typesupport_c.so[0m
[ 58%] [32m[1mLinking C shared library libmsg_store__rosidl_typesupport_introspection_c.so[0m
[ 58%] Built target msg_store__rosidl_typesupport_c
[ 58%] Built target msg_store__rosidl_typesupport_introspection_c
[ 61%] [32m[1mLinking CXX shared library libmsg_store__rosidl_typesupport_cpp.so[0m
[ 61%] Built target msg_store__rosidl_typesupport_cpp
[ 64%] [32m[1mLinking CXX shared library libmsg_store__rosidl_typesupport_introspection_cpp.so[0m
[ 67%] [32m[1mLinking CXX shared library libmsg_store__rosidl_typesupport_fastrtps_cpp.so[0m
[ 67%] Built target msg_store__rosidl_typesupport_introspection_cpp
[ 70%] [32m[1mLinking CXX shared library libmsg_store__rosidl_typesupport_fastrtps_c.so[0m
[ 70%] Built target msg_store__rosidl_typesupport_fastrtps_cpp
[ 70%] Built target msg_store__rosidl_typesupport_fastrtps_c
[ 70%] Built target msg_store
[ 74%] [34m[1mGenerating Python code for ROS interfaces[0m
[ 74%] Built target msg_store__py
[ 77%] [32mBuilding C object CMakeFiles/msg_store__rosidl_generator_py.dir/rosidl_generator_py/msg_store/msg/_mpu_s.c.o[0m
[ 80%] [32m[1mLinking C shared library rosidl_generator_py/msg_store/libmsg_store__rosidl_generator_py.so[0m
[ 80%] Built target msg_store__rosidl_generator_py
[ 90%] [32mBuilding C object CMakeFiles/msg_store__rosidl_typesupport_introspection_c__pyext.dir/rosidl_generator_py/msg_store/_msg_store_s.ep.rosidl_typesupport_introspection_c.c.o[0m
[ 90%] [32mBuilding C object CMakeFiles/msg_store__rosidl_typesupport_c__pyext.dir/rosidl_generator_py/msg_store/_msg_store_s.ep.rosidl_typesupport_c.c.o[0m
[ 90%] [32mBuilding C object CMakeFiles/msg_store__rosidl_typesupport_fastrtps_c__pyext.dir/rosidl_generator_py/msg_store/_msg_store_s.ep.rosidl_typesupport_fastrtps_c.c.o[0m
[ 93%] [32m[1mLinking C shared library rosidl_generator_py/msg_store/msg_store_s__rosidl_typesupport_fastrtps_c.cpython-310-x86_64-linux-gnu.so[0m
[ 96%] [32m[1mLinking C shared library rosidl_generator_py/msg_store/msg_store_s__rosidl_typesupport_introspection_c.cpython-310-x86_64-linux-gnu.so[0m
[100%] [32m[1mLinking C shared library rosidl_generator_py/msg_store/msg_store_s__rosidl_typesupport_c.cpython-310-x86_64-linux-gnu.so[0m
[100%] Built target msg_store__rosidl_typesupport_fastrtps_c__pyext
[100%] Built target msg_store__rosidl_typesupport_introspection_c__pyext
[100%] Built target msg_store__rosidl_typesupport_c__pyext
-- Install configuration: ""
-- Installing: /home/sazma/ws_future/install/msg_store/share/ament_index/resource_index/rosidl_interfaces/msg_store
-- Installing: /home/sazma/ws_future/install/msg_store/include/msg_store/msg_store
-- Installing: /home/sazma/ws_future/install/msg_store/include/msg_store/msg_store/msg
-- Installing: /home/sazma/ws_future/install/msg_store/include/msg_store/msg_store/msg/rosidl_generator_c__visibility_control.h
-- Installing: /home/sazma/ws_future/install/msg_store/include/msg_store/msg_store/msg/detail
-- Installing: /home/sazma/ws_future/install/msg_store/include/msg_store/msg_store/msg/detail/mpu__functions.c
-- Installing: /home/sazma/ws_future/install/msg_store/include/msg_store/msg_store/msg/detail/mpu__type_support.h
-- Installing: /home/sazma/ws_future/install/msg_store/include/msg_store/msg_store/msg/detail/mpu__struct.h
-- Installing: /home/sazma/ws_future/install/msg_store/include/msg_store/msg_store/msg/detail/mpu__functions.h
-- Installing: /home/sazma/ws_future/install/msg_store/include/msg_store/msg_store/msg/mpu.h
-- Installing: /home/sazma/ws_future/install/msg_store/share/msg_store/environment/library_path.sh
-- Installing: /home/sazma/ws_future/install/msg_store/share/msg_store/environment/library_path.dsv
-- Installing: /home/sazma/ws_future/install/msg_store/lib/libmsg_store__rosidl_generator_c.so
-- Set runtime path of "/home/sazma/ws_future/install/msg_store/lib/libmsg_store__rosidl_generator_c.so" to ""
-- Up-to-date: /home/sazma/ws_future/install/msg_store/include/msg_store/msg_store
-- Up-to-date: /home/sazma/ws_future/install/msg_store/include/msg_store/msg_store/msg
-- Up-to-date: /home/sazma/ws_future/install/msg_store/include/msg_store/msg_store/msg/detail
-- Installing: /home/sazma/ws_future/install/msg_store/include/msg_store/msg_store/msg/detail/mpu__rosidl_typesupport_fastrtps_c.h
-- Installing: /home/sazma/ws_future/install/msg_store/include/msg_store/msg_store/msg/rosidl_typesupport_fastrtps_c__visibility_control.h
-- Installing: /home/sazma/ws_future/install/msg_store/lib/libmsg_store__rosidl_typesupport_fastrtps_c.so
-- Set runtime path of "/home/sazma/ws_future/install/msg_store/lib/libmsg_store__rosidl_typesupport_fastrtps_c.so" to ""
-- Up-to-date: /home/sazma/ws_future/install/msg_store/include/msg_store/msg_store
-- Up-to-date: /home/sazma/ws_future/install/msg_store/include/msg_store/msg_store/msg
-- Up-to-date: /home/sazma/ws_future/install/msg_store/include/msg_store/msg_store/msg/detail
-- Installing: /home/sazma/ws_future/install/msg_store/include/msg_store/msg_store/msg/detail/mpu__builder.hpp
-- Installing: /home/sazma/ws_future/install/msg_store/include/msg_store/msg_store/msg/detail/mpu__traits.hpp
-- Installing: /home/sazma/ws_future/install/msg_store/include/msg_store/msg_store/msg/detail/mpu__struct.hpp
-- Installing: /home/sazma/ws_future/install/msg_store/include/msg_store/msg_store/msg/mpu.hpp
-- Up-to-date: /home/sazma/ws_future/install/msg_store/include/msg_store/msg_store
-- Up-to-date: /home/sazma/ws_future/install/msg_store/include/msg_store/msg_store/msg
-- Up-to-date: /home/sazma/ws_future/install/msg_store/include/msg_store/msg_store/msg/detail
-- Installing: /home/sazma/ws_future/install/msg_store/include/msg_store/msg_store/msg/detail/mpu__rosidl_typesupport_fastrtps_cpp.hpp
-- Installing: /home/sazma/ws_future/install/msg_store/include/msg_store/msg_store/msg/detail/dds_fastrtps
-- Installing: /home/sazma/ws_future/install/msg_store/include/msg_store/msg_store/msg/rosidl_typesupport_fastrtps_cpp__visibility_control.h
-- Installing: /home/sazma/ws_future/install/msg_store/lib/libmsg_store__rosidl_typesupport_fastrtps_cpp.so
-- Set runtime path of "/home/sazma/ws_future/install/msg_store/lib/libmsg_store__rosidl_typesupport_fastrtps_cpp.so" to ""
-- Up-to-date: /home/sazma/ws_future/install/msg_store/include/msg_store/msg_store
-- Up-to-date: /home/sazma/ws_future/install/msg_store/include/msg_store/msg_store/msg
-- Up-to-date: /home/sazma/ws_future/install/msg_store/include/msg_store/msg_store/msg/detail
-- Installing: /home/sazma/ws_future/install/msg_store/include/msg_store/msg_store/msg/detail/mpu__rosidl_typesupport_introspection_c.h
-- Installing: /home/sazma/ws_future/install/msg_store/include/msg_store/msg_store/msg/detail/mpu__type_support.c
-- Installing: /home/sazma/ws_future/install/msg_store/include/msg_store/msg_store/msg/rosidl_typesupport_introspection_c__visibility_control.h
-- Installing: /home/sazma/ws_future/install/msg_store/lib/libmsg_store__rosidl_typesupport_introspection_c.so
-- Set runtime path of "/home/sazma/ws_future/install/msg_store/lib/libmsg_store__rosidl_typesupport_introspection_c.so" to ""
-- Installing: /home/sazma/ws_future/install/msg_store/lib/libmsg_store__rosidl_typesupport_c.so
-- Set runtime path of "/home/sazma/ws_future/install/msg_store/lib/libmsg_store__rosidl_typesupport_c.so" to ""
-- Up-to-date: /home/sazma/ws_future/install/msg_store/include/msg_store/msg_store
-- Up-to-date: /home/sazma/ws_future/install/msg_store/include/msg_store/msg_store/msg
-- Up-to-date: /home/sazma/ws_future/install/msg_store/include/msg_store/msg_store/msg/detail
-- Installing: /home/sazma/ws_future/install/msg_store/include/msg_store/msg_store/msg/detail/mpu__type_support.cpp
-- Installing: /home/sazma/ws_future/install/msg_store/include/msg_store/msg_store/msg/detail/mpu__rosidl_typesupport_introspection_cpp.hpp
-- Installing: /home/sazma/ws_future/install/msg_store/lib/libmsg_store__rosidl_typesupport_introspection_cpp.so
-- Set runtime path of "/home/sazma/ws_future/install/msg_store/lib/libmsg_store__rosidl_typesupport_introspection_cpp.so" to ""
-- Installing: /home/sazma/ws_future/install/msg_store/lib/libmsg_store__rosidl_typesupport_cpp.so
-- Set runtime path of "/home/sazma/ws_future/install/msg_store/lib/libmsg_store__rosidl_typesupport_cpp.so" to ""
-- Installing: /home/sazma/ws_future/install/msg_store/share/msg_store/environment/pythonpath.sh
-- Installing: /home/sazma/ws_future/install/msg_store/share/msg_store/environment/pythonpath.dsv
-- Installing: /home/sazma/ws_future/install/msg_store/local/lib/python3.10/dist-packages/msg_store-0.0.0-py3.10.egg-info
-- Installing: /home/sazma/ws_future/install/msg_store/local/lib/python3.10/dist-packages/msg_store-0.0.0-py3.10.egg-info/SOURCES.txt
-- Installing: /home/sazma/ws_future/install/msg_store/local/lib/python3.10/dist-packages/msg_store-0.0.0-py3.10.egg-info/dependency_links.txt
-- Installing: /home/sazma/ws_future/install/msg_store/local/lib/python3.10/dist-packages/msg_store-0.0.0-py3.10.egg-info/top_level.txt
-- Installing: /home/sazma/ws_future/install/msg_store/local/lib/python3.10/dist-packages/msg_store-0.0.0-py3.10.egg-info/PKG-INFO
-- Installing: /home/sazma/ws_future/install/msg_store/local/lib/python3.10/dist-packages/msg_store
-- Installing: /home/sazma/ws_future/install/msg_store/local/lib/python3.10/dist-packages/msg_store/_msg_store_s.ep.rosidl_typesupport_introspection_c.c
-- Installing: /home/sazma/ws_future/install/msg_store/local/lib/python3.10/dist-packages/msg_store/msg
-- Installing: /home/sazma/ws_future/install/msg_store/local/lib/python3.10/dist-packages/msg_store/msg/__init__.py
-- Installing: /home/sazma/ws_future/install/msg_store/local/lib/python3.10/dist-packages/msg_store/msg/_mpu_s.c
-- Installing: /home/sazma/ws_future/install/msg_store/local/lib/python3.10/dist-packages/msg_store/msg/_mpu.py
-- Installing: /home/sazma/ws_future/install/msg_store/local/lib/python3.10/dist-packages/msg_store/_msg_store_s.ep.rosidl_typesupport_fastrtps_c.c
-- Installing: /home/sazma/ws_future/install/msg_store/local/lib/python3.10/dist-packages/msg_store/__init__.py
-- Installing: /home/sazma/ws_future/install/msg_store/local/lib/python3.10/dist-packages/msg_store/libmsg_store__rosidl_generator_py.so
-- Installing: /home/sazma/ws_future/install/msg_store/local/lib/python3.10/dist-packages/msg_store/msg_store_s__rosidl_typesupport_c.cpython-310-x86_64-linux-gnu.so
-- Installing: /home/sazma/ws_future/install/msg_store/local/lib/python3.10/dist-packages/msg_store/msg_store_s__rosidl_typesupport_fastrtps_c.cpython-310-x86_64-linux-gnu.so
-- Installing: /home/sazma/ws_future/install/msg_store/local/lib/python3.10/dist-packages/msg_store/_msg_store_s.ep.rosidl_typesupport_c.c
-- Installing: /home/sazma/ws_future/install/msg_store/local/lib/python3.10/dist-packages/msg_store/msg_store_s__rosidl_typesupport_introspection_c.cpython-310-x86_64-linux-gnu.so
Listing '/home/sazma/ws_future/install/msg_store/local/lib/python3.10/dist-packages/msg_store'...
Compiling '/home/sazma/ws_future/install/msg_store/local/lib/python3.10/dist-packages/msg_store/__init__.py'...
Listing '/home/sazma/ws_future/install/msg_store/local/lib/python3.10/dist-packages/msg_store/msg'...
Compiling '/home/sazma/ws_future/install/msg_store/local/lib/python3.10/dist-packages/msg_store/msg/__init__.py'...
Compiling '/home/sazma/ws_future/install/msg_store/local/lib/python3.10/dist-packages/msg_store/msg/_mpu.py'...
-- Installing: /home/sazma/ws_future/install/msg_store/local/lib/python3.10/dist-packages/msg_store/msg_store_s__rosidl_typesupport_fastrtps_c.cpython-310-x86_64-linux-gnu.so
-- Set runtime path of "/home/sazma/ws_future/install/msg_store/local/lib/python3.10/dist-packages/msg_store/msg_store_s__rosidl_typesupport_fastrtps_c.cpython-310-x86_64-linux-gnu.so" to ""
-- Installing: /home/sazma/ws_future/install/msg_store/local/lib/python3.10/dist-packages/msg_store/msg_store_s__rosidl_typesupport_introspection_c.cpython-310-x86_64-linux-gnu.so
-- Set runtime path of "/home/sazma/ws_future/install/msg_store/local/lib/python3.10/dist-packages/msg_store/msg_store_s__rosidl_typesupport_introspection_c.cpython-310-x86_64-linux-gnu.so" to ""
-- Installing: /home/sazma/ws_future/install/msg_store/local/lib/python3.10/dist-packages/msg_store/msg_store_s__rosidl_typesupport_c.cpython-310-x86_64-linux-gnu.so
-- Set runtime path of "/home/sazma/ws_future/install/msg_store/local/lib/python3.10/dist-packages/msg_store/msg_store_s__rosidl_typesupport_c.cpython-310-x86_64-linux-gnu.so" to ""
-- Installing: /home/sazma/ws_future/install/msg_store/lib/libmsg_store__rosidl_generator_py.so
-- Set runtime path of "/home/sazma/ws_future/install/msg_store/lib/libmsg_store__rosidl_generator_py.so" to ""
-- Installing: /home/sazma/ws_future/install/msg_store/share/msg_store/msg/Mpu.idl
-- Installing: /home/sazma/ws_future/install/msg_store/share/msg_store/msg/Mpu.msg
-- Installing: /home/sazma/ws_future/install/msg_store/share/ament_index/resource_index/package_run_dependencies/msg_store
-- Installing: /home/sazma/ws_future/install/msg_store/share/ament_index/resource_index/parent_prefix_path/msg_store
-- Installing: /home/sazma/ws_future/install/msg_store/share/msg_store/environment/ament_prefix_path.sh
-- Installing: /home/sazma/ws_future/install/msg_store/share/msg_store/environment/ament_prefix_path.dsv
-- Installing: /home/sazma/ws_future/install/msg_store/share/msg_store/environment/path.sh
-- Installing: /home/sazma/ws_future/install/msg_store/share/msg_store/environment/path.dsv
-- Installing: /home/sazma/ws_future/install/msg_store/share/msg_store/local_setup.bash
-- Installing: /home/sazma/ws_future/install/msg_store/share/msg_store/local_setup.sh
-- Installing: /home/sazma/ws_future/install/msg_store/share/msg_store/local_setup.zsh
-- Installing: /home/sazma/ws_future/install/msg_store/share/msg_store/local_setup.dsv
-- Installing: /home/sazma/ws_future/install/msg_store/share/msg_store/package.dsv
-- Installing: /home/sazma/ws_future/install/msg_store/share/ament_index/resource_index/packages/msg_store
-- Installing: /home/sazma/ws_future/install/msg_store/share/msg_store/cmake/export_msg_store__rosidl_generator_cExport.cmake
-- Installing: /home/sazma/ws_future/install/msg_store/share/msg_store/cmake/export_msg_store__rosidl_generator_cExport-noconfig.cmake
-- Installing: /home/sazma/ws_future/install/msg_store/share/msg_store/cmake/export_msg_store__rosidl_typesupport_fastrtps_cExport.cmake
-- Installing: /home/sazma/ws_future/install/msg_store/share/msg_store/cmake/export_msg_store__rosidl_typesupport_fastrtps_cExport-noconfig.cmake
-- Installing: /home/sazma/ws_future/install/msg_store/share/msg_store/cmake/export_msg_store__rosidl_generator_cppExport.cmake
-- Installing: /home/sazma/ws_future/install/msg_store/share/msg_store/cmake/export_msg_store__rosidl_typesupport_fastrtps_cppExport.cmake
-- Installing: /home/sazma/ws_future/install/msg_store/share/msg_store/cmake/export_msg_store__rosidl_typesupport_fastrtps_cppExport-noconfig.cmake
-- Installing: /home/sazma/ws_future/install/msg_store/share/msg_store/cmake/msg_store__rosidl_typesupport_introspection_cExport.cmake
-- Installing: /home/sazma/ws_future/install/msg_store/share/msg_store/cmake/msg_store__rosidl_typesupport_introspection_cExport-noconfig.cmake
-- Installing: /home/sazma/ws_future/install/msg_store/share/msg_store/cmake/msg_store__rosidl_typesupport_cExport.cmake
-- Installing: /home/sazma/ws_future/install/msg_store/share/msg_store/cmake/msg_store__rosidl_typesupport_cExport-noconfig.cmake
-- Installing: /home/sazma/ws_future/install/msg_store/share/msg_store/cmake/msg_store__rosidl_typesupport_introspection_cppExport.cmake
-- Installing: /home/sazma/ws_future/install/msg_store/share/msg_store/cmake/msg_store__rosidl_typesupport_introspection_cppExport-noconfig.cmake
-- Installing: /home/sazma/ws_future/install/msg_store/share/msg_store/cmake/msg_store__rosidl_typesupport_cppExport.cmake
-- Installing: /home/sazma/ws_future/install/msg_store/share/msg_store/cmake/msg_store__rosidl_typesupport_cppExport-noconfig.cmake
-- Installing: /home/sazma/ws_future/install/msg_store/share/msg_store/cmake/export_msg_store__rosidl_generator_pyExport.cmake
-- Installing: /home/sazma/ws_future/install/msg_store/share/msg_store/cmake/export_msg_store__rosidl_generator_pyExport-noconfig.cmake
-- Installing: /home/sazma/ws_future/install/msg_store/share/msg_store/cmake/rosidl_cmake-extras.cmake
-- Installing: /home/sazma/ws_future/install/msg_store/share/msg_store/cmake/ament_cmake_export_dependencies-extras.cmake
-- Installing: /home/sazma/ws_future/install/msg_store/share/msg_store/cmake/ament_cmake_export_include_directories-extras.cmake
-- Installing: /home/sazma/ws_future/install/msg_store/share/msg_store/cmake/ament_cmake_export_libraries-extras.cmake
-- Installing: /home/sazma/ws_future/install/msg_store/share/msg_store/cmake/ament_cmake_export_targets-extras.cmake
-- Installing: /home/sazma/ws_future/install/msg_store/share/msg_store/cmake/rosidl_cmake_export_typesupport_targets-extras.cmake
-- Installing: /home/sazma/ws_future/install/msg_store/share/msg_store/cmake/rosidl_cmake_export_typesupport_libraries-extras.cmake
-- Installing: /home/sazma/ws_future/install/msg_store/share/msg_store/cmake/msg_storeConfig.cmake
-- Installing: /home/sazma/ws_future/install/msg_store/share/msg_store/cmake/msg_storeConfig-version.cmake
-- Installing: /home/sazma/ws_future/install/msg_store/share/msg_store/package.xml
