[0.093s] Invoking command in '/home/sazma/ws_future/build/msg_store': CMAKE_PREFIX_PATH=${CMAKE_PREFIX_PATH}:/home/sazma/ws_future/install/tm_mod_urdf:/home/sazma/ws_future/install/tm_get_status:/home/sazma/ws_future/install/py_pubsub:/home/sazma/ws_future/install/mpu_6050:/home/sazma/ws_future/install/moveit_configs_utils:/opt/ros/humble /usr/bin/cmake /home/sazma/ws_future/src/msg_store -DCMAKE_INSTALL_PREFIX=/home/sazma/ws_future/install/msg_store
[0.106s] -- Found ament_cmake: 1.3.5 (/opt/ros/humble/share/ament_cmake/cmake)
[0.251s] -- Found geometry_msgs: 4.2.3 (/opt/ros/humble/share/geometry_msgs/cmake)
[0.275s] -- Found rosidl_generator_c: 3.1.5 (/opt/ros/humble/share/rosidl_generator_c/cmake)
[0.278s] -- Found rosidl_adapter: 3.1.5 (/opt/ros/humble/share/rosidl_adapter/cmake)
[0.283s] -- Found rosidl_generator_cpp: 3.1.5 (/opt/ros/humble/share/rosidl_generator_cpp/cmake)
[0.297s] -- Using all available rosidl_typesupport_c: rosidl_typesupport_fastrtps_c;rosidl_typesupport_introspection_c
[0.315s] -- Using all available rosidl_typesupport_cpp: rosidl_typesupport_fastrtps_cpp;rosidl_typesupport_introspection_cpp
[0.432s] -- Found rosidl_default_generators: 1.2.0 (/opt/ros/humble/share/rosidl_default_generators/cmake)
[0.723s] -- Found ament_cmake_ros: 0.10.0 (/opt/ros/humble/share/ament_cmake_ros/cmake)
[1.146s] -- Using all available rosidl_typesupport_c: rosidl_typesupport_fastrtps_c;rosidl_typesupport_introspection_c
[1.306s] -- Using all available rosidl_typesupport_cpp: rosidl_typesupport_fastrtps_cpp;rosidl_typesupport_introspection_cpp
[1.331s] -- Found PythonInterp: /usr/bin/python3 (found suitable version "3.10.12", minimum required is "3.6") 
[1.338s] -- Found python_cmake_module: 0.10.0 (/opt/ros/humble/share/python_cmake_module/cmake)
[1.368s] -- Found PythonLibs: /usr/lib/x86_64-linux-gnu/libpython3.10.so (found suitable version "3.10.12", minimum required is "3.5") 
[1.368s] -- Using PYTHON_EXECUTABLE: /usr/bin/python3
[1.368s] -- Using PYTHON_INCLUDE_DIRS: /usr/include/python3.10
[1.368s] -- Using PYTHON_LIBRARIES: /usr/lib/x86_64-linux-gnu/libpython3.10.so
[1.391s] -- Found PythonExtra: .so  
[1.516s] -- Found ament_lint_auto: 0.12.8 (/opt/ros/humble/share/ament_lint_auto/cmake)
[1.581s] -- Added test 'lint_cmake' to check CMake code style
[1.583s] -- Added test 'xmllint' to check XML markup files
[1.588s] -- Configuring done
[1.615s] -- Generating done
[1.617s] -- Build files have been written to: /home/sazma/ws_future/build/msg_store
[1.624s] Invoked command in '/home/sazma/ws_future/build/msg_store' returned '0': CMAKE_PREFIX_PATH=${CMAKE_PREFIX_PATH}:/home/sazma/ws_future/install/tm_mod_urdf:/home/sazma/ws_future/install/tm_get_status:/home/sazma/ws_future/install/py_pubsub:/home/sazma/ws_future/install/mpu_6050:/home/sazma/ws_future/install/moveit_configs_utils:/opt/ros/humble /usr/bin/cmake /home/sazma/ws_future/src/msg_store -DCMAKE_INSTALL_PREFIX=/home/sazma/ws_future/install/msg_store
[1.625s] Invoking command in '/home/sazma/ws_future/build/msg_store': CMAKE_PREFIX_PATH=${CMAKE_PREFIX_PATH}:/home/sazma/ws_future/install/tm_mod_urdf:/home/sazma/ws_future/install/tm_get_status:/home/sazma/ws_future/install/py_pubsub:/home/sazma/ws_future/install/mpu_6050:/home/sazma/ws_future/install/moveit_configs_utils:/opt/ros/humble /usr/bin/cmake --build /home/sazma/ws_future/build/msg_store -- -j12 -l12
[1.670s] [  3%] [34m[1mGenerating C code for ROS interfaces[0m
[1.683s] [  6%] [34m[1mGenerating C++ code for ROS interfaces[0m
[1.693s] [  6%] Built target ament_cmake_python_copy_msg_store
[1.898s] running egg_info
[1.899s] creating msg_store.egg-info
[1.916s] writing msg_store.egg-info/PKG-INFO
[1.917s] writing dependency_links to msg_store.egg-info/dependency_links.txt
[1.917s] writing top-level names to msg_store.egg-info/top_level.txt
[1.917s] writing manifest file 'msg_store.egg-info/SOURCES.txt'
[1.926s] [  6%] Built target msg_store__cpp
[1.929s] [  9%] [32mBuilding C object CMakeFiles/msg_store__rosidl_generator_c.dir/rosidl_generator_c/msg_store/msg/detail/mpu__functions.c.o[0m
[1.940s] [ 19%] [34m[1mGenerating C++ type support dispatch for ROS interfaces[0m
[1.940s] [ 19%] [34m[1mGenerating C++ type support for eProsima Fast-RTPS[0m
[1.940s] [ 19%] [34m[1mGenerating C++ introspection for ROS interfaces[0m
[1.968s] reading manifest file 'msg_store.egg-info/SOURCES.txt'
[1.969s] writing manifest file 'msg_store.egg-info/SOURCES.txt'
[1.978s] [ 22%] [32m[1mLinking C shared library libmsg_store__rosidl_generator_c.so[0m
[2.002s] [ 22%] Built target ament_cmake_python_build_msg_store_egg
[2.021s] [ 22%] Built target msg_store__rosidl_generator_c
[2.035s] [ 32%] [34m[1mGenerating C type support for eProsima Fast-RTPS[0m
[2.035s] [ 32%] [34m[1mGenerating C introspection for ROS interfaces[0m
[2.035s] [ 32%] [34m[1mGenerating C type support dispatch for ROS interfaces[0m
[2.173s] [ 35%] [32mBuilding CXX object CMakeFiles/msg_store__rosidl_typesupport_cpp.dir/rosidl_typesupport_cpp/msg_store/msg/mpu__type_support.cpp.o[0m
[2.192s] [ 38%] [32mBuilding CXX object CMakeFiles/msg_store__rosidl_typesupport_introspection_cpp.dir/rosidl_typesupport_introspection_cpp/msg_store/msg/detail/mpu__type_support.cpp.o[0m
[2.203s] [ 41%] [32mBuilding CXX object CMakeFiles/msg_store__rosidl_typesupport_fastrtps_cpp.dir/rosidl_typesupport_fastrtps_cpp/msg_store/msg/detail/dds_fastrtps/mpu__type_support.cpp.o[0m
[2.271s] [ 45%] [32mBuilding CXX object CMakeFiles/msg_store__rosidl_typesupport_c.dir/rosidl_typesupport_c/msg_store/msg/mpu__type_support.cpp.o[0m
[2.292s] [ 51%] [32mBuilding C object CMakeFiles/msg_store__rosidl_typesupport_introspection_c.dir/rosidl_typesupport_introspection_c/msg_store/msg/detail/mpu__type_support.c.o[0m
[2.292s] [ 51%] [32mBuilding CXX object CMakeFiles/msg_store__rosidl_typesupport_fastrtps_c.dir/rosidl_typesupport_fastrtps_c/msg_store/msg/detail/mpu__type_support_c.cpp.o[0m
[2.302s] [ 54%] [32m[1mLinking CXX shared library libmsg_store__rosidl_typesupport_c.so[0m
[2.327s] [ 58%] [32m[1mLinking C shared library libmsg_store__rosidl_typesupport_introspection_c.so[0m
[2.349s] [ 58%] Built target msg_store__rosidl_typesupport_c
[2.363s] [ 58%] Built target msg_store__rosidl_typesupport_introspection_c
[2.430s] [ 61%] [32m[1mLinking CXX shared library libmsg_store__rosidl_typesupport_cpp.so[0m
[2.474s] [ 61%] Built target msg_store__rosidl_typesupport_cpp
[2.549s] [ 64%] [32m[1mLinking CXX shared library libmsg_store__rosidl_typesupport_introspection_cpp.so[0m
[2.581s] [ 67%] [32m[1mLinking CXX shared library libmsg_store__rosidl_typesupport_fastrtps_cpp.so[0m
[2.592s] [ 67%] Built target msg_store__rosidl_typesupport_introspection_cpp
[2.606s] [ 70%] [32m[1mLinking CXX shared library libmsg_store__rosidl_typesupport_fastrtps_c.so[0m
[2.657s] [ 70%] Built target msg_store__rosidl_typesupport_fastrtps_cpp
[2.684s] [ 70%] Built target msg_store__rosidl_typesupport_fastrtps_c
[2.708s] [ 70%] Built target msg_store
[2.732s] [ 74%] [34m[1mGenerating Python code for ROS interfaces[0m
[3.025s] [ 74%] Built target msg_store__py
[3.050s] [ 77%] [32mBuilding C object CMakeFiles/msg_store__rosidl_generator_py.dir/rosidl_generator_py/msg_store/msg/_mpu_s.c.o[0m
[3.144s] [ 80%] [32m[1mLinking C shared library rosidl_generator_py/msg_store/libmsg_store__rosidl_generator_py.so[0m
[3.186s] [ 80%] Built target msg_store__rosidl_generator_py
[3.211s] [ 90%] [32mBuilding C object CMakeFiles/msg_store__rosidl_typesupport_introspection_c__pyext.dir/rosidl_generator_py/msg_store/_msg_store_s.ep.rosidl_typesupport_introspection_c.c.o[0m
[3.211s] [ 90%] [32mBuilding C object CMakeFiles/msg_store__rosidl_typesupport_c__pyext.dir/rosidl_generator_py/msg_store/_msg_store_s.ep.rosidl_typesupport_c.c.o[0m
[3.212s] [ 90%] [32mBuilding C object CMakeFiles/msg_store__rosidl_typesupport_fastrtps_c__pyext.dir/rosidl_generator_py/msg_store/_msg_store_s.ep.rosidl_typesupport_fastrtps_c.c.o[0m
[3.301s] [ 93%] [32m[1mLinking C shared library rosidl_generator_py/msg_store/msg_store_s__rosidl_typesupport_fastrtps_c.cpython-310-x86_64-linux-gnu.so[0m
[3.302s] [ 96%] [32m[1mLinking C shared library rosidl_generator_py/msg_store/msg_store_s__rosidl_typesupport_introspection_c.cpython-310-x86_64-linux-gnu.so[0m
[3.302s] [100%] [32m[1mLinking C shared library rosidl_generator_py/msg_store/msg_store_s__rosidl_typesupport_c.cpython-310-x86_64-linux-gnu.so[0m
[3.345s] [100%] Built target msg_store__rosidl_typesupport_fastrtps_c__pyext
[3.345s] [100%] Built target msg_store__rosidl_typesupport_introspection_c__pyext
[3.345s] [100%] Built target msg_store__rosidl_typesupport_c__pyext
[3.357s] Invoked command in '/home/sazma/ws_future/build/msg_store' returned '0': CMAKE_PREFIX_PATH=${CMAKE_PREFIX_PATH}:/home/sazma/ws_future/install/tm_mod_urdf:/home/sazma/ws_future/install/tm_get_status:/home/sazma/ws_future/install/py_pubsub:/home/sazma/ws_future/install/mpu_6050:/home/sazma/ws_future/install/moveit_configs_utils:/opt/ros/humble /usr/bin/cmake --build /home/sazma/ws_future/build/msg_store -- -j12 -l12
[3.466s] Invoking command in '/home/sazma/ws_future/build/msg_store': CMAKE_PREFIX_PATH=${CMAKE_PREFIX_PATH}:/home/sazma/ws_future/install/tm_mod_urdf:/home/sazma/ws_future/install/tm_get_status:/home/sazma/ws_future/install/py_pubsub:/home/sazma/ws_future/install/mpu_6050:/home/sazma/ws_future/install/moveit_configs_utils:/opt/ros/humble /usr/bin/cmake --install /home/sazma/ws_future/build/msg_store
[3.481s] -- Install configuration: ""
[3.482s] -- Installing: /home/sazma/ws_future/install/msg_store/share/ament_index/resource_index/rosidl_interfaces/msg_store
[3.482s] -- Installing: /home/sazma/ws_future/install/msg_store/include/msg_store/msg_store
[3.482s] -- Installing: /home/sazma/ws_future/install/msg_store/include/msg_store/msg_store/msg
[3.483s] -- Installing: /home/sazma/ws_future/install/msg_store/include/msg_store/msg_store/msg/rosidl_generator_c__visibility_control.h
[3.483s] -- Installing: /home/sazma/ws_future/install/msg_store/include/msg_store/msg_store/msg/detail
[3.483s] -- Installing: /home/sazma/ws_future/install/msg_store/include/msg_store/msg_store/msg/detail/mpu__functions.c
[3.483s] -- Installing: /home/sazma/ws_future/install/msg_store/include/msg_store/msg_store/msg/detail/mpu__type_support.h
[3.483s] -- Installing: /home/sazma/ws_future/install/msg_store/include/msg_store/msg_store/msg/detail/mpu__struct.h
[3.483s] -- Installing: /home/sazma/ws_future/install/msg_store/include/msg_store/msg_store/msg/detail/mpu__functions.h
[3.483s] -- Installing: /home/sazma/ws_future/install/msg_store/include/msg_store/msg_store/msg/mpu.h
[3.484s] -- Installing: /home/sazma/ws_future/install/msg_store/share/msg_store/environment/library_path.sh
[3.484s] -- Installing: /home/sazma/ws_future/install/msg_store/share/msg_store/environment/library_path.dsv
[3.484s] -- Installing: /home/sazma/ws_future/install/msg_store/lib/libmsg_store__rosidl_generator_c.so
[3.484s] -- Set runtime path of "/home/sazma/ws_future/install/msg_store/lib/libmsg_store__rosidl_generator_c.so" to ""
[3.484s] -- Up-to-date: /home/sazma/ws_future/install/msg_store/include/msg_store/msg_store
[3.484s] -- Up-to-date: /home/sazma/ws_future/install/msg_store/include/msg_store/msg_store/msg
[3.484s] -- Up-to-date: /home/sazma/ws_future/install/msg_store/include/msg_store/msg_store/msg/detail
[3.484s] -- Installing: /home/sazma/ws_future/install/msg_store/include/msg_store/msg_store/msg/detail/mpu__rosidl_typesupport_fastrtps_c.h
[3.485s] -- Installing: /home/sazma/ws_future/install/msg_store/include/msg_store/msg_store/msg/rosidl_typesupport_fastrtps_c__visibility_control.h
[3.485s] -- Installing: /home/sazma/ws_future/install/msg_store/lib/libmsg_store__rosidl_typesupport_fastrtps_c.so
[3.485s] -- Set runtime path of "/home/sazma/ws_future/install/msg_store/lib/libmsg_store__rosidl_typesupport_fastrtps_c.so" to ""
[3.485s] -- Up-to-date: /home/sazma/ws_future/install/msg_store/include/msg_store/msg_store
[3.485s] -- Up-to-date: /home/sazma/ws_future/install/msg_store/include/msg_store/msg_store/msg
[3.485s] -- Up-to-date: /home/sazma/ws_future/install/msg_store/include/msg_store/msg_store/msg/detail
[3.485s] -- Installing: /home/sazma/ws_future/install/msg_store/include/msg_store/msg_store/msg/detail/mpu__builder.hpp
[3.485s] -- Installing: /home/sazma/ws_future/install/msg_store/include/msg_store/msg_store/msg/detail/mpu__traits.hpp
[3.485s] -- Installing: /home/sazma/ws_future/install/msg_store/include/msg_store/msg_store/msg/detail/mpu__struct.hpp
[3.485s] -- Installing: /home/sazma/ws_future/install/msg_store/include/msg_store/msg_store/msg/mpu.hpp
[3.486s] -- Up-to-date: /home/sazma/ws_future/install/msg_store/include/msg_store/msg_store
[3.486s] -- Up-to-date: /home/sazma/ws_future/install/msg_store/include/msg_store/msg_store/msg
[3.486s] -- Up-to-date: /home/sazma/ws_future/install/msg_store/include/msg_store/msg_store/msg/detail
[3.486s] -- Installing: /home/sazma/ws_future/install/msg_store/include/msg_store/msg_store/msg/detail/mpu__rosidl_typesupport_fastrtps_cpp.hpp
[3.486s] -- Installing: /home/sazma/ws_future/install/msg_store/include/msg_store/msg_store/msg/detail/dds_fastrtps
[3.486s] -- Installing: /home/sazma/ws_future/install/msg_store/include/msg_store/msg_store/msg/rosidl_typesupport_fastrtps_cpp__visibility_control.h
[3.486s] -- Installing: /home/sazma/ws_future/install/msg_store/lib/libmsg_store__rosidl_typesupport_fastrtps_cpp.so
[3.486s] -- Set runtime path of "/home/sazma/ws_future/install/msg_store/lib/libmsg_store__rosidl_typesupport_fastrtps_cpp.so" to ""
[3.486s] -- Up-to-date: /home/sazma/ws_future/install/msg_store/include/msg_store/msg_store
[3.486s] -- Up-to-date: /home/sazma/ws_future/install/msg_store/include/msg_store/msg_store/msg
[3.486s] -- Up-to-date: /home/sazma/ws_future/install/msg_store/include/msg_store/msg_store/msg/detail
[3.486s] -- Installing: /home/sazma/ws_future/install/msg_store/include/msg_store/msg_store/msg/detail/mpu__rosidl_typesupport_introspection_c.h
[3.486s] -- Installing: /home/sazma/ws_future/install/msg_store/include/msg_store/msg_store/msg/detail/mpu__type_support.c
[3.486s] -- Installing: /home/sazma/ws_future/install/msg_store/include/msg_store/msg_store/msg/rosidl_typesupport_introspection_c__visibility_control.h
[3.486s] -- Installing: /home/sazma/ws_future/install/msg_store/lib/libmsg_store__rosidl_typesupport_introspection_c.so
[3.487s] -- Set runtime path of "/home/sazma/ws_future/install/msg_store/lib/libmsg_store__rosidl_typesupport_introspection_c.so" to ""
[3.487s] -- Installing: /home/sazma/ws_future/install/msg_store/lib/libmsg_store__rosidl_typesupport_c.so
[3.487s] -- Set runtime path of "/home/sazma/ws_future/install/msg_store/lib/libmsg_store__rosidl_typesupport_c.so" to ""
[3.487s] -- Up-to-date: /home/sazma/ws_future/install/msg_store/include/msg_store/msg_store
[3.487s] -- Up-to-date: /home/sazma/ws_future/install/msg_store/include/msg_store/msg_store/msg
[3.487s] -- Up-to-date: /home/sazma/ws_future/install/msg_store/include/msg_store/msg_store/msg/detail
[3.487s] -- Installing: /home/sazma/ws_future/install/msg_store/include/msg_store/msg_store/msg/detail/mpu__type_support.cpp
[3.487s] -- Installing: /home/sazma/ws_future/install/msg_store/include/msg_store/msg_store/msg/detail/mpu__rosidl_typesupport_introspection_cpp.hpp
[3.487s] -- Installing: /home/sazma/ws_future/install/msg_store/lib/libmsg_store__rosidl_typesupport_introspection_cpp.so
[3.487s] -- Set runtime path of "/home/sazma/ws_future/install/msg_store/lib/libmsg_store__rosidl_typesupport_introspection_cpp.so" to ""
[3.487s] -- Installing: /home/sazma/ws_future/install/msg_store/lib/libmsg_store__rosidl_typesupport_cpp.so
[3.487s] -- Set runtime path of "/home/sazma/ws_future/install/msg_store/lib/libmsg_store__rosidl_typesupport_cpp.so" to ""
[3.487s] -- Installing: /home/sazma/ws_future/install/msg_store/share/msg_store/environment/pythonpath.sh
[3.488s] -- Installing: /home/sazma/ws_future/install/msg_store/share/msg_store/environment/pythonpath.dsv
[3.488s] -- Installing: /home/sazma/ws_future/install/msg_store/local/lib/python3.10/dist-packages/msg_store-0.0.0-py3.10.egg-info
[3.488s] -- Installing: /home/sazma/ws_future/install/msg_store/local/lib/python3.10/dist-packages/msg_store-0.0.0-py3.10.egg-info/SOURCES.txt
[3.488s] -- Installing: /home/sazma/ws_future/install/msg_store/local/lib/python3.10/dist-packages/msg_store-0.0.0-py3.10.egg-info/dependency_links.txt
[3.488s] -- Installing: /home/sazma/ws_future/install/msg_store/local/lib/python3.10/dist-packages/msg_store-0.0.0-py3.10.egg-info/top_level.txt
[3.488s] -- Installing: /home/sazma/ws_future/install/msg_store/local/lib/python3.10/dist-packages/msg_store-0.0.0-py3.10.egg-info/PKG-INFO
[3.488s] -- Installing: /home/sazma/ws_future/install/msg_store/local/lib/python3.10/dist-packages/msg_store
[3.488s] -- Installing: /home/sazma/ws_future/install/msg_store/local/lib/python3.10/dist-packages/msg_store/_msg_store_s.ep.rosidl_typesupport_introspection_c.c
[3.488s] -- Installing: /home/sazma/ws_future/install/msg_store/local/lib/python3.10/dist-packages/msg_store/msg
[3.488s] -- Installing: /home/sazma/ws_future/install/msg_store/local/lib/python3.10/dist-packages/msg_store/msg/__init__.py
[3.488s] -- Installing: /home/sazma/ws_future/install/msg_store/local/lib/python3.10/dist-packages/msg_store/msg/_mpu_s.c
[3.488s] -- Installing: /home/sazma/ws_future/install/msg_store/local/lib/python3.10/dist-packages/msg_store/msg/_mpu.py
[3.489s] -- Installing: /home/sazma/ws_future/install/msg_store/local/lib/python3.10/dist-packages/msg_store/_msg_store_s.ep.rosidl_typesupport_fastrtps_c.c
[3.489s] -- Installing: /home/sazma/ws_future/install/msg_store/local/lib/python3.10/dist-packages/msg_store/__init__.py
[3.489s] -- Installing: /home/sazma/ws_future/install/msg_store/local/lib/python3.10/dist-packages/msg_store/libmsg_store__rosidl_generator_py.so
[3.489s] -- Installing: /home/sazma/ws_future/install/msg_store/local/lib/python3.10/dist-packages/msg_store/msg_store_s__rosidl_typesupport_c.cpython-310-x86_64-linux-gnu.so
[3.489s] -- Installing: /home/sazma/ws_future/install/msg_store/local/lib/python3.10/dist-packages/msg_store/msg_store_s__rosidl_typesupport_fastrtps_c.cpython-310-x86_64-linux-gnu.so
[3.489s] -- Installing: /home/sazma/ws_future/install/msg_store/local/lib/python3.10/dist-packages/msg_store/_msg_store_s.ep.rosidl_typesupport_c.c
[3.489s] -- Installing: /home/sazma/ws_future/install/msg_store/local/lib/python3.10/dist-packages/msg_store/msg_store_s__rosidl_typesupport_introspection_c.cpython-310-x86_64-linux-gnu.so
[3.525s] Listing '/home/sazma/ws_future/install/msg_store/local/lib/python3.10/dist-packages/msg_store'...
[3.525s] Compiling '/home/sazma/ws_future/install/msg_store/local/lib/python3.10/dist-packages/msg_store/__init__.py'...
[3.525s] Listing '/home/sazma/ws_future/install/msg_store/local/lib/python3.10/dist-packages/msg_store/msg'...
[3.525s] Compiling '/home/sazma/ws_future/install/msg_store/local/lib/python3.10/dist-packages/msg_store/msg/__init__.py'...
[3.525s] Compiling '/home/sazma/ws_future/install/msg_store/local/lib/python3.10/dist-packages/msg_store/msg/_mpu.py'...
[3.529s] -- Installing: /home/sazma/ws_future/install/msg_store/local/lib/python3.10/dist-packages/msg_store/msg_store_s__rosidl_typesupport_fastrtps_c.cpython-310-x86_64-linux-gnu.so
[3.529s] -- Set runtime path of "/home/sazma/ws_future/install/msg_store/local/lib/python3.10/dist-packages/msg_store/msg_store_s__rosidl_typesupport_fastrtps_c.cpython-310-x86_64-linux-gnu.so" to ""
[3.529s] -- Installing: /home/sazma/ws_future/install/msg_store/local/lib/python3.10/dist-packages/msg_store/msg_store_s__rosidl_typesupport_introspection_c.cpython-310-x86_64-linux-gnu.so
[3.530s] -- Set runtime path of "/home/sazma/ws_future/install/msg_store/local/lib/python3.10/dist-packages/msg_store/msg_store_s__rosidl_typesupport_introspection_c.cpython-310-x86_64-linux-gnu.so" to ""
[3.530s] -- Installing: /home/sazma/ws_future/install/msg_store/local/lib/python3.10/dist-packages/msg_store/msg_store_s__rosidl_typesupport_c.cpython-310-x86_64-linux-gnu.so
[3.530s] -- Set runtime path of "/home/sazma/ws_future/install/msg_store/local/lib/python3.10/dist-packages/msg_store/msg_store_s__rosidl_typesupport_c.cpython-310-x86_64-linux-gnu.so" to ""
[3.530s] -- Installing: /home/sazma/ws_future/install/msg_store/lib/libmsg_store__rosidl_generator_py.so
[3.530s] -- Set runtime path of "/home/sazma/ws_future/install/msg_store/lib/libmsg_store__rosidl_generator_py.so" to ""
[3.530s] -- Installing: /home/sazma/ws_future/install/msg_store/share/msg_store/msg/Mpu.idl
[3.530s] -- Installing: /home/sazma/ws_future/install/msg_store/share/msg_store/msg/Mpu.msg
[3.531s] -- Installing: /home/sazma/ws_future/install/msg_store/share/ament_index/resource_index/package_run_dependencies/msg_store
[3.531s] -- Installing: /home/sazma/ws_future/install/msg_store/share/ament_index/resource_index/parent_prefix_path/msg_store
[3.531s] -- Installing: /home/sazma/ws_future/install/msg_store/share/msg_store/environment/ament_prefix_path.sh
[3.531s] -- Installing: /home/sazma/ws_future/install/msg_store/share/msg_store/environment/ament_prefix_path.dsv
[3.531s] -- Installing: /home/sazma/ws_future/install/msg_store/share/msg_store/environment/path.sh
[3.531s] -- Installing: /home/sazma/ws_future/install/msg_store/share/msg_store/environment/path.dsv
[3.531s] -- Installing: /home/sazma/ws_future/install/msg_store/share/msg_store/local_setup.bash
[3.531s] -- Installing: /home/sazma/ws_future/install/msg_store/share/msg_store/local_setup.sh
[3.531s] -- Installing: /home/sazma/ws_future/install/msg_store/share/msg_store/local_setup.zsh
[3.531s] -- Installing: /home/sazma/ws_future/install/msg_store/share/msg_store/local_setup.dsv
[3.531s] -- Installing: /home/sazma/ws_future/install/msg_store/share/msg_store/package.dsv
[3.532s] -- Installing: /home/sazma/ws_future/install/msg_store/share/ament_index/resource_index/packages/msg_store
[3.532s] -- Installing: /home/sazma/ws_future/install/msg_store/share/msg_store/cmake/export_msg_store__rosidl_generator_cExport.cmake
[3.532s] -- Installing: /home/sazma/ws_future/install/msg_store/share/msg_store/cmake/export_msg_store__rosidl_generator_cExport-noconfig.cmake
[3.532s] -- Installing: /home/sazma/ws_future/install/msg_store/share/msg_store/cmake/export_msg_store__rosidl_typesupport_fastrtps_cExport.cmake
[3.532s] -- Installing: /home/sazma/ws_future/install/msg_store/share/msg_store/cmake/export_msg_store__rosidl_typesupport_fastrtps_cExport-noconfig.cmake
[3.532s] -- Installing: /home/sazma/ws_future/install/msg_store/share/msg_store/cmake/export_msg_store__rosidl_generator_cppExport.cmake
[3.532s] -- Installing: /home/sazma/ws_future/install/msg_store/share/msg_store/cmake/export_msg_store__rosidl_typesupport_fastrtps_cppExport.cmake
[3.532s] -- Installing: /home/sazma/ws_future/install/msg_store/share/msg_store/cmake/export_msg_store__rosidl_typesupport_fastrtps_cppExport-noconfig.cmake
[3.532s] -- Installing: /home/sazma/ws_future/install/msg_store/share/msg_store/cmake/msg_store__rosidl_typesupport_introspection_cExport.cmake
[3.533s] -- Installing: /home/sazma/ws_future/install/msg_store/share/msg_store/cmake/msg_store__rosidl_typesupport_introspection_cExport-noconfig.cmake
[3.533s] -- Installing: /home/sazma/ws_future/install/msg_store/share/msg_store/cmake/msg_store__rosidl_typesupport_cExport.cmake
[3.533s] -- Installing: /home/sazma/ws_future/install/msg_store/share/msg_store/cmake/msg_store__rosidl_typesupport_cExport-noconfig.cmake
[3.533s] -- Installing: /home/sazma/ws_future/install/msg_store/share/msg_store/cmake/msg_store__rosidl_typesupport_introspection_cppExport.cmake
[3.533s] -- Installing: /home/sazma/ws_future/install/msg_store/share/msg_store/cmake/msg_store__rosidl_typesupport_introspection_cppExport-noconfig.cmake
[3.533s] -- Installing: /home/sazma/ws_future/install/msg_store/share/msg_store/cmake/msg_store__rosidl_typesupport_cppExport.cmake
[3.533s] -- Installing: /home/sazma/ws_future/install/msg_store/share/msg_store/cmake/msg_store__rosidl_typesupport_cppExport-noconfig.cmake
[3.533s] -- Installing: /home/sazma/ws_future/install/msg_store/share/msg_store/cmake/export_msg_store__rosidl_generator_pyExport.cmake
[3.534s] -- Installing: /home/sazma/ws_future/install/msg_store/share/msg_store/cmake/export_msg_store__rosidl_generator_pyExport-noconfig.cmake
[3.534s] -- Installing: /home/sazma/ws_future/install/msg_store/share/msg_store/cmake/rosidl_cmake-extras.cmake
[3.534s] -- Installing: /home/sazma/ws_future/install/msg_store/share/msg_store/cmake/ament_cmake_export_dependencies-extras.cmake
[3.534s] -- Installing: /home/sazma/ws_future/install/msg_store/share/msg_store/cmake/ament_cmake_export_include_directories-extras.cmake
[3.534s] -- Installing: /home/sazma/ws_future/install/msg_store/share/msg_store/cmake/ament_cmake_export_libraries-extras.cmake
[3.534s] -- Installing: /home/sazma/ws_future/install/msg_store/share/msg_store/cmake/ament_cmake_export_targets-extras.cmake
[3.534s] -- Installing: /home/sazma/ws_future/install/msg_store/share/msg_store/cmake/rosidl_cmake_export_typesupport_targets-extras.cmake
[3.534s] -- Installing: /home/sazma/ws_future/install/msg_store/share/msg_store/cmake/rosidl_cmake_export_typesupport_libraries-extras.cmake
[3.534s] -- Installing: /home/sazma/ws_future/install/msg_store/share/msg_store/cmake/msg_storeConfig.cmake
[3.534s] -- Installing: /home/sazma/ws_future/install/msg_store/share/msg_store/cmake/msg_storeConfig-version.cmake
[3.534s] -- Installing: /home/sazma/ws_future/install/msg_store/share/msg_store/package.xml
[3.537s] Invoked command in '/home/sazma/ws_future/build/msg_store' returned '0': CMAKE_PREFIX_PATH=${CMAKE_PREFIX_PATH}:/home/sazma/ws_future/install/tm_mod_urdf:/home/sazma/ws_future/install/tm_get_status:/home/sazma/ws_future/install/py_pubsub:/home/sazma/ws_future/install/mpu_6050:/home/sazma/ws_future/install/moveit_configs_utils:/opt/ros/humble /usr/bin/cmake --install /home/sazma/ws_future/build/msg_store
