[0.000000] (-) TimerEvent: {}
[0.000101] (-) JobUnselected: {'identifier': 'chomp_motion_planner'}
[0.000128] (-) JobUnselected: {'identifier': 'custom_package'}
[0.000146] (-) JobUnselected: {'identifier': 'demo'}
[0.000163] (-) JobUnselected: {'identifier': 'demo_tmr5_900'}
[0.000178] (-) JobUnselected: {'identifier': 'dual_arm_panda_moveit_config'}
[0.000193] (-) JobUnselected: {'identifier': 'kinova_gen3_6dof_robotiq_2f_85_moveit_config'}
[0.000208] (-) JobUnselected: {'identifier': 'kinova_gen3_7dof_robotiq_2f_85_moveit_config'}
[0.000222] (-) JobUnselected: {'identifier': 'kortex_api'}
[0.000236] (-) JobUnselected: {'identifier': 'kortex_bringup'}
[0.000251] (-) JobUnselected: {'identifier': 'kortex_description'}
[0.000265] (-) JobUnselected: {'identifier': 'kortex_driver'}
[0.000279] (-) JobUnselected: {'identifier': 'moveit'}
[0.000293] (-) JobUnselected: {'identifier': 'moveit2_tutorials'}
[0.000308] (-) JobUnselected: {'identifier': 'moveit_chomp_optimizer_adapter'}
[0.000322] (-) JobUnselected: {'identifier': 'moveit_common'}
[0.000336] (-) JobUnselected: {'identifier': 'moveit_configs_utils'}
[0.000350] (-) JobUnselected: {'identifier': 'moveit_core'}
[0.000364] (-) JobUnselected: {'identifier': 'moveit_hybrid_planning'}
[0.000379] (-) JobUnselected: {'identifier': 'moveit_kinematics'}
[0.000396] (-) JobUnselected: {'identifier': 'moveit_msgs'}
[0.000411] (-) JobUnselected: {'identifier': 'moveit_planners'}
[0.000425] (-) JobUnselected: {'identifier': 'moveit_planners_chomp'}
[0.000439] (-) JobUnselected: {'identifier': 'moveit_planners_ompl'}
[0.000453] (-) JobUnselected: {'identifier': 'moveit_planners_stomp'}
[0.000467] (-) JobUnselected: {'identifier': 'moveit_plugins'}
[0.000481] (-) JobUnselected: {'identifier': 'moveit_py'}
[0.000495] (-) JobUnselected: {'identifier': 'moveit_resources'}
[0.000509] (-) JobUnselected: {'identifier': 'moveit_resources_fanuc_description'}
[0.000523] (-) JobUnselected: {'identifier': 'moveit_resources_fanuc_moveit_config'}
[0.000537] (-) JobUnselected: {'identifier': 'moveit_resources_panda_description'}
[0.000551] (-) JobUnselected: {'identifier': 'moveit_resources_panda_moveit_config'}
[0.000566] (-) JobUnselected: {'identifier': 'moveit_resources_pr2_description'}
[0.000580] (-) JobUnselected: {'identifier': 'moveit_resources_prbt_ikfast_manipulator_plugin'}
[0.000594] (-) JobUnselected: {'identifier': 'moveit_resources_prbt_moveit_config'}
[0.000608] (-) JobUnselected: {'identifier': 'moveit_resources_prbt_pg70_support'}
[0.000621] (-) JobUnselected: {'identifier': 'moveit_resources_prbt_support'}
[0.000636] (-) JobUnselected: {'identifier': 'moveit_ros'}
[0.000649] (-) JobUnselected: {'identifier': 'moveit_ros_benchmarks'}
[0.000663] (-) JobUnselected: {'identifier': 'moveit_ros_control_interface'}
[0.000677] (-) JobUnselected: {'identifier': 'moveit_ros_move_group'}
[0.000691] (-) JobUnselected: {'identifier': 'moveit_ros_occupancy_map_monitor'}
[0.000705] (-) JobUnselected: {'identifier': 'moveit_ros_perception'}
[0.000719] (-) JobUnselected: {'identifier': 'moveit_ros_planning'}
[0.000733] (-) JobUnselected: {'identifier': 'moveit_ros_planning_interface'}
[0.000747] (-) JobUnselected: {'identifier': 'moveit_ros_robot_interaction'}
[0.000761] (-) JobUnselected: {'identifier': 'moveit_ros_visualization'}
[0.000775] (-) JobUnselected: {'identifier': 'moveit_ros_warehouse'}
[0.000790] (-) JobUnselected: {'identifier': 'moveit_runtime'}
[0.000804] (-) JobUnselected: {'identifier': 'moveit_servo'}
[0.000818] (-) JobUnselected: {'identifier': 'moveit_setup_app_plugins'}
[0.000832] (-) JobUnselected: {'identifier': 'moveit_setup_assistant'}
[0.000846] (-) JobUnselected: {'identifier': 'moveit_setup_controllers'}
[0.000860] (-) JobUnselected: {'identifier': 'moveit_setup_core_plugins'}
[0.000874] (-) JobUnselected: {'identifier': 'moveit_setup_framework'}
[0.000888] (-) JobUnselected: {'identifier': 'moveit_setup_srdf_plugins'}
[0.000902] (-) JobUnselected: {'identifier': 'moveit_simple_controller_manager'}
[0.000916] (-) JobUnselected: {'identifier': 'moveit_task_constructor_capabilities'}
[0.000936] (-) JobUnselected: {'identifier': 'moveit_task_constructor_core'}
[0.000950] (-) JobUnselected: {'identifier': 'moveit_task_constructor_demo'}
[0.000964] (-) JobUnselected: {'identifier': 'moveit_task_constructor_msgs'}
[0.000978] (-) JobUnselected: {'identifier': 'moveit_task_constructor_visualization'}
[0.000992] (-) JobUnselected: {'identifier': 'moveit_visual_tools'}
[0.001006] (-) JobUnselected: {'identifier': 'pick_ik'}
[0.001020] (-) JobUnselected: {'identifier': 'pilz_industrial_motion_planner'}
[0.001034] (-) JobUnselected: {'identifier': 'pilz_industrial_motion_planner_testutils'}
[0.001048] (-) JobUnselected: {'identifier': 'rviz_marker_tools'}
[0.001062] (-) JobUnselected: {'identifier': 'rviz_visual_tools'}
[0.001076] (-) JobUnselected: {'identifier': 'techman_robot_msgs'}
[0.001090] (-) JobUnselected: {'identifier': 'tm_description'}
[0.001104] (-) JobUnselected: {'identifier': 'tm_driver'}
[0.001118] (-) JobUnselected: {'identifier': 'tm_get_status'}
[0.001132] (-) JobUnselected: {'identifier': 'tm_mod_urdf'}
[0.001146] (-) JobUnselected: {'identifier': 'tm_moveit_config_tm12'}
[0.001160] (-) JobUnselected: {'identifier': 'tm_moveit_config_tm12x'}
[0.001174] (-) JobUnselected: {'identifier': 'tm_moveit_config_tm14'}
[0.001188] (-) JobUnselected: {'identifier': 'tm_moveit_config_tm14x'}
[0.001202] (-) JobUnselected: {'identifier': 'tm_moveit_config_tm5-700'}
[0.001220] (-) JobUnselected: {'identifier': 'tm_moveit_config_tm5-900'}
[0.001235] (-) JobUnselected: {'identifier': 'tm_moveit_config_tm5x-700'}
[0.001249] (-) JobUnselected: {'identifier': 'tm_moveit_config_tm5x-900'}
[0.001263] (-) JobUnselected: {'identifier': 'tm_moveit_cpp_demo'}
[0.001277] (-) JobUnselected: {'identifier': 'tm_msgs'}
[0.001291] (-) JobUnselected: {'identifier': 'ui_for_debug_and_demo'}
[0.001306] (-) EventReactorShutdown: {}
