[0.000000] (-) TimerEvent: {}
[0.000109] (-) JobUnselected: {'identifier': 'MPU_6050'}
[0.000191] (-) JobUnselected: {'identifier': 'chomp_motion_planner'}
[0.000251] (-) JobUnselected: {'identifier': 'custom_package'}
[0.000269] (-) JobUnselected: {'identifier': 'demo'}
[0.000285] (-) JobUnselected: {'identifier': 'demo_tmr5_900'}
[0.000300] (-) JobUnselected: {'identifier': 'dual_arm_panda_moveit_config'}
[0.000315] (-) JobUnselected: {'identifier': 'kinova_gen3_6dof_robotiq_2f_85_moveit_config'}
[0.000330] (-) JobUnselected: {'identifier': 'kinova_gen3_7dof_robotiq_2f_85_moveit_config'}
[0.000345] (-) JobUnselected: {'identifier': 'kortex_api'}
[0.000359] (-) JobUnselected: {'identifier': 'kortex_bringup'}
[0.000374] (-) JobUnselected: {'identifier': 'kortex_description'}
[0.000388] (-) JobUnselected: {'identifier': 'kortex_driver'}
[0.000403] (-) JobUnselected: {'identifier': 'moveit'}
[0.000417] (-) JobUnselected: {'identifier': 'moveit2_tutorials'}
[0.000432] (-) JobUnselected: {'identifier': 'moveit_chomp_optimizer_adapter'}
[0.000446] (-) JobUnselected: {'identifier': 'moveit_common'}
[0.000461] (-) JobUnselected: {'identifier': 'moveit_configs_utils'}
[0.000475] (-) JobUnselected: {'identifier': 'moveit_core'}
[0.000490] (-) JobUnselected: {'identifier': 'moveit_hybrid_planning'}
[0.000508] (-) JobUnselected: {'identifier': 'moveit_kinematics'}
[0.000523] (-) JobUnselected: {'identifier': 'moveit_msgs'}
[0.000538] (-) JobUnselected: {'identifier': 'moveit_planners'}
[0.000552] (-) JobUnselected: {'identifier': 'moveit_planners_chomp'}
[0.000566] (-) JobUnselected: {'identifier': 'moveit_planners_ompl'}
[0.000581] (-) JobUnselected: {'identifier': 'moveit_planners_stomp'}
[0.000595] (-) JobUnselected: {'identifier': 'moveit_plugins'}
[0.000609] (-) JobUnselected: {'identifier': 'moveit_py'}
[0.000624] (-) JobUnselected: {'identifier': 'moveit_resources'}
[0.000638] (-) JobUnselected: {'identifier': 'moveit_resources_fanuc_description'}
[0.000653] (-) JobUnselected: {'identifier': 'moveit_resources_fanuc_moveit_config'}
[0.000667] (-) JobUnselected: {'identifier': 'moveit_resources_panda_description'}
[0.000682] (-) JobUnselected: {'identifier': 'moveit_resources_panda_moveit_config'}
[0.000697] (-) JobUnselected: {'identifier': 'moveit_resources_pr2_description'}
[0.000711] (-) JobUnselected: {'identifier': 'moveit_resources_prbt_ikfast_manipulator_plugin'}
[0.000726] (-) JobUnselected: {'identifier': 'moveit_resources_prbt_moveit_config'}
[0.000740] (-) JobUnselected: {'identifier': 'moveit_resources_prbt_pg70_support'}
[0.000754] (-) JobUnselected: {'identifier': 'moveit_resources_prbt_support'}
[0.000769] (-) JobUnselected: {'identifier': 'moveit_ros'}
[0.000783] (-) JobUnselected: {'identifier': 'moveit_ros_benchmarks'}
[0.000797] (-) JobUnselected: {'identifier': 'moveit_ros_control_interface'}
[0.000812] (-) JobUnselected: {'identifier': 'moveit_ros_move_group'}
[0.000826] (-) JobUnselected: {'identifier': 'moveit_ros_occupancy_map_monitor'}
[0.000840] (-) JobUnselected: {'identifier': 'moveit_ros_perception'}
[0.000855] (-) JobUnselected: {'identifier': 'moveit_ros_planning'}
[0.000869] (-) JobUnselected: {'identifier': 'moveit_ros_planning_interface'}
[0.000883] (-) JobUnselected: {'identifier': 'moveit_ros_robot_interaction'}
[0.000898] (-) JobUnselected: {'identifier': 'moveit_ros_visualization'}
[0.000912] (-) JobUnselected: {'identifier': 'moveit_ros_warehouse'}
[0.000926] (-) JobUnselected: {'identifier': 'moveit_runtime'}
[0.000941] (-) JobUnselected: {'identifier': 'moveit_servo'}
[0.000955] (-) JobUnselected: {'identifier': 'moveit_setup_app_plugins'}
[0.000970] (-) JobUnselected: {'identifier': 'moveit_setup_assistant'}
[0.000984] (-) JobUnselected: {'identifier': 'moveit_setup_controllers'}
[0.000998] (-) JobUnselected: {'identifier': 'moveit_setup_core_plugins'}
[0.001013] (-) JobUnselected: {'identifier': 'moveit_setup_framework'}
[0.001027] (-) JobUnselected: {'identifier': 'moveit_setup_srdf_plugins'}
[0.001041] (-) JobUnselected: {'identifier': 'moveit_simple_controller_manager'}
[0.001056] (-) JobUnselected: {'identifier': 'moveit_task_constructor_capabilities'}
[0.001131] (-) JobUnselected: {'identifier': 'moveit_task_constructor_core'}
[0.001148] (-) JobUnselected: {'identifier': 'moveit_task_constructor_demo'}
[0.001162] (-) JobUnselected: {'identifier': 'moveit_task_constructor_msgs'}
[0.001176] (-) JobUnselected: {'identifier': 'moveit_task_constructor_visualization'}
[0.001190] (-) JobUnselected: {'identifier': 'moveit_visual_tools'}
[0.001204] (-) JobUnselected: {'identifier': 'pick_ik'}
[0.001218] (-) JobUnselected: {'identifier': 'pilz_industrial_motion_planner'}
[0.001232] (-) JobUnselected: {'identifier': 'pilz_industrial_motion_planner_testutils'}
[0.001245] (-) JobUnselected: {'identifier': 'rviz_marker_tools'}
[0.001259] (-) JobUnselected: {'identifier': 'rviz_visual_tools'}
[0.001273] (-) JobUnselected: {'identifier': 'techman_robot_msgs'}
[0.001286] (-) JobUnselected: {'identifier': 'tm_description'}
[0.001300] (-) JobUnselected: {'identifier': 'tm_driver'}
[0.001314] (-) JobUnselected: {'identifier': 'tm_get_status'}
[0.001328] (-) JobUnselected: {'identifier': 'tm_mod_urdf'}
[0.001342] (-) JobUnselected: {'identifier': 'tm_moveit_config_tm12'}
[0.001356] (-) JobUnselected: {'identifier': 'tm_moveit_config_tm12x'}
[0.001369] (-) JobUnselected: {'identifier': 'tm_moveit_config_tm14'}
[0.001383] (-) JobUnselected: {'identifier': 'tm_moveit_config_tm14x'}
[0.001406] (-) JobUnselected: {'identifier': 'tm_moveit_config_tm5-700'}
[0.001421] (-) JobUnselected: {'identifier': 'tm_moveit_config_tm5-900'}
[0.001434] (-) JobUnselected: {'identifier': 'tm_moveit_config_tm5x-700'}
[0.001455] (-) JobUnselected: {'identifier': 'tm_moveit_config_tm5x-900'}
[0.001470] (-) JobUnselected: {'identifier': 'tm_moveit_cpp_demo'}
[0.001484] (-) JobUnselected: {'identifier': 'tm_msgs'}
[0.001498] (-) JobUnselected: {'identifier': 'ui_for_debug_and_demo'}
[0.001512] (-) EventReactorShutdown: {}
