[0.769s] Invoking command in '/home/sazma/ws_future/src/mpu_6050': PYTHONPATH=/home/sazma/ws_future/build/mpu_6050/prefix_override:/home/sazma/ws_future/install/mpu_6050/lib/python3.10/site-packages:${PYTHONPATH} /usr/bin/python3 setup.py egg_info --egg-base ../../build/mpu_6050 build --build-base /home/sazma/ws_future/build/mpu_6050/build install --record /home/sazma/ws_future/build/mpu_6050/install.log --single-version-externally-managed
[1.004s] running egg_info
[1.004s] writing ../../build/mpu_6050/mpu_6050.egg-info/PKG-INFO
[1.005s] writing dependency_links to ../../build/mpu_6050/mpu_6050.egg-info/dependency_links.txt
[1.005s] writing entry points to ../../build/mpu_6050/mpu_6050.egg-info/entry_points.txt
[1.005s] writing requirements to ../../build/mpu_6050/mpu_6050.egg-info/requires.txt
[1.005s] writing top-level names to ../../build/mpu_6050/mpu_6050.egg-info/top_level.txt
[1.006s] reading manifest file '../../build/mpu_6050/mpu_6050.egg-info/SOURCES.txt'
[1.007s] writing manifest file '../../build/mpu_6050/mpu_6050.egg-info/SOURCES.txt'
[1.007s] running build
[1.007s] running build_py
[1.007s] copying mpu_6050/publisher_node.py -> /home/sazma/ws_future/build/mpu_6050/build/lib/mpu_6050
[1.007s] running install
[1.007s] /usr/lib/python3/dist-packages/setuptools/command/install.py:34: SetuptoolsDeprecationWarning: setup.py install is deprecated. Use build and pip and other standards-based tools.
[1.008s]   warnings.warn(
[1.008s] running install_lib
[1.008s] copying /home/sazma/ws_future/build/mpu_6050/build/lib/mpu_6050/publisher_node.py -> /home/sazma/ws_future/install/mpu_6050/lib/python3.10/site-packages/mpu_6050
[1.009s] byte-compiling /home/sazma/ws_future/install/mpu_6050/lib/python3.10/site-packages/mpu_6050/publisher_node.py to publisher_node.cpython-310.pyc
[1.009s] running install_egg_info
[1.010s] removing '/home/sazma/ws_future/install/mpu_6050/lib/python3.10/site-packages/mpu_6050-0.0.1-py3.10.egg-info' (and everything under it)
[1.011s] Copying ../../build/mpu_6050/mpu_6050.egg-info to /home/sazma/ws_future/install/mpu_6050/lib/python3.10/site-packages/mpu_6050-0.0.1-py3.10.egg-info
[1.011s] running install_scripts
[1.030s] Installing publisher_node script to /home/sazma/ws_future/install/mpu_6050/bin
[1.030s] writing list of installed files to '/home/sazma/ws_future/build/mpu_6050/install.log'
[1.049s] Invoked command in '/home/sazma/ws_future/src/mpu_6050' returned '0': PYTHONPATH=/home/sazma/ws_future/build/mpu_6050/prefix_override:/home/sazma/ws_future/install/mpu_6050/lib/python3.10/site-packages:${PYTHONPATH} /usr/bin/python3 setup.py egg_info --egg-base ../../build/mpu_6050 build --build-base /home/sazma/ws_future/build/mpu_6050/build install --record /home/sazma/ws_future/build/mpu_6050/install.log --single-version-externally-managed
