[0.373s] Invoking command in '/home/sazma/ws_future/build/moveit_ros_robot_interaction': AMENT_PREFIX_PATH=/home/sazma/ws_future/install/moveit_ros_planning:/home/sazma/ws_future/install/moveit_ros_occupancy_map_monitor:/home/sazma/ws_future/install/moveit_core:/home/sazma/ws_future/install/moveit_msgs:/home/sazma/ws_future/install/moveit_common:${AMENT_PREFIX_PATH} CMAKE_PREFIX_PATH=/home/sazma/ws_future/install/moveit_ros_planning:/home/sazma/ws_future/install/moveit_ros_occupancy_map_monitor:/home/sazma/ws_future/install/moveit_core:/home/sazma/ws_future/install/moveit_msgs:/home/sazma/ws_future/install/moveit_common:/home/sazma/ws_future/install/ui_for_debug_and_demo:/home/sazma/ws_future/install/tm_driver:/home/sazma/ws_future/install/demo:/home/sazma/ws_future/install/tm_msgs:/home/sazma/ws_future/install/tm_moveit_cpp_demo:/home/sazma/ws_future/install/tm_moveit_config_tm5x-900:/home/sazma/ws_future/install/tm_moveit_config_tm5x-700:/home/sazma/ws_future/install/tm_moveit_config_tm5-900:/home/sazma/ws_future/install/tm_moveit_config_tm5-700:/home/sazma/ws_future/install/tm_moveit_config_tm14x:/home/sazma/ws_future/install/tm_moveit_config_tm14:/home/sazma/ws_future/install/tm_moveit_config_tm12x:/home/sazma/ws_future/install/tm_moveit_config_tm12:/home/sazma/ws_future/install/tm_description:/home/sazma/ws_future/install/custom_package:/home/sazma/ws_future/install/techman_robot_msgs:/home/sazma/ws_tm/install/ui_for_debug_and_demo:/home/sazma/ws_tm/install/tm_driver:/home/sazma/ws_tm/install/demo:/home/sazma/ws_tm/install/tm_msgs:/home/sazma/ws_tm/install/tm_moveit_cpp_demo:/home/sazma/ws_tm/install/tm_moveit_config_tm5x-900:/home/sazma/ws_tm/install/tm_moveit_config_tm5x-700:/home/sazma/ws_tm/install/tm_moveit_config_tm5-900:/home/sazma/ws_tm/install/tm_moveit_config_tm5-700:/home/sazma/ws_tm/install/tm_moveit_config_tm14x:/home/sazma/ws_tm/install/tm_moveit_config_tm14:/home/sazma/ws_tm/install/tm_moveit_config_tm12x:/home/sazma/ws_tm/install/tm_moveit_config_tm12:/home/sazma/ws_tm/install/tm_description:/home/sazma/ws_tm/install/custom_package:/home/sazma/ws_tm/install/techman_robot_msgs:/home/sazma/ws_future/install/tm_mod_urdf:/home/sazma/ws_future/install/tm_get_status:/home/sazma/ws_tm/install/tm_mod_urdf:/home/sazma/ws_tm/install/tm_get_status:/opt/ros/humble LD_LIBRARY_PATH=/home/sazma/ws_future/install/moveit_ros_planning/lib:/home/sazma/ws_future/install/moveit_ros_occupancy_map_monitor/lib:/home/sazma/ws_future/install/moveit_core/lib:/home/sazma/ws_future/install/moveit_msgs/lib:${LD_LIBRARY_PATH} PATH=/home/sazma/ws_future/install/moveit_core/bin:${PATH} PYTHONPATH=/home/sazma/ws_future/install/moveit_msgs/local/lib/python3.10/dist-packages:${PYTHONPATH} /usr/bin/cmake /home/sazma/ws_future/src/moveit2/moveit_ros/robot_interaction -DCMAKE_INSTALL_PREFIX=/home/sazma/ws_future/install/moveit_ros_robot_interaction
[0.443s] -- The CXX compiler identification is GNU 11.4.0
[0.451s] -- Detecting CXX compiler ABI info
[0.530s] -- Detecting CXX compiler ABI info - done
[0.541s] -- Check for working CXX compiler: /usr/bin/c++ - skipped
[0.541s] -- Detecting CXX compile features
[0.542s] -- Detecting CXX compile features - done
[0.543s] -- Found moveit_common: 2.8.0 (/home/sazma/ws_future/install/moveit_common/share/moveit_common/cmake)
[0.547s] -- Found ament_cmake: 1.3.5 (/opt/ros/humble/share/ament_cmake/cmake)
[0.767s] -- Found Python3: /usr/bin/python3.10 (found version "3.10.12") found components: Interpreter 
[0.976s] -- Found libdw: /usr/lib/x86_64-linux-gnu/libdw.so  
[0.982s] -- Could NOT find libbfd (missing: LIBBFD_LIBRARY LIBBFD_INCLUDE_DIR) 
[0.983s] -- BACKWARD_HAS_UNWIND=1
[0.983s] -- BACKWARD_HAS_BACKTRACE=0
[0.983s] -- BACKWARD_HAS_BACKTRACE_SYMBOL=0
[0.983s] -- BACKWARD_HAS_DW=1
[0.983s] -- BACKWARD_HAS_BFD=0
[0.983s] -- Found Backward: /opt/ros/humble/share/backward_ros/cmake  
[0.984s] [0mmoveit_ros_robot_interaction: You did not request a specific build type: Choosing 'Release' for maximum performance[0m
[0.984s] -- Found moveit_core: 2.8.0 (/home/sazma/ws_future/install/moveit_core/share/moveit_core/cmake)
[1.259s] -- Found Boost: /usr/lib/x86_64-linux-gnu/cmake/Boost-1.74.0/BoostConfig.cmake (found version "1.74.0") found components: chrono date_time filesystem iostreams program_options regex serialization system thread 
[1.324s] -- Found parameter_traits: 0.3.6 (/opt/ros/humble/share/parameter_traits/cmake)
[1.388s] -- Found rosidl_generator_c: 3.1.5 (/opt/ros/humble/share/rosidl_generator_c/cmake)
[1.397s] -- Found rosidl_adapter: 3.1.5 (/opt/ros/humble/share/rosidl_adapter/cmake)
[1.409s] -- Found rosidl_generator_cpp: 3.1.5 (/opt/ros/humble/share/rosidl_generator_cpp/cmake)
[1.428s] -- Using all available rosidl_typesupport_c: rosidl_typesupport_fastrtps_c;rosidl_typesupport_introspection_c
[1.455s] -- Using all available rosidl_typesupport_cpp: rosidl_typesupport_fastrtps_cpp;rosidl_typesupport_introspection_cpp
[1.551s] -- Found rmw_implementation_cmake: 6.1.1 (/opt/ros/humble/share/rmw_implementation_cmake/cmake)
[1.558s] -- Found rmw_fastrtps_cpp: 6.2.4 (/opt/ros/humble/share/rmw_fastrtps_cpp/cmake)
[1.680s] -- Found OpenSSL: /usr/lib/x86_64-linux-gnu/libcrypto.so (found version "3.0.2")  
[1.711s] -- Found FastRTPS: /opt/ros/humble/include  
[1.765s] -- Using RMW implementation 'rmw_fastrtps_cpp' as default
[1.782s] -- Found Threads: TRUE  
[1.979s] -- Found rclcpp_lifecycle: 16.0.6 (/opt/ros/humble/share/rclcpp_lifecycle/cmake)
[2.034s] -- Found Boost: /usr/lib/x86_64-linux-gnu/cmake/Boost-1.74.0/BoostConfig.cmake (found version "1.74.0") found components: filesystem 
[2.177s] -- library: /usr/lib/x86_64-linux-gnu/libcurl.so
[2.527s] -- Found Eigen3: TRUE (found version "3.4.0") 
[2.527s] -- Ensuring Eigen3 include directory is part of orocos-kdl CMake target
[3.748s] -- Found moveit_ros_planning: 2.8.0 (/home/sazma/ws_future/install/moveit_ros_planning/share/moveit_ros_planning/cmake)
[3.753s] -- Found Boost: /usr/lib/x86_64-linux-gnu/cmake/Boost-1.74.0/BoostConfig.cmake (found version "1.74.0") found components: system filesystem date_time program_options thread chrono 
[4.261s] -- Found interactive_markers: 2.3.2 (/opt/ros/humble/share/interactive_markers/cmake)
[4.275s] -- Performing Test COMPILER_HAS_HIDDEN_VISIBILITY
[4.370s] -- Performing Test COMPILER_HAS_HIDDEN_VISIBILITY - Success
[4.371s] -- Performing Test COMPILER_HAS_HIDDEN_INLINE_VISIBILITY
[4.470s] -- Performing Test COMPILER_HAS_HIDDEN_INLINE_VISIBILITY - Success
[4.470s] -- Performing Test COMPILER_HAS_DEPRECATED_ATTR
[4.584s] -- Performing Test COMPILER_HAS_DEPRECATED_ATTR - Success
[4.614s] -- Found ament_cmake_gtest: 1.3.5 (/opt/ros/humble/share/ament_cmake_gtest/cmake)
[4.624s] -- Found gtest sources under '/opt/ros/humble/src/gtest_vendor': C++ tests using 'Google Test' will be built
[4.674s] -- The C compiler identification is GNU 11.4.0
[4.683s] -- Detecting C compiler ABI info
[4.796s] -- Detecting C compiler ABI info - done
[4.804s] -- Check for working C compiler: /usr/bin/cc - skipped
[4.805s] -- Detecting C compile features
[4.805s] -- Detecting C compile features - done
[4.813s] -- Found ament_lint_auto: 0.12.8 (/opt/ros/humble/share/ament_lint_auto/cmake)
[4.843s] -- Added test 'cppcheck' to perform static code analysis on C / C++ code
[4.843s] -- Configured cppcheck include dirs: /home/sazma/ws_future/src/moveit2/moveit_ros/robot_interaction/include
[4.843s] -- Configured cppcheck exclude dirs and/or files: 
[4.845s] -- Added test 'lint_cmake' to check CMake code style
[4.846s] -- Added test 'xmllint' to check XML markup files
[4.849s] -- Configuring done
[4.897s] -- Generating done
[4.899s] -- Build files have been written to: /home/sazma/ws_future/build/moveit_ros_robot_interaction
[4.915s] Invoked command in '/home/sazma/ws_future/build/moveit_ros_robot_interaction' returned '0': AMENT_PREFIX_PATH=/home/sazma/ws_future/install/moveit_ros_planning:/home/sazma/ws_future/install/moveit_ros_occupancy_map_monitor:/home/sazma/ws_future/install/moveit_core:/home/sazma/ws_future/install/moveit_msgs:/home/sazma/ws_future/install/moveit_common:${AMENT_PREFIX_PATH} CMAKE_PREFIX_PATH=/home/sazma/ws_future/install/moveit_ros_planning:/home/sazma/ws_future/install/moveit_ros_occupancy_map_monitor:/home/sazma/ws_future/install/moveit_core:/home/sazma/ws_future/install/moveit_msgs:/home/sazma/ws_future/install/moveit_common:/home/sazma/ws_future/install/ui_for_debug_and_demo:/home/sazma/ws_future/install/tm_driver:/home/sazma/ws_future/install/demo:/home/sazma/ws_future/install/tm_msgs:/home/sazma/ws_future/install/tm_moveit_cpp_demo:/home/sazma/ws_future/install/tm_moveit_config_tm5x-900:/home/sazma/ws_future/install/tm_moveit_config_tm5x-700:/home/sazma/ws_future/install/tm_moveit_config_tm5-900:/home/sazma/ws_future/install/tm_moveit_config_tm5-700:/home/sazma/ws_future/install/tm_moveit_config_tm14x:/home/sazma/ws_future/install/tm_moveit_config_tm14:/home/sazma/ws_future/install/tm_moveit_config_tm12x:/home/sazma/ws_future/install/tm_moveit_config_tm12:/home/sazma/ws_future/install/tm_description:/home/sazma/ws_future/install/custom_package:/home/sazma/ws_future/install/techman_robot_msgs:/home/sazma/ws_tm/install/ui_for_debug_and_demo:/home/sazma/ws_tm/install/tm_driver:/home/sazma/ws_tm/install/demo:/home/sazma/ws_tm/install/tm_msgs:/home/sazma/ws_tm/install/tm_moveit_cpp_demo:/home/sazma/ws_tm/install/tm_moveit_config_tm5x-900:/home/sazma/ws_tm/install/tm_moveit_config_tm5x-700:/home/sazma/ws_tm/install/tm_moveit_config_tm5-900:/home/sazma/ws_tm/install/tm_moveit_config_tm5-700:/home/sazma/ws_tm/install/tm_moveit_config_tm14x:/home/sazma/ws_tm/install/tm_moveit_config_tm14:/home/sazma/ws_tm/install/tm_moveit_config_tm12x:/home/sazma/ws_tm/install/tm_moveit_config_tm12:/home/sazma/ws_tm/install/tm_description:/home/sazma/ws_tm/install/custom_package:/home/sazma/ws_tm/install/techman_robot_msgs:/home/sazma/ws_future/install/tm_mod_urdf:/home/sazma/ws_future/install/tm_get_status:/home/sazma/ws_tm/install/tm_mod_urdf:/home/sazma/ws_tm/install/tm_get_status:/opt/ros/humble LD_LIBRARY_PATH=/home/sazma/ws_future/install/moveit_ros_planning/lib:/home/sazma/ws_future/install/moveit_ros_occupancy_map_monitor/lib:/home/sazma/ws_future/install/moveit_core/lib:/home/sazma/ws_future/install/moveit_msgs/lib:${LD_LIBRARY_PATH} PATH=/home/sazma/ws_future/install/moveit_core/bin:${PATH} PYTHONPATH=/home/sazma/ws_future/install/moveit_msgs/local/lib/python3.10/dist-packages:${PYTHONPATH} /usr/bin/cmake /home/sazma/ws_future/src/moveit2/moveit_ros/robot_interaction -DCMAKE_INSTALL_PREFIX=/home/sazma/ws_future/install/moveit_ros_robot_interaction
[4.917s] Invoking command in '/home/sazma/ws_future/build/moveit_ros_robot_interaction': AMENT_PREFIX_PATH=/home/sazma/ws_future/install/moveit_ros_planning:/home/sazma/ws_future/install/moveit_ros_occupancy_map_monitor:/home/sazma/ws_future/install/moveit_core:/home/sazma/ws_future/install/moveit_msgs:/home/sazma/ws_future/install/moveit_common:${AMENT_PREFIX_PATH} CMAKE_PREFIX_PATH=/home/sazma/ws_future/install/moveit_ros_planning:/home/sazma/ws_future/install/moveit_ros_occupancy_map_monitor:/home/sazma/ws_future/install/moveit_core:/home/sazma/ws_future/install/moveit_msgs:/home/sazma/ws_future/install/moveit_common:/home/sazma/ws_future/install/ui_for_debug_and_demo:/home/sazma/ws_future/install/tm_driver:/home/sazma/ws_future/install/demo:/home/sazma/ws_future/install/tm_msgs:/home/sazma/ws_future/install/tm_moveit_cpp_demo:/home/sazma/ws_future/install/tm_moveit_config_tm5x-900:/home/sazma/ws_future/install/tm_moveit_config_tm5x-700:/home/sazma/ws_future/install/tm_moveit_config_tm5-900:/home/sazma/ws_future/install/tm_moveit_config_tm5-700:/home/sazma/ws_future/install/tm_moveit_config_tm14x:/home/sazma/ws_future/install/tm_moveit_config_tm14:/home/sazma/ws_future/install/tm_moveit_config_tm12x:/home/sazma/ws_future/install/tm_moveit_config_tm12:/home/sazma/ws_future/install/tm_description:/home/sazma/ws_future/install/custom_package:/home/sazma/ws_future/install/techman_robot_msgs:/home/sazma/ws_tm/install/ui_for_debug_and_demo:/home/sazma/ws_tm/install/tm_driver:/home/sazma/ws_tm/install/demo:/home/sazma/ws_tm/install/tm_msgs:/home/sazma/ws_tm/install/tm_moveit_cpp_demo:/home/sazma/ws_tm/install/tm_moveit_config_tm5x-900:/home/sazma/ws_tm/install/tm_moveit_config_tm5x-700:/home/sazma/ws_tm/install/tm_moveit_config_tm5-900:/home/sazma/ws_tm/install/tm_moveit_config_tm5-700:/home/sazma/ws_tm/install/tm_moveit_config_tm14x:/home/sazma/ws_tm/install/tm_moveit_config_tm14:/home/sazma/ws_tm/install/tm_moveit_config_tm12x:/home/sazma/ws_tm/install/tm_moveit_config_tm12:/home/sazma/ws_tm/install/tm_description:/home/sazma/ws_tm/install/custom_package:/home/sazma/ws_tm/install/techman_robot_msgs:/home/sazma/ws_future/install/tm_mod_urdf:/home/sazma/ws_future/install/tm_get_status:/home/sazma/ws_tm/install/tm_mod_urdf:/home/sazma/ws_tm/install/tm_get_status:/opt/ros/humble LD_LIBRARY_PATH=/home/sazma/ws_future/install/moveit_ros_planning/lib:/home/sazma/ws_future/install/moveit_ros_occupancy_map_monitor/lib:/home/sazma/ws_future/install/moveit_core/lib:/home/sazma/ws_future/install/moveit_msgs/lib:${LD_LIBRARY_PATH} PATH=/home/sazma/ws_future/install/moveit_core/bin:${PATH} PYTHONPATH=/home/sazma/ws_future/install/moveit_msgs/local/lib/python3.10/dist-packages:${PYTHONPATH} /usr/bin/cmake --build /home/sazma/ws_future/build/moveit_ros_robot_interaction -- -j12 -l12
[4.969s] [  7%] [32mBuilding CXX object CMakeFiles/moveit_robot_interaction.dir/src/interactive_marker_helpers.cpp.o[0m
[4.969s] [ 15%] [32mBuilding CXX object CMakeFiles/moveit_robot_interaction.dir/src/locked_robot_state.cpp.o[0m
[4.970s] [ 23%] [32mBuilding CXX object gtest/CMakeFiles/gtest.dir/src/gtest-all.cc.o[0m
[4.970s] [ 30%] [32mBuilding CXX object CMakeFiles/moveit_robot_interaction.dir/src/kinematic_options.cpp.o[0m
[4.970s] [ 38%] [32mBuilding CXX object CMakeFiles/moveit_robot_interaction.dir/src/interaction_handler.cpp.o[0m
[4.972s] [ 46%] [32mBuilding CXX object gtest/CMakeFiles/gtest_main.dir/src/gtest_main.cc.o[0m
[4.974s] [ 53%] [32mBuilding CXX object CMakeFiles/moveit_robot_interaction.dir/src/kinematic_options_map.cpp.o[0m
[4.976s] [ 61%] [32mBuilding CXX object CMakeFiles/moveit_robot_interaction.dir/src/robot_interaction.cpp.o[0m
[9.982s] [ 69%] [32m[1mLinking CXX static library libgtest_main.a[0m
[10.292s] [ 69%] Built target gtest_main
[48.073s] [ 76%] [32m[1mLinking CXX static library libgtest.a[0m
[48.188s] [ 76%] Built target gtest
[66.007s] [ 84%] [32m[1mLinking CXX shared library libmoveit_robot_interaction.so[0m
[66.348s] [ 84%] Built target moveit_robot_interaction
[66.371s] [ 92%] [32mBuilding CXX object CMakeFiles/locked_robot_state_test.dir/test/locked_robot_state_test.cpp.o[0m
[74.466s] [100%] [32m[1mLinking CXX executable locked_robot_state_test[0m
[74.811s] [100%] Built target locked_robot_state_test
[74.873s] Invoked command in '/home/sazma/ws_future/build/moveit_ros_robot_interaction' returned '0': AMENT_PREFIX_PATH=/home/sazma/ws_future/install/moveit_ros_planning:/home/sazma/ws_future/install/moveit_ros_occupancy_map_monitor:/home/sazma/ws_future/install/moveit_core:/home/sazma/ws_future/install/moveit_msgs:/home/sazma/ws_future/install/moveit_common:${AMENT_PREFIX_PATH} CMAKE_PREFIX_PATH=/home/sazma/ws_future/install/moveit_ros_planning:/home/sazma/ws_future/install/moveit_ros_occupancy_map_monitor:/home/sazma/ws_future/install/moveit_core:/home/sazma/ws_future/install/moveit_msgs:/home/sazma/ws_future/install/moveit_common:/home/sazma/ws_future/install/ui_for_debug_and_demo:/home/sazma/ws_future/install/tm_driver:/home/sazma/ws_future/install/demo:/home/sazma/ws_future/install/tm_msgs:/home/sazma/ws_future/install/tm_moveit_cpp_demo:/home/sazma/ws_future/install/tm_moveit_config_tm5x-900:/home/sazma/ws_future/install/tm_moveit_config_tm5x-700:/home/sazma/ws_future/install/tm_moveit_config_tm5-900:/home/sazma/ws_future/install/tm_moveit_config_tm5-700:/home/sazma/ws_future/install/tm_moveit_config_tm14x:/home/sazma/ws_future/install/tm_moveit_config_tm14:/home/sazma/ws_future/install/tm_moveit_config_tm12x:/home/sazma/ws_future/install/tm_moveit_config_tm12:/home/sazma/ws_future/install/tm_description:/home/sazma/ws_future/install/custom_package:/home/sazma/ws_future/install/techman_robot_msgs:/home/sazma/ws_tm/install/ui_for_debug_and_demo:/home/sazma/ws_tm/install/tm_driver:/home/sazma/ws_tm/install/demo:/home/sazma/ws_tm/install/tm_msgs:/home/sazma/ws_tm/install/tm_moveit_cpp_demo:/home/sazma/ws_tm/install/tm_moveit_config_tm5x-900:/home/sazma/ws_tm/install/tm_moveit_config_tm5x-700:/home/sazma/ws_tm/install/tm_moveit_config_tm5-900:/home/sazma/ws_tm/install/tm_moveit_config_tm5-700:/home/sazma/ws_tm/install/tm_moveit_config_tm14x:/home/sazma/ws_tm/install/tm_moveit_config_tm14:/home/sazma/ws_tm/install/tm_moveit_config_tm12x:/home/sazma/ws_tm/install/tm_moveit_config_tm12:/home/sazma/ws_tm/install/tm_description:/home/sazma/ws_tm/install/custom_package:/home/sazma/ws_tm/install/techman_robot_msgs:/home/sazma/ws_future/install/tm_mod_urdf:/home/sazma/ws_future/install/tm_get_status:/home/sazma/ws_tm/install/tm_mod_urdf:/home/sazma/ws_tm/install/tm_get_status:/opt/ros/humble LD_LIBRARY_PATH=/home/sazma/ws_future/install/moveit_ros_planning/lib:/home/sazma/ws_future/install/moveit_ros_occupancy_map_monitor/lib:/home/sazma/ws_future/install/moveit_core/lib:/home/sazma/ws_future/install/moveit_msgs/lib:${LD_LIBRARY_PATH} PATH=/home/sazma/ws_future/install/moveit_core/bin:${PATH} PYTHONPATH=/home/sazma/ws_future/install/moveit_msgs/local/lib/python3.10/dist-packages:${PYTHONPATH} /usr/bin/cmake --build /home/sazma/ws_future/build/moveit_ros_robot_interaction -- -j12 -l12
[74.939s] Invoking command in '/home/sazma/ws_future/build/moveit_ros_robot_interaction': AMENT_PREFIX_PATH=/home/sazma/ws_future/install/moveit_ros_planning:/home/sazma/ws_future/install/moveit_ros_occupancy_map_monitor:/home/sazma/ws_future/install/moveit_core:/home/sazma/ws_future/install/moveit_msgs:/home/sazma/ws_future/install/moveit_common:${AMENT_PREFIX_PATH} CMAKE_PREFIX_PATH=/home/sazma/ws_future/install/moveit_ros_planning:/home/sazma/ws_future/install/moveit_ros_occupancy_map_monitor:/home/sazma/ws_future/install/moveit_core:/home/sazma/ws_future/install/moveit_msgs:/home/sazma/ws_future/install/moveit_common:/home/sazma/ws_future/install/ui_for_debug_and_demo:/home/sazma/ws_future/install/tm_driver:/home/sazma/ws_future/install/demo:/home/sazma/ws_future/install/tm_msgs:/home/sazma/ws_future/install/tm_moveit_cpp_demo:/home/sazma/ws_future/install/tm_moveit_config_tm5x-900:/home/sazma/ws_future/install/tm_moveit_config_tm5x-700:/home/sazma/ws_future/install/tm_moveit_config_tm5-900:/home/sazma/ws_future/install/tm_moveit_config_tm5-700:/home/sazma/ws_future/install/tm_moveit_config_tm14x:/home/sazma/ws_future/install/tm_moveit_config_tm14:/home/sazma/ws_future/install/tm_moveit_config_tm12x:/home/sazma/ws_future/install/tm_moveit_config_tm12:/home/sazma/ws_future/install/tm_description:/home/sazma/ws_future/install/custom_package:/home/sazma/ws_future/install/techman_robot_msgs:/home/sazma/ws_tm/install/ui_for_debug_and_demo:/home/sazma/ws_tm/install/tm_driver:/home/sazma/ws_tm/install/demo:/home/sazma/ws_tm/install/tm_msgs:/home/sazma/ws_tm/install/tm_moveit_cpp_demo:/home/sazma/ws_tm/install/tm_moveit_config_tm5x-900:/home/sazma/ws_tm/install/tm_moveit_config_tm5x-700:/home/sazma/ws_tm/install/tm_moveit_config_tm5-900:/home/sazma/ws_tm/install/tm_moveit_config_tm5-700:/home/sazma/ws_tm/install/tm_moveit_config_tm14x:/home/sazma/ws_tm/install/tm_moveit_config_tm14:/home/sazma/ws_tm/install/tm_moveit_config_tm12x:/home/sazma/ws_tm/install/tm_moveit_config_tm12:/home/sazma/ws_tm/install/tm_description:/home/sazma/ws_tm/install/custom_package:/home/sazma/ws_tm/install/techman_robot_msgs:/home/sazma/ws_future/install/tm_mod_urdf:/home/sazma/ws_future/install/tm_get_status:/home/sazma/ws_tm/install/tm_mod_urdf:/home/sazma/ws_tm/install/tm_get_status:/opt/ros/humble LD_LIBRARY_PATH=/home/sazma/ws_future/install/moveit_ros_planning/lib:/home/sazma/ws_future/install/moveit_ros_occupancy_map_monitor/lib:/home/sazma/ws_future/install/moveit_core/lib:/home/sazma/ws_future/install/moveit_msgs/lib:${LD_LIBRARY_PATH} PATH=/home/sazma/ws_future/install/moveit_core/bin:${PATH} PYTHONPATH=/home/sazma/ws_future/install/moveit_msgs/local/lib/python3.10/dist-packages:${PYTHONPATH} /usr/bin/cmake --install /home/sazma/ws_future/build/moveit_ros_robot_interaction
[74.945s] -- Install configuration: "Release"
[74.946s] -- Installing: /home/sazma/ws_future/install/moveit_ros_robot_interaction/lib/libmoveit_robot_interaction.so.2.8.0
[74.948s] -- Set runtime path of "/home/sazma/ws_future/install/moveit_ros_robot_interaction/lib/libmoveit_robot_interaction.so.2.8.0" to ""
[74.948s] -- Installing: /home/sazma/ws_future/install/moveit_ros_robot_interaction/lib/libmoveit_robot_interaction.so
[74.948s] -- Installing: /home/sazma/ws_future/install/moveit_ros_robot_interaction/include/moveit_ros_robot_interaction
[74.948s] -- Installing: /home/sazma/ws_future/install/moveit_ros_robot_interaction/include/moveit_ros_robot_interaction/moveit
[74.949s] -- Installing: /home/sazma/ws_future/install/moveit_ros_robot_interaction/include/moveit_ros_robot_interaction/moveit/robot_interaction
[74.949s] -- Installing: /home/sazma/ws_future/install/moveit_ros_robot_interaction/include/moveit_ros_robot_interaction/moveit/robot_interaction/robot_interaction.h
[74.949s] -- Installing: /home/sazma/ws_future/install/moveit_ros_robot_interaction/include/moveit_ros_robot_interaction/moveit/robot_interaction/locked_robot_state.h
[74.949s] -- Installing: /home/sazma/ws_future/install/moveit_ros_robot_interaction/include/moveit_ros_robot_interaction/moveit/robot_interaction/kinematic_options_map.h
[74.949s] -- Installing: /home/sazma/ws_future/install/moveit_ros_robot_interaction/include/moveit_ros_robot_interaction/moveit/robot_interaction/interaction_handler.h
[74.949s] -- Installing: /home/sazma/ws_future/install/moveit_ros_robot_interaction/include/moveit_ros_robot_interaction/moveit/robot_interaction/kinematic_options.h
[74.949s] -- Installing: /home/sazma/ws_future/install/moveit_ros_robot_interaction/include/moveit_ros_robot_interaction/moveit/robot_interaction/interactive_marker_helpers.h
[74.949s] -- Installing: /home/sazma/ws_future/install/moveit_ros_robot_interaction/include/moveit_ros_robot_interaction/moveit/robot_interaction/interaction.h
[74.950s] -- Installing: /home/sazma/ws_future/install/moveit_ros_robot_interaction/include/moveit_ros_robot_interaction/moveit_robot_interaction_export.h
[74.950s] -- Installing: /home/sazma/ws_future/install/moveit_ros_robot_interaction/share/moveit_ros_robot_interaction/resources
[74.950s] -- Installing: /home/sazma/ws_future/install/moveit_ros_robot_interaction/share/moveit_ros_robot_interaction/resources/access-denied.dae
[74.950s] -- Installing: /home/sazma/ws_future/install/moveit_ros_robot_interaction/share/moveit_ros_robot_interaction/resources/access-denied.stl
[74.951s] -- Installing: /home/sazma/ws_future/install/moveit_ros_robot_interaction/share/moveit_ros_robot_interaction/environment/library_path.sh
[74.951s] -- Installing: /home/sazma/ws_future/install/moveit_ros_robot_interaction/share/moveit_ros_robot_interaction/environment/library_path.dsv
[74.952s] -- Installing: /home/sazma/ws_future/install/moveit_ros_robot_interaction/share/ament_index/resource_index/package_run_dependencies/moveit_ros_robot_interaction
[74.952s] -- Installing: /home/sazma/ws_future/install/moveit_ros_robot_interaction/share/ament_index/resource_index/parent_prefix_path/moveit_ros_robot_interaction
[74.953s] -- Installing: /home/sazma/ws_future/install/moveit_ros_robot_interaction/share/moveit_ros_robot_interaction/environment/ament_prefix_path.sh
[74.953s] -- Installing: /home/sazma/ws_future/install/moveit_ros_robot_interaction/share/moveit_ros_robot_interaction/environment/ament_prefix_path.dsv
[74.953s] -- Installing: /home/sazma/ws_future/install/moveit_ros_robot_interaction/share/moveit_ros_robot_interaction/environment/path.sh
[74.954s] -- Installing: /home/sazma/ws_future/install/moveit_ros_robot_interaction/share/moveit_ros_robot_interaction/environment/path.dsv
[74.954s] -- Installing: /home/sazma/ws_future/install/moveit_ros_robot_interaction/share/moveit_ros_robot_interaction/local_setup.bash
[74.954s] -- Installing: /home/sazma/ws_future/install/moveit_ros_robot_interaction/share/moveit_ros_robot_interaction/local_setup.sh
[74.954s] -- Installing: /home/sazma/ws_future/install/moveit_ros_robot_interaction/share/moveit_ros_robot_interaction/local_setup.zsh
[74.954s] -- Installing: /home/sazma/ws_future/install/moveit_ros_robot_interaction/share/moveit_ros_robot_interaction/local_setup.dsv
[74.955s] -- Installing: /home/sazma/ws_future/install/moveit_ros_robot_interaction/share/moveit_ros_robot_interaction/package.dsv
[74.955s] -- Installing: /home/sazma/ws_future/install/moveit_ros_robot_interaction/share/ament_index/resource_index/packages/moveit_ros_robot_interaction
[74.955s] -- Installing: /home/sazma/ws_future/install/moveit_ros_robot_interaction/share/moveit_ros_robot_interaction/cmake/moveit_ros_robot_interactionTargetsExport.cmake
[74.956s] -- Installing: /home/sazma/ws_future/install/moveit_ros_robot_interaction/share/moveit_ros_robot_interaction/cmake/moveit_ros_robot_interactionTargetsExport-release.cmake
[74.956s] -- Installing: /home/sazma/ws_future/install/moveit_ros_robot_interaction/share/moveit_ros_robot_interaction/cmake/ament_cmake_export_targets-extras.cmake
[74.956s] -- Installing: /home/sazma/ws_future/install/moveit_ros_robot_interaction/share/moveit_ros_robot_interaction/cmake/ament_cmake_export_dependencies-extras.cmake
[74.956s] -- Installing: /home/sazma/ws_future/install/moveit_ros_robot_interaction/share/moveit_ros_robot_interaction/cmake/moveit_ros_robot_interactionConfig.cmake
[74.957s] -- Installing: /home/sazma/ws_future/install/moveit_ros_robot_interaction/share/moveit_ros_robot_interaction/cmake/moveit_ros_robot_interactionConfig-version.cmake
[74.957s] -- Installing: /home/sazma/ws_future/install/moveit_ros_robot_interaction/share/moveit_ros_robot_interaction/package.xml
[74.967s] Invoked command in '/home/sazma/ws_future/build/moveit_ros_robot_interaction' returned '0': AMENT_PREFIX_PATH=/home/sazma/ws_future/install/moveit_ros_planning:/home/sazma/ws_future/install/moveit_ros_occupancy_map_monitor:/home/sazma/ws_future/install/moveit_core:/home/sazma/ws_future/install/moveit_msgs:/home/sazma/ws_future/install/moveit_common:${AMENT_PREFIX_PATH} CMAKE_PREFIX_PATH=/home/sazma/ws_future/install/moveit_ros_planning:/home/sazma/ws_future/install/moveit_ros_occupancy_map_monitor:/home/sazma/ws_future/install/moveit_core:/home/sazma/ws_future/install/moveit_msgs:/home/sazma/ws_future/install/moveit_common:/home/sazma/ws_future/install/ui_for_debug_and_demo:/home/sazma/ws_future/install/tm_driver:/home/sazma/ws_future/install/demo:/home/sazma/ws_future/install/tm_msgs:/home/sazma/ws_future/install/tm_moveit_cpp_demo:/home/sazma/ws_future/install/tm_moveit_config_tm5x-900:/home/sazma/ws_future/install/tm_moveit_config_tm5x-700:/home/sazma/ws_future/install/tm_moveit_config_tm5-900:/home/sazma/ws_future/install/tm_moveit_config_tm5-700:/home/sazma/ws_future/install/tm_moveit_config_tm14x:/home/sazma/ws_future/install/tm_moveit_config_tm14:/home/sazma/ws_future/install/tm_moveit_config_tm12x:/home/sazma/ws_future/install/tm_moveit_config_tm12:/home/sazma/ws_future/install/tm_description:/home/sazma/ws_future/install/custom_package:/home/sazma/ws_future/install/techman_robot_msgs:/home/sazma/ws_tm/install/ui_for_debug_and_demo:/home/sazma/ws_tm/install/tm_driver:/home/sazma/ws_tm/install/demo:/home/sazma/ws_tm/install/tm_msgs:/home/sazma/ws_tm/install/tm_moveit_cpp_demo:/home/sazma/ws_tm/install/tm_moveit_config_tm5x-900:/home/sazma/ws_tm/install/tm_moveit_config_tm5x-700:/home/sazma/ws_tm/install/tm_moveit_config_tm5-900:/home/sazma/ws_tm/install/tm_moveit_config_tm5-700:/home/sazma/ws_tm/install/tm_moveit_config_tm14x:/home/sazma/ws_tm/install/tm_moveit_config_tm14:/home/sazma/ws_tm/install/tm_moveit_config_tm12x:/home/sazma/ws_tm/install/tm_moveit_config_tm12:/home/sazma/ws_tm/install/tm_description:/home/sazma/ws_tm/install/custom_package:/home/sazma/ws_tm/install/techman_robot_msgs:/home/sazma/ws_future/install/tm_mod_urdf:/home/sazma/ws_future/install/tm_get_status:/home/sazma/ws_tm/install/tm_mod_urdf:/home/sazma/ws_tm/install/tm_get_status:/opt/ros/humble LD_LIBRARY_PATH=/home/sazma/ws_future/install/moveit_ros_planning/lib:/home/sazma/ws_future/install/moveit_ros_occupancy_map_monitor/lib:/home/sazma/ws_future/install/moveit_core/lib:/home/sazma/ws_future/install/moveit_msgs/lib:${LD_LIBRARY_PATH} PATH=/home/sazma/ws_future/install/moveit_core/bin:${PATH} PYTHONPATH=/home/sazma/ws_future/install/moveit_msgs/local/lib/python3.10/dist-packages:${PYTHONPATH} /usr/bin/cmake --install /home/sazma/ws_future/build/moveit_ros_robot_interaction
