[0.934s] Invoking command in '/home/sazma/ws_future/src/mpu_6050': PYTHONPATH=/home/sazma/ws_future/build/mpu_6050/prefix_override:/home/sazma/ws_future/install/mpu_6050/lib/python3.10/site-packages:${PYTHONPATH} /usr/bin/python3 setup.py egg_info --egg-base ../../build/mpu_6050 build --build-base /home/sazma/ws_future/build/mpu_6050/build install --record /home/sazma/ws_future/build/mpu_6050/install.log --single-version-externally-managed
[1.157s] running egg_info
[1.173s] writing ../../build/mpu_6050/mpu_6050.egg-info/PKG-INFO
[1.174s] writing dependency_links to ../../build/mpu_6050/mpu_6050.egg-info/dependency_links.txt
[1.174s] writing entry points to ../../build/mpu_6050/mpu_6050.egg-info/entry_points.txt
[1.174s] writing requirements to ../../build/mpu_6050/mpu_6050.egg-info/requires.txt
[1.174s] writing top-level names to ../../build/mpu_6050/mpu_6050.egg-info/top_level.txt
[1.207s] reading manifest file '../../build/mpu_6050/mpu_6050.egg-info/SOURCES.txt'
[1.208s] writing manifest file '../../build/mpu_6050/mpu_6050.egg-info/SOURCES.txt'
[1.208s] running build
[1.208s] running build_py
[1.208s] running install
[1.208s] /home/sazma/.local/lib/python3.10/site-packages/setuptools/_distutils/cmd.py:66: SetuptoolsDeprecationWarning: setup.py install is deprecated.
[1.209s] !!
[1.209s] 
[1.209s]         ********************************************************************************
[1.209s]         Please avoid running ``setup.py`` directly.
[1.209s]         Instead, use pypa/build, pypa/installer or other
[1.209s]         standards-based tools.
[1.209s] 
[1.209s]         See https://blog.ganssle.io/articles/2021/10/setup-py-deprecated.html for details.
[1.209s]         ********************************************************************************
[1.209s] 
[1.209s] !!
[1.209s]   self.initialize_options()
[1.214s] running install_lib
[1.231s] running install_egg_info
[1.248s] removing '/home/sazma/ws_future/install/mpu_6050/lib/python3.10/site-packages/mpu_6050-0.0.1-py3.10.egg-info' (and everything under it)
[1.248s] Copying ../../build/mpu_6050/mpu_6050.egg-info to /home/sazma/ws_future/install/mpu_6050/lib/python3.10/site-packages/mpu_6050-0.0.1-py3.10.egg-info
[1.249s] running install_scripts
[1.401s] Installing publisher_node script to /home/sazma/ws_future/install/mpu_6050/bin
[1.402s] writing list of installed files to '/home/sazma/ws_future/build/mpu_6050/install.log'
[1.422s] Invoked command in '/home/sazma/ws_future/src/mpu_6050' returned '0': PYTHONPATH=/home/sazma/ws_future/build/mpu_6050/prefix_override:/home/sazma/ws_future/install/mpu_6050/lib/python3.10/site-packages:${PYTHONPATH} /usr/bin/python3 setup.py egg_info --egg-base ../../build/mpu_6050 build --build-base /home/sazma/ws_future/build/mpu_6050/build install --record /home/sazma/ws_future/build/mpu_6050/install.log --single-version-externally-managed
