[0.117s] Invoking command in '/home/sazma/ws_future/build/moveit_ros_planning': AMENT_PREFIX_PATH=/home/sazma/ws_future/install/moveit_ros_occupancy_map_monitor:/home/sazma/ws_future/install/moveit_core:/home/sazma/ws_future/install/moveit_resources_panda_moveit_config:/home/sazma/ws_future/install/moveit_resources_panda_description:/home/sazma/ws_future/install/moveit_msgs:/home/sazma/ws_future/install/moveit_common:${AMENT_PREFIX_PATH} CMAKE_PREFIX_PATH=/home/sazma/ws_future/install/moveit_ros_occupancy_map_monitor:/home/sazma/ws_future/install/moveit_core:/home/sazma/ws_future/install/moveit_resources_panda_moveit_config:/home/sazma/ws_future/install/moveit_resources_panda_description:/home/sazma/ws_future/install/moveit_msgs:/home/sazma/ws_future/install/moveit_common:/home/sazma/ws_future/install/ui_for_debug_and_demo:/home/sazma/ws_future/install/tm_driver:/home/sazma/ws_future/install/demo:/home/sazma/ws_future/install/tm_msgs:/home/sazma/ws_future/install/tm_moveit_cpp_demo:/home/sazma/ws_future/install/tm_moveit_config_tm5x-900:/home/sazma/ws_future/install/tm_moveit_config_tm5x-700:/home/sazma/ws_future/install/tm_moveit_config_tm5-900:/home/sazma/ws_future/install/tm_moveit_config_tm5-700:/home/sazma/ws_future/install/tm_moveit_config_tm14x:/home/sazma/ws_future/install/tm_moveit_config_tm14:/home/sazma/ws_future/install/tm_moveit_config_tm12x:/home/sazma/ws_future/install/tm_moveit_config_tm12:/home/sazma/ws_future/install/tm_description:/home/sazma/ws_future/install/custom_package:/home/sazma/ws_future/install/techman_robot_msgs:/home/sazma/ws_tm/install/ui_for_debug_and_demo:/home/sazma/ws_tm/install/tm_driver:/home/sazma/ws_tm/install/demo:/home/sazma/ws_tm/install/tm_msgs:/home/sazma/ws_tm/install/tm_moveit_cpp_demo:/home/sazma/ws_tm/install/tm_moveit_config_tm5x-900:/home/sazma/ws_tm/install/tm_moveit_config_tm5x-700:/home/sazma/ws_tm/install/tm_moveit_config_tm5-900:/home/sazma/ws_tm/install/tm_moveit_config_tm5-700:/home/sazma/ws_tm/install/tm_moveit_config_tm14x:/home/sazma/ws_tm/install/tm_moveit_config_tm14:/home/sazma/ws_tm/install/tm_moveit_config_tm12x:/home/sazma/ws_tm/install/tm_moveit_config_tm12:/home/sazma/ws_tm/install/tm_description:/home/sazma/ws_tm/install/custom_package:/home/sazma/ws_tm/install/techman_robot_msgs:/home/sazma/ws_future/install/tm_mod_urdf:/home/sazma/ws_future/install/tm_get_status:/home/sazma/ws_tm/install/tm_mod_urdf:/home/sazma/ws_tm/install/tm_get_status:/opt/ros/humble LD_LIBRARY_PATH=/home/sazma/ws_future/install/moveit_ros_occupancy_map_monitor/lib:/home/sazma/ws_future/install/moveit_core/lib:/home/sazma/ws_future/install/moveit_msgs/lib:${LD_LIBRARY_PATH} PATH=/home/sazma/ws_future/install/moveit_core/bin:${PATH} PYTHONPATH=/home/sazma/ws_future/install/moveit_msgs/local/lib/python3.10/dist-packages:${PYTHONPATH} /usr/bin/cmake /home/sazma/ws_future/src/moveit2/moveit_ros/planning -DCMAKE_INSTALL_PREFIX=/home/sazma/ws_future/install/moveit_ros_planning
[0.181s] -- The CXX compiler identification is GNU 11.4.0
[0.188s] -- Detecting CXX compiler ABI info
[0.257s] -- Detecting CXX compiler ABI info - done
[0.265s] -- Check for working CXX compiler: /usr/bin/c++ - skipped
[0.265s] -- Detecting CXX compile features
[0.265s] -- Detecting CXX compile features - done
[0.267s] -- Found moveit_common: 2.8.0 (/home/sazma/ws_future/install/moveit_common/share/moveit_common/cmake)
[0.271s] -- Found ament_cmake: 1.3.5 (/opt/ros/humble/share/ament_cmake/cmake)
[0.473s] -- Found Python3: /usr/bin/python3.10 (found version "3.10.12") found components: Interpreter 
[0.675s] -- Found libdw: /usr/lib/x86_64-linux-gnu/libdw.so  
[0.681s] -- Could NOT find libbfd (missing: LIBBFD_LIBRARY LIBBFD_INCLUDE_DIR) 
[0.681s] -- BACKWARD_HAS_UNWIND=1
[0.681s] -- BACKWARD_HAS_BACKTRACE=0
[0.681s] -- BACKWARD_HAS_BACKTRACE_SYMBOL=0
[0.681s] -- BACKWARD_HAS_DW=1
[0.681s] -- BACKWARD_HAS_BFD=0
[0.682s] -- Found Backward: /opt/ros/humble/share/backward_ros/cmake  
[0.682s] [0mmoveit_ros_planning: You did not request a specific build type: Choosing 'Release' for maximum performance[0m
[0.691s] -- Found generate_parameter_library: 0.3.6 (/opt/ros/humble/share/generate_parameter_library/cmake)
[0.696s] -- Found parameter_traits: 0.3.6 (/opt/ros/humble/share/parameter_traits/cmake)
[0.772s] -- Found rosidl_generator_c: 3.1.5 (/opt/ros/humble/share/rosidl_generator_c/cmake)
[0.783s] -- Found rosidl_adapter: 3.1.5 (/opt/ros/humble/share/rosidl_adapter/cmake)
[0.798s] -- Found rosidl_generator_cpp: 3.1.5 (/opt/ros/humble/share/rosidl_generator_cpp/cmake)
[0.820s] -- Using all available rosidl_typesupport_c: rosidl_typesupport_fastrtps_c;rosidl_typesupport_introspection_c
[0.852s] -- Using all available rosidl_typesupport_cpp: rosidl_typesupport_fastrtps_cpp;rosidl_typesupport_introspection_cpp
[0.957s] -- Found rmw_implementation_cmake: 6.1.1 (/opt/ros/humble/share/rmw_implementation_cmake/cmake)
[0.963s] -- Found rmw_fastrtps_cpp: 6.2.4 (/opt/ros/humble/share/rmw_fastrtps_cpp/cmake)
[1.069s] -- Found OpenSSL: /usr/lib/x86_64-linux-gnu/libcrypto.so (found version "3.0.2")  
[1.097s] -- Found FastRTPS: /opt/ros/humble/include  
[1.148s] -- Using RMW implementation 'rmw_fastrtps_cpp' as default
[1.164s] -- Looking for C++ include pthread.h
[1.265s] -- Looking for C++ include pthread.h - found
[1.265s] -- Performing Test CMAKE_HAVE_LIBC_PTHREAD
[1.369s] -- Performing Test CMAKE_HAVE_LIBC_PTHREAD - Success
[1.370s] -- Found Threads: TRUE  
[1.583s] -- Found rclcpp_lifecycle: 16.0.6 (/opt/ros/humble/share/rclcpp_lifecycle/cmake)
[1.631s] -- Found moveit_msgs: 2.3.0 (/home/sazma/ws_future/install/moveit_msgs/share/moveit_msgs/cmake)
[2.519s] -- Found pluginlib: 5.1.0 (/opt/ros/humble/share/pluginlib/cmake)
[2.572s] -- Found message_filters: 4.3.3 (/opt/ros/humble/share/message_filters/cmake)
[2.581s] -- Found srdfdom: 2.0.4 (/opt/ros/humble/share/srdfdom/cmake)
[2.606s] -- Found tf2: 0.25.4 (/opt/ros/humble/share/tf2/cmake)
[2.617s] -- Found tf2_geometry_msgs: 0.25.4 (/opt/ros/humble/share/tf2_geometry_msgs/cmake)
[2.633s] -- Found eigen3_cmake_module: 0.1.1 (/opt/ros/humble/share/eigen3_cmake_module/cmake)
[2.634s] -- Found Eigen3: TRUE (found version "3.4.0") 
[2.634s] -- Ensuring Eigen3 include directory is part of orocos-kdl CMake target
[2.958s] -- Found tf2_eigen: 0.25.4 (/opt/ros/humble/share/tf2_eigen/cmake)
[2.965s] -- Found moveit_core: 2.8.0 (/home/sazma/ws_future/install/moveit_core/share/moveit_core/cmake)
[3.022s] -- Found Boost: /usr/lib/x86_64-linux-gnu/cmake/Boost-1.74.0/BoostConfig.cmake (found version "1.74.0") found components: chrono date_time filesystem iostreams program_options regex serialization system thread 
[3.073s] -- Found Boost: /usr/lib/x86_64-linux-gnu/cmake/Boost-1.74.0/BoostConfig.cmake (found version "1.74.0") found components: filesystem 
[3.162s] -- library: /usr/lib/x86_64-linux-gnu/libcurl.so
[3.582s] -- Found moveit_ros_occupancy_map_monitor: 2.8.0 (/home/sazma/ws_future/install/moveit_ros_occupancy_map_monitor/share/moveit_ros_occupancy_map_monitor/cmake)
[3.825s] -- Found Boost: /usr/lib/x86_64-linux-gnu/cmake/Boost-1.74.0/BoostConfig.cmake (found version "1.74.0") found components: system filesystem date_time program_options thread chrono 
[3.914s] -- Performing Test COMPILER_HAS_HIDDEN_VISIBILITY
[4.009s] -- Performing Test COMPILER_HAS_HIDDEN_VISIBILITY - Success
[4.010s] -- Performing Test COMPILER_HAS_HIDDEN_INLINE_VISIBILITY
[4.105s] -- Performing Test COMPILER_HAS_HIDDEN_INLINE_VISIBILITY - Success
[4.106s] -- Performing Test COMPILER_HAS_DEPRECATED_ATTR
[4.209s] -- Performing Test COMPILER_HAS_DEPRECATED_ATTR - Success
[4.273s] -- Found ament_cmake_gtest: 1.3.5 (/opt/ros/humble/share/ament_cmake_gtest/cmake)
[4.278s] -- Found ament_cmake_gmock: 1.3.5 (/opt/ros/humble/share/ament_cmake_gmock/cmake)
[4.283s] -- Found gmock sources under '/opt/ros/humble/src/gmock_vendor': C++ tests using 'Google Mock' will be built
[4.322s] -- The C compiler identification is GNU 11.4.0
[4.329s] -- Detecting C compiler ABI info
[4.409s] -- Detecting C compiler ABI info - done
[4.416s] -- Check for working C compiler: /usr/bin/cc - skipped
[4.417s] -- Detecting C compile features
[4.417s] -- Detecting C compile features - done
[4.422s] -- Found gtest sources under '/opt/ros/humble/src/gtest_vendor': C++ tests using 'Google Test' will be built
[4.471s] -- Found ament_lint_auto: 0.12.8 (/opt/ros/humble/share/ament_lint_auto/cmake)
[4.501s] -- Found launch_testing_ament_cmake: 1.0.4 (/opt/ros/humble/share/launch_testing_ament_cmake/cmake)
[4.505s] -- Found python_cmake_module: 0.10.0 (/opt/ros/humble/share/python_cmake_module/cmake)
[4.527s] -- Found PythonInterp: /usr/bin/python3 (found suitable version "3.10.12", minimum required is "3.6") 
[4.533s] -- Found PythonLibs: /usr/lib/x86_64-linux-gnu/libpython3.10.so (found suitable version "3.10.12", minimum required is "3.5") 
[4.533s] -- Using PYTHON_EXECUTABLE: /usr/bin/python3
[4.533s] -- Using PYTHON_INCLUDE_DIRS: /usr/include/python3.10
[4.533s] -- Using PYTHON_LIBRARIES: /usr/lib/x86_64-linux-gnu/libpython3.10.so
[4.555s] -- Found PythonExtra: .so  
[4.565s] -- Added test 'cppcheck' to perform static code analysis on C / C++ code
[4.566s] -- Configured cppcheck include dirs: /home/sazma/ws_future/src/moveit2/moveit_ros/planning/rdf_loader/include;/home/sazma/ws_future/src/moveit2/moveit_ros/planning/kinematics_plugin_loader/include;/home/sazma/ws_future/src/moveit2/moveit_ros/planning/robot_model_loader/include;/home/sazma/ws_future/src/moveit2/moveit_ros/planning/constraint_sampler_manager_loader/include;/home/sazma/ws_future/src/moveit2/moveit_ros/planning/planning_pipeline/include;/home/sazma/ws_future/src/moveit2/moveit_ros/planning/planning_pipeline_interfaces/include;/home/sazma/ws_future/src/moveit2/moveit_ros/planning/planning_scene_monitor/include;/home/sazma/ws_future/src/moveit2/moveit_ros/planning/trajectory_execution_manager/include;/home/sazma/ws_future/src/moveit2/moveit_ros/planning/plan_execution/include;/home/sazma/ws_future/src/moveit2/moveit_ros/planning/collision_plugin_loader/include;/home/sazma/ws_future/src/moveit2/moveit_ros/planning/moveit_cpp/include
[4.566s] -- Configured cppcheck exclude dirs and/or files: 
[4.568s] -- Added test 'lint_cmake' to check CMake code style
[4.570s] -- Added test 'pep257' to check Python code against some of the docstring style conventions in PEP 257
[4.571s] -- Added test 'xmllint' to check XML markup files
[4.574s] -- Configuring done
[4.868s] -- Generating done
[4.873s] -- Build files have been written to: /home/sazma/ws_future/build/moveit_ros_planning
[4.901s] Invoked command in '/home/sazma/ws_future/build/moveit_ros_planning' returned '0': AMENT_PREFIX_PATH=/home/sazma/ws_future/install/moveit_ros_occupancy_map_monitor:/home/sazma/ws_future/install/moveit_core:/home/sazma/ws_future/install/moveit_resources_panda_moveit_config:/home/sazma/ws_future/install/moveit_resources_panda_description:/home/sazma/ws_future/install/moveit_msgs:/home/sazma/ws_future/install/moveit_common:${AMENT_PREFIX_PATH} CMAKE_PREFIX_PATH=/home/sazma/ws_future/install/moveit_ros_occupancy_map_monitor:/home/sazma/ws_future/install/moveit_core:/home/sazma/ws_future/install/moveit_resources_panda_moveit_config:/home/sazma/ws_future/install/moveit_resources_panda_description:/home/sazma/ws_future/install/moveit_msgs:/home/sazma/ws_future/install/moveit_common:/home/sazma/ws_future/install/ui_for_debug_and_demo:/home/sazma/ws_future/install/tm_driver:/home/sazma/ws_future/install/demo:/home/sazma/ws_future/install/tm_msgs:/home/sazma/ws_future/install/tm_moveit_cpp_demo:/home/sazma/ws_future/install/tm_moveit_config_tm5x-900:/home/sazma/ws_future/install/tm_moveit_config_tm5x-700:/home/sazma/ws_future/install/tm_moveit_config_tm5-900:/home/sazma/ws_future/install/tm_moveit_config_tm5-700:/home/sazma/ws_future/install/tm_moveit_config_tm14x:/home/sazma/ws_future/install/tm_moveit_config_tm14:/home/sazma/ws_future/install/tm_moveit_config_tm12x:/home/sazma/ws_future/install/tm_moveit_config_tm12:/home/sazma/ws_future/install/tm_description:/home/sazma/ws_future/install/custom_package:/home/sazma/ws_future/install/techman_robot_msgs:/home/sazma/ws_tm/install/ui_for_debug_and_demo:/home/sazma/ws_tm/install/tm_driver:/home/sazma/ws_tm/install/demo:/home/sazma/ws_tm/install/tm_msgs:/home/sazma/ws_tm/install/tm_moveit_cpp_demo:/home/sazma/ws_tm/install/tm_moveit_config_tm5x-900:/home/sazma/ws_tm/install/tm_moveit_config_tm5x-700:/home/sazma/ws_tm/install/tm_moveit_config_tm5-900:/home/sazma/ws_tm/install/tm_moveit_config_tm5-700:/home/sazma/ws_tm/install/tm_moveit_config_tm14x:/home/sazma/ws_tm/install/tm_moveit_config_tm14:/home/sazma/ws_tm/install/tm_moveit_config_tm12x:/home/sazma/ws_tm/install/tm_moveit_config_tm12:/home/sazma/ws_tm/install/tm_description:/home/sazma/ws_tm/install/custom_package:/home/sazma/ws_tm/install/techman_robot_msgs:/home/sazma/ws_future/install/tm_mod_urdf:/home/sazma/ws_future/install/tm_get_status:/home/sazma/ws_tm/install/tm_mod_urdf:/home/sazma/ws_tm/install/tm_get_status:/opt/ros/humble LD_LIBRARY_PATH=/home/sazma/ws_future/install/moveit_ros_occupancy_map_monitor/lib:/home/sazma/ws_future/install/moveit_core/lib:/home/sazma/ws_future/install/moveit_msgs/lib:${LD_LIBRARY_PATH} PATH=/home/sazma/ws_future/install/moveit_core/bin:${PATH} PYTHONPATH=/home/sazma/ws_future/install/moveit_msgs/local/lib/python3.10/dist-packages:${PYTHONPATH} /usr/bin/cmake /home/sazma/ws_future/src/moveit2/moveit_ros/planning -DCMAKE_INSTALL_PREFIX=/home/sazma/ws_future/install/moveit_ros_planning
[4.902s] Invoking command in '/home/sazma/ws_future/build/moveit_ros_planning': AMENT_PREFIX_PATH=/home/sazma/ws_future/install/moveit_ros_occupancy_map_monitor:/home/sazma/ws_future/install/moveit_core:/home/sazma/ws_future/install/moveit_resources_panda_moveit_config:/home/sazma/ws_future/install/moveit_resources_panda_description:/home/sazma/ws_future/install/moveit_msgs:/home/sazma/ws_future/install/moveit_common:${AMENT_PREFIX_PATH} CMAKE_PREFIX_PATH=/home/sazma/ws_future/install/moveit_ros_occupancy_map_monitor:/home/sazma/ws_future/install/moveit_core:/home/sazma/ws_future/install/moveit_resources_panda_moveit_config:/home/sazma/ws_future/install/moveit_resources_panda_description:/home/sazma/ws_future/install/moveit_msgs:/home/sazma/ws_future/install/moveit_common:/home/sazma/ws_future/install/ui_for_debug_and_demo:/home/sazma/ws_future/install/tm_driver:/home/sazma/ws_future/install/demo:/home/sazma/ws_future/install/tm_msgs:/home/sazma/ws_future/install/tm_moveit_cpp_demo:/home/sazma/ws_future/install/tm_moveit_config_tm5x-900:/home/sazma/ws_future/install/tm_moveit_config_tm5x-700:/home/sazma/ws_future/install/tm_moveit_config_tm5-900:/home/sazma/ws_future/install/tm_moveit_config_tm5-700:/home/sazma/ws_future/install/tm_moveit_config_tm14x:/home/sazma/ws_future/install/tm_moveit_config_tm14:/home/sazma/ws_future/install/tm_moveit_config_tm12x:/home/sazma/ws_future/install/tm_moveit_config_tm12:/home/sazma/ws_future/install/tm_description:/home/sazma/ws_future/install/custom_package:/home/sazma/ws_future/install/techman_robot_msgs:/home/sazma/ws_tm/install/ui_for_debug_and_demo:/home/sazma/ws_tm/install/tm_driver:/home/sazma/ws_tm/install/demo:/home/sazma/ws_tm/install/tm_msgs:/home/sazma/ws_tm/install/tm_moveit_cpp_demo:/home/sazma/ws_tm/install/tm_moveit_config_tm5x-900:/home/sazma/ws_tm/install/tm_moveit_config_tm5x-700:/home/sazma/ws_tm/install/tm_moveit_config_tm5-900:/home/sazma/ws_tm/install/tm_moveit_config_tm5-700:/home/sazma/ws_tm/install/tm_moveit_config_tm14x:/home/sazma/ws_tm/install/tm_moveit_config_tm14:/home/sazma/ws_tm/install/tm_moveit_config_tm12x:/home/sazma/ws_tm/install/tm_moveit_config_tm12:/home/sazma/ws_tm/install/tm_description:/home/sazma/ws_tm/install/custom_package:/home/sazma/ws_tm/install/techman_robot_msgs:/home/sazma/ws_future/install/tm_mod_urdf:/home/sazma/ws_future/install/tm_get_status:/home/sazma/ws_tm/install/tm_mod_urdf:/home/sazma/ws_tm/install/tm_get_status:/opt/ros/humble LD_LIBRARY_PATH=/home/sazma/ws_future/install/moveit_ros_occupancy_map_monitor/lib:/home/sazma/ws_future/install/moveit_core/lib:/home/sazma/ws_future/install/moveit_msgs/lib:${LD_LIBRARY_PATH} PATH=/home/sazma/ws_future/install/moveit_core/bin:${PATH} PYTHONPATH=/home/sazma/ws_future/install/moveit_msgs/local/lib/python3.10/dist-packages:${PYTHONPATH} /usr/bin/cmake --build /home/sazma/ws_future/build/moveit_ros_planning -- -j12 -l12
[4.953s] [  1%] [32mBuilding CXX object gmock/CMakeFiles/gmock_main.dir/src/gmock_main.cc.o[0m
[4.954s] [  4%] [32mBuilding CXX object rdf_loader/CMakeFiles/moveit_rdf_loader.dir/src/synchronized_string_parameter.cpp.o[0m
[4.954s] [  4%] [34m[1mRunning `/opt/ros/humble/bin/generate_parameter_library_cpp /home/sazma/ws_future/build/moveit_ros_planning/kinematics_plugin_loader/kinematics_parameters/include//kinematics_parameters.hpp /home/sazma/ws_future/src/moveit2/moveit_ros/planning/kinematics_plugin_loader/src/kinematics_parameters.yaml `[0m
[4.954s] [  5%] [32mBuilding CXX object rdf_loader/CMakeFiles/moveit_rdf_loader.dir/src/rdf_loader.cpp.o[0m
[4.956s] [  7%] [32mBuilding CXX object gmock/CMakeFiles/gmock.dir/opt/ros/humble/src/gtest_vendor/src/gtest-all.cc.o[0m
[4.957s] [  8%] [34m[1mRunning `/opt/ros/humble/bin/generate_parameter_library_cpp /home/sazma/ws_future/build/moveit_ros_planning/planning_request_adapter_plugins/default_plan_request_adapter_parameters/include//default_plan_request_adapter_parameters.hpp /home/sazma/ws_future/src/moveit2/moveit_ros/planning/planning_request_adapter_plugins/res/default_plan_request_adapter_params.yaml `[0m
[4.957s] [ 10%] [34m[1mRunning `/opt/ros/humble/bin/generate_parameter_library_cpp /home/sazma/ws_future/build/moveit_ros_planning/planning_pipeline/planning_pipeline_parameters/include//planning_pipeline_parameters.hpp /home/sazma/ws_future/src/moveit2/moveit_ros/planning/planning_pipeline/res/planning_pipeline_parameters.yaml `[0m
[4.958s] [ 11%] [32mBuilding CXX object collision_plugin_loader/CMakeFiles/moveit_collision_plugin_loader.dir/src/collision_plugin_loader.cpp.o[0m
[4.959s] [ 13%] [32mBuilding CXX object introspection/CMakeFiles/moveit_list_planning_adapter_plugins.dir/src/list_planning_adapter_plugins.cpp.o[0m
[4.960s] [ 14%] [32mBuilding CXX object gmock/CMakeFiles/gmock.dir/src/gmock-all.cc.o[0m
[5.149s] [ 14%] Built target kinematics_parameters
[5.221s] [ 14%] Built target planning_pipeline_parameters
[5.250s] [ 16%] [32mBuilding CXX object planning_pipeline/CMakeFiles/moveit_planning_pipeline.dir/src/planning_pipeline.cpp.o[0m
[5.373s] [ 16%] Built target default_plan_request_adapter_parameters
[5.405s] [ 20%] [32mBuilding CXX object planning_request_adapter_plugins/CMakeFiles/moveit_default_planning_request_adapter_plugins.dir/src/empty.cpp.o[0m
[5.405s] [ 20%] [32mBuilding CXX object planning_request_adapter_plugins/CMakeFiles/moveit_default_planning_request_adapter_plugins.dir/src/fix_start_state_collision.cpp.o[0m
[5.407s] [ 20%] [32mBuilding CXX object planning_request_adapter_plugins/CMakeFiles/moveit_default_planning_request_adapter_plugins.dir/src/fix_start_state_bounds.cpp.o[0m
[5.415s] [ 22%] [32mBuilding CXX object planning_request_adapter_plugins/CMakeFiles/moveit_default_planning_request_adapter_plugins.dir/src/fix_start_state_path_constraints.cpp.o[0m
[7.073s] [ 23%] [32m[1mLinking CXX static library libgmock_main.a[0m
[7.225s] [ 23%] Built target gmock_main
[7.261s] [ 25%] [32mBuilding CXX object planning_request_adapter_plugins/CMakeFiles/moveit_default_planning_request_adapter_plugins.dir/src/fix_workspace_bounds.cpp.o[0m
[10.926s] [ 26%] [32mBuilding CXX object planning_request_adapter_plugins/CMakeFiles/moveit_default_planning_request_adapter_plugins.dir/src/add_ruckig_traj_smoothing.cpp.o[0m
[12.877s] [ 27%] [32mBuilding CXX object planning_request_adapter_plugins/CMakeFiles/moveit_default_planning_request_adapter_plugins.dir/src/add_time_optimal_parameterization.cpp.o[0m
[18.549s] [ 29%] [32mBuilding CXX object planning_request_adapter_plugins/CMakeFiles/moveit_default_planning_request_adapter_plugins.dir/src/resolve_constraint_frames.cpp.o[0m
[19.335s] [ 30%] [32m[1mLinking CXX shared library libmoveit_collision_plugin_loader.so[0m
[19.550s] [ 32%] [32m[1mLinking CXX static library libgmock.a[0m
[19.623s] [ 32%] Built target gmock
[19.687s] [ 32%] Built target moveit_collision_plugin_loader
[26.122s] [ 33%] [32m[1mLinking CXX shared library libmoveit_rdf_loader.so[0m
[26.359s] [ 33%] Built target moveit_rdf_loader
[26.381s] [ 36%] [32mBuilding CXX object kinematics_plugin_loader/CMakeFiles/moveit_kinematics_plugin_loader.dir/src/kinematics_plugin_loader.cpp.o[0m
[26.382s] [ 36%] [32mBuilding CXX object constraint_sampler_manager_loader/CMakeFiles/moveit_constraint_sampler_manager_loader.dir/src/constraint_sampler_manager_loader.cpp.o[0m
[26.988s] [ 38%] [32m[1mLinking CXX executable moveit_list_planning_adapter_plugins[0m
[27.221s] [ 38%] Built target moveit_list_planning_adapter_plugins
[28.635s] [ 39%] [32m[1mLinking CXX shared library libmoveit_default_planning_request_adapter_plugins.so[0m
[28.843s] [ 39%] Built target moveit_default_planning_request_adapter_plugins
[34.540s] [ 41%] [32m[1mLinking CXX shared library libmoveit_planning_pipeline.so[0m
[34.769s] [ 41%] Built target moveit_planning_pipeline
[34.790s] [ 45%] [32mBuilding CXX object planning_pipeline_interfaces/CMakeFiles/moveit_planning_pipeline_interfaces.dir/src/planning_pipeline_interfaces.cpp.o[0m
[34.790s] [ 45%] [32mBuilding CXX object planning_pipeline_interfaces/CMakeFiles/moveit_planning_pipeline_interfaces.dir/src/plan_responses_container.cpp.o[0m
[34.790s] [ 47%] [32mBuilding CXX object planning_pipeline_interfaces/CMakeFiles/moveit_planning_pipeline_interfaces.dir/src/solution_selection_functions.cpp.o[0m
[34.791s] [ 47%] [32mBuilding CXX object planning_pipeline_interfaces/CMakeFiles/moveit_planning_pipeline_interfaces.dir/src/stopping_criterion_function.cpp.o[0m
[39.026s] [ 48%] [32m[1mLinking CXX shared library libmoveit_kinematics_plugin_loader.so[0m
[39.113s] [ 50%] [32m[1mLinking CXX shared library libmoveit_constraint_sampler_manager_loader.so[0m
[39.308s] [ 50%] Built target moveit_kinematics_plugin_loader
[39.335s] [ 51%] [32mBuilding CXX object robot_model_loader/CMakeFiles/moveit_robot_model_loader.dir/src/robot_model_loader.cpp.o[0m
[39.393s] [ 51%] Built target moveit_constraint_sampler_manager_loader
[46.265s] [ 52%] [32m[1mLinking CXX shared library libmoveit_robot_model_loader.so[0m
[46.429s] [ 52%] Built target moveit_robot_model_loader
[46.448s] [ 55%] [32mBuilding CXX object planning_scene_monitor/CMakeFiles/moveit_planning_scene_monitor.dir/src/planning_scene_monitor.cpp.o[0m
[46.448s] [ 55%] [32mBuilding CXX object planning_scene_monitor/CMakeFiles/moveit_planning_scene_monitor.dir/src/current_state_monitor_middleware_handle.cpp.o[0m
[46.448s] [ 57%] [32mBuilding CXX object planning_scene_monitor/CMakeFiles/moveit_planning_scene_monitor.dir/src/trajectory_monitor_middleware_handle.cpp.o[0m
[46.450s] [ 58%] [32mBuilding CXX object planning_components_tools/CMakeFiles/moveit_print_planning_model_info.dir/src/print_planning_model_info.cpp.o[0m
[46.450s] [ 60%] [32mBuilding CXX object planning_scene_monitor/CMakeFiles/moveit_planning_scene_monitor.dir/src/current_state_monitor.cpp.o[0m
[46.451s] [ 61%] [32mBuilding CXX object planning_scene_monitor/CMakeFiles/moveit_planning_scene_monitor.dir/src/trajectory_monitor.cpp.o[0m
[49.390s] [ 63%] [32m[1mLinking CXX shared library libmoveit_planning_pipeline_interfaces.so[0m
[49.588s] [ 63%] Built target moveit_planning_pipeline_interfaces
[52.706s] [ 64%] [32m[1mLinking CXX executable moveit_print_planning_model_info[0m
[52.980s] [ 64%] Built target moveit_print_planning_model_info
[79.078s] [ 66%] [32m[1mLinking CXX shared library libmoveit_planning_scene_monitor.so[0m
[79.448s] [ 66%] Built target moveit_planning_scene_monitor
[79.469s] [ 67%] [32mBuilding CXX object planning_components_tools/CMakeFiles/moveit_publish_scene_from_text.dir/src/publish_scene_from_text.cpp.o[0m
[79.469s] [ 69%] [32mBuilding CXX object planning_components_tools/CMakeFiles/moveit_evaluate_collision_checking_speed.dir/src/evaluate_collision_checking_speed.cpp.o[0m
[79.471s] [ 70%] [32mBuilding CXX object planning_components_tools/CMakeFiles/moveit_visualize_robot_collision_volume.dir/src/visualize_robot_collision_volume.cpp.o[0m
[79.471s] [ 72%] [32mBuilding CXX object planning_scene_monitor/CMakeFiles/trajectory_monitor_tests.dir/test/trajectory_monitor_tests.cpp.o[0m
[79.472s] [ 73%] [32mBuilding CXX object trajectory_execution_manager/CMakeFiles/moveit_trajectory_execution_manager.dir/src/trajectory_execution_manager.cpp.o[0m
[79.473s] [ 75%] [32mBuilding CXX object planning_components_tools/CMakeFiles/moveit_print_planning_scene_info.dir/src/print_planning_scene_info.cpp.o[0m
[79.473s] [ 76%] [32mBuilding CXX object planning_scene_monitor/CMakeFiles/demo_scene.dir/demos/demo_scene.cpp.o[0m
[79.474s] [ 79%] [32mBuilding CXX object planning_scene_monitor/CMakeFiles/current_state_monitor_tests.dir/test/current_state_monitor_tests.cpp.o[0m
[79.474s] [ 79%] [32mBuilding CXX object planning_components_tools/CMakeFiles/moveit_display_random_state.dir/src/display_random_state.cpp.o[0m
[93.953s] [ 80%] [32m[1mLinking CXX executable trajectory_monitor_tests[0m
[94.073s] [ 82%] [32m[1mLinking CXX executable moveit_visualize_robot_collision_volume[0m
[94.515s] [ 82%] Built target trajectory_monitor_tests
[94.566s] [ 82%] Built target moveit_visualize_robot_collision_volume
[95.139s] [ 83%] [32m[1mLinking CXX executable moveit_publish_scene_from_text[0m
[95.627s] [ 83%] Built target moveit_publish_scene_from_text
[95.930s] [ 85%] [32m[1mLinking CXX executable moveit_print_planning_scene_info[0m
[96.329s] [ 85%] Built target moveit_print_planning_scene_info
[98.638s] [ 86%] [32m[1mLinking CXX executable moveit_evaluate_collision_checking_speed[0m
[98.644s] [ 88%] [32m[1mLinking CXX executable current_state_monitor_tests[0m
[98.844s] [ 89%] [32m[1mLinking CXX executable demo_scene[0m
[99.067s] [ 89%] Built target moveit_evaluate_collision_checking_speed
[99.136s] [ 89%] Built target demo_scene
[99.153s] [ 89%] Built target current_state_monitor_tests
[99.215s] [ 91%] [32m[1mLinking CXX executable moveit_display_random_state[0m
[99.532s] [ 91%] Built target moveit_display_random_state
[111.807s] [ 92%] [32m[1mLinking CXX shared library libmoveit_trajectory_execution_manager.so[0m
[112.079s] [ 92%] Built target moveit_trajectory_execution_manager
[112.097s] [ 97%] [32mBuilding CXX object moveit_cpp/CMakeFiles/moveit_cpp.dir/src/moveit_cpp.cpp.o[0m
[112.097s] [ 97%] [32mBuilding CXX object moveit_cpp/CMakeFiles/moveit_cpp.dir/src/planning_component.cpp.o[0m
[112.097s] [ 97%] [32mBuilding CXX object plan_execution/CMakeFiles/moveit_plan_execution.dir/src/plan_execution.cpp.o[0m
[123.053s] [ 98%] [32m[1mLinking CXX shared library libmoveit_plan_execution.so[0m
[123.280s] [ 98%] Built target moveit_plan_execution
[124.672s] [100%] [32m[1mLinking CXX shared library libmoveit_cpp.so[0m
[124.913s] [100%] Built target moveit_cpp
[124.922s] Invoked command in '/home/sazma/ws_future/build/moveit_ros_planning' returned '0': AMENT_PREFIX_PATH=/home/sazma/ws_future/install/moveit_ros_occupancy_map_monitor:/home/sazma/ws_future/install/moveit_core:/home/sazma/ws_future/install/moveit_resources_panda_moveit_config:/home/sazma/ws_future/install/moveit_resources_panda_description:/home/sazma/ws_future/install/moveit_msgs:/home/sazma/ws_future/install/moveit_common:${AMENT_PREFIX_PATH} CMAKE_PREFIX_PATH=/home/sazma/ws_future/install/moveit_ros_occupancy_map_monitor:/home/sazma/ws_future/install/moveit_core:/home/sazma/ws_future/install/moveit_resources_panda_moveit_config:/home/sazma/ws_future/install/moveit_resources_panda_description:/home/sazma/ws_future/install/moveit_msgs:/home/sazma/ws_future/install/moveit_common:/home/sazma/ws_future/install/ui_for_debug_and_demo:/home/sazma/ws_future/install/tm_driver:/home/sazma/ws_future/install/demo:/home/sazma/ws_future/install/tm_msgs:/home/sazma/ws_future/install/tm_moveit_cpp_demo:/home/sazma/ws_future/install/tm_moveit_config_tm5x-900:/home/sazma/ws_future/install/tm_moveit_config_tm5x-700:/home/sazma/ws_future/install/tm_moveit_config_tm5-900:/home/sazma/ws_future/install/tm_moveit_config_tm5-700:/home/sazma/ws_future/install/tm_moveit_config_tm14x:/home/sazma/ws_future/install/tm_moveit_config_tm14:/home/sazma/ws_future/install/tm_moveit_config_tm12x:/home/sazma/ws_future/install/tm_moveit_config_tm12:/home/sazma/ws_future/install/tm_description:/home/sazma/ws_future/install/custom_package:/home/sazma/ws_future/install/techman_robot_msgs:/home/sazma/ws_tm/install/ui_for_debug_and_demo:/home/sazma/ws_tm/install/tm_driver:/home/sazma/ws_tm/install/demo:/home/sazma/ws_tm/install/tm_msgs:/home/sazma/ws_tm/install/tm_moveit_cpp_demo:/home/sazma/ws_tm/install/tm_moveit_config_tm5x-900:/home/sazma/ws_tm/install/tm_moveit_config_tm5x-700:/home/sazma/ws_tm/install/tm_moveit_config_tm5-900:/home/sazma/ws_tm/install/tm_moveit_config_tm5-700:/home/sazma/ws_tm/install/tm_moveit_config_tm14x:/home/sazma/ws_tm/install/tm_moveit_config_tm14:/home/sazma/ws_tm/install/tm_moveit_config_tm12x:/home/sazma/ws_tm/install/tm_moveit_config_tm12:/home/sazma/ws_tm/install/tm_description:/home/sazma/ws_tm/install/custom_package:/home/sazma/ws_tm/install/techman_robot_msgs:/home/sazma/ws_future/install/tm_mod_urdf:/home/sazma/ws_future/install/tm_get_status:/home/sazma/ws_tm/install/tm_mod_urdf:/home/sazma/ws_tm/install/tm_get_status:/opt/ros/humble LD_LIBRARY_PATH=/home/sazma/ws_future/install/moveit_ros_occupancy_map_monitor/lib:/home/sazma/ws_future/install/moveit_core/lib:/home/sazma/ws_future/install/moveit_msgs/lib:${LD_LIBRARY_PATH} PATH=/home/sazma/ws_future/install/moveit_core/bin:${PATH} PYTHONPATH=/home/sazma/ws_future/install/moveit_msgs/local/lib/python3.10/dist-packages:${PYTHONPATH} /usr/bin/cmake --build /home/sazma/ws_future/build/moveit_ros_planning -- -j12 -l12
[124.956s] Invoking command in '/home/sazma/ws_future/build/moveit_ros_planning': AMENT_PREFIX_PATH=/home/sazma/ws_future/install/moveit_ros_occupancy_map_monitor:/home/sazma/ws_future/install/moveit_core:/home/sazma/ws_future/install/moveit_resources_panda_moveit_config:/home/sazma/ws_future/install/moveit_resources_panda_description:/home/sazma/ws_future/install/moveit_msgs:/home/sazma/ws_future/install/moveit_common:${AMENT_PREFIX_PATH} CMAKE_PREFIX_PATH=/home/sazma/ws_future/install/moveit_ros_occupancy_map_monitor:/home/sazma/ws_future/install/moveit_core:/home/sazma/ws_future/install/moveit_resources_panda_moveit_config:/home/sazma/ws_future/install/moveit_resources_panda_description:/home/sazma/ws_future/install/moveit_msgs:/home/sazma/ws_future/install/moveit_common:/home/sazma/ws_future/install/ui_for_debug_and_demo:/home/sazma/ws_future/install/tm_driver:/home/sazma/ws_future/install/demo:/home/sazma/ws_future/install/tm_msgs:/home/sazma/ws_future/install/tm_moveit_cpp_demo:/home/sazma/ws_future/install/tm_moveit_config_tm5x-900:/home/sazma/ws_future/install/tm_moveit_config_tm5x-700:/home/sazma/ws_future/install/tm_moveit_config_tm5-900:/home/sazma/ws_future/install/tm_moveit_config_tm5-700:/home/sazma/ws_future/install/tm_moveit_config_tm14x:/home/sazma/ws_future/install/tm_moveit_config_tm14:/home/sazma/ws_future/install/tm_moveit_config_tm12x:/home/sazma/ws_future/install/tm_moveit_config_tm12:/home/sazma/ws_future/install/tm_description:/home/sazma/ws_future/install/custom_package:/home/sazma/ws_future/install/techman_robot_msgs:/home/sazma/ws_tm/install/ui_for_debug_and_demo:/home/sazma/ws_tm/install/tm_driver:/home/sazma/ws_tm/install/demo:/home/sazma/ws_tm/install/tm_msgs:/home/sazma/ws_tm/install/tm_moveit_cpp_demo:/home/sazma/ws_tm/install/tm_moveit_config_tm5x-900:/home/sazma/ws_tm/install/tm_moveit_config_tm5x-700:/home/sazma/ws_tm/install/tm_moveit_config_tm5-900:/home/sazma/ws_tm/install/tm_moveit_config_tm5-700:/home/sazma/ws_tm/install/tm_moveit_config_tm14x:/home/sazma/ws_tm/install/tm_moveit_config_tm14:/home/sazma/ws_tm/install/tm_moveit_config_tm12x:/home/sazma/ws_tm/install/tm_moveit_config_tm12:/home/sazma/ws_tm/install/tm_description:/home/sazma/ws_tm/install/custom_package:/home/sazma/ws_tm/install/techman_robot_msgs:/home/sazma/ws_future/install/tm_mod_urdf:/home/sazma/ws_future/install/tm_get_status:/home/sazma/ws_tm/install/tm_mod_urdf:/home/sazma/ws_tm/install/tm_get_status:/opt/ros/humble LD_LIBRARY_PATH=/home/sazma/ws_future/install/moveit_ros_occupancy_map_monitor/lib:/home/sazma/ws_future/install/moveit_core/lib:/home/sazma/ws_future/install/moveit_msgs/lib:${LD_LIBRARY_PATH} PATH=/home/sazma/ws_future/install/moveit_core/bin:${PATH} PYTHONPATH=/home/sazma/ws_future/install/moveit_msgs/local/lib/python3.10/dist-packages:${PYTHONPATH} /usr/bin/cmake --install /home/sazma/ws_future/build/moveit_ros_planning
[124.963s] -- Install configuration: "Release"
[124.963s] -- Installing: /home/sazma/ws_future/install/moveit_ros_planning/include/moveit_ros_planning
[124.963s] -- Installing: /home/sazma/ws_future/install/moveit_ros_planning/include/moveit_ros_planning/moveit
[124.964s] -- Installing: /home/sazma/ws_future/install/moveit_ros_planning/include/moveit_ros_planning/moveit/collision_plugin_loader
[124.964s] -- Installing: /home/sazma/ws_future/install/moveit_ros_planning/include/moveit_ros_planning/moveit/collision_plugin_loader/collision_plugin_loader.h
[124.964s] -- Up-to-date: /home/sazma/ws_future/install/moveit_ros_planning/include/moveit_ros_planning
[124.964s] -- Up-to-date: /home/sazma/ws_future/install/moveit_ros_planning/include/moveit_ros_planning/moveit
[124.964s] -- Installing: /home/sazma/ws_future/install/moveit_ros_planning/include/moveit_ros_planning/moveit/constraint_sampler_manager_loader
[124.964s] -- Installing: /home/sazma/ws_future/install/moveit_ros_planning/include/moveit_ros_planning/moveit/constraint_sampler_manager_loader/constraint_sampler_manager_loader.h
[124.964s] -- Installing: /home/sazma/ws_future/install/moveit_ros_planning/lib/moveit_ros_planning/moveit_list_planning_adapter_plugins
[124.965s] -- Set runtime path of "/home/sazma/ws_future/install/moveit_ros_planning/lib/moveit_ros_planning/moveit_list_planning_adapter_plugins" to ""
[124.965s] -- Installing: /home/sazma/ws_future/install/moveit_ros_planning/include/kinematics_parameters
[124.965s] -- Installing: /home/sazma/ws_future/install/moveit_ros_planning/include/kinematics_parameters/kinematics_parameters.hpp
[124.965s] -- Up-to-date: /home/sazma/ws_future/install/moveit_ros_planning/include/moveit_ros_planning
[124.965s] -- Up-to-date: /home/sazma/ws_future/install/moveit_ros_planning/include/moveit_ros_planning/moveit
[124.965s] -- Installing: /home/sazma/ws_future/install/moveit_ros_planning/include/moveit_ros_planning/moveit/kinematics_plugin_loader
[124.965s] -- Installing: /home/sazma/ws_future/install/moveit_ros_planning/include/moveit_ros_planning/moveit/kinematics_plugin_loader/kinematics_plugin_loader.h
[124.965s] -- Up-to-date: /home/sazma/ws_future/install/moveit_ros_planning/include/moveit_ros_planning
[124.965s] -- Up-to-date: /home/sazma/ws_future/install/moveit_ros_planning/include/moveit_ros_planning/moveit
[124.965s] -- Installing: /home/sazma/ws_future/install/moveit_ros_planning/include/moveit_ros_planning/moveit/moveit_cpp
[124.966s] -- Installing: /home/sazma/ws_future/install/moveit_ros_planning/include/moveit_ros_planning/moveit/moveit_cpp/planning_component.h
[124.966s] -- Installing: /home/sazma/ws_future/install/moveit_ros_planning/include/moveit_ros_planning/moveit/moveit_cpp/moveit_cpp.h
[124.966s] -- Up-to-date: /home/sazma/ws_future/install/moveit_ros_planning/include/moveit_ros_planning
[124.966s] -- Up-to-date: /home/sazma/ws_future/install/moveit_ros_planning/include/moveit_ros_planning/moveit
[124.966s] -- Installing: /home/sazma/ws_future/install/moveit_ros_planning/include/moveit_ros_planning/moveit/plan_execution
[124.966s] -- Installing: /home/sazma/ws_future/install/moveit_ros_planning/include/moveit_ros_planning/moveit/plan_execution/plan_execution.h
[124.966s] -- Installing: /home/sazma/ws_future/install/moveit_ros_planning/include/moveit_ros_planning/moveit/plan_execution/plan_representation.h
[124.966s] -- Installing: /home/sazma/ws_future/install/moveit_ros_planning/lib/moveit_ros_planning/moveit_print_planning_model_info
[124.967s] -- Set runtime path of "/home/sazma/ws_future/install/moveit_ros_planning/lib/moveit_ros_planning/moveit_print_planning_model_info" to ""
[124.967s] -- Installing: /home/sazma/ws_future/install/moveit_ros_planning/lib/moveit_ros_planning/moveit_print_planning_scene_info
[124.967s] -- Set runtime path of "/home/sazma/ws_future/install/moveit_ros_planning/lib/moveit_ros_planning/moveit_print_planning_scene_info" to ""
[124.967s] -- Installing: /home/sazma/ws_future/install/moveit_ros_planning/lib/moveit_ros_planning/moveit_display_random_state
[124.967s] -- Set runtime path of "/home/sazma/ws_future/install/moveit_ros_planning/lib/moveit_ros_planning/moveit_display_random_state" to ""
[124.968s] -- Installing: /home/sazma/ws_future/install/moveit_ros_planning/lib/moveit_ros_planning/moveit_visualize_robot_collision_volume
[124.968s] -- Set runtime path of "/home/sazma/ws_future/install/moveit_ros_planning/lib/moveit_ros_planning/moveit_visualize_robot_collision_volume" to ""
[124.968s] -- Installing: /home/sazma/ws_future/install/moveit_ros_planning/lib/moveit_ros_planning/moveit_evaluate_collision_checking_speed
[124.968s] -- Set runtime path of "/home/sazma/ws_future/install/moveit_ros_planning/lib/moveit_ros_planning/moveit_evaluate_collision_checking_speed" to ""
[124.968s] -- Installing: /home/sazma/ws_future/install/moveit_ros_planning/lib/moveit_ros_planning/moveit_publish_scene_from_text
[124.969s] -- Set runtime path of "/home/sazma/ws_future/install/moveit_ros_planning/lib/moveit_ros_planning/moveit_publish_scene_from_text" to ""
[124.969s] -- Installing: /home/sazma/ws_future/install/moveit_ros_planning/include/planning_pipeline_parameters
[124.969s] -- Installing: /home/sazma/ws_future/install/moveit_ros_planning/include/planning_pipeline_parameters/planning_pipeline_parameters.hpp
[124.969s] -- Up-to-date: /home/sazma/ws_future/install/moveit_ros_planning/include/moveit_ros_planning
[124.969s] -- Up-to-date: /home/sazma/ws_future/install/moveit_ros_planning/include/moveit_ros_planning/moveit
[124.969s] -- Installing: /home/sazma/ws_future/install/moveit_ros_planning/include/moveit_ros_planning/moveit/planning_pipeline
[124.970s] -- Installing: /home/sazma/ws_future/install/moveit_ros_planning/include/moveit_ros_planning/moveit/planning_pipeline/planning_pipeline.h
[124.970s] -- Installing: /home/sazma/ws_future/install/moveit_ros_planning/include/moveit_ros_planning/moveit_planning_pipeline_export.h
[124.970s] -- Up-to-date: /home/sazma/ws_future/install/moveit_ros_planning/include/moveit_ros_planning
[124.970s] -- Up-to-date: /home/sazma/ws_future/install/moveit_ros_planning/include/moveit_ros_planning/moveit
[124.970s] -- Installing: /home/sazma/ws_future/install/moveit_ros_planning/include/moveit_ros_planning/moveit/planning_pipeline_interfaces
[124.970s] -- Installing: /home/sazma/ws_future/install/moveit_ros_planning/include/moveit_ros_planning/moveit/planning_pipeline_interfaces/plan_responses_container.hpp
[124.970s] -- Installing: /home/sazma/ws_future/install/moveit_ros_planning/include/moveit_ros_planning/moveit/planning_pipeline_interfaces/solution_selection_functions.hpp
[124.970s] -- Installing: /home/sazma/ws_future/install/moveit_ros_planning/include/moveit_ros_planning/moveit/planning_pipeline_interfaces/planning_pipeline_interfaces.hpp
[124.970s] -- Installing: /home/sazma/ws_future/install/moveit_ros_planning/include/moveit_ros_planning/moveit/planning_pipeline_interfaces/stopping_criterion_functions.hpp
[124.971s] -- Installing: /home/sazma/ws_future/install/moveit_ros_planning/include/moveit_ros_planning/moveit_planning_pipeline_interfaces_export.h
[124.971s] -- Installing: /home/sazma/ws_future/install/moveit_ros_planning/include/default_plan_request_adapter_parameters
[124.971s] -- Installing: /home/sazma/ws_future/install/moveit_ros_planning/include/default_plan_request_adapter_parameters/default_plan_request_adapter_parameters.hpp
[124.971s] -- Installing: /home/sazma/ws_future/install/moveit_ros_planning/lib/moveit_ros_planning/demo_scene
[124.971s] -- Set runtime path of "/home/sazma/ws_future/install/moveit_ros_planning/lib/moveit_ros_planning/demo_scene" to ""
[124.972s] -- Up-to-date: /home/sazma/ws_future/install/moveit_ros_planning/include/moveit_ros_planning
[124.972s] -- Up-to-date: /home/sazma/ws_future/install/moveit_ros_planning/include/moveit_ros_planning/moveit
[124.972s] -- Installing: /home/sazma/ws_future/install/moveit_ros_planning/include/moveit_ros_planning/moveit/planning_scene_monitor
[124.972s] -- Installing: /home/sazma/ws_future/install/moveit_ros_planning/include/moveit_ros_planning/moveit/planning_scene_monitor/trajectory_monitor.h
[124.972s] -- Installing: /home/sazma/ws_future/install/moveit_ros_planning/include/moveit_ros_planning/moveit/planning_scene_monitor/current_state_monitor_middleware_handle.hpp
[124.972s] -- Installing: /home/sazma/ws_future/install/moveit_ros_planning/include/moveit_ros_planning/moveit/planning_scene_monitor/trajectory_monitor_middleware_handle.hpp
[124.972s] -- Installing: /home/sazma/ws_future/install/moveit_ros_planning/include/moveit_ros_planning/moveit/planning_scene_monitor/planning_scene_monitor.h
[124.972s] -- Installing: /home/sazma/ws_future/install/moveit_ros_planning/include/moveit_ros_planning/moveit/planning_scene_monitor/current_state_monitor.h
[124.972s] -- Installing: /home/sazma/ws_future/install/moveit_ros_planning/include/moveit_ros_planning/moveit_planning_scene_monitor_export.h
[124.973s] -- Up-to-date: /home/sazma/ws_future/install/moveit_ros_planning/include/moveit_ros_planning
[124.973s] -- Up-to-date: /home/sazma/ws_future/install/moveit_ros_planning/include/moveit_ros_planning/moveit
[124.973s] -- Installing: /home/sazma/ws_future/install/moveit_ros_planning/include/moveit_ros_planning/moveit/rdf_loader
[124.973s] -- Installing: /home/sazma/ws_future/install/moveit_ros_planning/include/moveit_ros_planning/moveit/rdf_loader/rdf_loader.h
[124.973s] -- Installing: /home/sazma/ws_future/install/moveit_ros_planning/include/moveit_ros_planning/moveit/rdf_loader/synchronized_string_parameter.h
[124.973s] -- Installing: /home/sazma/ws_future/install/moveit_ros_planning/share/moveit_ros_planning/rdf_loader/test/data
[124.973s] -- Installing: /home/sazma/ws_future/install/moveit_ros_planning/share/moveit_ros_planning/rdf_loader/test/data/robin.srdf.xacro
[124.973s] -- Installing: /home/sazma/ws_future/install/moveit_ros_planning/share/moveit_ros_planning/rdf_loader/test/data/kermit.urdf
[124.973s] -- Installing: /home/sazma/ws_future/install/moveit_ros_planning/share/moveit_ros_planning/rdf_loader/test/data/gonzo.urdf
[124.973s] -- Installing: /home/sazma/ws_future/install/moveit_ros_planning/share/moveit_ros_planning/rdf_loader/test/data/kermit.srdf
[124.974s] -- Installing: /home/sazma/ws_future/install/moveit_ros_planning/share/moveit_ros_planning/rdf_loader/test/data/gonzo.srdf
[124.974s] -- Installing: /home/sazma/ws_future/install/moveit_ros_planning/share/moveit_ros_planning/rdf_loader/test/launch
[124.974s] -- Installing: /home/sazma/ws_future/install/moveit_ros_planning/share/moveit_ros_planning/rdf_loader/test/launch/test_rdf_integration.test.py
[124.974s] -- Up-to-date: /home/sazma/ws_future/install/moveit_ros_planning/include/moveit_ros_planning
[124.974s] -- Up-to-date: /home/sazma/ws_future/install/moveit_ros_planning/include/moveit_ros_planning/moveit
[124.974s] -- Installing: /home/sazma/ws_future/install/moveit_ros_planning/include/moveit_ros_planning/moveit/robot_model_loader
[124.974s] -- Installing: /home/sazma/ws_future/install/moveit_ros_planning/include/moveit_ros_planning/moveit/robot_model_loader/robot_model_loader.h
[124.974s] -- Up-to-date: /home/sazma/ws_future/install/moveit_ros_planning/include/moveit_ros_planning
[124.975s] -- Up-to-date: /home/sazma/ws_future/install/moveit_ros_planning/include/moveit_ros_planning/moveit
[124.975s] -- Installing: /home/sazma/ws_future/install/moveit_ros_planning/include/moveit_ros_planning/moveit/trajectory_execution_manager
[124.975s] -- Installing: /home/sazma/ws_future/install/moveit_ros_planning/include/moveit_ros_planning/moveit/trajectory_execution_manager/trajectory_execution_manager.h
[124.975s] -- Installing: /home/sazma/ws_future/install/moveit_ros_planning/include/moveit_ros_planning/moveit_trajectory_execution_manager_export.h
[124.975s] -- Installing: /home/sazma/ws_future/install/moveit_ros_planning/lib/libmoveit_rdf_loader.so.2.8.0
[124.976s] -- Set runtime path of "/home/sazma/ws_future/install/moveit_ros_planning/lib/libmoveit_rdf_loader.so.2.8.0" to ""
[124.976s] -- Installing: /home/sazma/ws_future/install/moveit_ros_planning/lib/libmoveit_rdf_loader.so
[124.976s] -- Installing: /home/sazma/ws_future/install/moveit_ros_planning/lib/libmoveit_kinematics_plugin_loader.so.2.8.0
[124.977s] -- Set runtime path of "/home/sazma/ws_future/install/moveit_ros_planning/lib/libmoveit_kinematics_plugin_loader.so.2.8.0" to ""
[124.977s] -- Installing: /home/sazma/ws_future/install/moveit_ros_planning/lib/libmoveit_kinematics_plugin_loader.so
[124.977s] -- Installing: /home/sazma/ws_future/install/moveit_ros_planning/lib/libmoveit_robot_model_loader.so.2.8.0
[124.977s] -- Set runtime path of "/home/sazma/ws_future/install/moveit_ros_planning/lib/libmoveit_robot_model_loader.so.2.8.0" to ""
[124.977s] -- Installing: /home/sazma/ws_future/install/moveit_ros_planning/lib/libmoveit_robot_model_loader.so
[124.977s] -- Installing: /home/sazma/ws_future/install/moveit_ros_planning/lib/libmoveit_constraint_sampler_manager_loader.so.2.8.0
[124.978s] -- Set runtime path of "/home/sazma/ws_future/install/moveit_ros_planning/lib/libmoveit_constraint_sampler_manager_loader.so.2.8.0" to ""
[124.978s] -- Installing: /home/sazma/ws_future/install/moveit_ros_planning/lib/libmoveit_constraint_sampler_manager_loader.so
[124.978s] -- Installing: /home/sazma/ws_future/install/moveit_ros_planning/lib/libmoveit_planning_pipeline.so.2.8.0
[124.979s] -- Set runtime path of "/home/sazma/ws_future/install/moveit_ros_planning/lib/libmoveit_planning_pipeline.so.2.8.0" to ""
[124.979s] -- Installing: /home/sazma/ws_future/install/moveit_ros_planning/lib/libmoveit_planning_pipeline.so
[124.979s] -- Installing: /home/sazma/ws_future/install/moveit_ros_planning/lib/libmoveit_planning_pipeline_interfaces.so.2.8.0
[124.980s] -- Set runtime path of "/home/sazma/ws_future/install/moveit_ros_planning/lib/libmoveit_planning_pipeline_interfaces.so.2.8.0" to ""
[124.980s] -- Installing: /home/sazma/ws_future/install/moveit_ros_planning/lib/libmoveit_planning_pipeline_interfaces.so
[124.980s] -- Installing: /home/sazma/ws_future/install/moveit_ros_planning/lib/libmoveit_trajectory_execution_manager.so.2.8.0
[124.981s] -- Set runtime path of "/home/sazma/ws_future/install/moveit_ros_planning/lib/libmoveit_trajectory_execution_manager.so.2.8.0" to ""
[124.981s] -- Installing: /home/sazma/ws_future/install/moveit_ros_planning/lib/libmoveit_trajectory_execution_manager.so
[124.981s] -- Installing: /home/sazma/ws_future/install/moveit_ros_planning/lib/libmoveit_plan_execution.so.2.8.0
[124.982s] -- Set runtime path of "/home/sazma/ws_future/install/moveit_ros_planning/lib/libmoveit_plan_execution.so.2.8.0" to ""
[124.982s] -- Installing: /home/sazma/ws_future/install/moveit_ros_planning/lib/libmoveit_plan_execution.so
[124.982s] -- Installing: /home/sazma/ws_future/install/moveit_ros_planning/lib/libmoveit_planning_scene_monitor.so.2.8.0
[124.985s] -- Set runtime path of "/home/sazma/ws_future/install/moveit_ros_planning/lib/libmoveit_planning_scene_monitor.so.2.8.0" to ""
[124.985s] -- Installing: /home/sazma/ws_future/install/moveit_ros_planning/lib/libmoveit_planning_scene_monitor.so
[124.985s] -- Installing: /home/sazma/ws_future/install/moveit_ros_planning/lib/libmoveit_collision_plugin_loader.so.2.8.0
[124.985s] -- Set runtime path of "/home/sazma/ws_future/install/moveit_ros_planning/lib/libmoveit_collision_plugin_loader.so.2.8.0" to ""
[124.985s] -- Installing: /home/sazma/ws_future/install/moveit_ros_planning/lib/libmoveit_collision_plugin_loader.so
[124.985s] -- Installing: /home/sazma/ws_future/install/moveit_ros_planning/lib/libmoveit_default_planning_request_adapter_plugins.so.2.8.0
[124.986s] -- Set runtime path of "/home/sazma/ws_future/install/moveit_ros_planning/lib/libmoveit_default_planning_request_adapter_plugins.so.2.8.0" to ""
[124.986s] -- Installing: /home/sazma/ws_future/install/moveit_ros_planning/lib/libmoveit_default_planning_request_adapter_plugins.so
[124.986s] -- Installing: /home/sazma/ws_future/install/moveit_ros_planning/lib/libmoveit_cpp.so.2.8.0
[124.986s] -- Set runtime path of "/home/sazma/ws_future/install/moveit_ros_planning/lib/libmoveit_cpp.so.2.8.0" to ""
[124.987s] -- Installing: /home/sazma/ws_future/install/moveit_ros_planning/lib/libmoveit_cpp.so
[124.987s] -- Installing: /home/sazma/ws_future/install/moveit_ros_planning/share/moveit_ros_planning/environment/library_path.sh
[124.987s] -- Installing: /home/sazma/ws_future/install/moveit_ros_planning/share/moveit_ros_planning/environment/library_path.dsv
[124.987s] -- Installing: /home/sazma/ws_future/install/moveit_ros_planning/share/moveit_ros_planning/planning_request_adapters_plugin_description.xml
[124.987s] -- Installing: /home/sazma/ws_future/install/moveit_ros_planning/share/ament_index/resource_index/package_run_dependencies/moveit_ros_planning
[124.987s] -- Installing: /home/sazma/ws_future/install/moveit_ros_planning/share/ament_index/resource_index/parent_prefix_path/moveit_ros_planning
[124.987s] -- Installing: /home/sazma/ws_future/install/moveit_ros_planning/share/moveit_ros_planning/environment/ament_prefix_path.sh
[124.987s] -- Installing: /home/sazma/ws_future/install/moveit_ros_planning/share/moveit_ros_planning/environment/ament_prefix_path.dsv
[124.988s] -- Installing: /home/sazma/ws_future/install/moveit_ros_planning/share/moveit_ros_planning/environment/path.sh
[124.988s] -- Installing: /home/sazma/ws_future/install/moveit_ros_planning/share/moveit_ros_planning/environment/path.dsv
[124.988s] -- Installing: /home/sazma/ws_future/install/moveit_ros_planning/share/moveit_ros_planning/local_setup.bash
[124.988s] -- Installing: /home/sazma/ws_future/install/moveit_ros_planning/share/moveit_ros_planning/local_setup.sh
[124.988s] -- Installing: /home/sazma/ws_future/install/moveit_ros_planning/share/moveit_ros_planning/local_setup.zsh
[124.988s] -- Installing: /home/sazma/ws_future/install/moveit_ros_planning/share/moveit_ros_planning/local_setup.dsv
[124.988s] -- Installing: /home/sazma/ws_future/install/moveit_ros_planning/share/moveit_ros_planning/package.dsv
[124.988s] -- Installing: /home/sazma/ws_future/install/moveit_ros_planning/share/ament_index/resource_index/packages/moveit_ros_planning
[124.988s] -- Installing: /home/sazma/ws_future/install/moveit_ros_planning/share/ament_index/resource_index/moveit_core__pluginlib__plugin/moveit_ros_planning
[124.989s] -- Installing: /home/sazma/ws_future/install/moveit_ros_planning/share/moveit_ros_planning/cmake/moveit_ros_planningTargetsExport.cmake
[124.989s] -- Installing: /home/sazma/ws_future/install/moveit_ros_planning/share/moveit_ros_planning/cmake/moveit_ros_planningTargetsExport-release.cmake
[124.989s] -- Installing: /home/sazma/ws_future/install/moveit_ros_planning/share/moveit_ros_planning/cmake/ConfigExtras.cmake
[124.989s] -- Installing: /home/sazma/ws_future/install/moveit_ros_planning/share/moveit_ros_planning/cmake/ament_cmake_export_targets-extras.cmake
[124.989s] -- Installing: /home/sazma/ws_future/install/moveit_ros_planning/share/moveit_ros_planning/cmake/ament_cmake_export_dependencies-extras.cmake
[124.989s] -- Installing: /home/sazma/ws_future/install/moveit_ros_planning/share/moveit_ros_planning/cmake/moveit_ros_planningConfig.cmake
[124.989s] -- Installing: /home/sazma/ws_future/install/moveit_ros_planning/share/moveit_ros_planning/cmake/moveit_ros_planningConfig-version.cmake
[124.989s] -- Installing: /home/sazma/ws_future/install/moveit_ros_planning/share/moveit_ros_planning/package.xml
[124.991s] Invoked command in '/home/sazma/ws_future/build/moveit_ros_planning' returned '0': AMENT_PREFIX_PATH=/home/sazma/ws_future/install/moveit_ros_occupancy_map_monitor:/home/sazma/ws_future/install/moveit_core:/home/sazma/ws_future/install/moveit_resources_panda_moveit_config:/home/sazma/ws_future/install/moveit_resources_panda_description:/home/sazma/ws_future/install/moveit_msgs:/home/sazma/ws_future/install/moveit_common:${AMENT_PREFIX_PATH} CMAKE_PREFIX_PATH=/home/sazma/ws_future/install/moveit_ros_occupancy_map_monitor:/home/sazma/ws_future/install/moveit_core:/home/sazma/ws_future/install/moveit_resources_panda_moveit_config:/home/sazma/ws_future/install/moveit_resources_panda_description:/home/sazma/ws_future/install/moveit_msgs:/home/sazma/ws_future/install/moveit_common:/home/sazma/ws_future/install/ui_for_debug_and_demo:/home/sazma/ws_future/install/tm_driver:/home/sazma/ws_future/install/demo:/home/sazma/ws_future/install/tm_msgs:/home/sazma/ws_future/install/tm_moveit_cpp_demo:/home/sazma/ws_future/install/tm_moveit_config_tm5x-900:/home/sazma/ws_future/install/tm_moveit_config_tm5x-700:/home/sazma/ws_future/install/tm_moveit_config_tm5-900:/home/sazma/ws_future/install/tm_moveit_config_tm5-700:/home/sazma/ws_future/install/tm_moveit_config_tm14x:/home/sazma/ws_future/install/tm_moveit_config_tm14:/home/sazma/ws_future/install/tm_moveit_config_tm12x:/home/sazma/ws_future/install/tm_moveit_config_tm12:/home/sazma/ws_future/install/tm_description:/home/sazma/ws_future/install/custom_package:/home/sazma/ws_future/install/techman_robot_msgs:/home/sazma/ws_tm/install/ui_for_debug_and_demo:/home/sazma/ws_tm/install/tm_driver:/home/sazma/ws_tm/install/demo:/home/sazma/ws_tm/install/tm_msgs:/home/sazma/ws_tm/install/tm_moveit_cpp_demo:/home/sazma/ws_tm/install/tm_moveit_config_tm5x-900:/home/sazma/ws_tm/install/tm_moveit_config_tm5x-700:/home/sazma/ws_tm/install/tm_moveit_config_tm5-900:/home/sazma/ws_tm/install/tm_moveit_config_tm5-700:/home/sazma/ws_tm/install/tm_moveit_config_tm14x:/home/sazma/ws_tm/install/tm_moveit_config_tm14:/home/sazma/ws_tm/install/tm_moveit_config_tm12x:/home/sazma/ws_tm/install/tm_moveit_config_tm12:/home/sazma/ws_tm/install/tm_description:/home/sazma/ws_tm/install/custom_package:/home/sazma/ws_tm/install/techman_robot_msgs:/home/sazma/ws_future/install/tm_mod_urdf:/home/sazma/ws_future/install/tm_get_status:/home/sazma/ws_tm/install/tm_mod_urdf:/home/sazma/ws_tm/install/tm_get_status:/opt/ros/humble LD_LIBRARY_PATH=/home/sazma/ws_future/install/moveit_ros_occupancy_map_monitor/lib:/home/sazma/ws_future/install/moveit_core/lib:/home/sazma/ws_future/install/moveit_msgs/lib:${LD_LIBRARY_PATH} PATH=/home/sazma/ws_future/install/moveit_core/bin:${PATH} PYTHONPATH=/home/sazma/ws_future/install/moveit_msgs/local/lib/python3.10/dist-packages:${PYTHONPATH} /usr/bin/cmake --install /home/sazma/ws_future/build/moveit_ros_planning
