[0.862s] Invoking command in '/home/sazma/ws_future/build/kortex_description': CMAKE_PREFIX_PATH=${CMAKE_PREFIX_PATH}:/home/sazma/ws_future/install/tm_mod_urdf:/home/sazma/ws_future/install/tm_get_status:/home/sazma/ws_future/install/moveit_configs_utils:/opt/ros/humble /usr/bin/cmake --build /home/sazma/ws_future/build/kortex_description -- -j12 -l12
[0.928s] Invoked command in '/home/sazma/ws_future/build/kortex_description' returned '0': CMAKE_PREFIX_PATH=${CMAKE_PREFIX_PATH}:/home/sazma/ws_future/install/tm_mod_urdf:/home/sazma/ws_future/install/tm_get_status:/home/sazma/ws_future/install/moveit_configs_utils:/opt/ros/humble /usr/bin/cmake --build /home/sazma/ws_future/build/kortex_description -- -j12 -l12
[1.136s] Invoking command in '/home/sazma/ws_future/build/kortex_description': CMAKE_PREFIX_PATH=${CMAKE_PREFIX_PATH}:/home/sazma/ws_future/install/tm_mod_urdf:/home/sazma/ws_future/install/tm_get_status:/home/sazma/ws_future/install/moveit_configs_utils:/opt/ros/humble /usr/bin/cmake --install /home/sazma/ws_future/build/kortex_description
[1.174s] -- Install configuration: ""
[1.175s] -- Up-to-date: /home/sazma/ws_future/install/kortex_description/share/kortex_description/arms
[1.175s] -- Up-to-date: /home/sazma/ws_future/install/kortex_description/share/kortex_description/arms/gen3
[1.175s] -- Up-to-date: /home/sazma/ws_future/install/kortex_description/share/kortex_description/arms/gen3/7dof
[1.182s] -- Up-to-date: /home/sazma/ws_future/install/kortex_description/share/kortex_description/arms/gen3/7dof/urdf
[1.183s] -- Up-to-date: /home/sazma/ws_future/install/kortex_description/share/kortex_description/arms/gen3/7dof/urdf/gen3_macro.xacro
[1.183s] -- Up-to-date: /home/sazma/ws_future/install/kortex_description/share/kortex_description/arms/gen3/7dof/urdf/kortex.ros2_control.xacro
[1.183s] -- Up-to-date: /home/sazma/ws_future/install/kortex_description/share/kortex_description/arms/gen3/7dof/urdf/gen3_transmission_macro.xacro
[1.183s] -- Up-to-date: /home/sazma/ws_future/install/kortex_description/share/kortex_description/arms/gen3/7dof/config
[1.186s] -- Up-to-date: /home/sazma/ws_future/install/kortex_description/share/kortex_description/arms/gen3/7dof/config/joint_limits.yaml
[1.186s] -- Up-to-date: /home/sazma/ws_future/install/kortex_description/share/kortex_description/arms/gen3/7dof/config/ros2_controllers.yaml
[1.186s] -- Up-to-date: /home/sazma/ws_future/install/kortex_description/share/kortex_description/arms/gen3/7dof/config/gazebo_initial_joint_positions.yaml
[1.186s] -- Up-to-date: /home/sazma/ws_future/install/kortex_description/share/kortex_description/arms/gen3/7dof/config/twist_limits.yaml
[1.188s] -- Up-to-date: /home/sazma/ws_future/install/kortex_description/share/kortex_description/arms/gen3/7dof/meshes
[1.189s] -- Up-to-date: /home/sazma/ws_future/install/kortex_description/share/kortex_description/arms/gen3/7dof/meshes/forearm_link.STL
[1.189s] -- Up-to-date: /home/sazma/ws_future/install/kortex_description/share/kortex_description/arms/gen3/7dof/meshes/spherical_wrist_2_link.STL
[1.189s] -- Up-to-date: /home/sazma/ws_future/install/kortex_description/share/kortex_description/arms/gen3/7dof/meshes/end_effector_link.STL
[1.189s] -- Up-to-date: /home/sazma/ws_future/install/kortex_description/share/kortex_description/arms/gen3/7dof/meshes/spherical_wrist_1_link.STL
[1.189s] -- Up-to-date: /home/sazma/ws_future/install/kortex_description/share/kortex_description/arms/gen3/7dof/meshes/bracelet_no_vision_link.STL
[1.190s] -- Up-to-date: /home/sazma/ws_future/install/kortex_description/share/kortex_description/arms/gen3/7dof/meshes/bracelet_with_vision_link.STL
[1.190s] -- Up-to-date: /home/sazma/ws_future/install/kortex_description/share/kortex_description/arms/gen3/7dof/meshes/half_arm_2_link.STL
[1.190s] -- Up-to-date: /home/sazma/ws_future/install/kortex_description/share/kortex_description/arms/gen3/7dof/meshes/half_arm_1_link.STL
[1.190s] -- Up-to-date: /home/sazma/ws_future/install/kortex_description/share/kortex_description/arms/gen3/7dof/meshes/shoulder_link.STL
[1.190s] -- Up-to-date: /home/sazma/ws_future/install/kortex_description/share/kortex_description/arms/gen3/7dof/meshes/base_link.STL
[1.191s] -- Up-to-date: /home/sazma/ws_future/install/kortex_description/share/kortex_description/arms/gen3/6dof
[1.191s] -- Up-to-date: /home/sazma/ws_future/install/kortex_description/share/kortex_description/arms/gen3/6dof/urdf
[1.191s] -- Up-to-date: /home/sazma/ws_future/install/kortex_description/share/kortex_description/arms/gen3/6dof/urdf/gen3_macro.xacro
[1.192s] -- Up-to-date: /home/sazma/ws_future/install/kortex_description/share/kortex_description/arms/gen3/6dof/urdf/kortex.ros2_control.xacro
[1.196s] -- Up-to-date: /home/sazma/ws_future/install/kortex_description/share/kortex_description/arms/gen3/6dof/urdf/gen3_transmission_macro.xacro
[1.196s] -- Up-to-date: /home/sazma/ws_future/install/kortex_description/share/kortex_description/arms/gen3/6dof/config
[1.196s] -- Up-to-date: /home/sazma/ws_future/install/kortex_description/share/kortex_description/arms/gen3/6dof/config/joint_limits.yaml
[1.196s] -- Up-to-date: /home/sazma/ws_future/install/kortex_description/share/kortex_description/arms/gen3/6dof/config/ros2_controllers.yaml
[1.196s] -- Up-to-date: /home/sazma/ws_future/install/kortex_description/share/kortex_description/arms/gen3/6dof/config/gazebo_initial_joint_positions.yaml
[1.196s] -- Up-to-date: /home/sazma/ws_future/install/kortex_description/share/kortex_description/arms/gen3/6dof/config/twist_limits.yaml
[1.197s] -- Up-to-date: /home/sazma/ws_future/install/kortex_description/share/kortex_description/arms/gen3/6dof/meshes
[1.197s] -- Up-to-date: /home/sazma/ws_future/install/kortex_description/share/kortex_description/arms/gen3/6dof/meshes/forearm_link.STL
[1.197s] -- Up-to-date: /home/sazma/ws_future/install/kortex_description/share/kortex_description/arms/gen3/6dof/meshes/spherical_wrist_2_link.STL
[1.197s] -- Up-to-date: /home/sazma/ws_future/install/kortex_description/share/kortex_description/arms/gen3/6dof/meshes/spherical_wrist_1_link.STL
[1.197s] -- Up-to-date: /home/sazma/ws_future/install/kortex_description/share/kortex_description/arms/gen3/6dof/meshes/bracelet_no_vision_link.STL
[1.197s] -- Up-to-date: /home/sazma/ws_future/install/kortex_description/share/kortex_description/arms/gen3/6dof/meshes/bracelet_with_vision_link.STL
[1.197s] -- Up-to-date: /home/sazma/ws_future/install/kortex_description/share/kortex_description/arms/gen3/6dof/meshes/bicep_link.STL
[1.206s] -- Up-to-date: /home/sazma/ws_future/install/kortex_description/share/kortex_description/arms/gen3/6dof/meshes/shoulder_link.STL
[1.206s] -- Up-to-date: /home/sazma/ws_future/install/kortex_description/share/kortex_description/arms/gen3/6dof/meshes/base_link.STL
[1.206s] -- Up-to-date: /home/sazma/ws_future/install/kortex_description/share/kortex_description/arms/gen3_lite
[1.206s] -- Up-to-date: /home/sazma/ws_future/install/kortex_description/share/kortex_description/arms/gen3_lite/6dof
[1.206s] -- Up-to-date: /home/sazma/ws_future/install/kortex_description/share/kortex_description/arms/gen3_lite/6dof/urdf
[1.206s] -- Up-to-date: /home/sazma/ws_future/install/kortex_description/share/kortex_description/arms/gen3_lite/6dof/urdf/gen3_lite_macro.xacro
[1.207s] -- Up-to-date: /home/sazma/ws_future/install/kortex_description/share/kortex_description/arms/gen3_lite/6dof/urdf/gen3_lite_transmission_macro.xacro
[1.207s] -- Up-to-date: /home/sazma/ws_future/install/kortex_description/share/kortex_description/arms/gen3_lite/6dof/urdf/kortex.ros2_control.xacro
[1.207s] -- Up-to-date: /home/sazma/ws_future/install/kortex_description/share/kortex_description/arms/gen3_lite/6dof/config
[1.210s] -- Up-to-date: /home/sazma/ws_future/install/kortex_description/share/kortex_description/arms/gen3_lite/6dof/config/joint_limits.yaml
[1.210s] -- Up-to-date: /home/sazma/ws_future/install/kortex_description/share/kortex_description/arms/gen3_lite/6dof/config/twist_limits.yaml
[1.211s] -- Up-to-date: /home/sazma/ws_future/install/kortex_description/share/kortex_description/arms/gen3_lite/6dof/meshes
[1.211s] -- Up-to-date: /home/sazma/ws_future/install/kortex_description/share/kortex_description/arms/gen3_lite/6dof/meshes/forearm_link.STL
[1.212s] -- Up-to-date: /home/sazma/ws_future/install/kortex_description/share/kortex_description/arms/gen3_lite/6dof/meshes/lower_wrist_link.STL
[1.212s] -- Up-to-date: /home/sazma/ws_future/install/kortex_description/share/kortex_description/arms/gen3_lite/6dof/meshes/arm_link.STL
[1.212s] -- Up-to-date: /home/sazma/ws_future/install/kortex_description/share/kortex_description/arms/gen3_lite/6dof/meshes/upper_wrist_link.STL
[1.213s] -- Up-to-date: /home/sazma/ws_future/install/kortex_description/share/kortex_description/arms/gen3_lite/6dof/meshes/shoulder_link.STL
[1.213s] -- Up-to-date: /home/sazma/ws_future/install/kortex_description/share/kortex_description/arms/gen3_lite/6dof/meshes/base_link.STL
[1.213s] -- Up-to-date: /home/sazma/ws_future/install/kortex_description/share/kortex_description/grippers
[1.213s] -- Up-to-date: /home/sazma/ws_future/install/kortex_description/share/kortex_description/grippers/robotiq_2f_85
[1.213s] -- Up-to-date: /home/sazma/ws_future/install/kortex_description/share/kortex_description/grippers/robotiq_2f_85/urdf
[1.213s] -- Up-to-date: /home/sazma/ws_future/install/kortex_description/share/kortex_description/grippers/robotiq_2f_85/urdf/robotiq_2f_85_macro.xacro
[1.214s] -- Up-to-date: /home/sazma/ws_future/install/kortex_description/share/kortex_description/grippers/robotiq_2f_85/README.md
[1.214s] -- Up-to-date: /home/sazma/ws_future/install/kortex_description/share/kortex_description/grippers/robotiq_2f_85/LICENSE
[1.214s] -- Up-to-date: /home/sazma/ws_future/install/kortex_description/share/kortex_description/grippers/gen3_lite_2f
[1.214s] -- Up-to-date: /home/sazma/ws_future/install/kortex_description/share/kortex_description/grippers/gen3_lite_2f/urdf
[1.215s] -- Up-to-date: /home/sazma/ws_future/install/kortex_description/share/kortex_description/grippers/gen3_lite_2f/urdf/gen3_lite_2f_transmission_macro.xacro
[1.215s] -- Up-to-date: /home/sazma/ws_future/install/kortex_description/share/kortex_description/grippers/gen3_lite_2f/urdf/gen3_lite_2f_macro.xacro
[1.216s] -- Up-to-date: /home/sazma/ws_future/install/kortex_description/share/kortex_description/grippers/gen3_lite_2f/urdf/GEN3-LITE-GRIPPER_URDF_SIMPLIFIED_V2.urdf
[1.216s] -- Up-to-date: /home/sazma/ws_future/install/kortex_description/share/kortex_description/grippers/gen3_lite_2f/config
[1.216s] -- Up-to-date: /home/sazma/ws_future/install/kortex_description/share/kortex_description/grippers/gen3_lite_2f/config/joint_limits.yaml
[1.216s] -- Up-to-date: /home/sazma/ws_future/install/kortex_description/share/kortex_description/grippers/gen3_lite_2f/meshes
[1.216s] -- Up-to-date: /home/sazma/ws_future/install/kortex_description/share/kortex_description/grippers/gen3_lite_2f/meshes/left_finger_prox_link.STL
[1.217s] -- Up-to-date: /home/sazma/ws_future/install/kortex_description/share/kortex_description/grippers/gen3_lite_2f/meshes/gripper_base_link.STL
[1.217s] -- Up-to-date: /home/sazma/ws_future/install/kortex_description/share/kortex_description/grippers/gen3_lite_2f/meshes/right_finger_prox_link.STL
[1.217s] -- Up-to-date: /home/sazma/ws_future/install/kortex_description/share/kortex_description/grippers/gen3_lite_2f/meshes/right_finger_dist_link.STL
[1.217s] -- Up-to-date: /home/sazma/ws_future/install/kortex_description/share/kortex_description/grippers/gen3_lite_2f/meshes/left_finger_dist_link.STL
[1.217s] -- Up-to-date: /home/sazma/ws_future/install/kortex_description/share/kortex_description/grippers/robotiq_2f_140
[1.217s] -- Up-to-date: /home/sazma/ws_future/install/kortex_description/share/kortex_description/grippers/robotiq_2f_140/urdf
[1.217s] -- Up-to-date: /home/sazma/ws_future/install/kortex_description/share/kortex_description/grippers/robotiq_2f_140/urdf/robotiq_2f_140_transmission_macro.xacro
[1.218s] -- Up-to-date: /home/sazma/ws_future/install/kortex_description/share/kortex_description/grippers/robotiq_2f_140/urdf/robotiq_2f_140_macro.xacro
[1.218s] -- Up-to-date: /home/sazma/ws_future/install/kortex_description/share/kortex_description/grippers/robotiq_2f_140/urdf/robotiq_arg2f_140_model_macro.xacro
[1.218s] -- Up-to-date: /home/sazma/ws_future/install/kortex_description/share/kortex_description/grippers/robotiq_2f_140/urdf/robotiq_arg2f.xacro
[1.218s] -- Up-to-date: /home/sazma/ws_future/install/kortex_description/share/kortex_description/grippers/robotiq_2f_140/README.md
[1.219s] -- Up-to-date: /home/sazma/ws_future/install/kortex_description/share/kortex_description/grippers/robotiq_2f_140/config
[1.219s] -- Up-to-date: /home/sazma/ws_future/install/kortex_description/share/kortex_description/grippers/robotiq_2f_140/config/joint_limits.yaml
[1.219s] -- Up-to-date: /home/sazma/ws_future/install/kortex_description/share/kortex_description/grippers/robotiq_2f_140/LICENSE
[1.220s] -- Up-to-date: /home/sazma/ws_future/install/kortex_description/share/kortex_description/grippers/robotiq_2f_140/meshes
[1.220s] -- Up-to-date: /home/sazma/ws_future/install/kortex_description/share/kortex_description/grippers/robotiq_2f_140/meshes/collision
[1.220s] -- Up-to-date: /home/sazma/ws_future/install/kortex_description/share/kortex_description/grippers/robotiq_2f_140/meshes/collision/robotiq_arg2f_140_inner_finger.stl
[1.221s] -- Up-to-date: /home/sazma/ws_future/install/kortex_description/share/kortex_description/grippers/robotiq_2f_140/meshes/collision/robotiq_arg2f_140_outer_finger.stl
[1.221s] -- Up-to-date: /home/sazma/ws_future/install/kortex_description/share/kortex_description/grippers/robotiq_2f_140/meshes/collision/robotiq_arg2f_140_inner_knuckle.stl
[1.221s] -- Up-to-date: /home/sazma/ws_future/install/kortex_description/share/kortex_description/grippers/robotiq_2f_140/meshes/collision/robotiq_arg2f_140_outer_knuckle.stl
[1.222s] -- Up-to-date: /home/sazma/ws_future/install/kortex_description/share/kortex_description/grippers/robotiq_2f_140/meshes/collision/robotiq_arg2f_coupling.stl
[1.222s] -- Up-to-date: /home/sazma/ws_future/install/kortex_description/share/kortex_description/grippers/robotiq_2f_140/meshes/collision/robotiq_arg2f_base_link.stl
[1.222s] -- Up-to-date: /home/sazma/ws_future/install/kortex_description/share/kortex_description/grippers/robotiq_2f_140/meshes/visual
[1.222s] -- Up-to-date: /home/sazma/ws_future/install/kortex_description/share/kortex_description/grippers/robotiq_2f_140/meshes/visual/robotiq_arg2f_140_inner_finger.stl
[1.222s] -- Up-to-date: /home/sazma/ws_future/install/kortex_description/share/kortex_description/grippers/robotiq_2f_140/meshes/visual/robotiq_arg2f_140_outer_finger.stl
[1.222s] -- Up-to-date: /home/sazma/ws_future/install/kortex_description/share/kortex_description/grippers/robotiq_2f_140/meshes/visual/robotiq_arg2f_140_inner_knuckle.stl
[1.223s] -- Up-to-date: /home/sazma/ws_future/install/kortex_description/share/kortex_description/grippers/robotiq_2f_140/meshes/visual/robotiq_arg2f_140_outer_knuckle.stl
[1.223s] -- Up-to-date: /home/sazma/ws_future/install/kortex_description/share/kortex_description/grippers/robotiq_2f_140/meshes/visual/robotiq_arg2f_coupling.stl
[1.223s] -- Up-to-date: /home/sazma/ws_future/install/kortex_description/share/kortex_description/grippers/robotiq_2f_140/meshes/visual/robotiq_arg2f_base_link.stl
[1.223s] -- Up-to-date: /home/sazma/ws_future/install/kortex_description/share/kortex_description/launch
[1.223s] -- Up-to-date: /home/sazma/ws_future/install/kortex_description/share/kortex_description/launch/view_robot.launch.py
[1.223s] -- Up-to-date: /home/sazma/ws_future/install/kortex_description/share/kortex_description/multiple_robots
[1.223s] -- Up-to-date: /home/sazma/ws_future/install/kortex_description/share/kortex_description/multiple_robots/kortex_dual_robots.xacro
[1.223s] -- Up-to-date: /home/sazma/ws_future/install/kortex_description/share/kortex_description/robots
[1.223s] -- Up-to-date: /home/sazma/ws_future/install/kortex_description/share/kortex_description/robots/gen3_robotiq_2f_140.xacro
[1.223s] -- Up-to-date: /home/sazma/ws_future/install/kortex_description/share/kortex_description/robots/gen3_robotiq_2f_85.xacro
[1.223s] -- Up-to-date: /home/sazma/ws_future/install/kortex_description/share/kortex_description/robots/kinova.urdf.xacro
[1.223s] -- Up-to-date: /home/sazma/ws_future/install/kortex_description/share/kortex_description/robots/kortex_robot.xacro
[1.223s] -- Up-to-date: /home/sazma/ws_future/install/kortex_description/share/kortex_description/robots/gen3_lite_gen3_lite_2f.xacro
[1.224s] -- Up-to-date: /home/sazma/ws_future/install/kortex_description/share/kortex_description/robots/gen3.xacro
[1.224s] -- Up-to-date: /home/sazma/ws_future/install/kortex_description/share/kortex_description/rviz
[1.224s] -- Up-to-date: /home/sazma/ws_future/install/kortex_description/share/kortex_description/rviz/view_robot.rviz
[1.224s] -- Up-to-date: /home/sazma/ws_future/install/kortex_description/share/ament_index/resource_index/package_run_dependencies/kortex_description
[1.224s] -- Up-to-date: /home/sazma/ws_future/install/kortex_description/share/ament_index/resource_index/parent_prefix_path/kortex_description
[1.224s] -- Up-to-date: /home/sazma/ws_future/install/kortex_description/share/kortex_description/environment/ament_prefix_path.sh
[1.224s] -- Up-to-date: /home/sazma/ws_future/install/kortex_description/share/kortex_description/environment/ament_prefix_path.dsv
[1.224s] -- Up-to-date: /home/sazma/ws_future/install/kortex_description/share/kortex_description/environment/path.sh
[1.225s] -- Up-to-date: /home/sazma/ws_future/install/kortex_description/share/kortex_description/environment/path.dsv
[1.225s] -- Up-to-date: /home/sazma/ws_future/install/kortex_description/share/kortex_description/local_setup.bash
[1.225s] -- Up-to-date: /home/sazma/ws_future/install/kortex_description/share/kortex_description/local_setup.sh
[1.225s] -- Up-to-date: /home/sazma/ws_future/install/kortex_description/share/kortex_description/local_setup.zsh
[1.225s] -- Up-to-date: /home/sazma/ws_future/install/kortex_description/share/kortex_description/local_setup.dsv
[1.225s] -- Installing: /home/sazma/ws_future/install/kortex_description/share/kortex_description/package.dsv
[1.225s] -- Up-to-date: /home/sazma/ws_future/install/kortex_description/share/ament_index/resource_index/packages/kortex_description
[1.225s] -- Up-to-date: /home/sazma/ws_future/install/kortex_description/share/kortex_description/cmake/kortex_descriptionConfig.cmake
[1.225s] -- Up-to-date: /home/sazma/ws_future/install/kortex_description/share/kortex_description/cmake/kortex_descriptionConfig-version.cmake
[1.225s] -- Up-to-date: /home/sazma/ws_future/install/kortex_description/share/kortex_description/package.xml
[1.582s] Invoked command in '/home/sazma/ws_future/build/kortex_description' returned '0': CMAKE_PREFIX_PATH=${CMAKE_PREFIX_PATH}:/home/sazma/ws_future/install/tm_mod_urdf:/home/sazma/ws_future/install/tm_get_status:/home/sazma/ws_future/install/moveit_configs_utils:/opt/ros/humble /usr/bin/cmake --install /home/sazma/ws_future/build/kortex_description
