[0.447s] Invoking command in '/home/sazma/ws_future/build/pilz_industrial_motion_planner': AMENT_PREFIX_PATH=/home/sazma/ws_future/install/moveit_resources_prbt_pg70_support:/home/sazma/ws_future/install/moveit_ros_planning_interface:/home/sazma/ws_future/install/moveit_resources_prbt_moveit_config:/home/sazma/ws_future/install/moveit_ros_move_group:/home/sazma/ws_future/install/moveit_ros_warehouse:/home/sazma/ws_future/install/moveit_kinematics:/home/sazma/ws_future/install/moveit_ros_planning:/home/sazma/ws_future/install/pilz_industrial_motion_planner_testutils:/home/sazma/ws_future/install/moveit_ros_occupancy_map_monitor:/home/sazma/ws_future/install/moveit_resources_prbt_ikfast_manipulator_plugin:/home/sazma/ws_future/install/moveit_core:/home/sazma/ws_future/install/moveit_resources_panda_moveit_config:/home/sazma/ws_future/install/moveit_resources_prbt_support:/home/sazma/ws_future/install/moveit_resources_panda_description:/home/sazma/ws_future/install/moveit_msgs:/home/sazma/ws_future/install/moveit_configs_utils:/home/sazma/ws_future/install/moveit_common:${AMENT_PREFIX_PATH} CMAKE_PREFIX_PATH=/home/sazma/ws_future/install/moveit_resources_prbt_pg70_support:/home/sazma/ws_future/install/moveit_ros_planning_interface:/home/sazma/ws_future/install/moveit_resources_prbt_moveit_config:/home/sazma/ws_future/install/moveit_ros_move_group:/home/sazma/ws_future/install/moveit_ros_warehouse:/home/sazma/ws_future/install/moveit_kinematics:/home/sazma/ws_future/install/moveit_ros_planning:/home/sazma/ws_future/install/pilz_industrial_motion_planner_testutils:/home/sazma/ws_future/install/moveit_ros_occupancy_map_monitor:/home/sazma/ws_future/install/moveit_resources_prbt_ikfast_manipulator_plugin:/home/sazma/ws_future/install/moveit_core:/home/sazma/ws_future/install/moveit_resources_panda_moveit_config:/home/sazma/ws_future/install/moveit_resources_prbt_support:/home/sazma/ws_future/install/moveit_resources_panda_description:/home/sazma/ws_future/install/moveit_msgs:/home/sazma/ws_future/install/moveit_common:/home/sazma/ws_future/install/ui_for_debug_and_demo:/home/sazma/ws_future/install/tm_driver:/home/sazma/ws_future/install/demo:/home/sazma/ws_future/install/tm_msgs:/home/sazma/ws_future/install/tm_moveit_cpp_demo:/home/sazma/ws_future/install/tm_moveit_config_tm5x-900:/home/sazma/ws_future/install/tm_moveit_config_tm5x-700:/home/sazma/ws_future/install/tm_moveit_config_tm5-900:/home/sazma/ws_future/install/tm_moveit_config_tm5-700:/home/sazma/ws_future/install/tm_moveit_config_tm14x:/home/sazma/ws_future/install/tm_moveit_config_tm14:/home/sazma/ws_future/install/tm_moveit_config_tm12x:/home/sazma/ws_future/install/tm_moveit_config_tm12:/home/sazma/ws_future/install/tm_description:/home/sazma/ws_future/install/custom_package:/home/sazma/ws_future/install/techman_robot_msgs:/home/sazma/ws_tm/install/ui_for_debug_and_demo:/home/sazma/ws_tm/install/tm_driver:/home/sazma/ws_tm/install/demo:/home/sazma/ws_tm/install/tm_msgs:/home/sazma/ws_tm/install/tm_moveit_cpp_demo:/home/sazma/ws_tm/install/tm_moveit_config_tm5x-900:/home/sazma/ws_tm/install/tm_moveit_config_tm5x-700:/home/sazma/ws_tm/install/tm_moveit_config_tm5-900:/home/sazma/ws_tm/install/tm_moveit_config_tm5-700:/home/sazma/ws_tm/install/tm_moveit_config_tm14x:/home/sazma/ws_tm/install/tm_moveit_config_tm14:/home/sazma/ws_tm/install/tm_moveit_config_tm12x:/home/sazma/ws_tm/install/tm_moveit_config_tm12:/home/sazma/ws_tm/install/tm_description:/home/sazma/ws_tm/install/custom_package:/home/sazma/ws_tm/install/techman_robot_msgs:/home/sazma/ws_future/install/tm_mod_urdf:/home/sazma/ws_future/install/tm_get_status:/home/sazma/ws_tm/install/tm_mod_urdf:/home/sazma/ws_tm/install/tm_get_status:/opt/ros/humble LD_LIBRARY_PATH=/home/sazma/ws_future/install/moveit_ros_planning_interface/lib:/home/sazma/ws_future/install/moveit_ros_move_group/lib:/home/sazma/ws_future/install/moveit_ros_warehouse/lib:/home/sazma/ws_future/install/moveit_kinematics/lib:/home/sazma/ws_future/install/moveit_ros_planning/lib:/home/sazma/ws_future/install/pilz_industrial_motion_planner_testutils/lib:/home/sazma/ws_future/install/moveit_ros_occupancy_map_monitor/lib:/home/sazma/ws_future/install/moveit_resources_prbt_ikfast_manipulator_plugin/lib:/home/sazma/ws_future/install/moveit_core/lib:/home/sazma/ws_future/install/moveit_msgs/lib:${LD_LIBRARY_PATH} PATH=/home/sazma/ws_future/install/moveit_core/bin:${PATH} PYTHONPATH=/home/sazma/ws_future/install/moveit_msgs/local/lib/python3.10/dist-packages:/home/sazma/ws_future/install/moveit_configs_utils/lib/python3.10/site-packages:${PYTHONPATH} /usr/bin/cmake /home/sazma/ws_future/src/moveit2/moveit_planners/pilz_industrial_motion_planner -DCMAKE_INSTALL_PREFIX=/home/sazma/ws_future/install/pilz_industrial_motion_planner
[0.509s] -- The CXX compiler identification is GNU 11.4.0
[0.516s] -- Detecting CXX compiler ABI info
[0.592s] -- Detecting CXX compiler ABI info - done
[0.600s] -- Check for working CXX compiler: /usr/bin/c++ - skipped
[0.600s] -- Detecting CXX compile features
[0.600s] -- Detecting CXX compile features - done
[0.602s] -- Found moveit_common: 2.8.0 (/home/sazma/ws_future/install/moveit_common/share/moveit_common/cmake)
[0.609s] -- Found ament_cmake: 1.3.5 (/opt/ros/humble/share/ament_cmake/cmake)
[0.839s] -- Found Python3: /usr/bin/python3.10 (found version "3.10.12") found components: Interpreter 
[1.062s] -- Found libdw: /usr/lib/x86_64-linux-gnu/libdw.so  
[1.068s] -- Could NOT find libbfd (missing: LIBBFD_LIBRARY LIBBFD_INCLUDE_DIR) 
[1.068s] -- BACKWARD_HAS_UNWIND=1
[1.068s] -- BACKWARD_HAS_BACKTRACE=0
[1.068s] -- BACKWARD_HAS_BACKTRACE_SYMBOL=0
[1.068s] -- BACKWARD_HAS_DW=1
[1.068s] -- BACKWARD_HAS_BFD=0
[1.068s] -- Found Backward: /opt/ros/humble/share/backward_ros/cmake  
[1.069s] [0mpilz_industrial_motion_planner: You did not request a specific build type: Choosing 'Release' for maximum performance[0m
[1.073s] -- Found eigen3_cmake_module: 0.1.1 (/opt/ros/humble/share/eigen3_cmake_module/cmake)
[1.082s] -- Found Eigen3: TRUE (found version "3.4.0") 
[1.086s] -- Found generate_parameter_library: 0.3.6 (/opt/ros/humble/share/generate_parameter_library/cmake)
[1.095s] -- Found parameter_traits: 0.3.6 (/opt/ros/humble/share/parameter_traits/cmake)
[1.167s] -- Found rosidl_generator_c: 3.1.5 (/opt/ros/humble/share/rosidl_generator_c/cmake)
[1.178s] -- Found rosidl_adapter: 3.1.5 (/opt/ros/humble/share/rosidl_adapter/cmake)
[1.192s] -- Found rosidl_generator_cpp: 3.1.5 (/opt/ros/humble/share/rosidl_generator_cpp/cmake)
[1.214s] -- Using all available rosidl_typesupport_c: rosidl_typesupport_fastrtps_c;rosidl_typesupport_introspection_c
[1.245s] -- Using all available rosidl_typesupport_cpp: rosidl_typesupport_fastrtps_cpp;rosidl_typesupport_introspection_cpp
[1.347s] -- Found rmw_implementation_cmake: 6.1.1 (/opt/ros/humble/share/rmw_implementation_cmake/cmake)
[1.355s] -- Found rmw_fastrtps_cpp: 6.2.4 (/opt/ros/humble/share/rmw_fastrtps_cpp/cmake)
[1.466s] -- Found OpenSSL: /usr/lib/x86_64-linux-gnu/libcrypto.so (found version "3.0.2")  
[1.491s] -- Found FastRTPS: /opt/ros/humble/include  
[1.543s] -- Using RMW implementation 'rmw_fastrtps_cpp' as default
[1.562s] -- Looking for C++ include pthread.h
[1.671s] -- Looking for C++ include pthread.h - found
[1.671s] -- Performing Test CMAKE_HAVE_LIBC_PTHREAD
[1.788s] -- Performing Test CMAKE_HAVE_LIBC_PTHREAD - Success
[1.790s] -- Found Threads: TRUE  
[1.997s] -- Found rclcpp_lifecycle: 16.0.6 (/opt/ros/humble/share/rclcpp_lifecycle/cmake)
[2.049s] -- Found geometry_msgs: 4.2.3 (/opt/ros/humble/share/geometry_msgs/cmake)
[2.094s] -- Found moveit_core: 2.8.0 (/home/sazma/ws_future/install/moveit_core/share/moveit_core/cmake)
[2.159s] -- Found Boost: /usr/lib/x86_64-linux-gnu/cmake/Boost-1.74.0/BoostConfig.cmake (found version "1.74.0") found components: chrono date_time filesystem iostreams program_options regex serialization system thread 
[2.213s] -- Found Boost: /usr/lib/x86_64-linux-gnu/cmake/Boost-1.74.0/BoostConfig.cmake (found version "1.74.0") found components: filesystem 
[2.318s] -- library: /usr/lib/x86_64-linux-gnu/libcurl.so
[2.670s] -- Ensuring Eigen3 include directory is part of orocos-kdl CMake target
[3.920s] -- Found moveit_ros_move_group: 2.8.0 (/home/sazma/ws_future/install/moveit_ros_move_group/share/moveit_ros_move_group/cmake)
[3.925s] -- Found Boost: /usr/lib/x86_64-linux-gnu/cmake/Boost-1.74.0/BoostConfig.cmake (found version "1.74.0") found components: system filesystem date_time program_options thread 
[4.268s] -- Found Boost: /usr/lib/x86_64-linux-gnu/cmake/Boost-1.74.0/BoostConfig.cmake (found version "1.74.0") found components: system filesystem date_time program_options thread chrono 
[4.814s] -- Found moveit_ros_planning_interface: 2.8.0 (/home/sazma/ws_future/install/moveit_ros_planning_interface/share/moveit_ros_planning_interface/cmake)
[4.819s] -- Found Boost: /usr/lib/x86_64-linux-gnu/cmake/Boost-1.74.0/BoostConfig.cmake (found version "1.74.0") found components: date_time filesystem program_options system thread 
[5.080s] -- Found Boost: /usr/lib/x86_64-linux-gnu/cmake/Boost-1.74.0/BoostConfig.cmake (found version "1.74.0") found components: thread system filesystem regex date_time program_options 
[5.736s] -- Found tf2_eigen_kdl: 0.25.4 (/opt/ros/humble/share/tf2_eigen_kdl/cmake)
[5.750s] -- Found Boost: /usr/lib/x86_64-linux-gnu/cmake/Boost-1.74.0/BoostConfig.cmake (found version "1.74.0")  
[6.227s] -- Found ament_cmake_gtest: 1.3.5 (/opt/ros/humble/share/ament_cmake_gtest/cmake)
[6.252s] -- Found ament_cmake_gmock: 1.3.5 (/opt/ros/humble/share/ament_cmake_gmock/cmake)
[6.260s] -- Found ros_testing: 0.4.0 (/opt/ros/humble/share/ros_testing/cmake)
[6.290s] -- Found launch_testing_ament_cmake: 1.0.4 (/opt/ros/humble/share/launch_testing_ament_cmake/cmake)
[6.298s] -- Found python_cmake_module: 0.10.0 (/opt/ros/humble/share/python_cmake_module/cmake)
[6.388s] -- Found PythonInterp: /usr/bin/python3 (found suitable version "3.10.12", minimum required is "3.6") 
[6.399s] -- Found PythonLibs: /usr/lib/x86_64-linux-gnu/libpython3.10.so (found suitable version "3.10.12", minimum required is "3.5") 
[6.400s] -- Using PYTHON_EXECUTABLE: /usr/bin/python3
[6.414s] -- Using PYTHON_INCLUDE_DIRS: /usr/include/python3.10
[6.414s] -- Using PYTHON_LIBRARIES: /usr/lib/x86_64-linux-gnu/libpython3.10.so
[6.497s] -- Found PythonExtra: .so  
[6.500s] -- Found moveit_resources_prbt_support: 2.8.0 (/home/sazma/ws_future/install/moveit_resources_prbt_support/share/moveit_resources_prbt_support/cmake)
[6.501s] -- Found moveit_resources_prbt_moveit_config: 2.8.0 (/home/sazma/ws_future/install/moveit_resources_prbt_moveit_config/share/moveit_resources_prbt_moveit_config/cmake)
[6.507s] -- Found Boost: /usr/lib/x86_64-linux-gnu/cmake/Boost-1.74.0/BoostConfig.cmake (found version "1.74.0") found components: thread 
[6.518s] -- Found pilz_industrial_motion_planner_testutils: 2.8.0 (/home/sazma/ws_future/install/pilz_industrial_motion_planner_testutils/share/pilz_industrial_motion_planner_testutils/cmake)
[6.854s] -- Found gtest sources under '/opt/ros/humble/src/gtest_vendor': C++ tests using 'Google Test' will be built
[7.074s] -- The C compiler identification is GNU 11.4.0
[7.097s] -- Detecting C compiler ABI info
[7.666s] -- Detecting C compiler ABI info - done
[7.681s] -- Check for working C compiler: /usr/bin/cc - skipped
[7.682s] -- Detecting C compile features
[7.683s] -- Detecting C compile features - done
[7.843s] -- Found gmock sources under '/opt/ros/humble/src/gmock_vendor': C++ tests using 'Google Mock' will be built
[7.866s] -- Found ament_lint_auto: 0.12.8 (/opt/ros/humble/share/ament_lint_auto/cmake)
[8.422s] -- Found launch_testing_ament_cmake: 1.0.4 (/opt/ros/humble/share/launch_testing_ament_cmake/cmake)
[8.422s] -- Found python_cmake_module: 0.10.0 (/opt/ros/humble/share/python_cmake_module/cmake)
[8.521s] -- Using PYTHON_EXECUTABLE: /usr/bin/python3
[8.522s] -- Using PYTHON_INCLUDE_DIRS: /usr/include/python3.10
[8.522s] -- Using PYTHON_LIBRARIES: /usr/lib/x86_64-linux-gnu/libpython3.10.so
[8.558s] -- Added test 'cppcheck' to perform static code analysis on C / C++ code
[8.562s] -- Configured cppcheck include dirs: /home/sazma/ws_future/src/moveit2/moveit_planners/pilz_industrial_motion_planner/include
[8.562s] -- Configured cppcheck exclude dirs and/or files: 
[8.579s] -- Added test 'pep257' to check Python code against some of the docstring style conventions in PEP 257
[8.582s] -- Added test 'xmllint' to check XML markup files
[8.587s] -- Configuring done
[10.119s] -- Generating done
[10.128s] -- Build files have been written to: /home/sazma/ws_future/build/pilz_industrial_motion_planner
[10.196s] Invoked command in '/home/sazma/ws_future/build/pilz_industrial_motion_planner' returned '0': AMENT_PREFIX_PATH=/home/sazma/ws_future/install/moveit_resources_prbt_pg70_support:/home/sazma/ws_future/install/moveit_ros_planning_interface:/home/sazma/ws_future/install/moveit_resources_prbt_moveit_config:/home/sazma/ws_future/install/moveit_ros_move_group:/home/sazma/ws_future/install/moveit_ros_warehouse:/home/sazma/ws_future/install/moveit_kinematics:/home/sazma/ws_future/install/moveit_ros_planning:/home/sazma/ws_future/install/pilz_industrial_motion_planner_testutils:/home/sazma/ws_future/install/moveit_ros_occupancy_map_monitor:/home/sazma/ws_future/install/moveit_resources_prbt_ikfast_manipulator_plugin:/home/sazma/ws_future/install/moveit_core:/home/sazma/ws_future/install/moveit_resources_panda_moveit_config:/home/sazma/ws_future/install/moveit_resources_prbt_support:/home/sazma/ws_future/install/moveit_resources_panda_description:/home/sazma/ws_future/install/moveit_msgs:/home/sazma/ws_future/install/moveit_configs_utils:/home/sazma/ws_future/install/moveit_common:${AMENT_PREFIX_PATH} CMAKE_PREFIX_PATH=/home/sazma/ws_future/install/moveit_resources_prbt_pg70_support:/home/sazma/ws_future/install/moveit_ros_planning_interface:/home/sazma/ws_future/install/moveit_resources_prbt_moveit_config:/home/sazma/ws_future/install/moveit_ros_move_group:/home/sazma/ws_future/install/moveit_ros_warehouse:/home/sazma/ws_future/install/moveit_kinematics:/home/sazma/ws_future/install/moveit_ros_planning:/home/sazma/ws_future/install/pilz_industrial_motion_planner_testutils:/home/sazma/ws_future/install/moveit_ros_occupancy_map_monitor:/home/sazma/ws_future/install/moveit_resources_prbt_ikfast_manipulator_plugin:/home/sazma/ws_future/install/moveit_core:/home/sazma/ws_future/install/moveit_resources_panda_moveit_config:/home/sazma/ws_future/install/moveit_resources_prbt_support:/home/sazma/ws_future/install/moveit_resources_panda_description:/home/sazma/ws_future/install/moveit_msgs:/home/sazma/ws_future/install/moveit_common:/home/sazma/ws_future/install/ui_for_debug_and_demo:/home/sazma/ws_future/install/tm_driver:/home/sazma/ws_future/install/demo:/home/sazma/ws_future/install/tm_msgs:/home/sazma/ws_future/install/tm_moveit_cpp_demo:/home/sazma/ws_future/install/tm_moveit_config_tm5x-900:/home/sazma/ws_future/install/tm_moveit_config_tm5x-700:/home/sazma/ws_future/install/tm_moveit_config_tm5-900:/home/sazma/ws_future/install/tm_moveit_config_tm5-700:/home/sazma/ws_future/install/tm_moveit_config_tm14x:/home/sazma/ws_future/install/tm_moveit_config_tm14:/home/sazma/ws_future/install/tm_moveit_config_tm12x:/home/sazma/ws_future/install/tm_moveit_config_tm12:/home/sazma/ws_future/install/tm_description:/home/sazma/ws_future/install/custom_package:/home/sazma/ws_future/install/techman_robot_msgs:/home/sazma/ws_tm/install/ui_for_debug_and_demo:/home/sazma/ws_tm/install/tm_driver:/home/sazma/ws_tm/install/demo:/home/sazma/ws_tm/install/tm_msgs:/home/sazma/ws_tm/install/tm_moveit_cpp_demo:/home/sazma/ws_tm/install/tm_moveit_config_tm5x-900:/home/sazma/ws_tm/install/tm_moveit_config_tm5x-700:/home/sazma/ws_tm/install/tm_moveit_config_tm5-900:/home/sazma/ws_tm/install/tm_moveit_config_tm5-700:/home/sazma/ws_tm/install/tm_moveit_config_tm14x:/home/sazma/ws_tm/install/tm_moveit_config_tm14:/home/sazma/ws_tm/install/tm_moveit_config_tm12x:/home/sazma/ws_tm/install/tm_moveit_config_tm12:/home/sazma/ws_tm/install/tm_description:/home/sazma/ws_tm/install/custom_package:/home/sazma/ws_tm/install/techman_robot_msgs:/home/sazma/ws_future/install/tm_mod_urdf:/home/sazma/ws_future/install/tm_get_status:/home/sazma/ws_tm/install/tm_mod_urdf:/home/sazma/ws_tm/install/tm_get_status:/opt/ros/humble LD_LIBRARY_PATH=/home/sazma/ws_future/install/moveit_ros_planning_interface/lib:/home/sazma/ws_future/install/moveit_ros_move_group/lib:/home/sazma/ws_future/install/moveit_ros_warehouse/lib:/home/sazma/ws_future/install/moveit_kinematics/lib:/home/sazma/ws_future/install/moveit_ros_planning/lib:/home/sazma/ws_future/install/pilz_industrial_motion_planner_testutils/lib:/home/sazma/ws_future/install/moveit_ros_occupancy_map_monitor/lib:/home/sazma/ws_future/install/moveit_resources_prbt_ikfast_manipulator_plugin/lib:/home/sazma/ws_future/install/moveit_core/lib:/home/sazma/ws_future/install/moveit_msgs/lib:${LD_LIBRARY_PATH} PATH=/home/sazma/ws_future/install/moveit_core/bin:${PATH} PYTHONPATH=/home/sazma/ws_future/install/moveit_msgs/local/lib/python3.10/dist-packages:/home/sazma/ws_future/install/moveit_configs_utils/lib/python3.10/site-packages:${PYTHONPATH} /usr/bin/cmake /home/sazma/ws_future/src/moveit2/moveit_planners/pilz_industrial_motion_planner -DCMAKE_INSTALL_PREFIX=/home/sazma/ws_future/install/pilz_industrial_motion_planner
[10.197s] Invoking command in '/home/sazma/ws_future/build/pilz_industrial_motion_planner': AMENT_PREFIX_PATH=/home/sazma/ws_future/install/moveit_resources_prbt_pg70_support:/home/sazma/ws_future/install/moveit_ros_planning_interface:/home/sazma/ws_future/install/moveit_resources_prbt_moveit_config:/home/sazma/ws_future/install/moveit_ros_move_group:/home/sazma/ws_future/install/moveit_ros_warehouse:/home/sazma/ws_future/install/moveit_kinematics:/home/sazma/ws_future/install/moveit_ros_planning:/home/sazma/ws_future/install/pilz_industrial_motion_planner_testutils:/home/sazma/ws_future/install/moveit_ros_occupancy_map_monitor:/home/sazma/ws_future/install/moveit_resources_prbt_ikfast_manipulator_plugin:/home/sazma/ws_future/install/moveit_core:/home/sazma/ws_future/install/moveit_resources_panda_moveit_config:/home/sazma/ws_future/install/moveit_resources_prbt_support:/home/sazma/ws_future/install/moveit_resources_panda_description:/home/sazma/ws_future/install/moveit_msgs:/home/sazma/ws_future/install/moveit_configs_utils:/home/sazma/ws_future/install/moveit_common:${AMENT_PREFIX_PATH} CMAKE_PREFIX_PATH=/home/sazma/ws_future/install/moveit_resources_prbt_pg70_support:/home/sazma/ws_future/install/moveit_ros_planning_interface:/home/sazma/ws_future/install/moveit_resources_prbt_moveit_config:/home/sazma/ws_future/install/moveit_ros_move_group:/home/sazma/ws_future/install/moveit_ros_warehouse:/home/sazma/ws_future/install/moveit_kinematics:/home/sazma/ws_future/install/moveit_ros_planning:/home/sazma/ws_future/install/pilz_industrial_motion_planner_testutils:/home/sazma/ws_future/install/moveit_ros_occupancy_map_monitor:/home/sazma/ws_future/install/moveit_resources_prbt_ikfast_manipulator_plugin:/home/sazma/ws_future/install/moveit_core:/home/sazma/ws_future/install/moveit_resources_panda_moveit_config:/home/sazma/ws_future/install/moveit_resources_prbt_support:/home/sazma/ws_future/install/moveit_resources_panda_description:/home/sazma/ws_future/install/moveit_msgs:/home/sazma/ws_future/install/moveit_common:/home/sazma/ws_future/install/ui_for_debug_and_demo:/home/sazma/ws_future/install/tm_driver:/home/sazma/ws_future/install/demo:/home/sazma/ws_future/install/tm_msgs:/home/sazma/ws_future/install/tm_moveit_cpp_demo:/home/sazma/ws_future/install/tm_moveit_config_tm5x-900:/home/sazma/ws_future/install/tm_moveit_config_tm5x-700:/home/sazma/ws_future/install/tm_moveit_config_tm5-900:/home/sazma/ws_future/install/tm_moveit_config_tm5-700:/home/sazma/ws_future/install/tm_moveit_config_tm14x:/home/sazma/ws_future/install/tm_moveit_config_tm14:/home/sazma/ws_future/install/tm_moveit_config_tm12x:/home/sazma/ws_future/install/tm_moveit_config_tm12:/home/sazma/ws_future/install/tm_description:/home/sazma/ws_future/install/custom_package:/home/sazma/ws_future/install/techman_robot_msgs:/home/sazma/ws_tm/install/ui_for_debug_and_demo:/home/sazma/ws_tm/install/tm_driver:/home/sazma/ws_tm/install/demo:/home/sazma/ws_tm/install/tm_msgs:/home/sazma/ws_tm/install/tm_moveit_cpp_demo:/home/sazma/ws_tm/install/tm_moveit_config_tm5x-900:/home/sazma/ws_tm/install/tm_moveit_config_tm5x-700:/home/sazma/ws_tm/install/tm_moveit_config_tm5-900:/home/sazma/ws_tm/install/tm_moveit_config_tm5-700:/home/sazma/ws_tm/install/tm_moveit_config_tm14x:/home/sazma/ws_tm/install/tm_moveit_config_tm14:/home/sazma/ws_tm/install/tm_moveit_config_tm12x:/home/sazma/ws_tm/install/tm_moveit_config_tm12:/home/sazma/ws_tm/install/tm_description:/home/sazma/ws_tm/install/custom_package:/home/sazma/ws_tm/install/techman_robot_msgs:/home/sazma/ws_future/install/tm_mod_urdf:/home/sazma/ws_future/install/tm_get_status:/home/sazma/ws_tm/install/tm_mod_urdf:/home/sazma/ws_tm/install/tm_get_status:/opt/ros/humble LD_LIBRARY_PATH=/home/sazma/ws_future/install/moveit_ros_planning_interface/lib:/home/sazma/ws_future/install/moveit_ros_move_group/lib:/home/sazma/ws_future/install/moveit_ros_warehouse/lib:/home/sazma/ws_future/install/moveit_kinematics/lib:/home/sazma/ws_future/install/moveit_ros_planning/lib:/home/sazma/ws_future/install/pilz_industrial_motion_planner_testutils/lib:/home/sazma/ws_future/install/moveit_ros_occupancy_map_monitor/lib:/home/sazma/ws_future/install/moveit_resources_prbt_ikfast_manipulator_plugin/lib:/home/sazma/ws_future/install/moveit_core/lib:/home/sazma/ws_future/install/moveit_msgs/lib:${LD_LIBRARY_PATH} PATH=/home/sazma/ws_future/install/moveit_core/bin:${PATH} PYTHONPATH=/home/sazma/ws_future/install/moveit_msgs/local/lib/python3.10/dist-packages:/home/sazma/ws_future/install/moveit_configs_utils/lib/python3.10/site-packages:${PYTHONPATH} /usr/bin/cmake --build /home/sazma/ws_future/build/pilz_industrial_motion_planner -- -j12 -l12
[10.497s] [  1%] [34m[1mRunning `/opt/ros/humble/bin/generate_parameter_library_cpp /home/sazma/ws_future/build/pilz_industrial_motion_planner/cartesian_limits_parameters/include//cartesian_limits_parameters.hpp /home/sazma/ws_future/src/moveit2/moveit_planners/pilz_industrial_motion_planner/src/cartesian_limits_parameters.yaml `[0m
[10.525s] [  2%] [32mBuilding CXX object gtest/CMakeFiles/gtest.dir/src/gtest-all.cc.o[0m
[10.537s] [  3%] [32mBuilding CXX object gtest/CMakeFiles/gtest_main.dir/src/gtest_main.cc.o[0m
[10.551s] [  5%] [32mBuilding CXX object gmock/CMakeFiles/gmock_main.dir/src/gmock_main.cc.o[0m
[10.591s] [  6%] [32mBuilding CXX object gmock/CMakeFiles/gmock.dir/opt/ros/humble/src/gtest_vendor/src/gtest-all.cc.o[0m
[10.594s] [  7%] [32mBuilding CXX object gmock/CMakeFiles/gmock.dir/src/gmock-all.cc.o[0m
[11.558s] [  7%] Built target cartesian_limits_parameters
[11.705s] [  8%] [32mBuilding CXX object CMakeFiles/planning_context_loader_base.dir/src/planning_context_loader.cpp.o[0m
[11.725s] [ 10%] [32mBuilding CXX object CMakeFiles/joint_limits_common.dir/src/joint_limits_aggregator.cpp.o[0m
[11.742s] [ 11%] [32mBuilding CXX object CMakeFiles/joint_limits_common.dir/src/joint_limits_container.cpp.o[0m
[11.747s] [ 12%] [32mBuilding CXX object CMakeFiles/trajectory_generation_common.dir/src/trajectory_functions.cpp.o[0m
[11.762s] [ 13%] [32mBuilding CXX object CMakeFiles/joint_limits_common.dir/src/limits_container.cpp.o[0m
[11.774s] [ 15%] [32mBuilding CXX object CMakeFiles/trajectory_generation_common.dir/src/trajectory_generator.cpp.o[0m
[11.786s] [ 16%] [32mBuilding CXX object CMakeFiles/joint_limits_common.dir/src/joint_limits_validator.cpp.o[0m
[15.390s] [ 17%] [32m[1mLinking CXX static library libgtest_main.a[0m
[15.637s] [ 17%] Built target gtest_main
[15.735s] [ 18%] [32mBuilding CXX object CMakeFiles/trajectory_generation_common.dir/src/trajectory_blender_transition_window.cpp.o[0m
[16.365s] [ 20%] [32m[1mLinking CXX static library libgmock_main.a[0m
[16.666s] [ 20%] Built target gmock_main
[42.788s] [ 21%] [32m[1mLinking CXX shared library libplanning_context_loader_base.so[0m
[46.523s] [ 21%] Built target planning_context_loader_base
[49.264s] [ 22%] [32m[1mLinking CXX static library libgmock.a[0m
[49.463s] [ 22%] Built target gmock
[50.875s] [ 23%] [32m[1mLinking CXX static library libgtest.a[0m
[51.084s] [ 23%] Built target gtest
[52.973s] [ 25%] [32m[1mLinking CXX shared library libjoint_limits_common.so[0m
[56.274s] [ 25%] Built target joint_limits_common
[59.307s] [ 26%] [32m[1mLinking CXX shared library libtrajectory_generation_common.so[0m
[59.834s] [ 26%] Built target trajectory_generation_common
[59.872s] [ 27%] [32mBuilding CXX object test/unit_tests/CMakeFiles/unittest_joint_limits_validator.dir/src/unittest_joint_limits_validator.cpp.o[0m
[63.914s] [ 28%] [32m[1mLinking CXX executable unittest_joint_limits_validator[0m
[64.218s] [ 28%] Built target unittest_joint_limits_validator
[64.246s] [ 30%] [32mBuilding CXX object test/CMakeFiles/pilz_industrial_motion_planner_test_utils.dir/test_utils.cpp.o[0m
[84.945s] [ 31%] [32m[1mLinking CXX static library libpilz_industrial_motion_planner_test_utils.a[0m
[84.980s] [ 31%] Built target pilz_industrial_motion_planner_test_utils
[85.004s] [ 32%] [32mBuilding CXX object CMakeFiles/planning_context_loader_circ.dir/src/planning_context_loader_circ.cpp.o[0m
[95.191s] [ 33%] [32mBuilding CXX object CMakeFiles/planning_context_loader_circ.dir/src/path_circle_generator.cpp.o[0m
[96.509s] [ 35%] [32mBuilding CXX object CMakeFiles/planning_context_loader_circ.dir/src/trajectory_generator_circ.cpp.o[0m
[106.290s] [ 36%] [32m[1mLinking CXX shared library libplanning_context_loader_circ.so[0m
[106.612s] [ 36%] Built target planning_context_loader_circ
[106.645s] [ 42%] [32mBuilding CXX object CMakeFiles/planning_context_loader_ptp.dir/src/planning_context_loader_ptp.cpp.o[0m
[106.645s] [ 42%] [32mBuilding CXX object CMakeFiles/planning_context_loader_ptp.dir/src/trajectory_generator_ptp.cpp.o[0m
[106.646s] [ 42%] [32mBuilding CXX object CMakeFiles/command_list_manager.dir/src/plan_components_builder.cpp.o[0m
[106.646s] [ 42%] [32mBuilding CXX object CMakeFiles/planning_context_loader_ptp.dir/src/velocity_profile_atrap.cpp.o[0m
[106.646s] [ 42%] [32mBuilding CXX object CMakeFiles/command_list_manager.dir/src/command_list_manager.cpp.o[0m
[106.649s] [ 43%] [32mBuilding CXX object CMakeFiles/planning_context_loader_lin.dir/src/planning_context_loader_lin.cpp.o[0m
[106.650s] [ 45%] [32mBuilding CXX object test/unit_tests/CMakeFiles/unittest_trajectory_functions.dir/src/unittest_trajectory_functions.cpp.o[0m
[107.710s] [ 46%] [32mBuilding CXX object CMakeFiles/planning_context_loader_lin.dir/src/trajectory_generator_lin.cpp.o[0m
[131.105s] [ 47%] [32m[1mLinking CXX shared library libcommand_list_manager.so[0m
[131.489s] [ 47%] Built target command_list_manager
[132.478s] [ 48%] [32m[1mLinking CXX shared library libplanning_context_loader_ptp.so[0m
[132.957s] [ 48%] Built target planning_context_loader_ptp
[133.109s] [ 50%] [32mBuilding CXX object CMakeFiles/planning_context_loader_lin.dir/src/velocity_profile_atrap.cpp.o[0m
[134.207s] [ 51%] [32m[1mLinking CXX shared library libplanning_context_loader_lin.so[0m
[134.664s] [ 51%] Built target planning_context_loader_lin
[135.664s] [ 52%] [32m[1mLinking CXX executable unittest_trajectory_functions[0m
[136.162s] [ 52%] Built target unittest_trajectory_functions
[136.193s] [ 53%] [32mBuilding CXX object test/unit_tests/CMakeFiles/unittest_trajectory_generator_lin.dir/src/unittest_trajectory_generator_lin.cpp.o[0m
[152.432s] [ 55%] [32m[1mLinking CXX executable unittest_trajectory_generator_lin[0m
[152.921s] [ 55%] Built target unittest_trajectory_generator_lin
[152.953s] [ 56%] [32mBuilding CXX object CMakeFiles/sequence_capability.dir/src/move_group_sequence_action.cpp.o[0m
[152.954s] [ 57%] [32mBuilding CXX object CMakeFiles/sequence_capability.dir/src/move_group_sequence_service.cpp.o[0m
[152.955s] [ 58%] [32mBuilding CXX object test/unit_tests/CMakeFiles/unittest_trajectory_blender_transition_window.dir/__/__/src/trajectory_blender_transition_window.cpp.o[0m
[152.959s] [ 61%] [32mBuilding CXX object test/unit_tests/CMakeFiles/unittest_trajectory_generator_common.dir/src/unittest_trajectory_generator_common.cpp.o[0m
[152.959s] [ 61%] [32mBuilding CXX object test/unit_tests/CMakeFiles/unittest_trajectory_blender_transition_window.dir/src/unittest_trajectory_blender_transition_window.cpp.o[0m
[152.960s] [ 62%] [32mBuilding CXX object test/unit_tests/CMakeFiles/unittest_trajectory_generator_ptp.dir/src/unittest_trajectory_generator_ptp.cpp.o[0m
[177.225s] [ 63%] [32m[1mLinking CXX shared library libsequence_capability.so[0m
[177.816s] [ 63%] Built target sequence_capability
[177.881s] [ 66%] [32mBuilding CXX object test/unit_tests/CMakeFiles/unittest_joint_limit.dir/src/unittest_joint_limit.cpp.o[0m
[177.881s] [ 66%] [32mBuilding CXX object test/unit_tests/CMakeFiles/unittest_trajectory_generator_circ.dir/src/unittest_trajectory_generator_circ.cpp.o[0m
[177.881s] [ 67%] [32mBuilding CXX object test/unit_tests/CMakeFiles/unittest_joint_limits_container.dir/src/unittest_joint_limits_container.cpp.o[0m
[177.885s] [ 68%] [32mBuilding CXX object test/unit_tests/CMakeFiles/unittest_joint_limits_aggregator.dir/src/unittest_joint_limits_aggregator.cpp.o[0m
[180.575s] [ 70%] [32m[1mLinking CXX executable unittest_trajectory_blender_transition_window[0m
[181.807s] [ 71%] [32m[1mLinking CXX executable unittest_joint_limits_container[0m
[181.846s] [ 71%] Built target unittest_trajectory_blender_transition_window
[181.964s] [ 72%] [32mBuilding CXX object CMakeFiles/pilz_industrial_motion_planner.dir/src/pilz_industrial_motion_planner.cpp.o[0m
[182.411s] [ 72%] Built target unittest_joint_limits_container
[182.869s] [ 73%] [32m[1mLinking CXX executable unittest_trajectory_generator_ptp[0m
[183.870s] [ 73%] Built target unittest_trajectory_generator_ptp
[189.916s] [ 75%] [32m[1mLinking CXX executable unittest_joint_limit[0m
[190.605s] [ 75%] Built target unittest_joint_limit
[193.399s] [ 76%] [32m[1mLinking CXX executable unittest_trajectory_generator_common[0m
[194.567s] [ 76%] Built target unittest_trajectory_generator_common
[197.099s] [ 77%] [32m[1mLinking CXX executable unittest_joint_limits_aggregator[0m
[197.715s] [ 77%] Built target unittest_joint_limits_aggregator
[209.741s] [ 78%] [32m[1mLinking CXX shared library libpilz_industrial_motion_planner.so[0m
[209.757s] [ 80%] [32m[1mLinking CXX executable unittest_trajectory_generator_circ[0m
[210.080s] [ 80%] Built target pilz_industrial_motion_planner
[210.113s] [ 81%] [32mBuilding CXX object test/unit_tests/CMakeFiles/unittest_trajectory_generator.dir/__/__/src/trajectory_generator.cpp.o[0m
[210.116s] [ 82%] [32mBuilding CXX object test/unit_tests/CMakeFiles/unittest_trajectory_generator.dir/src/unittest_trajectory_generator.cpp.o[0m
[210.118s] [ 86%] [32mBuilding CXX object test/unit_tests/CMakeFiles/unittest_pilz_industrial_motion_planner.dir/src/unittest_pilz_industrial_motion_planner.cpp.o[0m
[210.118s] [ 86%] [32mBuilding CXX object test/unit_tests/CMakeFiles/unittest_pilz_industrial_motion_planner_direct.dir/src/unittest_pilz_industrial_motion_planner_direct.cpp.o[0m
[210.118s] [ 86%] [32mBuilding CXX object test/unit_tests/CMakeFiles/unittest_velocity_profile_atrap.dir/src/unittest_velocity_profile_atrap.cpp.o[0m
[210.119s] [ 87%] [32mBuilding CXX object test/unit_tests/CMakeFiles/unittest_velocity_profile_atrap.dir/__/__/src/velocity_profile_atrap.cpp.o[0m
[210.427s] [ 87%] Built target unittest_trajectory_generator_circ
[218.366s] [ 88%] [32m[1mLinking CXX executable unittest_velocity_profile_atrap[0m
[219.330s] [ 88%] Built target unittest_velocity_profile_atrap
[219.514s] [ 90%] [32mBuilding CXX object test/unit_tests/CMakeFiles/unittest_get_solver_tip_frame.dir/src/unittest_get_solver_tip_frame.cpp.o[0m
[219.514s] [ 91%] [32mBuilding CXX object test/unit_tests/CMakeFiles/unittest_planning_context.dir/src/unittest_planning_context.cpp.o[0m
[219.547s] [ 92%] [32mBuilding CXX object test/unit_tests/CMakeFiles/unittest_planning_context_loaders.dir/src/unittest_planning_context_loaders.cpp.o[0m
[241.407s] [ 93%] [32m[1mLinking CXX executable unittest_trajectory_generator[0m
[242.601s] [ 93%] Built target unittest_trajectory_generator
[242.604s] [ 95%] [32m[1mLinking CXX executable unittest_get_solver_tip_frame[0m
[243.582s] [ 95%] Built target unittest_get_solver_tip_frame
[254.170s] [ 96%] [32m[1mLinking CXX executable unittest_pilz_industrial_motion_planner_direct[0m
[255.975s] [ 96%] Built target unittest_pilz_industrial_motion_planner_direct
[258.243s] [ 97%] [32m[1mLinking CXX executable unittest_pilz_industrial_motion_planner[0m
[258.986s] [ 97%] Built target unittest_pilz_industrial_motion_planner
[262.150s] [ 98%] [32m[1mLinking CXX executable unittest_planning_context[0m
[262.796s] [ 98%] Built target unittest_planning_context
[262.973s] [100%] [32m[1mLinking CXX executable unittest_planning_context_loaders[0m
[263.517s] [100%] Built target unittest_planning_context_loaders
[263.584s] Invoked command in '/home/sazma/ws_future/build/pilz_industrial_motion_planner' returned '0': AMENT_PREFIX_PATH=/home/sazma/ws_future/install/moveit_resources_prbt_pg70_support:/home/sazma/ws_future/install/moveit_ros_planning_interface:/home/sazma/ws_future/install/moveit_resources_prbt_moveit_config:/home/sazma/ws_future/install/moveit_ros_move_group:/home/sazma/ws_future/install/moveit_ros_warehouse:/home/sazma/ws_future/install/moveit_kinematics:/home/sazma/ws_future/install/moveit_ros_planning:/home/sazma/ws_future/install/pilz_industrial_motion_planner_testutils:/home/sazma/ws_future/install/moveit_ros_occupancy_map_monitor:/home/sazma/ws_future/install/moveit_resources_prbt_ikfast_manipulator_plugin:/home/sazma/ws_future/install/moveit_core:/home/sazma/ws_future/install/moveit_resources_panda_moveit_config:/home/sazma/ws_future/install/moveit_resources_prbt_support:/home/sazma/ws_future/install/moveit_resources_panda_description:/home/sazma/ws_future/install/moveit_msgs:/home/sazma/ws_future/install/moveit_configs_utils:/home/sazma/ws_future/install/moveit_common:${AMENT_PREFIX_PATH} CMAKE_PREFIX_PATH=/home/sazma/ws_future/install/moveit_resources_prbt_pg70_support:/home/sazma/ws_future/install/moveit_ros_planning_interface:/home/sazma/ws_future/install/moveit_resources_prbt_moveit_config:/home/sazma/ws_future/install/moveit_ros_move_group:/home/sazma/ws_future/install/moveit_ros_warehouse:/home/sazma/ws_future/install/moveit_kinematics:/home/sazma/ws_future/install/moveit_ros_planning:/home/sazma/ws_future/install/pilz_industrial_motion_planner_testutils:/home/sazma/ws_future/install/moveit_ros_occupancy_map_monitor:/home/sazma/ws_future/install/moveit_resources_prbt_ikfast_manipulator_plugin:/home/sazma/ws_future/install/moveit_core:/home/sazma/ws_future/install/moveit_resources_panda_moveit_config:/home/sazma/ws_future/install/moveit_resources_prbt_support:/home/sazma/ws_future/install/moveit_resources_panda_description:/home/sazma/ws_future/install/moveit_msgs:/home/sazma/ws_future/install/moveit_common:/home/sazma/ws_future/install/ui_for_debug_and_demo:/home/sazma/ws_future/install/tm_driver:/home/sazma/ws_future/install/demo:/home/sazma/ws_future/install/tm_msgs:/home/sazma/ws_future/install/tm_moveit_cpp_demo:/home/sazma/ws_future/install/tm_moveit_config_tm5x-900:/home/sazma/ws_future/install/tm_moveit_config_tm5x-700:/home/sazma/ws_future/install/tm_moveit_config_tm5-900:/home/sazma/ws_future/install/tm_moveit_config_tm5-700:/home/sazma/ws_future/install/tm_moveit_config_tm14x:/home/sazma/ws_future/install/tm_moveit_config_tm14:/home/sazma/ws_future/install/tm_moveit_config_tm12x:/home/sazma/ws_future/install/tm_moveit_config_tm12:/home/sazma/ws_future/install/tm_description:/home/sazma/ws_future/install/custom_package:/home/sazma/ws_future/install/techman_robot_msgs:/home/sazma/ws_tm/install/ui_for_debug_and_demo:/home/sazma/ws_tm/install/tm_driver:/home/sazma/ws_tm/install/demo:/home/sazma/ws_tm/install/tm_msgs:/home/sazma/ws_tm/install/tm_moveit_cpp_demo:/home/sazma/ws_tm/install/tm_moveit_config_tm5x-900:/home/sazma/ws_tm/install/tm_moveit_config_tm5x-700:/home/sazma/ws_tm/install/tm_moveit_config_tm5-900:/home/sazma/ws_tm/install/tm_moveit_config_tm5-700:/home/sazma/ws_tm/install/tm_moveit_config_tm14x:/home/sazma/ws_tm/install/tm_moveit_config_tm14:/home/sazma/ws_tm/install/tm_moveit_config_tm12x:/home/sazma/ws_tm/install/tm_moveit_config_tm12:/home/sazma/ws_tm/install/tm_description:/home/sazma/ws_tm/install/custom_package:/home/sazma/ws_tm/install/techman_robot_msgs:/home/sazma/ws_future/install/tm_mod_urdf:/home/sazma/ws_future/install/tm_get_status:/home/sazma/ws_tm/install/tm_mod_urdf:/home/sazma/ws_tm/install/tm_get_status:/opt/ros/humble LD_LIBRARY_PATH=/home/sazma/ws_future/install/moveit_ros_planning_interface/lib:/home/sazma/ws_future/install/moveit_ros_move_group/lib:/home/sazma/ws_future/install/moveit_ros_warehouse/lib:/home/sazma/ws_future/install/moveit_kinematics/lib:/home/sazma/ws_future/install/moveit_ros_planning/lib:/home/sazma/ws_future/install/pilz_industrial_motion_planner_testutils/lib:/home/sazma/ws_future/install/moveit_ros_occupancy_map_monitor/lib:/home/sazma/ws_future/install/moveit_resources_prbt_ikfast_manipulator_plugin/lib:/home/sazma/ws_future/install/moveit_core/lib:/home/sazma/ws_future/install/moveit_msgs/lib:${LD_LIBRARY_PATH} PATH=/home/sazma/ws_future/install/moveit_core/bin:${PATH} PYTHONPATH=/home/sazma/ws_future/install/moveit_msgs/local/lib/python3.10/dist-packages:/home/sazma/ws_future/install/moveit_configs_utils/lib/python3.10/site-packages:${PYTHONPATH} /usr/bin/cmake --build /home/sazma/ws_future/build/pilz_industrial_motion_planner -- -j12 -l12
[263.698s] Invoking command in '/home/sazma/ws_future/build/pilz_industrial_motion_planner': AMENT_PREFIX_PATH=/home/sazma/ws_future/install/moveit_resources_prbt_pg70_support:/home/sazma/ws_future/install/moveit_ros_planning_interface:/home/sazma/ws_future/install/moveit_resources_prbt_moveit_config:/home/sazma/ws_future/install/moveit_ros_move_group:/home/sazma/ws_future/install/moveit_ros_warehouse:/home/sazma/ws_future/install/moveit_kinematics:/home/sazma/ws_future/install/moveit_ros_planning:/home/sazma/ws_future/install/pilz_industrial_motion_planner_testutils:/home/sazma/ws_future/install/moveit_ros_occupancy_map_monitor:/home/sazma/ws_future/install/moveit_resources_prbt_ikfast_manipulator_plugin:/home/sazma/ws_future/install/moveit_core:/home/sazma/ws_future/install/moveit_resources_panda_moveit_config:/home/sazma/ws_future/install/moveit_resources_prbt_support:/home/sazma/ws_future/install/moveit_resources_panda_description:/home/sazma/ws_future/install/moveit_msgs:/home/sazma/ws_future/install/moveit_configs_utils:/home/sazma/ws_future/install/moveit_common:${AMENT_PREFIX_PATH} CMAKE_PREFIX_PATH=/home/sazma/ws_future/install/moveit_resources_prbt_pg70_support:/home/sazma/ws_future/install/moveit_ros_planning_interface:/home/sazma/ws_future/install/moveit_resources_prbt_moveit_config:/home/sazma/ws_future/install/moveit_ros_move_group:/home/sazma/ws_future/install/moveit_ros_warehouse:/home/sazma/ws_future/install/moveit_kinematics:/home/sazma/ws_future/install/moveit_ros_planning:/home/sazma/ws_future/install/pilz_industrial_motion_planner_testutils:/home/sazma/ws_future/install/moveit_ros_occupancy_map_monitor:/home/sazma/ws_future/install/moveit_resources_prbt_ikfast_manipulator_plugin:/home/sazma/ws_future/install/moveit_core:/home/sazma/ws_future/install/moveit_resources_panda_moveit_config:/home/sazma/ws_future/install/moveit_resources_prbt_support:/home/sazma/ws_future/install/moveit_resources_panda_description:/home/sazma/ws_future/install/moveit_msgs:/home/sazma/ws_future/install/moveit_common:/home/sazma/ws_future/install/ui_for_debug_and_demo:/home/sazma/ws_future/install/tm_driver:/home/sazma/ws_future/install/demo:/home/sazma/ws_future/install/tm_msgs:/home/sazma/ws_future/install/tm_moveit_cpp_demo:/home/sazma/ws_future/install/tm_moveit_config_tm5x-900:/home/sazma/ws_future/install/tm_moveit_config_tm5x-700:/home/sazma/ws_future/install/tm_moveit_config_tm5-900:/home/sazma/ws_future/install/tm_moveit_config_tm5-700:/home/sazma/ws_future/install/tm_moveit_config_tm14x:/home/sazma/ws_future/install/tm_moveit_config_tm14:/home/sazma/ws_future/install/tm_moveit_config_tm12x:/home/sazma/ws_future/install/tm_moveit_config_tm12:/home/sazma/ws_future/install/tm_description:/home/sazma/ws_future/install/custom_package:/home/sazma/ws_future/install/techman_robot_msgs:/home/sazma/ws_tm/install/ui_for_debug_and_demo:/home/sazma/ws_tm/install/tm_driver:/home/sazma/ws_tm/install/demo:/home/sazma/ws_tm/install/tm_msgs:/home/sazma/ws_tm/install/tm_moveit_cpp_demo:/home/sazma/ws_tm/install/tm_moveit_config_tm5x-900:/home/sazma/ws_tm/install/tm_moveit_config_tm5x-700:/home/sazma/ws_tm/install/tm_moveit_config_tm5-900:/home/sazma/ws_tm/install/tm_moveit_config_tm5-700:/home/sazma/ws_tm/install/tm_moveit_config_tm14x:/home/sazma/ws_tm/install/tm_moveit_config_tm14:/home/sazma/ws_tm/install/tm_moveit_config_tm12x:/home/sazma/ws_tm/install/tm_moveit_config_tm12:/home/sazma/ws_tm/install/tm_description:/home/sazma/ws_tm/install/custom_package:/home/sazma/ws_tm/install/techman_robot_msgs:/home/sazma/ws_future/install/tm_mod_urdf:/home/sazma/ws_future/install/tm_get_status:/home/sazma/ws_tm/install/tm_mod_urdf:/home/sazma/ws_tm/install/tm_get_status:/opt/ros/humble LD_LIBRARY_PATH=/home/sazma/ws_future/install/moveit_ros_planning_interface/lib:/home/sazma/ws_future/install/moveit_ros_move_group/lib:/home/sazma/ws_future/install/moveit_ros_warehouse/lib:/home/sazma/ws_future/install/moveit_kinematics/lib:/home/sazma/ws_future/install/moveit_ros_planning/lib:/home/sazma/ws_future/install/pilz_industrial_motion_planner_testutils/lib:/home/sazma/ws_future/install/moveit_ros_occupancy_map_monitor/lib:/home/sazma/ws_future/install/moveit_resources_prbt_ikfast_manipulator_plugin/lib:/home/sazma/ws_future/install/moveit_core/lib:/home/sazma/ws_future/install/moveit_msgs/lib:${LD_LIBRARY_PATH} PATH=/home/sazma/ws_future/install/moveit_core/bin:${PATH} PYTHONPATH=/home/sazma/ws_future/install/moveit_msgs/local/lib/python3.10/dist-packages:/home/sazma/ws_future/install/moveit_configs_utils/lib/python3.10/site-packages:${PYTHONPATH} /usr/bin/cmake --install /home/sazma/ws_future/build/pilz_industrial_motion_planner
[263.710s] -- Install configuration: "Release"
[263.711s] -- Installing: /home/sazma/ws_future/install/pilz_industrial_motion_planner/include/cartesian_limits_parameters
[263.711s] -- Installing: /home/sazma/ws_future/install/pilz_industrial_motion_planner/include/cartesian_limits_parameters/cartesian_limits_parameters.hpp
[263.713s] -- Installing: /home/sazma/ws_future/install/pilz_industrial_motion_planner/share/pilz_industrial_motion_planner/plugins/pilz_industrial_motion_planner_plugin_description.xml
[263.713s] -- Installing: /home/sazma/ws_future/install/pilz_industrial_motion_planner/share/pilz_industrial_motion_planner/plugins/sequence_capability_plugin_description.xml
[263.713s] -- Installing: /home/sazma/ws_future/install/pilz_industrial_motion_planner/share/pilz_industrial_motion_planner/plugins/planning_context_plugin_description.xml
[263.714s] -- Installing: /home/sazma/ws_future/install/pilz_industrial_motion_planner/lib/libpilz_industrial_motion_planner.so
[263.715s] -- Set runtime path of "/home/sazma/ws_future/install/pilz_industrial_motion_planner/lib/libpilz_industrial_motion_planner.so" to ""
[263.716s] -- Installing: /home/sazma/ws_future/install/pilz_industrial_motion_planner/lib/libjoint_limits_common.so
[263.716s] -- Set runtime path of "/home/sazma/ws_future/install/pilz_industrial_motion_planner/lib/libjoint_limits_common.so" to ""
[263.716s] -- Installing: /home/sazma/ws_future/install/pilz_industrial_motion_planner/lib/libplanning_context_loader_base.so
[263.717s] -- Set runtime path of "/home/sazma/ws_future/install/pilz_industrial_motion_planner/lib/libplanning_context_loader_base.so" to ""
[263.717s] -- Installing: /home/sazma/ws_future/install/pilz_industrial_motion_planner/lib/libplanning_context_loader_ptp.so
[263.718s] -- Set runtime path of "/home/sazma/ws_future/install/pilz_industrial_motion_planner/lib/libplanning_context_loader_ptp.so" to ""
[263.718s] -- Installing: /home/sazma/ws_future/install/pilz_industrial_motion_planner/lib/libplanning_context_loader_lin.so
[263.718s] -- Set runtime path of "/home/sazma/ws_future/install/pilz_industrial_motion_planner/lib/libplanning_context_loader_lin.so" to ""
[263.719s] -- Installing: /home/sazma/ws_future/install/pilz_industrial_motion_planner/lib/libplanning_context_loader_circ.so
[263.719s] -- Set runtime path of "/home/sazma/ws_future/install/pilz_industrial_motion_planner/lib/libplanning_context_loader_circ.so" to ""
[263.719s] -- Installing: /home/sazma/ws_future/install/pilz_industrial_motion_planner/lib/libcommand_list_manager.so
[263.721s] -- Set runtime path of "/home/sazma/ws_future/install/pilz_industrial_motion_planner/lib/libcommand_list_manager.so" to ""
[263.721s] -- Installing: /home/sazma/ws_future/install/pilz_industrial_motion_planner/lib/libsequence_capability.so
[263.722s] -- Set runtime path of "/home/sazma/ws_future/install/pilz_industrial_motion_planner/lib/libsequence_capability.so" to ""
[263.722s] -- Installing: /home/sazma/ws_future/install/pilz_industrial_motion_planner/lib/libtrajectory_generation_common.so
[263.723s] -- Set runtime path of "/home/sazma/ws_future/install/pilz_industrial_motion_planner/lib/libtrajectory_generation_common.so" to ""
[263.723s] -- Installing: /home/sazma/ws_future/install/pilz_industrial_motion_planner/include/pilz_industrial_motion_planner
[263.723s] -- Installing: /home/sazma/ws_future/install/pilz_industrial_motion_planner/include/pilz_industrial_motion_planner/joint_limits_copy
[263.723s] -- Installing: /home/sazma/ws_future/install/pilz_industrial_motion_planner/include/pilz_industrial_motion_planner/joint_limits_copy/joint_limits_rosparam.hpp
[263.724s] -- Installing: /home/sazma/ws_future/install/pilz_industrial_motion_planner/include/pilz_industrial_motion_planner/joint_limits_copy/joint_limits.hpp
[263.724s] -- Installing: /home/sazma/ws_future/install/pilz_industrial_motion_planner/include/pilz_industrial_motion_planner/pilz_industrial_motion_planner
[263.724s] -- Installing: /home/sazma/ws_future/install/pilz_industrial_motion_planner/include/pilz_industrial_motion_planner/pilz_industrial_motion_planner/move_group_sequence_service.h
[263.724s] -- Installing: /home/sazma/ws_future/install/pilz_industrial_motion_planner/include/pilz_industrial_motion_planner/pilz_industrial_motion_planner/trajectory_generator_ptp.h
[263.725s] -- Installing: /home/sazma/ws_future/install/pilz_industrial_motion_planner/include/pilz_industrial_motion_planner/pilz_industrial_motion_planner/cartesian_trajectory_point.h
[263.725s] -- Installing: /home/sazma/ws_future/install/pilz_industrial_motion_planner/include/pilz_industrial_motion_planner/pilz_industrial_motion_planner/velocity_profile_atrap.h
[263.725s] -- Installing: /home/sazma/ws_future/install/pilz_industrial_motion_planner/include/pilz_industrial_motion_planner/pilz_industrial_motion_planner/trajectory_generation_exceptions.h
[263.725s] -- Installing: /home/sazma/ws_future/install/pilz_industrial_motion_planner/include/pilz_industrial_motion_planner/pilz_industrial_motion_planner/planning_context_ptp.h
[263.725s] -- Installing: /home/sazma/ws_future/install/pilz_industrial_motion_planner/include/pilz_industrial_motion_planner/pilz_industrial_motion_planner/trajectory_functions.h
[263.726s] -- Installing: /home/sazma/ws_future/install/pilz_industrial_motion_planner/include/pilz_industrial_motion_planner/pilz_industrial_motion_planner/move_group_sequence_action.h
[263.726s] -- Installing: /home/sazma/ws_future/install/pilz_industrial_motion_planner/include/pilz_industrial_motion_planner/pilz_industrial_motion_planner/planning_context_loader_lin.h
[263.726s] -- Installing: /home/sazma/ws_future/install/pilz_industrial_motion_planner/include/pilz_industrial_motion_planner/pilz_industrial_motion_planner/joint_limits_validator.h
[263.726s] -- Installing: /home/sazma/ws_future/install/pilz_industrial_motion_planner/include/pilz_industrial_motion_planner/pilz_industrial_motion_planner/capability_names.h
[263.727s] -- Installing: /home/sazma/ws_future/install/pilz_industrial_motion_planner/include/pilz_industrial_motion_planner/pilz_industrial_motion_planner/trajectory_blender_transition_window.h
[263.727s] -- Installing: /home/sazma/ws_future/install/pilz_industrial_motion_planner/include/pilz_industrial_motion_planner/pilz_industrial_motion_planner/trajectory_generator_circ.h
[263.727s] -- Installing: /home/sazma/ws_future/install/pilz_industrial_motion_planner/include/pilz_industrial_motion_planner/pilz_industrial_motion_planner/joint_limits_aggregator.h
[263.727s] -- Installing: /home/sazma/ws_future/install/pilz_industrial_motion_planner/include/pilz_industrial_motion_planner/pilz_industrial_motion_planner/trajectory_blender.h
[263.728s] -- Installing: /home/sazma/ws_future/install/pilz_industrial_motion_planner/include/pilz_industrial_motion_planner/pilz_industrial_motion_planner/cartesian_trajectory.h
[263.728s] -- Installing: /home/sazma/ws_future/install/pilz_industrial_motion_planner/include/pilz_industrial_motion_planner/pilz_industrial_motion_planner/planning_context_loader.h
[263.728s] -- Installing: /home/sazma/ws_future/install/pilz_industrial_motion_planner/include/pilz_industrial_motion_planner/pilz_industrial_motion_planner/planning_context_circ.h
[263.728s] -- Installing: /home/sazma/ws_future/install/pilz_industrial_motion_planner/include/pilz_industrial_motion_planner/pilz_industrial_motion_planner/path_circle_generator.h
[263.729s] -- Installing: /home/sazma/ws_future/install/pilz_industrial_motion_planner/include/pilz_industrial_motion_planner/pilz_industrial_motion_planner/tip_frame_getter.h
[263.729s] -- Installing: /home/sazma/ws_future/install/pilz_industrial_motion_planner/include/pilz_industrial_motion_planner/pilz_industrial_motion_planner/limits_container.h
[263.729s] -- Installing: /home/sazma/ws_future/install/pilz_industrial_motion_planner/include/pilz_industrial_motion_planner/pilz_industrial_motion_planner/planning_exceptions.h
[263.730s] -- Installing: /home/sazma/ws_future/install/pilz_industrial_motion_planner/include/pilz_industrial_motion_planner/pilz_industrial_motion_planner/trajectory_generator_lin.h
[263.730s] -- Installing: /home/sazma/ws_future/install/pilz_industrial_motion_planner/include/pilz_industrial_motion_planner/pilz_industrial_motion_planner/joint_limits_interface_extension.h
[263.730s] -- Installing: /home/sazma/ws_future/install/pilz_industrial_motion_planner/include/pilz_industrial_motion_planner/pilz_industrial_motion_planner/pilz_industrial_motion_planner.h
[263.730s] -- Installing: /home/sazma/ws_future/install/pilz_industrial_motion_planner/include/pilz_industrial_motion_planner/pilz_industrial_motion_planner/trajectory_generator.h
[263.731s] -- Installing: /home/sazma/ws_future/install/pilz_industrial_motion_planner/include/pilz_industrial_motion_planner/pilz_industrial_motion_planner/command_list_manager.h
[263.731s] -- Installing: /home/sazma/ws_future/install/pilz_industrial_motion_planner/include/pilz_industrial_motion_planner/pilz_industrial_motion_planner/planning_context_lin.h
[263.731s] -- Installing: /home/sazma/ws_future/install/pilz_industrial_motion_planner/include/pilz_industrial_motion_planner/pilz_industrial_motion_planner/trajectory_blend_request.h
[263.731s] -- Installing: /home/sazma/ws_future/install/pilz_industrial_motion_planner/include/pilz_industrial_motion_planner/pilz_industrial_motion_planner/planning_context_base.h
[263.732s] -- Installing: /home/sazma/ws_future/install/pilz_industrial_motion_planner/include/pilz_industrial_motion_planner/pilz_industrial_motion_planner/joint_limits_container.h
[263.732s] -- Installing: /home/sazma/ws_future/install/pilz_industrial_motion_planner/include/pilz_industrial_motion_planner/pilz_industrial_motion_planner/planning_context_loader_circ.h
[263.732s] -- Installing: /home/sazma/ws_future/install/pilz_industrial_motion_planner/include/pilz_industrial_motion_planner/pilz_industrial_motion_planner/plan_components_builder.h
[263.732s] -- Installing: /home/sazma/ws_future/install/pilz_industrial_motion_planner/include/pilz_industrial_motion_planner/pilz_industrial_motion_planner/planning_context_loader_ptp.h
[263.733s] -- Installing: /home/sazma/ws_future/install/pilz_industrial_motion_planner/include/pilz_industrial_motion_planner/pilz_industrial_motion_planner/trajectory_blend_response.h
[263.733s] -- Installing: /home/sazma/ws_future/install/pilz_industrial_motion_planner/include/pilz_industrial_motion_planner/pilz_industrial_motion_planner/joint_limits_extension.h
[263.734s] -- Installing: /home/sazma/ws_future/install/pilz_industrial_motion_planner/share/pilz_industrial_motion_planner/environment/library_path.sh
[263.735s] -- Installing: /home/sazma/ws_future/install/pilz_industrial_motion_planner/share/pilz_industrial_motion_planner/environment/library_path.dsv
[263.738s] -- Installing: /home/sazma/ws_future/install/pilz_industrial_motion_planner/lib/pilz_industrial_motion_planner/unittest_pilz_industrial_motion_planner_direct
[263.742s] -- Set runtime path of "/home/sazma/ws_future/install/pilz_industrial_motion_planner/lib/pilz_industrial_motion_planner/unittest_pilz_industrial_motion_planner_direct" to ""
[263.742s] -- Installing: /home/sazma/ws_future/install/pilz_industrial_motion_planner/lib/pilz_industrial_motion_planner/unittest_velocity_profile_atrap
[263.744s] -- Set runtime path of "/home/sazma/ws_future/install/pilz_industrial_motion_planner/lib/pilz_industrial_motion_planner/unittest_velocity_profile_atrap" to ""
[263.744s] -- Installing: /home/sazma/ws_future/install/pilz_industrial_motion_planner/lib/pilz_industrial_motion_planner/unittest_trajectory_generator
[263.746s] -- Set runtime path of "/home/sazma/ws_future/install/pilz_industrial_motion_planner/lib/pilz_industrial_motion_planner/unittest_trajectory_generator" to ""
[263.747s] -- Installing: /home/sazma/ws_future/install/pilz_industrial_motion_planner/lib/pilz_industrial_motion_planner/unittest_trajectory_functions
[263.749s] -- Set runtime path of "/home/sazma/ws_future/install/pilz_industrial_motion_planner/lib/pilz_industrial_motion_planner/unittest_trajectory_functions" to ""
[263.749s] -- Installing: /home/sazma/ws_future/install/pilz_industrial_motion_planner/lib/pilz_industrial_motion_planner/unittest_trajectory_blender_transition_window
[263.753s] -- Set runtime path of "/home/sazma/ws_future/install/pilz_industrial_motion_planner/lib/pilz_industrial_motion_planner/unittest_trajectory_blender_transition_window" to ""
[263.753s] -- Installing: /home/sazma/ws_future/install/pilz_industrial_motion_planner/lib/pilz_industrial_motion_planner/unittest_trajectory_generator_common
[263.757s] -- Set runtime path of "/home/sazma/ws_future/install/pilz_industrial_motion_planner/lib/pilz_industrial_motion_planner/unittest_trajectory_generator_common" to ""
[263.757s] -- Installing: /home/sazma/ws_future/install/pilz_industrial_motion_planner/lib/pilz_industrial_motion_planner/unittest_trajectory_generator_circ
[263.760s] -- Set runtime path of "/home/sazma/ws_future/install/pilz_industrial_motion_planner/lib/pilz_industrial_motion_planner/unittest_trajectory_generator_circ" to ""
[263.760s] -- Installing: /home/sazma/ws_future/install/pilz_industrial_motion_planner/lib/pilz_industrial_motion_planner/unittest_trajectory_generator_lin
[263.763s] -- Set runtime path of "/home/sazma/ws_future/install/pilz_industrial_motion_planner/lib/pilz_industrial_motion_planner/unittest_trajectory_generator_lin" to ""
[263.763s] -- Installing: /home/sazma/ws_future/install/pilz_industrial_motion_planner/lib/pilz_industrial_motion_planner/unittest_trajectory_generator_ptp
[263.765s] -- Set runtime path of "/home/sazma/ws_future/install/pilz_industrial_motion_planner/lib/pilz_industrial_motion_planner/unittest_trajectory_generator_ptp" to ""
[263.766s] -- Installing: /home/sazma/ws_future/install/pilz_industrial_motion_planner/lib/pilz_industrial_motion_planner/unittest_pilz_industrial_motion_planner
[263.768s] -- Set runtime path of "/home/sazma/ws_future/install/pilz_industrial_motion_planner/lib/pilz_industrial_motion_planner/unittest_pilz_industrial_motion_planner" to ""
[263.768s] -- Installing: /home/sazma/ws_future/install/pilz_industrial_motion_planner/lib/pilz_industrial_motion_planner/unittest_joint_limit
[263.770s] -- Set runtime path of "/home/sazma/ws_future/install/pilz_industrial_motion_planner/lib/pilz_industrial_motion_planner/unittest_joint_limit" to ""
[263.771s] -- Installing: /home/sazma/ws_future/install/pilz_industrial_motion_planner/lib/pilz_industrial_motion_planner/unittest_joint_limits_aggregator
[263.772s] -- Set runtime path of "/home/sazma/ws_future/install/pilz_industrial_motion_planner/lib/pilz_industrial_motion_planner/unittest_joint_limits_aggregator" to ""
[263.773s] -- Installing: /home/sazma/ws_future/install/pilz_industrial_motion_planner/lib/pilz_industrial_motion_planner/unittest_joint_limits_container
[263.775s] -- Set runtime path of "/home/sazma/ws_future/install/pilz_industrial_motion_planner/lib/pilz_industrial_motion_planner/unittest_joint_limits_container" to ""
[263.775s] -- Installing: /home/sazma/ws_future/install/pilz_industrial_motion_planner/lib/pilz_industrial_motion_planner/unittest_joint_limits_validator
[263.777s] -- Set runtime path of "/home/sazma/ws_future/install/pilz_industrial_motion_planner/lib/pilz_industrial_motion_planner/unittest_joint_limits_validator" to ""
[263.777s] -- Installing: /home/sazma/ws_future/install/pilz_industrial_motion_planner/lib/pilz_industrial_motion_planner/unittest_planning_context_loaders
[263.779s] -- Set runtime path of "/home/sazma/ws_future/install/pilz_industrial_motion_planner/lib/pilz_industrial_motion_planner/unittest_planning_context_loaders" to ""
[263.780s] -- Installing: /home/sazma/ws_future/install/pilz_industrial_motion_planner/lib/pilz_industrial_motion_planner/unittest_planning_context
[263.782s] -- Set runtime path of "/home/sazma/ws_future/install/pilz_industrial_motion_planner/lib/pilz_industrial_motion_planner/unittest_planning_context" to ""
[263.782s] -- Installing: /home/sazma/ws_future/install/pilz_industrial_motion_planner/lib/pilz_industrial_motion_planner/unittest_get_solver_tip_frame
[263.784s] -- Set runtime path of "/home/sazma/ws_future/install/pilz_industrial_motion_planner/lib/pilz_industrial_motion_planner/unittest_get_solver_tip_frame" to ""
[263.785s] -- Installing: /home/sazma/ws_future/install/pilz_industrial_motion_planner/share/pilz_industrial_motion_planner/config
[263.785s] -- Installing: /home/sazma/ws_future/install/pilz_industrial_motion_planner/share/pilz_industrial_motion_planner/config/unittest_joint_limits_aggregator.yaml
[263.785s] -- Installing: /home/sazma/ws_future/install/pilz_industrial_motion_planner/share/pilz_industrial_motion_planner/config/unittest_trajectory_generator_circ.yaml
[263.785s] -- Installing: /home/sazma/ws_future/install/pilz_industrial_motion_planner/share/pilz_industrial_motion_planner/config/unittest_trajectory_generator_ptp.yaml
[263.786s] -- Installing: /home/sazma/ws_future/install/pilz_industrial_motion_planner/share/pilz_industrial_motion_planner/config/unittest_joint_limit_config.yaml
[263.786s] -- Installing: /home/sazma/ws_future/install/pilz_industrial_motion_planner/share/pilz_industrial_motion_planner/config/unittest_trajectory_generator_common.yaml
[263.786s] -- Installing: /home/sazma/ws_future/install/pilz_industrial_motion_planner/share/pilz_industrial_motion_planner/config/unittest_trajectory_functions.yaml
[263.786s] -- Installing: /home/sazma/ws_future/install/pilz_industrial_motion_planner/share/pilz_industrial_motion_planner/config/unittest_trajectory_blender_transition_window.yaml
[263.787s] -- Installing: /home/sazma/ws_future/install/pilz_industrial_motion_planner/share/pilz_industrial_motion_planner/config/unittest_trajectory_generator_lin.yaml
[263.787s] -- Installing: /home/sazma/ws_future/install/pilz_industrial_motion_planner/share/pilz_industrial_motion_planner/launch
[263.787s] -- Installing: /home/sazma/ws_future/install/pilz_industrial_motion_planner/share/pilz_industrial_motion_planner/launch/unittest_trajectory_generator_circ.test.py
[263.791s] -- Installing: /home/sazma/ws_future/install/pilz_industrial_motion_planner/share/pilz_industrial_motion_planner/launch/unittest_pilz_industrial_motion_planner.test.py
[263.791s] -- Installing: /home/sazma/ws_future/install/pilz_industrial_motion_planner/share/pilz_industrial_motion_planner/launch/unittest_planning_context.test.py
[263.792s] -- Installing: /home/sazma/ws_future/install/pilz_industrial_motion_planner/share/pilz_industrial_motion_planner/launch/unittest_trajectory_functions.test.py
[263.793s] -- Installing: /home/sazma/ws_future/install/pilz_industrial_motion_planner/share/pilz_industrial_motion_planner/launch/common_parameters.py
[263.793s] -- Installing: /home/sazma/ws_future/install/pilz_industrial_motion_planner/share/pilz_industrial_motion_planner/launch/unittest_trajectory_generator_lin.test.py
[263.793s] -- Installing: /home/sazma/ws_future/install/pilz_industrial_motion_planner/share/pilz_industrial_motion_planner/launch/unittest_cartesian_limits_aggregator.test.py
[263.794s] -- Installing: /home/sazma/ws_future/install/pilz_industrial_motion_planner/share/pilz_industrial_motion_planner/launch/unittest_trajectory_generator_common.test.py
[263.794s] -- Installing: /home/sazma/ws_future/install/pilz_industrial_motion_planner/share/pilz_industrial_motion_planner/launch/unittest_planning_context_loaders.test.py
[263.794s] -- Installing: /home/sazma/ws_future/install/pilz_industrial_motion_planner/share/pilz_industrial_motion_planner/launch/unittest_joint_limits_aggregator.test.py
[263.794s] -- Installing: /home/sazma/ws_future/install/pilz_industrial_motion_planner/share/pilz_industrial_motion_planner/launch/unittest_joint_limit.test.py
[263.794s] -- Installing: /home/sazma/ws_future/install/pilz_industrial_motion_planner/share/pilz_industrial_motion_planner/launch/unittest_trajectory_generator_ptp.test.py
[263.794s] -- Installing: /home/sazma/ws_future/install/pilz_industrial_motion_planner/share/pilz_industrial_motion_planner/launch/unittest_trajectory_blender_transition_window.test.py
[263.795s] -- Installing: /home/sazma/ws_future/install/pilz_industrial_motion_planner/share/pilz_industrial_motion_planner/test_data
[263.795s] -- Installing: /home/sazma/ws_future/install/pilz_industrial_motion_planner/share/pilz_industrial_motion_planner/test_data/testpoints.py
[263.795s] -- Installing: /home/sazma/ws_future/install/pilz_industrial_motion_planner/share/pilz_industrial_motion_planner/test_data/concept_testdata.png
[263.795s] -- Installing: /home/sazma/ws_future/install/pilz_industrial_motion_planner/share/pilz_industrial_motion_planner/test_data/frankaemika_panda
[263.795s] -- Installing: /home/sazma/ws_future/install/pilz_industrial_motion_planner/share/pilz_industrial_motion_planner/test_data/frankaemika_panda/testdata_sequence.xml
[263.795s] -- Installing: /home/sazma/ws_future/install/pilz_industrial_motion_planner/share/pilz_industrial_motion_planner/test_data/concept_testdata.odp
[263.795s] -- Installing: /home/sazma/ws_future/install/pilz_industrial_motion_planner/share/pilz_industrial_motion_planner/test_data/prbt
[263.796s] -- Installing: /home/sazma/ws_future/install/pilz_industrial_motion_planner/share/pilz_industrial_motion_planner/test_data/prbt/testdata_deprecated.xml
[263.796s] -- Installing: /home/sazma/ws_future/install/pilz_industrial_motion_planner/share/pilz_industrial_motion_planner/test_data/prbt/testdata_sequence.xml
[263.796s] -- Installing: /home/sazma/ws_future/install/pilz_industrial_motion_planner/share/pilz_industrial_motion_planner/test_data/prbt/testdata_with_gripper.xml
[263.796s] -- Installing: /home/sazma/ws_future/install/pilz_industrial_motion_planner/share/ament_index/resource_index/package_run_dependencies/pilz_industrial_motion_planner
[263.796s] -- Installing: /home/sazma/ws_future/install/pilz_industrial_motion_planner/share/ament_index/resource_index/parent_prefix_path/pilz_industrial_motion_planner
[263.798s] -- Installing: /home/sazma/ws_future/install/pilz_industrial_motion_planner/share/pilz_industrial_motion_planner/environment/ament_prefix_path.sh
[263.798s] -- Installing: /home/sazma/ws_future/install/pilz_industrial_motion_planner/share/pilz_industrial_motion_planner/environment/ament_prefix_path.dsv
[263.798s] -- Installing: /home/sazma/ws_future/install/pilz_industrial_motion_planner/share/pilz_industrial_motion_planner/environment/path.sh
[263.799s] -- Installing: /home/sazma/ws_future/install/pilz_industrial_motion_planner/share/pilz_industrial_motion_planner/environment/path.dsv
[263.799s] -- Installing: /home/sazma/ws_future/install/pilz_industrial_motion_planner/share/pilz_industrial_motion_planner/local_setup.bash
[263.799s] -- Installing: /home/sazma/ws_future/install/pilz_industrial_motion_planner/share/pilz_industrial_motion_planner/local_setup.sh
[263.800s] -- Installing: /home/sazma/ws_future/install/pilz_industrial_motion_planner/share/pilz_industrial_motion_planner/local_setup.zsh
[263.800s] -- Installing: /home/sazma/ws_future/install/pilz_industrial_motion_planner/share/pilz_industrial_motion_planner/local_setup.dsv
[263.800s] -- Installing: /home/sazma/ws_future/install/pilz_industrial_motion_planner/share/pilz_industrial_motion_planner/package.dsv
[263.801s] -- Installing: /home/sazma/ws_future/install/pilz_industrial_motion_planner/share/ament_index/resource_index/packages/pilz_industrial_motion_planner
[263.801s] -- Installing: /home/sazma/ws_future/install/pilz_industrial_motion_planner/share/ament_index/resource_index/moveit_core__pluginlib__plugin/pilz_industrial_motion_planner
[263.802s] -- Installing: /home/sazma/ws_future/install/pilz_industrial_motion_planner/share/ament_index/resource_index/moveit_ros_move_group__pluginlib__plugin/pilz_industrial_motion_planner
[263.802s] -- Installing: /home/sazma/ws_future/install/pilz_industrial_motion_planner/share/ament_index/resource_index/pilz_industrial_motion_planner__pluginlib__plugin/pilz_industrial_motion_planner
[263.803s] -- Installing: /home/sazma/ws_future/install/pilz_industrial_motion_planner/share/pilz_industrial_motion_planner/cmake/pilz_industrial_motion_plannerTargetsExport.cmake
[263.804s] -- Installing: /home/sazma/ws_future/install/pilz_industrial_motion_planner/share/pilz_industrial_motion_planner/cmake/pilz_industrial_motion_plannerTargetsExport-release.cmake
[263.804s] -- Installing: /home/sazma/ws_future/install/pilz_industrial_motion_planner/share/pilz_industrial_motion_planner/cmake/ament_cmake_export_include_directories-extras.cmake
[263.805s] -- Installing: /home/sazma/ws_future/install/pilz_industrial_motion_planner/share/pilz_industrial_motion_planner/cmake/ament_cmake_export_targets-extras.cmake
[263.805s] -- Installing: /home/sazma/ws_future/install/pilz_industrial_motion_planner/share/pilz_industrial_motion_planner/cmake/ament_cmake_export_dependencies-extras.cmake
[263.806s] -- Installing: /home/sazma/ws_future/install/pilz_industrial_motion_planner/share/pilz_industrial_motion_planner/cmake/pilz_industrial_motion_plannerConfig.cmake
[263.806s] -- Installing: /home/sazma/ws_future/install/pilz_industrial_motion_planner/share/pilz_industrial_motion_planner/cmake/pilz_industrial_motion_plannerConfig-version.cmake
[263.806s] -- Installing: /home/sazma/ws_future/install/pilz_industrial_motion_planner/share/pilz_industrial_motion_planner/package.xml
[263.817s] Invoked command in '/home/sazma/ws_future/build/pilz_industrial_motion_planner' returned '0': AMENT_PREFIX_PATH=/home/sazma/ws_future/install/moveit_resources_prbt_pg70_support:/home/sazma/ws_future/install/moveit_ros_planning_interface:/home/sazma/ws_future/install/moveit_resources_prbt_moveit_config:/home/sazma/ws_future/install/moveit_ros_move_group:/home/sazma/ws_future/install/moveit_ros_warehouse:/home/sazma/ws_future/install/moveit_kinematics:/home/sazma/ws_future/install/moveit_ros_planning:/home/sazma/ws_future/install/pilz_industrial_motion_planner_testutils:/home/sazma/ws_future/install/moveit_ros_occupancy_map_monitor:/home/sazma/ws_future/install/moveit_resources_prbt_ikfast_manipulator_plugin:/home/sazma/ws_future/install/moveit_core:/home/sazma/ws_future/install/moveit_resources_panda_moveit_config:/home/sazma/ws_future/install/moveit_resources_prbt_support:/home/sazma/ws_future/install/moveit_resources_panda_description:/home/sazma/ws_future/install/moveit_msgs:/home/sazma/ws_future/install/moveit_configs_utils:/home/sazma/ws_future/install/moveit_common:${AMENT_PREFIX_PATH} CMAKE_PREFIX_PATH=/home/sazma/ws_future/install/moveit_resources_prbt_pg70_support:/home/sazma/ws_future/install/moveit_ros_planning_interface:/home/sazma/ws_future/install/moveit_resources_prbt_moveit_config:/home/sazma/ws_future/install/moveit_ros_move_group:/home/sazma/ws_future/install/moveit_ros_warehouse:/home/sazma/ws_future/install/moveit_kinematics:/home/sazma/ws_future/install/moveit_ros_planning:/home/sazma/ws_future/install/pilz_industrial_motion_planner_testutils:/home/sazma/ws_future/install/moveit_ros_occupancy_map_monitor:/home/sazma/ws_future/install/moveit_resources_prbt_ikfast_manipulator_plugin:/home/sazma/ws_future/install/moveit_core:/home/sazma/ws_future/install/moveit_resources_panda_moveit_config:/home/sazma/ws_future/install/moveit_resources_prbt_support:/home/sazma/ws_future/install/moveit_resources_panda_description:/home/sazma/ws_future/install/moveit_msgs:/home/sazma/ws_future/install/moveit_common:/home/sazma/ws_future/install/ui_for_debug_and_demo:/home/sazma/ws_future/install/tm_driver:/home/sazma/ws_future/install/demo:/home/sazma/ws_future/install/tm_msgs:/home/sazma/ws_future/install/tm_moveit_cpp_demo:/home/sazma/ws_future/install/tm_moveit_config_tm5x-900:/home/sazma/ws_future/install/tm_moveit_config_tm5x-700:/home/sazma/ws_future/install/tm_moveit_config_tm5-900:/home/sazma/ws_future/install/tm_moveit_config_tm5-700:/home/sazma/ws_future/install/tm_moveit_config_tm14x:/home/sazma/ws_future/install/tm_moveit_config_tm14:/home/sazma/ws_future/install/tm_moveit_config_tm12x:/home/sazma/ws_future/install/tm_moveit_config_tm12:/home/sazma/ws_future/install/tm_description:/home/sazma/ws_future/install/custom_package:/home/sazma/ws_future/install/techman_robot_msgs:/home/sazma/ws_tm/install/ui_for_debug_and_demo:/home/sazma/ws_tm/install/tm_driver:/home/sazma/ws_tm/install/demo:/home/sazma/ws_tm/install/tm_msgs:/home/sazma/ws_tm/install/tm_moveit_cpp_demo:/home/sazma/ws_tm/install/tm_moveit_config_tm5x-900:/home/sazma/ws_tm/install/tm_moveit_config_tm5x-700:/home/sazma/ws_tm/install/tm_moveit_config_tm5-900:/home/sazma/ws_tm/install/tm_moveit_config_tm5-700:/home/sazma/ws_tm/install/tm_moveit_config_tm14x:/home/sazma/ws_tm/install/tm_moveit_config_tm14:/home/sazma/ws_tm/install/tm_moveit_config_tm12x:/home/sazma/ws_tm/install/tm_moveit_config_tm12:/home/sazma/ws_tm/install/tm_description:/home/sazma/ws_tm/install/custom_package:/home/sazma/ws_tm/install/techman_robot_msgs:/home/sazma/ws_future/install/tm_mod_urdf:/home/sazma/ws_future/install/tm_get_status:/home/sazma/ws_tm/install/tm_mod_urdf:/home/sazma/ws_tm/install/tm_get_status:/opt/ros/humble LD_LIBRARY_PATH=/home/sazma/ws_future/install/moveit_ros_planning_interface/lib:/home/sazma/ws_future/install/moveit_ros_move_group/lib:/home/sazma/ws_future/install/moveit_ros_warehouse/lib:/home/sazma/ws_future/install/moveit_kinematics/lib:/home/sazma/ws_future/install/moveit_ros_planning/lib:/home/sazma/ws_future/install/pilz_industrial_motion_planner_testutils/lib:/home/sazma/ws_future/install/moveit_ros_occupancy_map_monitor/lib:/home/sazma/ws_future/install/moveit_resources_prbt_ikfast_manipulator_plugin/lib:/home/sazma/ws_future/install/moveit_core/lib:/home/sazma/ws_future/install/moveit_msgs/lib:${LD_LIBRARY_PATH} PATH=/home/sazma/ws_future/install/moveit_core/bin:${PATH} PYTHONPATH=/home/sazma/ws_future/install/moveit_msgs/local/lib/python3.10/dist-packages:/home/sazma/ws_future/install/moveit_configs_utils/lib/python3.10/site-packages:${PYTHONPATH} /usr/bin/cmake --install /home/sazma/ws_future/build/pilz_industrial_motion_planner
