[35m[1mConsolidate compiler generated dependencies of target msg_store__rosidl_generator_c[0m
[  3%] Built target msg_store__cpp
[ 12%] Built target msg_store__rosidl_generator_c
[35m[1mConsolidate compiler generated dependencies of target msg_store__rosidl_typesupport_fastrtps_cpp[0m
[ 12%] Built target ament_cmake_python_copy_msg_store
[35m[1mConsolidate compiler generated dependencies of target msg_store__rosidl_typesupport_cpp[0m
[35m[1mConsolidate compiler generated dependencies of target msg_store__rosidl_typesupport_introspection_cpp[0m
[35m[1mConsolidate compiler generated dependencies of target msg_store__rosidl_typesupport_introspection_c[0m
[35m[1mConsolidate compiler generated dependencies of target msg_store__rosidl_typesupport_fastrtps_c[0m
[35m[1mConsolidate compiler generated dependencies of target msg_store__rosidl_typesupport_c[0m
[ 22%] Built target msg_store__rosidl_typesupport_cpp
[ 32%] Built target msg_store__rosidl_typesupport_fastrtps_cpp
[ 41%] Built target msg_store__rosidl_typesupport_introspection_cpp
[ 51%] Built target msg_store__rosidl_typesupport_fastrtps_c
[ 61%] Built target msg_store__rosidl_typesupport_introspection_c
[ 70%] Built target msg_store__rosidl_typesupport_c
[ 70%] Built target msg_store
[ 74%] Built target msg_store__py
[35m[1mConsolidate compiler generated dependencies of target msg_store__rosidl_generator_py[0m
[ 80%] Built target msg_store__rosidl_generator_py
[35m[1mConsolidate compiler generated dependencies of target msg_store__rosidl_typesupport_fastrtps_c__pyext[0m
[35m[1mConsolidate compiler generated dependencies of target msg_store__rosidl_typesupport_c__pyext[0m
[35m[1mConsolidate compiler generated dependencies of target msg_store__rosidl_typesupport_introspection_c__pyext[0m
[ 87%] Built target msg_store__rosidl_typesupport_introspection_c__pyext
[ 93%] Built target msg_store__rosidl_typesupport_fastrtps_c__pyext
[100%] Built target msg_store__rosidl_typesupport_c__pyext
running egg_info
writing msg_store.egg-info/PKG-INFO
writing dependency_links to msg_store.egg-info/dependency_links.txt
writing top-level names to msg_store.egg-info/top_level.txt
reading manifest file 'msg_store.egg-info/SOURCES.txt'
writing manifest file 'msg_store.egg-info/SOURCES.txt'
[100%] Built target ament_cmake_python_build_msg_store_egg
-- Install configuration: ""
-- Up-to-date: /home/sazma/ws_future/install/msg_store/share/ament_index/resource_index/rosidl_interfaces/msg_store
-- Up-to-date: /home/sazma/ws_future/install/msg_store/include/msg_store/msg_store
-- Up-to-date: /home/sazma/ws_future/install/msg_store/include/msg_store/msg_store/msg
-- Up-to-date: /home/sazma/ws_future/install/msg_store/include/msg_store/msg_store/msg/rosidl_generator_c__visibility_control.h
-- Up-to-date: /home/sazma/ws_future/install/msg_store/include/msg_store/msg_store/msg/detail
-- Up-to-date: /home/sazma/ws_future/install/msg_store/include/msg_store/msg_store/msg/detail/mpu__functions.c
-- Up-to-date: /home/sazma/ws_future/install/msg_store/include/msg_store/msg_store/msg/detail/mpu__type_support.h
-- Up-to-date: /home/sazma/ws_future/install/msg_store/include/msg_store/msg_store/msg/detail/mpu__struct.h
-- Up-to-date: /home/sazma/ws_future/install/msg_store/include/msg_store/msg_store/msg/detail/mpu__functions.h
-- Up-to-date: /home/sazma/ws_future/install/msg_store/include/msg_store/msg_store/msg/mpu.h
-- Up-to-date: /home/sazma/ws_future/install/msg_store/share/msg_store/environment/library_path.sh
-- Up-to-date: /home/sazma/ws_future/install/msg_store/share/msg_store/environment/library_path.dsv
-- Up-to-date: /home/sazma/ws_future/install/msg_store/lib/libmsg_store__rosidl_generator_c.so
-- Up-to-date: /home/sazma/ws_future/install/msg_store/include/msg_store/msg_store
-- Up-to-date: /home/sazma/ws_future/install/msg_store/include/msg_store/msg_store/msg
-- Up-to-date: /home/sazma/ws_future/install/msg_store/include/msg_store/msg_store/msg/detail
-- Up-to-date: /home/sazma/ws_future/install/msg_store/include/msg_store/msg_store/msg/detail/mpu__rosidl_typesupport_fastrtps_c.h
-- Up-to-date: /home/sazma/ws_future/install/msg_store/include/msg_store/msg_store/msg/rosidl_typesupport_fastrtps_c__visibility_control.h
-- Up-to-date: /home/sazma/ws_future/install/msg_store/lib/libmsg_store__rosidl_typesupport_fastrtps_c.so
-- Up-to-date: /home/sazma/ws_future/install/msg_store/include/msg_store/msg_store
-- Up-to-date: /home/sazma/ws_future/install/msg_store/include/msg_store/msg_store/msg
-- Up-to-date: /home/sazma/ws_future/install/msg_store/include/msg_store/msg_store/msg/detail
-- Up-to-date: /home/sazma/ws_future/install/msg_store/include/msg_store/msg_store/msg/detail/mpu__builder.hpp
-- Up-to-date: /home/sazma/ws_future/install/msg_store/include/msg_store/msg_store/msg/detail/mpu__traits.hpp
-- Up-to-date: /home/sazma/ws_future/install/msg_store/include/msg_store/msg_store/msg/detail/mpu__struct.hpp
-- Up-to-date: /home/sazma/ws_future/install/msg_store/include/msg_store/msg_store/msg/mpu.hpp
-- Up-to-date: /home/sazma/ws_future/install/msg_store/include/msg_store/msg_store
-- Up-to-date: /home/sazma/ws_future/install/msg_store/include/msg_store/msg_store/msg
-- Up-to-date: /home/sazma/ws_future/install/msg_store/include/msg_store/msg_store/msg/detail
-- Up-to-date: /home/sazma/ws_future/install/msg_store/include/msg_store/msg_store/msg/detail/mpu__rosidl_typesupport_fastrtps_cpp.hpp
-- Up-to-date: /home/sazma/ws_future/install/msg_store/include/msg_store/msg_store/msg/detail/dds_fastrtps
-- Up-to-date: /home/sazma/ws_future/install/msg_store/include/msg_store/msg_store/msg/rosidl_typesupport_fastrtps_cpp__visibility_control.h
-- Up-to-date: /home/sazma/ws_future/install/msg_store/lib/libmsg_store__rosidl_typesupport_fastrtps_cpp.so
-- Up-to-date: /home/sazma/ws_future/install/msg_store/include/msg_store/msg_store
-- Up-to-date: /home/sazma/ws_future/install/msg_store/include/msg_store/msg_store/msg
-- Up-to-date: /home/sazma/ws_future/install/msg_store/include/msg_store/msg_store/msg/detail
-- Up-to-date: /home/sazma/ws_future/install/msg_store/include/msg_store/msg_store/msg/detail/mpu__rosidl_typesupport_introspection_c.h
-- Up-to-date: /home/sazma/ws_future/install/msg_store/include/msg_store/msg_store/msg/detail/mpu__type_support.c
-- Up-to-date: /home/sazma/ws_future/install/msg_store/include/msg_store/msg_store/msg/rosidl_typesupport_introspection_c__visibility_control.h
-- Up-to-date: /home/sazma/ws_future/install/msg_store/lib/libmsg_store__rosidl_typesupport_introspection_c.so
-- Up-to-date: /home/sazma/ws_future/install/msg_store/lib/libmsg_store__rosidl_typesupport_c.so
-- Up-to-date: /home/sazma/ws_future/install/msg_store/include/msg_store/msg_store
-- Up-to-date: /home/sazma/ws_future/install/msg_store/include/msg_store/msg_store/msg
-- Up-to-date: /home/sazma/ws_future/install/msg_store/include/msg_store/msg_store/msg/detail
-- Up-to-date: /home/sazma/ws_future/install/msg_store/include/msg_store/msg_store/msg/detail/mpu__type_support.cpp
-- Up-to-date: /home/sazma/ws_future/install/msg_store/include/msg_store/msg_store/msg/detail/mpu__rosidl_typesupport_introspection_cpp.hpp
-- Up-to-date: /home/sazma/ws_future/install/msg_store/lib/libmsg_store__rosidl_typesupport_introspection_cpp.so
-- Up-to-date: /home/sazma/ws_future/install/msg_store/lib/libmsg_store__rosidl_typesupport_cpp.so
-- Up-to-date: /home/sazma/ws_future/install/msg_store/share/msg_store/environment/pythonpath.sh
-- Up-to-date: /home/sazma/ws_future/install/msg_store/share/msg_store/environment/pythonpath.dsv
-- Up-to-date: /home/sazma/ws_future/install/msg_store/local/lib/python3.10/dist-packages/msg_store-0.0.0-py3.10.egg-info
-- Installing: /home/sazma/ws_future/install/msg_store/local/lib/python3.10/dist-packages/msg_store-0.0.0-py3.10.egg-info/SOURCES.txt
-- Installing: /home/sazma/ws_future/install/msg_store/local/lib/python3.10/dist-packages/msg_store-0.0.0-py3.10.egg-info/dependency_links.txt
-- Installing: /home/sazma/ws_future/install/msg_store/local/lib/python3.10/dist-packages/msg_store-0.0.0-py3.10.egg-info/top_level.txt
-- Installing: /home/sazma/ws_future/install/msg_store/local/lib/python3.10/dist-packages/msg_store-0.0.0-py3.10.egg-info/PKG-INFO
-- Up-to-date: /home/sazma/ws_future/install/msg_store/local/lib/python3.10/dist-packages/msg_store
-- Up-to-date: /home/sazma/ws_future/install/msg_store/local/lib/python3.10/dist-packages/msg_store/_msg_store_s.ep.rosidl_typesupport_introspection_c.c
-- Up-to-date: /home/sazma/ws_future/install/msg_store/local/lib/python3.10/dist-packages/msg_store/msg
-- Up-to-date: /home/sazma/ws_future/install/msg_store/local/lib/python3.10/dist-packages/msg_store/msg/__init__.py
-- Up-to-date: /home/sazma/ws_future/install/msg_store/local/lib/python3.10/dist-packages/msg_store/msg/_mpu_s.c
-- Up-to-date: /home/sazma/ws_future/install/msg_store/local/lib/python3.10/dist-packages/msg_store/msg/_mpu.py
-- Up-to-date: /home/sazma/ws_future/install/msg_store/local/lib/python3.10/dist-packages/msg_store/_msg_store_s.ep.rosidl_typesupport_fastrtps_c.c
-- Up-to-date: /home/sazma/ws_future/install/msg_store/local/lib/python3.10/dist-packages/msg_store/__init__.py
-- Up-to-date: /home/sazma/ws_future/install/msg_store/local/lib/python3.10/dist-packages/msg_store/libmsg_store__rosidl_generator_py.so
-- Up-to-date: /home/sazma/ws_future/install/msg_store/local/lib/python3.10/dist-packages/msg_store/msg_store_s__rosidl_typesupport_c.cpython-310-x86_64-linux-gnu.so
-- Up-to-date: /home/sazma/ws_future/install/msg_store/local/lib/python3.10/dist-packages/msg_store/msg_store_s__rosidl_typesupport_fastrtps_c.cpython-310-x86_64-linux-gnu.so
-- Up-to-date: /home/sazma/ws_future/install/msg_store/local/lib/python3.10/dist-packages/msg_store/_msg_store_s.ep.rosidl_typesupport_c.c
-- Up-to-date: /home/sazma/ws_future/install/msg_store/local/lib/python3.10/dist-packages/msg_store/msg_store_s__rosidl_typesupport_introspection_c.cpython-310-x86_64-linux-gnu.so
Listing '/home/sazma/ws_future/install/msg_store/local/lib/python3.10/dist-packages/msg_store'...
Listing '/home/sazma/ws_future/install/msg_store/local/lib/python3.10/dist-packages/msg_store/msg'...
-- Up-to-date: /home/sazma/ws_future/install/msg_store/local/lib/python3.10/dist-packages/msg_store/msg_store_s__rosidl_typesupport_fastrtps_c.cpython-310-x86_64-linux-gnu.so
-- Up-to-date: /home/sazma/ws_future/install/msg_store/local/lib/python3.10/dist-packages/msg_store/msg_store_s__rosidl_typesupport_introspection_c.cpython-310-x86_64-linux-gnu.so
-- Up-to-date: /home/sazma/ws_future/install/msg_store/local/lib/python3.10/dist-packages/msg_store/msg_store_s__rosidl_typesupport_c.cpython-310-x86_64-linux-gnu.so
-- Up-to-date: /home/sazma/ws_future/install/msg_store/lib/libmsg_store__rosidl_generator_py.so
-- Up-to-date: /home/sazma/ws_future/install/msg_store/share/msg_store/msg/Mpu.idl
-- Up-to-date: /home/sazma/ws_future/install/msg_store/share/msg_store/msg/Mpu.msg
-- Up-to-date: /home/sazma/ws_future/install/msg_store/share/ament_index/resource_index/package_run_dependencies/msg_store
-- Up-to-date: /home/sazma/ws_future/install/msg_store/share/ament_index/resource_index/parent_prefix_path/msg_store
-- Up-to-date: /home/sazma/ws_future/install/msg_store/share/msg_store/environment/ament_prefix_path.sh
-- Up-to-date: /home/sazma/ws_future/install/msg_store/share/msg_store/environment/ament_prefix_path.dsv
-- Up-to-date: /home/sazma/ws_future/install/msg_store/share/msg_store/environment/path.sh
-- Up-to-date: /home/sazma/ws_future/install/msg_store/share/msg_store/environment/path.dsv
-- Up-to-date: /home/sazma/ws_future/install/msg_store/share/msg_store/local_setup.bash
-- Up-to-date: /home/sazma/ws_future/install/msg_store/share/msg_store/local_setup.sh
-- Up-to-date: /home/sazma/ws_future/install/msg_store/share/msg_store/local_setup.zsh
-- Up-to-date: /home/sazma/ws_future/install/msg_store/share/msg_store/local_setup.dsv
-- Installing: /home/sazma/ws_future/install/msg_store/share/msg_store/package.dsv
-- Up-to-date: /home/sazma/ws_future/install/msg_store/share/ament_index/resource_index/packages/msg_store
-- Up-to-date: /home/sazma/ws_future/install/msg_store/share/msg_store/cmake/export_msg_store__rosidl_generator_cExport.cmake
-- Up-to-date: /home/sazma/ws_future/install/msg_store/share/msg_store/cmake/export_msg_store__rosidl_generator_cExport-noconfig.cmake
-- Up-to-date: /home/sazma/ws_future/install/msg_store/share/msg_store/cmake/export_msg_store__rosidl_typesupport_fastrtps_cExport.cmake
-- Up-to-date: /home/sazma/ws_future/install/msg_store/share/msg_store/cmake/export_msg_store__rosidl_typesupport_fastrtps_cExport-noconfig.cmake
-- Up-to-date: /home/sazma/ws_future/install/msg_store/share/msg_store/cmake/export_msg_store__rosidl_generator_cppExport.cmake
-- Up-to-date: /home/sazma/ws_future/install/msg_store/share/msg_store/cmake/export_msg_store__rosidl_typesupport_fastrtps_cppExport.cmake
-- Up-to-date: /home/sazma/ws_future/install/msg_store/share/msg_store/cmake/export_msg_store__rosidl_typesupport_fastrtps_cppExport-noconfig.cmake
-- Up-to-date: /home/sazma/ws_future/install/msg_store/share/msg_store/cmake/msg_store__rosidl_typesupport_introspection_cExport.cmake
-- Up-to-date: /home/sazma/ws_future/install/msg_store/share/msg_store/cmake/msg_store__rosidl_typesupport_introspection_cExport-noconfig.cmake
-- Up-to-date: /home/sazma/ws_future/install/msg_store/share/msg_store/cmake/msg_store__rosidl_typesupport_cExport.cmake
-- Up-to-date: /home/sazma/ws_future/install/msg_store/share/msg_store/cmake/msg_store__rosidl_typesupport_cExport-noconfig.cmake
-- Up-to-date: /home/sazma/ws_future/install/msg_store/share/msg_store/cmake/msg_store__rosidl_typesupport_introspection_cppExport.cmake
-- Up-to-date: /home/sazma/ws_future/install/msg_store/share/msg_store/cmake/msg_store__rosidl_typesupport_introspection_cppExport-noconfig.cmake
-- Up-to-date: /home/sazma/ws_future/install/msg_store/share/msg_store/cmake/msg_store__rosidl_typesupport_cppExport.cmake
-- Up-to-date: /home/sazma/ws_future/install/msg_store/share/msg_store/cmake/msg_store__rosidl_typesupport_cppExport-noconfig.cmake
-- Up-to-date: /home/sazma/ws_future/install/msg_store/share/msg_store/cmake/export_msg_store__rosidl_generator_pyExport.cmake
-- Up-to-date: /home/sazma/ws_future/install/msg_store/share/msg_store/cmake/export_msg_store__rosidl_generator_pyExport-noconfig.cmake
-- Up-to-date: /home/sazma/ws_future/install/msg_store/share/msg_store/cmake/rosidl_cmake-extras.cmake
-- Up-to-date: /home/sazma/ws_future/install/msg_store/share/msg_store/cmake/ament_cmake_export_dependencies-extras.cmake
-- Up-to-date: /home/sazma/ws_future/install/msg_store/share/msg_store/cmake/ament_cmake_export_include_directories-extras.cmake
-- Up-to-date: /home/sazma/ws_future/install/msg_store/share/msg_store/cmake/ament_cmake_export_libraries-extras.cmake
-- Up-to-date: /home/sazma/ws_future/install/msg_store/share/msg_store/cmake/ament_cmake_export_targets-extras.cmake
-- Up-to-date: /home/sazma/ws_future/install/msg_store/share/msg_store/cmake/rosidl_cmake_export_typesupport_targets-extras.cmake
-- Up-to-date: /home/sazma/ws_future/install/msg_store/share/msg_store/cmake/rosidl_cmake_export_typesupport_libraries-extras.cmake
-- Up-to-date: /home/sazma/ws_future/install/msg_store/share/msg_store/cmake/msg_storeConfig.cmake
-- Up-to-date: /home/sazma/ws_future/install/msg_store/share/msg_store/cmake/msg_storeConfig-version.cmake
-- Up-to-date: /home/sazma/ws_future/install/msg_store/share/msg_store/package.xml
