[0.801s] Invoking command in '/home/sazma/ws_future/build/msg_store': CMAKE_PREFIX_PATH=${CMAKE_PREFIX_PATH}:/home/sazma/ws_future/install/tm_mod_urdf:/home/sazma/ws_future/install/tm_get_status:/home/sazma/ws_future/install/py_pubsub:/home/sazma/ws_future/install/mpu_6050:/home/sazma/ws_future/install/moveit_configs_utils:/opt/ros/humble /usr/bin/cmake --build /home/sazma/ws_future/build/msg_store -- -j12 -l12
[0.904s] [35m[1mConsolidate compiler generated dependencies of target msg_store__rosidl_generator_c[0m
[0.904s] [  3%] Built target msg_store__cpp
[0.904s] [ 12%] Built target msg_store__rosidl_generator_c
[0.904s] [35m[1mConsolidate compiler generated dependencies of target msg_store__rosidl_typesupport_fastrtps_cpp[0m
[0.904s] [ 12%] Built target ament_cmake_python_copy_msg_store
[0.905s] [35m[1mConsolidate compiler generated dependencies of target msg_store__rosidl_typesupport_cpp[0m
[0.905s] [35m[1mConsolidate compiler generated dependencies of target msg_store__rosidl_typesupport_introspection_cpp[0m
[0.905s] [35m[1mConsolidate compiler generated dependencies of target msg_store__rosidl_typesupport_introspection_c[0m
[0.905s] [35m[1mConsolidate compiler generated dependencies of target msg_store__rosidl_typesupport_fastrtps_c[0m
[0.905s] [35m[1mConsolidate compiler generated dependencies of target msg_store__rosidl_typesupport_c[0m
[0.914s] [ 22%] Built target msg_store__rosidl_typesupport_cpp
[0.925s] [ 32%] Built target msg_store__rosidl_typesupport_fastrtps_cpp
[0.929s] [ 41%] Built target msg_store__rosidl_typesupport_introspection_cpp
[0.930s] [ 51%] Built target msg_store__rosidl_typesupport_fastrtps_c
[0.942s] [ 61%] Built target msg_store__rosidl_typesupport_introspection_c
[0.942s] [ 70%] Built target msg_store__rosidl_typesupport_c
[0.975s] [ 70%] Built target msg_store
[1.007s] [ 74%] Built target msg_store__py
[1.022s] [35m[1mConsolidate compiler generated dependencies of target msg_store__rosidl_generator_py[0m
[1.039s] [ 80%] Built target msg_store__rosidl_generator_py
[1.060s] [35m[1mConsolidate compiler generated dependencies of target msg_store__rosidl_typesupport_fastrtps_c__pyext[0m
[1.061s] [35m[1mConsolidate compiler generated dependencies of target msg_store__rosidl_typesupport_c__pyext[0m
[1.061s] [35m[1mConsolidate compiler generated dependencies of target msg_store__rosidl_typesupport_introspection_c__pyext[0m
[1.081s] [ 87%] Built target msg_store__rosidl_typesupport_introspection_c__pyext
[1.082s] [ 93%] Built target msg_store__rosidl_typesupport_fastrtps_c__pyext
[1.087s] [100%] Built target msg_store__rosidl_typesupport_c__pyext
[1.237s] running egg_info
[1.257s] writing msg_store.egg-info/PKG-INFO
[1.258s] writing dependency_links to msg_store.egg-info/dependency_links.txt
[1.258s] writing top-level names to msg_store.egg-info/top_level.txt
[1.313s] reading manifest file 'msg_store.egg-info/SOURCES.txt'
[1.313s] writing manifest file 'msg_store.egg-info/SOURCES.txt'
[1.349s] [100%] Built target ament_cmake_python_build_msg_store_egg
[2.139s] Invoked command in '/home/sazma/ws_future/build/msg_store' returned '0': CMAKE_PREFIX_PATH=${CMAKE_PREFIX_PATH}:/home/sazma/ws_future/install/tm_mod_urdf:/home/sazma/ws_future/install/tm_get_status:/home/sazma/ws_future/install/py_pubsub:/home/sazma/ws_future/install/mpu_6050:/home/sazma/ws_future/install/moveit_configs_utils:/opt/ros/humble /usr/bin/cmake --build /home/sazma/ws_future/build/msg_store -- -j12 -l12
[2.745s] Invoking command in '/home/sazma/ws_future/build/msg_store': CMAKE_PREFIX_PATH=${CMAKE_PREFIX_PATH}:/home/sazma/ws_future/install/tm_mod_urdf:/home/sazma/ws_future/install/tm_get_status:/home/sazma/ws_future/install/py_pubsub:/home/sazma/ws_future/install/mpu_6050:/home/sazma/ws_future/install/moveit_configs_utils:/opt/ros/humble /usr/bin/cmake --install /home/sazma/ws_future/build/msg_store
[3.315s] -- Install configuration: ""
[3.316s] -- Up-to-date: /home/sazma/ws_future/install/msg_store/share/ament_index/resource_index/rosidl_interfaces/msg_store
[3.316s] -- Up-to-date: /home/sazma/ws_future/install/msg_store/include/msg_store/msg_store
[3.316s] -- Up-to-date: /home/sazma/ws_future/install/msg_store/include/msg_store/msg_store/msg
[3.317s] -- Up-to-date: /home/sazma/ws_future/install/msg_store/include/msg_store/msg_store/msg/rosidl_generator_c__visibility_control.h
[3.317s] -- Up-to-date: /home/sazma/ws_future/install/msg_store/include/msg_store/msg_store/msg/detail
[3.317s] -- Up-to-date: /home/sazma/ws_future/install/msg_store/include/msg_store/msg_store/msg/detail/mpu__functions.c
[3.318s] -- Up-to-date: /home/sazma/ws_future/install/msg_store/include/msg_store/msg_store/msg/detail/mpu__type_support.h
[3.318s] -- Up-to-date: /home/sazma/ws_future/install/msg_store/include/msg_store/msg_store/msg/detail/mpu__struct.h
[3.318s] -- Up-to-date: /home/sazma/ws_future/install/msg_store/include/msg_store/msg_store/msg/detail/mpu__functions.h
[3.318s] -- Up-to-date: /home/sazma/ws_future/install/msg_store/include/msg_store/msg_store/msg/mpu.h
[3.319s] -- Up-to-date: /home/sazma/ws_future/install/msg_store/share/msg_store/environment/library_path.sh
[3.319s] -- Up-to-date: /home/sazma/ws_future/install/msg_store/share/msg_store/environment/library_path.dsv
[3.319s] -- Up-to-date: /home/sazma/ws_future/install/msg_store/lib/libmsg_store__rosidl_generator_c.so
[3.319s] -- Up-to-date: /home/sazma/ws_future/install/msg_store/include/msg_store/msg_store
[3.320s] -- Up-to-date: /home/sazma/ws_future/install/msg_store/include/msg_store/msg_store/msg
[3.320s] -- Up-to-date: /home/sazma/ws_future/install/msg_store/include/msg_store/msg_store/msg/detail
[3.320s] -- Up-to-date: /home/sazma/ws_future/install/msg_store/include/msg_store/msg_store/msg/detail/mpu__rosidl_typesupport_fastrtps_c.h
[3.320s] -- Up-to-date: /home/sazma/ws_future/install/msg_store/include/msg_store/msg_store/msg/rosidl_typesupport_fastrtps_c__visibility_control.h
[3.321s] -- Up-to-date: /home/sazma/ws_future/install/msg_store/lib/libmsg_store__rosidl_typesupport_fastrtps_c.so
[3.321s] -- Up-to-date: /home/sazma/ws_future/install/msg_store/include/msg_store/msg_store
[3.321s] -- Up-to-date: /home/sazma/ws_future/install/msg_store/include/msg_store/msg_store/msg
[3.321s] -- Up-to-date: /home/sazma/ws_future/install/msg_store/include/msg_store/msg_store/msg/detail
[3.321s] -- Up-to-date: /home/sazma/ws_future/install/msg_store/include/msg_store/msg_store/msg/detail/mpu__builder.hpp
[3.321s] -- Up-to-date: /home/sazma/ws_future/install/msg_store/include/msg_store/msg_store/msg/detail/mpu__traits.hpp
[3.321s] -- Up-to-date: /home/sazma/ws_future/install/msg_store/include/msg_store/msg_store/msg/detail/mpu__struct.hpp
[3.321s] -- Up-to-date: /home/sazma/ws_future/install/msg_store/include/msg_store/msg_store/msg/mpu.hpp
[3.322s] -- Up-to-date: /home/sazma/ws_future/install/msg_store/include/msg_store/msg_store
[3.322s] -- Up-to-date: /home/sazma/ws_future/install/msg_store/include/msg_store/msg_store/msg
[3.322s] -- Up-to-date: /home/sazma/ws_future/install/msg_store/include/msg_store/msg_store/msg/detail
[3.322s] -- Up-to-date: /home/sazma/ws_future/install/msg_store/include/msg_store/msg_store/msg/detail/mpu__rosidl_typesupport_fastrtps_cpp.hpp
[3.323s] -- Up-to-date: /home/sazma/ws_future/install/msg_store/include/msg_store/msg_store/msg/detail/dds_fastrtps
[3.323s] -- Up-to-date: /home/sazma/ws_future/install/msg_store/include/msg_store/msg_store/msg/rosidl_typesupport_fastrtps_cpp__visibility_control.h
[3.323s] -- Up-to-date: /home/sazma/ws_future/install/msg_store/lib/libmsg_store__rosidl_typesupport_fastrtps_cpp.so
[3.323s] -- Up-to-date: /home/sazma/ws_future/install/msg_store/include/msg_store/msg_store
[3.324s] -- Up-to-date: /home/sazma/ws_future/install/msg_store/include/msg_store/msg_store/msg
[3.324s] -- Up-to-date: /home/sazma/ws_future/install/msg_store/include/msg_store/msg_store/msg/detail
[3.324s] -- Up-to-date: /home/sazma/ws_future/install/msg_store/include/msg_store/msg_store/msg/detail/mpu__rosidl_typesupport_introspection_c.h
[3.325s] -- Up-to-date: /home/sazma/ws_future/install/msg_store/include/msg_store/msg_store/msg/detail/mpu__type_support.c
[3.326s] -- Up-to-date: /home/sazma/ws_future/install/msg_store/include/msg_store/msg_store/msg/rosidl_typesupport_introspection_c__visibility_control.h
[3.326s] -- Up-to-date: /home/sazma/ws_future/install/msg_store/lib/libmsg_store__rosidl_typesupport_introspection_c.so
[3.326s] -- Up-to-date: /home/sazma/ws_future/install/msg_store/lib/libmsg_store__rosidl_typesupport_c.so
[3.327s] -- Up-to-date: /home/sazma/ws_future/install/msg_store/include/msg_store/msg_store
[3.327s] -- Up-to-date: /home/sazma/ws_future/install/msg_store/include/msg_store/msg_store/msg
[3.327s] -- Up-to-date: /home/sazma/ws_future/install/msg_store/include/msg_store/msg_store/msg/detail
[3.327s] -- Up-to-date: /home/sazma/ws_future/install/msg_store/include/msg_store/msg_store/msg/detail/mpu__type_support.cpp
[3.328s] -- Up-to-date: /home/sazma/ws_future/install/msg_store/include/msg_store/msg_store/msg/detail/mpu__rosidl_typesupport_introspection_cpp.hpp
[3.328s] -- Up-to-date: /home/sazma/ws_future/install/msg_store/lib/libmsg_store__rosidl_typesupport_introspection_cpp.so
[3.328s] -- Up-to-date: /home/sazma/ws_future/install/msg_store/lib/libmsg_store__rosidl_typesupport_cpp.so
[3.328s] -- Up-to-date: /home/sazma/ws_future/install/msg_store/share/msg_store/environment/pythonpath.sh
[3.329s] -- Up-to-date: /home/sazma/ws_future/install/msg_store/share/msg_store/environment/pythonpath.dsv
[3.329s] -- Up-to-date: /home/sazma/ws_future/install/msg_store/local/lib/python3.10/dist-packages/msg_store-0.0.0-py3.10.egg-info
[3.329s] -- Installing: /home/sazma/ws_future/install/msg_store/local/lib/python3.10/dist-packages/msg_store-0.0.0-py3.10.egg-info/SOURCES.txt
[3.329s] -- Installing: /home/sazma/ws_future/install/msg_store/local/lib/python3.10/dist-packages/msg_store-0.0.0-py3.10.egg-info/dependency_links.txt
[3.330s] -- Installing: /home/sazma/ws_future/install/msg_store/local/lib/python3.10/dist-packages/msg_store-0.0.0-py3.10.egg-info/top_level.txt
[3.330s] -- Installing: /home/sazma/ws_future/install/msg_store/local/lib/python3.10/dist-packages/msg_store-0.0.0-py3.10.egg-info/PKG-INFO
[3.330s] -- Up-to-date: /home/sazma/ws_future/install/msg_store/local/lib/python3.10/dist-packages/msg_store
[3.331s] -- Up-to-date: /home/sazma/ws_future/install/msg_store/local/lib/python3.10/dist-packages/msg_store/_msg_store_s.ep.rosidl_typesupport_introspection_c.c
[3.331s] -- Up-to-date: /home/sazma/ws_future/install/msg_store/local/lib/python3.10/dist-packages/msg_store/msg
[3.332s] -- Up-to-date: /home/sazma/ws_future/install/msg_store/local/lib/python3.10/dist-packages/msg_store/msg/__init__.py
[3.332s] -- Up-to-date: /home/sazma/ws_future/install/msg_store/local/lib/python3.10/dist-packages/msg_store/msg/_mpu_s.c
[3.333s] -- Up-to-date: /home/sazma/ws_future/install/msg_store/local/lib/python3.10/dist-packages/msg_store/msg/_mpu.py
[3.333s] -- Up-to-date: /home/sazma/ws_future/install/msg_store/local/lib/python3.10/dist-packages/msg_store/_msg_store_s.ep.rosidl_typesupport_fastrtps_c.c
[3.333s] -- Up-to-date: /home/sazma/ws_future/install/msg_store/local/lib/python3.10/dist-packages/msg_store/__init__.py
[3.334s] -- Up-to-date: /home/sazma/ws_future/install/msg_store/local/lib/python3.10/dist-packages/msg_store/libmsg_store__rosidl_generator_py.so
[3.334s] -- Up-to-date: /home/sazma/ws_future/install/msg_store/local/lib/python3.10/dist-packages/msg_store/msg_store_s__rosidl_typesupport_c.cpython-310-x86_64-linux-gnu.so
[3.334s] -- Up-to-date: /home/sazma/ws_future/install/msg_store/local/lib/python3.10/dist-packages/msg_store/msg_store_s__rosidl_typesupport_fastrtps_c.cpython-310-x86_64-linux-gnu.so
[3.335s] -- Up-to-date: /home/sazma/ws_future/install/msg_store/local/lib/python3.10/dist-packages/msg_store/_msg_store_s.ep.rosidl_typesupport_c.c
[3.335s] -- Up-to-date: /home/sazma/ws_future/install/msg_store/local/lib/python3.10/dist-packages/msg_store/msg_store_s__rosidl_typesupport_introspection_c.cpython-310-x86_64-linux-gnu.so
[3.336s] Listing '/home/sazma/ws_future/install/msg_store/local/lib/python3.10/dist-packages/msg_store'...
[3.336s] Listing '/home/sazma/ws_future/install/msg_store/local/lib/python3.10/dist-packages/msg_store/msg'...
[3.337s] -- Up-to-date: /home/sazma/ws_future/install/msg_store/local/lib/python3.10/dist-packages/msg_store/msg_store_s__rosidl_typesupport_fastrtps_c.cpython-310-x86_64-linux-gnu.so
[3.337s] -- Up-to-date: /home/sazma/ws_future/install/msg_store/local/lib/python3.10/dist-packages/msg_store/msg_store_s__rosidl_typesupport_introspection_c.cpython-310-x86_64-linux-gnu.so
[3.337s] -- Up-to-date: /home/sazma/ws_future/install/msg_store/local/lib/python3.10/dist-packages/msg_store/msg_store_s__rosidl_typesupport_c.cpython-310-x86_64-linux-gnu.so
[3.337s] -- Up-to-date: /home/sazma/ws_future/install/msg_store/lib/libmsg_store__rosidl_generator_py.so
[3.337s] -- Up-to-date: /home/sazma/ws_future/install/msg_store/share/msg_store/msg/Mpu.idl
[3.337s] -- Up-to-date: /home/sazma/ws_future/install/msg_store/share/msg_store/msg/Mpu.msg
[3.337s] -- Up-to-date: /home/sazma/ws_future/install/msg_store/share/ament_index/resource_index/package_run_dependencies/msg_store
[3.337s] -- Up-to-date: /home/sazma/ws_future/install/msg_store/share/ament_index/resource_index/parent_prefix_path/msg_store
[3.337s] -- Up-to-date: /home/sazma/ws_future/install/msg_store/share/msg_store/environment/ament_prefix_path.sh
[3.337s] -- Up-to-date: /home/sazma/ws_future/install/msg_store/share/msg_store/environment/ament_prefix_path.dsv
[3.337s] -- Up-to-date: /home/sazma/ws_future/install/msg_store/share/msg_store/environment/path.sh
[3.337s] -- Up-to-date: /home/sazma/ws_future/install/msg_store/share/msg_store/environment/path.dsv
[3.337s] -- Up-to-date: /home/sazma/ws_future/install/msg_store/share/msg_store/local_setup.bash
[3.338s] -- Up-to-date: /home/sazma/ws_future/install/msg_store/share/msg_store/local_setup.sh
[3.338s] -- Up-to-date: /home/sazma/ws_future/install/msg_store/share/msg_store/local_setup.zsh
[3.338s] -- Up-to-date: /home/sazma/ws_future/install/msg_store/share/msg_store/local_setup.dsv
[3.339s] -- Installing: /home/sazma/ws_future/install/msg_store/share/msg_store/package.dsv
[3.339s] -- Up-to-date: /home/sazma/ws_future/install/msg_store/share/ament_index/resource_index/packages/msg_store
[3.339s] -- Up-to-date: /home/sazma/ws_future/install/msg_store/share/msg_store/cmake/export_msg_store__rosidl_generator_cExport.cmake
[3.340s] -- Up-to-date: /home/sazma/ws_future/install/msg_store/share/msg_store/cmake/export_msg_store__rosidl_generator_cExport-noconfig.cmake
[3.340s] -- Up-to-date: /home/sazma/ws_future/install/msg_store/share/msg_store/cmake/export_msg_store__rosidl_typesupport_fastrtps_cExport.cmake
[3.341s] -- Up-to-date: /home/sazma/ws_future/install/msg_store/share/msg_store/cmake/export_msg_store__rosidl_typesupport_fastrtps_cExport-noconfig.cmake
[3.341s] -- Up-to-date: /home/sazma/ws_future/install/msg_store/share/msg_store/cmake/export_msg_store__rosidl_generator_cppExport.cmake
[3.341s] -- Up-to-date: /home/sazma/ws_future/install/msg_store/share/msg_store/cmake/export_msg_store__rosidl_typesupport_fastrtps_cppExport.cmake
[3.341s] -- Up-to-date: /home/sazma/ws_future/install/msg_store/share/msg_store/cmake/export_msg_store__rosidl_typesupport_fastrtps_cppExport-noconfig.cmake
[3.341s] -- Up-to-date: /home/sazma/ws_future/install/msg_store/share/msg_store/cmake/msg_store__rosidl_typesupport_introspection_cExport.cmake
[3.341s] -- Up-to-date: /home/sazma/ws_future/install/msg_store/share/msg_store/cmake/msg_store__rosidl_typesupport_introspection_cExport-noconfig.cmake
[3.341s] -- Up-to-date: /home/sazma/ws_future/install/msg_store/share/msg_store/cmake/msg_store__rosidl_typesupport_cExport.cmake
[3.341s] -- Up-to-date: /home/sazma/ws_future/install/msg_store/share/msg_store/cmake/msg_store__rosidl_typesupport_cExport-noconfig.cmake
[3.341s] -- Up-to-date: /home/sazma/ws_future/install/msg_store/share/msg_store/cmake/msg_store__rosidl_typesupport_introspection_cppExport.cmake
[3.341s] -- Up-to-date: /home/sazma/ws_future/install/msg_store/share/msg_store/cmake/msg_store__rosidl_typesupport_introspection_cppExport-noconfig.cmake
[3.341s] -- Up-to-date: /home/sazma/ws_future/install/msg_store/share/msg_store/cmake/msg_store__rosidl_typesupport_cppExport.cmake
[3.341s] -- Up-to-date: /home/sazma/ws_future/install/msg_store/share/msg_store/cmake/msg_store__rosidl_typesupport_cppExport-noconfig.cmake
[3.341s] -- Up-to-date: /home/sazma/ws_future/install/msg_store/share/msg_store/cmake/export_msg_store__rosidl_generator_pyExport.cmake
[3.342s] -- Up-to-date: /home/sazma/ws_future/install/msg_store/share/msg_store/cmake/export_msg_store__rosidl_generator_pyExport-noconfig.cmake
[3.342s] -- Up-to-date: /home/sazma/ws_future/install/msg_store/share/msg_store/cmake/rosidl_cmake-extras.cmake
[3.342s] -- Up-to-date: /home/sazma/ws_future/install/msg_store/share/msg_store/cmake/ament_cmake_export_dependencies-extras.cmake
[3.343s] -- Up-to-date: /home/sazma/ws_future/install/msg_store/share/msg_store/cmake/ament_cmake_export_include_directories-extras.cmake
[3.343s] -- Up-to-date: /home/sazma/ws_future/install/msg_store/share/msg_store/cmake/ament_cmake_export_libraries-extras.cmake
[3.343s] -- Up-to-date: /home/sazma/ws_future/install/msg_store/share/msg_store/cmake/ament_cmake_export_targets-extras.cmake
[3.343s] -- Up-to-date: /home/sazma/ws_future/install/msg_store/share/msg_store/cmake/rosidl_cmake_export_typesupport_targets-extras.cmake
[3.344s] -- Up-to-date: /home/sazma/ws_future/install/msg_store/share/msg_store/cmake/rosidl_cmake_export_typesupport_libraries-extras.cmake
[3.345s] -- Up-to-date: /home/sazma/ws_future/install/msg_store/share/msg_store/cmake/msg_storeConfig.cmake
[3.345s] -- Up-to-date: /home/sazma/ws_future/install/msg_store/share/msg_store/cmake/msg_storeConfig-version.cmake
[3.345s] -- Up-to-date: /home/sazma/ws_future/install/msg_store/share/msg_store/package.xml
[4.018s] Invoked command in '/home/sazma/ws_future/build/msg_store' returned '0': CMAKE_PREFIX_PATH=${CMAKE_PREFIX_PATH}:/home/sazma/ws_future/install/tm_mod_urdf:/home/sazma/ws_future/install/tm_get_status:/home/sazma/ws_future/install/py_pubsub:/home/sazma/ws_future/install/mpu_6050:/home/sazma/ws_future/install/moveit_configs_utils:/opt/ros/humble /usr/bin/cmake --install /home/sazma/ws_future/build/msg_store
