-- Found ament_cmake: 1.3.5 (/opt/ros/humble/share/ament_cmake/cmake)
-- Found rclcpp: 16.0.6 (/opt/ros/humble/share/rclcpp/cmake)
-- Found rosidl_generator_c: 3.1.5 (/opt/ros/humble/share/rosidl_generator_c/cmake)
-- Found rosidl_adapter: 3.1.5 (/opt/ros/humble/share/rosidl_adapter/cmake)
-- Found rosidl_generator_cpp: 3.1.5 (/opt/ros/humble/share/rosidl_generator_cpp/cmake)
-- Using all available rosidl_typesupport_c: rosidl_typesupport_fastrtps_c;rosidl_typesupport_introspection_c
-- Using all available rosidl_typesupport_cpp: rosidl_typesupport_fastrtps_cpp;rosidl_typesupport_introspection_cpp
-- Found rmw_implementation_cmake: 6.1.1 (/opt/ros/humble/share/rmw_implementation_cmake/cmake)
-- Found rmw_fastrtps_cpp: 6.2.4 (/opt/ros/humble/share/rmw_fastrtps_cpp/cmake)
-- Using RMW implementation 'rmw_fastrtps_cpp' as default
-- Found sensor_msgs: 4.2.3 (/opt/ros/humble/share/sensor_msgs/cmake)
-- Found tm_msgs: 1.1.2 (/home/sazma/ws_future/install/tm_msgs/share/tm_msgs/cmake)
-- Found ament_lint_auto: 0.12.8 (/opt/ros/humble/share/ament_lint_auto/cmake)
-- Added test 'copyright' to check source files copyright and LICENSE
-- Added test 'cppcheck' to perform static code analysis on C / C++ code
-- Configured cppcheck include dirs: /home/sazma/ws_future/src/tmr_ros2/demo/include
-- Configured cppcheck exclude dirs and/or files: 
-- Added test 'cpplint' to check C / C++ code against the Google style
-- Configured cpplint exclude dirs and/or files: 
-- Added test 'lint_cmake' to check CMake code style
-- Added test 'uncrustify' to check C / C++ code style
-- Configured uncrustify additional arguments: 
-- Added test 'xmllint' to check XML markup files
-- Configuring done
-- Generating done
-- Build files have been written to: /home/sazma/ws_future/build/demo
[35m[1mConsolidate compiler generated dependencies of target demo_connect_tm[0m
[35m[1mConsolidate compiler generated dependencies of target demo_ask_sta[0m
[35m[1mConsolidate compiler generated dependencies of target demo_set_positions[0m
[35m[1mConsolidate compiler generated dependencies of target demo_send_script[0m
[35m[1mConsolidate compiler generated dependencies of target demo_set_event[0m
[35m[1mConsolidate compiler generated dependencies of target demo_set_io[0m
[35m[1mConsolidate compiler generated dependencies of target demo_ask_item[0m
[35m[1mConsolidate compiler generated dependencies of target demo_get_sct_response[0m
[35m[1mConsolidate compiler generated dependencies of target demo_get_torque_feedback[0m
[35m[1mConsolidate compiler generated dependencies of target demo_write_item[0m
[35m[1mConsolidate compiler generated dependencies of target demo_get_feedback[0m
[35m[1mConsolidate compiler generated dependencies of target demo_get_sta_response[0m
[  7%] Built target demo_connect_tm
[ 14%] Built target demo_send_script
[ 21%] Built target demo_ask_sta
[ 28%] Built target demo_set_event
[ 35%] Built target demo_set_io
[ 42%] Built target demo_set_positions
[ 50%] Built target demo_ask_item
[ 60%] Built target demo_get_feedback
[ 64%] Built target demo_write_item
[ 71%] Built target demo_get_torque_feedback
[ 78%] Built target demo_get_sct_response
[ 85%] Built target demo_get_sta_response
[35m[1mConsolidate compiler generated dependencies of target demo_get_svr_response[0m
[35m[1mConsolidate compiler generated dependencies of target demo_leave_listen_node[0m
[ 92%] Built target demo_get_svr_response
[100%] Built target demo_leave_listen_node
-- Install configuration: ""
-- Up-to-date: /home/sazma/ws_future/install/demo/lib/demo/demo_send_script
-- Up-to-date: /home/sazma/ws_future/install/demo/lib/demo/demo_ask_sta
-- Up-to-date: /home/sazma/ws_future/install/demo/lib/demo/demo_connect_tm
-- Up-to-date: /home/sazma/ws_future/install/demo/lib/demo/demo_set_event
-- Up-to-date: /home/sazma/ws_future/install/demo/lib/demo/demo_set_io
-- Up-to-date: /home/sazma/ws_future/install/demo/lib/demo/demo_set_positions
-- Up-to-date: /home/sazma/ws_future/install/demo/lib/demo/demo_write_item
-- Up-to-date: /home/sazma/ws_future/install/demo/lib/demo/demo_ask_item
-- Up-to-date: /home/sazma/ws_future/install/demo/lib/demo/demo_get_feedback
-- Up-to-date: /home/sazma/ws_future/install/demo/lib/demo/demo_get_torque_feedback
-- Up-to-date: /home/sazma/ws_future/install/demo/lib/demo/demo_get_sct_response
-- Up-to-date: /home/sazma/ws_future/install/demo/lib/demo/demo_get_sta_response
-- Up-to-date: /home/sazma/ws_future/install/demo/lib/demo/demo_get_svr_response
-- Up-to-date: /home/sazma/ws_future/install/demo/lib/demo/demo_leave_listen_node
-- Up-to-date: /home/sazma/ws_future/install/demo/share/ament_index/resource_index/package_run_dependencies/demo
-- Installing: /home/sazma/ws_future/install/demo/share/ament_index/resource_index/parent_prefix_path/demo
-- Up-to-date: /home/sazma/ws_future/install/demo/share/demo/environment/ament_prefix_path.sh
-- Installing: /home/sazma/ws_future/install/demo/share/demo/environment/ament_prefix_path.dsv
-- Up-to-date: /home/sazma/ws_future/install/demo/share/demo/environment/path.sh
-- Installing: /home/sazma/ws_future/install/demo/share/demo/environment/path.dsv
-- Up-to-date: /home/sazma/ws_future/install/demo/share/demo/local_setup.bash
-- Up-to-date: /home/sazma/ws_future/install/demo/share/demo/local_setup.sh
-- Up-to-date: /home/sazma/ws_future/install/demo/share/demo/local_setup.zsh
-- Installing: /home/sazma/ws_future/install/demo/share/demo/local_setup.dsv
-- Installing: /home/sazma/ws_future/install/demo/share/demo/package.dsv
-- Up-to-date: /home/sazma/ws_future/install/demo/share/ament_index/resource_index/packages/demo
-- Up-to-date: /home/sazma/ws_future/install/demo/share/demo/cmake/demoConfig.cmake
-- Up-to-date: /home/sazma/ws_future/install/demo/share/demo/cmake/demoConfig-version.cmake
-- Installing: /home/sazma/ws_future/install/demo/share/demo/package.xml
