[0.000000] (-) TimerEvent: {}
[0.000149] (-) JobUnselected: {'identifier': 'chomp_motion_planner'}
[0.000178] (-) JobUnselected: {'identifier': 'cpp_pubsub'}
[0.000196] (-) JobUnselected: {'identifier': 'cpp_pubsub'}
[0.000212] (-) JobUnselected: {'identifier': 'custom_package'}
[0.000230] (-) JobUnselected: {'identifier': 'demo'}
[0.000246] (-) JobUnselected: {'identifier': 'demo_tmr5_900'}
[0.000261] (-) JobUnselected: {'identifier': 'dual_arm_panda_moveit_config'}
[0.000275] (-) JobUnselected: {'identifier': 'kinova_gen3_6dof_robotiq_2f_85_moveit_config'}
[0.000290] (-) JobUnselected: {'identifier': 'kinova_gen3_7dof_robotiq_2f_85_moveit_config'}
[0.000304] (-) JobUnselected: {'identifier': 'kortex_api'}
[0.000319] (-) JobUnselected: {'identifier': 'kortex_bringup'}
[0.000335] (-) JobUnselected: {'identifier': 'kortex_description'}
[0.000350] (-) JobUnselected: {'identifier': 'kortex_driver'}
[0.000364] (-) JobUnselected: {'identifier': 'moveit'}
[0.000378] (-) JobUnselected: {'identifier': 'moveit2_tutorials'}
[0.000402] (-) JobUnselected: {'identifier': 'moveit_chomp_optimizer_adapter'}
[0.000523] (-) JobUnselected: {'identifier': 'moveit_common'}
[0.000540] (-) JobUnselected: {'identifier': 'moveit_configs_utils'}
[0.000555] (-) JobUnselected: {'identifier': 'moveit_core'}
[0.000570] (-) JobUnselected: {'identifier': 'moveit_hybrid_planning'}
[0.000586] (-) JobUnselected: {'identifier': 'moveit_kinematics'}
[0.000601] (-) JobUnselected: {'identifier': 'moveit_msgs'}
[0.000615] (-) JobUnselected: {'identifier': 'moveit_planners'}
[0.000630] (-) JobUnselected: {'identifier': 'moveit_planners_chomp'}
[0.000645] (-) JobUnselected: {'identifier': 'moveit_planners_ompl'}
[0.000660] (-) JobUnselected: {'identifier': 'moveit_planners_stomp'}
[0.000675] (-) JobUnselected: {'identifier': 'moveit_plugins'}
[0.000690] (-) JobUnselected: {'identifier': 'moveit_py'}
[0.000705] (-) JobUnselected: {'identifier': 'moveit_resources'}
[0.000719] (-) JobUnselected: {'identifier': 'moveit_resources_fanuc_description'}
[0.000734] (-) JobUnselected: {'identifier': 'moveit_resources_fanuc_moveit_config'}
[0.000750] (-) JobUnselected: {'identifier': 'moveit_resources_panda_description'}
[0.000765] (-) JobUnselected: {'identifier': 'moveit_resources_panda_moveit_config'}
[0.000779] (-) JobUnselected: {'identifier': 'moveit_resources_pr2_description'}
[0.000794] (-) JobUnselected: {'identifier': 'moveit_resources_prbt_ikfast_manipulator_plugin'}
[0.000810] (-) JobUnselected: {'identifier': 'moveit_resources_prbt_moveit_config'}
[0.000824] (-) JobUnselected: {'identifier': 'moveit_resources_prbt_pg70_support'}
[0.000839] (-) JobUnselected: {'identifier': 'moveit_resources_prbt_support'}
[0.000854] (-) JobUnselected: {'identifier': 'moveit_ros'}
[0.000869] (-) JobUnselected: {'identifier': 'moveit_ros_benchmarks'}
[0.000883] (-) JobUnselected: {'identifier': 'moveit_ros_control_interface'}
[0.000898] (-) JobUnselected: {'identifier': 'moveit_ros_move_group'}
[0.000913] (-) JobUnselected: {'identifier': 'moveit_ros_occupancy_map_monitor'}
[0.000928] (-) JobUnselected: {'identifier': 'moveit_ros_perception'}
[0.000943] (-) JobUnselected: {'identifier': 'moveit_ros_planning'}
[0.000957] (-) JobUnselected: {'identifier': 'moveit_ros_planning_interface'}
[0.000972] (-) JobUnselected: {'identifier': 'moveit_ros_robot_interaction'}
[0.000986] (-) JobUnselected: {'identifier': 'moveit_ros_visualization'}
[0.001001] (-) JobUnselected: {'identifier': 'moveit_ros_warehouse'}
[0.001016] (-) JobUnselected: {'identifier': 'moveit_runtime'}
[0.001031] (-) JobUnselected: {'identifier': 'moveit_servo'}
[0.001046] (-) JobUnselected: {'identifier': 'moveit_setup_app_plugins'}
[0.001060] (-) JobUnselected: {'identifier': 'moveit_setup_assistant'}
[0.001075] (-) JobUnselected: {'identifier': 'moveit_setup_controllers'}
[0.001090] (-) JobUnselected: {'identifier': 'moveit_setup_core_plugins'}
[0.001104] (-) JobUnselected: {'identifier': 'moveit_setup_framework'}
[0.001119] (-) JobUnselected: {'identifier': 'moveit_setup_srdf_plugins'}
[0.001133] (-) JobUnselected: {'identifier': 'moveit_simple_controller_manager'}
[0.001239] (-) JobUnselected: {'identifier': 'moveit_task_constructor_capabilities'}
[0.001256] (-) JobUnselected: {'identifier': 'moveit_task_constructor_core'}
[0.001272] (-) JobUnselected: {'identifier': 'moveit_task_constructor_demo'}
[0.001287] (-) JobUnselected: {'identifier': 'moveit_task_constructor_msgs'}
[0.001302] (-) JobUnselected: {'identifier': 'moveit_task_constructor_visualization'}
[0.001317] (-) JobUnselected: {'identifier': 'moveit_visual_tools'}
[0.001333] (-) JobUnselected: {'identifier': 'msg_store'}
[0.001348] (-) JobUnselected: {'identifier': 'pick_ik'}
[0.001363] (-) JobUnselected: {'identifier': 'pilz_industrial_motion_planner'}
[0.001378] (-) JobUnselected: {'identifier': 'pilz_industrial_motion_planner_testutils'}
[0.001393] (-) JobUnselected: {'identifier': 'py_pubsub'}
[0.001408] (-) JobUnselected: {'identifier': 'rviz_marker_tools'}
[0.001422] (-) JobUnselected: {'identifier': 'rviz_visual_tools'}
[0.001437] (-) JobUnselected: {'identifier': 'techman_robot_msgs'}
[0.001452] (-) JobUnselected: {'identifier': 'tm_description'}
[0.001467] (-) JobUnselected: {'identifier': 'tm_driver'}
[0.001482] (-) JobUnselected: {'identifier': 'tm_get_status'}
[0.001496] (-) JobUnselected: {'identifier': 'tm_mod_urdf'}
[0.001511] (-) JobUnselected: {'identifier': 'tm_moveit_config_tm12'}
[0.001526] (-) JobUnselected: {'identifier': 'tm_moveit_config_tm12x'}
[0.001546] (-) JobUnselected: {'identifier': 'tm_moveit_config_tm14'}
[0.001562] (-) JobUnselected: {'identifier': 'tm_moveit_config_tm14x'}
[0.001577] (-) JobUnselected: {'identifier': 'tm_moveit_config_tm5-700'}
[0.001592] (-) JobUnselected: {'identifier': 'tm_moveit_config_tm5-900'}
[0.001606] (-) JobUnselected: {'identifier': 'tm_moveit_config_tm5x-700'}
[0.001621] (-) JobUnselected: {'identifier': 'tm_moveit_config_tm5x-900'}
[0.001636] (-) JobUnselected: {'identifier': 'tm_moveit_cpp_demo'}
[0.001651] (-) JobUnselected: {'identifier': 'tm_msgs'}
[0.001666] (-) JobUnselected: {'identifier': 'ui_for_debug_and_demo'}
[0.001836] (-) EventReactorShutdown: {}
