[0.945s] Invoking command in '/home/sazma/ws_future/src/MPU_6050': PYTHONPATH=/home/sazma/ws_future/build/MPU_6050/prefix_override:/home/sazma/ws_future/install/MPU_6050/lib/python3.10/site-packages:${PYTHONPATH} /usr/bin/python3 setup.py egg_info --egg-base ../../build/MPU_6050 build --build-base /home/sazma/ws_future/build/MPU_6050/build install --record /home/sazma/ws_future/build/MPU_6050/install.log --single-version-externally-managed
[1.185s] running egg_info
[1.186s] creating ../../build/MPU_6050/MPU_6050.egg-info
[1.186s] writing ../../build/MPU_6050/MPU_6050.egg-info/PKG-INFO
[1.186s] writing dependency_links to ../../build/MPU_6050/MPU_6050.egg-info/dependency_links.txt
[1.186s] writing entry points to ../../build/MPU_6050/MPU_6050.egg-info/entry_points.txt
[1.186s] writing requirements to ../../build/MPU_6050/MPU_6050.egg-info/requires.txt
[1.186s] writing top-level names to ../../build/MPU_6050/MPU_6050.egg-info/top_level.txt
[1.187s] writing manifest file '../../build/MPU_6050/MPU_6050.egg-info/SOURCES.txt'
[1.188s] reading manifest file '../../build/MPU_6050/MPU_6050.egg-info/SOURCES.txt'
[1.188s] writing manifest file '../../build/MPU_6050/MPU_6050.egg-info/SOURCES.txt'
[1.188s] running build
[1.189s] running build_py
[1.189s] creating /home/sazma/ws_future/build/MPU_6050/build
[1.189s] creating /home/sazma/ws_future/build/MPU_6050/build/lib
[1.189s] creating /home/sazma/ws_future/build/MPU_6050/build/lib/MPU_6050
[1.189s] copying MPU_6050/__init__.py -> /home/sazma/ws_future/build/MPU_6050/build/lib/MPU_6050
[1.189s] running install
[1.190s] /usr/lib/python3/dist-packages/setuptools/command/install.py:34: SetuptoolsDeprecationWarning: setup.py install is deprecated. Use build and pip and other standards-based tools.
[1.190s]   warnings.warn(
[1.190s] running install_lib
[1.190s] creating /home/sazma/ws_future/install/MPU_6050/lib/python3.10/site-packages/MPU_6050
[1.190s] copying /home/sazma/ws_future/build/MPU_6050/build/lib/MPU_6050/__init__.py -> /home/sazma/ws_future/install/MPU_6050/lib/python3.10/site-packages/MPU_6050
[1.191s] byte-compiling /home/sazma/ws_future/install/MPU_6050/lib/python3.10/site-packages/MPU_6050/__init__.py to __init__.cpython-310.pyc
[1.191s] running install_egg_info
[1.192s] Copying ../../build/MPU_6050/MPU_6050.egg-info to /home/sazma/ws_future/install/MPU_6050/lib/python3.10/site-packages/MPU_6050-0.0.1-py3.10.egg-info
[1.193s] running install_scripts
[1.212s] Installing publisher_node script to /home/sazma/ws_future/install/MPU_6050/bin
[1.212s] writing list of installed files to '/home/sazma/ws_future/build/MPU_6050/install.log'
[1.232s] Invoked command in '/home/sazma/ws_future/src/MPU_6050' returned '0': PYTHONPATH=/home/sazma/ws_future/build/MPU_6050/prefix_override:/home/sazma/ws_future/install/MPU_6050/lib/python3.10/site-packages:${PYTHONPATH} /usr/bin/python3 setup.py egg_info --egg-base ../../build/MPU_6050 build --build-base /home/sazma/ws_future/build/MPU_6050/build install --record /home/sazma/ws_future/build/MPU_6050/install.log --single-version-externally-managed
