[0.622s] Invoking command in '/home/sazma/ws_future/build/rviz_visual_tools': CMAKE_PREFIX_PATH=${CMAKE_PREFIX_PATH}:/home/sazma/ws_future/install/tm_mod_urdf:/home/sazma/ws_future/install/tm_get_status:/home/sazma/ws_future/install/moveit_configs_utils:/opt/ros/humble /usr/bin/cmake --build /home/sazma/ws_future/build/rviz_visual_tools -- -j12 -l12
[0.776s] [  2%] [34m[1mAutomatic MOC for target gtest_main[0m
[0.807s] [  5%] [34m[1mAutomatic MOC for target rviz_visual_tools_gui[0m
[0.807s] [  7%] [34m[1mAutomatic MOC for target rviz_visual_tools_remote_control[0m
[0.825s] [ 10%] [34m[1mAutomatic MOC for target gtest[0m
[0.827s] [ 10%] Built target gtest_main_autogen
[0.838s] [ 10%] Built target rviz_visual_tools_remote_control_autogen
[0.842s] [ 10%] Built target rviz_visual_tools_gui_autogen
[0.861s] [ 10%] Built target gtest_autogen
[0.873s] [ 17%] Built target gtest_main
[0.888s] [ 25%] Built target rviz_visual_tools_remote_control
[0.899s] [ 38%] Built target rviz_visual_tools_gui
[0.902s] [ 46%] Built target gtest
[0.918s] [ 48%] [34m[1mAutomatic MOC for target rviz_visual_tools[0m
[0.943s] [ 48%] Built target rviz_visual_tools_autogen
[0.989s] [ 58%] Built target rviz_visual_tools
[1.017s] [ 64%] [34m[1mAutomatic MOC for target rviz_visual_tools_demo[0m
[1.017s] [ 64%] [34m[1mAutomatic MOC for target rviz_visual_tools_rvt_test[0m
[1.028s] [ 66%] [34m[1mAutomatic MOC for target rviz_visual_tools_imarker_simple[0m
[1.049s] [ 66%] Built target rviz_visual_tools_demo_autogen
[1.050s] [ 66%] Built target rviz_visual_tools_rvt_test_autogen
[1.062s] [ 66%] Built target rviz_visual_tools_imarker_simple_autogen
[1.085s] [ 74%] Built target rviz_visual_tools_rvt_test
[1.089s] [ 82%] Built target rviz_visual_tools_demo
[1.097s] [ 89%] Built target rviz_visual_tools_imarker_simple
[1.125s] [ 92%] [34m[1mAutomatic MOC for target rviz_visual_tools_imarker_simple_demo[0m
[1.152s] [ 92%] Built target rviz_visual_tools_imarker_simple_demo_autogen
[1.250s] [100%] Built target rviz_visual_tools_imarker_simple_demo
[2.033s] Invoked command in '/home/sazma/ws_future/build/rviz_visual_tools' returned '0': CMAKE_PREFIX_PATH=${CMAKE_PREFIX_PATH}:/home/sazma/ws_future/install/tm_mod_urdf:/home/sazma/ws_future/install/tm_get_status:/home/sazma/ws_future/install/moveit_configs_utils:/opt/ros/humble /usr/bin/cmake --build /home/sazma/ws_future/build/rviz_visual_tools -- -j12 -l12
[2.623s] Invoking command in '/home/sazma/ws_future/build/rviz_visual_tools': CMAKE_PREFIX_PATH=${CMAKE_PREFIX_PATH}:/home/sazma/ws_future/install/tm_mod_urdf:/home/sazma/ws_future/install/tm_get_status:/home/sazma/ws_future/install/moveit_configs_utils:/opt/ros/humble /usr/bin/cmake --install /home/sazma/ws_future/build/rviz_visual_tools
[3.171s] -- Install configuration: ""
[3.172s] -- Up-to-date: /home/sazma/ws_future/install/rviz_visual_tools/share/rviz_visual_tools/plugin_description.xml
[3.172s] -- Up-to-date: /home/sazma/ws_future/install/rviz_visual_tools/lib/librviz_visual_tools.so
[3.173s] -- Up-to-date: /home/sazma/ws_future/install/rviz_visual_tools/lib/librviz_visual_tools_remote_control.so
[3.173s] -- Up-to-date: /home/sazma/ws_future/install/rviz_visual_tools/lib/librviz_visual_tools_gui.so
[3.173s] -- Up-to-date: /home/sazma/ws_future/install/rviz_visual_tools/lib/librviz_visual_tools_imarker_simple.so
[3.173s] -- Up-to-date: /home/sazma/ws_future/install/rviz_visual_tools/lib/rviz_visual_tools/rviz_visual_tools_demo
[3.173s] -- Up-to-date: /home/sazma/ws_future/install/rviz_visual_tools/lib/rviz_visual_tools/rviz_visual_tools_imarker_simple_demo
[3.173s] -- Up-to-date: /home/sazma/ws_future/install/rviz_visual_tools/include
[3.173s] -- Up-to-date: /home/sazma/ws_future/install/rviz_visual_tools/include/rviz_visual_tools
[3.173s] -- Up-to-date: /home/sazma/ws_future/install/rviz_visual_tools/include/rviz_visual_tools/tf_visual_tools.hpp
[3.173s] -- Up-to-date: /home/sazma/ws_future/install/rviz_visual_tools/include/rviz_visual_tools/imarker_simple.hpp
[3.174s] -- Up-to-date: /home/sazma/ws_future/install/rviz_visual_tools/include/rviz_visual_tools/rviz_visual_tools_gui.hpp
[3.174s] -- Up-to-date: /home/sazma/ws_future/install/rviz_visual_tools/include/rviz_visual_tools/remote_reciever.hpp
[3.174s] -- Up-to-date: /home/sazma/ws_future/install/rviz_visual_tools/include/rviz_visual_tools/remote_control.hpp
[3.174s] -- Up-to-date: /home/sazma/ws_future/install/rviz_visual_tools/include/rviz_visual_tools/rviz_visual_tools.hpp
[3.174s] -- Up-to-date: /home/sazma/ws_future/install/rviz_visual_tools/include/rviz_visual_tools/key_tool.hpp
[3.174s] -- Up-to-date: /home/sazma/ws_future/install/rviz_visual_tools/share/rviz_visual_tools/launch
[3.174s] -- Up-to-date: /home/sazma/ws_future/install/rviz_visual_tools/share/rviz_visual_tools/launch/rvt_test.launch
[3.174s] -- Up-to-date: /home/sazma/ws_future/install/rviz_visual_tools/share/rviz_visual_tools/launch/demo_rviz.launch.py
[3.174s] -- Up-to-date: /home/sazma/ws_future/install/rviz_visual_tools/share/rviz_visual_tools/launch/demo.rviz
[3.174s] -- Up-to-date: /home/sazma/ws_future/install/rviz_visual_tools/share/rviz_visual_tools/launch/demo_combined.launch.py
[3.174s] -- Up-to-date: /home/sazma/ws_future/install/rviz_visual_tools/share/rviz_visual_tools/environment/library_path.sh
[3.174s] -- Up-to-date: /home/sazma/ws_future/install/rviz_visual_tools/share/rviz_visual_tools/environment/library_path.dsv
[3.175s] -- Up-to-date: /home/sazma/ws_future/install/rviz_visual_tools/share/ament_index/resource_index/package_run_dependencies/rviz_visual_tools
[3.175s] -- Up-to-date: /home/sazma/ws_future/install/rviz_visual_tools/share/ament_index/resource_index/parent_prefix_path/rviz_visual_tools
[3.175s] -- Up-to-date: /home/sazma/ws_future/install/rviz_visual_tools/share/rviz_visual_tools/environment/ament_prefix_path.sh
[3.175s] -- Up-to-date: /home/sazma/ws_future/install/rviz_visual_tools/share/rviz_visual_tools/environment/ament_prefix_path.dsv
[3.175s] -- Up-to-date: /home/sazma/ws_future/install/rviz_visual_tools/share/rviz_visual_tools/environment/path.sh
[3.175s] -- Up-to-date: /home/sazma/ws_future/install/rviz_visual_tools/share/rviz_visual_tools/environment/path.dsv
[3.175s] -- Up-to-date: /home/sazma/ws_future/install/rviz_visual_tools/share/rviz_visual_tools/local_setup.bash
[3.175s] -- Up-to-date: /home/sazma/ws_future/install/rviz_visual_tools/share/rviz_visual_tools/local_setup.sh
[3.175s] -- Up-to-date: /home/sazma/ws_future/install/rviz_visual_tools/share/rviz_visual_tools/local_setup.zsh
[3.176s] -- Up-to-date: /home/sazma/ws_future/install/rviz_visual_tools/share/rviz_visual_tools/local_setup.dsv
[3.176s] -- Installing: /home/sazma/ws_future/install/rviz_visual_tools/share/rviz_visual_tools/package.dsv
[3.176s] -- Up-to-date: /home/sazma/ws_future/install/rviz_visual_tools/share/ament_index/resource_index/packages/rviz_visual_tools
[3.176s] -- Up-to-date: /home/sazma/ws_future/install/rviz_visual_tools/share/ament_index/resource_index/rviz_common__pluginlib__plugin/rviz_visual_tools
[3.176s] -- Up-to-date: /home/sazma/ws_future/install/rviz_visual_tools/share/rviz_visual_tools/cmake/export_rviz_visual_toolsExport.cmake
[3.176s] -- Up-to-date: /home/sazma/ws_future/install/rviz_visual_tools/share/rviz_visual_tools/cmake/export_rviz_visual_toolsExport-noconfig.cmake
[3.177s] -- Up-to-date: /home/sazma/ws_future/install/rviz_visual_tools/share/rviz_visual_tools/cmake/ament_cmake_export_targets-extras.cmake
[3.177s] -- Up-to-date: /home/sazma/ws_future/install/rviz_visual_tools/share/rviz_visual_tools/cmake/ament_cmake_export_dependencies-extras.cmake
[3.177s] -- Up-to-date: /home/sazma/ws_future/install/rviz_visual_tools/share/rviz_visual_tools/cmake/ament_cmake_export_include_directories-extras.cmake
[3.177s] -- Up-to-date: /home/sazma/ws_future/install/rviz_visual_tools/share/rviz_visual_tools/cmake/ament_cmake_export_libraries-extras.cmake
[3.177s] -- Up-to-date: /home/sazma/ws_future/install/rviz_visual_tools/share/rviz_visual_tools/cmake/rviz_visual_toolsConfig.cmake
[3.177s] -- Up-to-date: /home/sazma/ws_future/install/rviz_visual_tools/share/rviz_visual_tools/cmake/rviz_visual_toolsConfig-version.cmake
[3.177s] -- Up-to-date: /home/sazma/ws_future/install/rviz_visual_tools/share/rviz_visual_tools/package.xml
[3.251s] Invoked command in '/home/sazma/ws_future/build/rviz_visual_tools' returned '0': CMAKE_PREFIX_PATH=${CMAKE_PREFIX_PATH}:/home/sazma/ws_future/install/tm_mod_urdf:/home/sazma/ws_future/install/tm_get_status:/home/sazma/ws_future/install/moveit_configs_utils:/opt/ros/humble /usr/bin/cmake --install /home/sazma/ws_future/build/rviz_visual_tools
