[0.153s] Invoking command in '/home/sazma/ws_future/build/moveit_core': CMAKE_PREFIX_PATH=/home/sazma/ws_future/install/moveit_resources_panda_moveit_config:/home/sazma/ws_future/install/moveit_resources_pr2_description:/home/sazma/ws_future/install/moveit_resources_panda_description:/home/sazma/ws_future/install/moveit_msgs:/home/sazma/ws_future/install/moveit_common:/home/sazma/ws_future/install/ui_for_debug_and_demo:/home/sazma/ws_future/install/tm_driver:/home/sazma/ws_future/install/demo:/home/sazma/ws_future/install/tm_msgs:/home/sazma/ws_future/install/tm_moveit_cpp_demo:/home/sazma/ws_future/install/tm_moveit_config_tm5x-900:/home/sazma/ws_future/install/tm_moveit_config_tm5x-700:/home/sazma/ws_future/install/tm_moveit_config_tm5-900:/home/sazma/ws_future/install/tm_moveit_config_tm5-700:/home/sazma/ws_future/install/tm_moveit_config_tm14x:/home/sazma/ws_future/install/tm_moveit_config_tm14:/home/sazma/ws_future/install/tm_moveit_config_tm12x:/home/sazma/ws_future/install/tm_moveit_config_tm12:/home/sazma/ws_future/install/tm_mod_urdf:/home/sazma/ws_future/install/tm_get_status:/home/sazma/ws_future/install/tm_description:/home/sazma/ws_future/install/custom_package:/home/sazma/ws_future/install/techman_robot_msgs:/home/sazma/ws_future/install/moveit2_tutorials:/home/sazma/ws_future/install/moveit_visual_tools:/home/sazma/ws_future/install/rviz_visual_tools:/home/sazma/ws_future/install/moveit_task_constructor_visualization:/home/sazma/ws_future/install/moveit_task_constructor_demo:/home/sazma/ws_future/install/moveit_task_constructor_capabilities:/home/sazma/ws_future/install/moveit_task_constructor_core:/home/sazma/ws_future/install/rviz_marker_tools:/home/sazma/ws_future/install/pilz_industrial_motion_planner_testutils:/home/sazma/ws_future/install/moveit_runtime:/home/sazma/ws_future/install/moveit:/home/sazma/ws_future/install/kinova_gen3_7dof_robotiq_2f_85_moveit_config:/home/sazma/ws_future/install/kinova_gen3_6dof_robotiq_2f_85_moveit_config:/home/sazma/ws_future/install/moveit_planners:/home/sazma/ws_future/install/pilz_industrial_motion_planner:/home/sazma/ws_future/install/pick_ik:/home/sazma/ws_future/install/moveit_task_constructor_msgs:/home/sazma/ws_future/install/moveit_ros_control_interface:/home/sazma/ws_future/install/moveit_plugins:/home/sazma/ws_future/install/moveit_simple_controller_manager:/home/sazma/ws_future/install/moveit_setup_assistant:/home/sazma/ws_future/install/moveit_setup_srdf_plugins:/home/sazma/ws_future/install/moveit_setup_core_plugins:/home/sazma/ws_future/install/moveit_setup_controllers:/home/sazma/ws_future/install/moveit_setup_app_plugins:/home/sazma/ws_future/install/moveit_setup_framework:/home/sazma/ws_future/install/moveit_servo:/home/sazma/ws_future/install/moveit_ros:/home/sazma/ws_future/install/moveit_ros_visualization:/home/sazma/ws_future/install/moveit_py:/home/sazma/ws_future/install/moveit_hybrid_planning:/home/sazma/ws_future/install/moveit_ros_planning_interface:/home/sazma/ws_future/install/moveit_ros_benchmarks:/home/sazma/ws_future/install/moveit_ros_warehouse:/home/sazma/ws_future/install/moveit_ros_robot_interaction:/home/sazma/ws_future/install/moveit_ros_perception:/home/sazma/ws_future/install/moveit_resources_prbt_pg70_support:/home/sazma/ws_future/install/moveit_resources_prbt_moveit_config:/home/sazma/ws_future/install/moveit_ros_move_group:/home/sazma/ws_future/install/moveit_planners_ompl:/home/sazma/ws_future/install/moveit_kinematics:/home/sazma/ws_future/install/moveit_ros_planning:/home/sazma/ws_future/install/moveit_ros_occupancy_map_monitor:/home/sazma/ws_future/install/moveit_resources_prbt_support:/home/sazma/ws_future/install/moveit_resources_prbt_ikfast_manipulator_plugin:/home/sazma/ws_future/install/moveit_resources:/home/sazma/ws_future/install/dual_arm_panda_moveit_config:/home/sazma/ws_future/install/moveit_resources_fanuc_moveit_config:/home/sazma/ws_future/install/moveit_resources_fanuc_description:/home/sazma/ws_future/install/moveit_planners_stomp:/home/sazma/ws_future/install/moveit_planners_chomp:/home/sazma/ws_future/install/moveit_chomp_optimizer_adapter:/home/sazma/ws_future/install/chomp_motion_planner:/home/sazma/ws_future/install/moveit_core:/home/sazma/ws_future/install/moveit_configs_utils:/home/sazma/ws_future/install/kortex_bringup:/home/sazma/ws_future/install/kortex_driver:/home/sazma/ws_future/install/kortex_description:/home/sazma/ws_future/install/kortex_api:/opt/ros/humble LD_LIBRARY_PATH=/home/sazma/ws_future/install/moveit_msgs/lib:/home/sazma/ws_future/install/tm_msgs/lib:/home/sazma/ws_future/install/techman_robot_msgs/lib:/home/sazma/ws_future/install/moveit_visual_tools/lib:/home/sazma/ws_future/install/rviz_visual_tools/lib:/home/sazma/ws_future/install/moveit_task_constructor_visualization/lib:/home/sazma/ws_future/install/moveit_task_constructor_core/lib:/home/sazma/ws_future/install/rviz_marker_tools/lib:/home/sazma/ws_future/install/pilz_industrial_motion_planner_testutils/lib:/home/sazma/ws_future/install/pilz_industrial_motion_planner/lib:/home/sazma/ws_future/install/pick_ik/lib:/home/sazma/ws_future/install/moveit_task_constructor_msgs/lib:/home/sazma/ws_future/install/moveit_ros_control_interface/lib:/home/sazma/ws_future/install/moveit_simple_controller_manager/lib:/home/sazma/ws_future/install/moveit_setup_assistant/lib:/home/sazma/ws_future/install/moveit_setup_srdf_plugins/lib:/home/sazma/ws_future/install/moveit_setup_core_plugins/lib:/home/sazma/ws_future/install/moveit_setup_controllers/lib:/home/sazma/ws_future/install/moveit_setup_app_plugins/lib:/home/sazma/ws_future/install/moveit_setup_framework/lib:/home/sazma/ws_future/install/moveit_servo/lib:/home/sazma/ws_future/install/moveit_ros_visualization/lib:/home/sazma/ws_future/install/moveit_py/lib:/home/sazma/ws_future/install/moveit_hybrid_planning/lib:/home/sazma/ws_future/install/moveit_ros_planning_interface/lib:/home/sazma/ws_future/install/moveit_ros_benchmarks/lib:/home/sazma/ws_future/install/moveit_ros_warehouse/lib:/home/sazma/ws_future/install/moveit_ros_robot_interaction/lib:/home/sazma/ws_future/install/moveit_ros_perception/lib:/home/sazma/ws_future/install/moveit_ros_move_group/lib:/home/sazma/ws_future/install/moveit_planners_ompl/lib:/home/sazma/ws_future/install/moveit_kinematics/lib:/home/sazma/ws_future/install/moveit_ros_planning/lib:/home/sazma/ws_future/install/moveit_ros_occupancy_map_monitor/lib:/home/sazma/ws_future/install/moveit_resources_prbt_ikfast_manipulator_plugin/lib:/home/sazma/ws_future/install/moveit_planners_stomp/lib:/home/sazma/ws_future/install/moveit_planners_chomp/lib:/home/sazma/ws_future/install/moveit_chomp_optimizer_adapter/lib:/home/sazma/ws_future/install/chomp_motion_planner/lib:/home/sazma/ws_future/install/moveit_core/lib:/home/sazma/ws_future/install/kortex_driver/lib:/opt/ros/humble/opt/rviz_ogre_vendor/lib:/opt/ros/humble/lib/x86_64-linux-gnu:/opt/ros/humble/lib /usr/bin/cmake --build /home/sazma/ws_future/build/moveit_core -- -j12 -l12
[0.227s] [  1%] Built target moveit_transforms
[0.251s] [  2%] [34m[1mGenerating ../include/moveit/version.h, always_rebuild[0m
[0.287s] [  3%] [34m[1mGenerating version.h[0m
[0.299s] [  3%] Built target version_h
[0.324s] [  4%] Built target moveit_butterworth_parameters
[0.350s] [  5%] Built target moveit_version
[0.381s] [  6%] Built target moveit_smoothing_base
[0.410s] [  8%] Built target gmock_main
[0.437s] [  9%] Built target gmock
[0.476s] [ 11%] Built target moveit_distance_field
[0.503s] [ 12%] Built target gtest_main
[0.530s] [ 13%] Built target gtest
[0.563s] [ 16%] Built target moveit_utils
[0.594s] [ 17%] Built target test_transforms
[0.625s] [ 18%] Built target logger_from_only_child_dut
[0.653s] [ 19%] Built target logger_from_child_dut
[0.683s] [ 20%] Built target logger_dut
[0.719s] [ 21%] Built target test_distance_field
[0.749s] [ 22%] Built target test_voxel_grid
[0.776s] [ 24%] Built target moveit_exceptions
[0.820s] [ 31%] Built target moveit_robot_model
[0.851s] [ 32%] Built target moveit_kinematics_base
[0.884s] [ 33%] Built target moveit_butterworth_filter
[0.923s] [ 34%] Built target moveit_test_utils
[0.958s] [ 35%] Built target test_butterworth_filter
[0.994s] [ 36%] Built target test_robot_model
[1.035s] [ 38%] Built target moveit_robot_state
[1.080s] [ 44%] Built target moveit_collision_detection
[1.115s] [ 45%] Built target robot_state_jacobian_benchmark
[1.145s] [ 46%] Built target test_world
[1.174s] [ 47%] Built target test_world_diff
[1.209s] [ 49%] Built target test_all_valid
[1.246s] [ 51%] Built target moveit_collision_detection_fcl
[1.292s] [ 55%] Built target moveit_collision_detection_bullet
[1.329s] [ 56%] Built target test_fcl_collision_detection
[1.375s] [ 57%] Built target test_fcl_collision_detection_panda
[1.405s] [ 58%] Built target test_bullet_collision_detection
[1.441s] [ 59%] Built target test_bullet_collision_detection_panda
[1.477s] [ 60%] Built target test_bullet_continuous_collision_checking
[1.516s] [ 61%] Built target test_fcl_collision_env
[1.556s] [ 62%] Built target moveit_kinematic_constraints
[1.588s] [ 63%] Built target test_cartesian_interpolator
[1.625s] [ 64%] Built target test_orientation_constraints
[1.658s] [ 65%] Built target test_constraints
[1.692s] [ 66%] Built target test_aabb
[1.727s] [ 67%] Built target test_robot_state_complex
[1.761s] [ 68%] Built target test_robot_state_benchmark
[1.795s] [ 69%] Built target test_robot_state
[1.828s] [ 70%] Built target moveit_kinematics_metrics
[1.860s] [ 71%] Built target moveit_dynamics_solver
[1.894s] [ 73%] Built target moveit_robot_trajectory
[1.932s] [ 75%] Built target moveit_trajectory_processing
[1.964s] [ 77%] Built target test_robot_trajectory
[2.000s] [ 78%] Built target test_ruckig_traj_smoothing
[2.033s] [ 79%] Built target test_time_optimal_trajectory_generation
[2.072s] [ 80%] Built target moveit_planning_scene
[2.108s] [ 82%] Built target moveit_planning_interface
[2.141s] [ 84%] Built target test_multi_threaded
[2.175s] [ 85%] Built target moveit_planning_request_adapter
[2.209s] [ 87%] Built target test_collision_objects
[2.243s] [ 88%] Built target test_planning_request_adapter_chain
[2.280s] [ 89%] Built target test_planning_scene
[2.322s] [ 92%] Built target moveit_constraint_samplers
[2.365s] [ 95%] Built target moveit_collision_distance_field
[2.403s] [ 96%] Built target collision_detector_fcl_plugin
[2.404s] [ 98%] Built target test_constraint_samplers
[2.438s] [ 99%] Built target collision_detector_bullet_plugin
[2.439s] [100%] Built target test_collision_distance_field
[2.452s] Invoked command in '/home/sazma/ws_future/build/moveit_core' returned '0': CMAKE_PREFIX_PATH=/home/sazma/ws_future/install/moveit_resources_panda_moveit_config:/home/sazma/ws_future/install/moveit_resources_pr2_description:/home/sazma/ws_future/install/moveit_resources_panda_description:/home/sazma/ws_future/install/moveit_msgs:/home/sazma/ws_future/install/moveit_common:/home/sazma/ws_future/install/ui_for_debug_and_demo:/home/sazma/ws_future/install/tm_driver:/home/sazma/ws_future/install/demo:/home/sazma/ws_future/install/tm_msgs:/home/sazma/ws_future/install/tm_moveit_cpp_demo:/home/sazma/ws_future/install/tm_moveit_config_tm5x-900:/home/sazma/ws_future/install/tm_moveit_config_tm5x-700:/home/sazma/ws_future/install/tm_moveit_config_tm5-900:/home/sazma/ws_future/install/tm_moveit_config_tm5-700:/home/sazma/ws_future/install/tm_moveit_config_tm14x:/home/sazma/ws_future/install/tm_moveit_config_tm14:/home/sazma/ws_future/install/tm_moveit_config_tm12x:/home/sazma/ws_future/install/tm_moveit_config_tm12:/home/sazma/ws_future/install/tm_mod_urdf:/home/sazma/ws_future/install/tm_get_status:/home/sazma/ws_future/install/tm_description:/home/sazma/ws_future/install/custom_package:/home/sazma/ws_future/install/techman_robot_msgs:/home/sazma/ws_future/install/moveit2_tutorials:/home/sazma/ws_future/install/moveit_visual_tools:/home/sazma/ws_future/install/rviz_visual_tools:/home/sazma/ws_future/install/moveit_task_constructor_visualization:/home/sazma/ws_future/install/moveit_task_constructor_demo:/home/sazma/ws_future/install/moveit_task_constructor_capabilities:/home/sazma/ws_future/install/moveit_task_constructor_core:/home/sazma/ws_future/install/rviz_marker_tools:/home/sazma/ws_future/install/pilz_industrial_motion_planner_testutils:/home/sazma/ws_future/install/moveit_runtime:/home/sazma/ws_future/install/moveit:/home/sazma/ws_future/install/kinova_gen3_7dof_robotiq_2f_85_moveit_config:/home/sazma/ws_future/install/kinova_gen3_6dof_robotiq_2f_85_moveit_config:/home/sazma/ws_future/install/moveit_planners:/home/sazma/ws_future/install/pilz_industrial_motion_planner:/home/sazma/ws_future/install/pick_ik:/home/sazma/ws_future/install/moveit_task_constructor_msgs:/home/sazma/ws_future/install/moveit_ros_control_interface:/home/sazma/ws_future/install/moveit_plugins:/home/sazma/ws_future/install/moveit_simple_controller_manager:/home/sazma/ws_future/install/moveit_setup_assistant:/home/sazma/ws_future/install/moveit_setup_srdf_plugins:/home/sazma/ws_future/install/moveit_setup_core_plugins:/home/sazma/ws_future/install/moveit_setup_controllers:/home/sazma/ws_future/install/moveit_setup_app_plugins:/home/sazma/ws_future/install/moveit_setup_framework:/home/sazma/ws_future/install/moveit_servo:/home/sazma/ws_future/install/moveit_ros:/home/sazma/ws_future/install/moveit_ros_visualization:/home/sazma/ws_future/install/moveit_py:/home/sazma/ws_future/install/moveit_hybrid_planning:/home/sazma/ws_future/install/moveit_ros_planning_interface:/home/sazma/ws_future/install/moveit_ros_benchmarks:/home/sazma/ws_future/install/moveit_ros_warehouse:/home/sazma/ws_future/install/moveit_ros_robot_interaction:/home/sazma/ws_future/install/moveit_ros_perception:/home/sazma/ws_future/install/moveit_resources_prbt_pg70_support:/home/sazma/ws_future/install/moveit_resources_prbt_moveit_config:/home/sazma/ws_future/install/moveit_ros_move_group:/home/sazma/ws_future/install/moveit_planners_ompl:/home/sazma/ws_future/install/moveit_kinematics:/home/sazma/ws_future/install/moveit_ros_planning:/home/sazma/ws_future/install/moveit_ros_occupancy_map_monitor:/home/sazma/ws_future/install/moveit_resources_prbt_support:/home/sazma/ws_future/install/moveit_resources_prbt_ikfast_manipulator_plugin:/home/sazma/ws_future/install/moveit_resources:/home/sazma/ws_future/install/dual_arm_panda_moveit_config:/home/sazma/ws_future/install/moveit_resources_fanuc_moveit_config:/home/sazma/ws_future/install/moveit_resources_fanuc_description:/home/sazma/ws_future/install/moveit_planners_stomp:/home/sazma/ws_future/install/moveit_planners_chomp:/home/sazma/ws_future/install/moveit_chomp_optimizer_adapter:/home/sazma/ws_future/install/chomp_motion_planner:/home/sazma/ws_future/install/moveit_core:/home/sazma/ws_future/install/moveit_configs_utils:/home/sazma/ws_future/install/kortex_bringup:/home/sazma/ws_future/install/kortex_driver:/home/sazma/ws_future/install/kortex_description:/home/sazma/ws_future/install/kortex_api:/opt/ros/humble LD_LIBRARY_PATH=/home/sazma/ws_future/install/moveit_msgs/lib:/home/sazma/ws_future/install/tm_msgs/lib:/home/sazma/ws_future/install/techman_robot_msgs/lib:/home/sazma/ws_future/install/moveit_visual_tools/lib:/home/sazma/ws_future/install/rviz_visual_tools/lib:/home/sazma/ws_future/install/moveit_task_constructor_visualization/lib:/home/sazma/ws_future/install/moveit_task_constructor_core/lib:/home/sazma/ws_future/install/rviz_marker_tools/lib:/home/sazma/ws_future/install/pilz_industrial_motion_planner_testutils/lib:/home/sazma/ws_future/install/pilz_industrial_motion_planner/lib:/home/sazma/ws_future/install/pick_ik/lib:/home/sazma/ws_future/install/moveit_task_constructor_msgs/lib:/home/sazma/ws_future/install/moveit_ros_control_interface/lib:/home/sazma/ws_future/install/moveit_simple_controller_manager/lib:/home/sazma/ws_future/install/moveit_setup_assistant/lib:/home/sazma/ws_future/install/moveit_setup_srdf_plugins/lib:/home/sazma/ws_future/install/moveit_setup_core_plugins/lib:/home/sazma/ws_future/install/moveit_setup_controllers/lib:/home/sazma/ws_future/install/moveit_setup_app_plugins/lib:/home/sazma/ws_future/install/moveit_setup_framework/lib:/home/sazma/ws_future/install/moveit_servo/lib:/home/sazma/ws_future/install/moveit_ros_visualization/lib:/home/sazma/ws_future/install/moveit_py/lib:/home/sazma/ws_future/install/moveit_hybrid_planning/lib:/home/sazma/ws_future/install/moveit_ros_planning_interface/lib:/home/sazma/ws_future/install/moveit_ros_benchmarks/lib:/home/sazma/ws_future/install/moveit_ros_warehouse/lib:/home/sazma/ws_future/install/moveit_ros_robot_interaction/lib:/home/sazma/ws_future/install/moveit_ros_perception/lib:/home/sazma/ws_future/install/moveit_ros_move_group/lib:/home/sazma/ws_future/install/moveit_planners_ompl/lib:/home/sazma/ws_future/install/moveit_kinematics/lib:/home/sazma/ws_future/install/moveit_ros_planning/lib:/home/sazma/ws_future/install/moveit_ros_occupancy_map_monitor/lib:/home/sazma/ws_future/install/moveit_resources_prbt_ikfast_manipulator_plugin/lib:/home/sazma/ws_future/install/moveit_planners_stomp/lib:/home/sazma/ws_future/install/moveit_planners_chomp/lib:/home/sazma/ws_future/install/moveit_chomp_optimizer_adapter/lib:/home/sazma/ws_future/install/chomp_motion_planner/lib:/home/sazma/ws_future/install/moveit_core/lib:/home/sazma/ws_future/install/kortex_driver/lib:/opt/ros/humble/opt/rviz_ogre_vendor/lib:/opt/ros/humble/lib/x86_64-linux-gnu:/opt/ros/humble/lib /usr/bin/cmake --build /home/sazma/ws_future/build/moveit_core -- -j12 -l12
[2.561s] Invoking command in '/home/sazma/ws_future/build/moveit_core': CMAKE_PREFIX_PATH=/home/sazma/ws_future/install/moveit_resources_panda_moveit_config:/home/sazma/ws_future/install/moveit_resources_pr2_description:/home/sazma/ws_future/install/moveit_resources_panda_description:/home/sazma/ws_future/install/moveit_msgs:/home/sazma/ws_future/install/moveit_common:/home/sazma/ws_future/install/ui_for_debug_and_demo:/home/sazma/ws_future/install/tm_driver:/home/sazma/ws_future/install/demo:/home/sazma/ws_future/install/tm_msgs:/home/sazma/ws_future/install/tm_moveit_cpp_demo:/home/sazma/ws_future/install/tm_moveit_config_tm5x-900:/home/sazma/ws_future/install/tm_moveit_config_tm5x-700:/home/sazma/ws_future/install/tm_moveit_config_tm5-900:/home/sazma/ws_future/install/tm_moveit_config_tm5-700:/home/sazma/ws_future/install/tm_moveit_config_tm14x:/home/sazma/ws_future/install/tm_moveit_config_tm14:/home/sazma/ws_future/install/tm_moveit_config_tm12x:/home/sazma/ws_future/install/tm_moveit_config_tm12:/home/sazma/ws_future/install/tm_mod_urdf:/home/sazma/ws_future/install/tm_get_status:/home/sazma/ws_future/install/tm_description:/home/sazma/ws_future/install/custom_package:/home/sazma/ws_future/install/techman_robot_msgs:/home/sazma/ws_future/install/moveit2_tutorials:/home/sazma/ws_future/install/moveit_visual_tools:/home/sazma/ws_future/install/rviz_visual_tools:/home/sazma/ws_future/install/moveit_task_constructor_visualization:/home/sazma/ws_future/install/moveit_task_constructor_demo:/home/sazma/ws_future/install/moveit_task_constructor_capabilities:/home/sazma/ws_future/install/moveit_task_constructor_core:/home/sazma/ws_future/install/rviz_marker_tools:/home/sazma/ws_future/install/pilz_industrial_motion_planner_testutils:/home/sazma/ws_future/install/moveit_runtime:/home/sazma/ws_future/install/moveit:/home/sazma/ws_future/install/kinova_gen3_7dof_robotiq_2f_85_moveit_config:/home/sazma/ws_future/install/kinova_gen3_6dof_robotiq_2f_85_moveit_config:/home/sazma/ws_future/install/moveit_planners:/home/sazma/ws_future/install/pilz_industrial_motion_planner:/home/sazma/ws_future/install/pick_ik:/home/sazma/ws_future/install/moveit_task_constructor_msgs:/home/sazma/ws_future/install/moveit_ros_control_interface:/home/sazma/ws_future/install/moveit_plugins:/home/sazma/ws_future/install/moveit_simple_controller_manager:/home/sazma/ws_future/install/moveit_setup_assistant:/home/sazma/ws_future/install/moveit_setup_srdf_plugins:/home/sazma/ws_future/install/moveit_setup_core_plugins:/home/sazma/ws_future/install/moveit_setup_controllers:/home/sazma/ws_future/install/moveit_setup_app_plugins:/home/sazma/ws_future/install/moveit_setup_framework:/home/sazma/ws_future/install/moveit_servo:/home/sazma/ws_future/install/moveit_ros:/home/sazma/ws_future/install/moveit_ros_visualization:/home/sazma/ws_future/install/moveit_py:/home/sazma/ws_future/install/moveit_hybrid_planning:/home/sazma/ws_future/install/moveit_ros_planning_interface:/home/sazma/ws_future/install/moveit_ros_benchmarks:/home/sazma/ws_future/install/moveit_ros_warehouse:/home/sazma/ws_future/install/moveit_ros_robot_interaction:/home/sazma/ws_future/install/moveit_ros_perception:/home/sazma/ws_future/install/moveit_resources_prbt_pg70_support:/home/sazma/ws_future/install/moveit_resources_prbt_moveit_config:/home/sazma/ws_future/install/moveit_ros_move_group:/home/sazma/ws_future/install/moveit_planners_ompl:/home/sazma/ws_future/install/moveit_kinematics:/home/sazma/ws_future/install/moveit_ros_planning:/home/sazma/ws_future/install/moveit_ros_occupancy_map_monitor:/home/sazma/ws_future/install/moveit_resources_prbt_support:/home/sazma/ws_future/install/moveit_resources_prbt_ikfast_manipulator_plugin:/home/sazma/ws_future/install/moveit_resources:/home/sazma/ws_future/install/dual_arm_panda_moveit_config:/home/sazma/ws_future/install/moveit_resources_fanuc_moveit_config:/home/sazma/ws_future/install/moveit_resources_fanuc_description:/home/sazma/ws_future/install/moveit_planners_stomp:/home/sazma/ws_future/install/moveit_planners_chomp:/home/sazma/ws_future/install/moveit_chomp_optimizer_adapter:/home/sazma/ws_future/install/chomp_motion_planner:/home/sazma/ws_future/install/moveit_core:/home/sazma/ws_future/install/moveit_configs_utils:/home/sazma/ws_future/install/kortex_bringup:/home/sazma/ws_future/install/kortex_driver:/home/sazma/ws_future/install/kortex_description:/home/sazma/ws_future/install/kortex_api:/opt/ros/humble LD_LIBRARY_PATH=/home/sazma/ws_future/install/moveit_msgs/lib:/home/sazma/ws_future/install/tm_msgs/lib:/home/sazma/ws_future/install/techman_robot_msgs/lib:/home/sazma/ws_future/install/moveit_visual_tools/lib:/home/sazma/ws_future/install/rviz_visual_tools/lib:/home/sazma/ws_future/install/moveit_task_constructor_visualization/lib:/home/sazma/ws_future/install/moveit_task_constructor_core/lib:/home/sazma/ws_future/install/rviz_marker_tools/lib:/home/sazma/ws_future/install/pilz_industrial_motion_planner_testutils/lib:/home/sazma/ws_future/install/pilz_industrial_motion_planner/lib:/home/sazma/ws_future/install/pick_ik/lib:/home/sazma/ws_future/install/moveit_task_constructor_msgs/lib:/home/sazma/ws_future/install/moveit_ros_control_interface/lib:/home/sazma/ws_future/install/moveit_simple_controller_manager/lib:/home/sazma/ws_future/install/moveit_setup_assistant/lib:/home/sazma/ws_future/install/moveit_setup_srdf_plugins/lib:/home/sazma/ws_future/install/moveit_setup_core_plugins/lib:/home/sazma/ws_future/install/moveit_setup_controllers/lib:/home/sazma/ws_future/install/moveit_setup_app_plugins/lib:/home/sazma/ws_future/install/moveit_setup_framework/lib:/home/sazma/ws_future/install/moveit_servo/lib:/home/sazma/ws_future/install/moveit_ros_visualization/lib:/home/sazma/ws_future/install/moveit_py/lib:/home/sazma/ws_future/install/moveit_hybrid_planning/lib:/home/sazma/ws_future/install/moveit_ros_planning_interface/lib:/home/sazma/ws_future/install/moveit_ros_benchmarks/lib:/home/sazma/ws_future/install/moveit_ros_warehouse/lib:/home/sazma/ws_future/install/moveit_ros_robot_interaction/lib:/home/sazma/ws_future/install/moveit_ros_perception/lib:/home/sazma/ws_future/install/moveit_ros_move_group/lib:/home/sazma/ws_future/install/moveit_planners_ompl/lib:/home/sazma/ws_future/install/moveit_kinematics/lib:/home/sazma/ws_future/install/moveit_ros_planning/lib:/home/sazma/ws_future/install/moveit_ros_occupancy_map_monitor/lib:/home/sazma/ws_future/install/moveit_resources_prbt_ikfast_manipulator_plugin/lib:/home/sazma/ws_future/install/moveit_planners_stomp/lib:/home/sazma/ws_future/install/moveit_planners_chomp/lib:/home/sazma/ws_future/install/moveit_chomp_optimizer_adapter/lib:/home/sazma/ws_future/install/chomp_motion_planner/lib:/home/sazma/ws_future/install/moveit_core/lib:/home/sazma/ws_future/install/kortex_driver/lib:/opt/ros/humble/opt/rviz_ogre_vendor/lib:/opt/ros/humble/lib/x86_64-linux-gnu:/opt/ros/humble/lib /usr/bin/cmake --install /home/sazma/ws_future/build/moveit_core
[2.570s] -- Install configuration: "Release"
[2.571s] -- Up-to-date: /home/sazma/ws_future/install/moveit_core/include/moveit_core
[2.571s] -- Up-to-date: /home/sazma/ws_future/install/moveit_core/include/moveit_core/moveit
[2.571s] -- Up-to-date: /home/sazma/ws_future/install/moveit_core/include/moveit_core/moveit/collision_detection_bullet
[2.571s] -- Up-to-date: /home/sazma/ws_future/install/moveit_core/include/moveit_core/moveit/collision_detection_bullet/bullet_integration
[2.571s] -- Up-to-date: /home/sazma/ws_future/install/moveit_core/include/moveit_core/moveit/collision_detection_bullet/bullet_integration/basic_types.h
[2.571s] -- Up-to-date: /home/sazma/ws_future/install/moveit_core/include/moveit_core/moveit/collision_detection_bullet/bullet_integration/contact_checker_common.h
[2.571s] -- Up-to-date: /home/sazma/ws_future/install/moveit_core/include/moveit_core/moveit/collision_detection_bullet/bullet_integration/bullet_discrete_bvh_manager.h
[2.571s] -- Up-to-date: /home/sazma/ws_future/install/moveit_core/include/moveit_core/moveit/collision_detection_bullet/bullet_integration/bullet_bvh_manager.h
[2.572s] -- Up-to-date: /home/sazma/ws_future/install/moveit_core/include/moveit_core/moveit/collision_detection_bullet/bullet_integration/ros_bullet_utils.h
[2.572s] -- Up-to-date: /home/sazma/ws_future/install/moveit_core/include/moveit_core/moveit/collision_detection_bullet/bullet_integration/bullet_utils.h
[2.572s] -- Up-to-date: /home/sazma/ws_future/install/moveit_core/include/moveit_core/moveit/collision_detection_bullet/bullet_integration/bullet_cast_bvh_manager.h
[2.572s] -- Up-to-date: /home/sazma/ws_future/install/moveit_core/include/moveit_core/moveit/collision_detection_bullet/collision_env_bullet.h
[2.572s] -- Up-to-date: /home/sazma/ws_future/install/moveit_core/include/moveit_core/moveit/collision_detection_bullet/collision_detector_allocator_bullet.h
[2.572s] -- Up-to-date: /home/sazma/ws_future/install/moveit_core/include/moveit_core/moveit/collision_detection_bullet/collision_detector_bullet_plugin_loader.h
[2.572s] -- Up-to-date: /home/sazma/ws_future/install/moveit_core/include/moveit_core/moveit_collision_detection_bullet_export.h
[2.572s] -- Up-to-date: /home/sazma/ws_future/install/moveit_core/include/moveit_core
[2.572s] -- Up-to-date: /home/sazma/ws_future/install/moveit_core/include/moveit_core/moveit
[2.572s] -- Up-to-date: /home/sazma/ws_future/install/moveit_core/include/moveit_core/moveit/collision_detection_fcl
[2.572s] -- Up-to-date: /home/sazma/ws_future/install/moveit_core/include/moveit_core/moveit/collision_detection_fcl/collision_detector_allocator_fcl.h
[2.572s] -- Up-to-date: /home/sazma/ws_future/install/moveit_core/include/moveit_core/moveit/collision_detection_fcl/collision_env_fcl.h
[2.572s] -- Up-to-date: /home/sazma/ws_future/install/moveit_core/include/moveit_core/moveit/collision_detection_fcl/collision_detector_fcl_plugin_loader.h
[2.572s] -- Up-to-date: /home/sazma/ws_future/install/moveit_core/include/moveit_core/moveit/collision_detection_fcl/fcl_compat.h
[2.573s] -- Up-to-date: /home/sazma/ws_future/install/moveit_core/include/moveit_core/moveit/collision_detection_fcl/collision_common.h
[2.573s] -- Up-to-date: /home/sazma/ws_future/install/moveit_core/include/moveit_core/moveit_collision_detection_fcl_export.h
[2.573s] -- Up-to-date: /home/sazma/ws_future/install/moveit_core/include/moveit_core
[2.573s] -- Up-to-date: /home/sazma/ws_future/install/moveit_core/include/moveit_core/moveit
[2.573s] -- Up-to-date: /home/sazma/ws_future/install/moveit_core/include/moveit_core/moveit/collision_detection
[2.573s] -- Up-to-date: /home/sazma/ws_future/install/moveit_core/include/moveit_core/moveit/collision_detection/test_collision_common_pr2.h
[2.573s] -- Up-to-date: /home/sazma/ws_future/install/moveit_core/include/moveit_core/moveit/collision_detection/allvalid
[2.573s] -- Up-to-date: /home/sazma/ws_future/install/moveit_core/include/moveit_core/moveit/collision_detection/allvalid/collision_detector_allocator_allvalid.h
[2.573s] -- Up-to-date: /home/sazma/ws_future/install/moveit_core/include/moveit_core/moveit/collision_detection/allvalid/collision_env_allvalid.h
[2.573s] -- Up-to-date: /home/sazma/ws_future/install/moveit_core/include/moveit_core/moveit/collision_detection/collision_octomap_filter.h
[2.573s] -- Up-to-date: /home/sazma/ws_future/install/moveit_core/include/moveit_core/moveit/collision_detection/collision_plugin.h
[2.573s] -- Up-to-date: /home/sazma/ws_future/install/moveit_core/include/moveit_core/moveit/collision_detection/collision_env.h
[2.574s] -- Up-to-date: /home/sazma/ws_future/install/moveit_core/include/moveit_core/moveit/collision_detection/occupancy_map.h
[2.574s] -- Up-to-date: /home/sazma/ws_future/install/moveit_core/include/moveit_core/moveit/collision_detection/world.h
[2.574s] -- Up-to-date: /home/sazma/ws_future/install/moveit_core/include/moveit_core/moveit/collision_detection/collision_tools.h
[2.574s] -- Up-to-date: /home/sazma/ws_future/install/moveit_core/include/moveit_core/moveit/collision_detection/collision_plugin_cache.h
[2.574s] -- Up-to-date: /home/sazma/ws_future/install/moveit_core/include/moveit_core/moveit/collision_detection/collision_common.h
[2.574s] -- Up-to-date: /home/sazma/ws_future/install/moveit_core/include/moveit_core/moveit/collision_detection/world_diff.h
[2.574s] -- Up-to-date: /home/sazma/ws_future/install/moveit_core/include/moveit_core/moveit/collision_detection/test_collision_common_panda.h
[2.574s] -- Up-to-date: /home/sazma/ws_future/install/moveit_core/include/moveit_core/moveit/collision_detection/collision_detector_allocator.h
[2.574s] -- Up-to-date: /home/sazma/ws_future/install/moveit_core/include/moveit_core/moveit/collision_detection/collision_matrix.h
[2.574s] -- Up-to-date: /home/sazma/ws_future/install/moveit_core/include/moveit_core/moveit_collision_detection_export.h
[2.574s] -- Up-to-date: /home/sazma/ws_future/install/moveit_core/include/moveit_core
[2.575s] -- Up-to-date: /home/sazma/ws_future/install/moveit_core/include/moveit_core/moveit
[2.575s] -- Up-to-date: /home/sazma/ws_future/install/moveit_core/include/moveit_core/moveit/collision_distance_field
[2.575s] -- Up-to-date: /home/sazma/ws_future/install/moveit_core/include/moveit_core/moveit/collision_distance_field/collision_common_distance_field.h
[2.575s] -- Up-to-date: /home/sazma/ws_future/install/moveit_core/include/moveit_core/moveit/collision_distance_field/collision_distance_field_types.h
[2.575s] -- Up-to-date: /home/sazma/ws_future/install/moveit_core/include/moveit_core/moveit/collision_distance_field/collision_env_hybrid.h
[2.575s] -- Up-to-date: /home/sazma/ws_future/install/moveit_core/include/moveit_core/moveit/collision_distance_field/collision_env_distance_field.h
[2.575s] -- Up-to-date: /home/sazma/ws_future/install/moveit_core/include/moveit_core/moveit/collision_distance_field/collision_detector_allocator_distance_field.h
[2.575s] -- Up-to-date: /home/sazma/ws_future/install/moveit_core/include/moveit_core/moveit/collision_distance_field/collision_detector_allocator_hybrid.h
[2.575s] -- Up-to-date: /home/sazma/ws_future/install/moveit_core/include/moveit_core/moveit_collision_distance_field_export.h
[2.575s] -- Up-to-date: /home/sazma/ws_future/install/moveit_core/include/moveit_core
[2.575s] -- Up-to-date: /home/sazma/ws_future/install/moveit_core/include/moveit_core/moveit
[2.575s] -- Up-to-date: /home/sazma/ws_future/install/moveit_core/include/moveit_core/moveit/constraint_samplers
[2.575s] -- Up-to-date: /home/sazma/ws_future/install/moveit_core/include/moveit_core/moveit/constraint_samplers/constraint_sampler_tools.h
[2.575s] -- Up-to-date: /home/sazma/ws_future/install/moveit_core/include/moveit_core/moveit/constraint_samplers/default_constraint_samplers.h
[2.575s] -- Up-to-date: /home/sazma/ws_future/install/moveit_core/include/moveit_core/moveit/constraint_samplers/constraint_sampler_manager.h
[2.575s] -- Up-to-date: /home/sazma/ws_future/install/moveit_core/include/moveit_core/moveit/constraint_samplers/union_constraint_sampler.h
[2.576s] -- Up-to-date: /home/sazma/ws_future/install/moveit_core/include/moveit_core/moveit/constraint_samplers/constraint_sampler_allocator.h
[2.576s] -- Up-to-date: /home/sazma/ws_future/install/moveit_core/include/moveit_core/moveit/constraint_samplers/constraint_sampler.h
[2.576s] -- Up-to-date: /home/sazma/ws_future/install/moveit_core/include/moveit_core
[2.576s] -- Up-to-date: /home/sazma/ws_future/install/moveit_core/include/moveit_core/moveit
[2.576s] -- Up-to-date: /home/sazma/ws_future/install/moveit_core/include/moveit_core/moveit/controller_manager
[2.576s] -- Up-to-date: /home/sazma/ws_future/install/moveit_core/include/moveit_core/moveit/controller_manager/controller_manager.h
[2.576s] -- Up-to-date: /home/sazma/ws_future/install/moveit_core/include/moveit_core
[2.576s] -- Up-to-date: /home/sazma/ws_future/install/moveit_core/include/moveit_core/moveit
[2.576s] -- Up-to-date: /home/sazma/ws_future/install/moveit_core/include/moveit_core/moveit/distance_field
[2.576s] -- Up-to-date: /home/sazma/ws_future/install/moveit_core/include/moveit_core/moveit/distance_field/distance_field.h
[2.576s] -- Up-to-date: /home/sazma/ws_future/install/moveit_core/include/moveit_core/moveit/distance_field/find_internal_points.h
[2.576s] -- Up-to-date: /home/sazma/ws_future/install/moveit_core/include/moveit_core/moveit/distance_field/voxel_grid.h
[2.576s] -- Up-to-date: /home/sazma/ws_future/install/moveit_core/include/moveit_core/moveit/distance_field/propagation_distance_field.h
[2.577s] -- Up-to-date: /home/sazma/ws_future/install/moveit_core/include/moveit_core
[2.577s] -- Up-to-date: /home/sazma/ws_future/install/moveit_core/include/moveit_core/moveit
[2.577s] -- Up-to-date: /home/sazma/ws_future/install/moveit_core/include/moveit_core/moveit/dynamics_solver
[2.577s] -- Up-to-date: /home/sazma/ws_future/install/moveit_core/include/moveit_core/moveit/dynamics_solver/dynamics_solver.h
[2.577s] -- Up-to-date: /home/sazma/ws_future/install/moveit_core/include/moveit_core
[2.577s] -- Up-to-date: /home/sazma/ws_future/install/moveit_core/include/moveit_core/moveit
[2.577s] -- Up-to-date: /home/sazma/ws_future/install/moveit_core/include/moveit_core/moveit/exceptions
[2.577s] -- Up-to-date: /home/sazma/ws_future/install/moveit_core/include/moveit_core/moveit/exceptions/exceptions.h
[2.577s] -- Up-to-date: /home/sazma/ws_future/install/moveit_core/include/moveit_core
[2.577s] -- Up-to-date: /home/sazma/ws_future/install/moveit_core/include/moveit_core/moveit
[2.577s] -- Up-to-date: /home/sazma/ws_future/install/moveit_core/include/moveit_core/moveit/kinematic_constraints
[2.577s] -- Up-to-date: /home/sazma/ws_future/install/moveit_core/include/moveit_core/moveit/kinematic_constraints/utils.h
[2.577s] -- Up-to-date: /home/sazma/ws_future/install/moveit_core/include/moveit_core/moveit/kinematic_constraints/kinematic_constraint.h
[2.578s] -- Up-to-date: /home/sazma/ws_future/install/moveit_core/include/moveit_core
[2.578s] -- Up-to-date: /home/sazma/ws_future/install/moveit_core/include/moveit_core/moveit
[2.578s] -- Up-to-date: /home/sazma/ws_future/install/moveit_core/include/moveit_core/moveit/kinematics_base
[2.578s] -- Up-to-date: /home/sazma/ws_future/install/moveit_core/include/moveit_core/moveit/kinematics_base/kinematics_base.h
[2.578s] -- Up-to-date: /home/sazma/ws_future/install/moveit_core/include/moveit_core/moveit_kinematics_base_export.h
[2.578s] -- Up-to-date: /home/sazma/ws_future/install/moveit_core/include/moveit_core
[2.578s] -- Up-to-date: /home/sazma/ws_future/install/moveit_core/include/moveit_core/moveit
[2.578s] -- Up-to-date: /home/sazma/ws_future/install/moveit_core/include/moveit_core/moveit/kinematics_metrics
[2.578s] -- Up-to-date: /home/sazma/ws_future/install/moveit_core/include/moveit_core/moveit/kinematics_metrics/kinematics_metrics.h
[2.578s] -- Up-to-date: /home/sazma/ws_future/install/moveit_core/include/moveit_core
[2.578s] -- Up-to-date: /home/sazma/ws_future/install/moveit_core/include/moveit_core/moveit
[2.578s] -- Up-to-date: /home/sazma/ws_future/install/moveit_core/include/moveit_core/moveit/macros
[2.578s] -- Up-to-date: /home/sazma/ws_future/install/moveit_core/include/moveit_core/moveit/macros/declare_ptr.h
[2.579s] -- Up-to-date: /home/sazma/ws_future/install/moveit_core/include/moveit_core/moveit/macros/class_forward.h
[2.579s] -- Up-to-date: /home/sazma/ws_future/install/moveit_core/include/moveit_core/moveit/macros/deprecation.h
[2.579s] -- Up-to-date: /home/sazma/ws_future/install/moveit_core/include/moveit_core/moveit/macros/console_colors.h
[2.579s] -- Up-to-date: /home/sazma/ws_future/install/moveit_core/include/moveit_butterworth_parameters
[2.579s] -- Up-to-date: /home/sazma/ws_future/install/moveit_core/include/moveit_butterworth_parameters/moveit_butterworth_parameters.hpp
[2.579s] -- Up-to-date: /home/sazma/ws_future/install/moveit_core/include/moveit_core
[2.579s] -- Up-to-date: /home/sazma/ws_future/install/moveit_core/include/moveit_core/moveit
[2.579s] -- Up-to-date: /home/sazma/ws_future/install/moveit_core/include/moveit_core/moveit/online_signal_smoothing
[2.579s] -- Up-to-date: /home/sazma/ws_future/install/moveit_core/include/moveit_core/moveit/online_signal_smoothing/butterworth_filter.h
[2.579s] -- Up-to-date: /home/sazma/ws_future/install/moveit_core/include/moveit_core/moveit/online_signal_smoothing/smoothing_base_class.h
[2.579s] -- Up-to-date: /home/sazma/ws_future/install/moveit_core/include/moveit_core/moveit_smoothing_base_export.h
[2.579s] -- Up-to-date: /home/sazma/ws_future/install/moveit_core/include/moveit_core/moveit_butterworth_filter_export.h
[2.579s] -- Up-to-date: /home/sazma/ws_future/install/moveit_core/include/moveit_core
[2.579s] -- Up-to-date: /home/sazma/ws_future/install/moveit_core/include/moveit_core/moveit
[2.579s] -- Up-to-date: /home/sazma/ws_future/install/moveit_core/include/moveit_core/moveit/planning_interface
[2.580s] -- Up-to-date: /home/sazma/ws_future/install/moveit_core/include/moveit_core/moveit/planning_interface/planning_request.h
[2.580s] -- Up-to-date: /home/sazma/ws_future/install/moveit_core/include/moveit_core/moveit/planning_interface/planning_interface.h
[2.580s] -- Up-to-date: /home/sazma/ws_future/install/moveit_core/include/moveit_core/moveit/planning_interface/planning_response.h
[2.580s] -- Up-to-date: /home/sazma/ws_future/install/moveit_core/include/moveit_core
[2.580s] -- Up-to-date: /home/sazma/ws_future/install/moveit_core/include/moveit_core/moveit
[2.580s] -- Up-to-date: /home/sazma/ws_future/install/moveit_core/include/moveit_core/moveit/planning_request_adapter
[2.580s] -- Up-to-date: /home/sazma/ws_future/install/moveit_core/include/moveit_core/moveit/planning_request_adapter/planning_request_adapter.h
[2.580s] -- Up-to-date: /home/sazma/ws_future/install/moveit_core/include/moveit_core
[2.580s] -- Up-to-date: /home/sazma/ws_future/install/moveit_core/include/moveit_core/moveit
[2.580s] -- Up-to-date: /home/sazma/ws_future/install/moveit_core/include/moveit_core/moveit/planning_scene
[2.580s] -- Up-to-date: /home/sazma/ws_future/install/moveit_core/include/moveit_core/moveit/planning_scene/planning_scene.h
[2.580s] -- Up-to-date: /home/sazma/ws_future/install/moveit_core/include/moveit_core/moveit_planning_scene_export.h
[2.580s] -- Up-to-date: /home/sazma/ws_future/install/moveit_core/include/moveit_core
[2.580s] -- Up-to-date: /home/sazma/ws_future/install/moveit_core/include/moveit_core/moveit
[2.580s] -- Up-to-date: /home/sazma/ws_future/install/moveit_core/include/moveit_core/moveit/robot_model
[2.581s] -- Up-to-date: /home/sazma/ws_future/install/moveit_core/include/moveit_core/moveit/robot_model/robot_model.h
[2.581s] -- Up-to-date: /home/sazma/ws_future/install/moveit_core/include/moveit_core/moveit/robot_model/fixed_joint_model.h
[2.581s] -- Up-to-date: /home/sazma/ws_future/install/moveit_core/include/moveit_core/moveit/robot_model/aabb.h
[2.581s] -- Up-to-date: /home/sazma/ws_future/install/moveit_core/include/moveit_core/moveit/robot_model/joint_model_group.h
[2.581s] -- Up-to-date: /home/sazma/ws_future/install/moveit_core/include/moveit_core/moveit/robot_model/revolute_joint_model.h
[2.581s] -- Up-to-date: /home/sazma/ws_future/install/moveit_core/include/moveit_core/moveit/robot_model/joint_model.h
[2.581s] -- Up-to-date: /home/sazma/ws_future/install/moveit_core/include/moveit_core/moveit/robot_model/link_model.h
[2.581s] -- Up-to-date: /home/sazma/ws_future/install/moveit_core/include/moveit_core/moveit/robot_model/planar_joint_model.h
[2.581s] -- Up-to-date: /home/sazma/ws_future/install/moveit_core/include/moveit_core/moveit/robot_model/prismatic_joint_model.h
[2.581s] -- Up-to-date: /home/sazma/ws_future/install/moveit_core/include/moveit_core/moveit/robot_model/floating_joint_model.h
[2.581s] -- Up-to-date: /home/sazma/ws_future/install/moveit_core/include/moveit_core
[2.581s] -- Up-to-date: /home/sazma/ws_future/install/moveit_core/include/moveit_core/moveit
[2.581s] -- Up-to-date: /home/sazma/ws_future/install/moveit_core/include/moveit_core/moveit/robot_state
[2.581s] -- Up-to-date: /home/sazma/ws_future/install/moveit_core/include/moveit_core/moveit/robot_state/robot_state.h
[2.581s] -- Up-to-date: /home/sazma/ws_future/install/moveit_core/include/moveit_core/moveit/robot_state/conversions.h
[2.582s] -- Up-to-date: /home/sazma/ws_future/install/moveit_core/include/moveit_core/moveit/robot_state/cartesian_interpolator.h
[2.582s] -- Up-to-date: /home/sazma/ws_future/install/moveit_core/include/moveit_core/moveit/robot_state/attached_body.h
[2.582s] -- Up-to-date: /home/sazma/ws_future/install/moveit_core/include/moveit_core
[2.582s] -- Up-to-date: /home/sazma/ws_future/install/moveit_core/include/moveit_core/moveit
[2.582s] -- Up-to-date: /home/sazma/ws_future/install/moveit_core/include/moveit_core/moveit/robot_trajectory
[2.582s] -- Up-to-date: /home/sazma/ws_future/install/moveit_core/include/moveit_core/moveit/robot_trajectory/robot_trajectory.h
[2.582s] -- Up-to-date: /home/sazma/ws_future/install/moveit_core/include/moveit_core
[2.582s] -- Up-to-date: /home/sazma/ws_future/install/moveit_core/include/moveit_core/moveit
[2.582s] -- Up-to-date: /home/sazma/ws_future/install/moveit_core/include/moveit_core/moveit/trajectory_processing
[2.582s] -- Up-to-date: /home/sazma/ws_future/install/moveit_core/include/moveit_core/moveit/trajectory_processing/trajectory_tools.h
[2.582s] -- Up-to-date: /home/sazma/ws_future/install/moveit_core/include/moveit_core/moveit/trajectory_processing/time_optimal_trajectory_generation.h
[2.582s] -- Up-to-date: /home/sazma/ws_future/install/moveit_core/include/moveit_core/moveit/trajectory_processing/ruckig_traj_smoothing.h
[2.582s] -- Up-to-date: /home/sazma/ws_future/install/moveit_core/include/moveit_core/moveit/trajectory_processing/time_parameterization.h
[2.582s] -- Up-to-date: /home/sazma/ws_future/install/moveit_core/include/moveit_core
[2.582s] -- Up-to-date: /home/sazma/ws_future/install/moveit_core/include/moveit_core/moveit
[2.583s] -- Up-to-date: /home/sazma/ws_future/install/moveit_core/include/moveit_core/moveit/transforms
[2.583s] -- Up-to-date: /home/sazma/ws_future/install/moveit_core/include/moveit_core/moveit/transforms/transforms.h
[2.583s] -- Up-to-date: /home/sazma/ws_future/install/moveit_core/include/moveit_core
[2.583s] -- Up-to-date: /home/sazma/ws_future/install/moveit_core/include/moveit_core/moveit
[2.583s] -- Up-to-date: /home/sazma/ws_future/install/moveit_core/include/moveit_core/moveit/utils
[2.583s] -- Up-to-date: /home/sazma/ws_future/install/moveit_core/include/moveit_core/moveit/utils/message_checks.h
[2.583s] -- Up-to-date: /home/sazma/ws_future/install/moveit_core/include/moveit_core/moveit/utils/lexical_casts.h
[2.583s] -- Up-to-date: /home/sazma/ws_future/install/moveit_core/include/moveit_core/moveit/utils/rclcpp_utils.h
[2.583s] -- Up-to-date: /home/sazma/ws_future/install/moveit_core/include/moveit_core/moveit/utils/eigen_test_utils.h
[2.583s] -- Up-to-date: /home/sazma/ws_future/install/moveit_core/include/moveit_core/moveit/utils/moveit_error_code.h
[2.583s] -- Up-to-date: /home/sazma/ws_future/install/moveit_core/include/moveit_core/moveit/utils/logger.hpp
[2.583s] -- Up-to-date: /home/sazma/ws_future/install/moveit_core/include/moveit_core/moveit/utils/robot_model_test_utils.h
[2.583s] -- Up-to-date: /home/sazma/ws_future/install/moveit_core/lib/moveit_core/logger_dut
[2.583s] -- Up-to-date: /home/sazma/ws_future/install/moveit_core/lib/moveit_core/logger_from_child_dut
[2.583s] -- Up-to-date: /home/sazma/ws_future/install/moveit_core/lib/moveit_core/logger_from_only_child_dut
[2.584s] -- Up-to-date: /home/sazma/ws_future/install/moveit_core/include/moveit_core/moveit/version.h
[2.584s] -- Up-to-date: /home/sazma/ws_future/install/moveit_core/bin/moveit_version
[2.584s] -- Up-to-date: /home/sazma/ws_future/install/moveit_core/lib/libcollision_detector_bullet_plugin.so.2.8.0
[2.584s] -- Up-to-date: /home/sazma/ws_future/install/moveit_core/lib/libcollision_detector_bullet_plugin.so
[2.584s] -- Up-to-date: /home/sazma/ws_future/install/moveit_core/lib/libmoveit_butterworth_filter.so.2.8.0
[2.584s] -- Up-to-date: /home/sazma/ws_future/install/moveit_core/lib/libmoveit_butterworth_filter.so
[2.584s] -- Up-to-date: /home/sazma/ws_future/install/moveit_core/lib/libmoveit_collision_detection.so.2.8.0
[2.584s] -- Up-to-date: /home/sazma/ws_future/install/moveit_core/lib/libmoveit_collision_detection.so
[2.584s] -- Up-to-date: /home/sazma/ws_future/install/moveit_core/lib/libmoveit_collision_detection_bullet.so.2.8.0
[2.584s] -- Up-to-date: /home/sazma/ws_future/install/moveit_core/lib/libmoveit_collision_detection_bullet.so
[2.584s] -- Up-to-date: /home/sazma/ws_future/install/moveit_core/lib/libmoveit_collision_detection_fcl.so.2.8.0
[2.584s] -- Up-to-date: /home/sazma/ws_future/install/moveit_core/lib/libmoveit_collision_detection_fcl.so
[2.584s] -- Up-to-date: /home/sazma/ws_future/install/moveit_core/lib/libmoveit_collision_distance_field.so.2.8.0
[2.584s] -- Up-to-date: /home/sazma/ws_future/install/moveit_core/lib/libmoveit_collision_distance_field.so
[2.584s] -- Up-to-date: /home/sazma/ws_future/install/moveit_core/lib/libmoveit_constraint_samplers.so.2.8.0
[2.585s] -- Up-to-date: /home/sazma/ws_future/install/moveit_core/lib/libmoveit_constraint_samplers.so
[2.585s] -- Up-to-date: /home/sazma/ws_future/install/moveit_core/lib/libmoveit_distance_field.so.2.8.0
[2.585s] -- Up-to-date: /home/sazma/ws_future/install/moveit_core/lib/libmoveit_distance_field.so
[2.585s] -- Up-to-date: /home/sazma/ws_future/install/moveit_core/lib/libmoveit_dynamics_solver.so.2.8.0
[2.585s] -- Up-to-date: /home/sazma/ws_future/install/moveit_core/lib/libmoveit_dynamics_solver.so
[2.585s] -- Up-to-date: /home/sazma/ws_future/install/moveit_core/lib/libmoveit_exceptions.so.2.8.0
[2.585s] -- Up-to-date: /home/sazma/ws_future/install/moveit_core/lib/libmoveit_exceptions.so
[2.585s] -- Up-to-date: /home/sazma/ws_future/install/moveit_core/lib/libmoveit_kinematic_constraints.so.2.8.0
[2.585s] -- Up-to-date: /home/sazma/ws_future/install/moveit_core/lib/libmoveit_kinematic_constraints.so
[2.585s] -- Up-to-date: /home/sazma/ws_future/install/moveit_core/lib/libmoveit_kinematics_base.so
[2.585s] -- Up-to-date: /home/sazma/ws_future/install/moveit_core/lib/libmoveit_kinematics_metrics.so.2.8.0
[2.585s] -- Up-to-date: /home/sazma/ws_future/install/moveit_core/lib/libmoveit_kinematics_metrics.so
[2.585s] -- Up-to-date: /home/sazma/ws_future/install/moveit_core/lib/libmoveit_planning_interface.so.2.8.0
[2.585s] -- Up-to-date: /home/sazma/ws_future/install/moveit_core/lib/libmoveit_planning_interface.so
[2.586s] -- Up-to-date: /home/sazma/ws_future/install/moveit_core/lib/libmoveit_planning_request_adapter.so.2.8.0
[2.586s] -- Up-to-date: /home/sazma/ws_future/install/moveit_core/lib/libmoveit_planning_request_adapter.so
[2.586s] -- Up-to-date: /home/sazma/ws_future/install/moveit_core/lib/libmoveit_planning_scene.so.2.8.0
[2.586s] -- Up-to-date: /home/sazma/ws_future/install/moveit_core/lib/libmoveit_planning_scene.so
[2.586s] -- Up-to-date: /home/sazma/ws_future/install/moveit_core/lib/libmoveit_robot_model.so.2.8.0
[2.586s] -- Up-to-date: /home/sazma/ws_future/install/moveit_core/lib/libmoveit_robot_model.so
[2.586s] -- Up-to-date: /home/sazma/ws_future/install/moveit_core/lib/libmoveit_robot_state.so.2.8.0
[2.586s] -- Up-to-date: /home/sazma/ws_future/install/moveit_core/lib/libmoveit_robot_state.so
[2.586s] -- Up-to-date: /home/sazma/ws_future/install/moveit_core/lib/libmoveit_robot_trajectory.so.2.8.0
[2.586s] -- Up-to-date: /home/sazma/ws_future/install/moveit_core/lib/libmoveit_robot_trajectory.so
[2.586s] -- Up-to-date: /home/sazma/ws_future/install/moveit_core/lib/libmoveit_smoothing_base.so.2.8.0
[2.586s] -- Up-to-date: /home/sazma/ws_future/install/moveit_core/lib/libmoveit_smoothing_base.so
[2.586s] -- Up-to-date: /home/sazma/ws_future/install/moveit_core/lib/libmoveit_test_utils.so.2.8.0
[2.587s] -- Up-to-date: /home/sazma/ws_future/install/moveit_core/lib/libmoveit_test_utils.so
[2.587s] -- Up-to-date: /home/sazma/ws_future/install/moveit_core/lib/libmoveit_trajectory_processing.so.2.8.0
[2.587s] -- Up-to-date: /home/sazma/ws_future/install/moveit_core/lib/libmoveit_trajectory_processing.so
[2.587s] -- Up-to-date: /home/sazma/ws_future/install/moveit_core/lib/libmoveit_transforms.so.2.8.0
[2.587s] -- Up-to-date: /home/sazma/ws_future/install/moveit_core/lib/libmoveit_transforms.so
[2.587s] -- Up-to-date: /home/sazma/ws_future/install/moveit_core/lib/libmoveit_utils.so.2.8.0
[2.587s] -- Up-to-date: /home/sazma/ws_future/install/moveit_core/lib/libmoveit_utils.so
[2.588s] -- Up-to-date: /home/sazma/ws_future/install/moveit_core/share/moveit_core/environment/library_path.sh
[2.588s] -- Up-to-date: /home/sazma/ws_future/install/moveit_core/share/moveit_core/environment/library_path.dsv
[2.588s] -- Up-to-date: /home/sazma/ws_future/install/moveit_core/share/moveit_core/collision_detector_fcl_description.xml
[2.588s] -- Up-to-date: /home/sazma/ws_future/install/moveit_core/share/moveit_core/collision_detector_bullet_description.xml
[2.588s] -- Up-to-date: /home/sazma/ws_future/install/moveit_core/share/moveit_core/filter_plugin_butterworth.xml
[2.588s] -- Up-to-date: /home/sazma/ws_future/install/moveit_core/share/ament_index/resource_index/package_run_dependencies/moveit_core
[2.588s] -- Up-to-date: /home/sazma/ws_future/install/moveit_core/share/ament_index/resource_index/parent_prefix_path/moveit_core
[2.588s] -- Up-to-date: /home/sazma/ws_future/install/moveit_core/share/moveit_core/environment/ament_prefix_path.sh
[2.588s] -- Up-to-date: /home/sazma/ws_future/install/moveit_core/share/moveit_core/environment/ament_prefix_path.dsv
[2.588s] -- Up-to-date: /home/sazma/ws_future/install/moveit_core/share/moveit_core/environment/path.sh
[2.588s] -- Up-to-date: /home/sazma/ws_future/install/moveit_core/share/moveit_core/environment/path.dsv
[2.588s] -- Up-to-date: /home/sazma/ws_future/install/moveit_core/share/moveit_core/local_setup.bash
[2.589s] -- Up-to-date: /home/sazma/ws_future/install/moveit_core/share/moveit_core/local_setup.sh
[2.589s] -- Up-to-date: /home/sazma/ws_future/install/moveit_core/share/moveit_core/local_setup.zsh
[2.589s] -- Up-to-date: /home/sazma/ws_future/install/moveit_core/share/moveit_core/local_setup.dsv
[2.589s] -- Up-to-date: /home/sazma/ws_future/install/moveit_core/share/moveit_core/package.dsv
[2.589s] -- Up-to-date: /home/sazma/ws_future/install/moveit_core/share/ament_index/resource_index/packages/moveit_core
[2.589s] -- Up-to-date: /home/sazma/ws_future/install/moveit_core/share/ament_index/resource_index/moveit_core__pluginlib__plugin/moveit_core
[2.589s] -- Up-to-date: /home/sazma/ws_future/install/moveit_core/share/moveit_core/cmake/moveit_coreTargetsExport.cmake
[2.589s] -- Up-to-date: /home/sazma/ws_future/install/moveit_core/share/moveit_core/cmake/moveit_coreTargetsExport-release.cmake
[2.589s] -- Up-to-date: /home/sazma/ws_future/install/moveit_core/share/moveit_core/cmake/ConfigExtras.cmake
[2.589s] -- Up-to-date: /home/sazma/ws_future/install/moveit_core/share/moveit_core/cmake/ament_cmake_export_targets-extras.cmake
[2.589s] -- Up-to-date: /home/sazma/ws_future/install/moveit_core/share/moveit_core/cmake/ament_cmake_export_dependencies-extras.cmake
[2.589s] -- Up-to-date: /home/sazma/ws_future/install/moveit_core/share/moveit_core/cmake/moveit_coreConfig.cmake
[2.589s] -- Up-to-date: /home/sazma/ws_future/install/moveit_core/share/moveit_core/cmake/moveit_coreConfig-version.cmake
[2.589s] -- Up-to-date: /home/sazma/ws_future/install/moveit_core/share/moveit_core/package.xml
[2.591s] Invoked command in '/home/sazma/ws_future/build/moveit_core' returned '0': CMAKE_PREFIX_PATH=/home/sazma/ws_future/install/moveit_resources_panda_moveit_config:/home/sazma/ws_future/install/moveit_resources_pr2_description:/home/sazma/ws_future/install/moveit_resources_panda_description:/home/sazma/ws_future/install/moveit_msgs:/home/sazma/ws_future/install/moveit_common:/home/sazma/ws_future/install/ui_for_debug_and_demo:/home/sazma/ws_future/install/tm_driver:/home/sazma/ws_future/install/demo:/home/sazma/ws_future/install/tm_msgs:/home/sazma/ws_future/install/tm_moveit_cpp_demo:/home/sazma/ws_future/install/tm_moveit_config_tm5x-900:/home/sazma/ws_future/install/tm_moveit_config_tm5x-700:/home/sazma/ws_future/install/tm_moveit_config_tm5-900:/home/sazma/ws_future/install/tm_moveit_config_tm5-700:/home/sazma/ws_future/install/tm_moveit_config_tm14x:/home/sazma/ws_future/install/tm_moveit_config_tm14:/home/sazma/ws_future/install/tm_moveit_config_tm12x:/home/sazma/ws_future/install/tm_moveit_config_tm12:/home/sazma/ws_future/install/tm_mod_urdf:/home/sazma/ws_future/install/tm_get_status:/home/sazma/ws_future/install/tm_description:/home/sazma/ws_future/install/custom_package:/home/sazma/ws_future/install/techman_robot_msgs:/home/sazma/ws_future/install/moveit2_tutorials:/home/sazma/ws_future/install/moveit_visual_tools:/home/sazma/ws_future/install/rviz_visual_tools:/home/sazma/ws_future/install/moveit_task_constructor_visualization:/home/sazma/ws_future/install/moveit_task_constructor_demo:/home/sazma/ws_future/install/moveit_task_constructor_capabilities:/home/sazma/ws_future/install/moveit_task_constructor_core:/home/sazma/ws_future/install/rviz_marker_tools:/home/sazma/ws_future/install/pilz_industrial_motion_planner_testutils:/home/sazma/ws_future/install/moveit_runtime:/home/sazma/ws_future/install/moveit:/home/sazma/ws_future/install/kinova_gen3_7dof_robotiq_2f_85_moveit_config:/home/sazma/ws_future/install/kinova_gen3_6dof_robotiq_2f_85_moveit_config:/home/sazma/ws_future/install/moveit_planners:/home/sazma/ws_future/install/pilz_industrial_motion_planner:/home/sazma/ws_future/install/pick_ik:/home/sazma/ws_future/install/moveit_task_constructor_msgs:/home/sazma/ws_future/install/moveit_ros_control_interface:/home/sazma/ws_future/install/moveit_plugins:/home/sazma/ws_future/install/moveit_simple_controller_manager:/home/sazma/ws_future/install/moveit_setup_assistant:/home/sazma/ws_future/install/moveit_setup_srdf_plugins:/home/sazma/ws_future/install/moveit_setup_core_plugins:/home/sazma/ws_future/install/moveit_setup_controllers:/home/sazma/ws_future/install/moveit_setup_app_plugins:/home/sazma/ws_future/install/moveit_setup_framework:/home/sazma/ws_future/install/moveit_servo:/home/sazma/ws_future/install/moveit_ros:/home/sazma/ws_future/install/moveit_ros_visualization:/home/sazma/ws_future/install/moveit_py:/home/sazma/ws_future/install/moveit_hybrid_planning:/home/sazma/ws_future/install/moveit_ros_planning_interface:/home/sazma/ws_future/install/moveit_ros_benchmarks:/home/sazma/ws_future/install/moveit_ros_warehouse:/home/sazma/ws_future/install/moveit_ros_robot_interaction:/home/sazma/ws_future/install/moveit_ros_perception:/home/sazma/ws_future/install/moveit_resources_prbt_pg70_support:/home/sazma/ws_future/install/moveit_resources_prbt_moveit_config:/home/sazma/ws_future/install/moveit_ros_move_group:/home/sazma/ws_future/install/moveit_planners_ompl:/home/sazma/ws_future/install/moveit_kinematics:/home/sazma/ws_future/install/moveit_ros_planning:/home/sazma/ws_future/install/moveit_ros_occupancy_map_monitor:/home/sazma/ws_future/install/moveit_resources_prbt_support:/home/sazma/ws_future/install/moveit_resources_prbt_ikfast_manipulator_plugin:/home/sazma/ws_future/install/moveit_resources:/home/sazma/ws_future/install/dual_arm_panda_moveit_config:/home/sazma/ws_future/install/moveit_resources_fanuc_moveit_config:/home/sazma/ws_future/install/moveit_resources_fanuc_description:/home/sazma/ws_future/install/moveit_planners_stomp:/home/sazma/ws_future/install/moveit_planners_chomp:/home/sazma/ws_future/install/moveit_chomp_optimizer_adapter:/home/sazma/ws_future/install/chomp_motion_planner:/home/sazma/ws_future/install/moveit_core:/home/sazma/ws_future/install/moveit_configs_utils:/home/sazma/ws_future/install/kortex_bringup:/home/sazma/ws_future/install/kortex_driver:/home/sazma/ws_future/install/kortex_description:/home/sazma/ws_future/install/kortex_api:/opt/ros/humble LD_LIBRARY_PATH=/home/sazma/ws_future/install/moveit_msgs/lib:/home/sazma/ws_future/install/tm_msgs/lib:/home/sazma/ws_future/install/techman_robot_msgs/lib:/home/sazma/ws_future/install/moveit_visual_tools/lib:/home/sazma/ws_future/install/rviz_visual_tools/lib:/home/sazma/ws_future/install/moveit_task_constructor_visualization/lib:/home/sazma/ws_future/install/moveit_task_constructor_core/lib:/home/sazma/ws_future/install/rviz_marker_tools/lib:/home/sazma/ws_future/install/pilz_industrial_motion_planner_testutils/lib:/home/sazma/ws_future/install/pilz_industrial_motion_planner/lib:/home/sazma/ws_future/install/pick_ik/lib:/home/sazma/ws_future/install/moveit_task_constructor_msgs/lib:/home/sazma/ws_future/install/moveit_ros_control_interface/lib:/home/sazma/ws_future/install/moveit_simple_controller_manager/lib:/home/sazma/ws_future/install/moveit_setup_assistant/lib:/home/sazma/ws_future/install/moveit_setup_srdf_plugins/lib:/home/sazma/ws_future/install/moveit_setup_core_plugins/lib:/home/sazma/ws_future/install/moveit_setup_controllers/lib:/home/sazma/ws_future/install/moveit_setup_app_plugins/lib:/home/sazma/ws_future/install/moveit_setup_framework/lib:/home/sazma/ws_future/install/moveit_servo/lib:/home/sazma/ws_future/install/moveit_ros_visualization/lib:/home/sazma/ws_future/install/moveit_py/lib:/home/sazma/ws_future/install/moveit_hybrid_planning/lib:/home/sazma/ws_future/install/moveit_ros_planning_interface/lib:/home/sazma/ws_future/install/moveit_ros_benchmarks/lib:/home/sazma/ws_future/install/moveit_ros_warehouse/lib:/home/sazma/ws_future/install/moveit_ros_robot_interaction/lib:/home/sazma/ws_future/install/moveit_ros_perception/lib:/home/sazma/ws_future/install/moveit_ros_move_group/lib:/home/sazma/ws_future/install/moveit_planners_ompl/lib:/home/sazma/ws_future/install/moveit_kinematics/lib:/home/sazma/ws_future/install/moveit_ros_planning/lib:/home/sazma/ws_future/install/moveit_ros_occupancy_map_monitor/lib:/home/sazma/ws_future/install/moveit_resources_prbt_ikfast_manipulator_plugin/lib:/home/sazma/ws_future/install/moveit_planners_stomp/lib:/home/sazma/ws_future/install/moveit_planners_chomp/lib:/home/sazma/ws_future/install/moveit_chomp_optimizer_adapter/lib:/home/sazma/ws_future/install/chomp_motion_planner/lib:/home/sazma/ws_future/install/moveit_core/lib:/home/sazma/ws_future/install/kortex_driver/lib:/opt/ros/humble/opt/rviz_ogre_vendor/lib:/opt/ros/humble/lib/x86_64-linux-gnu:/opt/ros/humble/lib /usr/bin/cmake --install /home/sazma/ws_future/build/moveit_core
