[1.027s] Invoking command in '/home/sazma/ws_future/src/mpu_6050': PYTHONPATH=/home/sazma/ws_future/build/mpu_6050/prefix_override:/home/sazma/ws_future/install/mpu_6050/lib/python3.10/site-packages:${PYTHONPATH} /usr/bin/python3 setup.py egg_info --egg-base ../../build/mpu_6050 build --build-base /home/sazma/ws_future/build/mpu_6050/build install --record /home/sazma/ws_future/build/mpu_6050/install.log --single-version-externally-managed
[1.278s] running egg_info
[1.295s] writing ../../build/mpu_6050/mpu_6050.egg-info/PKG-INFO
[1.295s] writing dependency_links to ../../build/mpu_6050/mpu_6050.egg-info/dependency_links.txt
[1.296s] writing entry points to ../../build/mpu_6050/mpu_6050.egg-info/entry_points.txt
[1.296s] writing requirements to ../../build/mpu_6050/mpu_6050.egg-info/requires.txt
[1.296s] writing top-level names to ../../build/mpu_6050/mpu_6050.egg-info/top_level.txt
[1.332s] reading manifest file '../../build/mpu_6050/mpu_6050.egg-info/SOURCES.txt'
[1.333s] writing manifest file '../../build/mpu_6050/mpu_6050.egg-info/SOURCES.txt'
[1.333s] running build
[1.333s] running build_py
[1.333s] copying mpu_6050/publisher_node.py -> /home/sazma/ws_future/build/mpu_6050/build/lib/mpu_6050
[1.334s] running install
[1.334s] /home/sazma/.local/lib/python3.10/site-packages/setuptools/_distutils/cmd.py:66: SetuptoolsDeprecationWarning: setup.py install is deprecated.
[1.334s] !!
[1.334s] 
[1.334s]         ********************************************************************************
[1.334s]         Please avoid running ``setup.py`` directly.
[1.334s]         Instead, use pypa/build, pypa/installer or other
[1.334s]         standards-based tools.
[1.334s] 
[1.334s]         See https://blog.ganssle.io/articles/2021/10/setup-py-deprecated.html for details.
[1.334s]         ********************************************************************************
[1.334s] 
[1.335s] !!
[1.335s]   self.initialize_options()
[1.340s] running install_lib
[1.359s] copying /home/sazma/ws_future/build/mpu_6050/build/lib/mpu_6050/publisher_node.py -> /home/sazma/ws_future/install/mpu_6050/lib/python3.10/site-packages/mpu_6050
[1.360s] byte-compiling /home/sazma/ws_future/install/mpu_6050/lib/python3.10/site-packages/mpu_6050/publisher_node.py to publisher_node.cpython-310.pyc
[1.360s] running install_data
[1.378s] running install_egg_info
[1.397s] removing '/home/sazma/ws_future/install/mpu_6050/lib/python3.10/site-packages/mpu_6050-0.0.0-py3.10.egg-info' (and everything under it)
[1.398s] Copying ../../build/mpu_6050/mpu_6050.egg-info to /home/sazma/ws_future/install/mpu_6050/lib/python3.10/site-packages/mpu_6050-0.0.0-py3.10.egg-info
[1.398s] running install_scripts
[1.689s] Installing publisher_node script to /home/sazma/ws_future/install/mpu_6050/lib/mpu_6050
[1.690s] writing list of installed files to '/home/sazma/ws_future/build/mpu_6050/install.log'
[1.720s] Invoked command in '/home/sazma/ws_future/src/mpu_6050' returned '0': PYTHONPATH=/home/sazma/ws_future/build/mpu_6050/prefix_override:/home/sazma/ws_future/install/mpu_6050/lib/python3.10/site-packages:${PYTHONPATH} /usr/bin/python3 setup.py egg_info --egg-base ../../build/mpu_6050 build --build-base /home/sazma/ws_future/build/mpu_6050/build install --record /home/sazma/ws_future/build/mpu_6050/install.log --single-version-externally-managed
