[2.622s] Invoking command in '/home/sazma/ws_future/src/tmr_ros2/techman_robot_get_status': PYTHONPATH=/home/sazma/ws_future/build/tm_get_status/prefix_override:/home/sazma/ws_future/install/tm_get_status/lib/python3.10/site-packages:${PYTHONPATH} /usr/bin/python3 setup.py egg_info --egg-base ../../../build/tm_get_status build --build-base /home/sazma/ws_future/build/tm_get_status/build install --record /home/sazma/ws_future/build/tm_get_status/install.log --single-version-externally-managed
[2.912s] running egg_info
[2.912s] writing ../../../build/tm_get_status/tm_get_status.egg-info/PKG-INFO
[2.912s] writing dependency_links to ../../../build/tm_get_status/tm_get_status.egg-info/dependency_links.txt
[2.912s] writing entry points to ../../../build/tm_get_status/tm_get_status.egg-info/entry_points.txt
[2.912s] writing requirements to ../../../build/tm_get_status/tm_get_status.egg-info/requires.txt
[2.912s] writing top-level names to ../../../build/tm_get_status/tm_get_status.egg-info/top_level.txt
[2.913s] reading manifest file '../../../build/tm_get_status/tm_get_status.egg-info/SOURCES.txt'
[2.914s] writing manifest file '../../../build/tm_get_status/tm_get_status.egg-info/SOURCES.txt'
[2.915s] running build
[2.915s] running build_py
[2.915s] running install
[2.915s] running install_lib
[2.915s] /usr/lib/python3/dist-packages/setuptools/command/install.py:34: SetuptoolsDeprecationWarning: setup.py install is deprecated. Use build and pip and other standards-based tools.
[2.915s]   warnings.warn(
[2.916s] running install_data
[2.917s] running install_egg_info
[2.918s] removing '/home/sazma/ws_future/install/tm_get_status/lib/python3.10/site-packages/tm_get_status-1.0.0-py3.10.egg-info' (and everything under it)
[2.919s] Copying ../../../build/tm_get_status/tm_get_status.egg-info to /home/sazma/ws_future/install/tm_get_status/lib/python3.10/site-packages/tm_get_status-1.0.0-py3.10.egg-info
[2.919s] running install_scripts
[2.940s] Installing image_talker script to /home/sazma/ws_future/install/tm_get_status/lib/tm_get_status
[2.941s] Installing status_talker script to /home/sazma/ws_future/install/tm_get_status/lib/tm_get_status
[2.941s] writing list of installed files to '/home/sazma/ws_future/build/tm_get_status/install.log'
[3.589s] Invoked command in '/home/sazma/ws_future/src/tmr_ros2/techman_robot_get_status' returned '0': PYTHONPATH=/home/sazma/ws_future/build/tm_get_status/prefix_override:/home/sazma/ws_future/install/tm_get_status/lib/python3.10/site-packages:${PYTHONPATH} /usr/bin/python3 setup.py egg_info --egg-base ../../../build/tm_get_status build --build-base /home/sazma/ws_future/build/tm_get_status/build install --record /home/sazma/ws_future/build/tm_get_status/install.log --single-version-externally-managed
