[35m[1mConsolidate compiler generated dependencies of target demo_get_and_control[0m
[ 44%] Built target demo_send_script
[ 44%] Built target demo_set_event
[ 44%] Built target listener
[ 44%] Built target demo_keycontrol
[ 44%] Built target demo_ask_sta
[ 44%] Built target demo_set_io
[ 44%] Built target demo_keyboard_control
[ 50%] Built target demo_set_positions
[ 55%] Built target demo_connect_tm
[ 55%] Built target demo_write_item
[ 61%] Built target demo_ask_item
[ 63%] [32mBuilding CXX object CMakeFiles/demo_get_and_control.dir/src/demo_get_and_control.cpp.o[0m
[ 75%] Built target demo_get_svr_response
[ 75%] Built target demo_get_torque_feedback
[ 80%] Built target demo_get_feedback
[ 86%] Built target demo_leave_listen_node
[ 91%] Built target demo_get_sta_response
[ 97%] Built target demo_get_sct_response
[01m[K/home/sazma/ws_future/src/tmr_ros2/demo/src/demo_get_and_control.cpp:[m[K In function ‘[01m[Kint main(int, char**)[m[K’:
[01m[K/home/sazma/ws_future/src/tmr_ros2/demo/src/demo_get_and_control.cpp:117:1:[m[K [01;35m[Kwarning: [m[Klabel ‘[01m[Kexit_loop[m[K’ defined but not used [[01;35m[K]8;;https://gcc.gnu.org/onlinedocs/gcc/Warning-Options.html#index-Wunused-label-Wunused-label]8;;[m[K]
  117 | [01;35m[Kexit_loop[m[K:
      | [01;35m[K^~~~~~~~~[m[K
[100%] [32m[1mLinking CXX executable demo_get_and_control[0m
[100%] Built target demo_get_and_control
-- Install configuration: ""
-- Installing: /home/sazma/ws_future/install/demo/lib/demo/demo_get_and_control
-- Set runtime path of "/home/sazma/ws_future/install/demo/lib/demo/demo_get_and_control" to ""
-- Up-to-date: /home/sazma/ws_future/install/demo/lib/demo/listener
-- Up-to-date: /home/sazma/ws_future/install/demo/lib/demo/demo_send_script
-- Up-to-date: /home/sazma/ws_future/install/demo/lib/demo/demo_keyboard_control
-- Up-to-date: /home/sazma/ws_future/install/demo/lib/demo/demo_keycontrol
-- Up-to-date: /home/sazma/ws_future/install/demo/lib/demo/demo_ask_sta
-- Up-to-date: /home/sazma/ws_future/install/demo/lib/demo/demo_connect_tm
-- Up-to-date: /home/sazma/ws_future/install/demo/lib/demo/demo_set_event
-- Up-to-date: /home/sazma/ws_future/install/demo/lib/demo/demo_set_io
-- Up-to-date: /home/sazma/ws_future/install/demo/lib/demo/demo_set_positions
-- Up-to-date: /home/sazma/ws_future/install/demo/lib/demo/demo_write_item
-- Up-to-date: /home/sazma/ws_future/install/demo/lib/demo/demo_ask_item
-- Up-to-date: /home/sazma/ws_future/install/demo/lib/demo/demo_get_feedback
-- Up-to-date: /home/sazma/ws_future/install/demo/lib/demo/demo_get_torque_feedback
-- Up-to-date: /home/sazma/ws_future/install/demo/lib/demo/demo_get_sct_response
-- Up-to-date: /home/sazma/ws_future/install/demo/lib/demo/demo_get_sta_response
-- Up-to-date: /home/sazma/ws_future/install/demo/lib/demo/demo_get_svr_response
-- Up-to-date: /home/sazma/ws_future/install/demo/lib/demo/demo_leave_listen_node
-- Up-to-date: /home/sazma/ws_future/install/demo/share/ament_index/resource_index/package_run_dependencies/demo
-- Up-to-date: /home/sazma/ws_future/install/demo/share/ament_index/resource_index/parent_prefix_path/demo
-- Up-to-date: /home/sazma/ws_future/install/demo/share/demo/environment/ament_prefix_path.sh
-- Up-to-date: /home/sazma/ws_future/install/demo/share/demo/environment/ament_prefix_path.dsv
-- Up-to-date: /home/sazma/ws_future/install/demo/share/demo/environment/path.sh
-- Up-to-date: /home/sazma/ws_future/install/demo/share/demo/environment/path.dsv
-- Up-to-date: /home/sazma/ws_future/install/demo/share/demo/local_setup.bash
-- Up-to-date: /home/sazma/ws_future/install/demo/share/demo/local_setup.sh
-- Up-to-date: /home/sazma/ws_future/install/demo/share/demo/local_setup.zsh
-- Up-to-date: /home/sazma/ws_future/install/demo/share/demo/local_setup.dsv
-- Installing: /home/sazma/ws_future/install/demo/share/demo/package.dsv
-- Up-to-date: /home/sazma/ws_future/install/demo/share/ament_index/resource_index/packages/demo
-- Up-to-date: /home/sazma/ws_future/install/demo/share/demo/cmake/demoConfig.cmake
-- Up-to-date: /home/sazma/ws_future/install/demo/share/demo/cmake/demoConfig-version.cmake
-- Up-to-date: /home/sazma/ws_future/install/demo/share/demo/package.xml
