[3.347s] Invoking command in '/home/sazma/ws_future/src/tmr_ros2/tm_mod_urdf': PYTHONPATH=/home/sazma/ws_future/build/tm_mod_urdf/prefix_override:/home/sazma/ws_future/install/tm_mod_urdf/lib/python3.10/site-packages:${PYTHONPATH} /usr/bin/python3 setup.py egg_info --egg-base ../../../build/tm_mod_urdf build --build-base /home/sazma/ws_future/build/tm_mod_urdf/build install --record /home/sazma/ws_future/build/tm_mod_urdf/install.log --single-version-externally-managed
[3.771s] running egg_info
[3.795s] writing ../../../build/tm_mod_urdf/tm_mod_urdf.egg-info/PKG-INFO
[3.795s] writing dependency_links to ../../../build/tm_mod_urdf/tm_mod_urdf.egg-info/dependency_links.txt
[3.796s] writing entry points to ../../../build/tm_mod_urdf/tm_mod_urdf.egg-info/entry_points.txt
[3.796s] writing requirements to ../../../build/tm_mod_urdf/tm_mod_urdf.egg-info/requires.txt
[3.796s] writing top-level names to ../../../build/tm_mod_urdf/tm_mod_urdf.egg-info/top_level.txt
[3.834s] reading manifest file '../../../build/tm_mod_urdf/tm_mod_urdf.egg-info/SOURCES.txt'
[3.836s] writing manifest file '../../../build/tm_mod_urdf/tm_mod_urdf.egg-info/SOURCES.txt'
[3.836s] running build
[3.836s] running build_py
[3.836s] running install
[3.837s] /home/sazma/.local/lib/python3.10/site-packages/setuptools/_distutils/cmd.py:66: SetuptoolsDeprecationWarning: setup.py install is deprecated.
[3.837s] !!
[3.837s] 
[3.837s]         ********************************************************************************
[3.837s]         Please avoid running ``setup.py`` directly.
[3.838s]         Instead, use pypa/build, pypa/installer or other
[3.838s]         standards-based tools.
[3.838s] 
[3.838s]         See https://blog.ganssle.io/articles/2021/10/setup-py-deprecated.html for details.
[3.838s]         ********************************************************************************
[3.838s] 
[3.838s] !!
[3.838s]   self.initialize_options()
[3.844s] running install_lib
[3.861s] running install_data
[3.879s] running install_egg_info
[3.898s] removing '/home/sazma/ws_future/install/tm_mod_urdf/lib/python3.10/site-packages/tm_mod_urdf-1.0.0-py3.10.egg-info' (and everything under it)
[3.898s] Copying ../../../build/tm_mod_urdf/tm_mod_urdf.egg-info to /home/sazma/ws_future/install/tm_mod_urdf/lib/python3.10/site-packages/tm_mod_urdf-1.0.0-py3.10.egg-info
[3.899s] running install_scripts
[4.130s] Installing modify_urdf script to /home/sazma/ws_future/install/tm_mod_urdf/lib/tm_mod_urdf
[4.130s] Installing modify_xacro script to /home/sazma/ws_future/install/tm_mod_urdf/lib/tm_mod_urdf
[4.131s] writing list of installed files to '/home/sazma/ws_future/build/tm_mod_urdf/install.log'
[4.814s] Invoked command in '/home/sazma/ws_future/src/tmr_ros2/tm_mod_urdf' returned '0': PYTHONPATH=/home/sazma/ws_future/build/tm_mod_urdf/prefix_override:/home/sazma/ws_future/install/tm_mod_urdf/lib/python3.10/site-packages:${PYTHONPATH} /usr/bin/python3 setup.py egg_info --egg-base ../../../build/tm_mod_urdf build --build-base /home/sazma/ws_future/build/tm_mod_urdf/build install --record /home/sazma/ws_future/build/tm_mod_urdf/install.log --single-version-externally-managed
