running egg_info
creating ../../../build/tm_get_status/tm_get_status.egg-info
writing ../../../build/tm_get_status/tm_get_status.egg-info/PKG-INFO
writing dependency_links to ../../../build/tm_get_status/tm_get_status.egg-info/dependency_links.txt
writing entry points to ../../../build/tm_get_status/tm_get_status.egg-info/entry_points.txt
writing requirements to ../../../build/tm_get_status/tm_get_status.egg-info/requires.txt
writing top-level names to ../../../build/tm_get_status/tm_get_status.egg-info/top_level.txt
writing manifest file '../../../build/tm_get_status/tm_get_status.egg-info/SOURCES.txt'
reading manifest file '../../../build/tm_get_status/tm_get_status.egg-info/SOURCES.txt'
writing manifest file '../../../build/tm_get_status/tm_get_status.egg-info/SOURCES.txt'
running build
running build_py
creating /home/sazma/ws_future/build/tm_get_status/build
creating /home/sazma/ws_future/build/tm_get_status/build/lib
creating /home/sazma/ws_future/build/tm_get_status/build/lib/tm_get_status
copying tm_get_status/translate_jason_to_list.py -> /home/sazma/ws_future/build/tm_get_status/build/lib/tm_get_status
copying tm_get_status/image_pub.py -> /home/sazma/ws_future/build/tm_get_status/build/lib/tm_get_status
copying tm_get_status/__init__.py -> /home/sazma/ws_future/build/tm_get_status/build/lib/tm_get_status
copying tm_get_status/get_status.py -> /home/sazma/ws_future/build/tm_get_status/build/lib/tm_get_status
running install
/usr/lib/python3/dist-packages/setuptools/command/install.py:34: SetuptoolsDeprecationWarning: setup.py install is deprecated. Use build and pip and other standards-based tools.
  warnings.warn(
running install_lib
creating /home/sazma/ws_future/install/tm_get_status/lib/python3.10/site-packages/tm_get_status
copying /home/sazma/ws_future/build/tm_get_status/build/lib/tm_get_status/translate_jason_to_list.py -> /home/sazma/ws_future/install/tm_get_status/lib/python3.10/site-packages/tm_get_status
copying /home/sazma/ws_future/build/tm_get_status/build/lib/tm_get_status/image_pub.py -> /home/sazma/ws_future/install/tm_get_status/lib/python3.10/site-packages/tm_get_status
copying /home/sazma/ws_future/build/tm_get_status/build/lib/tm_get_status/__init__.py -> /home/sazma/ws_future/install/tm_get_status/lib/python3.10/site-packages/tm_get_status
copying /home/sazma/ws_future/build/tm_get_status/build/lib/tm_get_status/get_status.py -> /home/sazma/ws_future/install/tm_get_status/lib/python3.10/site-packages/tm_get_status
byte-compiling /home/sazma/ws_future/install/tm_get_status/lib/python3.10/site-packages/tm_get_status/translate_jason_to_list.py to translate_jason_to_list.cpython-310.pyc
byte-compiling /home/sazma/ws_future/install/tm_get_status/lib/python3.10/site-packages/tm_get_status/image_pub.py to image_pub.cpython-310.pyc
byte-compiling /home/sazma/ws_future/install/tm_get_status/lib/python3.10/site-packages/tm_get_status/__init__.py to __init__.cpython-310.pyc
byte-compiling /home/sazma/ws_future/install/tm_get_status/lib/python3.10/site-packages/tm_get_status/get_status.py to get_status.cpython-310.pyc
running install_data
creating /home/sazma/ws_future/install/tm_get_status/share/ament_index
creating /home/sazma/ws_future/install/tm_get_status/share/ament_index/resource_index
creating /home/sazma/ws_future/install/tm_get_status/share/ament_index/resource_index/packages
copying resource/tm_get_status -> /home/sazma/ws_future/install/tm_get_status/share/ament_index/resource_index/packages
copying package.xml -> /home/sazma/ws_future/install/tm_get_status/share/tm_get_status
running install_egg_info
Copying ../../../build/tm_get_status/tm_get_status.egg-info to /home/sazma/ws_future/install/tm_get_status/lib/python3.10/site-packages/tm_get_status-1.0.0-py3.10.egg-info
running install_scripts
Installing image_talker script to /home/sazma/ws_future/install/tm_get_status/lib/tm_get_status
Installing status_talker script to /home/sazma/ws_future/install/tm_get_status/lib/tm_get_status
writing list of installed files to '/home/sazma/ws_future/build/tm_get_status/install.log'
