[1.451s] Invoking command in '/home/sazma/ws_future/src/tmr_ros2/techman_robot_get_status': PYTHONPATH=/home/sazma/ws_future/build/tm_get_status/prefix_override:/home/sazma/ws_future/install/tm_get_status/lib/python3.10/site-packages:${PYTHONPATH} /usr/bin/python3 setup.py egg_info --egg-base ../../../build/tm_get_status build --build-base /home/sazma/ws_future/build/tm_get_status/build install --record /home/sazma/ws_future/build/tm_get_status/install.log --single-version-externally-managed
[1.720s] running egg_info
[1.720s] creating ../../../build/tm_get_status/tm_get_status.egg-info
[1.721s] writing ../../../build/tm_get_status/tm_get_status.egg-info/PKG-INFO
[1.721s] writing dependency_links to ../../../build/tm_get_status/tm_get_status.egg-info/dependency_links.txt
[1.721s] writing entry points to ../../../build/tm_get_status/tm_get_status.egg-info/entry_points.txt
[1.721s] writing requirements to ../../../build/tm_get_status/tm_get_status.egg-info/requires.txt
[1.721s] writing top-level names to ../../../build/tm_get_status/tm_get_status.egg-info/top_level.txt
[1.722s] writing manifest file '../../../build/tm_get_status/tm_get_status.egg-info/SOURCES.txt'
[1.723s] reading manifest file '../../../build/tm_get_status/tm_get_status.egg-info/SOURCES.txt'
[1.723s] writing manifest file '../../../build/tm_get_status/tm_get_status.egg-info/SOURCES.txt'
[1.723s] running build
[1.724s] running build_py
[1.724s] creating /home/sazma/ws_future/build/tm_get_status/build
[1.724s] creating /home/sazma/ws_future/build/tm_get_status/build/lib
[1.724s] creating /home/sazma/ws_future/build/tm_get_status/build/lib/tm_get_status
[1.724s] copying tm_get_status/translate_jason_to_list.py -> /home/sazma/ws_future/build/tm_get_status/build/lib/tm_get_status
[1.724s] copying tm_get_status/image_pub.py -> /home/sazma/ws_future/build/tm_get_status/build/lib/tm_get_status
[1.724s] copying tm_get_status/__init__.py -> /home/sazma/ws_future/build/tm_get_status/build/lib/tm_get_status
[1.725s] copying tm_get_status/get_status.py -> /home/sazma/ws_future/build/tm_get_status/build/lib/tm_get_status
[1.725s] running install
[1.725s] /usr/lib/python3/dist-packages/setuptools/command/install.py:34: SetuptoolsDeprecationWarning: setup.py install is deprecated. Use build and pip and other standards-based tools.
[1.725s]   warnings.warn(
[1.725s] running install_lib
[1.726s] creating /home/sazma/ws_future/install/tm_get_status/lib/python3.10/site-packages/tm_get_status
[1.726s] copying /home/sazma/ws_future/build/tm_get_status/build/lib/tm_get_status/translate_jason_to_list.py -> /home/sazma/ws_future/install/tm_get_status/lib/python3.10/site-packages/tm_get_status
[1.726s] copying /home/sazma/ws_future/build/tm_get_status/build/lib/tm_get_status/image_pub.py -> /home/sazma/ws_future/install/tm_get_status/lib/python3.10/site-packages/tm_get_status
[1.726s] copying /home/sazma/ws_future/build/tm_get_status/build/lib/tm_get_status/__init__.py -> /home/sazma/ws_future/install/tm_get_status/lib/python3.10/site-packages/tm_get_status
[1.726s] copying /home/sazma/ws_future/build/tm_get_status/build/lib/tm_get_status/get_status.py -> /home/sazma/ws_future/install/tm_get_status/lib/python3.10/site-packages/tm_get_status
[1.727s] byte-compiling /home/sazma/ws_future/install/tm_get_status/lib/python3.10/site-packages/tm_get_status/translate_jason_to_list.py to translate_jason_to_list.cpython-310.pyc
[1.728s] byte-compiling /home/sazma/ws_future/install/tm_get_status/lib/python3.10/site-packages/tm_get_status/image_pub.py to image_pub.cpython-310.pyc
[1.729s] byte-compiling /home/sazma/ws_future/install/tm_get_status/lib/python3.10/site-packages/tm_get_status/__init__.py to __init__.cpython-310.pyc
[1.729s] byte-compiling /home/sazma/ws_future/install/tm_get_status/lib/python3.10/site-packages/tm_get_status/get_status.py to get_status.cpython-310.pyc
[1.730s] running install_data
[1.730s] creating /home/sazma/ws_future/install/tm_get_status/share/ament_index
[1.730s] creating /home/sazma/ws_future/install/tm_get_status/share/ament_index/resource_index
[1.730s] creating /home/sazma/ws_future/install/tm_get_status/share/ament_index/resource_index/packages
[1.731s] copying resource/tm_get_status -> /home/sazma/ws_future/install/tm_get_status/share/ament_index/resource_index/packages
[1.731s] copying package.xml -> /home/sazma/ws_future/install/tm_get_status/share/tm_get_status
[1.731s] running install_egg_info
[1.733s] Copying ../../../build/tm_get_status/tm_get_status.egg-info to /home/sazma/ws_future/install/tm_get_status/lib/python3.10/site-packages/tm_get_status-1.0.0-py3.10.egg-info
[1.734s] running install_scripts
[1.755s] Installing image_talker script to /home/sazma/ws_future/install/tm_get_status/lib/tm_get_status
[1.756s] Installing status_talker script to /home/sazma/ws_future/install/tm_get_status/lib/tm_get_status
[1.756s] writing list of installed files to '/home/sazma/ws_future/build/tm_get_status/install.log'
[2.230s] Invoked command in '/home/sazma/ws_future/src/tmr_ros2/techman_robot_get_status' returned '0': PYTHONPATH=/home/sazma/ws_future/build/tm_get_status/prefix_override:/home/sazma/ws_future/install/tm_get_status/lib/python3.10/site-packages:${PYTHONPATH} /usr/bin/python3 setup.py egg_info --egg-base ../../../build/tm_get_status build --build-base /home/sazma/ws_future/build/tm_get_status/build install --record /home/sazma/ws_future/build/tm_get_status/install.log --single-version-externally-managed
