[0.662s] Invoking command in '/home/sazma/ws_future/build/tm_msgs': CMAKE_PREFIX_PATH=${CMAKE_PREFIX_PATH}:/home/sazma/ws_future/install/tm_mod_urdf:/home/sazma/ws_future/install/tm_get_status:/home/sazma/ws_future/install/moveit_configs_utils:/opt/ros/humble /usr/bin/cmake --build /home/sazma/ws_future/build/tm_msgs -- -j12 -l12
[0.770s] [  0%] Built target tm_msgs__cpp
[0.772s] [ 12%] Built target tm_msgs__rosidl_generator_c
[0.804s] [ 12%] Built target ament_cmake_python_copy_tm_msgs
[0.820s] [ 24%] Built target tm_msgs__rosidl_typesupport_cpp
[0.834s] [ 35%] Built target tm_msgs__rosidl_typesupport_fastrtps_cpp
[0.841s] [ 47%] Built target tm_msgs__rosidl_typesupport_introspection_cpp
[0.890s] [ 59%] Built target tm_msgs__rosidl_typesupport_introspection_c
[0.890s] [ 71%] Built target tm_msgs__rosidl_typesupport_fastrtps_c
[0.891s] [ 83%] Built target tm_msgs__rosidl_typesupport_c
[0.924s] [ 83%] Built target tm_msgs
[0.924s] [ 84%] Built target tm_msgs__py
[0.952s] [ 95%] Built target tm_msgs__rosidl_generator_py
[0.982s] [ 99%] Built target tm_msgs__rosidl_typesupport_introspection_c__pyext
[0.982s] [ 99%] Built target tm_msgs__rosidl_typesupport_fastrtps_c__pyext
[0.986s] [100%] Built target tm_msgs__rosidl_typesupport_c__pyext
[1.151s] running egg_info
[1.151s] writing tm_msgs.egg-info/PKG-INFO
[1.152s] writing dependency_links to tm_msgs.egg-info/dependency_links.txt
[1.152s] writing top-level names to tm_msgs.egg-info/top_level.txt
[1.153s] reading manifest file 'tm_msgs.egg-info/SOURCES.txt'
[1.153s] writing manifest file 'tm_msgs.egg-info/SOURCES.txt'
[1.180s] [100%] Built target ament_cmake_python_build_tm_msgs_egg
[1.731s] Invoked command in '/home/sazma/ws_future/build/tm_msgs' returned '0': CMAKE_PREFIX_PATH=${CMAKE_PREFIX_PATH}:/home/sazma/ws_future/install/tm_mod_urdf:/home/sazma/ws_future/install/tm_get_status:/home/sazma/ws_future/install/moveit_configs_utils:/opt/ros/humble /usr/bin/cmake --build /home/sazma/ws_future/build/tm_msgs -- -j12 -l12
[2.712s] Invoking command in '/home/sazma/ws_future/build/tm_msgs': CMAKE_PREFIX_PATH=${CMAKE_PREFIX_PATH}:/home/sazma/ws_future/install/tm_mod_urdf:/home/sazma/ws_future/install/tm_get_status:/home/sazma/ws_future/install/moveit_configs_utils:/opt/ros/humble /usr/bin/cmake --install /home/sazma/ws_future/build/tm_msgs
[2.814s] -- Install configuration: ""
[2.814s] -- Up-to-date: /home/sazma/ws_future/install/tm_msgs/share/ament_index/resource_index/rosidl_interfaces/tm_msgs
[2.814s] -- Up-to-date: /home/sazma/ws_future/install/tm_msgs/include/tm_msgs/tm_msgs
[2.814s] -- Up-to-date: /home/sazma/ws_future/install/tm_msgs/include/tm_msgs/tm_msgs/msg
[2.814s] -- Up-to-date: /home/sazma/ws_future/install/tm_msgs/include/tm_msgs/tm_msgs/msg/rosidl_generator_c__visibility_control.h
[2.815s] -- Up-to-date: /home/sazma/ws_future/install/tm_msgs/include/tm_msgs/tm_msgs/msg/feedback_state.h
[2.815s] -- Up-to-date: /home/sazma/ws_future/install/tm_msgs/include/tm_msgs/tm_msgs/msg/detail
[2.815s] -- Up-to-date: /home/sazma/ws_future/install/tm_msgs/include/tm_msgs/tm_msgs/msg/detail/sta_response__type_support.h
[2.815s] -- Up-to-date: /home/sazma/ws_future/install/tm_msgs/include/tm_msgs/tm_msgs/msg/detail/svr_response__type_support.h
[2.815s] -- Up-to-date: /home/sazma/ws_future/install/tm_msgs/include/tm_msgs/tm_msgs/msg/detail/sct_response__type_support.h
[2.815s] -- Up-to-date: /home/sazma/ws_future/install/tm_msgs/include/tm_msgs/tm_msgs/msg/detail/sct_response__struct.h
[2.815s] -- Up-to-date: /home/sazma/ws_future/install/tm_msgs/include/tm_msgs/tm_msgs/msg/detail/feedback_state__functions.h
[2.815s] -- Up-to-date: /home/sazma/ws_future/install/tm_msgs/include/tm_msgs/tm_msgs/msg/detail/svr_response__functions.h
[2.816s] -- Up-to-date: /home/sazma/ws_future/install/tm_msgs/include/tm_msgs/tm_msgs/msg/detail/svr_response__functions.c
[2.816s] -- Up-to-date: /home/sazma/ws_future/install/tm_msgs/include/tm_msgs/tm_msgs/msg/detail/sct_response__functions.h
[2.816s] -- Up-to-date: /home/sazma/ws_future/install/tm_msgs/include/tm_msgs/tm_msgs/msg/detail/sta_response__struct.h
[2.817s] -- Up-to-date: /home/sazma/ws_future/install/tm_msgs/include/tm_msgs/tm_msgs/msg/detail/svr_response__struct.h
[2.817s] -- Up-to-date: /home/sazma/ws_future/install/tm_msgs/include/tm_msgs/tm_msgs/msg/detail/sta_response__functions.c
[2.817s] -- Up-to-date: /home/sazma/ws_future/install/tm_msgs/include/tm_msgs/tm_msgs/msg/detail/feedback_state__type_support.h
[2.817s] -- Up-to-date: /home/sazma/ws_future/install/tm_msgs/include/tm_msgs/tm_msgs/msg/detail/feedback_state__struct.h
[2.817s] -- Up-to-date: /home/sazma/ws_future/install/tm_msgs/include/tm_msgs/tm_msgs/msg/detail/sct_response__functions.c
[2.817s] -- Up-to-date: /home/sazma/ws_future/install/tm_msgs/include/tm_msgs/tm_msgs/msg/detail/sta_response__functions.h
[2.818s] -- Up-to-date: /home/sazma/ws_future/install/tm_msgs/include/tm_msgs/tm_msgs/msg/detail/feedback_state__functions.c
[2.818s] -- Up-to-date: /home/sazma/ws_future/install/tm_msgs/include/tm_msgs/tm_msgs/msg/sct_response.h
[2.818s] -- Up-to-date: /home/sazma/ws_future/install/tm_msgs/include/tm_msgs/tm_msgs/msg/svr_response.h
[2.818s] -- Up-to-date: /home/sazma/ws_future/install/tm_msgs/include/tm_msgs/tm_msgs/msg/sta_response.h
[2.818s] -- Up-to-date: /home/sazma/ws_future/install/tm_msgs/include/tm_msgs/tm_msgs/srv
[2.818s] -- Up-to-date: /home/sazma/ws_future/install/tm_msgs/include/tm_msgs/tm_msgs/srv/send_script.h
[2.818s] -- Up-to-date: /home/sazma/ws_future/install/tm_msgs/include/tm_msgs/tm_msgs/srv/detail
[2.818s] -- Up-to-date: /home/sazma/ws_future/install/tm_msgs/include/tm_msgs/tm_msgs/srv/detail/ask_sta__functions.c
[2.818s] -- Up-to-date: /home/sazma/ws_future/install/tm_msgs/include/tm_msgs/tm_msgs/srv/detail/set_io__type_support.h
[2.818s] -- Up-to-date: /home/sazma/ws_future/install/tm_msgs/include/tm_msgs/tm_msgs/srv/detail/ask_sta__type_support.h
[2.818s] -- Up-to-date: /home/sazma/ws_future/install/tm_msgs/include/tm_msgs/tm_msgs/srv/detail/connect_tm__type_support.h
[2.818s] -- Up-to-date: /home/sazma/ws_future/install/tm_msgs/include/tm_msgs/tm_msgs/srv/detail/ask_sta__struct.h
[2.818s] -- Up-to-date: /home/sazma/ws_future/install/tm_msgs/include/tm_msgs/tm_msgs/srv/detail/ask_sta__functions.h
[2.819s] -- Up-to-date: /home/sazma/ws_future/install/tm_msgs/include/tm_msgs/tm_msgs/srv/detail/write_item__type_support.h
[2.819s] -- Up-to-date: /home/sazma/ws_future/install/tm_msgs/include/tm_msgs/tm_msgs/srv/detail/set_positions__functions.h
[2.819s] -- Up-to-date: /home/sazma/ws_future/install/tm_msgs/include/tm_msgs/tm_msgs/srv/detail/ask_item__type_support.h
[2.819s] -- Up-to-date: /home/sazma/ws_future/install/tm_msgs/include/tm_msgs/tm_msgs/srv/detail/set_event__type_support.h
[2.819s] -- Up-to-date: /home/sazma/ws_future/install/tm_msgs/include/tm_msgs/tm_msgs/srv/detail/connect_tm__struct.h
[2.819s] -- Up-to-date: /home/sazma/ws_future/install/tm_msgs/include/tm_msgs/tm_msgs/srv/detail/set_positions__functions.c
[2.820s] -- Up-to-date: /home/sazma/ws_future/install/tm_msgs/include/tm_msgs/tm_msgs/srv/detail/set_io__functions.c
[2.820s] -- Up-to-date: /home/sazma/ws_future/install/tm_msgs/include/tm_msgs/tm_msgs/srv/detail/send_script__struct.h
[2.820s] -- Up-to-date: /home/sazma/ws_future/install/tm_msgs/include/tm_msgs/tm_msgs/srv/detail/set_event__struct.h
[2.820s] -- Up-to-date: /home/sazma/ws_future/install/tm_msgs/include/tm_msgs/tm_msgs/srv/detail/write_item__struct.h
[2.820s] -- Up-to-date: /home/sazma/ws_future/install/tm_msgs/include/tm_msgs/tm_msgs/srv/detail/write_item__functions.h
[2.820s] -- Up-to-date: /home/sazma/ws_future/install/tm_msgs/include/tm_msgs/tm_msgs/srv/detail/ask_item__struct.h
[2.820s] -- Up-to-date: /home/sazma/ws_future/install/tm_msgs/include/tm_msgs/tm_msgs/srv/detail/set_io__struct.h
[2.820s] -- Up-to-date: /home/sazma/ws_future/install/tm_msgs/include/tm_msgs/tm_msgs/srv/detail/ask_item__functions.c
[2.820s] -- Up-to-date: /home/sazma/ws_future/install/tm_msgs/include/tm_msgs/tm_msgs/srv/detail/connect_tm__functions.c
[2.820s] -- Up-to-date: /home/sazma/ws_future/install/tm_msgs/include/tm_msgs/tm_msgs/srv/detail/set_event__functions.c
[2.821s] -- Up-to-date: /home/sazma/ws_future/install/tm_msgs/include/tm_msgs/tm_msgs/srv/detail/ask_item__functions.h
[2.821s] -- Up-to-date: /home/sazma/ws_future/install/tm_msgs/include/tm_msgs/tm_msgs/srv/detail/set_positions__type_support.h
[2.821s] -- Up-to-date: /home/sazma/ws_future/install/tm_msgs/include/tm_msgs/tm_msgs/srv/detail/write_item__functions.c
[2.821s] -- Up-to-date: /home/sazma/ws_future/install/tm_msgs/include/tm_msgs/tm_msgs/srv/detail/set_event__functions.h
[2.821s] -- Up-to-date: /home/sazma/ws_future/install/tm_msgs/include/tm_msgs/tm_msgs/srv/detail/send_script__functions.h
[2.821s] -- Up-to-date: /home/sazma/ws_future/install/tm_msgs/include/tm_msgs/tm_msgs/srv/detail/set_positions__struct.h
[2.821s] -- Up-to-date: /home/sazma/ws_future/install/tm_msgs/include/tm_msgs/tm_msgs/srv/detail/send_script__functions.c
[2.821s] -- Up-to-date: /home/sazma/ws_future/install/tm_msgs/include/tm_msgs/tm_msgs/srv/detail/set_io__functions.h
[2.821s] -- Up-to-date: /home/sazma/ws_future/install/tm_msgs/include/tm_msgs/tm_msgs/srv/detail/send_script__type_support.h
[2.821s] -- Up-to-date: /home/sazma/ws_future/install/tm_msgs/include/tm_msgs/tm_msgs/srv/detail/connect_tm__functions.h
[2.822s] -- Up-to-date: /home/sazma/ws_future/install/tm_msgs/include/tm_msgs/tm_msgs/srv/write_item.h
[2.822s] -- Up-to-date: /home/sazma/ws_future/install/tm_msgs/include/tm_msgs/tm_msgs/srv/set_io.h
[2.822s] -- Up-to-date: /home/sazma/ws_future/install/tm_msgs/include/tm_msgs/tm_msgs/srv/ask_sta.h
[2.822s] -- Up-to-date: /home/sazma/ws_future/install/tm_msgs/include/tm_msgs/tm_msgs/srv/set_event.h
[2.822s] -- Up-to-date: /home/sazma/ws_future/install/tm_msgs/include/tm_msgs/tm_msgs/srv/connect_tm.h
[2.822s] -- Up-to-date: /home/sazma/ws_future/install/tm_msgs/include/tm_msgs/tm_msgs/srv/ask_item.h
[2.822s] -- Up-to-date: /home/sazma/ws_future/install/tm_msgs/include/tm_msgs/tm_msgs/srv/set_positions.h
[2.822s] -- Up-to-date: /home/sazma/ws_future/install/tm_msgs/share/tm_msgs/environment/library_path.sh
[2.822s] -- Up-to-date: /home/sazma/ws_future/install/tm_msgs/share/tm_msgs/environment/library_path.dsv
[2.822s] -- Up-to-date: /home/sazma/ws_future/install/tm_msgs/lib/libtm_msgs__rosidl_generator_c.so
[2.823s] -- Up-to-date: /home/sazma/ws_future/install/tm_msgs/include/tm_msgs/tm_msgs
[2.823s] -- Up-to-date: /home/sazma/ws_future/install/tm_msgs/include/tm_msgs/tm_msgs/msg
[2.823s] -- Up-to-date: /home/sazma/ws_future/install/tm_msgs/include/tm_msgs/tm_msgs/msg/detail
[2.823s] -- Up-to-date: /home/sazma/ws_future/install/tm_msgs/include/tm_msgs/tm_msgs/msg/detail/svr_response__rosidl_typesupport_fastrtps_c.h
[2.823s] -- Up-to-date: /home/sazma/ws_future/install/tm_msgs/include/tm_msgs/tm_msgs/msg/detail/sta_response__rosidl_typesupport_fastrtps_c.h
[2.823s] -- Up-to-date: /home/sazma/ws_future/install/tm_msgs/include/tm_msgs/tm_msgs/msg/detail/sct_response__rosidl_typesupport_fastrtps_c.h
[2.823s] -- Up-to-date: /home/sazma/ws_future/install/tm_msgs/include/tm_msgs/tm_msgs/msg/detail/feedback_state__rosidl_typesupport_fastrtps_c.h
[2.823s] -- Up-to-date: /home/sazma/ws_future/install/tm_msgs/include/tm_msgs/tm_msgs/msg/rosidl_typesupport_fastrtps_c__visibility_control.h
[2.823s] -- Up-to-date: /home/sazma/ws_future/install/tm_msgs/include/tm_msgs/tm_msgs/srv
[2.823s] -- Up-to-date: /home/sazma/ws_future/install/tm_msgs/include/tm_msgs/tm_msgs/srv/detail
[2.824s] -- Up-to-date: /home/sazma/ws_future/install/tm_msgs/include/tm_msgs/tm_msgs/srv/detail/connect_tm__rosidl_typesupport_fastrtps_c.h
[2.824s] -- Up-to-date: /home/sazma/ws_future/install/tm_msgs/include/tm_msgs/tm_msgs/srv/detail/send_script__rosidl_typesupport_fastrtps_c.h
[2.824s] -- Up-to-date: /home/sazma/ws_future/install/tm_msgs/include/tm_msgs/tm_msgs/srv/detail/set_positions__rosidl_typesupport_fastrtps_c.h
[2.824s] -- Up-to-date: /home/sazma/ws_future/install/tm_msgs/include/tm_msgs/tm_msgs/srv/detail/ask_item__rosidl_typesupport_fastrtps_c.h
[2.824s] -- Up-to-date: /home/sazma/ws_future/install/tm_msgs/include/tm_msgs/tm_msgs/srv/detail/set_event__rosidl_typesupport_fastrtps_c.h
[2.824s] -- Up-to-date: /home/sazma/ws_future/install/tm_msgs/include/tm_msgs/tm_msgs/srv/detail/set_io__rosidl_typesupport_fastrtps_c.h
[2.824s] -- Up-to-date: /home/sazma/ws_future/install/tm_msgs/include/tm_msgs/tm_msgs/srv/detail/ask_sta__rosidl_typesupport_fastrtps_c.h
[2.825s] -- Up-to-date: /home/sazma/ws_future/install/tm_msgs/include/tm_msgs/tm_msgs/srv/detail/write_item__rosidl_typesupport_fastrtps_c.h
[2.825s] -- Up-to-date: /home/sazma/ws_future/install/tm_msgs/lib/libtm_msgs__rosidl_typesupport_fastrtps_c.so
[2.825s] -- Up-to-date: /home/sazma/ws_future/install/tm_msgs/include/tm_msgs/tm_msgs
[2.825s] -- Up-to-date: /home/sazma/ws_future/install/tm_msgs/include/tm_msgs/tm_msgs/msg
[2.825s] -- Up-to-date: /home/sazma/ws_future/install/tm_msgs/include/tm_msgs/tm_msgs/msg/sct_response.hpp
[2.825s] -- Up-to-date: /home/sazma/ws_future/install/tm_msgs/include/tm_msgs/tm_msgs/msg/detail
[2.825s] -- Up-to-date: /home/sazma/ws_future/install/tm_msgs/include/tm_msgs/tm_msgs/msg/detail/sct_response__builder.hpp
[2.825s] -- Up-to-date: /home/sazma/ws_future/install/tm_msgs/include/tm_msgs/tm_msgs/msg/detail/sct_response__struct.hpp
[2.825s] -- Up-to-date: /home/sazma/ws_future/install/tm_msgs/include/tm_msgs/tm_msgs/msg/detail/sta_response__traits.hpp
[2.825s] -- Up-to-date: /home/sazma/ws_future/install/tm_msgs/include/tm_msgs/tm_msgs/msg/detail/svr_response__builder.hpp
[2.825s] -- Up-to-date: /home/sazma/ws_future/install/tm_msgs/include/tm_msgs/tm_msgs/msg/detail/feedback_state__traits.hpp
[2.826s] -- Up-to-date: /home/sazma/ws_future/install/tm_msgs/include/tm_msgs/tm_msgs/msg/detail/svr_response__struct.hpp
[2.826s] -- Up-to-date: /home/sazma/ws_future/install/tm_msgs/include/tm_msgs/tm_msgs/msg/detail/feedback_state__struct.hpp
[2.826s] -- Up-to-date: /home/sazma/ws_future/install/tm_msgs/include/tm_msgs/tm_msgs/msg/detail/feedback_state__builder.hpp
[2.826s] -- Up-to-date: /home/sazma/ws_future/install/tm_msgs/include/tm_msgs/tm_msgs/msg/detail/sta_response__struct.hpp
[2.826s] -- Up-to-date: /home/sazma/ws_future/install/tm_msgs/include/tm_msgs/tm_msgs/msg/detail/sct_response__traits.hpp
[2.826s] -- Up-to-date: /home/sazma/ws_future/install/tm_msgs/include/tm_msgs/tm_msgs/msg/detail/sta_response__builder.hpp
[2.826s] -- Up-to-date: /home/sazma/ws_future/install/tm_msgs/include/tm_msgs/tm_msgs/msg/detail/svr_response__traits.hpp
[2.826s] -- Up-to-date: /home/sazma/ws_future/install/tm_msgs/include/tm_msgs/tm_msgs/msg/feedback_state.hpp
[2.826s] -- Up-to-date: /home/sazma/ws_future/install/tm_msgs/include/tm_msgs/tm_msgs/msg/svr_response.hpp
[2.826s] -- Up-to-date: /home/sazma/ws_future/install/tm_msgs/include/tm_msgs/tm_msgs/msg/sta_response.hpp
[2.826s] -- Up-to-date: /home/sazma/ws_future/install/tm_msgs/include/tm_msgs/tm_msgs/srv
[2.827s] -- Up-to-date: /home/sazma/ws_future/install/tm_msgs/include/tm_msgs/tm_msgs/srv/set_positions.hpp
[2.827s] -- Up-to-date: /home/sazma/ws_future/install/tm_msgs/include/tm_msgs/tm_msgs/srv/set_io.hpp
[2.827s] -- Up-to-date: /home/sazma/ws_future/install/tm_msgs/include/tm_msgs/tm_msgs/srv/ask_item.hpp
[2.827s] -- Up-to-date: /home/sazma/ws_future/install/tm_msgs/include/tm_msgs/tm_msgs/srv/detail
[2.827s] -- Up-to-date: /home/sazma/ws_future/install/tm_msgs/include/tm_msgs/tm_msgs/srv/detail/set_positions__traits.hpp
[2.827s] -- Up-to-date: /home/sazma/ws_future/install/tm_msgs/include/tm_msgs/tm_msgs/srv/detail/send_script__traits.hpp
[2.827s] -- Up-to-date: /home/sazma/ws_future/install/tm_msgs/include/tm_msgs/tm_msgs/srv/detail/set_io__struct.hpp
[2.827s] -- Up-to-date: /home/sazma/ws_future/install/tm_msgs/include/tm_msgs/tm_msgs/srv/detail/ask_sta__struct.hpp
[2.827s] -- Up-to-date: /home/sazma/ws_future/install/tm_msgs/include/tm_msgs/tm_msgs/srv/detail/ask_item__traits.hpp
[2.827s] -- Up-to-date: /home/sazma/ws_future/install/tm_msgs/include/tm_msgs/tm_msgs/srv/detail/set_event__traits.hpp
[2.828s] -- Up-to-date: /home/sazma/ws_future/install/tm_msgs/include/tm_msgs/tm_msgs/srv/detail/set_event__builder.hpp
[2.828s] -- Up-to-date: /home/sazma/ws_future/install/tm_msgs/include/tm_msgs/tm_msgs/srv/detail/connect_tm__traits.hpp
[2.828s] -- Up-to-date: /home/sazma/ws_future/install/tm_msgs/include/tm_msgs/tm_msgs/srv/detail/connect_tm__struct.hpp
[2.828s] -- Up-to-date: /home/sazma/ws_future/install/tm_msgs/include/tm_msgs/tm_msgs/srv/detail/send_script__struct.hpp
[2.828s] -- Up-to-date: /home/sazma/ws_future/install/tm_msgs/include/tm_msgs/tm_msgs/srv/detail/ask_sta__builder.hpp
[2.828s] -- Up-to-date: /home/sazma/ws_future/install/tm_msgs/include/tm_msgs/tm_msgs/srv/detail/connect_tm__builder.hpp
[2.828s] -- Up-to-date: /home/sazma/ws_future/install/tm_msgs/include/tm_msgs/tm_msgs/srv/detail/set_event__struct.hpp
[2.828s] -- Up-to-date: /home/sazma/ws_future/install/tm_msgs/include/tm_msgs/tm_msgs/srv/detail/write_item__builder.hpp
[2.828s] -- Up-to-date: /home/sazma/ws_future/install/tm_msgs/include/tm_msgs/tm_msgs/srv/detail/write_item__traits.hpp
[2.828s] -- Up-to-date: /home/sazma/ws_future/install/tm_msgs/include/tm_msgs/tm_msgs/srv/detail/write_item__struct.hpp
[2.828s] -- Up-to-date: /home/sazma/ws_future/install/tm_msgs/include/tm_msgs/tm_msgs/srv/detail/ask_sta__traits.hpp
[2.829s] -- Up-to-date: /home/sazma/ws_future/install/tm_msgs/include/tm_msgs/tm_msgs/srv/detail/set_io__builder.hpp
[2.829s] -- Up-to-date: /home/sazma/ws_future/install/tm_msgs/include/tm_msgs/tm_msgs/srv/detail/set_positions__builder.hpp
[2.829s] -- Up-to-date: /home/sazma/ws_future/install/tm_msgs/include/tm_msgs/tm_msgs/srv/detail/ask_item__builder.hpp
[2.829s] -- Up-to-date: /home/sazma/ws_future/install/tm_msgs/include/tm_msgs/tm_msgs/srv/detail/ask_item__struct.hpp
[2.829s] -- Up-to-date: /home/sazma/ws_future/install/tm_msgs/include/tm_msgs/tm_msgs/srv/detail/send_script__builder.hpp
[2.829s] -- Up-to-date: /home/sazma/ws_future/install/tm_msgs/include/tm_msgs/tm_msgs/srv/detail/set_io__traits.hpp
[2.829s] -- Up-to-date: /home/sazma/ws_future/install/tm_msgs/include/tm_msgs/tm_msgs/srv/detail/set_positions__struct.hpp
[2.829s] -- Up-to-date: /home/sazma/ws_future/install/tm_msgs/include/tm_msgs/tm_msgs/srv/connect_tm.hpp
[2.829s] -- Up-to-date: /home/sazma/ws_future/install/tm_msgs/include/tm_msgs/tm_msgs/srv/send_script.hpp
[2.829s] -- Up-to-date: /home/sazma/ws_future/install/tm_msgs/include/tm_msgs/tm_msgs/srv/ask_sta.hpp
[2.830s] -- Up-to-date: /home/sazma/ws_future/install/tm_msgs/include/tm_msgs/tm_msgs/srv/set_event.hpp
[2.830s] -- Up-to-date: /home/sazma/ws_future/install/tm_msgs/include/tm_msgs/tm_msgs/srv/write_item.hpp
[2.830s] -- Up-to-date: /home/sazma/ws_future/install/tm_msgs/include/tm_msgs/tm_msgs
[2.830s] -- Up-to-date: /home/sazma/ws_future/install/tm_msgs/include/tm_msgs/tm_msgs/msg
[2.830s] -- Up-to-date: /home/sazma/ws_future/install/tm_msgs/include/tm_msgs/tm_msgs/msg/detail
[2.830s] -- Up-to-date: /home/sazma/ws_future/install/tm_msgs/include/tm_msgs/tm_msgs/msg/detail/svr_response__rosidl_typesupport_fastrtps_cpp.hpp
[2.830s] -- Up-to-date: /home/sazma/ws_future/install/tm_msgs/include/tm_msgs/tm_msgs/msg/detail/feedback_state__rosidl_typesupport_fastrtps_cpp.hpp
[2.830s] -- Up-to-date: /home/sazma/ws_future/install/tm_msgs/include/tm_msgs/tm_msgs/msg/detail/sta_response__rosidl_typesupport_fastrtps_cpp.hpp
[2.830s] -- Up-to-date: /home/sazma/ws_future/install/tm_msgs/include/tm_msgs/tm_msgs/msg/detail/sct_response__rosidl_typesupport_fastrtps_cpp.hpp
[2.830s] -- Up-to-date: /home/sazma/ws_future/install/tm_msgs/include/tm_msgs/tm_msgs/msg/detail/dds_fastrtps
[2.830s] -- Up-to-date: /home/sazma/ws_future/install/tm_msgs/include/tm_msgs/tm_msgs/msg/rosidl_typesupport_fastrtps_cpp__visibility_control.h
[2.831s] -- Up-to-date: /home/sazma/ws_future/install/tm_msgs/include/tm_msgs/tm_msgs/srv
[2.831s] -- Up-to-date: /home/sazma/ws_future/install/tm_msgs/include/tm_msgs/tm_msgs/srv/detail
[2.831s] -- Up-to-date: /home/sazma/ws_future/install/tm_msgs/include/tm_msgs/tm_msgs/srv/detail/ask_sta__rosidl_typesupport_fastrtps_cpp.hpp
[2.831s] -- Up-to-date: /home/sazma/ws_future/install/tm_msgs/include/tm_msgs/tm_msgs/srv/detail/set_event__rosidl_typesupport_fastrtps_cpp.hpp
[2.831s] -- Up-to-date: /home/sazma/ws_future/install/tm_msgs/include/tm_msgs/tm_msgs/srv/detail/set_io__rosidl_typesupport_fastrtps_cpp.hpp
[2.831s] -- Up-to-date: /home/sazma/ws_future/install/tm_msgs/include/tm_msgs/tm_msgs/srv/detail/send_script__rosidl_typesupport_fastrtps_cpp.hpp
[2.831s] -- Up-to-date: /home/sazma/ws_future/install/tm_msgs/include/tm_msgs/tm_msgs/srv/detail/connect_tm__rosidl_typesupport_fastrtps_cpp.hpp
[2.831s] -- Up-to-date: /home/sazma/ws_future/install/tm_msgs/include/tm_msgs/tm_msgs/srv/detail/set_positions__rosidl_typesupport_fastrtps_cpp.hpp
[2.831s] -- Up-to-date: /home/sazma/ws_future/install/tm_msgs/include/tm_msgs/tm_msgs/srv/detail/write_item__rosidl_typesupport_fastrtps_cpp.hpp
[2.831s] -- Up-to-date: /home/sazma/ws_future/install/tm_msgs/include/tm_msgs/tm_msgs/srv/detail/ask_item__rosidl_typesupport_fastrtps_cpp.hpp
[2.831s] -- Up-to-date: /home/sazma/ws_future/install/tm_msgs/include/tm_msgs/tm_msgs/srv/detail/dds_fastrtps
[2.831s] -- Up-to-date: /home/sazma/ws_future/install/tm_msgs/lib/libtm_msgs__rosidl_typesupport_fastrtps_cpp.so
[2.831s] -- Up-to-date: /home/sazma/ws_future/install/tm_msgs/include/tm_msgs/tm_msgs
[2.831s] -- Up-to-date: /home/sazma/ws_future/install/tm_msgs/include/tm_msgs/tm_msgs/msg
[2.831s] -- Up-to-date: /home/sazma/ws_future/install/tm_msgs/include/tm_msgs/tm_msgs/msg/detail
[2.831s] -- Up-to-date: /home/sazma/ws_future/install/tm_msgs/include/tm_msgs/tm_msgs/msg/detail/sta_response__type_support.c
[2.832s] -- Up-to-date: /home/sazma/ws_future/install/tm_msgs/include/tm_msgs/tm_msgs/msg/detail/feedback_state__type_support.c
[2.832s] -- Up-to-date: /home/sazma/ws_future/install/tm_msgs/include/tm_msgs/tm_msgs/msg/detail/sct_response__rosidl_typesupport_introspection_c.h
[2.832s] -- Up-to-date: /home/sazma/ws_future/install/tm_msgs/include/tm_msgs/tm_msgs/msg/detail/sta_response__rosidl_typesupport_introspection_c.h
[2.832s] -- Up-to-date: /home/sazma/ws_future/install/tm_msgs/include/tm_msgs/tm_msgs/msg/detail/svr_response__type_support.c
[2.832s] -- Up-to-date: /home/sazma/ws_future/install/tm_msgs/include/tm_msgs/tm_msgs/msg/detail/sct_response__type_support.c
[2.832s] -- Up-to-date: /home/sazma/ws_future/install/tm_msgs/include/tm_msgs/tm_msgs/msg/detail/svr_response__rosidl_typesupport_introspection_c.h
[2.832s] -- Up-to-date: /home/sazma/ws_future/install/tm_msgs/include/tm_msgs/tm_msgs/msg/detail/feedback_state__rosidl_typesupport_introspection_c.h
[2.832s] -- Up-to-date: /home/sazma/ws_future/install/tm_msgs/include/tm_msgs/tm_msgs/msg/rosidl_typesupport_introspection_c__visibility_control.h
[2.832s] -- Up-to-date: /home/sazma/ws_future/install/tm_msgs/include/tm_msgs/tm_msgs/srv
[2.832s] -- Up-to-date: /home/sazma/ws_future/install/tm_msgs/include/tm_msgs/tm_msgs/srv/detail
[2.832s] -- Up-to-date: /home/sazma/ws_future/install/tm_msgs/include/tm_msgs/tm_msgs/srv/detail/set_positions__rosidl_typesupport_introspection_c.h
[2.832s] -- Up-to-date: /home/sazma/ws_future/install/tm_msgs/include/tm_msgs/tm_msgs/srv/detail/write_item__rosidl_typesupport_introspection_c.h
[2.832s] -- Up-to-date: /home/sazma/ws_future/install/tm_msgs/include/tm_msgs/tm_msgs/srv/detail/set_event__type_support.c
[2.832s] -- Up-to-date: /home/sazma/ws_future/install/tm_msgs/include/tm_msgs/tm_msgs/srv/detail/connect_tm__type_support.c
[2.832s] -- Up-to-date: /home/sazma/ws_future/install/tm_msgs/include/tm_msgs/tm_msgs/srv/detail/set_event__rosidl_typesupport_introspection_c.h
[2.832s] -- Up-to-date: /home/sazma/ws_future/install/tm_msgs/include/tm_msgs/tm_msgs/srv/detail/set_io__rosidl_typesupport_introspection_c.h
[2.832s] -- Up-to-date: /home/sazma/ws_future/install/tm_msgs/include/tm_msgs/tm_msgs/srv/detail/send_script__rosidl_typesupport_introspection_c.h
[2.832s] -- Up-to-date: /home/sazma/ws_future/install/tm_msgs/include/tm_msgs/tm_msgs/srv/detail/connect_tm__rosidl_typesupport_introspection_c.h
[2.833s] -- Up-to-date: /home/sazma/ws_future/install/tm_msgs/include/tm_msgs/tm_msgs/srv/detail/ask_item__rosidl_typesupport_introspection_c.h
[2.833s] -- Up-to-date: /home/sazma/ws_future/install/tm_msgs/include/tm_msgs/tm_msgs/srv/detail/write_item__type_support.c
[2.833s] -- Up-to-date: /home/sazma/ws_future/install/tm_msgs/include/tm_msgs/tm_msgs/srv/detail/send_script__type_support.c
[2.833s] -- Up-to-date: /home/sazma/ws_future/install/tm_msgs/include/tm_msgs/tm_msgs/srv/detail/ask_sta__rosidl_typesupport_introspection_c.h
[2.833s] -- Up-to-date: /home/sazma/ws_future/install/tm_msgs/include/tm_msgs/tm_msgs/srv/detail/ask_item__type_support.c
[2.833s] -- Up-to-date: /home/sazma/ws_future/install/tm_msgs/include/tm_msgs/tm_msgs/srv/detail/set_positions__type_support.c
[2.833s] -- Up-to-date: /home/sazma/ws_future/install/tm_msgs/include/tm_msgs/tm_msgs/srv/detail/ask_sta__type_support.c
[2.833s] -- Up-to-date: /home/sazma/ws_future/install/tm_msgs/include/tm_msgs/tm_msgs/srv/detail/set_io__type_support.c
[2.833s] -- Up-to-date: /home/sazma/ws_future/install/tm_msgs/lib/libtm_msgs__rosidl_typesupport_introspection_c.so
[2.833s] -- Up-to-date: /home/sazma/ws_future/install/tm_msgs/lib/libtm_msgs__rosidl_typesupport_c.so
[2.833s] -- Up-to-date: /home/sazma/ws_future/install/tm_msgs/include/tm_msgs/tm_msgs
[2.833s] -- Up-to-date: /home/sazma/ws_future/install/tm_msgs/include/tm_msgs/tm_msgs/msg
[2.833s] -- Up-to-date: /home/sazma/ws_future/install/tm_msgs/include/tm_msgs/tm_msgs/msg/detail
[2.833s] -- Up-to-date: /home/sazma/ws_future/install/tm_msgs/include/tm_msgs/tm_msgs/msg/detail/sct_response__rosidl_typesupport_introspection_cpp.hpp
[2.833s] -- Up-to-date: /home/sazma/ws_future/install/tm_msgs/include/tm_msgs/tm_msgs/msg/detail/svr_response__rosidl_typesupport_introspection_cpp.hpp
[2.833s] -- Up-to-date: /home/sazma/ws_future/install/tm_msgs/include/tm_msgs/tm_msgs/msg/detail/sct_response__type_support.cpp
[2.833s] -- Up-to-date: /home/sazma/ws_future/install/tm_msgs/include/tm_msgs/tm_msgs/msg/detail/sta_response__rosidl_typesupport_introspection_cpp.hpp
[2.834s] -- Up-to-date: /home/sazma/ws_future/install/tm_msgs/include/tm_msgs/tm_msgs/msg/detail/sta_response__type_support.cpp
[2.834s] -- Up-to-date: /home/sazma/ws_future/install/tm_msgs/include/tm_msgs/tm_msgs/msg/detail/svr_response__type_support.cpp
[2.834s] -- Up-to-date: /home/sazma/ws_future/install/tm_msgs/include/tm_msgs/tm_msgs/msg/detail/feedback_state__rosidl_typesupport_introspection_cpp.hpp
[2.834s] -- Up-to-date: /home/sazma/ws_future/install/tm_msgs/include/tm_msgs/tm_msgs/msg/detail/feedback_state__type_support.cpp
[2.834s] -- Up-to-date: /home/sazma/ws_future/install/tm_msgs/include/tm_msgs/tm_msgs/srv
[2.834s] -- Up-to-date: /home/sazma/ws_future/install/tm_msgs/include/tm_msgs/tm_msgs/srv/detail
[2.834s] -- Up-to-date: /home/sazma/ws_future/install/tm_msgs/include/tm_msgs/tm_msgs/srv/detail/set_positions__type_support.cpp
[2.834s] -- Up-to-date: /home/sazma/ws_future/install/tm_msgs/include/tm_msgs/tm_msgs/srv/detail/ask_sta__type_support.cpp
[2.834s] -- Up-to-date: /home/sazma/ws_future/install/tm_msgs/include/tm_msgs/tm_msgs/srv/detail/send_script__type_support.cpp
[2.834s] -- Up-to-date: /home/sazma/ws_future/install/tm_msgs/include/tm_msgs/tm_msgs/srv/detail/connect_tm__type_support.cpp
[2.834s] -- Up-to-date: /home/sazma/ws_future/install/tm_msgs/include/tm_msgs/tm_msgs/srv/detail/write_item__type_support.cpp
[2.834s] -- Up-to-date: /home/sazma/ws_future/install/tm_msgs/include/tm_msgs/tm_msgs/srv/detail/send_script__rosidl_typesupport_introspection_cpp.hpp
[2.834s] -- Up-to-date: /home/sazma/ws_future/install/tm_msgs/include/tm_msgs/tm_msgs/srv/detail/set_positions__rosidl_typesupport_introspection_cpp.hpp
[2.834s] -- Up-to-date: /home/sazma/ws_future/install/tm_msgs/include/tm_msgs/tm_msgs/srv/detail/write_item__rosidl_typesupport_introspection_cpp.hpp
[2.834s] -- Up-to-date: /home/sazma/ws_future/install/tm_msgs/include/tm_msgs/tm_msgs/srv/detail/ask_sta__rosidl_typesupport_introspection_cpp.hpp
[2.834s] -- Up-to-date: /home/sazma/ws_future/install/tm_msgs/include/tm_msgs/tm_msgs/srv/detail/set_io__rosidl_typesupport_introspection_cpp.hpp
[2.835s] -- Up-to-date: /home/sazma/ws_future/install/tm_msgs/include/tm_msgs/tm_msgs/srv/detail/set_event__type_support.cpp
[2.835s] -- Up-to-date: /home/sazma/ws_future/install/tm_msgs/include/tm_msgs/tm_msgs/srv/detail/connect_tm__rosidl_typesupport_introspection_cpp.hpp
[2.835s] -- Up-to-date: /home/sazma/ws_future/install/tm_msgs/include/tm_msgs/tm_msgs/srv/detail/ask_item__type_support.cpp
[2.835s] -- Up-to-date: /home/sazma/ws_future/install/tm_msgs/include/tm_msgs/tm_msgs/srv/detail/set_io__type_support.cpp
[2.835s] -- Up-to-date: /home/sazma/ws_future/install/tm_msgs/include/tm_msgs/tm_msgs/srv/detail/set_event__rosidl_typesupport_introspection_cpp.hpp
[2.835s] -- Up-to-date: /home/sazma/ws_future/install/tm_msgs/include/tm_msgs/tm_msgs/srv/detail/ask_item__rosidl_typesupport_introspection_cpp.hpp
[2.835s] -- Up-to-date: /home/sazma/ws_future/install/tm_msgs/lib/libtm_msgs__rosidl_typesupport_introspection_cpp.so
[2.835s] -- Up-to-date: /home/sazma/ws_future/install/tm_msgs/lib/libtm_msgs__rosidl_typesupport_cpp.so
[2.835s] -- Up-to-date: /home/sazma/ws_future/install/tm_msgs/share/tm_msgs/environment/pythonpath.sh
[2.835s] -- Up-to-date: /home/sazma/ws_future/install/tm_msgs/share/tm_msgs/environment/pythonpath.dsv
[2.835s] -- Up-to-date: /home/sazma/ws_future/install/tm_msgs/local/lib/python3.10/dist-packages/tm_msgs-1.1.2-py3.10.egg-info
[2.835s] -- Installing: /home/sazma/ws_future/install/tm_msgs/local/lib/python3.10/dist-packages/tm_msgs-1.1.2-py3.10.egg-info/SOURCES.txt
[2.835s] -- Installing: /home/sazma/ws_future/install/tm_msgs/local/lib/python3.10/dist-packages/tm_msgs-1.1.2-py3.10.egg-info/dependency_links.txt
[2.835s] -- Installing: /home/sazma/ws_future/install/tm_msgs/local/lib/python3.10/dist-packages/tm_msgs-1.1.2-py3.10.egg-info/top_level.txt
[2.835s] -- Installing: /home/sazma/ws_future/install/tm_msgs/local/lib/python3.10/dist-packages/tm_msgs-1.1.2-py3.10.egg-info/PKG-INFO
[2.836s] -- Up-to-date: /home/sazma/ws_future/install/tm_msgs/local/lib/python3.10/dist-packages/tm_msgs
[2.836s] -- Up-to-date: /home/sazma/ws_future/install/tm_msgs/local/lib/python3.10/dist-packages/tm_msgs/tm_msgs_s__rosidl_typesupport_fastrtps_c.cpython-310-x86_64-linux-gnu.so
[2.836s] -- Up-to-date: /home/sazma/ws_future/install/tm_msgs/local/lib/python3.10/dist-packages/tm_msgs/libtm_msgs__rosidl_generator_py.so
[2.836s] -- Up-to-date: /home/sazma/ws_future/install/tm_msgs/local/lib/python3.10/dist-packages/tm_msgs/msg
[2.836s] -- Up-to-date: /home/sazma/ws_future/install/tm_msgs/local/lib/python3.10/dist-packages/tm_msgs/msg/_svr_response_s.c
[2.836s] -- Up-to-date: /home/sazma/ws_future/install/tm_msgs/local/lib/python3.10/dist-packages/tm_msgs/msg/_svr_response.py
[2.836s] -- Up-to-date: /home/sazma/ws_future/install/tm_msgs/local/lib/python3.10/dist-packages/tm_msgs/msg/_feedback_state_s.c
[2.836s] -- Up-to-date: /home/sazma/ws_future/install/tm_msgs/local/lib/python3.10/dist-packages/tm_msgs/msg/__init__.py
[2.836s] -- Up-to-date: /home/sazma/ws_future/install/tm_msgs/local/lib/python3.10/dist-packages/tm_msgs/msg/_sta_response.py
[2.836s] -- Up-to-date: /home/sazma/ws_future/install/tm_msgs/local/lib/python3.10/dist-packages/tm_msgs/msg/_sct_response.py
[2.836s] -- Up-to-date: /home/sazma/ws_future/install/tm_msgs/local/lib/python3.10/dist-packages/tm_msgs/msg/_feedback_state.py
[2.836s] -- Up-to-date: /home/sazma/ws_future/install/tm_msgs/local/lib/python3.10/dist-packages/tm_msgs/msg/_sta_response_s.c
[2.836s] -- Up-to-date: /home/sazma/ws_future/install/tm_msgs/local/lib/python3.10/dist-packages/tm_msgs/msg/_sct_response_s.c
[2.836s] -- Up-to-date: /home/sazma/ws_future/install/tm_msgs/local/lib/python3.10/dist-packages/tm_msgs/__init__.py
[2.836s] -- Up-to-date: /home/sazma/ws_future/install/tm_msgs/local/lib/python3.10/dist-packages/tm_msgs/_tm_msgs_s.ep.rosidl_typesupport_introspection_c.c
[2.836s] -- Up-to-date: /home/sazma/ws_future/install/tm_msgs/local/lib/python3.10/dist-packages/tm_msgs/_tm_msgs_s.ep.rosidl_typesupport_fastrtps_c.c
[2.837s] -- Up-to-date: /home/sazma/ws_future/install/tm_msgs/local/lib/python3.10/dist-packages/tm_msgs/tm_msgs_s__rosidl_typesupport_c.cpython-310-x86_64-linux-gnu.so
[2.837s] -- Up-to-date: /home/sazma/ws_future/install/tm_msgs/local/lib/python3.10/dist-packages/tm_msgs/_tm_msgs_s.ep.rosidl_typesupport_c.c
[2.837s] -- Up-to-date: /home/sazma/ws_future/install/tm_msgs/local/lib/python3.10/dist-packages/tm_msgs/srv
[2.837s] -- Up-to-date: /home/sazma/ws_future/install/tm_msgs/local/lib/python3.10/dist-packages/tm_msgs/srv/_write_item.py
[2.837s] -- Up-to-date: /home/sazma/ws_future/install/tm_msgs/local/lib/python3.10/dist-packages/tm_msgs/srv/_connect_tm_s.c
[2.837s] -- Up-to-date: /home/sazma/ws_future/install/tm_msgs/local/lib/python3.10/dist-packages/tm_msgs/srv/_set_event.py
[2.837s] -- Up-to-date: /home/sazma/ws_future/install/tm_msgs/local/lib/python3.10/dist-packages/tm_msgs/srv/_set_io_s.c
[2.837s] -- Up-to-date: /home/sazma/ws_future/install/tm_msgs/local/lib/python3.10/dist-packages/tm_msgs/srv/__init__.py
[2.837s] -- Up-to-date: /home/sazma/ws_future/install/tm_msgs/local/lib/python3.10/dist-packages/tm_msgs/srv/_set_event_s.c
[2.837s] -- Up-to-date: /home/sazma/ws_future/install/tm_msgs/local/lib/python3.10/dist-packages/tm_msgs/srv/_send_script_s.c
[2.837s] -- Up-to-date: /home/sazma/ws_future/install/tm_msgs/local/lib/python3.10/dist-packages/tm_msgs/srv/_set_positions_s.c
[2.837s] -- Up-to-date: /home/sazma/ws_future/install/tm_msgs/local/lib/python3.10/dist-packages/tm_msgs/srv/_set_io.py
[2.837s] -- Up-to-date: /home/sazma/ws_future/install/tm_msgs/local/lib/python3.10/dist-packages/tm_msgs/srv/_ask_sta_s.c
[2.837s] -- Up-to-date: /home/sazma/ws_future/install/tm_msgs/local/lib/python3.10/dist-packages/tm_msgs/srv/_set_positions.py
[2.837s] -- Up-to-date: /home/sazma/ws_future/install/tm_msgs/local/lib/python3.10/dist-packages/tm_msgs/srv/_ask_item_s.c
[2.837s] -- Up-to-date: /home/sazma/ws_future/install/tm_msgs/local/lib/python3.10/dist-packages/tm_msgs/srv/_ask_sta.py
[2.837s] -- Up-to-date: /home/sazma/ws_future/install/tm_msgs/local/lib/python3.10/dist-packages/tm_msgs/srv/_send_script.py
[2.838s] -- Up-to-date: /home/sazma/ws_future/install/tm_msgs/local/lib/python3.10/dist-packages/tm_msgs/srv/_write_item_s.c
[2.838s] -- Up-to-date: /home/sazma/ws_future/install/tm_msgs/local/lib/python3.10/dist-packages/tm_msgs/srv/_connect_tm.py
[2.838s] -- Up-to-date: /home/sazma/ws_future/install/tm_msgs/local/lib/python3.10/dist-packages/tm_msgs/srv/_ask_item.py
[2.838s] -- Up-to-date: /home/sazma/ws_future/install/tm_msgs/local/lib/python3.10/dist-packages/tm_msgs/tm_msgs_s__rosidl_typesupport_introspection_c.cpython-310-x86_64-linux-gnu.so
[2.849s] Listing '/home/sazma/ws_future/install/tm_msgs/local/lib/python3.10/dist-packages/tm_msgs'...
[2.849s] Listing '/home/sazma/ws_future/install/tm_msgs/local/lib/python3.10/dist-packages/tm_msgs/msg'...
[2.849s] Listing '/home/sazma/ws_future/install/tm_msgs/local/lib/python3.10/dist-packages/tm_msgs/srv'...
[2.854s] -- Up-to-date: /home/sazma/ws_future/install/tm_msgs/local/lib/python3.10/dist-packages/tm_msgs/tm_msgs_s__rosidl_typesupport_fastrtps_c.cpython-310-x86_64-linux-gnu.so
[2.854s] -- Up-to-date: /home/sazma/ws_future/install/tm_msgs/local/lib/python3.10/dist-packages/tm_msgs/tm_msgs_s__rosidl_typesupport_introspection_c.cpython-310-x86_64-linux-gnu.so
[2.854s] -- Up-to-date: /home/sazma/ws_future/install/tm_msgs/local/lib/python3.10/dist-packages/tm_msgs/tm_msgs_s__rosidl_typesupport_c.cpython-310-x86_64-linux-gnu.so
[2.854s] -- Up-to-date: /home/sazma/ws_future/install/tm_msgs/lib/libtm_msgs__rosidl_generator_py.so
[2.855s] -- Up-to-date: /home/sazma/ws_future/install/tm_msgs/share/tm_msgs/msg/FeedbackState.idl
[2.855s] -- Up-to-date: /home/sazma/ws_future/install/tm_msgs/share/tm_msgs/msg/SvrResponse.idl
[2.855s] -- Up-to-date: /home/sazma/ws_future/install/tm_msgs/share/tm_msgs/msg/SctResponse.idl
[2.855s] -- Up-to-date: /home/sazma/ws_future/install/tm_msgs/share/tm_msgs/msg/StaResponse.idl
[2.855s] -- Up-to-date: /home/sazma/ws_future/install/tm_msgs/share/tm_msgs/srv/ConnectTM.idl
[2.855s] -- Up-to-date: /home/sazma/ws_future/install/tm_msgs/share/tm_msgs/srv/WriteItem.idl
[2.855s] -- Up-to-date: /home/sazma/ws_future/install/tm_msgs/share/tm_msgs/srv/AskItem.idl
[2.855s] -- Up-to-date: /home/sazma/ws_future/install/tm_msgs/share/tm_msgs/srv/SendScript.idl
[2.855s] -- Up-to-date: /home/sazma/ws_future/install/tm_msgs/share/tm_msgs/srv/SetEvent.idl
[2.855s] -- Up-to-date: /home/sazma/ws_future/install/tm_msgs/share/tm_msgs/srv/SetIO.idl
[2.855s] -- Up-to-date: /home/sazma/ws_future/install/tm_msgs/share/tm_msgs/srv/SetPositions.idl
[2.856s] -- Up-to-date: /home/sazma/ws_future/install/tm_msgs/share/tm_msgs/srv/AskSta.idl
[2.856s] -- Up-to-date: /home/sazma/ws_future/install/tm_msgs/share/tm_msgs/msg/FeedbackState.msg
[2.856s] -- Up-to-date: /home/sazma/ws_future/install/tm_msgs/share/tm_msgs/msg/SvrResponse.msg
[2.856s] -- Up-to-date: /home/sazma/ws_future/install/tm_msgs/share/tm_msgs/msg/SctResponse.msg
[2.856s] -- Up-to-date: /home/sazma/ws_future/install/tm_msgs/share/tm_msgs/msg/StaResponse.msg
[2.856s] -- Up-to-date: /home/sazma/ws_future/install/tm_msgs/share/tm_msgs/srv/ConnectTM.srv
[2.856s] -- Up-to-date: /home/sazma/ws_future/install/tm_msgs/share/tm_msgs/srv/ConnectTM_Request.msg
[2.856s] -- Up-to-date: /home/sazma/ws_future/install/tm_msgs/share/tm_msgs/srv/ConnectTM_Response.msg
[2.856s] -- Up-to-date: /home/sazma/ws_future/install/tm_msgs/share/tm_msgs/srv/WriteItem.srv
[2.857s] -- Up-to-date: /home/sazma/ws_future/install/tm_msgs/share/tm_msgs/srv/WriteItem_Request.msg
[2.857s] -- Up-to-date: /home/sazma/ws_future/install/tm_msgs/share/tm_msgs/srv/WriteItem_Response.msg
[2.857s] -- Up-to-date: /home/sazma/ws_future/install/tm_msgs/share/tm_msgs/srv/AskItem.srv
[2.857s] -- Up-to-date: /home/sazma/ws_future/install/tm_msgs/share/tm_msgs/srv/AskItem_Request.msg
[2.857s] -- Up-to-date: /home/sazma/ws_future/install/tm_msgs/share/tm_msgs/srv/AskItem_Response.msg
[2.857s] -- Up-to-date: /home/sazma/ws_future/install/tm_msgs/share/tm_msgs/srv/SendScript.srv
[2.857s] -- Up-to-date: /home/sazma/ws_future/install/tm_msgs/share/tm_msgs/srv/SendScript_Request.msg
[2.857s] -- Up-to-date: /home/sazma/ws_future/install/tm_msgs/share/tm_msgs/srv/SendScript_Response.msg
[2.858s] -- Up-to-date: /home/sazma/ws_future/install/tm_msgs/share/tm_msgs/srv/SetEvent.srv
[2.858s] -- Up-to-date: /home/sazma/ws_future/install/tm_msgs/share/tm_msgs/srv/SetEvent_Request.msg
[2.858s] -- Up-to-date: /home/sazma/ws_future/install/tm_msgs/share/tm_msgs/srv/SetEvent_Response.msg
[2.858s] -- Up-to-date: /home/sazma/ws_future/install/tm_msgs/share/tm_msgs/srv/SetIO.srv
[2.858s] -- Up-to-date: /home/sazma/ws_future/install/tm_msgs/share/tm_msgs/srv/SetIO_Request.msg
[2.858s] -- Up-to-date: /home/sazma/ws_future/install/tm_msgs/share/tm_msgs/srv/SetIO_Response.msg
[2.858s] -- Up-to-date: /home/sazma/ws_future/install/tm_msgs/share/tm_msgs/srv/SetPositions.srv
[2.858s] -- Up-to-date: /home/sazma/ws_future/install/tm_msgs/share/tm_msgs/srv/SetPositions_Request.msg
[2.858s] -- Up-to-date: /home/sazma/ws_future/install/tm_msgs/share/tm_msgs/srv/SetPositions_Response.msg
[2.858s] -- Up-to-date: /home/sazma/ws_future/install/tm_msgs/share/tm_msgs/srv/AskSta.srv
[2.858s] -- Up-to-date: /home/sazma/ws_future/install/tm_msgs/share/tm_msgs/srv/AskSta_Request.msg
[2.858s] -- Up-to-date: /home/sazma/ws_future/install/tm_msgs/share/tm_msgs/srv/AskSta_Response.msg
[2.858s] -- Up-to-date: /home/sazma/ws_future/install/tm_msgs/share/ament_index/resource_index/package_run_dependencies/tm_msgs
[2.858s] -- Up-to-date: /home/sazma/ws_future/install/tm_msgs/share/ament_index/resource_index/parent_prefix_path/tm_msgs
[2.859s] -- Up-to-date: /home/sazma/ws_future/install/tm_msgs/share/tm_msgs/environment/ament_prefix_path.sh
[2.859s] -- Up-to-date: /home/sazma/ws_future/install/tm_msgs/share/tm_msgs/environment/ament_prefix_path.dsv
[2.859s] -- Up-to-date: /home/sazma/ws_future/install/tm_msgs/share/tm_msgs/environment/path.sh
[2.859s] -- Up-to-date: /home/sazma/ws_future/install/tm_msgs/share/tm_msgs/environment/path.dsv
[2.859s] -- Up-to-date: /home/sazma/ws_future/install/tm_msgs/share/tm_msgs/local_setup.bash
[2.859s] -- Up-to-date: /home/sazma/ws_future/install/tm_msgs/share/tm_msgs/local_setup.sh
[2.859s] -- Up-to-date: /home/sazma/ws_future/install/tm_msgs/share/tm_msgs/local_setup.zsh
[2.859s] -- Up-to-date: /home/sazma/ws_future/install/tm_msgs/share/tm_msgs/local_setup.dsv
[2.859s] -- Installing: /home/sazma/ws_future/install/tm_msgs/share/tm_msgs/package.dsv
[2.859s] -- Up-to-date: /home/sazma/ws_future/install/tm_msgs/share/ament_index/resource_index/packages/tm_msgs
[2.859s] -- Up-to-date: /home/sazma/ws_future/install/tm_msgs/share/tm_msgs/cmake/export_tm_msgs__rosidl_generator_cExport.cmake
[2.859s] -- Up-to-date: /home/sazma/ws_future/install/tm_msgs/share/tm_msgs/cmake/export_tm_msgs__rosidl_generator_cExport-noconfig.cmake
[2.860s] -- Up-to-date: /home/sazma/ws_future/install/tm_msgs/share/tm_msgs/cmake/export_tm_msgs__rosidl_typesupport_fastrtps_cExport.cmake
[2.860s] -- Up-to-date: /home/sazma/ws_future/install/tm_msgs/share/tm_msgs/cmake/export_tm_msgs__rosidl_typesupport_fastrtps_cExport-noconfig.cmake
[2.860s] -- Up-to-date: /home/sazma/ws_future/install/tm_msgs/share/tm_msgs/cmake/export_tm_msgs__rosidl_generator_cppExport.cmake
[2.860s] -- Up-to-date: /home/sazma/ws_future/install/tm_msgs/share/tm_msgs/cmake/export_tm_msgs__rosidl_typesupport_fastrtps_cppExport.cmake
[2.860s] -- Up-to-date: /home/sazma/ws_future/install/tm_msgs/share/tm_msgs/cmake/export_tm_msgs__rosidl_typesupport_fastrtps_cppExport-noconfig.cmake
[2.860s] -- Up-to-date: /home/sazma/ws_future/install/tm_msgs/share/tm_msgs/cmake/tm_msgs__rosidl_typesupport_introspection_cExport.cmake
[2.860s] -- Up-to-date: /home/sazma/ws_future/install/tm_msgs/share/tm_msgs/cmake/tm_msgs__rosidl_typesupport_introspection_cExport-noconfig.cmake
[2.860s] -- Up-to-date: /home/sazma/ws_future/install/tm_msgs/share/tm_msgs/cmake/tm_msgs__rosidl_typesupport_cExport.cmake
[2.860s] -- Up-to-date: /home/sazma/ws_future/install/tm_msgs/share/tm_msgs/cmake/tm_msgs__rosidl_typesupport_cExport-noconfig.cmake
[2.860s] -- Up-to-date: /home/sazma/ws_future/install/tm_msgs/share/tm_msgs/cmake/tm_msgs__rosidl_typesupport_introspection_cppExport.cmake
[2.860s] -- Up-to-date: /home/sazma/ws_future/install/tm_msgs/share/tm_msgs/cmake/tm_msgs__rosidl_typesupport_introspection_cppExport-noconfig.cmake
[2.860s] -- Up-to-date: /home/sazma/ws_future/install/tm_msgs/share/tm_msgs/cmake/tm_msgs__rosidl_typesupport_cppExport.cmake
[2.860s] -- Up-to-date: /home/sazma/ws_future/install/tm_msgs/share/tm_msgs/cmake/tm_msgs__rosidl_typesupport_cppExport-noconfig.cmake
[2.860s] -- Up-to-date: /home/sazma/ws_future/install/tm_msgs/share/tm_msgs/cmake/export_tm_msgs__rosidl_generator_pyExport.cmake
[2.860s] -- Up-to-date: /home/sazma/ws_future/install/tm_msgs/share/tm_msgs/cmake/export_tm_msgs__rosidl_generator_pyExport-noconfig.cmake
[2.861s] -- Up-to-date: /home/sazma/ws_future/install/tm_msgs/share/tm_msgs/cmake/rosidl_cmake-extras.cmake
[2.861s] -- Up-to-date: /home/sazma/ws_future/install/tm_msgs/share/tm_msgs/cmake/ament_cmake_export_dependencies-extras.cmake
[2.861s] -- Up-to-date: /home/sazma/ws_future/install/tm_msgs/share/tm_msgs/cmake/ament_cmake_export_include_directories-extras.cmake
[2.861s] -- Up-to-date: /home/sazma/ws_future/install/tm_msgs/share/tm_msgs/cmake/ament_cmake_export_libraries-extras.cmake
[2.861s] -- Up-to-date: /home/sazma/ws_future/install/tm_msgs/share/tm_msgs/cmake/ament_cmake_export_targets-extras.cmake
[2.861s] -- Up-to-date: /home/sazma/ws_future/install/tm_msgs/share/tm_msgs/cmake/rosidl_cmake_export_typesupport_targets-extras.cmake
[2.861s] -- Up-to-date: /home/sazma/ws_future/install/tm_msgs/share/tm_msgs/cmake/rosidl_cmake_export_typesupport_libraries-extras.cmake
[2.861s] -- Up-to-date: /home/sazma/ws_future/install/tm_msgs/share/tm_msgs/cmake/tm_msgsConfig.cmake
[2.861s] -- Up-to-date: /home/sazma/ws_future/install/tm_msgs/share/tm_msgs/cmake/tm_msgsConfig-version.cmake
[2.861s] -- Up-to-date: /home/sazma/ws_future/install/tm_msgs/share/tm_msgs/package.xml
[3.796s] Invoked command in '/home/sazma/ws_future/build/tm_msgs' returned '0': CMAKE_PREFIX_PATH=${CMAKE_PREFIX_PATH}:/home/sazma/ws_future/install/tm_mod_urdf:/home/sazma/ws_future/install/tm_get_status:/home/sazma/ws_future/install/moveit_configs_utils:/opt/ros/humble /usr/bin/cmake --install /home/sazma/ws_future/build/tm_msgs
