[0.918s] Invoking command in '/home/sazma/ws_future/src/mpu_6050': PYTHONPATH=/home/sazma/ws_future/build/mpu_6050/prefix_override:/home/sazma/ws_future/install/mpu_6050/lib/python3.10/site-packages:${PYTHONPATH} /usr/bin/python3 setup.py egg_info --egg-base ../../build/mpu_6050 build --build-base /home/sazma/ws_future/build/mpu_6050/build install --record /home/sazma/ws_future/build/mpu_6050/install.log --single-version-externally-managed
[1.137s] running egg_info
[1.153s] writing ../../build/mpu_6050/mpu_6050.egg-info/PKG-INFO
[1.153s] writing dependency_links to ../../build/mpu_6050/mpu_6050.egg-info/dependency_links.txt
[1.153s] writing entry points to ../../build/mpu_6050/mpu_6050.egg-info/entry_points.txt
[1.153s] writing requirements to ../../build/mpu_6050/mpu_6050.egg-info/requires.txt
[1.154s] writing top-level names to ../../build/mpu_6050/mpu_6050.egg-info/top_level.txt
[1.186s] reading manifest file '../../build/mpu_6050/mpu_6050.egg-info/SOURCES.txt'
[1.186s] writing manifest file '../../build/mpu_6050/mpu_6050.egg-info/SOURCES.txt'
[1.187s] running build
[1.187s] running build_py
[1.187s] copying mpu_6050/__init__.py -> /home/sazma/ws_future/build/mpu_6050/build/lib/mpu_6050
[1.187s] copying mpu_6050/publisher_node.py -> /home/sazma/ws_future/build/mpu_6050/build/lib/mpu_6050
[1.187s] running install
[1.187s] /home/sazma/.local/lib/python3.10/site-packages/setuptools/_distutils/cmd.py:66: SetuptoolsDeprecationWarning: setup.py install is deprecated.
[1.187s] !!
[1.187s] 
[1.187s]         ********************************************************************************
[1.188s]         Please avoid running ``setup.py`` directly.
[1.188s]         Instead, use pypa/build, pypa/installer or other
[1.188s]         standards-based tools.
[1.188s] 
[1.188s]         See https://blog.ganssle.io/articles/2021/10/setup-py-deprecated.html for details.
[1.188s]         ********************************************************************************
[1.188s] 
[1.188s] !!
[1.188s]   self.initialize_options()
[1.192s] running install_lib
[1.208s] creating /home/sazma/ws_future/install/mpu_6050/lib/python3.10/site-packages/mpu_6050
[1.208s] copying /home/sazma/ws_future/build/mpu_6050/build/lib/mpu_6050/__init__.py -> /home/sazma/ws_future/install/mpu_6050/lib/python3.10/site-packages/mpu_6050
[1.208s] copying /home/sazma/ws_future/build/mpu_6050/build/lib/mpu_6050/publisher_node.py -> /home/sazma/ws_future/install/mpu_6050/lib/python3.10/site-packages/mpu_6050
[1.209s] byte-compiling /home/sazma/ws_future/install/mpu_6050/lib/python3.10/site-packages/mpu_6050/__init__.py to __init__.cpython-310.pyc
[1.209s] byte-compiling /home/sazma/ws_future/install/mpu_6050/lib/python3.10/site-packages/mpu_6050/publisher_node.py to publisher_node.cpython-310.pyc
[1.210s] running install_data
[1.225s] creating /home/sazma/ws_future/install/mpu_6050/share/ament_index
[1.225s] creating /home/sazma/ws_future/install/mpu_6050/share/ament_index/resource_index
[1.225s] creating /home/sazma/ws_future/install/mpu_6050/share/ament_index/resource_index/packages
[1.225s] copying resource/mpu_6050 -> /home/sazma/ws_future/install/mpu_6050/share/ament_index/resource_index/packages
[1.226s] copying package.xml -> /home/sazma/ws_future/install/mpu_6050/share/mpu_6050
[1.226s] running install_egg_info
[1.243s] Copying ../../build/mpu_6050/mpu_6050.egg-info to /home/sazma/ws_future/install/mpu_6050/lib/python3.10/site-packages/mpu_6050-0.0.0-py3.10.egg-info
[1.243s] running install_scripts
[1.392s] Installing publisher_node script to /home/sazma/ws_future/install/mpu_6050/lib/mpu_6050
[1.392s] writing list of installed files to '/home/sazma/ws_future/build/mpu_6050/install.log'
[1.412s] Invoked command in '/home/sazma/ws_future/src/mpu_6050' returned '0': PYTHONPATH=/home/sazma/ws_future/build/mpu_6050/prefix_override:/home/sazma/ws_future/install/mpu_6050/lib/python3.10/site-packages:${PYTHONPATH} /usr/bin/python3 setup.py egg_info --egg-base ../../build/mpu_6050 build --build-base /home/sazma/ws_future/build/mpu_6050/build install --record /home/sazma/ws_future/build/mpu_6050/install.log --single-version-externally-managed
