[35m[1mConsolidate compiler generated dependencies of target demo_get_and_control[0m
[ 47%] Built target listener
[ 47%] Built target demo_send_script
[ 50%] Built target demo_ask_item
[ 52%] Built target demo_set_io
[ 47%] Built target demo_set_positions
[ 61%] Built target demo_ask_sta
[ 61%] Built target demo_set_event
[ 47%] Built target demo_connect_tm
[ 61%] Built target demo_keycontrol
[ 61%] Built target demo_keyboard_control
[ 61%] Built target demo_write_item
[ 63%] [32mBuilding CXX object CMakeFiles/demo_get_and_control.dir/src/demo_get_and_control.cpp.o[0m
[ 80%] Built target demo_get_sct_response
[ 80%] Built target demo_leave_listen_node
[ 80%] Built target demo_get_torque_feedback
[ 86%] Built target demo_get_feedback
[ 91%] Built target demo_get_sta_response
[ 97%] Built target demo_get_svr_response
[01m[K/home/sazma/ws_future/src/tmr_ros2/demo/src/demo_get_and_control.cpp:[m[K In function ‘[01m[Kint main(int, char**)[m[K’:
[01m[K/home/sazma/ws_future/src/tmr_ros2/demo/src/demo_get_and_control.cpp:104:31:[m[K [01;31m[Kerror: [m[K‘[01m[Kbool MinimalSubscriber::new_data_received_[m[K’ is private within this context
  104 |       if (minimal_subscriber->[01;31m[Knew_data_received_[m[K) {
      |                               [01;31m[K^~~~~~~~~~~~~~~~~~[m[K
[01m[K/home/sazma/ws_future/src/tmr_ros2/demo/src/demo_get_and_control.cpp:40:10:[m[K [01;36m[Knote: [m[Kdeclared private here
   40 |     bool [01;36m[Knew_data_received_[m[K = false;
      |          [01;36m[K^~~~~~~~~~~~~~~~~~[m[K
[01m[K/home/sazma/ws_future/src/tmr_ros2/demo/src/demo_get_and_control.cpp:105:33:[m[K [01;31m[Kerror: [m[K‘[01m[Kbool MinimalSubscriber::new_data_received_[m[K’ is private within this context
  105 |             minimal_subscriber->[01;31m[Knew_data_received_[m[K = false;
      |                                 [01;31m[K^~~~~~~~~~~~~~~~~~[m[K
[01m[K/home/sazma/ws_future/src/tmr_ros2/demo/src/demo_get_and_control.cpp:40:10:[m[K [01;36m[Knote: [m[Kdeclared private here
   40 |     bool [01;36m[Knew_data_received_[m[K = false;
      |          [01;36m[K^~~~~~~~~~~~~~~~~~[m[K
[01m[K/home/sazma/ws_future/src/tmr_ros2/demo/src/demo_get_and_control.cpp:85:9:[m[K [01;35m[Kwarning: [m[Kunused variable ‘[01m[Ki[m[K’ [[01;35m[K]8;;https://gcc.gnu.org/onlinedocs/gcc/Warning-Options.html#index-Wunused-variable-Wunused-variable]8;;[m[K]
   85 |     int [01;35m[Ki[m[K = 0;
      |         [01;35m[K^[m[K
[01m[K/home/sazma/ws_future/src/tmr_ros2/demo/src/demo_get_and_control.cpp:121:1:[m[K [01;35m[Kwarning: [m[Klabel ‘[01m[Kexit_loop[m[K’ defined but not used [[01;35m[K]8;;https://gcc.gnu.org/onlinedocs/gcc/Warning-Options.html#index-Wunused-label-Wunused-label]8;;[m[K]
  121 | [01;35m[Kexit_loop[m[K:
      | [01;35m[K^~~~~~~~~[m[K
gmake[2]: *** [CMakeFiles/demo_get_and_control.dir/build.make:76: CMakeFiles/demo_get_and_control.dir/src/demo_get_and_control.cpp.o] Error 1
gmake[1]: *** [CMakeFiles/Makefile2:171: CMakeFiles/demo_get_and_control.dir/all] Error 2
gmake: *** [Makefile:146: all] Error 2
