[0.500s] Invoking command in '/home/sazma/ws_future/build/rviz_visual_tools': CMAKE_PREFIX_PATH=${CMAKE_PREFIX_PATH}:/home/sazma/ws_future/install/tm_mod_urdf:/home/sazma/ws_future/install/tm_get_status:/home/sazma/ws_tm/install/tm_mod_urdf:/home/sazma/ws_tm/install/tm_get_status:/opt/ros/humble /usr/bin/cmake /home/sazma/ws_future/src/rviz_visual_tools -DCMAKE_INSTALL_PREFIX=/home/sazma/ws_future/install/rviz_visual_tools
[0.851s] -- The C compiler identification is GNU 11.4.0
[0.851s] -- The CXX compiler identification is GNU 11.4.0
[0.852s] -- Detecting C compiler ABI info
[0.852s] -- Detecting C compiler ABI info - done
[0.852s] -- Check for working C compiler: /usr/bin/cc - skipped
[0.852s] -- Detecting C compile features
[0.852s] -- Detecting C compile features - done
[0.852s] -- Detecting CXX compiler ABI info
[0.910s] -- Detecting CXX compiler ABI info - done
[0.917s] -- Check for working CXX compiler: /usr/bin/c++ - skipped
[0.917s] -- Detecting CXX compile features
[0.918s] -- Detecting CXX compile features - done
[0.922s] -- Found ament_cmake: 1.3.5 (/opt/ros/humble/share/ament_cmake/cmake)
[1.148s] -- Found Python3: /usr/bin/python3.10 (found version "3.10.12") found components: Interpreter 
[1.317s] -- Found rclcpp: 16.0.6 (/opt/ros/humble/share/rclcpp/cmake)
[1.394s] -- Found rosidl_generator_c: 3.1.5 (/opt/ros/humble/share/rosidl_generator_c/cmake)
[1.403s] -- Found rosidl_adapter: 3.1.5 (/opt/ros/humble/share/rosidl_adapter/cmake)
[1.414s] -- Found rosidl_generator_cpp: 3.1.5 (/opt/ros/humble/share/rosidl_generator_cpp/cmake)
[1.435s] -- Using all available rosidl_typesupport_c: rosidl_typesupport_fastrtps_c;rosidl_typesupport_introspection_c
[1.461s] -- Using all available rosidl_typesupport_cpp: rosidl_typesupport_fastrtps_cpp;rosidl_typesupport_introspection_cpp
[1.554s] -- Found rmw_implementation_cmake: 6.1.1 (/opt/ros/humble/share/rmw_implementation_cmake/cmake)
[1.559s] -- Found rmw_fastrtps_cpp: 6.2.4 (/opt/ros/humble/share/rmw_fastrtps_cpp/cmake)
[1.684s] -- Found OpenSSL: /usr/lib/x86_64-linux-gnu/libcrypto.so (found version "3.0.2")  
[1.699s] -- Found FastRTPS: /opt/ros/humble/include  
[1.756s] -- Using RMW implementation 'rmw_fastrtps_cpp' as default
[1.771s] -- Looking for pthread.h
[1.833s] -- Looking for pthread.h - found
[1.833s] -- Performing Test CMAKE_HAVE_LIBC_PTHREAD
[1.893s] -- Performing Test CMAKE_HAVE_LIBC_PTHREAD - Success
[1.893s] -- Found Threads: TRUE  
[2.069s] -- Found rclcpp_components: 16.0.6 (/opt/ros/humble/share/rclcpp_components/cmake)
[2.147s] -- Found rviz_ogre_vendor: 11.2.8 (/opt/ros/humble/share/rviz_ogre_vendor/cmake)
[2.147s] -- Setting OGRE_DIR to: '/opt/ros/humble/share/rviz_ogre_vendor/cmake/../../../opt/rviz_ogre_vendor/lib/OGRE/cmake'
[2.147s] -- Found OGRE
[2.147s] --   static     : OFF
[2.147s] --   components : HLMS;MeshLodGenerator;Overlay;Paging;Property;RTShaderSystem;Terrain;Volume
[2.147s] --   plugins    : Plugin_BSPSceneManager;Plugin_OctreeSceneManager;Plugin_PCZSceneManager;Plugin_ParticleFX;RenderSystem_GL;RenderSystem_GL3Plus;Codec_STBI
[2.147s] --   media      : /opt/ros/humble/opt/rviz_ogre_vendor/share/OGRE/Media
[2.148s] -- OGRE_LIBRARIES: OgreHLMS;OgreMeshLodGenerator;OgreOverlay;OgrePaging;OgreProperty;OgreRTShaderSystem;OgreTerrain;OgreVolume;OgreMain
[2.148s] -- OGRE_LIBRARY_DIRS: /opt/ros/humble/opt/rviz_ogre_vendor/lib
[2.148s] -- OGRE_PLUGINS: Plugin_BSPSceneManager;Plugin_OctreeSceneManager;Plugin_PCZSceneManager;Plugin_ParticleFX;RenderSystem_GL;RenderSystem_GL3Plus;Codec_STBI
[2.148s] -- OGRE_PLUGIN_DIR: /opt/ros/humble/opt/rviz_ogre_vendor/lib/OGRE
[2.148s] -- rviz_ogre_vendor::OgreOverlay for IMPORTED_LOCATION_RELEASE: /opt/ros/humble/opt/rviz_ogre_vendor/lib/libOgreOverlay.so
[2.148s] -- rviz_ogre_vendor::OgreOverlay for IMPORTED_LOCATION_DEBUG: /opt/ros/humble/opt/rviz_ogre_vendor/lib/libOgreOverlay.so
[2.148s] -- rviz_ogre_vendor::OgreMain for IMPORTED_LOCATION_RELEASE: /opt/ros/humble/opt/rviz_ogre_vendor/lib/libOgreMain.so
[2.148s] -- rviz_ogre_vendor::OgreMain for IMPORTED_LOCATION_DEBUG: /opt/ros/humble/opt/rviz_ogre_vendor/lib/libOgreMain.so
[2.166s] -- Found ZLIB: /usr/lib/x86_64-linux-gnu/libz.so (found version "1.2.11") 
[2.172s] -- Found OpenGL: /usr/lib/x86_64-linux-gnu/libOpenGL.so   
[2.268s] -- Found X11: /usr/include   
[2.268s] -- Looking for XOpenDisplay in /usr/lib/x86_64-linux-gnu/libX11.so;/usr/lib/x86_64-linux-gnu/libXext.so
[2.326s] -- Looking for XOpenDisplay in /usr/lib/x86_64-linux-gnu/libX11.so;/usr/lib/x86_64-linux-gnu/libXext.so - found
[2.326s] -- Looking for gethostbyname
[2.382s] -- Looking for gethostbyname - found
[2.382s] -- Looking for connect
[2.440s] -- Looking for connect - found
[2.440s] -- Looking for remove
[2.497s] -- Looking for remove - found
[2.497s] -- Looking for shmat
[2.555s] -- Looking for shmat - found
[2.555s] -- Looking for IceConnectionNumber in ICE
[2.616s] -- Looking for IceConnectionNumber in ICE - found
[2.618s] -- rviz_ogre_vendor::RenderSystem_GL for IMPORTED_LOCATION_RELEASE: _render_system_gl_static_library_abs-NOTFOUND
[2.618s] -- rviz_ogre_vendor::RenderSystem_GL for IMPORTED_LOCATION_DEBUG: _render_system_gl_static_library_abs-NOTFOUND
[2.621s] -- Found sensor_msgs: 4.2.3 (/opt/ros/humble/share/sensor_msgs/cmake)
[2.772s] -- Found shape_msgs: 4.2.3 (/opt/ros/humble/share/shape_msgs/cmake)
[2.830s] -- Found visualization_msgs: 4.2.3 (/opt/ros/humble/share/visualization_msgs/cmake)
[2.963s] -- Found trajectory_msgs: 4.2.3 (/opt/ros/humble/share/trajectory_msgs/cmake)
[3.055s] -- Found eigen3_cmake_module: 0.1.1 (/opt/ros/humble/share/eigen3_cmake_module/cmake)
[3.058s] -- Found eigen_stl_containers: 1.0.0 (/opt/ros/humble/share/eigen_stl_containers/cmake)
[3.067s] -- Found Eigen3: TRUE (found version "3.4.0") 
[3.071s] -- Found PkgConfig: /usr/bin/pkg-config (found version "0.29.2") 
[3.075s] -- Found tf2: 0.25.4 (/opt/ros/humble/share/tf2/cmake)
[3.086s] -- Found tf2_eigen: 0.25.4 (/opt/ros/humble/share/tf2_eigen/cmake)
[3.413s] -- Found tf2_geometry_msgs: 0.25.4 (/opt/ros/humble/share/tf2_geometry_msgs/cmake)
[3.427s] -- Ensuring Eigen3 include directory is part of orocos-kdl CMake target
[3.441s] -- Found pluginlib: 5.1.0 (/opt/ros/humble/share/pluginlib/cmake)
[3.463s] -- Found interactive_markers: 2.3.2 (/opt/ros/humble/share/interactive_markers/cmake)
[3.479s] -- Found rviz_common: 11.2.8 (/opt/ros/humble/share/rviz_common/cmake)
[3.581s] -- library: /usr/lib/x86_64-linux-gnu/libcurl.so
[3.673s] -- Found rviz_default_plugins: 11.2.8 (/opt/ros/humble/share/rviz_default_plugins/cmake)
[4.242s] -- Found ament_cmake_gtest: 1.3.5 (/opt/ros/humble/share/ament_cmake_gtest/cmake)
[4.244s] -- Found gtest sources under '/opt/ros/humble/src/gtest_vendor': C++ tests using 'Google Test' will be built
[4.309s] -- Configuring done
[4.444s] -- Generating done
[4.449s] -- Build files have been written to: /home/sazma/ws_future/build/rviz_visual_tools
[4.612s] Invoked command in '/home/sazma/ws_future/build/rviz_visual_tools' returned '0': CMAKE_PREFIX_PATH=${CMAKE_PREFIX_PATH}:/home/sazma/ws_future/install/tm_mod_urdf:/home/sazma/ws_future/install/tm_get_status:/home/sazma/ws_tm/install/tm_mod_urdf:/home/sazma/ws_tm/install/tm_get_status:/opt/ros/humble /usr/bin/cmake /home/sazma/ws_future/src/rviz_visual_tools -DCMAKE_INSTALL_PREFIX=/home/sazma/ws_future/install/rviz_visual_tools
[4.614s] Invoking command in '/home/sazma/ws_future/build/rviz_visual_tools': CMAKE_PREFIX_PATH=${CMAKE_PREFIX_PATH}:/home/sazma/ws_future/install/tm_mod_urdf:/home/sazma/ws_future/install/tm_get_status:/home/sazma/ws_tm/install/tm_mod_urdf:/home/sazma/ws_tm/install/tm_get_status:/opt/ros/humble /usr/bin/cmake --build /home/sazma/ws_future/build/rviz_visual_tools -- -j12 -l12
[4.684s] [  2%] [34m[1mAutomatic MOC for target gtest_main[0m
[4.707s] [  5%] [34m[1mAutomatic MOC for target rviz_visual_tools_gui[0m
[4.717s] [  7%] [34m[1mAutomatic MOC for target gtest[0m
[4.722s] [ 10%] Built target gtest_main_autogen
[4.722s] [ 10%] [34m[1mAutomatic MOC for target rviz_visual_tools_remote_control[0m
[4.761s] [ 10%] Built target gtest_autogen
[4.787s] [ 12%] [32mBuilding CXX object gtest/CMakeFiles/gtest_main.dir/gtest_main_autogen/mocs_compilation.cpp.o[0m
[4.798s] [ 15%] [32mBuilding CXX object gtest/CMakeFiles/gtest_main.dir/src/gtest_main.cc.o[0m
[4.804s] [ 17%] [32mBuilding CXX object gtest/CMakeFiles/gtest.dir/src/gtest-all.cc.o[0m
[4.812s] [ 20%] [32mBuilding CXX object gtest/CMakeFiles/gtest.dir/gtest_autogen/mocs_compilation.cpp.o[0m
[4.812s] [ 20%] Built target rviz_visual_tools_remote_control_autogen
[4.880s] [ 23%] [32mBuilding CXX object CMakeFiles/rviz_visual_tools_remote_control.dir/rviz_visual_tools_remote_control_autogen/mocs_compilation.cpp.o[0m
[4.912s] [ 25%] [32mBuilding CXX object CMakeFiles/rviz_visual_tools_remote_control.dir/src/remote_control.cpp.o[0m
[5.057s] [ 25%] Built target rviz_visual_tools_gui_autogen
[5.084s] [ 28%] [32mBuilding CXX object CMakeFiles/rviz_visual_tools_gui.dir/rviz_visual_tools_gui_autogen/mocs_compilation.cpp.o[0m
[5.084s] [ 30%] [32mBuilding CXX object CMakeFiles/rviz_visual_tools_gui.dir/src/key_tool.cpp.o[0m
[5.087s] [ 33%] [32mBuilding CXX object CMakeFiles/rviz_visual_tools_gui.dir/src/remote_control.cpp.o[0m
[5.091s] [ 35%] [32mBuilding CXX object CMakeFiles/rviz_visual_tools_gui.dir/src/rviz_visual_tools_gui.cpp.o[0m
[5.829s] [ 38%] [32m[1mLinking CXX static library libgtest_main.a[0m
[5.871s] [ 38%] Built target gtest_main
[9.554s] [ 41%] [32m[1mLinking CXX static library libgtest.a[0m
[9.655s] [ 41%] Built target gtest
[15.460s] [ 43%] [32m[1mLinking CXX shared library librviz_visual_tools_gui.so[0m
[16.133s] [ 46%] [32m[1mLinking CXX shared library librviz_visual_tools_remote_control.so[0m
[16.705s] [ 46%] Built target rviz_visual_tools_remote_control
[16.727s] [ 48%] [34m[1mAutomatic MOC for target rviz_visual_tools[0m
[16.751s] [ 48%] Built target rviz_visual_tools_autogen
[16.777s] [ 56%] [32mBuilding CXX object CMakeFiles/rviz_visual_tools.dir/src/rviz_visual_tools.cpp.o[0m
[16.777s] [ 56%] [32mBuilding CXX object CMakeFiles/rviz_visual_tools.dir/rviz_visual_tools_autogen/mocs_compilation.cpp.o[0m
[16.777s] [ 56%] [32mBuilding CXX object CMakeFiles/rviz_visual_tools.dir/src/tf_visual_tools.cpp.o[0m
[18.066s] [ 56%] Built target rviz_visual_tools_gui
[36.760s] [ 58%] [32m[1mLinking CXX shared library librviz_visual_tools.so[0m
[38.749s] [ 58%] Built target rviz_visual_tools
[38.820s] [ 64%] [34m[1mAutomatic MOC for target rviz_visual_tools_imarker_simple[0m
[38.820s] [ 64%] [34m[1mAutomatic MOC for target rviz_visual_tools_demo[0m
[38.873s] [ 64%] Built target rviz_visual_tools_demo_autogen
[38.889s] [ 66%] [34m[1mAutomatic MOC for target rviz_visual_tools_rvt_test[0m
[38.906s] [ 66%] Built target rviz_visual_tools_imarker_simple_autogen
[38.953s] [ 69%] [32mBuilding CXX object CMakeFiles/rviz_visual_tools_demo.dir/src/rviz_visual_tools_demo.cpp.o[0m
[38.966s] [ 71%] [32mBuilding CXX object CMakeFiles/rviz_visual_tools_imarker_simple.dir/src/imarker_simple.cpp.o[0m
[38.973s] [ 74%] [32mBuilding CXX object CMakeFiles/rviz_visual_tools_demo.dir/rviz_visual_tools_demo_autogen/mocs_compilation.cpp.o[0m
[38.984s] [ 76%] [32mBuilding CXX object CMakeFiles/rviz_visual_tools_imarker_simple.dir/rviz_visual_tools_imarker_simple_autogen/mocs_compilation.cpp.o[0m
[38.992s] [ 76%] Built target rviz_visual_tools_rvt_test_autogen
[39.098s] [ 79%] [32mBuilding CXX object CMakeFiles/rviz_visual_tools_rvt_test.dir/rviz_visual_tools_rvt_test_autogen/mocs_compilation.cpp.o[0m
[39.125s] [ 82%] [32mBuilding CXX object CMakeFiles/rviz_visual_tools_rvt_test.dir/tests/rvt_test.cpp.o[0m
[48.599s] [ 84%] [32m[1mLinking CXX shared library librviz_visual_tools_imarker_simple.so[0m
[49.115s] [ 87%] [32m[1mLinking CXX executable rviz_visual_tools_demo[0m
[49.977s] [ 87%] Built target rviz_visual_tools_imarker_simple
[50.084s] [ 89%] [34m[1mAutomatic MOC for target rviz_visual_tools_imarker_simple_demo[0m
[50.142s] [ 89%] Built target rviz_visual_tools_imarker_simple_demo_autogen
[50.261s] [ 92%] [32mBuilding CXX object CMakeFiles/rviz_visual_tools_imarker_simple_demo.dir/rviz_visual_tools_imarker_simple_demo_autogen/mocs_compilation.cpp.o[0m
[50.285s] [ 94%] [32mBuilding CXX object CMakeFiles/rviz_visual_tools_imarker_simple_demo.dir/src/imarker_simple_demo.cpp.o[0m
[50.438s] [ 94%] Built target rviz_visual_tools_demo
[53.387s] [ 97%] [32m[1mLinking CXX executable rviz_visual_tools_rvt_test[0m
[54.535s] [ 97%] Built target rviz_visual_tools_rvt_test
[56.779s] [100%] [32m[1mLinking CXX executable rviz_visual_tools_imarker_simple_demo[0m
[57.053s] [100%] Built target rviz_visual_tools_imarker_simple_demo
[57.062s] Invoked command in '/home/sazma/ws_future/build/rviz_visual_tools' returned '0': CMAKE_PREFIX_PATH=${CMAKE_PREFIX_PATH}:/home/sazma/ws_future/install/tm_mod_urdf:/home/sazma/ws_future/install/tm_get_status:/home/sazma/ws_tm/install/tm_mod_urdf:/home/sazma/ws_tm/install/tm_get_status:/opt/ros/humble /usr/bin/cmake --build /home/sazma/ws_future/build/rviz_visual_tools -- -j12 -l12
[57.117s] Invoking command in '/home/sazma/ws_future/build/rviz_visual_tools': CMAKE_PREFIX_PATH=${CMAKE_PREFIX_PATH}:/home/sazma/ws_future/install/tm_mod_urdf:/home/sazma/ws_future/install/tm_get_status:/home/sazma/ws_tm/install/tm_mod_urdf:/home/sazma/ws_tm/install/tm_get_status:/opt/ros/humble /usr/bin/cmake --install /home/sazma/ws_future/build/rviz_visual_tools
[57.123s] -- Install configuration: ""
[57.123s] -- Installing: /home/sazma/ws_future/install/rviz_visual_tools/share/rviz_visual_tools/plugin_description.xml
[57.123s] -- Installing: /home/sazma/ws_future/install/rviz_visual_tools/lib/librviz_visual_tools.so
[57.129s] -- Set runtime path of "/home/sazma/ws_future/install/rviz_visual_tools/lib/librviz_visual_tools.so" to ""
[57.129s] -- Installing: /home/sazma/ws_future/install/rviz_visual_tools/lib/librviz_visual_tools_remote_control.so
[57.133s] -- Set runtime path of "/home/sazma/ws_future/install/rviz_visual_tools/lib/librviz_visual_tools_remote_control.so" to ""
[57.133s] -- Installing: /home/sazma/ws_future/install/rviz_visual_tools/lib/librviz_visual_tools_gui.so
[57.138s] -- Set runtime path of "/home/sazma/ws_future/install/rviz_visual_tools/lib/librviz_visual_tools_gui.so" to ""
[57.138s] -- Installing: /home/sazma/ws_future/install/rviz_visual_tools/lib/librviz_visual_tools_imarker_simple.so
[57.138s] -- Set runtime path of "/home/sazma/ws_future/install/rviz_visual_tools/lib/librviz_visual_tools_imarker_simple.so" to ""
[57.138s] -- Installing: /home/sazma/ws_future/install/rviz_visual_tools/lib/rviz_visual_tools/rviz_visual_tools_demo
[57.139s] -- Set runtime path of "/home/sazma/ws_future/install/rviz_visual_tools/lib/rviz_visual_tools/rviz_visual_tools_demo" to ""
[57.139s] -- Installing: /home/sazma/ws_future/install/rviz_visual_tools/lib/rviz_visual_tools/rviz_visual_tools_imarker_simple_demo
[57.140s] -- Set runtime path of "/home/sazma/ws_future/install/rviz_visual_tools/lib/rviz_visual_tools/rviz_visual_tools_imarker_simple_demo" to ""
[57.140s] -- Installing: /home/sazma/ws_future/install/rviz_visual_tools/include
[57.140s] -- Installing: /home/sazma/ws_future/install/rviz_visual_tools/include/rviz_visual_tools
[57.140s] -- Installing: /home/sazma/ws_future/install/rviz_visual_tools/include/rviz_visual_tools/tf_visual_tools.hpp
[57.140s] -- Installing: /home/sazma/ws_future/install/rviz_visual_tools/include/rviz_visual_tools/imarker_simple.hpp
[57.140s] -- Installing: /home/sazma/ws_future/install/rviz_visual_tools/include/rviz_visual_tools/rviz_visual_tools_gui.hpp
[57.140s] -- Installing: /home/sazma/ws_future/install/rviz_visual_tools/include/rviz_visual_tools/remote_reciever.hpp
[57.140s] -- Installing: /home/sazma/ws_future/install/rviz_visual_tools/include/rviz_visual_tools/remote_control.hpp
[57.140s] -- Installing: /home/sazma/ws_future/install/rviz_visual_tools/include/rviz_visual_tools/rviz_visual_tools.hpp
[57.140s] -- Installing: /home/sazma/ws_future/install/rviz_visual_tools/include/rviz_visual_tools/key_tool.hpp
[57.141s] -- Installing: /home/sazma/ws_future/install/rviz_visual_tools/share/rviz_visual_tools/launch
[57.141s] -- Installing: /home/sazma/ws_future/install/rviz_visual_tools/share/rviz_visual_tools/launch/rvt_test.launch
[57.141s] -- Installing: /home/sazma/ws_future/install/rviz_visual_tools/share/rviz_visual_tools/launch/demo_rviz.launch.py
[57.141s] -- Installing: /home/sazma/ws_future/install/rviz_visual_tools/share/rviz_visual_tools/launch/demo.rviz
[57.141s] -- Installing: /home/sazma/ws_future/install/rviz_visual_tools/share/rviz_visual_tools/launch/demo_combined.launch.py
[57.141s] -- Installing: /home/sazma/ws_future/install/rviz_visual_tools/share/rviz_visual_tools/environment/library_path.sh
[57.141s] -- Installing: /home/sazma/ws_future/install/rviz_visual_tools/share/rviz_visual_tools/environment/library_path.dsv
[57.141s] -- Installing: /home/sazma/ws_future/install/rviz_visual_tools/share/ament_index/resource_index/package_run_dependencies/rviz_visual_tools
[57.141s] -- Installing: /home/sazma/ws_future/install/rviz_visual_tools/share/ament_index/resource_index/parent_prefix_path/rviz_visual_tools
[57.141s] -- Installing: /home/sazma/ws_future/install/rviz_visual_tools/share/rviz_visual_tools/environment/ament_prefix_path.sh
[57.141s] -- Installing: /home/sazma/ws_future/install/rviz_visual_tools/share/rviz_visual_tools/environment/ament_prefix_path.dsv
[57.141s] -- Installing: /home/sazma/ws_future/install/rviz_visual_tools/share/rviz_visual_tools/environment/path.sh
[57.141s] -- Installing: /home/sazma/ws_future/install/rviz_visual_tools/share/rviz_visual_tools/environment/path.dsv
[57.142s] -- Installing: /home/sazma/ws_future/install/rviz_visual_tools/share/rviz_visual_tools/local_setup.bash
[57.142s] -- Installing: /home/sazma/ws_future/install/rviz_visual_tools/share/rviz_visual_tools/local_setup.sh
[57.142s] -- Installing: /home/sazma/ws_future/install/rviz_visual_tools/share/rviz_visual_tools/local_setup.zsh
[57.142s] -- Installing: /home/sazma/ws_future/install/rviz_visual_tools/share/rviz_visual_tools/local_setup.dsv
[57.142s] -- Installing: /home/sazma/ws_future/install/rviz_visual_tools/share/rviz_visual_tools/package.dsv
[57.142s] -- Installing: /home/sazma/ws_future/install/rviz_visual_tools/share/ament_index/resource_index/packages/rviz_visual_tools
[57.142s] -- Installing: /home/sazma/ws_future/install/rviz_visual_tools/share/ament_index/resource_index/rviz_common__pluginlib__plugin/rviz_visual_tools
[57.142s] -- Installing: /home/sazma/ws_future/install/rviz_visual_tools/share/rviz_visual_tools/cmake/export_rviz_visual_toolsExport.cmake
[57.142s] -- Installing: /home/sazma/ws_future/install/rviz_visual_tools/share/rviz_visual_tools/cmake/export_rviz_visual_toolsExport-noconfig.cmake
[57.142s] -- Installing: /home/sazma/ws_future/install/rviz_visual_tools/share/rviz_visual_tools/cmake/ament_cmake_export_targets-extras.cmake
[57.142s] -- Installing: /home/sazma/ws_future/install/rviz_visual_tools/share/rviz_visual_tools/cmake/ament_cmake_export_dependencies-extras.cmake
[57.143s] -- Installing: /home/sazma/ws_future/install/rviz_visual_tools/share/rviz_visual_tools/cmake/ament_cmake_export_include_directories-extras.cmake
[57.143s] -- Installing: /home/sazma/ws_future/install/rviz_visual_tools/share/rviz_visual_tools/cmake/ament_cmake_export_libraries-extras.cmake
[57.143s] -- Installing: /home/sazma/ws_future/install/rviz_visual_tools/share/rviz_visual_tools/cmake/rviz_visual_toolsConfig.cmake
[57.143s] -- Installing: /home/sazma/ws_future/install/rviz_visual_tools/share/rviz_visual_tools/cmake/rviz_visual_toolsConfig-version.cmake
[57.143s] -- Installing: /home/sazma/ws_future/install/rviz_visual_tools/share/rviz_visual_tools/package.xml
[57.145s] Invoked command in '/home/sazma/ws_future/build/rviz_visual_tools' returned '0': CMAKE_PREFIX_PATH=${CMAKE_PREFIX_PATH}:/home/sazma/ws_future/install/tm_mod_urdf:/home/sazma/ws_future/install/tm_get_status:/home/sazma/ws_tm/install/tm_mod_urdf:/home/sazma/ws_tm/install/tm_get_status:/opt/ros/humble /usr/bin/cmake --install /home/sazma/ws_future/build/rviz_visual_tools
