[0.280s] Invoking command in '/home/sazma/ws_future/build/moveit_py': AMENT_PREFIX_PATH=/home/sazma/ws_future/install/moveit_ros_planning_interface:/home/sazma/ws_future/install/moveit_ros_move_group:/home/sazma/ws_future/install/moveit_ros_warehouse:/home/sazma/ws_future/install/moveit_kinematics:/home/sazma/ws_future/install/moveit_ros_planning:/home/sazma/ws_future/install/moveit_ros_occupancy_map_monitor:/home/sazma/ws_future/install/moveit_core:/home/sazma/ws_future/install/moveit_msgs:/home/sazma/ws_future/install/moveit_common:${AMENT_PREFIX_PATH} CMAKE_PREFIX_PATH=/home/sazma/ws_future/install/moveit_ros_planning_interface:/home/sazma/ws_future/install/moveit_ros_move_group:/home/sazma/ws_future/install/moveit_ros_warehouse:/home/sazma/ws_future/install/moveit_kinematics:/home/sazma/ws_future/install/moveit_ros_planning:/home/sazma/ws_future/install/moveit_ros_occupancy_map_monitor:/home/sazma/ws_future/install/moveit_core:/home/sazma/ws_future/install/moveit_msgs:/home/sazma/ws_future/install/moveit_common:/home/sazma/ws_future/install/ui_for_debug_and_demo:/home/sazma/ws_future/install/tm_driver:/home/sazma/ws_future/install/demo:/home/sazma/ws_future/install/tm_msgs:/home/sazma/ws_future/install/tm_moveit_cpp_demo:/home/sazma/ws_future/install/tm_moveit_config_tm5x-900:/home/sazma/ws_future/install/tm_moveit_config_tm5x-700:/home/sazma/ws_future/install/tm_moveit_config_tm5-900:/home/sazma/ws_future/install/tm_moveit_config_tm5-700:/home/sazma/ws_future/install/tm_moveit_config_tm14x:/home/sazma/ws_future/install/tm_moveit_config_tm14:/home/sazma/ws_future/install/tm_moveit_config_tm12x:/home/sazma/ws_future/install/tm_moveit_config_tm12:/home/sazma/ws_future/install/tm_description:/home/sazma/ws_future/install/custom_package:/home/sazma/ws_future/install/techman_robot_msgs:/home/sazma/ws_tm/install/ui_for_debug_and_demo:/home/sazma/ws_tm/install/tm_driver:/home/sazma/ws_tm/install/demo:/home/sazma/ws_tm/install/tm_msgs:/home/sazma/ws_tm/install/tm_moveit_cpp_demo:/home/sazma/ws_tm/install/tm_moveit_config_tm5x-900:/home/sazma/ws_tm/install/tm_moveit_config_tm5x-700:/home/sazma/ws_tm/install/tm_moveit_config_tm5-900:/home/sazma/ws_tm/install/tm_moveit_config_tm5-700:/home/sazma/ws_tm/install/tm_moveit_config_tm14x:/home/sazma/ws_tm/install/tm_moveit_config_tm14:/home/sazma/ws_tm/install/tm_moveit_config_tm12x:/home/sazma/ws_tm/install/tm_moveit_config_tm12:/home/sazma/ws_tm/install/tm_description:/home/sazma/ws_tm/install/custom_package:/home/sazma/ws_tm/install/techman_robot_msgs:/home/sazma/ws_future/install/tm_mod_urdf:/home/sazma/ws_future/install/tm_get_status:/home/sazma/ws_tm/install/tm_mod_urdf:/home/sazma/ws_tm/install/tm_get_status:/opt/ros/humble LD_LIBRARY_PATH=/home/sazma/ws_future/install/moveit_ros_planning_interface/lib:/home/sazma/ws_future/install/moveit_ros_move_group/lib:/home/sazma/ws_future/install/moveit_ros_warehouse/lib:/home/sazma/ws_future/install/moveit_kinematics/lib:/home/sazma/ws_future/install/moveit_ros_planning/lib:/home/sazma/ws_future/install/moveit_ros_occupancy_map_monitor/lib:/home/sazma/ws_future/install/moveit_core/lib:/home/sazma/ws_future/install/moveit_msgs/lib:${LD_LIBRARY_PATH} PATH=/home/sazma/ws_future/install/moveit_core/bin:${PATH} PYTHONPATH=/home/sazma/ws_future/install/moveit_msgs/local/lib/python3.10/dist-packages:${PYTHONPATH} /usr/bin/cmake /home/sazma/ws_future/src/moveit2/moveit_py -DCMAKE_INSTALL_PREFIX=/home/sazma/ws_future/install/moveit_py
[0.333s] -- The C compiler identification is GNU 11.4.0
[0.390s] -- The CXX compiler identification is GNU 11.4.0
[0.400s] -- Detecting C compiler ABI info
[0.465s] -- Detecting C compiler ABI info - done
[0.479s] -- Check for working C compiler: /usr/bin/cc - skipped
[0.480s] -- Detecting C compile features
[0.481s] -- Detecting C compile features - done
[0.485s] -- Detecting CXX compiler ABI info
[0.559s] -- Detecting CXX compiler ABI info - done
[0.573s] -- Check for working CXX compiler: /usr/bin/c++ - skipped
[0.574s] -- Detecting CXX compile features
[0.574s] -- Detecting CXX compile features - done
[0.579s] -- Found ament_cmake: 1.3.5 (/opt/ros/humble/share/ament_cmake/cmake)
[0.768s] -- Found Python3: /usr/bin/python3.10 (found version "3.10.12") found components: Interpreter 
[0.895s] -- Found rclcpp: 16.0.6 (/opt/ros/humble/share/rclcpp/cmake)
[0.963s] -- Found rosidl_generator_c: 3.1.5 (/opt/ros/humble/share/rosidl_generator_c/cmake)
[0.974s] -- Found rosidl_adapter: 3.1.5 (/opt/ros/humble/share/rosidl_adapter/cmake)
[0.987s] -- Found rosidl_generator_cpp: 3.1.5 (/opt/ros/humble/share/rosidl_generator_cpp/cmake)
[1.007s] -- Using all available rosidl_typesupport_c: rosidl_typesupport_fastrtps_c;rosidl_typesupport_introspection_c
[1.036s] -- Using all available rosidl_typesupport_cpp: rosidl_typesupport_fastrtps_cpp;rosidl_typesupport_introspection_cpp
[1.135s] -- Found rmw_implementation_cmake: 6.1.1 (/opt/ros/humble/share/rmw_implementation_cmake/cmake)
[1.142s] -- Found rmw_fastrtps_cpp: 6.2.4 (/opt/ros/humble/share/rmw_fastrtps_cpp/cmake)
[1.249s] -- Found OpenSSL: /usr/lib/x86_64-linux-gnu/libcrypto.so (found version "3.0.2")  
[1.281s] -- Found FastRTPS: /opt/ros/humble/include  
[1.330s] -- Using RMW implementation 'rmw_fastrtps_cpp' as default
[1.347s] -- Looking for pthread.h
[1.411s] -- Looking for pthread.h - found
[1.411s] -- Performing Test CMAKE_HAVE_LIBC_PTHREAD
[1.481s] -- Performing Test CMAKE_HAVE_LIBC_PTHREAD - Success
[1.482s] -- Found Threads: TRUE  
[1.672s] -- Found rclpy: 3.3.10 (/opt/ros/humble/share/rclpy/cmake)
[1.677s] -- Found geometry_msgs: 4.2.3 (/opt/ros/humble/share/geometry_msgs/cmake)
[1.723s] -- Found moveit_ros_planning: 2.8.0 (/home/sazma/ws_future/install/moveit_ros_planning/share/moveit_ros_planning/cmake)
[1.770s] -- Found Boost: /usr/lib/x86_64-linux-gnu/cmake/Boost-1.74.0/BoostConfig.cmake (found version "1.74.0") found components: system filesystem date_time program_options thread chrono 
[1.817s] -- Found parameter_traits: 0.3.6 (/opt/ros/humble/share/parameter_traits/cmake)
[1.854s] -- Found rclcpp_lifecycle: 16.0.6 (/opt/ros/humble/share/rclcpp_lifecycle/cmake)
[2.397s] -- Found Boost: /usr/lib/x86_64-linux-gnu/cmake/Boost-1.74.0/BoostConfig.cmake (found version "1.74.0") found components: chrono date_time filesystem iostreams program_options regex serialization system thread 
[2.451s] -- Found Boost: /usr/lib/x86_64-linux-gnu/cmake/Boost-1.74.0/BoostConfig.cmake (found version "1.74.0") found components: filesystem 
[2.544s] -- library: /usr/lib/x86_64-linux-gnu/libcurl.so
[2.890s] -- Found Eigen3: TRUE (found version "3.4.0") 
[2.890s] -- Ensuring Eigen3 include directory is part of orocos-kdl CMake target
[4.328s] -- Found moveit_ros_planning_interface: 2.8.0 (/home/sazma/ws_future/install/moveit_ros_planning_interface/share/moveit_ros_planning_interface/cmake)
[4.333s] -- Found Boost: /usr/lib/x86_64-linux-gnu/cmake/Boost-1.74.0/BoostConfig.cmake (found version "1.74.0") found components: date_time filesystem program_options system thread 
[4.566s] -- Found Boost: /usr/lib/x86_64-linux-gnu/cmake/Boost-1.74.0/BoostConfig.cmake (found version "1.74.0") found components: thread system filesystem regex date_time program_options 
[4.851s] -- Found Boost: /usr/lib/x86_64-linux-gnu/cmake/Boost-1.74.0/BoostConfig.cmake (found version "1.74.0") found components: system filesystem date_time program_options thread 
[5.508s] -- Found Python3: /usr/bin/python3.10 (found version "3.10.12") found components: Interpreter Development Development.Module Development.Embed 
[5.517s] -- Found pybind11_vendor: 2.4.2 (/opt/ros/humble/share/pybind11_vendor/cmake)
[5.590s] -- Performing Test HAS_FLTO
[5.720s] -- Performing Test HAS_FLTO - Success
[5.721s] -- Found pybind11: /usr/include (found version "2.9.1")
[5.840s] -- Found ament_cmake_pytest: 1.3.5 (/opt/ros/humble/share/ament_cmake_pytest/cmake)
[8.033s] -- Configuring done
[8.214s] -- Generating done
[8.219s] -- Build files have been written to: /home/sazma/ws_future/build/moveit_py
[8.298s] Invoked command in '/home/sazma/ws_future/build/moveit_py' returned '0': AMENT_PREFIX_PATH=/home/sazma/ws_future/install/moveit_ros_planning_interface:/home/sazma/ws_future/install/moveit_ros_move_group:/home/sazma/ws_future/install/moveit_ros_warehouse:/home/sazma/ws_future/install/moveit_kinematics:/home/sazma/ws_future/install/moveit_ros_planning:/home/sazma/ws_future/install/moveit_ros_occupancy_map_monitor:/home/sazma/ws_future/install/moveit_core:/home/sazma/ws_future/install/moveit_msgs:/home/sazma/ws_future/install/moveit_common:${AMENT_PREFIX_PATH} CMAKE_PREFIX_PATH=/home/sazma/ws_future/install/moveit_ros_planning_interface:/home/sazma/ws_future/install/moveit_ros_move_group:/home/sazma/ws_future/install/moveit_ros_warehouse:/home/sazma/ws_future/install/moveit_kinematics:/home/sazma/ws_future/install/moveit_ros_planning:/home/sazma/ws_future/install/moveit_ros_occupancy_map_monitor:/home/sazma/ws_future/install/moveit_core:/home/sazma/ws_future/install/moveit_msgs:/home/sazma/ws_future/install/moveit_common:/home/sazma/ws_future/install/ui_for_debug_and_demo:/home/sazma/ws_future/install/tm_driver:/home/sazma/ws_future/install/demo:/home/sazma/ws_future/install/tm_msgs:/home/sazma/ws_future/install/tm_moveit_cpp_demo:/home/sazma/ws_future/install/tm_moveit_config_tm5x-900:/home/sazma/ws_future/install/tm_moveit_config_tm5x-700:/home/sazma/ws_future/install/tm_moveit_config_tm5-900:/home/sazma/ws_future/install/tm_moveit_config_tm5-700:/home/sazma/ws_future/install/tm_moveit_config_tm14x:/home/sazma/ws_future/install/tm_moveit_config_tm14:/home/sazma/ws_future/install/tm_moveit_config_tm12x:/home/sazma/ws_future/install/tm_moveit_config_tm12:/home/sazma/ws_future/install/tm_description:/home/sazma/ws_future/install/custom_package:/home/sazma/ws_future/install/techman_robot_msgs:/home/sazma/ws_tm/install/ui_for_debug_and_demo:/home/sazma/ws_tm/install/tm_driver:/home/sazma/ws_tm/install/demo:/home/sazma/ws_tm/install/tm_msgs:/home/sazma/ws_tm/install/tm_moveit_cpp_demo:/home/sazma/ws_tm/install/tm_moveit_config_tm5x-900:/home/sazma/ws_tm/install/tm_moveit_config_tm5x-700:/home/sazma/ws_tm/install/tm_moveit_config_tm5-900:/home/sazma/ws_tm/install/tm_moveit_config_tm5-700:/home/sazma/ws_tm/install/tm_moveit_config_tm14x:/home/sazma/ws_tm/install/tm_moveit_config_tm14:/home/sazma/ws_tm/install/tm_moveit_config_tm12x:/home/sazma/ws_tm/install/tm_moveit_config_tm12:/home/sazma/ws_tm/install/tm_description:/home/sazma/ws_tm/install/custom_package:/home/sazma/ws_tm/install/techman_robot_msgs:/home/sazma/ws_future/install/tm_mod_urdf:/home/sazma/ws_future/install/tm_get_status:/home/sazma/ws_tm/install/tm_mod_urdf:/home/sazma/ws_tm/install/tm_get_status:/opt/ros/humble LD_LIBRARY_PATH=/home/sazma/ws_future/install/moveit_ros_planning_interface/lib:/home/sazma/ws_future/install/moveit_ros_move_group/lib:/home/sazma/ws_future/install/moveit_ros_warehouse/lib:/home/sazma/ws_future/install/moveit_kinematics/lib:/home/sazma/ws_future/install/moveit_ros_planning/lib:/home/sazma/ws_future/install/moveit_ros_occupancy_map_monitor/lib:/home/sazma/ws_future/install/moveit_core/lib:/home/sazma/ws_future/install/moveit_msgs/lib:${LD_LIBRARY_PATH} PATH=/home/sazma/ws_future/install/moveit_core/bin:${PATH} PYTHONPATH=/home/sazma/ws_future/install/moveit_msgs/local/lib/python3.10/dist-packages:${PYTHONPATH} /usr/bin/cmake /home/sazma/ws_future/src/moveit2/moveit_py -DCMAKE_INSTALL_PREFIX=/home/sazma/ws_future/install/moveit_py
[8.299s] Invoking command in '/home/sazma/ws_future/build/moveit_py': AMENT_PREFIX_PATH=/home/sazma/ws_future/install/moveit_ros_planning_interface:/home/sazma/ws_future/install/moveit_ros_move_group:/home/sazma/ws_future/install/moveit_ros_warehouse:/home/sazma/ws_future/install/moveit_kinematics:/home/sazma/ws_future/install/moveit_ros_planning:/home/sazma/ws_future/install/moveit_ros_occupancy_map_monitor:/home/sazma/ws_future/install/moveit_core:/home/sazma/ws_future/install/moveit_msgs:/home/sazma/ws_future/install/moveit_common:${AMENT_PREFIX_PATH} CMAKE_PREFIX_PATH=/home/sazma/ws_future/install/moveit_ros_planning_interface:/home/sazma/ws_future/install/moveit_ros_move_group:/home/sazma/ws_future/install/moveit_ros_warehouse:/home/sazma/ws_future/install/moveit_kinematics:/home/sazma/ws_future/install/moveit_ros_planning:/home/sazma/ws_future/install/moveit_ros_occupancy_map_monitor:/home/sazma/ws_future/install/moveit_core:/home/sazma/ws_future/install/moveit_msgs:/home/sazma/ws_future/install/moveit_common:/home/sazma/ws_future/install/ui_for_debug_and_demo:/home/sazma/ws_future/install/tm_driver:/home/sazma/ws_future/install/demo:/home/sazma/ws_future/install/tm_msgs:/home/sazma/ws_future/install/tm_moveit_cpp_demo:/home/sazma/ws_future/install/tm_moveit_config_tm5x-900:/home/sazma/ws_future/install/tm_moveit_config_tm5x-700:/home/sazma/ws_future/install/tm_moveit_config_tm5-900:/home/sazma/ws_future/install/tm_moveit_config_tm5-700:/home/sazma/ws_future/install/tm_moveit_config_tm14x:/home/sazma/ws_future/install/tm_moveit_config_tm14:/home/sazma/ws_future/install/tm_moveit_config_tm12x:/home/sazma/ws_future/install/tm_moveit_config_tm12:/home/sazma/ws_future/install/tm_description:/home/sazma/ws_future/install/custom_package:/home/sazma/ws_future/install/techman_robot_msgs:/home/sazma/ws_tm/install/ui_for_debug_and_demo:/home/sazma/ws_tm/install/tm_driver:/home/sazma/ws_tm/install/demo:/home/sazma/ws_tm/install/tm_msgs:/home/sazma/ws_tm/install/tm_moveit_cpp_demo:/home/sazma/ws_tm/install/tm_moveit_config_tm5x-900:/home/sazma/ws_tm/install/tm_moveit_config_tm5x-700:/home/sazma/ws_tm/install/tm_moveit_config_tm5-900:/home/sazma/ws_tm/install/tm_moveit_config_tm5-700:/home/sazma/ws_tm/install/tm_moveit_config_tm14x:/home/sazma/ws_tm/install/tm_moveit_config_tm14:/home/sazma/ws_tm/install/tm_moveit_config_tm12x:/home/sazma/ws_tm/install/tm_moveit_config_tm12:/home/sazma/ws_tm/install/tm_description:/home/sazma/ws_tm/install/custom_package:/home/sazma/ws_tm/install/techman_robot_msgs:/home/sazma/ws_future/install/tm_mod_urdf:/home/sazma/ws_future/install/tm_get_status:/home/sazma/ws_tm/install/tm_mod_urdf:/home/sazma/ws_tm/install/tm_get_status:/opt/ros/humble LD_LIBRARY_PATH=/home/sazma/ws_future/install/moveit_ros_planning_interface/lib:/home/sazma/ws_future/install/moveit_ros_move_group/lib:/home/sazma/ws_future/install/moveit_ros_warehouse/lib:/home/sazma/ws_future/install/moveit_kinematics/lib:/home/sazma/ws_future/install/moveit_ros_planning/lib:/home/sazma/ws_future/install/moveit_ros_occupancy_map_monitor/lib:/home/sazma/ws_future/install/moveit_core/lib:/home/sazma/ws_future/install/moveit_msgs/lib:${LD_LIBRARY_PATH} PATH=/home/sazma/ws_future/install/moveit_core/bin:${PATH} PYTHONPATH=/home/sazma/ws_future/install/moveit_msgs/local/lib/python3.10/dist-packages:${PYTHONPATH} /usr/bin/cmake --build /home/sazma/ws_future/build/moveit_py -- -j12 -l12
[8.622s] [  4%] [32mBuilding CXX object src/moveit/moveit_py_utils/CMakeFiles/moveit_py_utils.dir/src/copy_ros_msg.cpp.o[0m
[8.642s] [  8%] [32mBuilding CXX object src/moveit/moveit_py_utils/CMakeFiles/moveit_py_utils.dir/src/ros_msg_typecasters.cpp.o[0m
[8.671s] [  8%] Built target ament_cmake_python_copy_moveit
[9.801s] running egg_info
[9.802s] creating moveit.egg-info
[9.802s] writing moveit.egg-info/PKG-INFO
[9.803s] writing dependency_links to moveit.egg-info/dependency_links.txt
[9.803s] writing top-level names to moveit.egg-info/top_level.txt
[9.803s] writing manifest file 'moveit.egg-info/SOURCES.txt'
[9.809s] reading manifest file 'moveit.egg-info/SOURCES.txt'
[9.810s] writing manifest file 'moveit.egg-info/SOURCES.txt'
[9.930s] [  8%] Built target ament_cmake_python_build_moveit_egg
[31.170s] [ 13%] [32m[1mLinking CXX shared library libmoveit_py_utils.so[0m
[33.301s] [ 13%] Built target moveit_py_utils
[33.371s] [ 17%] [32mBuilding CXX object CMakeFiles/core.dir/src/moveit/core.cpp.o[0m
[61.089s] [ 21%] [32mBuilding CXX object CMakeFiles/core.dir/src/moveit/moveit_core/robot_model/joint_model_group.cpp.o[0m
[70.291s] [ 26%] [32mBuilding CXX object CMakeFiles/core.dir/src/moveit/moveit_core/robot_model/robot_model.cpp.o[0m
[78.622s] [ 30%] [32mBuilding CXX object CMakeFiles/core.dir/src/moveit/moveit_core/robot_state/robot_state.cpp.o[0m
[90.356s] [ 34%] [32mBuilding CXX object CMakeFiles/core.dir/src/moveit/moveit_core/robot_trajectory/robot_trajectory.cpp.o[0m
[99.793s] [ 39%] [32mBuilding CXX object CMakeFiles/core.dir/src/moveit/moveit_core/robot_model/joint_model.cpp.o[0m
[103.066s] [ 43%] [32mBuilding CXX object CMakeFiles/core.dir/src/moveit/moveit_core/transforms/transforms.cpp.o[0m
[103.066s] [ 47%] [32mBuilding CXX object CMakeFiles/core.dir/src/moveit/moveit_core/planning_scene/planning_scene.cpp.o[0m
[107.934s] [ 52%] [32mBuilding CXX object CMakeFiles/core.dir/src/moveit/moveit_core/planning_interface/planning_response.cpp.o[0m
[107.943s] [ 56%] [32mBuilding CXX object CMakeFiles/core.dir/src/moveit/moveit_core/kinematic_constraints/utils.cpp.o[0m
[107.964s] [ 60%] [32mBuilding CXX object CMakeFiles/core.dir/src/moveit/moveit_core/controller_manager/controller_manager.cpp.o[0m
[132.167s] [ 65%] [32mBuilding CXX object CMakeFiles/core.dir/src/moveit/moveit_core/collision_detection/world.cpp.o[0m
[139.281s] [ 69%] [32mBuilding CXX object CMakeFiles/core.dir/src/moveit/moveit_core/collision_detection/collision_matrix.cpp.o[0m
[148.171s] [ 73%] [32mBuilding CXX object CMakeFiles/core.dir/src/moveit/moveit_core/collision_detection/collision_common.cpp.o[0m
[157.412s] [ 78%] [32m[1mLinking CXX shared module test_moveit/core.cpython-310-x86_64-linux-gnu.so[0m
[161.763s] lto-wrapper: warning: using serial compilation of 3 LTRANS jobs
[175.103s] [ 78%] Built target core
[175.132s] [ 82%] [32mBuilding CXX object CMakeFiles/planning.dir/src/moveit/moveit_ros/planning_scene_monitor/planning_scene_monitor.cpp.o[0m
[175.134s] [ 91%] [32mBuilding CXX object CMakeFiles/planning.dir/src/moveit/planning.cpp.o[0m
[175.134s] [ 95%] [32mBuilding CXX object CMakeFiles/planning.dir/src/moveit/moveit_ros/moveit_cpp/planning_component.cpp.o[0m
[175.134s] [ 95%] [32mBuilding CXX object CMakeFiles/planning.dir/src/moveit/moveit_ros/moveit_cpp/moveit_cpp.cpp.o[0m
[205.245s] [100%] [32m[1mLinking CXX shared module test_moveit/planning.cpython-310-x86_64-linux-gnu.so[0m
[207.671s] lto-wrapper: warning: using serial compilation of 3 LTRANS jobs
[216.250s] [100%] Built target planning
[216.318s] Invoked command in '/home/sazma/ws_future/build/moveit_py' returned '0': AMENT_PREFIX_PATH=/home/sazma/ws_future/install/moveit_ros_planning_interface:/home/sazma/ws_future/install/moveit_ros_move_group:/home/sazma/ws_future/install/moveit_ros_warehouse:/home/sazma/ws_future/install/moveit_kinematics:/home/sazma/ws_future/install/moveit_ros_planning:/home/sazma/ws_future/install/moveit_ros_occupancy_map_monitor:/home/sazma/ws_future/install/moveit_core:/home/sazma/ws_future/install/moveit_msgs:/home/sazma/ws_future/install/moveit_common:${AMENT_PREFIX_PATH} CMAKE_PREFIX_PATH=/home/sazma/ws_future/install/moveit_ros_planning_interface:/home/sazma/ws_future/install/moveit_ros_move_group:/home/sazma/ws_future/install/moveit_ros_warehouse:/home/sazma/ws_future/install/moveit_kinematics:/home/sazma/ws_future/install/moveit_ros_planning:/home/sazma/ws_future/install/moveit_ros_occupancy_map_monitor:/home/sazma/ws_future/install/moveit_core:/home/sazma/ws_future/install/moveit_msgs:/home/sazma/ws_future/install/moveit_common:/home/sazma/ws_future/install/ui_for_debug_and_demo:/home/sazma/ws_future/install/tm_driver:/home/sazma/ws_future/install/demo:/home/sazma/ws_future/install/tm_msgs:/home/sazma/ws_future/install/tm_moveit_cpp_demo:/home/sazma/ws_future/install/tm_moveit_config_tm5x-900:/home/sazma/ws_future/install/tm_moveit_config_tm5x-700:/home/sazma/ws_future/install/tm_moveit_config_tm5-900:/home/sazma/ws_future/install/tm_moveit_config_tm5-700:/home/sazma/ws_future/install/tm_moveit_config_tm14x:/home/sazma/ws_future/install/tm_moveit_config_tm14:/home/sazma/ws_future/install/tm_moveit_config_tm12x:/home/sazma/ws_future/install/tm_moveit_config_tm12:/home/sazma/ws_future/install/tm_description:/home/sazma/ws_future/install/custom_package:/home/sazma/ws_future/install/techman_robot_msgs:/home/sazma/ws_tm/install/ui_for_debug_and_demo:/home/sazma/ws_tm/install/tm_driver:/home/sazma/ws_tm/install/demo:/home/sazma/ws_tm/install/tm_msgs:/home/sazma/ws_tm/install/tm_moveit_cpp_demo:/home/sazma/ws_tm/install/tm_moveit_config_tm5x-900:/home/sazma/ws_tm/install/tm_moveit_config_tm5x-700:/home/sazma/ws_tm/install/tm_moveit_config_tm5-900:/home/sazma/ws_tm/install/tm_moveit_config_tm5-700:/home/sazma/ws_tm/install/tm_moveit_config_tm14x:/home/sazma/ws_tm/install/tm_moveit_config_tm14:/home/sazma/ws_tm/install/tm_moveit_config_tm12x:/home/sazma/ws_tm/install/tm_moveit_config_tm12:/home/sazma/ws_tm/install/tm_description:/home/sazma/ws_tm/install/custom_package:/home/sazma/ws_tm/install/techman_robot_msgs:/home/sazma/ws_future/install/tm_mod_urdf:/home/sazma/ws_future/install/tm_get_status:/home/sazma/ws_tm/install/tm_mod_urdf:/home/sazma/ws_tm/install/tm_get_status:/opt/ros/humble LD_LIBRARY_PATH=/home/sazma/ws_future/install/moveit_ros_planning_interface/lib:/home/sazma/ws_future/install/moveit_ros_move_group/lib:/home/sazma/ws_future/install/moveit_ros_warehouse/lib:/home/sazma/ws_future/install/moveit_kinematics/lib:/home/sazma/ws_future/install/moveit_ros_planning/lib:/home/sazma/ws_future/install/moveit_ros_occupancy_map_monitor/lib:/home/sazma/ws_future/install/moveit_core/lib:/home/sazma/ws_future/install/moveit_msgs/lib:${LD_LIBRARY_PATH} PATH=/home/sazma/ws_future/install/moveit_core/bin:${PATH} PYTHONPATH=/home/sazma/ws_future/install/moveit_msgs/local/lib/python3.10/dist-packages:${PYTHONPATH} /usr/bin/cmake --build /home/sazma/ws_future/build/moveit_py -- -j12 -l12
[216.523s] Invoking command in '/home/sazma/ws_future/build/moveit_py': AMENT_PREFIX_PATH=/home/sazma/ws_future/install/moveit_ros_planning_interface:/home/sazma/ws_future/install/moveit_ros_move_group:/home/sazma/ws_future/install/moveit_ros_warehouse:/home/sazma/ws_future/install/moveit_kinematics:/home/sazma/ws_future/install/moveit_ros_planning:/home/sazma/ws_future/install/moveit_ros_occupancy_map_monitor:/home/sazma/ws_future/install/moveit_core:/home/sazma/ws_future/install/moveit_msgs:/home/sazma/ws_future/install/moveit_common:${AMENT_PREFIX_PATH} CMAKE_PREFIX_PATH=/home/sazma/ws_future/install/moveit_ros_planning_interface:/home/sazma/ws_future/install/moveit_ros_move_group:/home/sazma/ws_future/install/moveit_ros_warehouse:/home/sazma/ws_future/install/moveit_kinematics:/home/sazma/ws_future/install/moveit_ros_planning:/home/sazma/ws_future/install/moveit_ros_occupancy_map_monitor:/home/sazma/ws_future/install/moveit_core:/home/sazma/ws_future/install/moveit_msgs:/home/sazma/ws_future/install/moveit_common:/home/sazma/ws_future/install/ui_for_debug_and_demo:/home/sazma/ws_future/install/tm_driver:/home/sazma/ws_future/install/demo:/home/sazma/ws_future/install/tm_msgs:/home/sazma/ws_future/install/tm_moveit_cpp_demo:/home/sazma/ws_future/install/tm_moveit_config_tm5x-900:/home/sazma/ws_future/install/tm_moveit_config_tm5x-700:/home/sazma/ws_future/install/tm_moveit_config_tm5-900:/home/sazma/ws_future/install/tm_moveit_config_tm5-700:/home/sazma/ws_future/install/tm_moveit_config_tm14x:/home/sazma/ws_future/install/tm_moveit_config_tm14:/home/sazma/ws_future/install/tm_moveit_config_tm12x:/home/sazma/ws_future/install/tm_moveit_config_tm12:/home/sazma/ws_future/install/tm_description:/home/sazma/ws_future/install/custom_package:/home/sazma/ws_future/install/techman_robot_msgs:/home/sazma/ws_tm/install/ui_for_debug_and_demo:/home/sazma/ws_tm/install/tm_driver:/home/sazma/ws_tm/install/demo:/home/sazma/ws_tm/install/tm_msgs:/home/sazma/ws_tm/install/tm_moveit_cpp_demo:/home/sazma/ws_tm/install/tm_moveit_config_tm5x-900:/home/sazma/ws_tm/install/tm_moveit_config_tm5x-700:/home/sazma/ws_tm/install/tm_moveit_config_tm5-900:/home/sazma/ws_tm/install/tm_moveit_config_tm5-700:/home/sazma/ws_tm/install/tm_moveit_config_tm14x:/home/sazma/ws_tm/install/tm_moveit_config_tm14:/home/sazma/ws_tm/install/tm_moveit_config_tm12x:/home/sazma/ws_tm/install/tm_moveit_config_tm12:/home/sazma/ws_tm/install/tm_description:/home/sazma/ws_tm/install/custom_package:/home/sazma/ws_tm/install/techman_robot_msgs:/home/sazma/ws_future/install/tm_mod_urdf:/home/sazma/ws_future/install/tm_get_status:/home/sazma/ws_tm/install/tm_mod_urdf:/home/sazma/ws_tm/install/tm_get_status:/opt/ros/humble LD_LIBRARY_PATH=/home/sazma/ws_future/install/moveit_ros_planning_interface/lib:/home/sazma/ws_future/install/moveit_ros_move_group/lib:/home/sazma/ws_future/install/moveit_ros_warehouse/lib:/home/sazma/ws_future/install/moveit_kinematics/lib:/home/sazma/ws_future/install/moveit_ros_planning/lib:/home/sazma/ws_future/install/moveit_ros_occupancy_map_monitor/lib:/home/sazma/ws_future/install/moveit_core/lib:/home/sazma/ws_future/install/moveit_msgs/lib:${LD_LIBRARY_PATH} PATH=/home/sazma/ws_future/install/moveit_core/bin:${PATH} PYTHONPATH=/home/sazma/ws_future/install/moveit_msgs/local/lib/python3.10/dist-packages:${PYTHONPATH} /usr/bin/cmake --install /home/sazma/ws_future/build/moveit_py
[216.542s] -- Install configuration: ""
[216.554s] -- Installing: /home/sazma/ws_future/install/moveit_py/share/moveit_py/environment/pythonpath.sh
[216.555s] -- Installing: /home/sazma/ws_future/install/moveit_py/share/moveit_py/environment/pythonpath.dsv
[216.555s] -- Installing: /home/sazma/ws_future/install/moveit_py/local/lib/python3.10/dist-packages/moveit-2.8.0-py3.10.egg-info
[216.555s] -- Installing: /home/sazma/ws_future/install/moveit_py/local/lib/python3.10/dist-packages/moveit-2.8.0-py3.10.egg-info/SOURCES.txt
[216.555s] -- Installing: /home/sazma/ws_future/install/moveit_py/local/lib/python3.10/dist-packages/moveit-2.8.0-py3.10.egg-info/dependency_links.txt
[216.556s] -- Installing: /home/sazma/ws_future/install/moveit_py/local/lib/python3.10/dist-packages/moveit-2.8.0-py3.10.egg-info/top_level.txt
[216.556s] -- Installing: /home/sazma/ws_future/install/moveit_py/local/lib/python3.10/dist-packages/moveit-2.8.0-py3.10.egg-info/PKG-INFO
[216.556s] -- Installing: /home/sazma/ws_future/install/moveit_py/local/lib/python3.10/dist-packages/moveit
[216.556s] -- Installing: /home/sazma/ws_future/install/moveit_py/local/lib/python3.10/dist-packages/moveit/README.md
[216.557s] -- Installing: /home/sazma/ws_future/install/moveit_py/local/lib/python3.10/dist-packages/moveit/servo_client
[216.557s] -- Installing: /home/sazma/ws_future/install/moveit_py/local/lib/python3.10/dist-packages/moveit/servo_client/README.md
[216.557s] -- Installing: /home/sazma/ws_future/install/moveit_py/local/lib/python3.10/dist-packages/moveit/servo_client/teleop.py
[216.557s] -- Installing: /home/sazma/ws_future/install/moveit_py/local/lib/python3.10/dist-packages/moveit/servo_client/__init__.py
[216.557s] -- Installing: /home/sazma/ws_future/install/moveit_py/local/lib/python3.10/dist-packages/moveit/servo_client/__init__.pyi
[216.558s] -- Installing: /home/sazma/ws_future/install/moveit_py/local/lib/python3.10/dist-packages/moveit/servo_client/devices
[216.558s] -- Installing: /home/sazma/ws_future/install/moveit_py/local/lib/python3.10/dist-packages/moveit/servo_client/devices/__init__.py
[216.558s] -- Installing: /home/sazma/ws_future/install/moveit_py/local/lib/python3.10/dist-packages/moveit/servo_client/devices/__init__.pyi
[216.558s] -- Installing: /home/sazma/ws_future/install/moveit_py/local/lib/python3.10/dist-packages/moveit/servo_client/devices/ps4_dualshock.pyi
[216.558s] -- Installing: /home/sazma/ws_future/install/moveit_py/local/lib/python3.10/dist-packages/moveit/servo_client/devices/ps4_dualshock.py
[216.558s] -- Installing: /home/sazma/ws_future/install/moveit_py/local/lib/python3.10/dist-packages/moveit/servo_client/teleop.pyi
[216.559s] -- Installing: /home/sazma/ws_future/install/moveit_py/local/lib/python3.10/dist-packages/moveit/__init__.py
[216.559s] -- Installing: /home/sazma/ws_future/install/moveit_py/local/lib/python3.10/dist-packages/moveit/py.typed
[216.559s] -- Installing: /home/sazma/ws_future/install/moveit_py/local/lib/python3.10/dist-packages/moveit/utils.py
[216.559s] -- Installing: /home/sazma/ws_future/install/moveit_py/local/lib/python3.10/dist-packages/moveit/planning.pyi
[216.559s] -- Installing: /home/sazma/ws_future/install/moveit_py/local/lib/python3.10/dist-packages/moveit/core
[216.560s] -- Installing: /home/sazma/ws_future/install/moveit_py/local/lib/python3.10/dist-packages/moveit/core/robot_trajectory.pyi
[216.560s] -- Installing: /home/sazma/ws_future/install/moveit_py/local/lib/python3.10/dist-packages/moveit/core/planning_interface.pyi
[216.560s] -- Installing: /home/sazma/ws_future/install/moveit_py/local/lib/python3.10/dist-packages/moveit/core/__init__.pyi
[216.560s] -- Installing: /home/sazma/ws_future/install/moveit_py/local/lib/python3.10/dist-packages/moveit/core/kinematic_constraints.pyi
[216.560s] -- Installing: /home/sazma/ws_future/install/moveit_py/local/lib/python3.10/dist-packages/moveit/core/collision_detection.pyi
[216.561s] -- Installing: /home/sazma/ws_future/install/moveit_py/local/lib/python3.10/dist-packages/moveit/core/robot_state.pyi
[216.561s] -- Installing: /home/sazma/ws_future/install/moveit_py/local/lib/python3.10/dist-packages/moveit/core/planning_scene.pyi
[216.561s] -- Installing: /home/sazma/ws_future/install/moveit_py/local/lib/python3.10/dist-packages/moveit/core/robot_model.pyi
[216.561s] -- Installing: /home/sazma/ws_future/install/moveit_py/local/lib/python3.10/dist-packages/moveit/core/controller_manager.pyi
[216.561s] -- Installing: /home/sazma/ws_future/install/moveit_py/local/lib/python3.10/dist-packages/moveit/utils.pyi
[216.739s] Listing '/home/sazma/ws_future/install/moveit_py/local/lib/python3.10/dist-packages/moveit'...
[216.739s] Compiling '/home/sazma/ws_future/install/moveit_py/local/lib/python3.10/dist-packages/moveit/__init__.py'...
[216.739s] Listing '/home/sazma/ws_future/install/moveit_py/local/lib/python3.10/dist-packages/moveit/core'...
[216.740s] Listing '/home/sazma/ws_future/install/moveit_py/local/lib/python3.10/dist-packages/moveit/servo_client'...
[216.740s] Compiling '/home/sazma/ws_future/install/moveit_py/local/lib/python3.10/dist-packages/moveit/servo_client/__init__.py'...
[216.740s] Listing '/home/sazma/ws_future/install/moveit_py/local/lib/python3.10/dist-packages/moveit/servo_client/devices'...
[216.740s] Compiling '/home/sazma/ws_future/install/moveit_py/local/lib/python3.10/dist-packages/moveit/servo_client/devices/__init__.py'...
[216.740s] Compiling '/home/sazma/ws_future/install/moveit_py/local/lib/python3.10/dist-packages/moveit/servo_client/devices/ps4_dualshock.py'...
[216.740s] Compiling '/home/sazma/ws_future/install/moveit_py/local/lib/python3.10/dist-packages/moveit/servo_client/teleop.py'...
[216.740s] Compiling '/home/sazma/ws_future/install/moveit_py/local/lib/python3.10/dist-packages/moveit/utils.py'...
[216.764s] -- Installing: /home/sazma/ws_future/install/moveit_py/local/lib/python3.10/dist-packages/moveit/core.cpython-310-x86_64-linux-gnu.so
[216.771s] -- Set runtime path of "/home/sazma/ws_future/install/moveit_py/local/lib/python3.10/dist-packages/moveit/core.cpython-310-x86_64-linux-gnu.so" to ""
[216.771s] -- Installing: /home/sazma/ws_future/install/moveit_py/local/lib/python3.10/dist-packages/moveit/planning.cpython-310-x86_64-linux-gnu.so
[216.775s] -- Set runtime path of "/home/sazma/ws_future/install/moveit_py/local/lib/python3.10/dist-packages/moveit/planning.cpython-310-x86_64-linux-gnu.so" to ""
[216.775s] -- Installing: /home/sazma/ws_future/install/moveit_py/share/moveit_py/environment/library_path.sh
[216.776s] -- Installing: /home/sazma/ws_future/install/moveit_py/share/moveit_py/environment/library_path.dsv
[216.791s] -- Installing: /home/sazma/ws_future/install/moveit_py/share/ament_index/resource_index/package_run_dependencies/moveit_py
[216.791s] -- Installing: /home/sazma/ws_future/install/moveit_py/share/ament_index/resource_index/parent_prefix_path/moveit_py
[216.792s] -- Installing: /home/sazma/ws_future/install/moveit_py/share/moveit_py/environment/ament_prefix_path.sh
[216.792s] -- Installing: /home/sazma/ws_future/install/moveit_py/share/moveit_py/environment/ament_prefix_path.dsv
[216.793s] -- Installing: /home/sazma/ws_future/install/moveit_py/share/moveit_py/environment/path.sh
[216.793s] -- Installing: /home/sazma/ws_future/install/moveit_py/share/moveit_py/environment/path.dsv
[216.794s] -- Installing: /home/sazma/ws_future/install/moveit_py/share/moveit_py/local_setup.bash
[216.794s] -- Installing: /home/sazma/ws_future/install/moveit_py/share/moveit_py/local_setup.sh
[216.795s] -- Installing: /home/sazma/ws_future/install/moveit_py/share/moveit_py/local_setup.zsh
[216.795s] -- Installing: /home/sazma/ws_future/install/moveit_py/share/moveit_py/local_setup.dsv
[216.796s] -- Installing: /home/sazma/ws_future/install/moveit_py/share/moveit_py/package.dsv
[216.796s] -- Installing: /home/sazma/ws_future/install/moveit_py/share/ament_index/resource_index/packages/moveit_py
[216.797s] -- Installing: /home/sazma/ws_future/install/moveit_py/share/moveit_py/cmake/moveit_py_utilsTargetsExport.cmake
[216.798s] -- Installing: /home/sazma/ws_future/install/moveit_py/share/moveit_py/cmake/moveit_py_utilsTargetsExport-noconfig.cmake
[216.798s] -- Installing: /home/sazma/ws_future/install/moveit_py/share/moveit_py/cmake/ament_cmake_export_targets-extras.cmake
[216.799s] -- Installing: /home/sazma/ws_future/install/moveit_py/share/moveit_py/cmake/ament_cmake_export_dependencies-extras.cmake
[216.800s] -- Installing: /home/sazma/ws_future/install/moveit_py/share/moveit_py/cmake/moveit_pyConfig.cmake
[216.800s] -- Installing: /home/sazma/ws_future/install/moveit_py/share/moveit_py/cmake/moveit_pyConfig-version.cmake
[216.801s] -- Installing: /home/sazma/ws_future/install/moveit_py/share/moveit_py/package.xml
[216.802s] -- Installing: /home/sazma/ws_future/install/moveit_py/lib/libmoveit_py_utils.so.
[216.804s] -- Set runtime path of "/home/sazma/ws_future/install/moveit_py/lib/libmoveit_py_utils.so." to ""
[216.805s] -- Installing: /home/sazma/ws_future/install/moveit_py/lib/libmoveit_py_utils.so
[216.805s] -- Installing: /home/sazma/ws_future/install/moveit_py/include/moveit_py
[216.806s] -- Installing: /home/sazma/ws_future/install/moveit_py/include/moveit_py/moveit_py
[216.806s] -- Installing: /home/sazma/ws_future/install/moveit_py/include/moveit_py/moveit_py/moveit_py_utils
[216.806s] -- Installing: /home/sazma/ws_future/install/moveit_py/include/moveit_py/moveit_py/moveit_py_utils/ros_msg_typecasters.h
[216.807s] -- Installing: /home/sazma/ws_future/install/moveit_py/include/moveit_py/moveit_py/moveit_py_utils/copy_ros_msg.h
[216.811s] Invoked command in '/home/sazma/ws_future/build/moveit_py' returned '0': AMENT_PREFIX_PATH=/home/sazma/ws_future/install/moveit_ros_planning_interface:/home/sazma/ws_future/install/moveit_ros_move_group:/home/sazma/ws_future/install/moveit_ros_warehouse:/home/sazma/ws_future/install/moveit_kinematics:/home/sazma/ws_future/install/moveit_ros_planning:/home/sazma/ws_future/install/moveit_ros_occupancy_map_monitor:/home/sazma/ws_future/install/moveit_core:/home/sazma/ws_future/install/moveit_msgs:/home/sazma/ws_future/install/moveit_common:${AMENT_PREFIX_PATH} CMAKE_PREFIX_PATH=/home/sazma/ws_future/install/moveit_ros_planning_interface:/home/sazma/ws_future/install/moveit_ros_move_group:/home/sazma/ws_future/install/moveit_ros_warehouse:/home/sazma/ws_future/install/moveit_kinematics:/home/sazma/ws_future/install/moveit_ros_planning:/home/sazma/ws_future/install/moveit_ros_occupancy_map_monitor:/home/sazma/ws_future/install/moveit_core:/home/sazma/ws_future/install/moveit_msgs:/home/sazma/ws_future/install/moveit_common:/home/sazma/ws_future/install/ui_for_debug_and_demo:/home/sazma/ws_future/install/tm_driver:/home/sazma/ws_future/install/demo:/home/sazma/ws_future/install/tm_msgs:/home/sazma/ws_future/install/tm_moveit_cpp_demo:/home/sazma/ws_future/install/tm_moveit_config_tm5x-900:/home/sazma/ws_future/install/tm_moveit_config_tm5x-700:/home/sazma/ws_future/install/tm_moveit_config_tm5-900:/home/sazma/ws_future/install/tm_moveit_config_tm5-700:/home/sazma/ws_future/install/tm_moveit_config_tm14x:/home/sazma/ws_future/install/tm_moveit_config_tm14:/home/sazma/ws_future/install/tm_moveit_config_tm12x:/home/sazma/ws_future/install/tm_moveit_config_tm12:/home/sazma/ws_future/install/tm_description:/home/sazma/ws_future/install/custom_package:/home/sazma/ws_future/install/techman_robot_msgs:/home/sazma/ws_tm/install/ui_for_debug_and_demo:/home/sazma/ws_tm/install/tm_driver:/home/sazma/ws_tm/install/demo:/home/sazma/ws_tm/install/tm_msgs:/home/sazma/ws_tm/install/tm_moveit_cpp_demo:/home/sazma/ws_tm/install/tm_moveit_config_tm5x-900:/home/sazma/ws_tm/install/tm_moveit_config_tm5x-700:/home/sazma/ws_tm/install/tm_moveit_config_tm5-900:/home/sazma/ws_tm/install/tm_moveit_config_tm5-700:/home/sazma/ws_tm/install/tm_moveit_config_tm14x:/home/sazma/ws_tm/install/tm_moveit_config_tm14:/home/sazma/ws_tm/install/tm_moveit_config_tm12x:/home/sazma/ws_tm/install/tm_moveit_config_tm12:/home/sazma/ws_tm/install/tm_description:/home/sazma/ws_tm/install/custom_package:/home/sazma/ws_tm/install/techman_robot_msgs:/home/sazma/ws_future/install/tm_mod_urdf:/home/sazma/ws_future/install/tm_get_status:/home/sazma/ws_tm/install/tm_mod_urdf:/home/sazma/ws_tm/install/tm_get_status:/opt/ros/humble LD_LIBRARY_PATH=/home/sazma/ws_future/install/moveit_ros_planning_interface/lib:/home/sazma/ws_future/install/moveit_ros_move_group/lib:/home/sazma/ws_future/install/moveit_ros_warehouse/lib:/home/sazma/ws_future/install/moveit_kinematics/lib:/home/sazma/ws_future/install/moveit_ros_planning/lib:/home/sazma/ws_future/install/moveit_ros_occupancy_map_monitor/lib:/home/sazma/ws_future/install/moveit_core/lib:/home/sazma/ws_future/install/moveit_msgs/lib:${LD_LIBRARY_PATH} PATH=/home/sazma/ws_future/install/moveit_core/bin:${PATH} PYTHONPATH=/home/sazma/ws_future/install/moveit_msgs/local/lib/python3.10/dist-packages:${PYTHONPATH} /usr/bin/cmake --install /home/sazma/ws_future/build/moveit_py
