[0.000000] (-) TimerEvent: {}
[0.000101] (-) JobUnselected: {'identifier': 'chomp_motion_planner'}
[0.000128] (-) JobUnselected: {'identifier': 'custom_package'}
[0.000148] (-) JobUnselected: {'identifier': 'demo'}
[0.000166] (-) JobUnselected: {'identifier': 'demo_tmr5_900'}
[0.000182] (-) JobUnselected: {'identifier': 'dual_arm_panda_moveit_config'}
[0.000198] (-) JobUnselected: {'identifier': 'kinova_gen3_6dof_robotiq_2f_85_moveit_config'}
[0.000215] (-) JobUnselected: {'identifier': 'kinova_gen3_7dof_robotiq_2f_85_moveit_config'}
[0.000231] (-) JobUnselected: {'identifier': 'kortex_api'}
[0.000246] (-) JobUnselected: {'identifier': 'kortex_bringup'}
[0.000262] (-) JobUnselected: {'identifier': 'kortex_description'}
[0.000278] (-) JobUnselected: {'identifier': 'kortex_driver'}
[0.000294] (-) JobUnselected: {'identifier': 'moveit'}
[0.000309] (-) JobUnselected: {'identifier': 'moveit2_tutorials'}
[0.000325] (-) JobUnselected: {'identifier': 'moveit_chomp_optimizer_adapter'}
[0.000341] (-) JobUnselected: {'identifier': 'moveit_common'}
[0.000357] (-) JobUnselected: {'identifier': 'moveit_configs_utils'}
[0.000372] (-) JobUnselected: {'identifier': 'moveit_core'}
[0.000388] (-) JobUnselected: {'identifier': 'moveit_hybrid_planning'}
[0.000403] (-) JobUnselected: {'identifier': 'moveit_kinematics'}
[0.000423] (-) JobUnselected: {'identifier': 'moveit_msgs'}
[0.000439] (-) JobUnselected: {'identifier': 'moveit_planners'}
[0.000454] (-) JobUnselected: {'identifier': 'moveit_planners_chomp'}
[0.000469] (-) JobUnselected: {'identifier': 'moveit_planners_ompl'}
[0.000485] (-) JobUnselected: {'identifier': 'moveit_planners_stomp'}
[0.000500] (-) JobUnselected: {'identifier': 'moveit_plugins'}
[0.000516] (-) JobUnselected: {'identifier': 'moveit_py'}
[0.000531] (-) JobUnselected: {'identifier': 'moveit_resources'}
[0.000546] (-) JobUnselected: {'identifier': 'moveit_resources_fanuc_description'}
[0.000562] (-) JobUnselected: {'identifier': 'moveit_resources_fanuc_moveit_config'}
[0.000577] (-) JobUnselected: {'identifier': 'moveit_resources_panda_description'}
[0.000593] (-) JobUnselected: {'identifier': 'moveit_resources_panda_moveit_config'}
[0.000608] (-) JobUnselected: {'identifier': 'moveit_resources_pr2_description'}
[0.000624] (-) JobUnselected: {'identifier': 'moveit_resources_prbt_ikfast_manipulator_plugin'}
[0.000639] (-) JobUnselected: {'identifier': 'moveit_resources_prbt_moveit_config'}
[0.000654] (-) JobUnselected: {'identifier': 'moveit_resources_prbt_pg70_support'}
[0.000670] (-) JobUnselected: {'identifier': 'moveit_resources_prbt_support'}
[0.000685] (-) JobUnselected: {'identifier': 'moveit_ros'}
[0.000700] (-) JobUnselected: {'identifier': 'moveit_ros_benchmarks'}
[0.000715] (-) JobUnselected: {'identifier': 'moveit_ros_control_interface'}
[0.000731] (-) JobUnselected: {'identifier': 'moveit_ros_move_group'}
[0.000746] (-) JobUnselected: {'identifier': 'moveit_ros_occupancy_map_monitor'}
[0.000761] (-) JobUnselected: {'identifier': 'moveit_ros_perception'}
[0.000776] (-) JobUnselected: {'identifier': 'moveit_ros_planning'}
[0.000791] (-) JobUnselected: {'identifier': 'moveit_ros_planning_interface'}
[0.000806] (-) JobUnselected: {'identifier': 'moveit_ros_robot_interaction'}
[0.000822] (-) JobUnselected: {'identifier': 'moveit_ros_visualization'}
[0.000837] (-) JobUnselected: {'identifier': 'moveit_ros_warehouse'}
[0.000852] (-) JobUnselected: {'identifier': 'moveit_runtime'}
[0.000867] (-) JobUnselected: {'identifier': 'moveit_servo'}
[0.000882] (-) JobUnselected: {'identifier': 'moveit_setup_app_plugins'}
[0.000897] (-) JobUnselected: {'identifier': 'moveit_setup_assistant'}
[0.000912] (-) JobUnselected: {'identifier': 'moveit_setup_controllers'}
[0.000927] (-) JobUnselected: {'identifier': 'moveit_setup_core_plugins'}
[0.000942] (-) JobUnselected: {'identifier': 'moveit_setup_framework'}
[0.000957] (-) JobUnselected: {'identifier': 'moveit_setup_srdf_plugins'}
[0.000973] (-) JobUnselected: {'identifier': 'moveit_simple_controller_manager'}
[0.000988] (-) JobUnselected: {'identifier': 'moveit_task_constructor_capabilities'}
[0.001060] (-) JobUnselected: {'identifier': 'moveit_task_constructor_core'}
[0.001077] (-) JobUnselected: {'identifier': 'moveit_task_constructor_demo'}
[0.001093] (-) JobUnselected: {'identifier': 'moveit_task_constructor_msgs'}
[0.001109] (-) JobUnselected: {'identifier': 'moveit_task_constructor_visualization'}
[0.001124] (-) JobUnselected: {'identifier': 'moveit_visual_tools'}
[0.001140] (-) JobUnselected: {'identifier': 'pick_ik'}
[0.001155] (-) JobUnselected: {'identifier': 'pilz_industrial_motion_planner'}
[0.001171] (-) JobUnselected: {'identifier': 'pilz_industrial_motion_planner_testutils'}
[0.001186] (-) JobUnselected: {'identifier': 'rviz_marker_tools'}
[0.001201] (-) JobUnselected: {'identifier': 'rviz_visual_tools'}
[0.001217] (-) JobUnselected: {'identifier': 'techman_robot_msgs'}
[0.001232] (-) JobUnselected: {'identifier': 'tm_description'}
[0.001248] (-) JobUnselected: {'identifier': 'tm_driver'}
[0.001263] (-) JobUnselected: {'identifier': 'tm_get_status'}
[0.001279] (-) JobUnselected: {'identifier': 'tm_mod_urdf'}
[0.001294] (-) JobUnselected: {'identifier': 'tm_moveit_config_tm12'}
[0.001309] (-) JobUnselected: {'identifier': 'tm_moveit_config_tm12x'}
[0.001325] (-) JobUnselected: {'identifier': 'tm_moveit_config_tm14'}
[0.001340] (-) JobUnselected: {'identifier': 'tm_moveit_config_tm14x'}
[0.001356] (-) JobUnselected: {'identifier': 'tm_moveit_config_tm5-700'}
[0.001377] (-) JobUnselected: {'identifier': 'tm_moveit_config_tm5-900'}
[0.001393] (-) JobUnselected: {'identifier': 'tm_moveit_config_tm5x-700'}
[0.001415] (-) JobUnselected: {'identifier': 'tm_moveit_config_tm5x-900'}
[0.001484] (-) JobUnselected: {'identifier': 'tm_moveit_cpp_demo'}
[0.001501] (-) JobUnselected: {'identifier': 'tm_msgs'}
[0.001517] (-) JobUnselected: {'identifier': 'ui_for_debug_and_demo'}
[0.001533] (-) EventReactorShutdown: {}
