[0.856s] Invoking command in '/home/sazma/ws_future/build/techman_robot_msgs': CMAKE_PREFIX_PATH=${CMAKE_PREFIX_PATH}:/home/sazma/ws_future/install/tm_mod_urdf:/home/sazma/ws_future/install/tm_get_status:/home/sazma/ws_future/install/moveit_configs_utils:/opt/ros/humble /usr/bin/cmake --build /home/sazma/ws_future/build/techman_robot_msgs -- -j12 -l12
[1.433s] [  3%] Built target techman_robot_msgs__cpp
[1.433s] [ 12%] Built target techman_robot_msgs__rosidl_generator_c
[1.434s] [ 12%] Built target ament_cmake_python_copy_techman_robot_msgs
[1.434s] [ 22%] Built target techman_robot_msgs__rosidl_typesupport_c
[1.434s] [ 32%] Built target techman_robot_msgs__rosidl_typesupport_introspection_c
[1.434s] [ 41%] Built target techman_robot_msgs__rosidl_typesupport_cpp
[1.434s] [ 51%] Built target techman_robot_msgs__rosidl_typesupport_fastrtps_c
[1.434s] [ 61%] Built target techman_robot_msgs__rosidl_typesupport_introspection_cpp
[1.434s] [ 70%] Built target techman_robot_msgs__rosidl_typesupport_fastrtps_cpp
[1.435s] [ 70%] Built target techman_robot_msgs
[1.435s] [ 74%] Built target techman_robot_msgs__py
[1.435s] [ 80%] Built target techman_robot_msgs__rosidl_generator_py
[1.435s] [ 93%] Built target techman_robot_msgs__rosidl_typesupport_fastrtps_c__pyext
[1.435s] [ 93%] Built target techman_robot_msgs__rosidl_typesupport_introspection_c__pyext
[1.435s] [100%] Built target techman_robot_msgs__rosidl_typesupport_c__pyext
[1.435s] running egg_info
[1.435s] writing techman_robot_msgs.egg-info/PKG-INFO
[1.435s] writing dependency_links to techman_robot_msgs.egg-info/dependency_links.txt
[1.435s] writing top-level names to techman_robot_msgs.egg-info/top_level.txt
[1.435s] reading manifest file 'techman_robot_msgs.egg-info/SOURCES.txt'
[1.435s] writing manifest file 'techman_robot_msgs.egg-info/SOURCES.txt'
[1.435s] [100%] Built target ament_cmake_python_build_techman_robot_msgs_egg
[1.595s] Invoked command in '/home/sazma/ws_future/build/techman_robot_msgs' returned '0': CMAKE_PREFIX_PATH=${CMAKE_PREFIX_PATH}:/home/sazma/ws_future/install/tm_mod_urdf:/home/sazma/ws_future/install/tm_get_status:/home/sazma/ws_future/install/moveit_configs_utils:/opt/ros/humble /usr/bin/cmake --build /home/sazma/ws_future/build/techman_robot_msgs -- -j12 -l12
[2.078s] Invoking command in '/home/sazma/ws_future/build/techman_robot_msgs': CMAKE_PREFIX_PATH=${CMAKE_PREFIX_PATH}:/home/sazma/ws_future/install/tm_mod_urdf:/home/sazma/ws_future/install/tm_get_status:/home/sazma/ws_future/install/moveit_configs_utils:/opt/ros/humble /usr/bin/cmake --install /home/sazma/ws_future/build/techman_robot_msgs
[2.089s] -- Install configuration: ""
[2.089s] -- Up-to-date: /home/sazma/ws_future/install/techman_robot_msgs/share/ament_index/resource_index/rosidl_interfaces/techman_robot_msgs
[2.089s] -- Up-to-date: /home/sazma/ws_future/install/techman_robot_msgs/include/techman_robot_msgs/techman_robot_msgs
[2.090s] -- Up-to-date: /home/sazma/ws_future/install/techman_robot_msgs/include/techman_robot_msgs/techman_robot_msgs/msg
[2.091s] -- Up-to-date: /home/sazma/ws_future/install/techman_robot_msgs/include/techman_robot_msgs/techman_robot_msgs/msg/rosidl_generator_c__visibility_control.h
[2.091s] -- Up-to-date: /home/sazma/ws_future/install/techman_robot_msgs/include/techman_robot_msgs/techman_robot_msgs/srv
[2.091s] -- Up-to-date: /home/sazma/ws_future/install/techman_robot_msgs/include/techman_robot_msgs/techman_robot_msgs/srv/detail
[2.091s] -- Up-to-date: /home/sazma/ws_future/install/techman_robot_msgs/include/techman_robot_msgs/techman_robot_msgs/srv/detail/techman_robot_command__functions.c
[2.091s] -- Up-to-date: /home/sazma/ws_future/install/techman_robot_msgs/include/techman_robot_msgs/techman_robot_msgs/srv/detail/techman_robot_command__struct.h
[2.091s] -- Up-to-date: /home/sazma/ws_future/install/techman_robot_msgs/include/techman_robot_msgs/techman_robot_msgs/srv/detail/techman_robot_command__type_support.h
[2.091s] -- Up-to-date: /home/sazma/ws_future/install/techman_robot_msgs/include/techman_robot_msgs/techman_robot_msgs/srv/detail/techman_robot_command__functions.h
[2.092s] -- Up-to-date: /home/sazma/ws_future/install/techman_robot_msgs/include/techman_robot_msgs/techman_robot_msgs/srv/techman_robot_command.h
[2.092s] -- Up-to-date: /home/sazma/ws_future/install/techman_robot_msgs/share/techman_robot_msgs/environment/library_path.sh
[2.092s] -- Up-to-date: /home/sazma/ws_future/install/techman_robot_msgs/share/techman_robot_msgs/environment/library_path.dsv
[2.092s] -- Up-to-date: /home/sazma/ws_future/install/techman_robot_msgs/lib/libtechman_robot_msgs__rosidl_generator_c.so
[2.092s] -- Up-to-date: /home/sazma/ws_future/install/techman_robot_msgs/include/techman_robot_msgs/techman_robot_msgs
[2.092s] -- Up-to-date: /home/sazma/ws_future/install/techman_robot_msgs/include/techman_robot_msgs/techman_robot_msgs/msg
[2.092s] -- Up-to-date: /home/sazma/ws_future/install/techman_robot_msgs/include/techman_robot_msgs/techman_robot_msgs/msg/rosidl_typesupport_fastrtps_c__visibility_control.h
[2.093s] -- Up-to-date: /home/sazma/ws_future/install/techman_robot_msgs/include/techman_robot_msgs/techman_robot_msgs/srv
[2.093s] -- Up-to-date: /home/sazma/ws_future/install/techman_robot_msgs/include/techman_robot_msgs/techman_robot_msgs/srv/detail
[2.093s] -- Up-to-date: /home/sazma/ws_future/install/techman_robot_msgs/include/techman_robot_msgs/techman_robot_msgs/srv/detail/techman_robot_command__rosidl_typesupport_fastrtps_c.h
[2.094s] -- Up-to-date: /home/sazma/ws_future/install/techman_robot_msgs/lib/libtechman_robot_msgs__rosidl_typesupport_fastrtps_c.so
[2.095s] -- Up-to-date: /home/sazma/ws_future/install/techman_robot_msgs/include/techman_robot_msgs/techman_robot_msgs
[2.095s] -- Up-to-date: /home/sazma/ws_future/install/techman_robot_msgs/include/techman_robot_msgs/techman_robot_msgs/msg
[2.095s] -- Up-to-date: /home/sazma/ws_future/install/techman_robot_msgs/include/techman_robot_msgs/techman_robot_msgs/msg/rosidl_typesupport_introspection_c__visibility_control.h
[2.095s] -- Up-to-date: /home/sazma/ws_future/install/techman_robot_msgs/include/techman_robot_msgs/techman_robot_msgs/srv
[2.095s] -- Up-to-date: /home/sazma/ws_future/install/techman_robot_msgs/include/techman_robot_msgs/techman_robot_msgs/srv/detail
[2.095s] -- Up-to-date: /home/sazma/ws_future/install/techman_robot_msgs/include/techman_robot_msgs/techman_robot_msgs/srv/detail/techman_robot_command__rosidl_typesupport_introspection_c.h
[2.095s] -- Up-to-date: /home/sazma/ws_future/install/techman_robot_msgs/include/techman_robot_msgs/techman_robot_msgs/srv/detail/techman_robot_command__type_support.c
[2.095s] -- Up-to-date: /home/sazma/ws_future/install/techman_robot_msgs/lib/libtechman_robot_msgs__rosidl_typesupport_introspection_c.so
[2.095s] -- Up-to-date: /home/sazma/ws_future/install/techman_robot_msgs/lib/libtechman_robot_msgs__rosidl_typesupport_c.so
[2.096s] -- Up-to-date: /home/sazma/ws_future/install/techman_robot_msgs/include/techman_robot_msgs/techman_robot_msgs
[2.102s] -- Up-to-date: /home/sazma/ws_future/install/techman_robot_msgs/include/techman_robot_msgs/techman_robot_msgs/srv
[2.102s] -- Up-to-date: /home/sazma/ws_future/install/techman_robot_msgs/include/techman_robot_msgs/techman_robot_msgs/srv/detail
[2.103s] -- Up-to-date: /home/sazma/ws_future/install/techman_robot_msgs/include/techman_robot_msgs/techman_robot_msgs/srv/detail/techman_robot_command__builder.hpp
[2.103s] -- Up-to-date: /home/sazma/ws_future/install/techman_robot_msgs/include/techman_robot_msgs/techman_robot_msgs/srv/detail/techman_robot_command__traits.hpp
[2.103s] -- Up-to-date: /home/sazma/ws_future/install/techman_robot_msgs/include/techman_robot_msgs/techman_robot_msgs/srv/detail/techman_robot_command__struct.hpp
[2.103s] -- Up-to-date: /home/sazma/ws_future/install/techman_robot_msgs/include/techman_robot_msgs/techman_robot_msgs/srv/techman_robot_command.hpp
[2.103s] -- Up-to-date: /home/sazma/ws_future/install/techman_robot_msgs/include/techman_robot_msgs/techman_robot_msgs
[2.103s] -- Up-to-date: /home/sazma/ws_future/install/techman_robot_msgs/include/techman_robot_msgs/techman_robot_msgs/msg
[2.103s] -- Up-to-date: /home/sazma/ws_future/install/techman_robot_msgs/include/techman_robot_msgs/techman_robot_msgs/msg/rosidl_typesupport_fastrtps_cpp__visibility_control.h
[2.103s] -- Up-to-date: /home/sazma/ws_future/install/techman_robot_msgs/include/techman_robot_msgs/techman_robot_msgs/srv
[2.104s] -- Up-to-date: /home/sazma/ws_future/install/techman_robot_msgs/include/techman_robot_msgs/techman_robot_msgs/srv/detail
[2.104s] -- Up-to-date: /home/sazma/ws_future/install/techman_robot_msgs/include/techman_robot_msgs/techman_robot_msgs/srv/detail/techman_robot_command__rosidl_typesupport_fastrtps_cpp.hpp
[2.104s] -- Up-to-date: /home/sazma/ws_future/install/techman_robot_msgs/include/techman_robot_msgs/techman_robot_msgs/srv/detail/dds_fastrtps
[2.104s] -- Up-to-date: /home/sazma/ws_future/install/techman_robot_msgs/lib/libtechman_robot_msgs__rosidl_typesupport_fastrtps_cpp.so
[2.104s] -- Up-to-date: /home/sazma/ws_future/install/techman_robot_msgs/include/techman_robot_msgs/techman_robot_msgs
[2.104s] -- Up-to-date: /home/sazma/ws_future/install/techman_robot_msgs/include/techman_robot_msgs/techman_robot_msgs/srv
[2.104s] -- Up-to-date: /home/sazma/ws_future/install/techman_robot_msgs/include/techman_robot_msgs/techman_robot_msgs/srv/detail
[2.104s] -- Up-to-date: /home/sazma/ws_future/install/techman_robot_msgs/include/techman_robot_msgs/techman_robot_msgs/srv/detail/techman_robot_command__type_support.cpp
[2.104s] -- Up-to-date: /home/sazma/ws_future/install/techman_robot_msgs/include/techman_robot_msgs/techman_robot_msgs/srv/detail/techman_robot_command__rosidl_typesupport_introspection_cpp.hpp
[2.106s] -- Up-to-date: /home/sazma/ws_future/install/techman_robot_msgs/lib/libtechman_robot_msgs__rosidl_typesupport_introspection_cpp.so
[2.108s] -- Up-to-date: /home/sazma/ws_future/install/techman_robot_msgs/lib/libtechman_robot_msgs__rosidl_typesupport_cpp.so
[2.109s] -- Up-to-date: /home/sazma/ws_future/install/techman_robot_msgs/share/techman_robot_msgs/environment/pythonpath.sh
[2.109s] -- Up-to-date: /home/sazma/ws_future/install/techman_robot_msgs/share/techman_robot_msgs/environment/pythonpath.dsv
[2.109s] -- Up-to-date: /home/sazma/ws_future/install/techman_robot_msgs/local/lib/python3.10/dist-packages/techman_robot_msgs-1.0.0-py3.10.egg-info
[2.109s] -- Installing: /home/sazma/ws_future/install/techman_robot_msgs/local/lib/python3.10/dist-packages/techman_robot_msgs-1.0.0-py3.10.egg-info/SOURCES.txt
[2.110s] -- Installing: /home/sazma/ws_future/install/techman_robot_msgs/local/lib/python3.10/dist-packages/techman_robot_msgs-1.0.0-py3.10.egg-info/dependency_links.txt
[2.110s] -- Installing: /home/sazma/ws_future/install/techman_robot_msgs/local/lib/python3.10/dist-packages/techman_robot_msgs-1.0.0-py3.10.egg-info/top_level.txt
[2.111s] -- Installing: /home/sazma/ws_future/install/techman_robot_msgs/local/lib/python3.10/dist-packages/techman_robot_msgs-1.0.0-py3.10.egg-info/PKG-INFO
[2.112s] -- Up-to-date: /home/sazma/ws_future/install/techman_robot_msgs/local/lib/python3.10/dist-packages/techman_robot_msgs
[2.113s] -- Up-to-date: /home/sazma/ws_future/install/techman_robot_msgs/local/lib/python3.10/dist-packages/techman_robot_msgs/__init__.py
[2.113s] -- Up-to-date: /home/sazma/ws_future/install/techman_robot_msgs/local/lib/python3.10/dist-packages/techman_robot_msgs/_techman_robot_msgs_s.ep.rosidl_typesupport_fastrtps_c.c
[2.113s] -- Up-to-date: /home/sazma/ws_future/install/techman_robot_msgs/local/lib/python3.10/dist-packages/techman_robot_msgs/libtechman_robot_msgs__rosidl_generator_py.so
[2.113s] -- Up-to-date: /home/sazma/ws_future/install/techman_robot_msgs/local/lib/python3.10/dist-packages/techman_robot_msgs/_techman_robot_msgs_s.ep.rosidl_typesupport_introspection_c.c
[2.113s] -- Up-to-date: /home/sazma/ws_future/install/techman_robot_msgs/local/lib/python3.10/dist-packages/techman_robot_msgs/techman_robot_msgs_s__rosidl_typesupport_c.cpython-310-x86_64-linux-gnu.so
[2.113s] -- Up-to-date: /home/sazma/ws_future/install/techman_robot_msgs/local/lib/python3.10/dist-packages/techman_robot_msgs/_techman_robot_msgs_s.ep.rosidl_typesupport_c.c
[2.114s] -- Up-to-date: /home/sazma/ws_future/install/techman_robot_msgs/local/lib/python3.10/dist-packages/techman_robot_msgs/techman_robot_msgs_s__rosidl_typesupport_introspection_c.cpython-310-x86_64-linux-gnu.so
[2.114s] -- Up-to-date: /home/sazma/ws_future/install/techman_robot_msgs/local/lib/python3.10/dist-packages/techman_robot_msgs/srv
[2.114s] -- Up-to-date: /home/sazma/ws_future/install/techman_robot_msgs/local/lib/python3.10/dist-packages/techman_robot_msgs/srv/__init__.py
[2.114s] -- Up-to-date: /home/sazma/ws_future/install/techman_robot_msgs/local/lib/python3.10/dist-packages/techman_robot_msgs/srv/_techman_robot_command.py
[2.114s] -- Up-to-date: /home/sazma/ws_future/install/techman_robot_msgs/local/lib/python3.10/dist-packages/techman_robot_msgs/srv/_techman_robot_command_s.c
[2.114s] -- Up-to-date: /home/sazma/ws_future/install/techman_robot_msgs/local/lib/python3.10/dist-packages/techman_robot_msgs/techman_robot_msgs_s__rosidl_typesupport_fastrtps_c.cpython-310-x86_64-linux-gnu.so
[2.129s] Listing '/home/sazma/ws_future/install/techman_robot_msgs/local/lib/python3.10/dist-packages/techman_robot_msgs'...
[2.129s] Listing '/home/sazma/ws_future/install/techman_robot_msgs/local/lib/python3.10/dist-packages/techman_robot_msgs/srv'...
[2.133s] -- Up-to-date: /home/sazma/ws_future/install/techman_robot_msgs/local/lib/python3.10/dist-packages/techman_robot_msgs/techman_robot_msgs_s__rosidl_typesupport_fastrtps_c.cpython-310-x86_64-linux-gnu.so
[2.134s] -- Up-to-date: /home/sazma/ws_future/install/techman_robot_msgs/local/lib/python3.10/dist-packages/techman_robot_msgs/techman_robot_msgs_s__rosidl_typesupport_introspection_c.cpython-310-x86_64-linux-gnu.so
[2.135s] -- Up-to-date: /home/sazma/ws_future/install/techman_robot_msgs/local/lib/python3.10/dist-packages/techman_robot_msgs/techman_robot_msgs_s__rosidl_typesupport_c.cpython-310-x86_64-linux-gnu.so
[2.135s] -- Up-to-date: /home/sazma/ws_future/install/techman_robot_msgs/lib/libtechman_robot_msgs__rosidl_generator_py.so
[2.136s] -- Up-to-date: /home/sazma/ws_future/install/techman_robot_msgs/share/techman_robot_msgs/srv/TechmanRobotCommand.idl
[2.137s] -- Up-to-date: /home/sazma/ws_future/install/techman_robot_msgs/share/techman_robot_msgs/srv/TechmanRobotCommand.srv
[2.138s] -- Up-to-date: /home/sazma/ws_future/install/techman_robot_msgs/share/techman_robot_msgs/srv/TechmanRobotCommand_Request.msg
[2.138s] -- Up-to-date: /home/sazma/ws_future/install/techman_robot_msgs/share/techman_robot_msgs/srv/TechmanRobotCommand_Response.msg
[2.139s] -- Up-to-date: /home/sazma/ws_future/install/techman_robot_msgs/share/ament_index/resource_index/package_run_dependencies/techman_robot_msgs
[2.139s] -- Up-to-date: /home/sazma/ws_future/install/techman_robot_msgs/share/ament_index/resource_index/parent_prefix_path/techman_robot_msgs
[2.140s] -- Up-to-date: /home/sazma/ws_future/install/techman_robot_msgs/share/techman_robot_msgs/environment/ament_prefix_path.sh
[2.140s] -- Up-to-date: /home/sazma/ws_future/install/techman_robot_msgs/share/techman_robot_msgs/environment/ament_prefix_path.dsv
[2.141s] -- Up-to-date: /home/sazma/ws_future/install/techman_robot_msgs/share/techman_robot_msgs/environment/path.sh
[2.142s] -- Up-to-date: /home/sazma/ws_future/install/techman_robot_msgs/share/techman_robot_msgs/environment/path.dsv
[2.142s] -- Up-to-date: /home/sazma/ws_future/install/techman_robot_msgs/share/techman_robot_msgs/local_setup.bash
[2.142s] -- Up-to-date: /home/sazma/ws_future/install/techman_robot_msgs/share/techman_robot_msgs/local_setup.sh
[2.143s] -- Up-to-date: /home/sazma/ws_future/install/techman_robot_msgs/share/techman_robot_msgs/local_setup.zsh
[2.143s] -- Up-to-date: /home/sazma/ws_future/install/techman_robot_msgs/share/techman_robot_msgs/local_setup.dsv
[2.143s] -- Installing: /home/sazma/ws_future/install/techman_robot_msgs/share/techman_robot_msgs/package.dsv
[2.144s] -- Up-to-date: /home/sazma/ws_future/install/techman_robot_msgs/share/ament_index/resource_index/packages/techman_robot_msgs
[2.145s] -- Up-to-date: /home/sazma/ws_future/install/techman_robot_msgs/share/techman_robot_msgs/cmake/export_techman_robot_msgs__rosidl_generator_cExport.cmake
[2.145s] -- Up-to-date: /home/sazma/ws_future/install/techman_robot_msgs/share/techman_robot_msgs/cmake/export_techman_robot_msgs__rosidl_generator_cExport-noconfig.cmake
[2.145s] -- Up-to-date: /home/sazma/ws_future/install/techman_robot_msgs/share/techman_robot_msgs/cmake/export_techman_robot_msgs__rosidl_typesupport_fastrtps_cExport.cmake
[2.146s] -- Up-to-date: /home/sazma/ws_future/install/techman_robot_msgs/share/techman_robot_msgs/cmake/export_techman_robot_msgs__rosidl_typesupport_fastrtps_cExport-noconfig.cmake
[2.146s] -- Up-to-date: /home/sazma/ws_future/install/techman_robot_msgs/share/techman_robot_msgs/cmake/techman_robot_msgs__rosidl_typesupport_introspection_cExport.cmake
[2.146s] -- Up-to-date: /home/sazma/ws_future/install/techman_robot_msgs/share/techman_robot_msgs/cmake/techman_robot_msgs__rosidl_typesupport_introspection_cExport-noconfig.cmake
[2.147s] -- Up-to-date: /home/sazma/ws_future/install/techman_robot_msgs/share/techman_robot_msgs/cmake/techman_robot_msgs__rosidl_typesupport_cExport.cmake
[2.147s] -- Up-to-date: /home/sazma/ws_future/install/techman_robot_msgs/share/techman_robot_msgs/cmake/techman_robot_msgs__rosidl_typesupport_cExport-noconfig.cmake
[2.148s] -- Up-to-date: /home/sazma/ws_future/install/techman_robot_msgs/share/techman_robot_msgs/cmake/export_techman_robot_msgs__rosidl_generator_cppExport.cmake
[2.148s] -- Up-to-date: /home/sazma/ws_future/install/techman_robot_msgs/share/techman_robot_msgs/cmake/export_techman_robot_msgs__rosidl_typesupport_fastrtps_cppExport.cmake
[2.148s] -- Up-to-date: /home/sazma/ws_future/install/techman_robot_msgs/share/techman_robot_msgs/cmake/export_techman_robot_msgs__rosidl_typesupport_fastrtps_cppExport-noconfig.cmake
[2.149s] -- Up-to-date: /home/sazma/ws_future/install/techman_robot_msgs/share/techman_robot_msgs/cmake/techman_robot_msgs__rosidl_typesupport_introspection_cppExport.cmake
[2.149s] -- Up-to-date: /home/sazma/ws_future/install/techman_robot_msgs/share/techman_robot_msgs/cmake/techman_robot_msgs__rosidl_typesupport_introspection_cppExport-noconfig.cmake
[2.151s] -- Up-to-date: /home/sazma/ws_future/install/techman_robot_msgs/share/techman_robot_msgs/cmake/techman_robot_msgs__rosidl_typesupport_cppExport.cmake
[2.151s] -- Up-to-date: /home/sazma/ws_future/install/techman_robot_msgs/share/techman_robot_msgs/cmake/techman_robot_msgs__rosidl_typesupport_cppExport-noconfig.cmake
[2.151s] -- Up-to-date: /home/sazma/ws_future/install/techman_robot_msgs/share/techman_robot_msgs/cmake/export_techman_robot_msgs__rosidl_generator_pyExport.cmake
[2.152s] -- Up-to-date: /home/sazma/ws_future/install/techman_robot_msgs/share/techman_robot_msgs/cmake/export_techman_robot_msgs__rosidl_generator_pyExport-noconfig.cmake
[2.152s] -- Up-to-date: /home/sazma/ws_future/install/techman_robot_msgs/share/techman_robot_msgs/cmake/rosidl_cmake-extras.cmake
[2.152s] -- Up-to-date: /home/sazma/ws_future/install/techman_robot_msgs/share/techman_robot_msgs/cmake/ament_cmake_export_include_directories-extras.cmake
[2.153s] -- Up-to-date: /home/sazma/ws_future/install/techman_robot_msgs/share/techman_robot_msgs/cmake/ament_cmake_export_libraries-extras.cmake
[2.153s] -- Up-to-date: /home/sazma/ws_future/install/techman_robot_msgs/share/techman_robot_msgs/cmake/ament_cmake_export_targets-extras.cmake
[2.153s] -- Up-to-date: /home/sazma/ws_future/install/techman_robot_msgs/share/techman_robot_msgs/cmake/rosidl_cmake_export_typesupport_targets-extras.cmake
[2.154s] -- Up-to-date: /home/sazma/ws_future/install/techman_robot_msgs/share/techman_robot_msgs/cmake/ament_cmake_export_dependencies-extras.cmake
[2.154s] -- Up-to-date: /home/sazma/ws_future/install/techman_robot_msgs/share/techman_robot_msgs/cmake/rosidl_cmake_export_typesupport_libraries-extras.cmake
[2.155s] -- Up-to-date: /home/sazma/ws_future/install/techman_robot_msgs/share/techman_robot_msgs/cmake/techman_robot_msgsConfig.cmake
[2.155s] -- Up-to-date: /home/sazma/ws_future/install/techman_robot_msgs/share/techman_robot_msgs/cmake/techman_robot_msgsConfig-version.cmake
[2.155s] -- Up-to-date: /home/sazma/ws_future/install/techman_robot_msgs/share/techman_robot_msgs/package.xml
[2.669s] Invoked command in '/home/sazma/ws_future/build/techman_robot_msgs' returned '0': CMAKE_PREFIX_PATH=${CMAKE_PREFIX_PATH}:/home/sazma/ws_future/install/tm_mod_urdf:/home/sazma/ws_future/install/tm_get_status:/home/sazma/ws_future/install/moveit_configs_utils:/opt/ros/humble /usr/bin/cmake --install /home/sazma/ws_future/build/techman_robot_msgs
