[1.016s] Invoking command in '/home/sazma/ws_future/build/moveit_resources_fanuc_description': CMAKE_PREFIX_PATH=${CMAKE_PREFIX_PATH}:/home/sazma/ws_future/install/tm_mod_urdf:/home/sazma/ws_future/install/tm_get_status:/home/sazma/ws_future/install/moveit_configs_utils:/opt/ros/humble /usr/bin/cmake --build /home/sazma/ws_future/build/moveit_resources_fanuc_description -- -j12 -l12
[1.083s] Invoked command in '/home/sazma/ws_future/build/moveit_resources_fanuc_description' returned '0': CMAKE_PREFIX_PATH=${CMAKE_PREFIX_PATH}:/home/sazma/ws_future/install/tm_mod_urdf:/home/sazma/ws_future/install/tm_get_status:/home/sazma/ws_future/install/moveit_configs_utils:/opt/ros/humble /usr/bin/cmake --build /home/sazma/ws_future/build/moveit_resources_fanuc_description -- -j12 -l12
[1.192s] Invoking command in '/home/sazma/ws_future/build/moveit_resources_fanuc_description': CMAKE_PREFIX_PATH=${CMAKE_PREFIX_PATH}:/home/sazma/ws_future/install/tm_mod_urdf:/home/sazma/ws_future/install/tm_get_status:/home/sazma/ws_future/install/moveit_configs_utils:/opt/ros/humble /usr/bin/cmake --install /home/sazma/ws_future/build/moveit_resources_fanuc_description
[1.244s] -- Install configuration: ""
[1.244s] -- Up-to-date: /home/sazma/ws_future/install/moveit_resources_fanuc_description/share/ament_index/resource_index/package_run_dependencies/moveit_resources_fanuc_description
[1.244s] -- Up-to-date: /home/sazma/ws_future/install/moveit_resources_fanuc_description/share/ament_index/resource_index/parent_prefix_path/moveit_resources_fanuc_description
[1.244s] -- Up-to-date: /home/sazma/ws_future/install/moveit_resources_fanuc_description/share/moveit_resources_fanuc_description/environment/ament_prefix_path.sh
[1.244s] -- Up-to-date: /home/sazma/ws_future/install/moveit_resources_fanuc_description/share/moveit_resources_fanuc_description/environment/ament_prefix_path.dsv
[1.245s] -- Up-to-date: /home/sazma/ws_future/install/moveit_resources_fanuc_description/share/moveit_resources_fanuc_description/environment/path.sh
[1.245s] -- Up-to-date: /home/sazma/ws_future/install/moveit_resources_fanuc_description/share/moveit_resources_fanuc_description/environment/path.dsv
[1.245s] -- Up-to-date: /home/sazma/ws_future/install/moveit_resources_fanuc_description/share/moveit_resources_fanuc_description/local_setup.bash
[1.245s] -- Up-to-date: /home/sazma/ws_future/install/moveit_resources_fanuc_description/share/moveit_resources_fanuc_description/local_setup.sh
[1.245s] -- Up-to-date: /home/sazma/ws_future/install/moveit_resources_fanuc_description/share/moveit_resources_fanuc_description/local_setup.zsh
[1.245s] -- Up-to-date: /home/sazma/ws_future/install/moveit_resources_fanuc_description/share/moveit_resources_fanuc_description/local_setup.dsv
[1.246s] -- Installing: /home/sazma/ws_future/install/moveit_resources_fanuc_description/share/moveit_resources_fanuc_description/package.dsv
[1.246s] -- Up-to-date: /home/sazma/ws_future/install/moveit_resources_fanuc_description/share/ament_index/resource_index/packages/moveit_resources_fanuc_description
[1.246s] -- Up-to-date: /home/sazma/ws_future/install/moveit_resources_fanuc_description/share/moveit_resources_fanuc_description/cmake/moveit_resources_fanuc_descriptionConfig.cmake
[1.246s] -- Up-to-date: /home/sazma/ws_future/install/moveit_resources_fanuc_description/share/moveit_resources_fanuc_description/cmake/moveit_resources_fanuc_descriptionConfig-version.cmake
[1.246s] -- Up-to-date: /home/sazma/ws_future/install/moveit_resources_fanuc_description/share/moveit_resources_fanuc_description/package.xml
[1.246s] -- Up-to-date: /home/sazma/ws_future/install/moveit_resources_fanuc_description/share/moveit_resources_fanuc_description/meshes
[1.247s] -- Up-to-date: /home/sazma/ws_future/install/moveit_resources_fanuc_description/share/moveit_resources_fanuc_description/meshes/collision
[1.247s] -- Up-to-date: /home/sazma/ws_future/install/moveit_resources_fanuc_description/share/moveit_resources_fanuc_description/meshes/collision/link_5.stl
[1.247s] -- Up-to-date: /home/sazma/ws_future/install/moveit_resources_fanuc_description/share/moveit_resources_fanuc_description/meshes/collision/link_3.stl
[1.248s] -- Up-to-date: /home/sazma/ws_future/install/moveit_resources_fanuc_description/share/moveit_resources_fanuc_description/meshes/collision/link_2.stl
[1.248s] -- Up-to-date: /home/sazma/ws_future/install/moveit_resources_fanuc_description/share/moveit_resources_fanuc_description/meshes/collision/link_1.stl
[1.248s] -- Up-to-date: /home/sazma/ws_future/install/moveit_resources_fanuc_description/share/moveit_resources_fanuc_description/meshes/collision/link_4.stl
[1.248s] -- Up-to-date: /home/sazma/ws_future/install/moveit_resources_fanuc_description/share/moveit_resources_fanuc_description/meshes/collision/base_link.stl
[1.249s] -- Up-to-date: /home/sazma/ws_future/install/moveit_resources_fanuc_description/share/moveit_resources_fanuc_description/meshes/collision/link_6.stl
[1.250s] -- Up-to-date: /home/sazma/ws_future/install/moveit_resources_fanuc_description/share/moveit_resources_fanuc_description/meshes/visual
[1.250s] -- Up-to-date: /home/sazma/ws_future/install/moveit_resources_fanuc_description/share/moveit_resources_fanuc_description/meshes/visual/link_5.stl
[1.250s] -- Up-to-date: /home/sazma/ws_future/install/moveit_resources_fanuc_description/share/moveit_resources_fanuc_description/meshes/visual/link_3.stl
[1.251s] -- Up-to-date: /home/sazma/ws_future/install/moveit_resources_fanuc_description/share/moveit_resources_fanuc_description/meshes/visual/link_2.stl
[1.252s] -- Up-to-date: /home/sazma/ws_future/install/moveit_resources_fanuc_description/share/moveit_resources_fanuc_description/meshes/visual/link_1.stl
[1.252s] -- Up-to-date: /home/sazma/ws_future/install/moveit_resources_fanuc_description/share/moveit_resources_fanuc_description/meshes/visual/link_4.stl
[1.252s] -- Up-to-date: /home/sazma/ws_future/install/moveit_resources_fanuc_description/share/moveit_resources_fanuc_description/meshes/visual/base_link.stl
[1.252s] -- Up-to-date: /home/sazma/ws_future/install/moveit_resources_fanuc_description/share/moveit_resources_fanuc_description/meshes/visual/link_6.stl
[1.252s] -- Up-to-date: /home/sazma/ws_future/install/moveit_resources_fanuc_description/share/moveit_resources_fanuc_description/urdf
[1.252s] -- Up-to-date: /home/sazma/ws_future/install/moveit_resources_fanuc_description/share/moveit_resources_fanuc_description/urdf/fanuc.urdf
[1.506s] Invoked command in '/home/sazma/ws_future/build/moveit_resources_fanuc_description' returned '0': CMAKE_PREFIX_PATH=${CMAKE_PREFIX_PATH}:/home/sazma/ws_future/install/tm_mod_urdf:/home/sazma/ws_future/install/tm_get_status:/home/sazma/ws_future/install/moveit_configs_utils:/opt/ros/humble /usr/bin/cmake --install /home/sazma/ws_future/build/moveit_resources_fanuc_description
