[0.925s] Invoking command in '/home/sazma/ws_future/src/py_pubsub': PYTHONPATH=/home/sazma/ws_future/build/py_pubsub/prefix_override:/home/sazma/ws_future/install/py_pubsub/lib/python3.10/site-packages:${PYTHONPATH} /usr/bin/python3 setup.py egg_info --egg-base ../../build/py_pubsub build --build-base /home/sazma/ws_future/build/py_pubsub/build install --record /home/sazma/ws_future/build/py_pubsub/install.log --single-version-externally-managed
[1.142s] running egg_info
[1.142s] creating ../../build/py_pubsub/py_pubsub.egg-info
[1.158s] writing ../../build/py_pubsub/py_pubsub.egg-info/PKG-INFO
[1.158s] writing dependency_links to ../../build/py_pubsub/py_pubsub.egg-info/dependency_links.txt
[1.158s] writing entry points to ../../build/py_pubsub/py_pubsub.egg-info/entry_points.txt
[1.159s] writing requirements to ../../build/py_pubsub/py_pubsub.egg-info/requires.txt
[1.159s] writing top-level names to ../../build/py_pubsub/py_pubsub.egg-info/top_level.txt
[1.159s] writing manifest file '../../build/py_pubsub/py_pubsub.egg-info/SOURCES.txt'
[1.191s] reading manifest file '../../build/py_pubsub/py_pubsub.egg-info/SOURCES.txt'
[1.191s] writing manifest file '../../build/py_pubsub/py_pubsub.egg-info/SOURCES.txt'
[1.191s] running build
[1.192s] running build_py
[1.192s] creating /home/sazma/ws_future/build/py_pubsub/build
[1.192s] creating /home/sazma/ws_future/build/py_pubsub/build/lib
[1.192s] creating /home/sazma/ws_future/build/py_pubsub/build/lib/py_pubsub
[1.192s] copying py_pubsub/__init__.py -> /home/sazma/ws_future/build/py_pubsub/build/lib/py_pubsub
[1.192s] copying py_pubsub/subscriber_member_function.py -> /home/sazma/ws_future/build/py_pubsub/build/lib/py_pubsub
[1.192s] copying py_pubsub/publisher_member_function.py -> /home/sazma/ws_future/build/py_pubsub/build/lib/py_pubsub
[1.192s] running install
[1.192s] /home/sazma/.local/lib/python3.10/site-packages/setuptools/_distutils/cmd.py:66: SetuptoolsDeprecationWarning: setup.py install is deprecated.
[1.192s] !!
[1.193s] 
[1.193s]         ********************************************************************************
[1.193s]         Please avoid running ``setup.py`` directly.
[1.193s]         Instead, use pypa/build, pypa/installer or other
[1.193s]         standards-based tools.
[1.193s] 
[1.193s]         See https://blog.ganssle.io/articles/2021/10/setup-py-deprecated.html for details.
[1.193s]         ********************************************************************************
[1.193s] 
[1.193s] !!
[1.193s]   self.initialize_options()
[1.197s] running install_lib
[1.213s] creating /home/sazma/ws_future/install/py_pubsub/lib/python3.10/site-packages/py_pubsub
[1.214s] copying /home/sazma/ws_future/build/py_pubsub/build/lib/py_pubsub/__init__.py -> /home/sazma/ws_future/install/py_pubsub/lib/python3.10/site-packages/py_pubsub
[1.214s] copying /home/sazma/ws_future/build/py_pubsub/build/lib/py_pubsub/subscriber_member_function.py -> /home/sazma/ws_future/install/py_pubsub/lib/python3.10/site-packages/py_pubsub
[1.214s] copying /home/sazma/ws_future/build/py_pubsub/build/lib/py_pubsub/publisher_member_function.py -> /home/sazma/ws_future/install/py_pubsub/lib/python3.10/site-packages/py_pubsub
[1.214s] byte-compiling /home/sazma/ws_future/install/py_pubsub/lib/python3.10/site-packages/py_pubsub/__init__.py to __init__.cpython-310.pyc
[1.214s] byte-compiling /home/sazma/ws_future/install/py_pubsub/lib/python3.10/site-packages/py_pubsub/subscriber_member_function.py to subscriber_member_function.cpython-310.pyc
[1.215s] byte-compiling /home/sazma/ws_future/install/py_pubsub/lib/python3.10/site-packages/py_pubsub/publisher_member_function.py to publisher_member_function.cpython-310.pyc
[1.215s] running install_data
[1.231s] creating /home/sazma/ws_future/install/py_pubsub/share/ament_index
[1.231s] creating /home/sazma/ws_future/install/py_pubsub/share/ament_index/resource_index
[1.231s] creating /home/sazma/ws_future/install/py_pubsub/share/ament_index/resource_index/packages
[1.232s] copying resource/py_pubsub -> /home/sazma/ws_future/install/py_pubsub/share/ament_index/resource_index/packages
[1.232s] copying package.xml -> /home/sazma/ws_future/install/py_pubsub/share/py_pubsub
[1.232s] running install_egg_info
[1.248s] Copying ../../build/py_pubsub/py_pubsub.egg-info to /home/sazma/ws_future/install/py_pubsub/lib/python3.10/site-packages/py_pubsub-0.0.0-py3.10.egg-info
[1.249s] running install_scripts
[1.398s] Installing listener script to /home/sazma/ws_future/install/py_pubsub/lib/py_pubsub
[1.398s] Installing talker script to /home/sazma/ws_future/install/py_pubsub/lib/py_pubsub
[1.398s] writing list of installed files to '/home/sazma/ws_future/build/py_pubsub/install.log'
[1.417s] Invoked command in '/home/sazma/ws_future/src/py_pubsub' returned '0': PYTHONPATH=/home/sazma/ws_future/build/py_pubsub/prefix_override:/home/sazma/ws_future/install/py_pubsub/lib/python3.10/site-packages:${PYTHONPATH} /usr/bin/python3 setup.py egg_info --egg-base ../../build/py_pubsub build --build-base /home/sazma/ws_future/build/py_pubsub/build install --record /home/sazma/ws_future/build/py_pubsub/install.log --single-version-externally-managed
