[0.197s] Invoking command in '/home/sazma/ws_future/build/moveit_servo': AMENT_PREFIX_PATH=/home/sazma/ws_future/install/moveit_ros_planning_interface:/home/sazma/ws_future/install/moveit_ros_move_group:/home/sazma/ws_future/install/moveit_ros_warehouse:/home/sazma/ws_future/install/moveit_kinematics:/home/sazma/ws_future/install/moveit_ros_planning:/home/sazma/ws_future/install/moveit_ros_occupancy_map_monitor:/home/sazma/ws_future/install/moveit_core:/home/sazma/ws_future/install/moveit_resources_panda_moveit_config:/home/sazma/ws_future/install/moveit_resources_panda_description:/home/sazma/ws_future/install/moveit_msgs:/home/sazma/ws_future/install/moveit_configs_utils:/home/sazma/ws_future/install/moveit_common:${AMENT_PREFIX_PATH} CMAKE_PREFIX_PATH=/home/sazma/ws_future/install/moveit_ros_planning_interface:/home/sazma/ws_future/install/moveit_ros_move_group:/home/sazma/ws_future/install/moveit_ros_warehouse:/home/sazma/ws_future/install/moveit_kinematics:/home/sazma/ws_future/install/moveit_ros_planning:/home/sazma/ws_future/install/moveit_ros_occupancy_map_monitor:/home/sazma/ws_future/install/moveit_core:/home/sazma/ws_future/install/moveit_resources_panda_moveit_config:/home/sazma/ws_future/install/moveit_resources_panda_description:/home/sazma/ws_future/install/moveit_msgs:/home/sazma/ws_future/install/moveit_common:/home/sazma/ws_future/install/ui_for_debug_and_demo:/home/sazma/ws_future/install/tm_driver:/home/sazma/ws_future/install/demo:/home/sazma/ws_future/install/tm_msgs:/home/sazma/ws_future/install/tm_moveit_cpp_demo:/home/sazma/ws_future/install/tm_moveit_config_tm5x-900:/home/sazma/ws_future/install/tm_moveit_config_tm5x-700:/home/sazma/ws_future/install/tm_moveit_config_tm5-900:/home/sazma/ws_future/install/tm_moveit_config_tm5-700:/home/sazma/ws_future/install/tm_moveit_config_tm14x:/home/sazma/ws_future/install/tm_moveit_config_tm14:/home/sazma/ws_future/install/tm_moveit_config_tm12x:/home/sazma/ws_future/install/tm_moveit_config_tm12:/home/sazma/ws_future/install/tm_description:/home/sazma/ws_future/install/custom_package:/home/sazma/ws_future/install/techman_robot_msgs:/home/sazma/ws_tm/install/ui_for_debug_and_demo:/home/sazma/ws_tm/install/tm_driver:/home/sazma/ws_tm/install/demo:/home/sazma/ws_tm/install/tm_msgs:/home/sazma/ws_tm/install/tm_moveit_cpp_demo:/home/sazma/ws_tm/install/tm_moveit_config_tm5x-900:/home/sazma/ws_tm/install/tm_moveit_config_tm5x-700:/home/sazma/ws_tm/install/tm_moveit_config_tm5-900:/home/sazma/ws_tm/install/tm_moveit_config_tm5-700:/home/sazma/ws_tm/install/tm_moveit_config_tm14x:/home/sazma/ws_tm/install/tm_moveit_config_tm14:/home/sazma/ws_tm/install/tm_moveit_config_tm12x:/home/sazma/ws_tm/install/tm_moveit_config_tm12:/home/sazma/ws_tm/install/tm_description:/home/sazma/ws_tm/install/custom_package:/home/sazma/ws_tm/install/techman_robot_msgs:/home/sazma/ws_future/install/tm_mod_urdf:/home/sazma/ws_future/install/tm_get_status:/home/sazma/ws_tm/install/tm_mod_urdf:/home/sazma/ws_tm/install/tm_get_status:/opt/ros/humble LD_LIBRARY_PATH=/home/sazma/ws_future/install/moveit_ros_planning_interface/lib:/home/sazma/ws_future/install/moveit_ros_move_group/lib:/home/sazma/ws_future/install/moveit_ros_warehouse/lib:/home/sazma/ws_future/install/moveit_kinematics/lib:/home/sazma/ws_future/install/moveit_ros_planning/lib:/home/sazma/ws_future/install/moveit_ros_occupancy_map_monitor/lib:/home/sazma/ws_future/install/moveit_core/lib:/home/sazma/ws_future/install/moveit_msgs/lib:${LD_LIBRARY_PATH} PATH=/home/sazma/ws_future/install/moveit_core/bin:${PATH} PYTHONPATH=/home/sazma/ws_future/install/moveit_msgs/local/lib/python3.10/dist-packages:/home/sazma/ws_future/install/moveit_configs_utils/lib/python3.10/site-packages:${PYTHONPATH} /usr/bin/cmake /home/sazma/ws_future/src/moveit2/moveit_ros/moveit_servo -DCMAKE_INSTALL_PREFIX=/home/sazma/ws_future/install/moveit_servo
[0.266s] -- The CXX compiler identification is GNU 11.4.0
[0.273s] -- Detecting CXX compiler ABI info
[0.354s] -- Detecting CXX compiler ABI info - done
[0.367s] -- Check for working CXX compiler: /usr/bin/c++ - skipped
[0.368s] -- Detecting CXX compile features
[0.369s] -- Detecting CXX compile features - done
[0.370s] -- Found moveit_common: 2.8.0 (/home/sazma/ws_future/install/moveit_common/share/moveit_common/cmake)
[0.375s] -- Found ament_cmake: 1.3.5 (/opt/ros/humble/share/ament_cmake/cmake)
[0.599s] -- Found Python3: /usr/bin/python3.10 (found version "3.10.12") found components: Interpreter 
[0.812s] -- Found libdw: /usr/lib/x86_64-linux-gnu/libdw.so  
[0.818s] -- Could NOT find libbfd (missing: LIBBFD_LIBRARY LIBBFD_INCLUDE_DIR) 
[0.818s] -- BACKWARD_HAS_UNWIND=1
[0.818s] -- BACKWARD_HAS_BACKTRACE=0
[0.818s] -- BACKWARD_HAS_BACKTRACE_SYMBOL=0
[0.818s] -- BACKWARD_HAS_DW=1
[0.818s] -- BACKWARD_HAS_BFD=0
[0.818s] -- Found Backward: /opt/ros/humble/share/backward_ros/cmake  
[0.818s] [0mmoveit_servo: You did not request a specific build type: Choosing 'Release' for maximum performance[0m
[0.823s] -- Found generate_parameter_library: 0.3.6 (/opt/ros/humble/share/generate_parameter_library/cmake)
[0.831s] -- Found parameter_traits: 0.3.6 (/opt/ros/humble/share/parameter_traits/cmake)
[0.900s] -- Found rosidl_generator_c: 3.1.5 (/opt/ros/humble/share/rosidl_generator_c/cmake)
[0.910s] -- Found rosidl_adapter: 3.1.5 (/opt/ros/humble/share/rosidl_adapter/cmake)
[0.924s] -- Found rosidl_generator_cpp: 3.1.5 (/opt/ros/humble/share/rosidl_generator_cpp/cmake)
[0.945s] -- Using all available rosidl_typesupport_c: rosidl_typesupport_fastrtps_c;rosidl_typesupport_introspection_c
[0.975s] -- Using all available rosidl_typesupport_cpp: rosidl_typesupport_fastrtps_cpp;rosidl_typesupport_introspection_cpp
[1.075s] -- Found rmw_implementation_cmake: 6.1.1 (/opt/ros/humble/share/rmw_implementation_cmake/cmake)
[1.082s] -- Found rmw_fastrtps_cpp: 6.2.4 (/opt/ros/humble/share/rmw_fastrtps_cpp/cmake)
[1.193s] -- Found OpenSSL: /usr/lib/x86_64-linux-gnu/libcrypto.so (found version "3.0.2")  
[1.218s] -- Found FastRTPS: /opt/ros/humble/include  
[1.268s] -- Using RMW implementation 'rmw_fastrtps_cpp' as default
[1.285s] -- Looking for C++ include pthread.h
[1.395s] -- Looking for C++ include pthread.h - found
[1.395s] -- Performing Test CMAKE_HAVE_LIBC_PTHREAD
[1.508s] -- Performing Test CMAKE_HAVE_LIBC_PTHREAD - Success
[1.509s] -- Found Threads: TRUE  
[1.729s] -- Found rclcpp_lifecycle: 16.0.6 (/opt/ros/humble/share/rclcpp_lifecycle/cmake)
[1.780s] -- Found control_msgs: 4.4.0 (/opt/ros/humble/share/control_msgs/cmake)
[2.295s] -- Found moveit_core: 2.8.0 (/home/sazma/ws_future/install/moveit_core/share/moveit_core/cmake)
[2.354s] -- Found Boost: /usr/lib/x86_64-linux-gnu/cmake/Boost-1.74.0/BoostConfig.cmake (found version "1.74.0") found components: chrono date_time filesystem iostreams program_options regex serialization system thread 
[2.412s] -- Found Boost: /usr/lib/x86_64-linux-gnu/cmake/Boost-1.74.0/BoostConfig.cmake (found version "1.74.0") found components: filesystem 
[2.513s] -- library: /usr/lib/x86_64-linux-gnu/libcurl.so
[2.755s] -- Found Eigen3: TRUE (found version "3.4.0") 
[2.755s] -- Ensuring Eigen3 include directory is part of orocos-kdl CMake target
[3.824s] -- Found moveit_ros_planning: 2.8.0 (/home/sazma/ws_future/install/moveit_ros_planning/share/moveit_ros_planning/cmake)
[3.829s] -- Found Boost: /usr/lib/x86_64-linux-gnu/cmake/Boost-1.74.0/BoostConfig.cmake (found version "1.74.0") found components: system filesystem date_time program_options thread chrono 
[4.335s] -- Found realtime_tools: 2.5.0 (/opt/ros/humble/share/realtime_tools/cmake)
[4.347s] -- Found std_srvs: 4.2.3 (/opt/ros/humble/share/std_srvs/cmake)
[4.525s] -- Found ament_cmake_gtest: 1.3.5 (/opt/ros/humble/share/ament_cmake_gtest/cmake)
[4.529s] -- Found ros_testing: 0.4.0 (/opt/ros/humble/share/ros_testing/cmake)
[4.533s] -- Found launch_testing_ament_cmake: 1.0.4 (/opt/ros/humble/share/launch_testing_ament_cmake/cmake)
[4.537s] -- Found python_cmake_module: 0.10.0 (/opt/ros/humble/share/python_cmake_module/cmake)
[4.558s] -- Found PythonInterp: /usr/bin/python3 (found suitable version "3.10.12", minimum required is "3.6") 
[4.564s] -- Found PythonLibs: /usr/lib/x86_64-linux-gnu/libpython3.10.so (found suitable version "3.10.12", minimum required is "3.5") 
[4.564s] -- Using PYTHON_EXECUTABLE: /usr/bin/python3
[4.564s] -- Using PYTHON_INCLUDE_DIRS: /usr/include/python3.10
[4.565s] -- Using PYTHON_LIBRARIES: /usr/lib/x86_64-linux-gnu/libpython3.10.so
[4.585s] -- Found PythonExtra: .so  
[4.591s] -- Found gtest sources under '/opt/ros/humble/src/gtest_vendor': C++ tests using 'Google Test' will be built
[4.628s] -- The C compiler identification is GNU 11.4.0
[4.635s] -- Detecting C compiler ABI info
[4.717s] -- Detecting C compiler ABI info - done
[4.731s] -- Check for working C compiler: /usr/bin/cc - skipped
[4.731s] -- Detecting C compile features
[4.732s] -- Detecting C compile features - done
[4.836s] -- Configuring done
[4.967s] -- Generating done
[4.970s] -- Build files have been written to: /home/sazma/ws_future/build/moveit_servo
[4.984s] Invoked command in '/home/sazma/ws_future/build/moveit_servo' returned '0': AMENT_PREFIX_PATH=/home/sazma/ws_future/install/moveit_ros_planning_interface:/home/sazma/ws_future/install/moveit_ros_move_group:/home/sazma/ws_future/install/moveit_ros_warehouse:/home/sazma/ws_future/install/moveit_kinematics:/home/sazma/ws_future/install/moveit_ros_planning:/home/sazma/ws_future/install/moveit_ros_occupancy_map_monitor:/home/sazma/ws_future/install/moveit_core:/home/sazma/ws_future/install/moveit_resources_panda_moveit_config:/home/sazma/ws_future/install/moveit_resources_panda_description:/home/sazma/ws_future/install/moveit_msgs:/home/sazma/ws_future/install/moveit_configs_utils:/home/sazma/ws_future/install/moveit_common:${AMENT_PREFIX_PATH} CMAKE_PREFIX_PATH=/home/sazma/ws_future/install/moveit_ros_planning_interface:/home/sazma/ws_future/install/moveit_ros_move_group:/home/sazma/ws_future/install/moveit_ros_warehouse:/home/sazma/ws_future/install/moveit_kinematics:/home/sazma/ws_future/install/moveit_ros_planning:/home/sazma/ws_future/install/moveit_ros_occupancy_map_monitor:/home/sazma/ws_future/install/moveit_core:/home/sazma/ws_future/install/moveit_resources_panda_moveit_config:/home/sazma/ws_future/install/moveit_resources_panda_description:/home/sazma/ws_future/install/moveit_msgs:/home/sazma/ws_future/install/moveit_common:/home/sazma/ws_future/install/ui_for_debug_and_demo:/home/sazma/ws_future/install/tm_driver:/home/sazma/ws_future/install/demo:/home/sazma/ws_future/install/tm_msgs:/home/sazma/ws_future/install/tm_moveit_cpp_demo:/home/sazma/ws_future/install/tm_moveit_config_tm5x-900:/home/sazma/ws_future/install/tm_moveit_config_tm5x-700:/home/sazma/ws_future/install/tm_moveit_config_tm5-900:/home/sazma/ws_future/install/tm_moveit_config_tm5-700:/home/sazma/ws_future/install/tm_moveit_config_tm14x:/home/sazma/ws_future/install/tm_moveit_config_tm14:/home/sazma/ws_future/install/tm_moveit_config_tm12x:/home/sazma/ws_future/install/tm_moveit_config_tm12:/home/sazma/ws_future/install/tm_description:/home/sazma/ws_future/install/custom_package:/home/sazma/ws_future/install/techman_robot_msgs:/home/sazma/ws_tm/install/ui_for_debug_and_demo:/home/sazma/ws_tm/install/tm_driver:/home/sazma/ws_tm/install/demo:/home/sazma/ws_tm/install/tm_msgs:/home/sazma/ws_tm/install/tm_moveit_cpp_demo:/home/sazma/ws_tm/install/tm_moveit_config_tm5x-900:/home/sazma/ws_tm/install/tm_moveit_config_tm5x-700:/home/sazma/ws_tm/install/tm_moveit_config_tm5-900:/home/sazma/ws_tm/install/tm_moveit_config_tm5-700:/home/sazma/ws_tm/install/tm_moveit_config_tm14x:/home/sazma/ws_tm/install/tm_moveit_config_tm14:/home/sazma/ws_tm/install/tm_moveit_config_tm12x:/home/sazma/ws_tm/install/tm_moveit_config_tm12:/home/sazma/ws_tm/install/tm_description:/home/sazma/ws_tm/install/custom_package:/home/sazma/ws_tm/install/techman_robot_msgs:/home/sazma/ws_future/install/tm_mod_urdf:/home/sazma/ws_future/install/tm_get_status:/home/sazma/ws_tm/install/tm_mod_urdf:/home/sazma/ws_tm/install/tm_get_status:/opt/ros/humble LD_LIBRARY_PATH=/home/sazma/ws_future/install/moveit_ros_planning_interface/lib:/home/sazma/ws_future/install/moveit_ros_move_group/lib:/home/sazma/ws_future/install/moveit_ros_warehouse/lib:/home/sazma/ws_future/install/moveit_kinematics/lib:/home/sazma/ws_future/install/moveit_ros_planning/lib:/home/sazma/ws_future/install/moveit_ros_occupancy_map_monitor/lib:/home/sazma/ws_future/install/moveit_core/lib:/home/sazma/ws_future/install/moveit_msgs/lib:${LD_LIBRARY_PATH} PATH=/home/sazma/ws_future/install/moveit_core/bin:${PATH} PYTHONPATH=/home/sazma/ws_future/install/moveit_msgs/local/lib/python3.10/dist-packages:/home/sazma/ws_future/install/moveit_configs_utils/lib/python3.10/site-packages:${PYTHONPATH} /usr/bin/cmake /home/sazma/ws_future/src/moveit2/moveit_ros/moveit_servo -DCMAKE_INSTALL_PREFIX=/home/sazma/ws_future/install/moveit_servo
[4.985s] Invoking command in '/home/sazma/ws_future/build/moveit_servo': AMENT_PREFIX_PATH=/home/sazma/ws_future/install/moveit_ros_planning_interface:/home/sazma/ws_future/install/moveit_ros_move_group:/home/sazma/ws_future/install/moveit_ros_warehouse:/home/sazma/ws_future/install/moveit_kinematics:/home/sazma/ws_future/install/moveit_ros_planning:/home/sazma/ws_future/install/moveit_ros_occupancy_map_monitor:/home/sazma/ws_future/install/moveit_core:/home/sazma/ws_future/install/moveit_resources_panda_moveit_config:/home/sazma/ws_future/install/moveit_resources_panda_description:/home/sazma/ws_future/install/moveit_msgs:/home/sazma/ws_future/install/moveit_configs_utils:/home/sazma/ws_future/install/moveit_common:${AMENT_PREFIX_PATH} CMAKE_PREFIX_PATH=/home/sazma/ws_future/install/moveit_ros_planning_interface:/home/sazma/ws_future/install/moveit_ros_move_group:/home/sazma/ws_future/install/moveit_ros_warehouse:/home/sazma/ws_future/install/moveit_kinematics:/home/sazma/ws_future/install/moveit_ros_planning:/home/sazma/ws_future/install/moveit_ros_occupancy_map_monitor:/home/sazma/ws_future/install/moveit_core:/home/sazma/ws_future/install/moveit_resources_panda_moveit_config:/home/sazma/ws_future/install/moveit_resources_panda_description:/home/sazma/ws_future/install/moveit_msgs:/home/sazma/ws_future/install/moveit_common:/home/sazma/ws_future/install/ui_for_debug_and_demo:/home/sazma/ws_future/install/tm_driver:/home/sazma/ws_future/install/demo:/home/sazma/ws_future/install/tm_msgs:/home/sazma/ws_future/install/tm_moveit_cpp_demo:/home/sazma/ws_future/install/tm_moveit_config_tm5x-900:/home/sazma/ws_future/install/tm_moveit_config_tm5x-700:/home/sazma/ws_future/install/tm_moveit_config_tm5-900:/home/sazma/ws_future/install/tm_moveit_config_tm5-700:/home/sazma/ws_future/install/tm_moveit_config_tm14x:/home/sazma/ws_future/install/tm_moveit_config_tm14:/home/sazma/ws_future/install/tm_moveit_config_tm12x:/home/sazma/ws_future/install/tm_moveit_config_tm12:/home/sazma/ws_future/install/tm_description:/home/sazma/ws_future/install/custom_package:/home/sazma/ws_future/install/techman_robot_msgs:/home/sazma/ws_tm/install/ui_for_debug_and_demo:/home/sazma/ws_tm/install/tm_driver:/home/sazma/ws_tm/install/demo:/home/sazma/ws_tm/install/tm_msgs:/home/sazma/ws_tm/install/tm_moveit_cpp_demo:/home/sazma/ws_tm/install/tm_moveit_config_tm5x-900:/home/sazma/ws_tm/install/tm_moveit_config_tm5x-700:/home/sazma/ws_tm/install/tm_moveit_config_tm5-900:/home/sazma/ws_tm/install/tm_moveit_config_tm5-700:/home/sazma/ws_tm/install/tm_moveit_config_tm14x:/home/sazma/ws_tm/install/tm_moveit_config_tm14:/home/sazma/ws_tm/install/tm_moveit_config_tm12x:/home/sazma/ws_tm/install/tm_moveit_config_tm12:/home/sazma/ws_tm/install/tm_description:/home/sazma/ws_tm/install/custom_package:/home/sazma/ws_tm/install/techman_robot_msgs:/home/sazma/ws_future/install/tm_mod_urdf:/home/sazma/ws_future/install/tm_get_status:/home/sazma/ws_tm/install/tm_mod_urdf:/home/sazma/ws_tm/install/tm_get_status:/opt/ros/humble LD_LIBRARY_PATH=/home/sazma/ws_future/install/moveit_ros_planning_interface/lib:/home/sazma/ws_future/install/moveit_ros_move_group/lib:/home/sazma/ws_future/install/moveit_ros_warehouse/lib:/home/sazma/ws_future/install/moveit_kinematics/lib:/home/sazma/ws_future/install/moveit_ros_planning/lib:/home/sazma/ws_future/install/moveit_ros_occupancy_map_monitor/lib:/home/sazma/ws_future/install/moveit_core/lib:/home/sazma/ws_future/install/moveit_msgs/lib:${LD_LIBRARY_PATH} PATH=/home/sazma/ws_future/install/moveit_core/bin:${PATH} PYTHONPATH=/home/sazma/ws_future/install/moveit_msgs/local/lib/python3.10/dist-packages:/home/sazma/ws_future/install/moveit_configs_utils/lib/python3.10/site-packages:${PYTHONPATH} /usr/bin/cmake --build /home/sazma/ws_future/build/moveit_servo -- -j12 -l12
[5.034s] [  3%] [32mBuilding CXX object CMakeFiles/servo_node.dir/rclcpp_components/node_main_servo_node.cpp.o[0m
[5.038s] [  7%] [32mBuilding CXX object gtest/CMakeFiles/gtest.dir/src/gtest-all.cc.o[0m
[5.038s] [ 10%] [32mBuilding CXX object CMakeFiles/servo_keyboard_input.dir/demos/servo_keyboard_input.cpp.o[0m
[5.040s] [ 14%] [34m[1mRunning `/opt/ros/humble/bin/generate_parameter_library_cpp /home/sazma/ws_future/build/moveit_servo/moveit_servo_lib_parameters/include//moveit_servo_lib_parameters.hpp /home/sazma/ws_future/src/moveit2/moveit_ros/moveit_servo/config/servo_parameters.yaml `[0m
[5.041s] [ 17%] [32mBuilding CXX object gtest/CMakeFiles/gtest_main.dir/src/gtest_main.cc.o[0m
[6.387s] [ 21%] [32m[1mLinking CXX static library libgtest_main.a[0m
[6.591s] [ 21%] Built target gtest_main
[6.690s] [ 21%] Built target moveit_servo_lib_parameters
[6.743s] [ 28%] [32mBuilding CXX object CMakeFiles/moveit_servo_lib_cpp.dir/src/collision_monitor.cpp.o[0m
[6.743s] [ 28%] [32mBuilding CXX object CMakeFiles/moveit_servo_lib_cpp.dir/src/servo.cpp.o[0m
[6.759s] [ 32%] [32mBuilding CXX object CMakeFiles/moveit_servo_lib_cpp.dir/src/utils/command.cpp.o[0m
[6.793s] [ 35%] [32mBuilding CXX object CMakeFiles/moveit_servo_lib_cpp.dir/src/utils/common.cpp.o[0m
[14.949s] [ 39%] [32m[1mLinking CXX executable servo_node[0m
[15.736s] [ 39%] Built target servo_node
[32.013s] [ 42%] [32m[1mLinking CXX executable servo_keyboard_input[0m
[33.125s] [ 42%] Built target servo_keyboard_input
[35.802s] [ 46%] [32m[1mLinking CXX static library libgtest.a[0m
[36.063s] [ 46%] Built target gtest
[79.651s] [ 50%] [32m[1mLinking CXX shared library libmoveit_servo_lib_cpp.so[0m
[80.213s] [ 50%] Built target moveit_servo_lib_cpp
[80.249s] [ 53%] [32mBuilding CXX object CMakeFiles/moveit_servo_ros_integration_test.dir/tests/test_ros_integration.cpp.o[0m
[106.125s] [ 57%] [32m[1mLinking CXX executable moveit_servo_ros_integration_test[0m
[106.751s] [ 57%] Built target moveit_servo_ros_integration_test
[106.801s] [ 60%] [32mBuilding CXX object CMakeFiles/moveit_servo_cpp_integration_test.dir/tests/test_integration.cpp.o[0m
[106.805s] [ 64%] [32mBuilding CXX object CMakeFiles/moveit_servo_utils_test.dir/tests/test_utils.cpp.o[0m
[106.819s] [ 67%] [32mBuilding CXX object CMakeFiles/demo_pose.dir/demos/cpp_interface/demo_pose.cpp.o[0m
[106.835s] [ 71%] [32mBuilding CXX object CMakeFiles/demo_twist.dir/demos/cpp_interface/demo_twist.cpp.o[0m
[140.014s] [ 75%] [32m[1mLinking CXX executable moveit_servo_utils_test[0m
[140.566s] [ 75%] Built target moveit_servo_utils_test
[144.452s] [ 78%] [32m[1mLinking CXX executable moveit_servo_cpp_integration_test[0m
[144.936s] [ 78%] Built target moveit_servo_cpp_integration_test
[144.967s] [ 82%] [32mBuilding CXX object CMakeFiles/demo_joint_jog.dir/demos/cpp_interface/demo_joint_jog.cpp.o[0m
[145.988s] [ 85%] [32m[1mLinking CXX executable demo_twist[0m
[146.397s] [ 85%] Built target demo_twist
[146.425s] [ 89%] [32mBuilding CXX object CMakeFiles/moveit_servo_lib_ros.dir/src/servo_node.cpp.o[0m
[147.257s] [ 92%] [32m[1mLinking CXX executable demo_pose[0m
[147.681s] [ 92%] Built target demo_pose
[170.080s] [ 96%] [32m[1mLinking CXX executable demo_joint_jog[0m
[170.533s] [ 96%] Built target demo_joint_jog
[211.766s] [100%] [32m[1mLinking CXX shared library libmoveit_servo_lib_ros.so[0m
[212.713s] [100%] Built target moveit_servo_lib_ros
[212.762s] Invoked command in '/home/sazma/ws_future/build/moveit_servo' returned '0': AMENT_PREFIX_PATH=/home/sazma/ws_future/install/moveit_ros_planning_interface:/home/sazma/ws_future/install/moveit_ros_move_group:/home/sazma/ws_future/install/moveit_ros_warehouse:/home/sazma/ws_future/install/moveit_kinematics:/home/sazma/ws_future/install/moveit_ros_planning:/home/sazma/ws_future/install/moveit_ros_occupancy_map_monitor:/home/sazma/ws_future/install/moveit_core:/home/sazma/ws_future/install/moveit_resources_panda_moveit_config:/home/sazma/ws_future/install/moveit_resources_panda_description:/home/sazma/ws_future/install/moveit_msgs:/home/sazma/ws_future/install/moveit_configs_utils:/home/sazma/ws_future/install/moveit_common:${AMENT_PREFIX_PATH} CMAKE_PREFIX_PATH=/home/sazma/ws_future/install/moveit_ros_planning_interface:/home/sazma/ws_future/install/moveit_ros_move_group:/home/sazma/ws_future/install/moveit_ros_warehouse:/home/sazma/ws_future/install/moveit_kinematics:/home/sazma/ws_future/install/moveit_ros_planning:/home/sazma/ws_future/install/moveit_ros_occupancy_map_monitor:/home/sazma/ws_future/install/moveit_core:/home/sazma/ws_future/install/moveit_resources_panda_moveit_config:/home/sazma/ws_future/install/moveit_resources_panda_description:/home/sazma/ws_future/install/moveit_msgs:/home/sazma/ws_future/install/moveit_common:/home/sazma/ws_future/install/ui_for_debug_and_demo:/home/sazma/ws_future/install/tm_driver:/home/sazma/ws_future/install/demo:/home/sazma/ws_future/install/tm_msgs:/home/sazma/ws_future/install/tm_moveit_cpp_demo:/home/sazma/ws_future/install/tm_moveit_config_tm5x-900:/home/sazma/ws_future/install/tm_moveit_config_tm5x-700:/home/sazma/ws_future/install/tm_moveit_config_tm5-900:/home/sazma/ws_future/install/tm_moveit_config_tm5-700:/home/sazma/ws_future/install/tm_moveit_config_tm14x:/home/sazma/ws_future/install/tm_moveit_config_tm14:/home/sazma/ws_future/install/tm_moveit_config_tm12x:/home/sazma/ws_future/install/tm_moveit_config_tm12:/home/sazma/ws_future/install/tm_description:/home/sazma/ws_future/install/custom_package:/home/sazma/ws_future/install/techman_robot_msgs:/home/sazma/ws_tm/install/ui_for_debug_and_demo:/home/sazma/ws_tm/install/tm_driver:/home/sazma/ws_tm/install/demo:/home/sazma/ws_tm/install/tm_msgs:/home/sazma/ws_tm/install/tm_moveit_cpp_demo:/home/sazma/ws_tm/install/tm_moveit_config_tm5x-900:/home/sazma/ws_tm/install/tm_moveit_config_tm5x-700:/home/sazma/ws_tm/install/tm_moveit_config_tm5-900:/home/sazma/ws_tm/install/tm_moveit_config_tm5-700:/home/sazma/ws_tm/install/tm_moveit_config_tm14x:/home/sazma/ws_tm/install/tm_moveit_config_tm14:/home/sazma/ws_tm/install/tm_moveit_config_tm12x:/home/sazma/ws_tm/install/tm_moveit_config_tm12:/home/sazma/ws_tm/install/tm_description:/home/sazma/ws_tm/install/custom_package:/home/sazma/ws_tm/install/techman_robot_msgs:/home/sazma/ws_future/install/tm_mod_urdf:/home/sazma/ws_future/install/tm_get_status:/home/sazma/ws_tm/install/tm_mod_urdf:/home/sazma/ws_tm/install/tm_get_status:/opt/ros/humble LD_LIBRARY_PATH=/home/sazma/ws_future/install/moveit_ros_planning_interface/lib:/home/sazma/ws_future/install/moveit_ros_move_group/lib:/home/sazma/ws_future/install/moveit_ros_warehouse/lib:/home/sazma/ws_future/install/moveit_kinematics/lib:/home/sazma/ws_future/install/moveit_ros_planning/lib:/home/sazma/ws_future/install/moveit_ros_occupancy_map_monitor/lib:/home/sazma/ws_future/install/moveit_core/lib:/home/sazma/ws_future/install/moveit_msgs/lib:${LD_LIBRARY_PATH} PATH=/home/sazma/ws_future/install/moveit_core/bin:${PATH} PYTHONPATH=/home/sazma/ws_future/install/moveit_msgs/local/lib/python3.10/dist-packages:/home/sazma/ws_future/install/moveit_configs_utils/lib/python3.10/site-packages:${PYTHONPATH} /usr/bin/cmake --build /home/sazma/ws_future/build/moveit_servo -- -j12 -l12
[212.868s] Invoking command in '/home/sazma/ws_future/build/moveit_servo': AMENT_PREFIX_PATH=/home/sazma/ws_future/install/moveit_ros_planning_interface:/home/sazma/ws_future/install/moveit_ros_move_group:/home/sazma/ws_future/install/moveit_ros_warehouse:/home/sazma/ws_future/install/moveit_kinematics:/home/sazma/ws_future/install/moveit_ros_planning:/home/sazma/ws_future/install/moveit_ros_occupancy_map_monitor:/home/sazma/ws_future/install/moveit_core:/home/sazma/ws_future/install/moveit_resources_panda_moveit_config:/home/sazma/ws_future/install/moveit_resources_panda_description:/home/sazma/ws_future/install/moveit_msgs:/home/sazma/ws_future/install/moveit_configs_utils:/home/sazma/ws_future/install/moveit_common:${AMENT_PREFIX_PATH} CMAKE_PREFIX_PATH=/home/sazma/ws_future/install/moveit_ros_planning_interface:/home/sazma/ws_future/install/moveit_ros_move_group:/home/sazma/ws_future/install/moveit_ros_warehouse:/home/sazma/ws_future/install/moveit_kinematics:/home/sazma/ws_future/install/moveit_ros_planning:/home/sazma/ws_future/install/moveit_ros_occupancy_map_monitor:/home/sazma/ws_future/install/moveit_core:/home/sazma/ws_future/install/moveit_resources_panda_moveit_config:/home/sazma/ws_future/install/moveit_resources_panda_description:/home/sazma/ws_future/install/moveit_msgs:/home/sazma/ws_future/install/moveit_common:/home/sazma/ws_future/install/ui_for_debug_and_demo:/home/sazma/ws_future/install/tm_driver:/home/sazma/ws_future/install/demo:/home/sazma/ws_future/install/tm_msgs:/home/sazma/ws_future/install/tm_moveit_cpp_demo:/home/sazma/ws_future/install/tm_moveit_config_tm5x-900:/home/sazma/ws_future/install/tm_moveit_config_tm5x-700:/home/sazma/ws_future/install/tm_moveit_config_tm5-900:/home/sazma/ws_future/install/tm_moveit_config_tm5-700:/home/sazma/ws_future/install/tm_moveit_config_tm14x:/home/sazma/ws_future/install/tm_moveit_config_tm14:/home/sazma/ws_future/install/tm_moveit_config_tm12x:/home/sazma/ws_future/install/tm_moveit_config_tm12:/home/sazma/ws_future/install/tm_description:/home/sazma/ws_future/install/custom_package:/home/sazma/ws_future/install/techman_robot_msgs:/home/sazma/ws_tm/install/ui_for_debug_and_demo:/home/sazma/ws_tm/install/tm_driver:/home/sazma/ws_tm/install/demo:/home/sazma/ws_tm/install/tm_msgs:/home/sazma/ws_tm/install/tm_moveit_cpp_demo:/home/sazma/ws_tm/install/tm_moveit_config_tm5x-900:/home/sazma/ws_tm/install/tm_moveit_config_tm5x-700:/home/sazma/ws_tm/install/tm_moveit_config_tm5-900:/home/sazma/ws_tm/install/tm_moveit_config_tm5-700:/home/sazma/ws_tm/install/tm_moveit_config_tm14x:/home/sazma/ws_tm/install/tm_moveit_config_tm14:/home/sazma/ws_tm/install/tm_moveit_config_tm12x:/home/sazma/ws_tm/install/tm_moveit_config_tm12:/home/sazma/ws_tm/install/tm_description:/home/sazma/ws_tm/install/custom_package:/home/sazma/ws_tm/install/techman_robot_msgs:/home/sazma/ws_future/install/tm_mod_urdf:/home/sazma/ws_future/install/tm_get_status:/home/sazma/ws_tm/install/tm_mod_urdf:/home/sazma/ws_tm/install/tm_get_status:/opt/ros/humble LD_LIBRARY_PATH=/home/sazma/ws_future/install/moveit_ros_planning_interface/lib:/home/sazma/ws_future/install/moveit_ros_move_group/lib:/home/sazma/ws_future/install/moveit_ros_warehouse/lib:/home/sazma/ws_future/install/moveit_kinematics/lib:/home/sazma/ws_future/install/moveit_ros_planning/lib:/home/sazma/ws_future/install/moveit_ros_occupancy_map_monitor/lib:/home/sazma/ws_future/install/moveit_core/lib:/home/sazma/ws_future/install/moveit_msgs/lib:${LD_LIBRARY_PATH} PATH=/home/sazma/ws_future/install/moveit_core/bin:${PATH} PYTHONPATH=/home/sazma/ws_future/install/moveit_msgs/local/lib/python3.10/dist-packages:/home/sazma/ws_future/install/moveit_configs_utils/lib/python3.10/site-packages:${PYTHONPATH} /usr/bin/cmake --install /home/sazma/ws_future/build/moveit_servo
[212.884s] -- Install configuration: "Release"
[212.884s] -- Installing: /home/sazma/ws_future/install/moveit_servo/include/moveit_servo_lib_parameters
[212.884s] -- Installing: /home/sazma/ws_future/install/moveit_servo/include/moveit_servo_lib_parameters/moveit_servo_lib_parameters.hpp
[212.884s] -- Installing: /home/sazma/ws_future/install/moveit_servo/lib/moveit_servo/servo_node
[212.885s] -- Set runtime path of "/home/sazma/ws_future/install/moveit_servo/lib/moveit_servo/servo_node" to ""
[212.886s] -- Installing: /home/sazma/ws_future/install/moveit_servo/lib/libmoveit_servo_lib_cpp.so.2.8.0
[212.888s] -- Set runtime path of "/home/sazma/ws_future/install/moveit_servo/lib/libmoveit_servo_lib_cpp.so.2.8.0" to ""
[212.888s] -- Installing: /home/sazma/ws_future/install/moveit_servo/lib/libmoveit_servo_lib_cpp.so
[212.888s] -- Installing: /home/sazma/ws_future/install/moveit_servo/lib/libmoveit_servo_lib_ros.so.2.8.0
[212.893s] -- Set runtime path of "/home/sazma/ws_future/install/moveit_servo/lib/libmoveit_servo_lib_ros.so.2.8.0" to ""
[212.893s] -- Installing: /home/sazma/ws_future/install/moveit_servo/lib/libmoveit_servo_lib_ros.so
[212.893s] -- Installing: /home/sazma/ws_future/install/moveit_servo/lib/moveit_servo/demo_joint_jog
[212.894s] -- Set runtime path of "/home/sazma/ws_future/install/moveit_servo/lib/moveit_servo/demo_joint_jog" to ""
[212.894s] -- Installing: /home/sazma/ws_future/install/moveit_servo/lib/moveit_servo/demo_twist
[212.896s] -- Set runtime path of "/home/sazma/ws_future/install/moveit_servo/lib/moveit_servo/demo_twist" to ""
[212.896s] -- Installing: /home/sazma/ws_future/install/moveit_servo/lib/moveit_servo/demo_pose
[212.897s] -- Set runtime path of "/home/sazma/ws_future/install/moveit_servo/lib/moveit_servo/demo_pose" to ""
[212.898s] -- Up-to-date: /home/sazma/ws_future/install/moveit_servo/lib/moveit_servo/servo_node
[212.898s] -- Installing: /home/sazma/ws_future/install/moveit_servo/lib/moveit_servo/servo_keyboard_input
[212.900s] -- Set runtime path of "/home/sazma/ws_future/install/moveit_servo/lib/moveit_servo/servo_keyboard_input" to ""
[212.900s] -- Installing: /home/sazma/ws_future/install/moveit_servo/include/moveit_servo
[212.900s] -- Installing: /home/sazma/ws_future/install/moveit_servo/include/moveit_servo/moveit_servo
[212.900s] -- Installing: /home/sazma/ws_future/install/moveit_servo/include/moveit_servo/moveit_servo/servo_node.hpp
[212.901s] -- Installing: /home/sazma/ws_future/install/moveit_servo/include/moveit_servo/moveit_servo/utils
[212.901s] -- Installing: /home/sazma/ws_future/install/moveit_servo/include/moveit_servo/moveit_servo/utils/common.hpp
[212.901s] -- Installing: /home/sazma/ws_future/install/moveit_servo/include/moveit_servo/moveit_servo/utils/command.hpp
[212.901s] -- Installing: /home/sazma/ws_future/install/moveit_servo/include/moveit_servo/moveit_servo/utils/datatypes.hpp
[212.901s] -- Installing: /home/sazma/ws_future/install/moveit_servo/include/moveit_servo/moveit_servo/servo.hpp
[212.901s] -- Installing: /home/sazma/ws_future/install/moveit_servo/include/moveit_servo/moveit_servo/collision_monitor.hpp
[212.902s] -- Installing: /home/sazma/ws_future/install/moveit_servo/share/moveit_servo/launch
[212.902s] -- Installing: /home/sazma/ws_future/install/moveit_servo/share/moveit_servo/launch/demo_ros_api.launch.py
[212.902s] -- Installing: /home/sazma/ws_future/install/moveit_servo/share/moveit_servo/launch/demo_twist.launch.py
[212.902s] -- Installing: /home/sazma/ws_future/install/moveit_servo/share/moveit_servo/launch/demo_pose.launch.py
[212.902s] -- Installing: /home/sazma/ws_future/install/moveit_servo/share/moveit_servo/launch/demo_joint_jog.launch.py
[212.902s] -- Installing: /home/sazma/ws_future/install/moveit_servo/share/moveit_servo/config
[212.903s] -- Installing: /home/sazma/ws_future/install/moveit_servo/share/moveit_servo/config/test_config_panda.yaml
[212.903s] -- Installing: /home/sazma/ws_future/install/moveit_servo/share/moveit_servo/config/demo_rviz_config.rviz
[212.903s] -- Installing: /home/sazma/ws_future/install/moveit_servo/share/moveit_servo/config/servo_parameters.yaml
[212.903s] -- Installing: /home/sazma/ws_future/install/moveit_servo/share/moveit_servo/config/demo_rviz_config_ros.rviz
[212.903s] -- Installing: /home/sazma/ws_future/install/moveit_servo/share/moveit_servo/config/panda_simulated_config.yaml
[212.904s] -- Installing: /home/sazma/ws_future/install/moveit_servo/share/moveit_servo/environment/library_path.sh
[212.904s] -- Installing: /home/sazma/ws_future/install/moveit_servo/share/moveit_servo/environment/library_path.dsv
[212.905s] -- Installing: /home/sazma/ws_future/install/moveit_servo/share/ament_index/resource_index/package_run_dependencies/moveit_servo
[212.906s] -- Installing: /home/sazma/ws_future/install/moveit_servo/share/ament_index/resource_index/parent_prefix_path/moveit_servo
[212.906s] -- Installing: /home/sazma/ws_future/install/moveit_servo/share/moveit_servo/environment/ament_prefix_path.sh
[212.906s] -- Installing: /home/sazma/ws_future/install/moveit_servo/share/moveit_servo/environment/ament_prefix_path.dsv
[212.906s] -- Installing: /home/sazma/ws_future/install/moveit_servo/share/moveit_servo/environment/path.sh
[212.906s] -- Installing: /home/sazma/ws_future/install/moveit_servo/share/moveit_servo/environment/path.dsv
[212.907s] -- Installing: /home/sazma/ws_future/install/moveit_servo/share/moveit_servo/local_setup.bash
[212.907s] -- Installing: /home/sazma/ws_future/install/moveit_servo/share/moveit_servo/local_setup.sh
[212.907s] -- Installing: /home/sazma/ws_future/install/moveit_servo/share/moveit_servo/local_setup.zsh
[212.908s] -- Installing: /home/sazma/ws_future/install/moveit_servo/share/moveit_servo/local_setup.dsv
[212.908s] -- Installing: /home/sazma/ws_future/install/moveit_servo/share/moveit_servo/package.dsv
[212.908s] -- Installing: /home/sazma/ws_future/install/moveit_servo/share/ament_index/resource_index/packages/moveit_servo
[212.908s] -- Installing: /home/sazma/ws_future/install/moveit_servo/share/ament_index/resource_index/rclcpp_components/moveit_servo
[212.909s] -- Installing: /home/sazma/ws_future/install/moveit_servo/share/moveit_servo/cmake/moveit_servoTargetsExport.cmake
[212.909s] -- Installing: /home/sazma/ws_future/install/moveit_servo/share/moveit_servo/cmake/moveit_servoTargetsExport-release.cmake
[212.910s] -- Installing: /home/sazma/ws_future/install/moveit_servo/share/moveit_servo/cmake/ament_cmake_export_targets-extras.cmake
[212.910s] -- Installing: /home/sazma/ws_future/install/moveit_servo/share/moveit_servo/cmake/ament_cmake_export_dependencies-extras.cmake
[212.910s] -- Installing: /home/sazma/ws_future/install/moveit_servo/share/moveit_servo/cmake/moveit_servoConfig.cmake
[212.911s] -- Installing: /home/sazma/ws_future/install/moveit_servo/share/moveit_servo/cmake/moveit_servoConfig-version.cmake
[212.911s] -- Installing: /home/sazma/ws_future/install/moveit_servo/share/moveit_servo/package.xml
[212.929s] Invoked command in '/home/sazma/ws_future/build/moveit_servo' returned '0': AMENT_PREFIX_PATH=/home/sazma/ws_future/install/moveit_ros_planning_interface:/home/sazma/ws_future/install/moveit_ros_move_group:/home/sazma/ws_future/install/moveit_ros_warehouse:/home/sazma/ws_future/install/moveit_kinematics:/home/sazma/ws_future/install/moveit_ros_planning:/home/sazma/ws_future/install/moveit_ros_occupancy_map_monitor:/home/sazma/ws_future/install/moveit_core:/home/sazma/ws_future/install/moveit_resources_panda_moveit_config:/home/sazma/ws_future/install/moveit_resources_panda_description:/home/sazma/ws_future/install/moveit_msgs:/home/sazma/ws_future/install/moveit_configs_utils:/home/sazma/ws_future/install/moveit_common:${AMENT_PREFIX_PATH} CMAKE_PREFIX_PATH=/home/sazma/ws_future/install/moveit_ros_planning_interface:/home/sazma/ws_future/install/moveit_ros_move_group:/home/sazma/ws_future/install/moveit_ros_warehouse:/home/sazma/ws_future/install/moveit_kinematics:/home/sazma/ws_future/install/moveit_ros_planning:/home/sazma/ws_future/install/moveit_ros_occupancy_map_monitor:/home/sazma/ws_future/install/moveit_core:/home/sazma/ws_future/install/moveit_resources_panda_moveit_config:/home/sazma/ws_future/install/moveit_resources_panda_description:/home/sazma/ws_future/install/moveit_msgs:/home/sazma/ws_future/install/moveit_common:/home/sazma/ws_future/install/ui_for_debug_and_demo:/home/sazma/ws_future/install/tm_driver:/home/sazma/ws_future/install/demo:/home/sazma/ws_future/install/tm_msgs:/home/sazma/ws_future/install/tm_moveit_cpp_demo:/home/sazma/ws_future/install/tm_moveit_config_tm5x-900:/home/sazma/ws_future/install/tm_moveit_config_tm5x-700:/home/sazma/ws_future/install/tm_moveit_config_tm5-900:/home/sazma/ws_future/install/tm_moveit_config_tm5-700:/home/sazma/ws_future/install/tm_moveit_config_tm14x:/home/sazma/ws_future/install/tm_moveit_config_tm14:/home/sazma/ws_future/install/tm_moveit_config_tm12x:/home/sazma/ws_future/install/tm_moveit_config_tm12:/home/sazma/ws_future/install/tm_description:/home/sazma/ws_future/install/custom_package:/home/sazma/ws_future/install/techman_robot_msgs:/home/sazma/ws_tm/install/ui_for_debug_and_demo:/home/sazma/ws_tm/install/tm_driver:/home/sazma/ws_tm/install/demo:/home/sazma/ws_tm/install/tm_msgs:/home/sazma/ws_tm/install/tm_moveit_cpp_demo:/home/sazma/ws_tm/install/tm_moveit_config_tm5x-900:/home/sazma/ws_tm/install/tm_moveit_config_tm5x-700:/home/sazma/ws_tm/install/tm_moveit_config_tm5-900:/home/sazma/ws_tm/install/tm_moveit_config_tm5-700:/home/sazma/ws_tm/install/tm_moveit_config_tm14x:/home/sazma/ws_tm/install/tm_moveit_config_tm14:/home/sazma/ws_tm/install/tm_moveit_config_tm12x:/home/sazma/ws_tm/install/tm_moveit_config_tm12:/home/sazma/ws_tm/install/tm_description:/home/sazma/ws_tm/install/custom_package:/home/sazma/ws_tm/install/techman_robot_msgs:/home/sazma/ws_future/install/tm_mod_urdf:/home/sazma/ws_future/install/tm_get_status:/home/sazma/ws_tm/install/tm_mod_urdf:/home/sazma/ws_tm/install/tm_get_status:/opt/ros/humble LD_LIBRARY_PATH=/home/sazma/ws_future/install/moveit_ros_planning_interface/lib:/home/sazma/ws_future/install/moveit_ros_move_group/lib:/home/sazma/ws_future/install/moveit_ros_warehouse/lib:/home/sazma/ws_future/install/moveit_kinematics/lib:/home/sazma/ws_future/install/moveit_ros_planning/lib:/home/sazma/ws_future/install/moveit_ros_occupancy_map_monitor/lib:/home/sazma/ws_future/install/moveit_core/lib:/home/sazma/ws_future/install/moveit_msgs/lib:${LD_LIBRARY_PATH} PATH=/home/sazma/ws_future/install/moveit_core/bin:${PATH} PYTHONPATH=/home/sazma/ws_future/install/moveit_msgs/local/lib/python3.10/dist-packages:/home/sazma/ws_future/install/moveit_configs_utils/lib/python3.10/site-packages:${PYTHONPATH} /usr/bin/cmake --install /home/sazma/ws_future/build/moveit_servo
