[0.393s] Invoking command in '/home/sazma/ws_future/build/moveit_core': CMAKE_PREFIX_PATH=/home/sazma/ws_future/install/moveit_resources_panda_moveit_config:/home/sazma/ws_future/install/moveit_resources_pr2_description:/home/sazma/ws_future/install/moveit_resources_panda_description:/home/sazma/ws_future/install/moveit_msgs:/home/sazma/ws_future/install/moveit_common:/home/sazma/ws_future/install/ui_for_debug_and_demo:/home/sazma/ws_future/install/tutorial_interfaces:/home/sazma/ws_future/install/tm_driver:/home/sazma/ws_future/install/demo:/home/sazma/ws_future/install/tm_msgs:/home/sazma/ws_future/install/tm_moveit_cpp_demo:/home/sazma/ws_future/install/tm_moveit_config_tm5x-900:/home/sazma/ws_future/install/tm_moveit_config_tm5x-700:/home/sazma/ws_future/install/tm_moveit_config_tm5-900:/home/sazma/ws_future/install/tm_moveit_config_tm5-700:/home/sazma/ws_future/install/tm_moveit_config_tm14x:/home/sazma/ws_future/install/tm_moveit_config_tm14:/home/sazma/ws_future/install/tm_moveit_config_tm12x:/home/sazma/ws_future/install/tm_moveit_config_tm12:/home/sazma/ws_future/install/demo_tmr5_900:/home/sazma/ws_future/install/tm_description:/home/sazma/ws_future/install/custom_package:/home/sazma/ws_future/install/techman_robot_msgs:/home/sazma/ws_future/install/moveit2_tutorials:/home/sazma/ws_future/install/moveit_visual_tools:/home/sazma/ws_future/install/rviz_visual_tools:/home/sazma/ws_future/install/moveit_task_constructor_visualization:/home/sazma/ws_future/install/moveit_task_constructor_demo:/home/sazma/ws_future/install/moveit_task_constructor_capabilities:/home/sazma/ws_future/install/moveit_task_constructor_core:/home/sazma/ws_future/install/rviz_marker_tools:/home/sazma/ws_future/install/pilz_industrial_motion_planner_testutils:/home/sazma/ws_future/install/moveit_runtime:/home/sazma/ws_future/install/moveit:/home/sazma/ws_future/install/kinova_gen3_7dof_robotiq_2f_85_moveit_config:/home/sazma/ws_future/install/kinova_gen3_6dof_robotiq_2f_85_moveit_config:/home/sazma/ws_future/install/moveit_planners:/home/sazma/ws_future/install/pilz_industrial_motion_planner:/home/sazma/ws_future/install/pick_ik:/home/sazma/ws_future/install/msg_store:/home/sazma/ws_future/install/moveit_task_constructor_msgs:/home/sazma/ws_future/install/moveit_ros_control_interface:/home/sazma/ws_future/install/moveit_plugins:/home/sazma/ws_future/install/moveit_simple_controller_manager:/home/sazma/ws_future/install/moveit_setup_assistant:/home/sazma/ws_future/install/moveit_setup_srdf_plugins:/home/sazma/ws_future/install/moveit_setup_core_plugins:/home/sazma/ws_future/install/moveit_setup_controllers:/home/sazma/ws_future/install/moveit_setup_app_plugins:/home/sazma/ws_future/install/moveit_setup_framework:/home/sazma/ws_future/install/moveit_servo:/home/sazma/ws_future/install/moveit_ros:/home/sazma/ws_future/install/moveit_ros_visualization:/home/sazma/ws_future/install/moveit_py:/home/sazma/ws_future/install/moveit_hybrid_planning:/home/sazma/ws_future/install/moveit_ros_planning_interface:/home/sazma/ws_future/install/moveit_ros_benchmarks:/home/sazma/ws_future/install/moveit_ros_warehouse:/home/sazma/ws_future/install/moveit_ros_robot_interaction:/home/sazma/ws_future/install/moveit_ros_perception:/home/sazma/ws_future/install/moveit_resources_prbt_pg70_support:/home/sazma/ws_future/install/moveit_resources_prbt_moveit_config:/home/sazma/ws_future/install/moveit_ros_move_group:/home/sazma/ws_future/install/moveit_planners_ompl:/home/sazma/ws_future/install/moveit_kinematics:/home/sazma/ws_future/install/moveit_ros_planning:/home/sazma/ws_future/install/moveit_ros_occupancy_map_monitor:/home/sazma/ws_future/install/moveit_resources_prbt_support:/home/sazma/ws_future/install/moveit_resources_prbt_ikfast_manipulator_plugin:/home/sazma/ws_future/install/moveit_resources:/home/sazma/ws_future/install/dual_arm_panda_moveit_config:/home/sazma/ws_future/install/moveit_resources_fanuc_moveit_config:/home/sazma/ws_future/install/moveit_resources_fanuc_description:/home/sazma/ws_future/install/moveit_planners_stomp:/home/sazma/ws_future/install/moveit_planners_chomp:/home/sazma/ws_future/install/moveit_chomp_optimizer_adapter:/home/sazma/ws_future/install/chomp_motion_planner:/home/sazma/ws_future/install/moveit_core:/home/sazma/ws_future/install/kortex_bringup:/home/sazma/ws_future/install/kortex_driver:/home/sazma/ws_future/install/kortex_description:/home/sazma/ws_future/install/kortex_api:/home/sazma/ws_future/install/cpp_pubsub:/home/sazma/tm5_900_ws/install/demo_tmr5_900:/home/sazma/ws_future/install/tm_mod_urdf:/home/sazma/ws_future/install/tm_get_status:/home/sazma/ws_future/install/py_pubsub:/home/sazma/ws_future/install/mpu_6050:/home/sazma/ws_future/install/moveit_configs_utils:/opt/ros/humble LD_LIBRARY_PATH=/home/sazma/ws_future/install/moveit_msgs/lib:/home/sazma/ws_future/install/tutorial_interfaces/lib:/home/sazma/ws_future/install/tm_msgs/lib:/home/sazma/ws_future/install/techman_robot_msgs/lib:/home/sazma/ws_future/install/moveit_visual_tools/lib:/home/sazma/ws_future/install/rviz_visual_tools/lib:/home/sazma/ws_future/install/moveit_task_constructor_visualization/lib:/home/sazma/ws_future/install/moveit_task_constructor_demo/lib:/home/sazma/ws_future/install/moveit_task_constructor_capabilities/lib:/home/sazma/ws_future/install/moveit_task_constructor_core/lib:/home/sazma/ws_future/install/rviz_marker_tools/lib:/home/sazma/ws_future/install/pilz_industrial_motion_planner_testutils/lib:/home/sazma/ws_future/install/pilz_industrial_motion_planner/lib:/home/sazma/ws_future/install/pick_ik/lib:/home/sazma/ws_future/install/msg_store/lib:/home/sazma/ws_future/install/moveit_task_constructor_msgs/lib:/home/sazma/ws_future/install/moveit_ros_control_interface/lib:/home/sazma/ws_future/install/moveit_simple_controller_manager/lib:/home/sazma/ws_future/install/moveit_setup_assistant/lib:/home/sazma/ws_future/install/moveit_setup_srdf_plugins/lib:/home/sazma/ws_future/install/moveit_setup_core_plugins/lib:/home/sazma/ws_future/install/moveit_setup_controllers/lib:/home/sazma/ws_future/install/moveit_setup_app_plugins/lib:/home/sazma/ws_future/install/moveit_setup_framework/lib:/home/sazma/ws_future/install/moveit_servo/lib:/home/sazma/ws_future/install/moveit_ros_visualization/lib:/home/sazma/ws_future/install/moveit_py/lib:/home/sazma/ws_future/install/moveit_hybrid_planning/lib:/home/sazma/ws_future/install/moveit_ros_planning_interface/lib:/home/sazma/ws_future/install/moveit_ros_benchmarks/lib:/home/sazma/ws_future/install/moveit_ros_warehouse/lib:/home/sazma/ws_future/install/moveit_ros_robot_interaction/lib:/home/sazma/ws_future/install/moveit_ros_perception/lib:/home/sazma/ws_future/install/moveit_ros_move_group/lib:/home/sazma/ws_future/install/moveit_planners_ompl/lib:/home/sazma/ws_future/install/moveit_kinematics/lib:/home/sazma/ws_future/install/moveit_ros_planning/lib:/home/sazma/ws_future/install/moveit_ros_occupancy_map_monitor/lib:/home/sazma/ws_future/install/moveit_resources_prbt_ikfast_manipulator_plugin/lib:/home/sazma/ws_future/install/moveit_planners_stomp/lib:/home/sazma/ws_future/install/moveit_planners_chomp/lib:/home/sazma/ws_future/install/moveit_chomp_optimizer_adapter/lib:/home/sazma/ws_future/install/chomp_motion_planner/lib:/home/sazma/ws_future/install/moveit_core/lib:/home/sazma/ws_future/install/kortex_driver/lib:/opt/ros/humble/opt/rviz_ogre_vendor/lib:/opt/ros/humble/lib/x86_64-linux-gnu:/opt/ros/humble/lib /usr/bin/cmake --build /home/sazma/ws_future/build/moveit_core -- -j12 -l12
[0.565s] [  2%] Built target moveit_exceptions
[0.568s] [  3%] Built target gtest
[0.569s] [  4%] [34m[1mGenerating ../include/moveit/version.h, always_rebuild[0m
[0.569s] [  5%] Built target gtest_main
[0.580s] [  6%] Built target gmock
[0.586s] [  8%] Built target gmock_main
[0.588s] [  9%] Built target moveit_butterworth_parameters
[0.602s] [ 10%] Built target moveit_smoothing_base
[0.609s] [ 13%] Built target moveit_utils
[0.622s] [ 14%] Built target moveit_transforms
[0.660s] [ 16%] Built target moveit_distance_field
[0.703s] [ 17%] [34m[1mGenerating version.h[0m
[0.705s] [ 18%] Built target logger_from_only_child_dut
[0.713s] [ 19%] Built target logger_dut
[0.717s] [ 26%] Built target moveit_robot_model
[0.724s] [ 27%] Built target test_voxel_grid
[0.724s] [ 27%] Built target version_h
[0.724s] [ 28%] Built target logger_from_child_dut
[0.729s] [ 29%] Built target test_distance_field
[0.741s] [ 30%] Built target test_transforms
[0.762s] [ 31%] Built target moveit_version
[0.769s] [ 32%] Built target moveit_kinematics_base
[0.770s] [ 33%] Built target moveit_butterworth_filter
[0.821s] [ 34%] Built target test_butterworth_filter
[0.824s] [ 36%] Built target moveit_robot_state
[0.824s] [ 37%] Built target moveit_test_utils
[0.909s] [ 38%] Built target test_robot_state_complex
[0.910s] [ 39%] Built target moveit_dynamics_solver
[0.913s] [ 41%] Built target moveit_robot_trajectory
[0.913s] [ 42%] Built target robot_state_jacobian_benchmark
[0.918s] [ 44%] Built target moveit_kinematics_metrics
[0.918s] [ 44%] Built target test_robot_state_benchmark
[0.923s] [ 46%] Built target test_robot_state
[0.923s] [ 46%] Built target test_robot_model
[0.928s] [ 47%] Built target test_cartesian_interpolator
[0.929s] [ 53%] Built target moveit_collision_detection
[0.929s] [ 54%] Built target test_aabb
[0.991s] [ 56%] Built target moveit_planning_interface
[0.994s] [ 59%] Built target test_robot_trajectory
[0.994s] [ 60%] Built target moveit_trajectory_processing
[1.002s] [ 61%] Built target test_world
[1.007s] [ 62%] Built target test_world_diff
[1.008s] [ 64%] Built target test_all_valid
[1.026s] [ 68%] Built target moveit_collision_detection_bullet
[1.027s] [ 70%] Built target moveit_collision_detection_fcl
[1.056s] [ 71%] Built target test_time_optimal_trajectory_generation
[1.061s] [ 72%] Built target test_ruckig_traj_smoothing
[1.096s] [ 73%] Built target test_bullet_collision_detection_panda
[1.103s] [ 75%] Built target test_bullet_continuous_collision_checking
[1.104s] [ 75%] Built target test_bullet_collision_detection
[1.107s] [ 76%] Built target test_fcl_collision_env
[1.107s] [ 77%] Built target test_fcl_collision_detection
[1.117s] [ 78%] Built target moveit_kinematic_constraints
[1.119s] [ 79%] Built target test_fcl_collision_detection_panda
[1.175s] [ 80%] Built target test_constraints
[1.178s] [ 81%] Built target test_orientation_constraints
[1.184s] [ 82%] Built target moveit_planning_scene
[1.248s] [ 83%] Built target test_planning_scene
[1.249s] [ 85%] Built target test_collision_objects
[1.250s] [ 86%] Built target collision_detector_bullet_plugin
[1.251s] [ 88%] Built target test_multi_threaded
[1.253s] [ 89%] Built target moveit_planning_request_adapter
[1.260s] [ 92%] Built target moveit_constraint_samplers
[1.264s] [ 96%] Built target moveit_collision_distance_field
[1.264s] [ 96%] Built target collision_detector_fcl_plugin
[1.295s] [ 97%] Built target test_planning_request_adapter_chain
[1.310s] [ 99%] Built target test_constraint_samplers
[1.310s] [100%] Built target test_collision_distance_field
[1.430s] Invoked command in '/home/sazma/ws_future/build/moveit_core' returned '0': CMAKE_PREFIX_PATH=/home/sazma/ws_future/install/moveit_resources_panda_moveit_config:/home/sazma/ws_future/install/moveit_resources_pr2_description:/home/sazma/ws_future/install/moveit_resources_panda_description:/home/sazma/ws_future/install/moveit_msgs:/home/sazma/ws_future/install/moveit_common:/home/sazma/ws_future/install/ui_for_debug_and_demo:/home/sazma/ws_future/install/tutorial_interfaces:/home/sazma/ws_future/install/tm_driver:/home/sazma/ws_future/install/demo:/home/sazma/ws_future/install/tm_msgs:/home/sazma/ws_future/install/tm_moveit_cpp_demo:/home/sazma/ws_future/install/tm_moveit_config_tm5x-900:/home/sazma/ws_future/install/tm_moveit_config_tm5x-700:/home/sazma/ws_future/install/tm_moveit_config_tm5-900:/home/sazma/ws_future/install/tm_moveit_config_tm5-700:/home/sazma/ws_future/install/tm_moveit_config_tm14x:/home/sazma/ws_future/install/tm_moveit_config_tm14:/home/sazma/ws_future/install/tm_moveit_config_tm12x:/home/sazma/ws_future/install/tm_moveit_config_tm12:/home/sazma/ws_future/install/demo_tmr5_900:/home/sazma/ws_future/install/tm_description:/home/sazma/ws_future/install/custom_package:/home/sazma/ws_future/install/techman_robot_msgs:/home/sazma/ws_future/install/moveit2_tutorials:/home/sazma/ws_future/install/moveit_visual_tools:/home/sazma/ws_future/install/rviz_visual_tools:/home/sazma/ws_future/install/moveit_task_constructor_visualization:/home/sazma/ws_future/install/moveit_task_constructor_demo:/home/sazma/ws_future/install/moveit_task_constructor_capabilities:/home/sazma/ws_future/install/moveit_task_constructor_core:/home/sazma/ws_future/install/rviz_marker_tools:/home/sazma/ws_future/install/pilz_industrial_motion_planner_testutils:/home/sazma/ws_future/install/moveit_runtime:/home/sazma/ws_future/install/moveit:/home/sazma/ws_future/install/kinova_gen3_7dof_robotiq_2f_85_moveit_config:/home/sazma/ws_future/install/kinova_gen3_6dof_robotiq_2f_85_moveit_config:/home/sazma/ws_future/install/moveit_planners:/home/sazma/ws_future/install/pilz_industrial_motion_planner:/home/sazma/ws_future/install/pick_ik:/home/sazma/ws_future/install/msg_store:/home/sazma/ws_future/install/moveit_task_constructor_msgs:/home/sazma/ws_future/install/moveit_ros_control_interface:/home/sazma/ws_future/install/moveit_plugins:/home/sazma/ws_future/install/moveit_simple_controller_manager:/home/sazma/ws_future/install/moveit_setup_assistant:/home/sazma/ws_future/install/moveit_setup_srdf_plugins:/home/sazma/ws_future/install/moveit_setup_core_plugins:/home/sazma/ws_future/install/moveit_setup_controllers:/home/sazma/ws_future/install/moveit_setup_app_plugins:/home/sazma/ws_future/install/moveit_setup_framework:/home/sazma/ws_future/install/moveit_servo:/home/sazma/ws_future/install/moveit_ros:/home/sazma/ws_future/install/moveit_ros_visualization:/home/sazma/ws_future/install/moveit_py:/home/sazma/ws_future/install/moveit_hybrid_planning:/home/sazma/ws_future/install/moveit_ros_planning_interface:/home/sazma/ws_future/install/moveit_ros_benchmarks:/home/sazma/ws_future/install/moveit_ros_warehouse:/home/sazma/ws_future/install/moveit_ros_robot_interaction:/home/sazma/ws_future/install/moveit_ros_perception:/home/sazma/ws_future/install/moveit_resources_prbt_pg70_support:/home/sazma/ws_future/install/moveit_resources_prbt_moveit_config:/home/sazma/ws_future/install/moveit_ros_move_group:/home/sazma/ws_future/install/moveit_planners_ompl:/home/sazma/ws_future/install/moveit_kinematics:/home/sazma/ws_future/install/moveit_ros_planning:/home/sazma/ws_future/install/moveit_ros_occupancy_map_monitor:/home/sazma/ws_future/install/moveit_resources_prbt_support:/home/sazma/ws_future/install/moveit_resources_prbt_ikfast_manipulator_plugin:/home/sazma/ws_future/install/moveit_resources:/home/sazma/ws_future/install/dual_arm_panda_moveit_config:/home/sazma/ws_future/install/moveit_resources_fanuc_moveit_config:/home/sazma/ws_future/install/moveit_resources_fanuc_description:/home/sazma/ws_future/install/moveit_planners_stomp:/home/sazma/ws_future/install/moveit_planners_chomp:/home/sazma/ws_future/install/moveit_chomp_optimizer_adapter:/home/sazma/ws_future/install/chomp_motion_planner:/home/sazma/ws_future/install/moveit_core:/home/sazma/ws_future/install/kortex_bringup:/home/sazma/ws_future/install/kortex_driver:/home/sazma/ws_future/install/kortex_description:/home/sazma/ws_future/install/kortex_api:/home/sazma/ws_future/install/cpp_pubsub:/home/sazma/tm5_900_ws/install/demo_tmr5_900:/home/sazma/ws_future/install/tm_mod_urdf:/home/sazma/ws_future/install/tm_get_status:/home/sazma/ws_future/install/py_pubsub:/home/sazma/ws_future/install/mpu_6050:/home/sazma/ws_future/install/moveit_configs_utils:/opt/ros/humble LD_LIBRARY_PATH=/home/sazma/ws_future/install/moveit_msgs/lib:/home/sazma/ws_future/install/tutorial_interfaces/lib:/home/sazma/ws_future/install/tm_msgs/lib:/home/sazma/ws_future/install/techman_robot_msgs/lib:/home/sazma/ws_future/install/moveit_visual_tools/lib:/home/sazma/ws_future/install/rviz_visual_tools/lib:/home/sazma/ws_future/install/moveit_task_constructor_visualization/lib:/home/sazma/ws_future/install/moveit_task_constructor_demo/lib:/home/sazma/ws_future/install/moveit_task_constructor_capabilities/lib:/home/sazma/ws_future/install/moveit_task_constructor_core/lib:/home/sazma/ws_future/install/rviz_marker_tools/lib:/home/sazma/ws_future/install/pilz_industrial_motion_planner_testutils/lib:/home/sazma/ws_future/install/pilz_industrial_motion_planner/lib:/home/sazma/ws_future/install/pick_ik/lib:/home/sazma/ws_future/install/msg_store/lib:/home/sazma/ws_future/install/moveit_task_constructor_msgs/lib:/home/sazma/ws_future/install/moveit_ros_control_interface/lib:/home/sazma/ws_future/install/moveit_simple_controller_manager/lib:/home/sazma/ws_future/install/moveit_setup_assistant/lib:/home/sazma/ws_future/install/moveit_setup_srdf_plugins/lib:/home/sazma/ws_future/install/moveit_setup_core_plugins/lib:/home/sazma/ws_future/install/moveit_setup_controllers/lib:/home/sazma/ws_future/install/moveit_setup_app_plugins/lib:/home/sazma/ws_future/install/moveit_setup_framework/lib:/home/sazma/ws_future/install/moveit_servo/lib:/home/sazma/ws_future/install/moveit_ros_visualization/lib:/home/sazma/ws_future/install/moveit_py/lib:/home/sazma/ws_future/install/moveit_hybrid_planning/lib:/home/sazma/ws_future/install/moveit_ros_planning_interface/lib:/home/sazma/ws_future/install/moveit_ros_benchmarks/lib:/home/sazma/ws_future/install/moveit_ros_warehouse/lib:/home/sazma/ws_future/install/moveit_ros_robot_interaction/lib:/home/sazma/ws_future/install/moveit_ros_perception/lib:/home/sazma/ws_future/install/moveit_ros_move_group/lib:/home/sazma/ws_future/install/moveit_planners_ompl/lib:/home/sazma/ws_future/install/moveit_kinematics/lib:/home/sazma/ws_future/install/moveit_ros_planning/lib:/home/sazma/ws_future/install/moveit_ros_occupancy_map_monitor/lib:/home/sazma/ws_future/install/moveit_resources_prbt_ikfast_manipulator_plugin/lib:/home/sazma/ws_future/install/moveit_planners_stomp/lib:/home/sazma/ws_future/install/moveit_planners_chomp/lib:/home/sazma/ws_future/install/moveit_chomp_optimizer_adapter/lib:/home/sazma/ws_future/install/chomp_motion_planner/lib:/home/sazma/ws_future/install/moveit_core/lib:/home/sazma/ws_future/install/kortex_driver/lib:/opt/ros/humble/opt/rviz_ogre_vendor/lib:/opt/ros/humble/lib/x86_64-linux-gnu:/opt/ros/humble/lib /usr/bin/cmake --build /home/sazma/ws_future/build/moveit_core -- -j12 -l12
[1.580s] Invoking command in '/home/sazma/ws_future/build/moveit_core': CMAKE_PREFIX_PATH=/home/sazma/ws_future/install/moveit_resources_panda_moveit_config:/home/sazma/ws_future/install/moveit_resources_pr2_description:/home/sazma/ws_future/install/moveit_resources_panda_description:/home/sazma/ws_future/install/moveit_msgs:/home/sazma/ws_future/install/moveit_common:/home/sazma/ws_future/install/ui_for_debug_and_demo:/home/sazma/ws_future/install/tutorial_interfaces:/home/sazma/ws_future/install/tm_driver:/home/sazma/ws_future/install/demo:/home/sazma/ws_future/install/tm_msgs:/home/sazma/ws_future/install/tm_moveit_cpp_demo:/home/sazma/ws_future/install/tm_moveit_config_tm5x-900:/home/sazma/ws_future/install/tm_moveit_config_tm5x-700:/home/sazma/ws_future/install/tm_moveit_config_tm5-900:/home/sazma/ws_future/install/tm_moveit_config_tm5-700:/home/sazma/ws_future/install/tm_moveit_config_tm14x:/home/sazma/ws_future/install/tm_moveit_config_tm14:/home/sazma/ws_future/install/tm_moveit_config_tm12x:/home/sazma/ws_future/install/tm_moveit_config_tm12:/home/sazma/ws_future/install/demo_tmr5_900:/home/sazma/ws_future/install/tm_description:/home/sazma/ws_future/install/custom_package:/home/sazma/ws_future/install/techman_robot_msgs:/home/sazma/ws_future/install/moveit2_tutorials:/home/sazma/ws_future/install/moveit_visual_tools:/home/sazma/ws_future/install/rviz_visual_tools:/home/sazma/ws_future/install/moveit_task_constructor_visualization:/home/sazma/ws_future/install/moveit_task_constructor_demo:/home/sazma/ws_future/install/moveit_task_constructor_capabilities:/home/sazma/ws_future/install/moveit_task_constructor_core:/home/sazma/ws_future/install/rviz_marker_tools:/home/sazma/ws_future/install/pilz_industrial_motion_planner_testutils:/home/sazma/ws_future/install/moveit_runtime:/home/sazma/ws_future/install/moveit:/home/sazma/ws_future/install/kinova_gen3_7dof_robotiq_2f_85_moveit_config:/home/sazma/ws_future/install/kinova_gen3_6dof_robotiq_2f_85_moveit_config:/home/sazma/ws_future/install/moveit_planners:/home/sazma/ws_future/install/pilz_industrial_motion_planner:/home/sazma/ws_future/install/pick_ik:/home/sazma/ws_future/install/msg_store:/home/sazma/ws_future/install/moveit_task_constructor_msgs:/home/sazma/ws_future/install/moveit_ros_control_interface:/home/sazma/ws_future/install/moveit_plugins:/home/sazma/ws_future/install/moveit_simple_controller_manager:/home/sazma/ws_future/install/moveit_setup_assistant:/home/sazma/ws_future/install/moveit_setup_srdf_plugins:/home/sazma/ws_future/install/moveit_setup_core_plugins:/home/sazma/ws_future/install/moveit_setup_controllers:/home/sazma/ws_future/install/moveit_setup_app_plugins:/home/sazma/ws_future/install/moveit_setup_framework:/home/sazma/ws_future/install/moveit_servo:/home/sazma/ws_future/install/moveit_ros:/home/sazma/ws_future/install/moveit_ros_visualization:/home/sazma/ws_future/install/moveit_py:/home/sazma/ws_future/install/moveit_hybrid_planning:/home/sazma/ws_future/install/moveit_ros_planning_interface:/home/sazma/ws_future/install/moveit_ros_benchmarks:/home/sazma/ws_future/install/moveit_ros_warehouse:/home/sazma/ws_future/install/moveit_ros_robot_interaction:/home/sazma/ws_future/install/moveit_ros_perception:/home/sazma/ws_future/install/moveit_resources_prbt_pg70_support:/home/sazma/ws_future/install/moveit_resources_prbt_moveit_config:/home/sazma/ws_future/install/moveit_ros_move_group:/home/sazma/ws_future/install/moveit_planners_ompl:/home/sazma/ws_future/install/moveit_kinematics:/home/sazma/ws_future/install/moveit_ros_planning:/home/sazma/ws_future/install/moveit_ros_occupancy_map_monitor:/home/sazma/ws_future/install/moveit_resources_prbt_support:/home/sazma/ws_future/install/moveit_resources_prbt_ikfast_manipulator_plugin:/home/sazma/ws_future/install/moveit_resources:/home/sazma/ws_future/install/dual_arm_panda_moveit_config:/home/sazma/ws_future/install/moveit_resources_fanuc_moveit_config:/home/sazma/ws_future/install/moveit_resources_fanuc_description:/home/sazma/ws_future/install/moveit_planners_stomp:/home/sazma/ws_future/install/moveit_planners_chomp:/home/sazma/ws_future/install/moveit_chomp_optimizer_adapter:/home/sazma/ws_future/install/chomp_motion_planner:/home/sazma/ws_future/install/moveit_core:/home/sazma/ws_future/install/kortex_bringup:/home/sazma/ws_future/install/kortex_driver:/home/sazma/ws_future/install/kortex_description:/home/sazma/ws_future/install/kortex_api:/home/sazma/ws_future/install/cpp_pubsub:/home/sazma/tm5_900_ws/install/demo_tmr5_900:/home/sazma/ws_future/install/tm_mod_urdf:/home/sazma/ws_future/install/tm_get_status:/home/sazma/ws_future/install/py_pubsub:/home/sazma/ws_future/install/mpu_6050:/home/sazma/ws_future/install/moveit_configs_utils:/opt/ros/humble LD_LIBRARY_PATH=/home/sazma/ws_future/install/moveit_msgs/lib:/home/sazma/ws_future/install/tutorial_interfaces/lib:/home/sazma/ws_future/install/tm_msgs/lib:/home/sazma/ws_future/install/techman_robot_msgs/lib:/home/sazma/ws_future/install/moveit_visual_tools/lib:/home/sazma/ws_future/install/rviz_visual_tools/lib:/home/sazma/ws_future/install/moveit_task_constructor_visualization/lib:/home/sazma/ws_future/install/moveit_task_constructor_demo/lib:/home/sazma/ws_future/install/moveit_task_constructor_capabilities/lib:/home/sazma/ws_future/install/moveit_task_constructor_core/lib:/home/sazma/ws_future/install/rviz_marker_tools/lib:/home/sazma/ws_future/install/pilz_industrial_motion_planner_testutils/lib:/home/sazma/ws_future/install/pilz_industrial_motion_planner/lib:/home/sazma/ws_future/install/pick_ik/lib:/home/sazma/ws_future/install/msg_store/lib:/home/sazma/ws_future/install/moveit_task_constructor_msgs/lib:/home/sazma/ws_future/install/moveit_ros_control_interface/lib:/home/sazma/ws_future/install/moveit_simple_controller_manager/lib:/home/sazma/ws_future/install/moveit_setup_assistant/lib:/home/sazma/ws_future/install/moveit_setup_srdf_plugins/lib:/home/sazma/ws_future/install/moveit_setup_core_plugins/lib:/home/sazma/ws_future/install/moveit_setup_controllers/lib:/home/sazma/ws_future/install/moveit_setup_app_plugins/lib:/home/sazma/ws_future/install/moveit_setup_framework/lib:/home/sazma/ws_future/install/moveit_servo/lib:/home/sazma/ws_future/install/moveit_ros_visualization/lib:/home/sazma/ws_future/install/moveit_py/lib:/home/sazma/ws_future/install/moveit_hybrid_planning/lib:/home/sazma/ws_future/install/moveit_ros_planning_interface/lib:/home/sazma/ws_future/install/moveit_ros_benchmarks/lib:/home/sazma/ws_future/install/moveit_ros_warehouse/lib:/home/sazma/ws_future/install/moveit_ros_robot_interaction/lib:/home/sazma/ws_future/install/moveit_ros_perception/lib:/home/sazma/ws_future/install/moveit_ros_move_group/lib:/home/sazma/ws_future/install/moveit_planners_ompl/lib:/home/sazma/ws_future/install/moveit_kinematics/lib:/home/sazma/ws_future/install/moveit_ros_planning/lib:/home/sazma/ws_future/install/moveit_ros_occupancy_map_monitor/lib:/home/sazma/ws_future/install/moveit_resources_prbt_ikfast_manipulator_plugin/lib:/home/sazma/ws_future/install/moveit_planners_stomp/lib:/home/sazma/ws_future/install/moveit_planners_chomp/lib:/home/sazma/ws_future/install/moveit_chomp_optimizer_adapter/lib:/home/sazma/ws_future/install/chomp_motion_planner/lib:/home/sazma/ws_future/install/moveit_core/lib:/home/sazma/ws_future/install/kortex_driver/lib:/opt/ros/humble/opt/rviz_ogre_vendor/lib:/opt/ros/humble/lib/x86_64-linux-gnu:/opt/ros/humble/lib /usr/bin/cmake --install /home/sazma/ws_future/build/moveit_core
[1.591s] -- Install configuration: "Release"
[1.591s] -- Up-to-date: /home/sazma/ws_future/install/moveit_core/include/moveit_core
[1.591s] -- Up-to-date: /home/sazma/ws_future/install/moveit_core/include/moveit_core/moveit
[1.592s] -- Up-to-date: /home/sazma/ws_future/install/moveit_core/include/moveit_core/moveit/collision_detection_bullet
[1.592s] -- Up-to-date: /home/sazma/ws_future/install/moveit_core/include/moveit_core/moveit/collision_detection_bullet/bullet_integration
[1.592s] -- Up-to-date: /home/sazma/ws_future/install/moveit_core/include/moveit_core/moveit/collision_detection_bullet/bullet_integration/basic_types.h
[1.592s] -- Up-to-date: /home/sazma/ws_future/install/moveit_core/include/moveit_core/moveit/collision_detection_bullet/bullet_integration/contact_checker_common.h
[1.592s] -- Up-to-date: /home/sazma/ws_future/install/moveit_core/include/moveit_core/moveit/collision_detection_bullet/bullet_integration/bullet_discrete_bvh_manager.h
[1.592s] -- Up-to-date: /home/sazma/ws_future/install/moveit_core/include/moveit_core/moveit/collision_detection_bullet/bullet_integration/bullet_bvh_manager.h
[1.592s] -- Up-to-date: /home/sazma/ws_future/install/moveit_core/include/moveit_core/moveit/collision_detection_bullet/bullet_integration/ros_bullet_utils.h
[1.592s] -- Up-to-date: /home/sazma/ws_future/install/moveit_core/include/moveit_core/moveit/collision_detection_bullet/bullet_integration/bullet_utils.h
[1.592s] -- Up-to-date: /home/sazma/ws_future/install/moveit_core/include/moveit_core/moveit/collision_detection_bullet/bullet_integration/bullet_cast_bvh_manager.h
[1.592s] -- Up-to-date: /home/sazma/ws_future/install/moveit_core/include/moveit_core/moveit/collision_detection_bullet/collision_env_bullet.h
[1.592s] -- Up-to-date: /home/sazma/ws_future/install/moveit_core/include/moveit_core/moveit/collision_detection_bullet/collision_detector_allocator_bullet.h
[1.592s] -- Up-to-date: /home/sazma/ws_future/install/moveit_core/include/moveit_core/moveit/collision_detection_bullet/collision_detector_bullet_plugin_loader.h
[1.592s] -- Up-to-date: /home/sazma/ws_future/install/moveit_core/include/moveit_core/moveit_collision_detection_bullet_export.h
[1.593s] -- Up-to-date: /home/sazma/ws_future/install/moveit_core/include/moveit_core
[1.593s] -- Up-to-date: /home/sazma/ws_future/install/moveit_core/include/moveit_core/moveit
[1.593s] -- Up-to-date: /home/sazma/ws_future/install/moveit_core/include/moveit_core/moveit/collision_detection_fcl
[1.593s] -- Up-to-date: /home/sazma/ws_future/install/moveit_core/include/moveit_core/moveit/collision_detection_fcl/collision_detector_allocator_fcl.h
[1.593s] -- Up-to-date: /home/sazma/ws_future/install/moveit_core/include/moveit_core/moveit/collision_detection_fcl/collision_env_fcl.h
[1.593s] -- Up-to-date: /home/sazma/ws_future/install/moveit_core/include/moveit_core/moveit/collision_detection_fcl/collision_detector_fcl_plugin_loader.h
[1.593s] -- Up-to-date: /home/sazma/ws_future/install/moveit_core/include/moveit_core/moveit/collision_detection_fcl/fcl_compat.h
[1.593s] -- Up-to-date: /home/sazma/ws_future/install/moveit_core/include/moveit_core/moveit/collision_detection_fcl/collision_common.h
[1.593s] -- Up-to-date: /home/sazma/ws_future/install/moveit_core/include/moveit_core/moveit_collision_detection_fcl_export.h
[1.593s] -- Up-to-date: /home/sazma/ws_future/install/moveit_core/include/moveit_core
[1.593s] -- Up-to-date: /home/sazma/ws_future/install/moveit_core/include/moveit_core/moveit
[1.593s] -- Up-to-date: /home/sazma/ws_future/install/moveit_core/include/moveit_core/moveit/collision_detection
[1.594s] -- Up-to-date: /home/sazma/ws_future/install/moveit_core/include/moveit_core/moveit/collision_detection/test_collision_common_pr2.h
[1.594s] -- Up-to-date: /home/sazma/ws_future/install/moveit_core/include/moveit_core/moveit/collision_detection/allvalid
[1.594s] -- Up-to-date: /home/sazma/ws_future/install/moveit_core/include/moveit_core/moveit/collision_detection/allvalid/collision_detector_allocator_allvalid.h
[1.594s] -- Up-to-date: /home/sazma/ws_future/install/moveit_core/include/moveit_core/moveit/collision_detection/allvalid/collision_env_allvalid.h
[1.594s] -- Up-to-date: /home/sazma/ws_future/install/moveit_core/include/moveit_core/moveit/collision_detection/collision_octomap_filter.h
[1.594s] -- Up-to-date: /home/sazma/ws_future/install/moveit_core/include/moveit_core/moveit/collision_detection/collision_plugin.h
[1.594s] -- Up-to-date: /home/sazma/ws_future/install/moveit_core/include/moveit_core/moveit/collision_detection/collision_env.h
[1.594s] -- Up-to-date: /home/sazma/ws_future/install/moveit_core/include/moveit_core/moveit/collision_detection/occupancy_map.h
[1.594s] -- Up-to-date: /home/sazma/ws_future/install/moveit_core/include/moveit_core/moveit/collision_detection/world.h
[1.594s] -- Up-to-date: /home/sazma/ws_future/install/moveit_core/include/moveit_core/moveit/collision_detection/collision_tools.h
[1.594s] -- Up-to-date: /home/sazma/ws_future/install/moveit_core/include/moveit_core/moveit/collision_detection/collision_plugin_cache.h
[1.594s] -- Up-to-date: /home/sazma/ws_future/install/moveit_core/include/moveit_core/moveit/collision_detection/collision_common.h
[1.595s] -- Up-to-date: /home/sazma/ws_future/install/moveit_core/include/moveit_core/moveit/collision_detection/world_diff.h
[1.595s] -- Up-to-date: /home/sazma/ws_future/install/moveit_core/include/moveit_core/moveit/collision_detection/test_collision_common_panda.h
[1.595s] -- Up-to-date: /home/sazma/ws_future/install/moveit_core/include/moveit_core/moveit/collision_detection/collision_detector_allocator.h
[1.595s] -- Up-to-date: /home/sazma/ws_future/install/moveit_core/include/moveit_core/moveit/collision_detection/collision_matrix.h
[1.595s] -- Up-to-date: /home/sazma/ws_future/install/moveit_core/include/moveit_core/moveit_collision_detection_export.h
[1.595s] -- Up-to-date: /home/sazma/ws_future/install/moveit_core/include/moveit_core
[1.595s] -- Up-to-date: /home/sazma/ws_future/install/moveit_core/include/moveit_core/moveit
[1.595s] -- Up-to-date: /home/sazma/ws_future/install/moveit_core/include/moveit_core/moveit/collision_distance_field
[1.596s] -- Up-to-date: /home/sazma/ws_future/install/moveit_core/include/moveit_core/moveit/collision_distance_field/collision_common_distance_field.h
[1.596s] -- Up-to-date: /home/sazma/ws_future/install/moveit_core/include/moveit_core/moveit/collision_distance_field/collision_distance_field_types.h
[1.596s] -- Up-to-date: /home/sazma/ws_future/install/moveit_core/include/moveit_core/moveit/collision_distance_field/collision_env_hybrid.h
[1.596s] -- Up-to-date: /home/sazma/ws_future/install/moveit_core/include/moveit_core/moveit/collision_distance_field/collision_env_distance_field.h
[1.596s] -- Up-to-date: /home/sazma/ws_future/install/moveit_core/include/moveit_core/moveit/collision_distance_field/collision_detector_allocator_distance_field.h
[1.596s] -- Up-to-date: /home/sazma/ws_future/install/moveit_core/include/moveit_core/moveit/collision_distance_field/collision_detector_allocator_hybrid.h
[1.596s] -- Up-to-date: /home/sazma/ws_future/install/moveit_core/include/moveit_core/moveit_collision_distance_field_export.h
[1.596s] -- Up-to-date: /home/sazma/ws_future/install/moveit_core/include/moveit_core
[1.596s] -- Up-to-date: /home/sazma/ws_future/install/moveit_core/include/moveit_core/moveit
[1.596s] -- Up-to-date: /home/sazma/ws_future/install/moveit_core/include/moveit_core/moveit/constraint_samplers
[1.596s] -- Up-to-date: /home/sazma/ws_future/install/moveit_core/include/moveit_core/moveit/constraint_samplers/constraint_sampler_tools.h
[1.596s] -- Up-to-date: /home/sazma/ws_future/install/moveit_core/include/moveit_core/moveit/constraint_samplers/default_constraint_samplers.h
[1.597s] -- Up-to-date: /home/sazma/ws_future/install/moveit_core/include/moveit_core/moveit/constraint_samplers/constraint_sampler_manager.h
[1.597s] -- Up-to-date: /home/sazma/ws_future/install/moveit_core/include/moveit_core/moveit/constraint_samplers/union_constraint_sampler.h
[1.597s] -- Up-to-date: /home/sazma/ws_future/install/moveit_core/include/moveit_core/moveit/constraint_samplers/constraint_sampler_allocator.h
[1.597s] -- Up-to-date: /home/sazma/ws_future/install/moveit_core/include/moveit_core/moveit/constraint_samplers/constraint_sampler.h
[1.597s] -- Up-to-date: /home/sazma/ws_future/install/moveit_core/include/moveit_core
[1.597s] -- Up-to-date: /home/sazma/ws_future/install/moveit_core/include/moveit_core/moveit
[1.597s] -- Up-to-date: /home/sazma/ws_future/install/moveit_core/include/moveit_core/moveit/controller_manager
[1.597s] -- Up-to-date: /home/sazma/ws_future/install/moveit_core/include/moveit_core/moveit/controller_manager/controller_manager.h
[1.597s] -- Up-to-date: /home/sazma/ws_future/install/moveit_core/include/moveit_core
[1.597s] -- Up-to-date: /home/sazma/ws_future/install/moveit_core/include/moveit_core/moveit
[1.597s] -- Up-to-date: /home/sazma/ws_future/install/moveit_core/include/moveit_core/moveit/distance_field
[1.597s] -- Up-to-date: /home/sazma/ws_future/install/moveit_core/include/moveit_core/moveit/distance_field/distance_field.h
[1.597s] -- Up-to-date: /home/sazma/ws_future/install/moveit_core/include/moveit_core/moveit/distance_field/find_internal_points.h
[1.598s] -- Up-to-date: /home/sazma/ws_future/install/moveit_core/include/moveit_core/moveit/distance_field/voxel_grid.h
[1.598s] -- Up-to-date: /home/sazma/ws_future/install/moveit_core/include/moveit_core/moveit/distance_field/propagation_distance_field.h
[1.598s] -- Up-to-date: /home/sazma/ws_future/install/moveit_core/include/moveit_core
[1.598s] -- Up-to-date: /home/sazma/ws_future/install/moveit_core/include/moveit_core/moveit
[1.598s] -- Up-to-date: /home/sazma/ws_future/install/moveit_core/include/moveit_core/moveit/dynamics_solver
[1.598s] -- Up-to-date: /home/sazma/ws_future/install/moveit_core/include/moveit_core/moveit/dynamics_solver/dynamics_solver.h
[1.598s] -- Up-to-date: /home/sazma/ws_future/install/moveit_core/include/moveit_core
[1.598s] -- Up-to-date: /home/sazma/ws_future/install/moveit_core/include/moveit_core/moveit
[1.598s] -- Up-to-date: /home/sazma/ws_future/install/moveit_core/include/moveit_core/moveit/exceptions
[1.598s] -- Up-to-date: /home/sazma/ws_future/install/moveit_core/include/moveit_core/moveit/exceptions/exceptions.h
[1.598s] -- Up-to-date: /home/sazma/ws_future/install/moveit_core/include/moveit_core
[1.598s] -- Up-to-date: /home/sazma/ws_future/install/moveit_core/include/moveit_core/moveit
[1.599s] -- Up-to-date: /home/sazma/ws_future/install/moveit_core/include/moveit_core/moveit/kinematic_constraints
[1.599s] -- Up-to-date: /home/sazma/ws_future/install/moveit_core/include/moveit_core/moveit/kinematic_constraints/utils.h
[1.599s] -- Up-to-date: /home/sazma/ws_future/install/moveit_core/include/moveit_core/moveit/kinematic_constraints/kinematic_constraint.h
[1.599s] -- Up-to-date: /home/sazma/ws_future/install/moveit_core/include/moveit_core
[1.599s] -- Up-to-date: /home/sazma/ws_future/install/moveit_core/include/moveit_core/moveit
[1.599s] -- Up-to-date: /home/sazma/ws_future/install/moveit_core/include/moveit_core/moveit/kinematics_base
[1.599s] -- Up-to-date: /home/sazma/ws_future/install/moveit_core/include/moveit_core/moveit/kinematics_base/kinematics_base.h
[1.599s] -- Up-to-date: /home/sazma/ws_future/install/moveit_core/include/moveit_core/moveit_kinematics_base_export.h
[1.599s] -- Up-to-date: /home/sazma/ws_future/install/moveit_core/include/moveit_core
[1.599s] -- Up-to-date: /home/sazma/ws_future/install/moveit_core/include/moveit_core/moveit
[1.599s] -- Up-to-date: /home/sazma/ws_future/install/moveit_core/include/moveit_core/moveit/kinematics_metrics
[1.599s] -- Up-to-date: /home/sazma/ws_future/install/moveit_core/include/moveit_core/moveit/kinematics_metrics/kinematics_metrics.h
[1.600s] -- Up-to-date: /home/sazma/ws_future/install/moveit_core/include/moveit_core
[1.600s] -- Up-to-date: /home/sazma/ws_future/install/moveit_core/include/moveit_core/moveit
[1.600s] -- Up-to-date: /home/sazma/ws_future/install/moveit_core/include/moveit_core/moveit/macros
[1.600s] -- Up-to-date: /home/sazma/ws_future/install/moveit_core/include/moveit_core/moveit/macros/declare_ptr.h
[1.600s] -- Up-to-date: /home/sazma/ws_future/install/moveit_core/include/moveit_core/moveit/macros/class_forward.h
[1.600s] -- Up-to-date: /home/sazma/ws_future/install/moveit_core/include/moveit_core/moveit/macros/deprecation.h
[1.600s] -- Up-to-date: /home/sazma/ws_future/install/moveit_core/include/moveit_core/moveit/macros/console_colors.h
[1.600s] -- Up-to-date: /home/sazma/ws_future/install/moveit_core/include/moveit_butterworth_parameters
[1.601s] -- Up-to-date: /home/sazma/ws_future/install/moveit_core/include/moveit_butterworth_parameters/moveit_butterworth_parameters.hpp
[1.601s] -- Up-to-date: /home/sazma/ws_future/install/moveit_core/include/moveit_core
[1.601s] -- Up-to-date: /home/sazma/ws_future/install/moveit_core/include/moveit_core/moveit
[1.601s] -- Up-to-date: /home/sazma/ws_future/install/moveit_core/include/moveit_core/moveit/online_signal_smoothing
[1.601s] -- Up-to-date: /home/sazma/ws_future/install/moveit_core/include/moveit_core/moveit/online_signal_smoothing/butterworth_filter.h
[1.601s] -- Up-to-date: /home/sazma/ws_future/install/moveit_core/include/moveit_core/moveit/online_signal_smoothing/smoothing_base_class.h
[1.601s] -- Up-to-date: /home/sazma/ws_future/install/moveit_core/include/moveit_core/moveit_smoothing_base_export.h
[1.601s] -- Up-to-date: /home/sazma/ws_future/install/moveit_core/include/moveit_core/moveit_butterworth_filter_export.h
[1.601s] -- Up-to-date: /home/sazma/ws_future/install/moveit_core/include/moveit_core
[1.601s] -- Up-to-date: /home/sazma/ws_future/install/moveit_core/include/moveit_core/moveit
[1.601s] -- Up-to-date: /home/sazma/ws_future/install/moveit_core/include/moveit_core/moveit/planning_interface
[1.601s] -- Up-to-date: /home/sazma/ws_future/install/moveit_core/include/moveit_core/moveit/planning_interface/planning_request.h
[1.601s] -- Up-to-date: /home/sazma/ws_future/install/moveit_core/include/moveit_core/moveit/planning_interface/planning_interface.h
[1.602s] -- Up-to-date: /home/sazma/ws_future/install/moveit_core/include/moveit_core/moveit/planning_interface/planning_response.h
[1.602s] -- Up-to-date: /home/sazma/ws_future/install/moveit_core/include/moveit_core
[1.602s] -- Up-to-date: /home/sazma/ws_future/install/moveit_core/include/moveit_core/moveit
[1.602s] -- Up-to-date: /home/sazma/ws_future/install/moveit_core/include/moveit_core/moveit/planning_request_adapter
[1.602s] -- Up-to-date: /home/sazma/ws_future/install/moveit_core/include/moveit_core/moveit/planning_request_adapter/planning_request_adapter.h
[1.602s] -- Up-to-date: /home/sazma/ws_future/install/moveit_core/include/moveit_core
[1.602s] -- Up-to-date: /home/sazma/ws_future/install/moveit_core/include/moveit_core/moveit
[1.602s] -- Up-to-date: /home/sazma/ws_future/install/moveit_core/include/moveit_core/moveit/planning_scene
[1.603s] -- Up-to-date: /home/sazma/ws_future/install/moveit_core/include/moveit_core/moveit/planning_scene/planning_scene.h
[1.603s] -- Up-to-date: /home/sazma/ws_future/install/moveit_core/include/moveit_core/moveit_planning_scene_export.h
[1.603s] -- Up-to-date: /home/sazma/ws_future/install/moveit_core/include/moveit_core
[1.603s] -- Up-to-date: /home/sazma/ws_future/install/moveit_core/include/moveit_core/moveit
[1.603s] -- Up-to-date: /home/sazma/ws_future/install/moveit_core/include/moveit_core/moveit/robot_model
[1.603s] -- Up-to-date: /home/sazma/ws_future/install/moveit_core/include/moveit_core/moveit/robot_model/robot_model.h
[1.603s] -- Up-to-date: /home/sazma/ws_future/install/moveit_core/include/moveit_core/moveit/robot_model/fixed_joint_model.h
[1.603s] -- Up-to-date: /home/sazma/ws_future/install/moveit_core/include/moveit_core/moveit/robot_model/aabb.h
[1.603s] -- Up-to-date: /home/sazma/ws_future/install/moveit_core/include/moveit_core/moveit/robot_model/joint_model_group.h
[1.603s] -- Up-to-date: /home/sazma/ws_future/install/moveit_core/include/moveit_core/moveit/robot_model/revolute_joint_model.h
[1.603s] -- Up-to-date: /home/sazma/ws_future/install/moveit_core/include/moveit_core/moveit/robot_model/joint_model.h
[1.603s] -- Up-to-date: /home/sazma/ws_future/install/moveit_core/include/moveit_core/moveit/robot_model/link_model.h
[1.604s] -- Up-to-date: /home/sazma/ws_future/install/moveit_core/include/moveit_core/moveit/robot_model/planar_joint_model.h
[1.604s] -- Up-to-date: /home/sazma/ws_future/install/moveit_core/include/moveit_core/moveit/robot_model/prismatic_joint_model.h
[1.604s] -- Up-to-date: /home/sazma/ws_future/install/moveit_core/include/moveit_core/moveit/robot_model/floating_joint_model.h
[1.604s] -- Up-to-date: /home/sazma/ws_future/install/moveit_core/include/moveit_core
[1.604s] -- Up-to-date: /home/sazma/ws_future/install/moveit_core/include/moveit_core/moveit
[1.604s] -- Up-to-date: /home/sazma/ws_future/install/moveit_core/include/moveit_core/moveit/robot_state
[1.604s] -- Up-to-date: /home/sazma/ws_future/install/moveit_core/include/moveit_core/moveit/robot_state/robot_state.h
[1.605s] -- Up-to-date: /home/sazma/ws_future/install/moveit_core/include/moveit_core/moveit/robot_state/conversions.h
[1.605s] -- Up-to-date: /home/sazma/ws_future/install/moveit_core/include/moveit_core/moveit/robot_state/cartesian_interpolator.h
[1.605s] -- Up-to-date: /home/sazma/ws_future/install/moveit_core/include/moveit_core/moveit/robot_state/attached_body.h
[1.605s] -- Up-to-date: /home/sazma/ws_future/install/moveit_core/include/moveit_core
[1.605s] -- Up-to-date: /home/sazma/ws_future/install/moveit_core/include/moveit_core/moveit
[1.605s] -- Up-to-date: /home/sazma/ws_future/install/moveit_core/include/moveit_core/moveit/robot_trajectory
[1.605s] -- Up-to-date: /home/sazma/ws_future/install/moveit_core/include/moveit_core/moveit/robot_trajectory/robot_trajectory.h
[1.605s] -- Up-to-date: /home/sazma/ws_future/install/moveit_core/include/moveit_core
[1.605s] -- Up-to-date: /home/sazma/ws_future/install/moveit_core/include/moveit_core/moveit
[1.606s] -- Up-to-date: /home/sazma/ws_future/install/moveit_core/include/moveit_core/moveit/trajectory_processing
[1.606s] -- Up-to-date: /home/sazma/ws_future/install/moveit_core/include/moveit_core/moveit/trajectory_processing/trajectory_tools.h
[1.606s] -- Up-to-date: /home/sazma/ws_future/install/moveit_core/include/moveit_core/moveit/trajectory_processing/time_optimal_trajectory_generation.h
[1.606s] -- Up-to-date: /home/sazma/ws_future/install/moveit_core/include/moveit_core/moveit/trajectory_processing/ruckig_traj_smoothing.h
[1.606s] -- Up-to-date: /home/sazma/ws_future/install/moveit_core/include/moveit_core/moveit/trajectory_processing/time_parameterization.h
[1.606s] -- Up-to-date: /home/sazma/ws_future/install/moveit_core/include/moveit_core
[1.606s] -- Up-to-date: /home/sazma/ws_future/install/moveit_core/include/moveit_core/moveit
[1.606s] -- Up-to-date: /home/sazma/ws_future/install/moveit_core/include/moveit_core/moveit/transforms
[1.606s] -- Up-to-date: /home/sazma/ws_future/install/moveit_core/include/moveit_core/moveit/transforms/transforms.h
[1.606s] -- Up-to-date: /home/sazma/ws_future/install/moveit_core/include/moveit_core
[1.606s] -- Up-to-date: /home/sazma/ws_future/install/moveit_core/include/moveit_core/moveit
[1.606s] -- Up-to-date: /home/sazma/ws_future/install/moveit_core/include/moveit_core/moveit/utils
[1.607s] -- Up-to-date: /home/sazma/ws_future/install/moveit_core/include/moveit_core/moveit/utils/message_checks.h
[1.607s] -- Up-to-date: /home/sazma/ws_future/install/moveit_core/include/moveit_core/moveit/utils/lexical_casts.h
[1.607s] -- Up-to-date: /home/sazma/ws_future/install/moveit_core/include/moveit_core/moveit/utils/rclcpp_utils.h
[1.607s] -- Up-to-date: /home/sazma/ws_future/install/moveit_core/include/moveit_core/moveit/utils/eigen_test_utils.h
[1.607s] -- Up-to-date: /home/sazma/ws_future/install/moveit_core/include/moveit_core/moveit/utils/moveit_error_code.h
[1.607s] -- Up-to-date: /home/sazma/ws_future/install/moveit_core/include/moveit_core/moveit/utils/logger.hpp
[1.607s] -- Up-to-date: /home/sazma/ws_future/install/moveit_core/include/moveit_core/moveit/utils/robot_model_test_utils.h
[1.608s] -- Up-to-date: /home/sazma/ws_future/install/moveit_core/lib/moveit_core/logger_dut
[1.609s] -- Up-to-date: /home/sazma/ws_future/install/moveit_core/lib/moveit_core/logger_from_child_dut
[1.611s] -- Up-to-date: /home/sazma/ws_future/install/moveit_core/lib/moveit_core/logger_from_only_child_dut
[1.611s] -- Up-to-date: /home/sazma/ws_future/install/moveit_core/include/moveit_core/moveit/version.h
[1.612s] -- Up-to-date: /home/sazma/ws_future/install/moveit_core/bin/moveit_version
[1.613s] -- Up-to-date: /home/sazma/ws_future/install/moveit_core/lib/libcollision_detector_bullet_plugin.so.2.8.0
[1.613s] -- Up-to-date: /home/sazma/ws_future/install/moveit_core/lib/libcollision_detector_bullet_plugin.so
[1.614s] -- Up-to-date: /home/sazma/ws_future/install/moveit_core/lib/libmoveit_butterworth_filter.so.2.8.0
[1.614s] -- Up-to-date: /home/sazma/ws_future/install/moveit_core/lib/libmoveit_butterworth_filter.so
[1.616s] -- Up-to-date: /home/sazma/ws_future/install/moveit_core/lib/libmoveit_collision_detection.so.2.8.0
[1.616s] -- Up-to-date: /home/sazma/ws_future/install/moveit_core/lib/libmoveit_collision_detection.so
[1.617s] -- Up-to-date: /home/sazma/ws_future/install/moveit_core/lib/libmoveit_collision_detection_bullet.so.2.8.0
[1.617s] -- Up-to-date: /home/sazma/ws_future/install/moveit_core/lib/libmoveit_collision_detection_bullet.so
[1.618s] -- Up-to-date: /home/sazma/ws_future/install/moveit_core/lib/libmoveit_collision_detection_fcl.so.2.8.0
[1.618s] -- Up-to-date: /home/sazma/ws_future/install/moveit_core/lib/libmoveit_collision_detection_fcl.so
[1.619s] -- Up-to-date: /home/sazma/ws_future/install/moveit_core/lib/libmoveit_collision_distance_field.so.2.8.0
[1.619s] -- Up-to-date: /home/sazma/ws_future/install/moveit_core/lib/libmoveit_collision_distance_field.so
[1.620s] -- Up-to-date: /home/sazma/ws_future/install/moveit_core/lib/libmoveit_constraint_samplers.so.2.8.0
[1.620s] -- Up-to-date: /home/sazma/ws_future/install/moveit_core/lib/libmoveit_constraint_samplers.so
[1.621s] -- Up-to-date: /home/sazma/ws_future/install/moveit_core/lib/libmoveit_distance_field.so.2.8.0
[1.622s] -- Up-to-date: /home/sazma/ws_future/install/moveit_core/lib/libmoveit_distance_field.so
[1.623s] -- Up-to-date: /home/sazma/ws_future/install/moveit_core/lib/libmoveit_dynamics_solver.so.2.8.0
[1.623s] -- Up-to-date: /home/sazma/ws_future/install/moveit_core/lib/libmoveit_dynamics_solver.so
[1.624s] -- Up-to-date: /home/sazma/ws_future/install/moveit_core/lib/libmoveit_exceptions.so.2.8.0
[1.624s] -- Up-to-date: /home/sazma/ws_future/install/moveit_core/lib/libmoveit_exceptions.so
[1.625s] -- Up-to-date: /home/sazma/ws_future/install/moveit_core/lib/libmoveit_kinematic_constraints.so.2.8.0
[1.625s] -- Up-to-date: /home/sazma/ws_future/install/moveit_core/lib/libmoveit_kinematic_constraints.so
[1.626s] -- Up-to-date: /home/sazma/ws_future/install/moveit_core/lib/libmoveit_kinematics_base.so
[1.627s] -- Up-to-date: /home/sazma/ws_future/install/moveit_core/lib/libmoveit_kinematics_metrics.so.2.8.0
[1.627s] -- Up-to-date: /home/sazma/ws_future/install/moveit_core/lib/libmoveit_kinematics_metrics.so
[1.628s] -- Up-to-date: /home/sazma/ws_future/install/moveit_core/lib/libmoveit_planning_interface.so.2.8.0
[1.629s] -- Up-to-date: /home/sazma/ws_future/install/moveit_core/lib/libmoveit_planning_interface.so
[1.630s] -- Up-to-date: /home/sazma/ws_future/install/moveit_core/lib/libmoveit_planning_request_adapter.so.2.8.0
[1.630s] -- Up-to-date: /home/sazma/ws_future/install/moveit_core/lib/libmoveit_planning_request_adapter.so
[1.631s] -- Up-to-date: /home/sazma/ws_future/install/moveit_core/lib/libmoveit_planning_scene.so.2.8.0
[1.631s] -- Up-to-date: /home/sazma/ws_future/install/moveit_core/lib/libmoveit_planning_scene.so
[1.632s] -- Up-to-date: /home/sazma/ws_future/install/moveit_core/lib/libmoveit_robot_model.so.2.8.0
[1.632s] -- Up-to-date: /home/sazma/ws_future/install/moveit_core/lib/libmoveit_robot_model.so
[1.633s] -- Up-to-date: /home/sazma/ws_future/install/moveit_core/lib/libmoveit_robot_state.so.2.8.0
[1.633s] -- Up-to-date: /home/sazma/ws_future/install/moveit_core/lib/libmoveit_robot_state.so
[1.634s] -- Up-to-date: /home/sazma/ws_future/install/moveit_core/lib/libmoveit_robot_trajectory.so.2.8.0
[1.634s] -- Up-to-date: /home/sazma/ws_future/install/moveit_core/lib/libmoveit_robot_trajectory.so
[1.635s] -- Up-to-date: /home/sazma/ws_future/install/moveit_core/lib/libmoveit_smoothing_base.so.2.8.0
[1.635s] -- Up-to-date: /home/sazma/ws_future/install/moveit_core/lib/libmoveit_smoothing_base.so
[1.636s] -- Up-to-date: /home/sazma/ws_future/install/moveit_core/lib/libmoveit_test_utils.so.2.8.0
[1.636s] -- Up-to-date: /home/sazma/ws_future/install/moveit_core/lib/libmoveit_test_utils.so
[1.637s] -- Up-to-date: /home/sazma/ws_future/install/moveit_core/lib/libmoveit_trajectory_processing.so.2.8.0
[1.637s] -- Up-to-date: /home/sazma/ws_future/install/moveit_core/lib/libmoveit_trajectory_processing.so
[1.638s] -- Up-to-date: /home/sazma/ws_future/install/moveit_core/lib/libmoveit_transforms.so.2.8.0
[1.638s] -- Up-to-date: /home/sazma/ws_future/install/moveit_core/lib/libmoveit_transforms.so
[1.639s] -- Up-to-date: /home/sazma/ws_future/install/moveit_core/lib/libmoveit_utils.so.2.8.0
[1.639s] -- Up-to-date: /home/sazma/ws_future/install/moveit_core/lib/libmoveit_utils.so
[1.639s] -- Up-to-date: /home/sazma/ws_future/install/moveit_core/share/moveit_core/environment/library_path.sh
[1.639s] -- Up-to-date: /home/sazma/ws_future/install/moveit_core/share/moveit_core/environment/library_path.dsv
[1.639s] -- Up-to-date: /home/sazma/ws_future/install/moveit_core/share/moveit_core/collision_detector_fcl_description.xml
[1.640s] -- Up-to-date: /home/sazma/ws_future/install/moveit_core/share/moveit_core/collision_detector_bullet_description.xml
[1.640s] -- Up-to-date: /home/sazma/ws_future/install/moveit_core/share/moveit_core/filter_plugin_butterworth.xml
[1.640s] -- Up-to-date: /home/sazma/ws_future/install/moveit_core/share/ament_index/resource_index/package_run_dependencies/moveit_core
[1.640s] -- Up-to-date: /home/sazma/ws_future/install/moveit_core/share/ament_index/resource_index/parent_prefix_path/moveit_core
[1.640s] -- Up-to-date: /home/sazma/ws_future/install/moveit_core/share/moveit_core/environment/ament_prefix_path.sh
[1.640s] -- Up-to-date: /home/sazma/ws_future/install/moveit_core/share/moveit_core/environment/ament_prefix_path.dsv
[1.640s] -- Up-to-date: /home/sazma/ws_future/install/moveit_core/share/moveit_core/environment/path.sh
[1.640s] -- Up-to-date: /home/sazma/ws_future/install/moveit_core/share/moveit_core/environment/path.dsv
[1.640s] -- Up-to-date: /home/sazma/ws_future/install/moveit_core/share/moveit_core/local_setup.bash
[1.640s] -- Up-to-date: /home/sazma/ws_future/install/moveit_core/share/moveit_core/local_setup.sh
[1.640s] -- Up-to-date: /home/sazma/ws_future/install/moveit_core/share/moveit_core/local_setup.zsh
[1.640s] -- Up-to-date: /home/sazma/ws_future/install/moveit_core/share/moveit_core/local_setup.dsv
[1.641s] -- Installing: /home/sazma/ws_future/install/moveit_core/share/moveit_core/package.dsv
[1.641s] -- Up-to-date: /home/sazma/ws_future/install/moveit_core/share/ament_index/resource_index/packages/moveit_core
[1.641s] -- Up-to-date: /home/sazma/ws_future/install/moveit_core/share/ament_index/resource_index/moveit_core__pluginlib__plugin/moveit_core
[1.643s] -- Up-to-date: /home/sazma/ws_future/install/moveit_core/share/moveit_core/cmake/moveit_coreTargetsExport.cmake
[1.643s] -- Up-to-date: /home/sazma/ws_future/install/moveit_core/share/moveit_core/cmake/moveit_coreTargetsExport-release.cmake
[1.643s] -- Up-to-date: /home/sazma/ws_future/install/moveit_core/share/moveit_core/cmake/ConfigExtras.cmake
[1.643s] -- Up-to-date: /home/sazma/ws_future/install/moveit_core/share/moveit_core/cmake/ament_cmake_export_targets-extras.cmake
[1.643s] -- Up-to-date: /home/sazma/ws_future/install/moveit_core/share/moveit_core/cmake/ament_cmake_export_dependencies-extras.cmake
[1.643s] -- Up-to-date: /home/sazma/ws_future/install/moveit_core/share/moveit_core/cmake/moveit_coreConfig.cmake
[1.643s] -- Up-to-date: /home/sazma/ws_future/install/moveit_core/share/moveit_core/cmake/moveit_coreConfig-version.cmake
[1.643s] -- Up-to-date: /home/sazma/ws_future/install/moveit_core/share/moveit_core/package.xml
[1.645s] Invoked command in '/home/sazma/ws_future/build/moveit_core' returned '0': CMAKE_PREFIX_PATH=/home/sazma/ws_future/install/moveit_resources_panda_moveit_config:/home/sazma/ws_future/install/moveit_resources_pr2_description:/home/sazma/ws_future/install/moveit_resources_panda_description:/home/sazma/ws_future/install/moveit_msgs:/home/sazma/ws_future/install/moveit_common:/home/sazma/ws_future/install/ui_for_debug_and_demo:/home/sazma/ws_future/install/tutorial_interfaces:/home/sazma/ws_future/install/tm_driver:/home/sazma/ws_future/install/demo:/home/sazma/ws_future/install/tm_msgs:/home/sazma/ws_future/install/tm_moveit_cpp_demo:/home/sazma/ws_future/install/tm_moveit_config_tm5x-900:/home/sazma/ws_future/install/tm_moveit_config_tm5x-700:/home/sazma/ws_future/install/tm_moveit_config_tm5-900:/home/sazma/ws_future/install/tm_moveit_config_tm5-700:/home/sazma/ws_future/install/tm_moveit_config_tm14x:/home/sazma/ws_future/install/tm_moveit_config_tm14:/home/sazma/ws_future/install/tm_moveit_config_tm12x:/home/sazma/ws_future/install/tm_moveit_config_tm12:/home/sazma/ws_future/install/demo_tmr5_900:/home/sazma/ws_future/install/tm_description:/home/sazma/ws_future/install/custom_package:/home/sazma/ws_future/install/techman_robot_msgs:/home/sazma/ws_future/install/moveit2_tutorials:/home/sazma/ws_future/install/moveit_visual_tools:/home/sazma/ws_future/install/rviz_visual_tools:/home/sazma/ws_future/install/moveit_task_constructor_visualization:/home/sazma/ws_future/install/moveit_task_constructor_demo:/home/sazma/ws_future/install/moveit_task_constructor_capabilities:/home/sazma/ws_future/install/moveit_task_constructor_core:/home/sazma/ws_future/install/rviz_marker_tools:/home/sazma/ws_future/install/pilz_industrial_motion_planner_testutils:/home/sazma/ws_future/install/moveit_runtime:/home/sazma/ws_future/install/moveit:/home/sazma/ws_future/install/kinova_gen3_7dof_robotiq_2f_85_moveit_config:/home/sazma/ws_future/install/kinova_gen3_6dof_robotiq_2f_85_moveit_config:/home/sazma/ws_future/install/moveit_planners:/home/sazma/ws_future/install/pilz_industrial_motion_planner:/home/sazma/ws_future/install/pick_ik:/home/sazma/ws_future/install/msg_store:/home/sazma/ws_future/install/moveit_task_constructor_msgs:/home/sazma/ws_future/install/moveit_ros_control_interface:/home/sazma/ws_future/install/moveit_plugins:/home/sazma/ws_future/install/moveit_simple_controller_manager:/home/sazma/ws_future/install/moveit_setup_assistant:/home/sazma/ws_future/install/moveit_setup_srdf_plugins:/home/sazma/ws_future/install/moveit_setup_core_plugins:/home/sazma/ws_future/install/moveit_setup_controllers:/home/sazma/ws_future/install/moveit_setup_app_plugins:/home/sazma/ws_future/install/moveit_setup_framework:/home/sazma/ws_future/install/moveit_servo:/home/sazma/ws_future/install/moveit_ros:/home/sazma/ws_future/install/moveit_ros_visualization:/home/sazma/ws_future/install/moveit_py:/home/sazma/ws_future/install/moveit_hybrid_planning:/home/sazma/ws_future/install/moveit_ros_planning_interface:/home/sazma/ws_future/install/moveit_ros_benchmarks:/home/sazma/ws_future/install/moveit_ros_warehouse:/home/sazma/ws_future/install/moveit_ros_robot_interaction:/home/sazma/ws_future/install/moveit_ros_perception:/home/sazma/ws_future/install/moveit_resources_prbt_pg70_support:/home/sazma/ws_future/install/moveit_resources_prbt_moveit_config:/home/sazma/ws_future/install/moveit_ros_move_group:/home/sazma/ws_future/install/moveit_planners_ompl:/home/sazma/ws_future/install/moveit_kinematics:/home/sazma/ws_future/install/moveit_ros_planning:/home/sazma/ws_future/install/moveit_ros_occupancy_map_monitor:/home/sazma/ws_future/install/moveit_resources_prbt_support:/home/sazma/ws_future/install/moveit_resources_prbt_ikfast_manipulator_plugin:/home/sazma/ws_future/install/moveit_resources:/home/sazma/ws_future/install/dual_arm_panda_moveit_config:/home/sazma/ws_future/install/moveit_resources_fanuc_moveit_config:/home/sazma/ws_future/install/moveit_resources_fanuc_description:/home/sazma/ws_future/install/moveit_planners_stomp:/home/sazma/ws_future/install/moveit_planners_chomp:/home/sazma/ws_future/install/moveit_chomp_optimizer_adapter:/home/sazma/ws_future/install/chomp_motion_planner:/home/sazma/ws_future/install/moveit_core:/home/sazma/ws_future/install/kortex_bringup:/home/sazma/ws_future/install/kortex_driver:/home/sazma/ws_future/install/kortex_description:/home/sazma/ws_future/install/kortex_api:/home/sazma/ws_future/install/cpp_pubsub:/home/sazma/tm5_900_ws/install/demo_tmr5_900:/home/sazma/ws_future/install/tm_mod_urdf:/home/sazma/ws_future/install/tm_get_status:/home/sazma/ws_future/install/py_pubsub:/home/sazma/ws_future/install/mpu_6050:/home/sazma/ws_future/install/moveit_configs_utils:/opt/ros/humble LD_LIBRARY_PATH=/home/sazma/ws_future/install/moveit_msgs/lib:/home/sazma/ws_future/install/tutorial_interfaces/lib:/home/sazma/ws_future/install/tm_msgs/lib:/home/sazma/ws_future/install/techman_robot_msgs/lib:/home/sazma/ws_future/install/moveit_visual_tools/lib:/home/sazma/ws_future/install/rviz_visual_tools/lib:/home/sazma/ws_future/install/moveit_task_constructor_visualization/lib:/home/sazma/ws_future/install/moveit_task_constructor_demo/lib:/home/sazma/ws_future/install/moveit_task_constructor_capabilities/lib:/home/sazma/ws_future/install/moveit_task_constructor_core/lib:/home/sazma/ws_future/install/rviz_marker_tools/lib:/home/sazma/ws_future/install/pilz_industrial_motion_planner_testutils/lib:/home/sazma/ws_future/install/pilz_industrial_motion_planner/lib:/home/sazma/ws_future/install/pick_ik/lib:/home/sazma/ws_future/install/msg_store/lib:/home/sazma/ws_future/install/moveit_task_constructor_msgs/lib:/home/sazma/ws_future/install/moveit_ros_control_interface/lib:/home/sazma/ws_future/install/moveit_simple_controller_manager/lib:/home/sazma/ws_future/install/moveit_setup_assistant/lib:/home/sazma/ws_future/install/moveit_setup_srdf_plugins/lib:/home/sazma/ws_future/install/moveit_setup_core_plugins/lib:/home/sazma/ws_future/install/moveit_setup_controllers/lib:/home/sazma/ws_future/install/moveit_setup_app_plugins/lib:/home/sazma/ws_future/install/moveit_setup_framework/lib:/home/sazma/ws_future/install/moveit_servo/lib:/home/sazma/ws_future/install/moveit_ros_visualization/lib:/home/sazma/ws_future/install/moveit_py/lib:/home/sazma/ws_future/install/moveit_hybrid_planning/lib:/home/sazma/ws_future/install/moveit_ros_planning_interface/lib:/home/sazma/ws_future/install/moveit_ros_benchmarks/lib:/home/sazma/ws_future/install/moveit_ros_warehouse/lib:/home/sazma/ws_future/install/moveit_ros_robot_interaction/lib:/home/sazma/ws_future/install/moveit_ros_perception/lib:/home/sazma/ws_future/install/moveit_ros_move_group/lib:/home/sazma/ws_future/install/moveit_planners_ompl/lib:/home/sazma/ws_future/install/moveit_kinematics/lib:/home/sazma/ws_future/install/moveit_ros_planning/lib:/home/sazma/ws_future/install/moveit_ros_occupancy_map_monitor/lib:/home/sazma/ws_future/install/moveit_resources_prbt_ikfast_manipulator_plugin/lib:/home/sazma/ws_future/install/moveit_planners_stomp/lib:/home/sazma/ws_future/install/moveit_planners_chomp/lib:/home/sazma/ws_future/install/moveit_chomp_optimizer_adapter/lib:/home/sazma/ws_future/install/chomp_motion_planner/lib:/home/sazma/ws_future/install/moveit_core/lib:/home/sazma/ws_future/install/kortex_driver/lib:/opt/ros/humble/opt/rviz_ogre_vendor/lib:/opt/ros/humble/lib/x86_64-linux-gnu:/opt/ros/humble/lib /usr/bin/cmake --install /home/sazma/ws_future/build/moveit_core
