[0.837s] Invoking command in '/home/sazma/ws_future/src/mpu_6050/mpu_py': PYTHONPATH=/home/sazma/ws_future/build/mpu_py/prefix_override:/home/sazma/ws_future/install/mpu_py/lib/python3.10/site-packages:${PYTHONPATH} /usr/bin/python3 setup.py egg_info --egg-base ../../../build/mpu_py build --build-base /home/sazma/ws_future/build/mpu_py/build install --record /home/sazma/ws_future/build/mpu_py/install.log --single-version-externally-managed
[1.076s] running egg_info
[1.092s] writing ../../../build/mpu_py/mpu_py.egg-info/PKG-INFO
[1.093s] writing dependency_links to ../../../build/mpu_py/mpu_py.egg-info/dependency_links.txt
[1.093s] writing entry points to ../../../build/mpu_py/mpu_py.egg-info/entry_points.txt
[1.093s] writing requirements to ../../../build/mpu_py/mpu_py.egg-info/requires.txt
[1.093s] writing top-level names to ../../../build/mpu_py/mpu_py.egg-info/top_level.txt
[1.125s] reading manifest file '../../../build/mpu_py/mpu_py.egg-info/SOURCES.txt'
[1.126s] writing manifest file '../../../build/mpu_py/mpu_py.egg-info/SOURCES.txt'
[1.126s] running build
[1.126s] running build_py
[1.127s] copying mpu_py/__init__.py -> /home/sazma/ws_future/build/mpu_py/build/lib/mpu_py
[1.127s] running install
[1.127s] /home/sazma/.local/lib/python3.10/site-packages/setuptools/_distutils/cmd.py:66: SetuptoolsDeprecationWarning: setup.py install is deprecated.
[1.127s] !!
[1.127s] 
[1.127s]         ********************************************************************************
[1.127s]         Please avoid running ``setup.py`` directly.
[1.127s]         Instead, use pypa/build, pypa/installer or other
[1.127s]         standards-based tools.
[1.128s] 
[1.128s]         See https://blog.ganssle.io/articles/2021/10/setup-py-deprecated.html for details.
[1.128s]         ********************************************************************************
[1.128s] 
[1.128s] !!
[1.128s]   self.initialize_options()
[1.132s] running install_lib
[1.149s] creating /home/sazma/ws_future/install/mpu_py/lib/python3.10/site-packages/mpu_py
[1.149s] copying /home/sazma/ws_future/build/mpu_py/build/lib/mpu_py/__init__.py -> /home/sazma/ws_future/install/mpu_py/lib/python3.10/site-packages/mpu_py
[1.149s] copying /home/sazma/ws_future/build/mpu_py/build/lib/mpu_py/publisher_node.py -> /home/sazma/ws_future/install/mpu_py/lib/python3.10/site-packages/mpu_py
[1.149s] byte-compiling /home/sazma/ws_future/install/mpu_py/lib/python3.10/site-packages/mpu_py/__init__.py to __init__.cpython-310.pyc
[1.150s] byte-compiling /home/sazma/ws_future/install/mpu_py/lib/python3.10/site-packages/mpu_py/publisher_node.py to publisher_node.cpython-310.pyc
[1.150s] running install_data
[1.166s] creating /home/sazma/ws_future/install/mpu_py/share
[1.166s] creating /home/sazma/ws_future/install/mpu_py/share/ament_index
[1.166s] creating /home/sazma/ws_future/install/mpu_py/share/ament_index/resource_index
[1.166s] creating /home/sazma/ws_future/install/mpu_py/share/ament_index/resource_index/packages
[1.167s] copying resource/mpu_py -> /home/sazma/ws_future/install/mpu_py/share/ament_index/resource_index/packages
[1.167s] creating /home/sazma/ws_future/install/mpu_py/share/mpu_py
[1.167s] copying package.xml -> /home/sazma/ws_future/install/mpu_py/share/mpu_py
[1.167s] running install_egg_info
[1.183s] Copying ../../../build/mpu_py/mpu_py.egg-info to /home/sazma/ws_future/install/mpu_py/lib/python3.10/site-packages/mpu_py-0.0.0-py3.10.egg-info
[1.184s] running install_scripts
[1.334s] Installing publisher_node script to /home/sazma/ws_future/install/mpu_py/lib/mpu_py
[1.334s] writing list of installed files to '/home/sazma/ws_future/build/mpu_py/install.log'
[1.354s] Invoked command in '/home/sazma/ws_future/src/mpu_6050/mpu_py' returned '0': PYTHONPATH=/home/sazma/ws_future/build/mpu_py/prefix_override:/home/sazma/ws_future/install/mpu_py/lib/python3.10/site-packages:${PYTHONPATH} /usr/bin/python3 setup.py egg_info --egg-base ../../../build/mpu_py build --build-base /home/sazma/ws_future/build/mpu_py/build install --record /home/sazma/ws_future/build/mpu_py/install.log --single-version-externally-managed
