[0.606s] Invoking command in '/home/sazma/ws_future/build/moveit_ros_occupancy_map_monitor': AMENT_PREFIX_PATH=/home/sazma/ws_future/install/moveit_core:/home/sazma/ws_future/install/moveit_msgs:/home/sazma/ws_future/install/moveit_common:${AMENT_PREFIX_PATH} CMAKE_PREFIX_PATH=/home/sazma/ws_future/install/moveit_core:/home/sazma/ws_future/install/moveit_msgs:/home/sazma/ws_future/install/moveit_common:/home/sazma/ws_future/install/ui_for_debug_and_demo:/home/sazma/ws_future/install/tm_driver:/home/sazma/ws_future/install/demo:/home/sazma/ws_future/install/tm_msgs:/home/sazma/ws_future/install/tm_moveit_cpp_demo:/home/sazma/ws_future/install/tm_moveit_config_tm5x-900:/home/sazma/ws_future/install/tm_moveit_config_tm5x-700:/home/sazma/ws_future/install/tm_moveit_config_tm5-900:/home/sazma/ws_future/install/tm_moveit_config_tm5-700:/home/sazma/ws_future/install/tm_moveit_config_tm14x:/home/sazma/ws_future/install/tm_moveit_config_tm14:/home/sazma/ws_future/install/tm_moveit_config_tm12x:/home/sazma/ws_future/install/tm_moveit_config_tm12:/home/sazma/ws_future/install/tm_description:/home/sazma/ws_future/install/custom_package:/home/sazma/ws_future/install/techman_robot_msgs:/home/sazma/ws_tm/install/ui_for_debug_and_demo:/home/sazma/ws_tm/install/tm_driver:/home/sazma/ws_tm/install/demo:/home/sazma/ws_tm/install/tm_msgs:/home/sazma/ws_tm/install/tm_moveit_cpp_demo:/home/sazma/ws_tm/install/tm_moveit_config_tm5x-900:/home/sazma/ws_tm/install/tm_moveit_config_tm5x-700:/home/sazma/ws_tm/install/tm_moveit_config_tm5-900:/home/sazma/ws_tm/install/tm_moveit_config_tm5-700:/home/sazma/ws_tm/install/tm_moveit_config_tm14x:/home/sazma/ws_tm/install/tm_moveit_config_tm14:/home/sazma/ws_tm/install/tm_moveit_config_tm12x:/home/sazma/ws_tm/install/tm_moveit_config_tm12:/home/sazma/ws_tm/install/tm_description:/home/sazma/ws_tm/install/custom_package:/home/sazma/ws_tm/install/techman_robot_msgs:/home/sazma/ws_future/install/tm_mod_urdf:/home/sazma/ws_future/install/tm_get_status:/home/sazma/ws_tm/install/tm_mod_urdf:/home/sazma/ws_tm/install/tm_get_status:/opt/ros/humble LD_LIBRARY_PATH=/home/sazma/ws_future/install/moveit_core/lib:/home/sazma/ws_future/install/moveit_msgs/lib:${LD_LIBRARY_PATH} PATH=/home/sazma/ws_future/install/moveit_core/bin:${PATH} PYTHONPATH=/home/sazma/ws_future/install/moveit_msgs/local/lib/python3.10/dist-packages:${PYTHONPATH} /usr/bin/cmake /home/sazma/ws_future/src/moveit2/moveit_ros/occupancy_map_monitor -DCMAKE_INSTALL_PREFIX=/home/sazma/ws_future/install/moveit_ros_occupancy_map_monitor
[0.666s] -- The CXX compiler identification is GNU 11.4.0
[0.673s] -- Detecting CXX compiler ABI info
[0.754s] -- Detecting CXX compiler ABI info - done
[0.762s] -- Check for working CXX compiler: /usr/bin/c++ - skipped
[0.762s] -- Detecting CXX compile features
[0.762s] -- Detecting CXX compile features - done
[0.763s] -- Found moveit_common: 2.8.0 (/home/sazma/ws_future/install/moveit_common/share/moveit_common/cmake)
[0.768s] -- Found ament_cmake: 1.3.5 (/opt/ros/humble/share/ament_cmake/cmake)
[1.013s] -- Found Python3: /usr/bin/python3.10 (found version "3.10.12") found components: Interpreter 
[1.301s] -- Found libdw: /usr/lib/x86_64-linux-gnu/libdw.so  
[1.309s] -- Could NOT find libbfd (missing: LIBBFD_LIBRARY LIBBFD_INCLUDE_DIR) 
[1.309s] -- BACKWARD_HAS_UNWIND=1
[1.309s] -- BACKWARD_HAS_BACKTRACE=0
[1.309s] -- BACKWARD_HAS_BACKTRACE_SYMBOL=0
[1.310s] -- BACKWARD_HAS_DW=1
[1.310s] -- BACKWARD_HAS_BFD=0
[1.310s] -- Found Backward: /opt/ros/humble/share/backward_ros/cmake  
[1.311s] [0mmoveit_ros_occupancy_map_monitor: You did not request a specific build type: Choosing 'Release' for maximum performance[0m
[1.311s] -- Found moveit_core: 2.8.0 (/home/sazma/ws_future/install/moveit_core/share/moveit_core/cmake)
[1.626s] -- Found Boost: /usr/lib/x86_64-linux-gnu/cmake/Boost-1.74.0/BoostConfig.cmake (found version "1.74.0") found components: chrono date_time filesystem iostreams program_options regex serialization system thread 
[1.720s] -- Found parameter_traits: 0.3.6 (/opt/ros/humble/share/parameter_traits/cmake)
[1.784s] -- Found rosidl_generator_c: 3.1.5 (/opt/ros/humble/share/rosidl_generator_c/cmake)
[1.793s] -- Found rosidl_adapter: 3.1.5 (/opt/ros/humble/share/rosidl_adapter/cmake)
[1.810s] -- Found rosidl_generator_cpp: 3.1.5 (/opt/ros/humble/share/rosidl_generator_cpp/cmake)
[1.843s] -- Using all available rosidl_typesupport_c: rosidl_typesupport_fastrtps_c;rosidl_typesupport_introspection_c
[1.876s] -- Using all available rosidl_typesupport_cpp: rosidl_typesupport_fastrtps_cpp;rosidl_typesupport_introspection_cpp
[1.983s] -- Found rmw_implementation_cmake: 6.1.1 (/opt/ros/humble/share/rmw_implementation_cmake/cmake)
[1.989s] -- Found rmw_fastrtps_cpp: 6.2.4 (/opt/ros/humble/share/rmw_fastrtps_cpp/cmake)
[2.092s] -- Found OpenSSL: /usr/lib/x86_64-linux-gnu/libcrypto.so (found version "3.0.2")  
[2.120s] -- Found FastRTPS: /opt/ros/humble/include  
[2.171s] -- Using RMW implementation 'rmw_fastrtps_cpp' as default
[2.187s] -- Found Threads: TRUE  
[2.383s] -- Found rclcpp_lifecycle: 16.0.6 (/opt/ros/humble/share/rclcpp_lifecycle/cmake)
[2.438s] -- Found Boost: /usr/lib/x86_64-linux-gnu/cmake/Boost-1.74.0/BoostConfig.cmake (found version "1.74.0") found components: filesystem 
[2.579s] -- library: /usr/lib/x86_64-linux-gnu/libcurl.so
[2.928s] -- Found Eigen3: TRUE (found version "3.4.0") 
[2.929s] -- Ensuring Eigen3 include directory is part of orocos-kdl CMake target
[4.201s] -- Found ament_lint_auto: 0.12.8 (/opt/ros/humble/share/ament_lint_auto/cmake)
[4.233s] -- Found gmock sources under '/opt/ros/humble/src/gmock_vendor': C++ tests using 'Google Mock' will be built
[4.270s] -- The C compiler identification is GNU 11.4.0
[4.276s] -- Detecting C compiler ABI info
[4.364s] -- Detecting C compiler ABI info - done
[4.376s] -- Check for working C compiler: /usr/bin/cc - skipped
[4.376s] -- Detecting C compile features
[4.377s] -- Detecting C compile features - done
[4.386s] -- Found ament_cmake_gtest: 1.3.5 (/opt/ros/humble/share/ament_cmake_gtest/cmake)
[4.387s] -- Found gtest sources under '/opt/ros/humble/src/gtest_vendor': C++ tests using 'Google Test' will be built
[4.396s] -- Added test 'cppcheck' to perform static code analysis on C / C++ code
[4.396s] -- Configured cppcheck include dirs: /home/sazma/ws_future/src/moveit2/moveit_ros/occupancy_map_monitor/include
[4.396s] -- Configured cppcheck exclude dirs and/or files: 
[4.397s] -- Added test 'lint_cmake' to check CMake code style
[4.398s] -- Added test 'xmllint' to check XML markup files
[4.400s] -- Configuring done
[4.461s] -- Generating done
[4.464s] -- Build files have been written to: /home/sazma/ws_future/build/moveit_ros_occupancy_map_monitor
[4.478s] Invoked command in '/home/sazma/ws_future/build/moveit_ros_occupancy_map_monitor' returned '0': AMENT_PREFIX_PATH=/home/sazma/ws_future/install/moveit_core:/home/sazma/ws_future/install/moveit_msgs:/home/sazma/ws_future/install/moveit_common:${AMENT_PREFIX_PATH} CMAKE_PREFIX_PATH=/home/sazma/ws_future/install/moveit_core:/home/sazma/ws_future/install/moveit_msgs:/home/sazma/ws_future/install/moveit_common:/home/sazma/ws_future/install/ui_for_debug_and_demo:/home/sazma/ws_future/install/tm_driver:/home/sazma/ws_future/install/demo:/home/sazma/ws_future/install/tm_msgs:/home/sazma/ws_future/install/tm_moveit_cpp_demo:/home/sazma/ws_future/install/tm_moveit_config_tm5x-900:/home/sazma/ws_future/install/tm_moveit_config_tm5x-700:/home/sazma/ws_future/install/tm_moveit_config_tm5-900:/home/sazma/ws_future/install/tm_moveit_config_tm5-700:/home/sazma/ws_future/install/tm_moveit_config_tm14x:/home/sazma/ws_future/install/tm_moveit_config_tm14:/home/sazma/ws_future/install/tm_moveit_config_tm12x:/home/sazma/ws_future/install/tm_moveit_config_tm12:/home/sazma/ws_future/install/tm_description:/home/sazma/ws_future/install/custom_package:/home/sazma/ws_future/install/techman_robot_msgs:/home/sazma/ws_tm/install/ui_for_debug_and_demo:/home/sazma/ws_tm/install/tm_driver:/home/sazma/ws_tm/install/demo:/home/sazma/ws_tm/install/tm_msgs:/home/sazma/ws_tm/install/tm_moveit_cpp_demo:/home/sazma/ws_tm/install/tm_moveit_config_tm5x-900:/home/sazma/ws_tm/install/tm_moveit_config_tm5x-700:/home/sazma/ws_tm/install/tm_moveit_config_tm5-900:/home/sazma/ws_tm/install/tm_moveit_config_tm5-700:/home/sazma/ws_tm/install/tm_moveit_config_tm14x:/home/sazma/ws_tm/install/tm_moveit_config_tm14:/home/sazma/ws_tm/install/tm_moveit_config_tm12x:/home/sazma/ws_tm/install/tm_moveit_config_tm12:/home/sazma/ws_tm/install/tm_description:/home/sazma/ws_tm/install/custom_package:/home/sazma/ws_tm/install/techman_robot_msgs:/home/sazma/ws_future/install/tm_mod_urdf:/home/sazma/ws_future/install/tm_get_status:/home/sazma/ws_tm/install/tm_mod_urdf:/home/sazma/ws_tm/install/tm_get_status:/opt/ros/humble LD_LIBRARY_PATH=/home/sazma/ws_future/install/moveit_core/lib:/home/sazma/ws_future/install/moveit_msgs/lib:${LD_LIBRARY_PATH} PATH=/home/sazma/ws_future/install/moveit_core/bin:${PATH} PYTHONPATH=/home/sazma/ws_future/install/moveit_msgs/local/lib/python3.10/dist-packages:${PYTHONPATH} /usr/bin/cmake /home/sazma/ws_future/src/moveit2/moveit_ros/occupancy_map_monitor -DCMAKE_INSTALL_PREFIX=/home/sazma/ws_future/install/moveit_ros_occupancy_map_monitor
[4.481s] Invoking command in '/home/sazma/ws_future/build/moveit_ros_occupancy_map_monitor': AMENT_PREFIX_PATH=/home/sazma/ws_future/install/moveit_core:/home/sazma/ws_future/install/moveit_msgs:/home/sazma/ws_future/install/moveit_common:${AMENT_PREFIX_PATH} CMAKE_PREFIX_PATH=/home/sazma/ws_future/install/moveit_core:/home/sazma/ws_future/install/moveit_msgs:/home/sazma/ws_future/install/moveit_common:/home/sazma/ws_future/install/ui_for_debug_and_demo:/home/sazma/ws_future/install/tm_driver:/home/sazma/ws_future/install/demo:/home/sazma/ws_future/install/tm_msgs:/home/sazma/ws_future/install/tm_moveit_cpp_demo:/home/sazma/ws_future/install/tm_moveit_config_tm5x-900:/home/sazma/ws_future/install/tm_moveit_config_tm5x-700:/home/sazma/ws_future/install/tm_moveit_config_tm5-900:/home/sazma/ws_future/install/tm_moveit_config_tm5-700:/home/sazma/ws_future/install/tm_moveit_config_tm14x:/home/sazma/ws_future/install/tm_moveit_config_tm14:/home/sazma/ws_future/install/tm_moveit_config_tm12x:/home/sazma/ws_future/install/tm_moveit_config_tm12:/home/sazma/ws_future/install/tm_description:/home/sazma/ws_future/install/custom_package:/home/sazma/ws_future/install/techman_robot_msgs:/home/sazma/ws_tm/install/ui_for_debug_and_demo:/home/sazma/ws_tm/install/tm_driver:/home/sazma/ws_tm/install/demo:/home/sazma/ws_tm/install/tm_msgs:/home/sazma/ws_tm/install/tm_moveit_cpp_demo:/home/sazma/ws_tm/install/tm_moveit_config_tm5x-900:/home/sazma/ws_tm/install/tm_moveit_config_tm5x-700:/home/sazma/ws_tm/install/tm_moveit_config_tm5-900:/home/sazma/ws_tm/install/tm_moveit_config_tm5-700:/home/sazma/ws_tm/install/tm_moveit_config_tm14x:/home/sazma/ws_tm/install/tm_moveit_config_tm14:/home/sazma/ws_tm/install/tm_moveit_config_tm12x:/home/sazma/ws_tm/install/tm_moveit_config_tm12:/home/sazma/ws_tm/install/tm_description:/home/sazma/ws_tm/install/custom_package:/home/sazma/ws_tm/install/techman_robot_msgs:/home/sazma/ws_future/install/tm_mod_urdf:/home/sazma/ws_future/install/tm_get_status:/home/sazma/ws_tm/install/tm_mod_urdf:/home/sazma/ws_tm/install/tm_get_status:/opt/ros/humble LD_LIBRARY_PATH=/home/sazma/ws_future/install/moveit_core/lib:/home/sazma/ws_future/install/moveit_msgs/lib:${LD_LIBRARY_PATH} PATH=/home/sazma/ws_future/install/moveit_core/bin:${PATH} PYTHONPATH=/home/sazma/ws_future/install/moveit_msgs/local/lib/python3.10/dist-packages:${PYTHONPATH} /usr/bin/cmake --build /home/sazma/ws_future/build/moveit_ros_occupancy_map_monitor -- -j12 -l12
[4.553s] [  7%] [32mBuilding CXX object gmock/CMakeFiles/gmock.dir/opt/ros/humble/src/gtest_vendor/src/gtest-all.cc.o[0m
[4.564s] [ 15%] [32mBuilding CXX object gmock/CMakeFiles/gmock.dir/src/gmock-all.cc.o[0m
[4.579s] [ 23%] [32mBuilding CXX object gmock/CMakeFiles/gmock_main.dir/src/gmock_main.cc.o[0m
[4.619s] [ 30%] [32mBuilding CXX object CMakeFiles/moveit_ros_occupancy_map_monitor.dir/src/occupancy_map_monitor.cpp.o[0m
[4.653s] [ 38%] [32mBuilding CXX object CMakeFiles/moveit_ros_occupancy_map_monitor.dir/src/occupancy_map_monitor_middleware_handle.cpp.o[0m
[4.675s] [ 46%] [32mBuilding CXX object CMakeFiles/moveit_ros_occupancy_map_monitor.dir/src/occupancy_map_updater.cpp.o[0m
[8.483s] [ 53%] [32m[1mLinking CXX static library libgmock_main.a[0m
[8.668s] [ 53%] Built target gmock_main
[24.499s] [ 61%] [32m[1mLinking CXX static library libgmock.a[0m
[24.775s] [ 61%] Built target gmock
[40.555s] [ 69%] [32m[1mLinking CXX shared library libmoveit_ros_occupancy_map_monitor.so[0m
[41.255s] [ 69%] Built target moveit_ros_occupancy_map_monitor
[41.367s] [ 76%] [32mBuilding CXX object CMakeFiles/moveit_ros_occupancy_map_server.dir/src/occupancy_map_server.cpp.o[0m
[55.757s] [ 84%] [32m[1mLinking CXX executable moveit_ros_occupancy_map_server[0m
[56.000s] [ 84%] Built target moveit_ros_occupancy_map_server
[56.019s] [ 92%] [32mBuilding CXX object CMakeFiles/occupancy_map_monitor_tests.dir/test/occupancy_map_monitor_tests.cpp.o[0m
[67.314s] [100%] [32m[1mLinking CXX executable occupancy_map_monitor_tests[0m
[67.639s] [100%] Built target occupancy_map_monitor_tests
[67.656s] Invoked command in '/home/sazma/ws_future/build/moveit_ros_occupancy_map_monitor' returned '0': AMENT_PREFIX_PATH=/home/sazma/ws_future/install/moveit_core:/home/sazma/ws_future/install/moveit_msgs:/home/sazma/ws_future/install/moveit_common:${AMENT_PREFIX_PATH} CMAKE_PREFIX_PATH=/home/sazma/ws_future/install/moveit_core:/home/sazma/ws_future/install/moveit_msgs:/home/sazma/ws_future/install/moveit_common:/home/sazma/ws_future/install/ui_for_debug_and_demo:/home/sazma/ws_future/install/tm_driver:/home/sazma/ws_future/install/demo:/home/sazma/ws_future/install/tm_msgs:/home/sazma/ws_future/install/tm_moveit_cpp_demo:/home/sazma/ws_future/install/tm_moveit_config_tm5x-900:/home/sazma/ws_future/install/tm_moveit_config_tm5x-700:/home/sazma/ws_future/install/tm_moveit_config_tm5-900:/home/sazma/ws_future/install/tm_moveit_config_tm5-700:/home/sazma/ws_future/install/tm_moveit_config_tm14x:/home/sazma/ws_future/install/tm_moveit_config_tm14:/home/sazma/ws_future/install/tm_moveit_config_tm12x:/home/sazma/ws_future/install/tm_moveit_config_tm12:/home/sazma/ws_future/install/tm_description:/home/sazma/ws_future/install/custom_package:/home/sazma/ws_future/install/techman_robot_msgs:/home/sazma/ws_tm/install/ui_for_debug_and_demo:/home/sazma/ws_tm/install/tm_driver:/home/sazma/ws_tm/install/demo:/home/sazma/ws_tm/install/tm_msgs:/home/sazma/ws_tm/install/tm_moveit_cpp_demo:/home/sazma/ws_tm/install/tm_moveit_config_tm5x-900:/home/sazma/ws_tm/install/tm_moveit_config_tm5x-700:/home/sazma/ws_tm/install/tm_moveit_config_tm5-900:/home/sazma/ws_tm/install/tm_moveit_config_tm5-700:/home/sazma/ws_tm/install/tm_moveit_config_tm14x:/home/sazma/ws_tm/install/tm_moveit_config_tm14:/home/sazma/ws_tm/install/tm_moveit_config_tm12x:/home/sazma/ws_tm/install/tm_moveit_config_tm12:/home/sazma/ws_tm/install/tm_description:/home/sazma/ws_tm/install/custom_package:/home/sazma/ws_tm/install/techman_robot_msgs:/home/sazma/ws_future/install/tm_mod_urdf:/home/sazma/ws_future/install/tm_get_status:/home/sazma/ws_tm/install/tm_mod_urdf:/home/sazma/ws_tm/install/tm_get_status:/opt/ros/humble LD_LIBRARY_PATH=/home/sazma/ws_future/install/moveit_core/lib:/home/sazma/ws_future/install/moveit_msgs/lib:${LD_LIBRARY_PATH} PATH=/home/sazma/ws_future/install/moveit_core/bin:${PATH} PYTHONPATH=/home/sazma/ws_future/install/moveit_msgs/local/lib/python3.10/dist-packages:${PYTHONPATH} /usr/bin/cmake --build /home/sazma/ws_future/build/moveit_ros_occupancy_map_monitor -- -j12 -l12
[67.758s] Invoking command in '/home/sazma/ws_future/build/moveit_ros_occupancy_map_monitor': AMENT_PREFIX_PATH=/home/sazma/ws_future/install/moveit_core:/home/sazma/ws_future/install/moveit_msgs:/home/sazma/ws_future/install/moveit_common:${AMENT_PREFIX_PATH} CMAKE_PREFIX_PATH=/home/sazma/ws_future/install/moveit_core:/home/sazma/ws_future/install/moveit_msgs:/home/sazma/ws_future/install/moveit_common:/home/sazma/ws_future/install/ui_for_debug_and_demo:/home/sazma/ws_future/install/tm_driver:/home/sazma/ws_future/install/demo:/home/sazma/ws_future/install/tm_msgs:/home/sazma/ws_future/install/tm_moveit_cpp_demo:/home/sazma/ws_future/install/tm_moveit_config_tm5x-900:/home/sazma/ws_future/install/tm_moveit_config_tm5x-700:/home/sazma/ws_future/install/tm_moveit_config_tm5-900:/home/sazma/ws_future/install/tm_moveit_config_tm5-700:/home/sazma/ws_future/install/tm_moveit_config_tm14x:/home/sazma/ws_future/install/tm_moveit_config_tm14:/home/sazma/ws_future/install/tm_moveit_config_tm12x:/home/sazma/ws_future/install/tm_moveit_config_tm12:/home/sazma/ws_future/install/tm_description:/home/sazma/ws_future/install/custom_package:/home/sazma/ws_future/install/techman_robot_msgs:/home/sazma/ws_tm/install/ui_for_debug_and_demo:/home/sazma/ws_tm/install/tm_driver:/home/sazma/ws_tm/install/demo:/home/sazma/ws_tm/install/tm_msgs:/home/sazma/ws_tm/install/tm_moveit_cpp_demo:/home/sazma/ws_tm/install/tm_moveit_config_tm5x-900:/home/sazma/ws_tm/install/tm_moveit_config_tm5x-700:/home/sazma/ws_tm/install/tm_moveit_config_tm5-900:/home/sazma/ws_tm/install/tm_moveit_config_tm5-700:/home/sazma/ws_tm/install/tm_moveit_config_tm14x:/home/sazma/ws_tm/install/tm_moveit_config_tm14:/home/sazma/ws_tm/install/tm_moveit_config_tm12x:/home/sazma/ws_tm/install/tm_moveit_config_tm12:/home/sazma/ws_tm/install/tm_description:/home/sazma/ws_tm/install/custom_package:/home/sazma/ws_tm/install/techman_robot_msgs:/home/sazma/ws_future/install/tm_mod_urdf:/home/sazma/ws_future/install/tm_get_status:/home/sazma/ws_tm/install/tm_mod_urdf:/home/sazma/ws_tm/install/tm_get_status:/opt/ros/humble LD_LIBRARY_PATH=/home/sazma/ws_future/install/moveit_core/lib:/home/sazma/ws_future/install/moveit_msgs/lib:${LD_LIBRARY_PATH} PATH=/home/sazma/ws_future/install/moveit_core/bin:${PATH} PYTHONPATH=/home/sazma/ws_future/install/moveit_msgs/local/lib/python3.10/dist-packages:${PYTHONPATH} /usr/bin/cmake --install /home/sazma/ws_future/build/moveit_ros_occupancy_map_monitor
[67.767s] -- Install configuration: "Release"
[67.767s] -- Installing: /home/sazma/ws_future/install/moveit_ros_occupancy_map_monitor/lib/libmoveit_ros_occupancy_map_monitor.so.2.8.0
[67.768s] -- Set runtime path of "/home/sazma/ws_future/install/moveit_ros_occupancy_map_monitor/lib/libmoveit_ros_occupancy_map_monitor.so.2.8.0" to ""
[67.768s] -- Installing: /home/sazma/ws_future/install/moveit_ros_occupancy_map_monitor/lib/libmoveit_ros_occupancy_map_monitor.so
[67.768s] -- Installing: /home/sazma/ws_future/install/moveit_ros_occupancy_map_monitor/lib/moveit_ros_occupancy_map_monitor/moveit_ros_occupancy_map_server
[67.769s] -- Set runtime path of "/home/sazma/ws_future/install/moveit_ros_occupancy_map_monitor/lib/moveit_ros_occupancy_map_monitor/moveit_ros_occupancy_map_server" to ""
[67.769s] -- Installing: /home/sazma/ws_future/install/moveit_ros_occupancy_map_monitor/include/moveit_ros_occupancy_map_monitor
[67.770s] -- Installing: /home/sazma/ws_future/install/moveit_ros_occupancy_map_monitor/include/moveit_ros_occupancy_map_monitor/moveit
[67.770s] -- Installing: /home/sazma/ws_future/install/moveit_ros_occupancy_map_monitor/include/moveit_ros_occupancy_map_monitor/moveit/occupancy_map_monitor
[67.770s] -- Installing: /home/sazma/ws_future/install/moveit_ros_occupancy_map_monitor/include/moveit_ros_occupancy_map_monitor/moveit/occupancy_map_monitor/occupancy_map_updater.h
[67.770s] -- Installing: /home/sazma/ws_future/install/moveit_ros_occupancy_map_monitor/include/moveit_ros_occupancy_map_monitor/moveit/occupancy_map_monitor/occupancy_map_monitor.h
[67.770s] -- Installing: /home/sazma/ws_future/install/moveit_ros_occupancy_map_monitor/include/moveit_ros_occupancy_map_monitor/moveit/occupancy_map_monitor/occupancy_map_monitor_middleware_handle.hpp
[67.770s] -- Installing: /home/sazma/ws_future/install/moveit_ros_occupancy_map_monitor/share/moveit_ros_occupancy_map_monitor/environment/library_path.sh
[67.770s] -- Installing: /home/sazma/ws_future/install/moveit_ros_occupancy_map_monitor/share/moveit_ros_occupancy_map_monitor/environment/library_path.dsv
[67.770s] -- Installing: /home/sazma/ws_future/install/moveit_ros_occupancy_map_monitor/share/ament_index/resource_index/package_run_dependencies/moveit_ros_occupancy_map_monitor
[67.771s] -- Installing: /home/sazma/ws_future/install/moveit_ros_occupancy_map_monitor/share/ament_index/resource_index/parent_prefix_path/moveit_ros_occupancy_map_monitor
[67.771s] -- Installing: /home/sazma/ws_future/install/moveit_ros_occupancy_map_monitor/share/moveit_ros_occupancy_map_monitor/environment/ament_prefix_path.sh
[67.771s] -- Installing: /home/sazma/ws_future/install/moveit_ros_occupancy_map_monitor/share/moveit_ros_occupancy_map_monitor/environment/ament_prefix_path.dsv
[67.771s] -- Installing: /home/sazma/ws_future/install/moveit_ros_occupancy_map_monitor/share/moveit_ros_occupancy_map_monitor/environment/path.sh
[67.771s] -- Installing: /home/sazma/ws_future/install/moveit_ros_occupancy_map_monitor/share/moveit_ros_occupancy_map_monitor/environment/path.dsv
[67.771s] -- Installing: /home/sazma/ws_future/install/moveit_ros_occupancy_map_monitor/share/moveit_ros_occupancy_map_monitor/local_setup.bash
[67.771s] -- Installing: /home/sazma/ws_future/install/moveit_ros_occupancy_map_monitor/share/moveit_ros_occupancy_map_monitor/local_setup.sh
[67.771s] -- Installing: /home/sazma/ws_future/install/moveit_ros_occupancy_map_monitor/share/moveit_ros_occupancy_map_monitor/local_setup.zsh
[67.772s] -- Installing: /home/sazma/ws_future/install/moveit_ros_occupancy_map_monitor/share/moveit_ros_occupancy_map_monitor/local_setup.dsv
[67.772s] -- Installing: /home/sazma/ws_future/install/moveit_ros_occupancy_map_monitor/share/moveit_ros_occupancy_map_monitor/package.dsv
[67.772s] -- Installing: /home/sazma/ws_future/install/moveit_ros_occupancy_map_monitor/share/ament_index/resource_index/packages/moveit_ros_occupancy_map_monitor
[67.772s] -- Installing: /home/sazma/ws_future/install/moveit_ros_occupancy_map_monitor/share/moveit_ros_occupancy_map_monitor/cmake/moveit_ros_occupancy_map_monitorTargetsExport.cmake
[67.772s] -- Installing: /home/sazma/ws_future/install/moveit_ros_occupancy_map_monitor/share/moveit_ros_occupancy_map_monitor/cmake/moveit_ros_occupancy_map_monitorTargetsExport-release.cmake
[67.772s] -- Installing: /home/sazma/ws_future/install/moveit_ros_occupancy_map_monitor/share/moveit_ros_occupancy_map_monitor/cmake/ament_cmake_export_targets-extras.cmake
[67.772s] -- Installing: /home/sazma/ws_future/install/moveit_ros_occupancy_map_monitor/share/moveit_ros_occupancy_map_monitor/cmake/ament_cmake_export_dependencies-extras.cmake
[67.772s] -- Installing: /home/sazma/ws_future/install/moveit_ros_occupancy_map_monitor/share/moveit_ros_occupancy_map_monitor/cmake/moveit_ros_occupancy_map_monitorConfig.cmake
[67.773s] -- Installing: /home/sazma/ws_future/install/moveit_ros_occupancy_map_monitor/share/moveit_ros_occupancy_map_monitor/cmake/moveit_ros_occupancy_map_monitorConfig-version.cmake
[67.773s] -- Installing: /home/sazma/ws_future/install/moveit_ros_occupancy_map_monitor/share/moveit_ros_occupancy_map_monitor/package.xml
[67.775s] Invoked command in '/home/sazma/ws_future/build/moveit_ros_occupancy_map_monitor' returned '0': AMENT_PREFIX_PATH=/home/sazma/ws_future/install/moveit_core:/home/sazma/ws_future/install/moveit_msgs:/home/sazma/ws_future/install/moveit_common:${AMENT_PREFIX_PATH} CMAKE_PREFIX_PATH=/home/sazma/ws_future/install/moveit_core:/home/sazma/ws_future/install/moveit_msgs:/home/sazma/ws_future/install/moveit_common:/home/sazma/ws_future/install/ui_for_debug_and_demo:/home/sazma/ws_future/install/tm_driver:/home/sazma/ws_future/install/demo:/home/sazma/ws_future/install/tm_msgs:/home/sazma/ws_future/install/tm_moveit_cpp_demo:/home/sazma/ws_future/install/tm_moveit_config_tm5x-900:/home/sazma/ws_future/install/tm_moveit_config_tm5x-700:/home/sazma/ws_future/install/tm_moveit_config_tm5-900:/home/sazma/ws_future/install/tm_moveit_config_tm5-700:/home/sazma/ws_future/install/tm_moveit_config_tm14x:/home/sazma/ws_future/install/tm_moveit_config_tm14:/home/sazma/ws_future/install/tm_moveit_config_tm12x:/home/sazma/ws_future/install/tm_moveit_config_tm12:/home/sazma/ws_future/install/tm_description:/home/sazma/ws_future/install/custom_package:/home/sazma/ws_future/install/techman_robot_msgs:/home/sazma/ws_tm/install/ui_for_debug_and_demo:/home/sazma/ws_tm/install/tm_driver:/home/sazma/ws_tm/install/demo:/home/sazma/ws_tm/install/tm_msgs:/home/sazma/ws_tm/install/tm_moveit_cpp_demo:/home/sazma/ws_tm/install/tm_moveit_config_tm5x-900:/home/sazma/ws_tm/install/tm_moveit_config_tm5x-700:/home/sazma/ws_tm/install/tm_moveit_config_tm5-900:/home/sazma/ws_tm/install/tm_moveit_config_tm5-700:/home/sazma/ws_tm/install/tm_moveit_config_tm14x:/home/sazma/ws_tm/install/tm_moveit_config_tm14:/home/sazma/ws_tm/install/tm_moveit_config_tm12x:/home/sazma/ws_tm/install/tm_moveit_config_tm12:/home/sazma/ws_tm/install/tm_description:/home/sazma/ws_tm/install/custom_package:/home/sazma/ws_tm/install/techman_robot_msgs:/home/sazma/ws_future/install/tm_mod_urdf:/home/sazma/ws_future/install/tm_get_status:/home/sazma/ws_tm/install/tm_mod_urdf:/home/sazma/ws_tm/install/tm_get_status:/opt/ros/humble LD_LIBRARY_PATH=/home/sazma/ws_future/install/moveit_core/lib:/home/sazma/ws_future/install/moveit_msgs/lib:${LD_LIBRARY_PATH} PATH=/home/sazma/ws_future/install/moveit_core/bin:${PATH} PYTHONPATH=/home/sazma/ws_future/install/moveit_msgs/local/lib/python3.10/dist-packages:${PYTHONPATH} /usr/bin/cmake --install /home/sazma/ws_future/build/moveit_ros_occupancy_map_monitor
