[0.261s] Invoking command in '/home/sazma/ws_future/build/moveit_task_constructor_core': AMENT_PREFIX_PATH=/home/sazma/ws_future/install/moveit_planners:/home/sazma/ws_future/install/pilz_industrial_motion_planner:/home/sazma/ws_future/install/moveit_ros_planning_interface:/home/sazma/ws_future/install/moveit_ros_move_group:/home/sazma/ws_future/install/moveit_ros_warehouse:/home/sazma/ws_future/install/moveit_planners_ompl:/home/sazma/ws_future/install/moveit_kinematics:/home/sazma/ws_future/install/moveit_ros_planning:/home/sazma/ws_future/install/moveit_ros_occupancy_map_monitor:/home/sazma/ws_future/install/moveit_planners_stomp:/home/sazma/ws_future/install/moveit_core:/home/sazma/ws_future/install/rviz_marker_tools:/home/sazma/ws_future/install/moveit_task_constructor_msgs:/home/sazma/ws_future/install/moveit_msgs:/home/sazma/ws_future/install/moveit_configs_utils:/home/sazma/ws_future/install/moveit_common:${AMENT_PREFIX_PATH} CMAKE_PREFIX_PATH=/home/sazma/ws_future/install/moveit_planners:/home/sazma/ws_future/install/pilz_industrial_motion_planner:/home/sazma/ws_future/install/moveit_ros_planning_interface:/home/sazma/ws_future/install/moveit_ros_move_group:/home/sazma/ws_future/install/moveit_ros_warehouse:/home/sazma/ws_future/install/moveit_planners_ompl:/home/sazma/ws_future/install/moveit_kinematics:/home/sazma/ws_future/install/moveit_ros_planning:/home/sazma/ws_future/install/moveit_ros_occupancy_map_monitor:/home/sazma/ws_future/install/moveit_planners_stomp:/home/sazma/ws_future/install/moveit_core:/home/sazma/ws_future/install/rviz_marker_tools:/home/sazma/ws_future/install/moveit_task_constructor_msgs:/home/sazma/ws_future/install/moveit_msgs:/home/sazma/ws_future/install/moveit_common:/home/sazma/ws_future/install/ui_for_debug_and_demo:/home/sazma/ws_future/install/tm_driver:/home/sazma/ws_future/install/demo:/home/sazma/ws_future/install/tm_msgs:/home/sazma/ws_future/install/tm_moveit_cpp_demo:/home/sazma/ws_future/install/tm_moveit_config_tm5x-900:/home/sazma/ws_future/install/tm_moveit_config_tm5x-700:/home/sazma/ws_future/install/tm_moveit_config_tm5-900:/home/sazma/ws_future/install/tm_moveit_config_tm5-700:/home/sazma/ws_future/install/tm_moveit_config_tm14x:/home/sazma/ws_future/install/tm_moveit_config_tm14:/home/sazma/ws_future/install/tm_moveit_config_tm12x:/home/sazma/ws_future/install/tm_moveit_config_tm12:/home/sazma/ws_future/install/tm_description:/home/sazma/ws_future/install/custom_package:/home/sazma/ws_future/install/techman_robot_msgs:/home/sazma/ws_tm/install/ui_for_debug_and_demo:/home/sazma/ws_tm/install/tm_driver:/home/sazma/ws_tm/install/demo:/home/sazma/ws_tm/install/tm_msgs:/home/sazma/ws_tm/install/tm_moveit_cpp_demo:/home/sazma/ws_tm/install/tm_moveit_config_tm5x-900:/home/sazma/ws_tm/install/tm_moveit_config_tm5x-700:/home/sazma/ws_tm/install/tm_moveit_config_tm5-900:/home/sazma/ws_tm/install/tm_moveit_config_tm5-700:/home/sazma/ws_tm/install/tm_moveit_config_tm14x:/home/sazma/ws_tm/install/tm_moveit_config_tm14:/home/sazma/ws_tm/install/tm_moveit_config_tm12x:/home/sazma/ws_tm/install/tm_moveit_config_tm12:/home/sazma/ws_tm/install/tm_description:/home/sazma/ws_tm/install/custom_package:/home/sazma/ws_tm/install/techman_robot_msgs:/home/sazma/ws_future/install/tm_mod_urdf:/home/sazma/ws_future/install/tm_get_status:/home/sazma/ws_tm/install/tm_mod_urdf:/home/sazma/ws_tm/install/tm_get_status:/opt/ros/humble LD_LIBRARY_PATH=/home/sazma/ws_future/install/pilz_industrial_motion_planner/lib:/home/sazma/ws_future/install/moveit_ros_planning_interface/lib:/home/sazma/ws_future/install/moveit_ros_move_group/lib:/home/sazma/ws_future/install/moveit_ros_warehouse/lib:/home/sazma/ws_future/install/moveit_planners_ompl/lib:/home/sazma/ws_future/install/moveit_kinematics/lib:/home/sazma/ws_future/install/moveit_ros_planning/lib:/home/sazma/ws_future/install/moveit_ros_occupancy_map_monitor/lib:/home/sazma/ws_future/install/moveit_planners_stomp/lib:/home/sazma/ws_future/install/moveit_core/lib:/home/sazma/ws_future/install/rviz_marker_tools/lib:/home/sazma/ws_future/install/moveit_task_constructor_msgs/lib:/home/sazma/ws_future/install/moveit_msgs/lib:${LD_LIBRARY_PATH} PATH=/home/sazma/ws_future/install/moveit_core/bin:${PATH} PYTHONPATH=/home/sazma/ws_future/install/moveit_task_constructor_msgs/local/lib/python3.10/dist-packages:/home/sazma/ws_future/install/moveit_msgs/local/lib/python3.10/dist-packages:/home/sazma/ws_future/install/moveit_configs_utils/lib/python3.10/site-packages:${PYTHONPATH} /usr/bin/cmake /home/sazma/ws_future/src/moveit_task_constructor/core -DCMAKE_INSTALL_PREFIX=/home/sazma/ws_future/install/moveit_task_constructor_core
[0.350s] -- The C compiler identification is GNU 11.4.0
[0.434s] -- The CXX compiler identification is GNU 11.4.0
[0.441s] -- Detecting C compiler ABI info
[0.517s] -- Detecting C compiler ABI info - done
[0.531s] -- Check for working C compiler: /usr/bin/cc - skipped
[0.531s] -- Detecting C compile features
[0.532s] -- Detecting C compile features - done
[0.537s] -- Detecting CXX compiler ABI info
[0.649s] -- Detecting CXX compiler ABI info - done
[0.657s] -- Check for working CXX compiler: /usr/bin/c++ - skipped
[0.658s] -- Detecting CXX compile features
[0.658s] -- Detecting CXX compile features - done
[0.665s] -- Found ament_cmake: 1.3.5 (/opt/ros/humble/share/ament_cmake/cmake)
[0.915s] -- Found Python3: /usr/bin/python3.10 (found version "3.10.12") found components: Interpreter 
[1.194s] -- Found Boost: /usr/lib/x86_64-linux-gnu/cmake/Boost-1.74.0/BoostConfig.cmake (found version "1.74.0")  
[1.206s] -- Found geometry_msgs: 4.2.3 (/opt/ros/humble/share/geometry_msgs/cmake)
[1.338s] -- Found rosidl_generator_c: 3.1.5 (/opt/ros/humble/share/rosidl_generator_c/cmake)
[1.352s] -- Found rosidl_adapter: 3.1.5 (/opt/ros/humble/share/rosidl_adapter/cmake)
[1.369s] -- Found rosidl_generator_cpp: 3.1.5 (/opt/ros/humble/share/rosidl_generator_cpp/cmake)
[1.424s] -- Using all available rosidl_typesupport_c: rosidl_typesupport_fastrtps_c;rosidl_typesupport_introspection_c
[1.487s] -- Using all available rosidl_typesupport_cpp: rosidl_typesupport_fastrtps_cpp;rosidl_typesupport_introspection_cpp
[1.737s] -- Found moveit_common: 2.8.0 (/home/sazma/ws_future/install/moveit_common/share/moveit_common/cmake)
[1.879s] -- Found libdw: /usr/lib/x86_64-linux-gnu/libdw.so  
[1.893s] -- Could NOT find libbfd (missing: LIBBFD_LIBRARY LIBBFD_INCLUDE_DIR) 
[1.893s] -- BACKWARD_HAS_UNWIND=1
[1.893s] -- BACKWARD_HAS_BACKTRACE=0
[1.894s] -- BACKWARD_HAS_BACKTRACE_SYMBOL=0
[1.894s] -- BACKWARD_HAS_DW=1
[1.894s] -- BACKWARD_HAS_BFD=0
[1.894s] -- Found Backward: /opt/ros/humble/share/backward_ros/cmake  
[1.895s] [0mmoveit_task_constructor_core: You did not request a specific build type: Choosing 'Release' for maximum performance[0m
[1.898s] -- Found moveit_core: 2.8.0 (/home/sazma/ws_future/install/moveit_core/share/moveit_core/cmake)
[2.425s] -- Found Boost: /usr/lib/x86_64-linux-gnu/cmake/Boost-1.74.0/BoostConfig.cmake (found version "1.74.0") found components: chrono date_time filesystem iostreams program_options regex serialization system thread 
[2.583s] -- Found parameter_traits: 0.3.6 (/opt/ros/humble/share/parameter_traits/cmake)
[2.706s] -- Found rmw_implementation_cmake: 6.1.1 (/opt/ros/humble/share/rmw_implementation_cmake/cmake)
[2.716s] -- Found rmw_fastrtps_cpp: 6.2.4 (/opt/ros/humble/share/rmw_fastrtps_cpp/cmake)
[2.862s] -- Found OpenSSL: /usr/lib/x86_64-linux-gnu/libcrypto.so (found version "3.0.2")  
[2.895s] -- Found FastRTPS: /opt/ros/humble/include  
[2.958s] -- Using RMW implementation 'rmw_fastrtps_cpp' as default
[2.982s] -- Found Threads: TRUE  
[3.192s] -- Found rclcpp_lifecycle: 16.0.6 (/opt/ros/humble/share/rclcpp_lifecycle/cmake)
[3.264s] -- Found Boost: /usr/lib/x86_64-linux-gnu/cmake/Boost-1.74.0/BoostConfig.cmake (found version "1.74.0") found components: filesystem 
[3.408s] -- library: /usr/lib/x86_64-linux-gnu/libcurl.so
[3.833s] -- Found Eigen3: TRUE (found version "3.4.0") 
[3.834s] -- Ensuring Eigen3 include directory is part of orocos-kdl CMake target
[5.230s] -- Found moveit_ros_planning: 2.8.0 (/home/sazma/ws_future/install/moveit_ros_planning/share/moveit_ros_planning/cmake)
[5.235s] -- Found Boost: /usr/lib/x86_64-linux-gnu/cmake/Boost-1.74.0/BoostConfig.cmake (found version "1.74.0") found components: system filesystem date_time program_options thread chrono 
[5.748s] -- Found moveit_ros_planning_interface: 2.8.0 (/home/sazma/ws_future/install/moveit_ros_planning_interface/share/moveit_ros_planning_interface/cmake)
[5.753s] -- Found Boost: /usr/lib/x86_64-linux-gnu/cmake/Boost-1.74.0/BoostConfig.cmake (found version "1.74.0") found components: date_time filesystem program_options system thread 
[5.998s] -- Found Boost: /usr/lib/x86_64-linux-gnu/cmake/Boost-1.74.0/BoostConfig.cmake (found version "1.74.0") found components: thread system filesystem regex date_time program_options 
[6.297s] -- Found Boost: /usr/lib/x86_64-linux-gnu/cmake/Boost-1.74.0/BoostConfig.cmake (found version "1.74.0") found components: system filesystem date_time program_options thread 
[6.637s] -- Found moveit_task_constructor_msgs: 0.1.3 (/home/sazma/ws_future/install/moveit_task_constructor_msgs/share/moveit_task_constructor_msgs/cmake)
[6.971s] -- Found rviz_marker_tools: 0.1.3 (/home/sazma/ws_future/install/rviz_marker_tools/share/rviz_marker_tools/cmake)
[7.054s] -- Found ament_cmake_gtest: 1.3.5 (/opt/ros/humble/share/ament_cmake_gtest/cmake)
[7.059s] -- Found ament_cmake_gmock: 1.3.5 (/opt/ros/humble/share/ament_cmake_gmock/cmake)
[7.065s] -- Found launch_testing_ament_cmake: 1.0.4 (/opt/ros/humble/share/launch_testing_ament_cmake/cmake)
[7.070s] -- Found python_cmake_module: 0.10.0 (/opt/ros/humble/share/python_cmake_module/cmake)
[7.094s] -- Found PythonInterp: /usr/bin/python3 (found suitable version "3.10.12", minimum required is "3.6") 
[7.102s] -- Found PythonLibs: /usr/lib/x86_64-linux-gnu/libpython3.10.so (found suitable version "3.10.12", minimum required is "3.5") 
[7.102s] -- Using PYTHON_EXECUTABLE: /usr/bin/python3
[7.102s] -- Using PYTHON_INCLUDE_DIRS: /usr/include/python3.10
[7.102s] -- Using PYTHON_LIBRARIES: /usr/lib/x86_64-linux-gnu/libpython3.10.so
[7.127s] -- Found PythonExtra: .so  
[7.133s] -- Found gtest sources under '/opt/ros/humble/src/gtest_vendor': C++ tests using 'Google Test' will be built
[7.152s] -- Found gmock sources under '/opt/ros/humble/src/gmock_vendor': C++ tests using 'Google Mock' will be built
[7.171s] -- Configuring done
[7.549s] -- Generating done
[7.553s] -- Build files have been written to: /home/sazma/ws_future/build/moveit_task_constructor_core
[7.582s] Invoked command in '/home/sazma/ws_future/build/moveit_task_constructor_core' returned '0': AMENT_PREFIX_PATH=/home/sazma/ws_future/install/moveit_planners:/home/sazma/ws_future/install/pilz_industrial_motion_planner:/home/sazma/ws_future/install/moveit_ros_planning_interface:/home/sazma/ws_future/install/moveit_ros_move_group:/home/sazma/ws_future/install/moveit_ros_warehouse:/home/sazma/ws_future/install/moveit_planners_ompl:/home/sazma/ws_future/install/moveit_kinematics:/home/sazma/ws_future/install/moveit_ros_planning:/home/sazma/ws_future/install/moveit_ros_occupancy_map_monitor:/home/sazma/ws_future/install/moveit_planners_stomp:/home/sazma/ws_future/install/moveit_core:/home/sazma/ws_future/install/rviz_marker_tools:/home/sazma/ws_future/install/moveit_task_constructor_msgs:/home/sazma/ws_future/install/moveit_msgs:/home/sazma/ws_future/install/moveit_configs_utils:/home/sazma/ws_future/install/moveit_common:${AMENT_PREFIX_PATH} CMAKE_PREFIX_PATH=/home/sazma/ws_future/install/moveit_planners:/home/sazma/ws_future/install/pilz_industrial_motion_planner:/home/sazma/ws_future/install/moveit_ros_planning_interface:/home/sazma/ws_future/install/moveit_ros_move_group:/home/sazma/ws_future/install/moveit_ros_warehouse:/home/sazma/ws_future/install/moveit_planners_ompl:/home/sazma/ws_future/install/moveit_kinematics:/home/sazma/ws_future/install/moveit_ros_planning:/home/sazma/ws_future/install/moveit_ros_occupancy_map_monitor:/home/sazma/ws_future/install/moveit_planners_stomp:/home/sazma/ws_future/install/moveit_core:/home/sazma/ws_future/install/rviz_marker_tools:/home/sazma/ws_future/install/moveit_task_constructor_msgs:/home/sazma/ws_future/install/moveit_msgs:/home/sazma/ws_future/install/moveit_common:/home/sazma/ws_future/install/ui_for_debug_and_demo:/home/sazma/ws_future/install/tm_driver:/home/sazma/ws_future/install/demo:/home/sazma/ws_future/install/tm_msgs:/home/sazma/ws_future/install/tm_moveit_cpp_demo:/home/sazma/ws_future/install/tm_moveit_config_tm5x-900:/home/sazma/ws_future/install/tm_moveit_config_tm5x-700:/home/sazma/ws_future/install/tm_moveit_config_tm5-900:/home/sazma/ws_future/install/tm_moveit_config_tm5-700:/home/sazma/ws_future/install/tm_moveit_config_tm14x:/home/sazma/ws_future/install/tm_moveit_config_tm14:/home/sazma/ws_future/install/tm_moveit_config_tm12x:/home/sazma/ws_future/install/tm_moveit_config_tm12:/home/sazma/ws_future/install/tm_description:/home/sazma/ws_future/install/custom_package:/home/sazma/ws_future/install/techman_robot_msgs:/home/sazma/ws_tm/install/ui_for_debug_and_demo:/home/sazma/ws_tm/install/tm_driver:/home/sazma/ws_tm/install/demo:/home/sazma/ws_tm/install/tm_msgs:/home/sazma/ws_tm/install/tm_moveit_cpp_demo:/home/sazma/ws_tm/install/tm_moveit_config_tm5x-900:/home/sazma/ws_tm/install/tm_moveit_config_tm5x-700:/home/sazma/ws_tm/install/tm_moveit_config_tm5-900:/home/sazma/ws_tm/install/tm_moveit_config_tm5-700:/home/sazma/ws_tm/install/tm_moveit_config_tm14x:/home/sazma/ws_tm/install/tm_moveit_config_tm14:/home/sazma/ws_tm/install/tm_moveit_config_tm12x:/home/sazma/ws_tm/install/tm_moveit_config_tm12:/home/sazma/ws_tm/install/tm_description:/home/sazma/ws_tm/install/custom_package:/home/sazma/ws_tm/install/techman_robot_msgs:/home/sazma/ws_future/install/tm_mod_urdf:/home/sazma/ws_future/install/tm_get_status:/home/sazma/ws_tm/install/tm_mod_urdf:/home/sazma/ws_tm/install/tm_get_status:/opt/ros/humble LD_LIBRARY_PATH=/home/sazma/ws_future/install/pilz_industrial_motion_planner/lib:/home/sazma/ws_future/install/moveit_ros_planning_interface/lib:/home/sazma/ws_future/install/moveit_ros_move_group/lib:/home/sazma/ws_future/install/moveit_ros_warehouse/lib:/home/sazma/ws_future/install/moveit_planners_ompl/lib:/home/sazma/ws_future/install/moveit_kinematics/lib:/home/sazma/ws_future/install/moveit_ros_planning/lib:/home/sazma/ws_future/install/moveit_ros_occupancy_map_monitor/lib:/home/sazma/ws_future/install/moveit_planners_stomp/lib:/home/sazma/ws_future/install/moveit_core/lib:/home/sazma/ws_future/install/rviz_marker_tools/lib:/home/sazma/ws_future/install/moveit_task_constructor_msgs/lib:/home/sazma/ws_future/install/moveit_msgs/lib:${LD_LIBRARY_PATH} PATH=/home/sazma/ws_future/install/moveit_core/bin:${PATH} PYTHONPATH=/home/sazma/ws_future/install/moveit_task_constructor_msgs/local/lib/python3.10/dist-packages:/home/sazma/ws_future/install/moveit_msgs/local/lib/python3.10/dist-packages:/home/sazma/ws_future/install/moveit_configs_utils/lib/python3.10/site-packages:${PYTHONPATH} /usr/bin/cmake /home/sazma/ws_future/src/moveit_task_constructor/core -DCMAKE_INSTALL_PREFIX=/home/sazma/ws_future/install/moveit_task_constructor_core
[7.583s] Invoking command in '/home/sazma/ws_future/build/moveit_task_constructor_core': AMENT_PREFIX_PATH=/home/sazma/ws_future/install/moveit_planners:/home/sazma/ws_future/install/pilz_industrial_motion_planner:/home/sazma/ws_future/install/moveit_ros_planning_interface:/home/sazma/ws_future/install/moveit_ros_move_group:/home/sazma/ws_future/install/moveit_ros_warehouse:/home/sazma/ws_future/install/moveit_planners_ompl:/home/sazma/ws_future/install/moveit_kinematics:/home/sazma/ws_future/install/moveit_ros_planning:/home/sazma/ws_future/install/moveit_ros_occupancy_map_monitor:/home/sazma/ws_future/install/moveit_planners_stomp:/home/sazma/ws_future/install/moveit_core:/home/sazma/ws_future/install/rviz_marker_tools:/home/sazma/ws_future/install/moveit_task_constructor_msgs:/home/sazma/ws_future/install/moveit_msgs:/home/sazma/ws_future/install/moveit_configs_utils:/home/sazma/ws_future/install/moveit_common:${AMENT_PREFIX_PATH} CMAKE_PREFIX_PATH=/home/sazma/ws_future/install/moveit_planners:/home/sazma/ws_future/install/pilz_industrial_motion_planner:/home/sazma/ws_future/install/moveit_ros_planning_interface:/home/sazma/ws_future/install/moveit_ros_move_group:/home/sazma/ws_future/install/moveit_ros_warehouse:/home/sazma/ws_future/install/moveit_planners_ompl:/home/sazma/ws_future/install/moveit_kinematics:/home/sazma/ws_future/install/moveit_ros_planning:/home/sazma/ws_future/install/moveit_ros_occupancy_map_monitor:/home/sazma/ws_future/install/moveit_planners_stomp:/home/sazma/ws_future/install/moveit_core:/home/sazma/ws_future/install/rviz_marker_tools:/home/sazma/ws_future/install/moveit_task_constructor_msgs:/home/sazma/ws_future/install/moveit_msgs:/home/sazma/ws_future/install/moveit_common:/home/sazma/ws_future/install/ui_for_debug_and_demo:/home/sazma/ws_future/install/tm_driver:/home/sazma/ws_future/install/demo:/home/sazma/ws_future/install/tm_msgs:/home/sazma/ws_future/install/tm_moveit_cpp_demo:/home/sazma/ws_future/install/tm_moveit_config_tm5x-900:/home/sazma/ws_future/install/tm_moveit_config_tm5x-700:/home/sazma/ws_future/install/tm_moveit_config_tm5-900:/home/sazma/ws_future/install/tm_moveit_config_tm5-700:/home/sazma/ws_future/install/tm_moveit_config_tm14x:/home/sazma/ws_future/install/tm_moveit_config_tm14:/home/sazma/ws_future/install/tm_moveit_config_tm12x:/home/sazma/ws_future/install/tm_moveit_config_tm12:/home/sazma/ws_future/install/tm_description:/home/sazma/ws_future/install/custom_package:/home/sazma/ws_future/install/techman_robot_msgs:/home/sazma/ws_tm/install/ui_for_debug_and_demo:/home/sazma/ws_tm/install/tm_driver:/home/sazma/ws_tm/install/demo:/home/sazma/ws_tm/install/tm_msgs:/home/sazma/ws_tm/install/tm_moveit_cpp_demo:/home/sazma/ws_tm/install/tm_moveit_config_tm5x-900:/home/sazma/ws_tm/install/tm_moveit_config_tm5x-700:/home/sazma/ws_tm/install/tm_moveit_config_tm5-900:/home/sazma/ws_tm/install/tm_moveit_config_tm5-700:/home/sazma/ws_tm/install/tm_moveit_config_tm14x:/home/sazma/ws_tm/install/tm_moveit_config_tm14:/home/sazma/ws_tm/install/tm_moveit_config_tm12x:/home/sazma/ws_tm/install/tm_moveit_config_tm12:/home/sazma/ws_tm/install/tm_description:/home/sazma/ws_tm/install/custom_package:/home/sazma/ws_tm/install/techman_robot_msgs:/home/sazma/ws_future/install/tm_mod_urdf:/home/sazma/ws_future/install/tm_get_status:/home/sazma/ws_tm/install/tm_mod_urdf:/home/sazma/ws_tm/install/tm_get_status:/opt/ros/humble LD_LIBRARY_PATH=/home/sazma/ws_future/install/pilz_industrial_motion_planner/lib:/home/sazma/ws_future/install/moveit_ros_planning_interface/lib:/home/sazma/ws_future/install/moveit_ros_move_group/lib:/home/sazma/ws_future/install/moveit_ros_warehouse/lib:/home/sazma/ws_future/install/moveit_planners_ompl/lib:/home/sazma/ws_future/install/moveit_kinematics/lib:/home/sazma/ws_future/install/moveit_ros_planning/lib:/home/sazma/ws_future/install/moveit_ros_occupancy_map_monitor/lib:/home/sazma/ws_future/install/moveit_planners_stomp/lib:/home/sazma/ws_future/install/moveit_core/lib:/home/sazma/ws_future/install/rviz_marker_tools/lib:/home/sazma/ws_future/install/moveit_task_constructor_msgs/lib:/home/sazma/ws_future/install/moveit_msgs/lib:${LD_LIBRARY_PATH} PATH=/home/sazma/ws_future/install/moveit_core/bin:${PATH} PYTHONPATH=/home/sazma/ws_future/install/moveit_task_constructor_msgs/local/lib/python3.10/dist-packages:/home/sazma/ws_future/install/moveit_msgs/local/lib/python3.10/dist-packages:/home/sazma/ws_future/install/moveit_configs_utils/lib/python3.10/site-packages:${PYTHONPATH} /usr/bin/cmake --build /home/sazma/ws_future/build/moveit_task_constructor_core -- -j12 -l12
[7.642s] [  1%] [32mBuilding CXX object src/CMakeFiles/moveit_task_constructor_core.dir/container.cpp.o[0m
[13.657s] [  5%] [32mBuilding CXX object src/CMakeFiles/moveit_task_constructor_core.dir/stage.cpp.o[0m
[13.657s] [  5%] [32mBuilding CXX object src/CMakeFiles/moveit_task_constructor_core.dir/storage.cpp.o[0m
[13.658s] [  5%] [32mBuilding CXX object src/CMakeFiles/moveit_task_constructor_core.dir/properties.cpp.o[0m
[14.669s] [  6%] [32mBuilding CXX object src/CMakeFiles/moveit_task_constructor_core.dir/marker_tools.cpp.o[0m
[14.674s] [  7%] [32mBuilding CXX object src/CMakeFiles/moveit_task_constructor_core.dir/merge.cpp.o[0m
[14.700s] In file included from [01m[K/opt/ros/humble/include/rclcpp/rclcpp/logging.hpp:24[m[K,
[14.700s]                  from [01m[K/home/sazma/ws_future/src/moveit_task_constructor/core/src/properties.cpp:42[m[K:
[14.700s] [01m[K/home/sazma/ws_future/src/moveit_task_constructor/core/src/properties.cpp:[m[K In member function ‘[01m[Kconst moveit::task_constructor::PropertyTypeRegistry::Entry& moveit::task_constructor::PropertyTypeRegistry::entry(const std::type_index&) const[m[K’:
[14.700s] [01m[K/home/sazma/ws_future/src/moveit_task_constructor/core/src/properties.cpp:78:75:[m[K [01;35m[Kwarning: [m[Kuse of old-style cast to ‘[01m[Krcutils_duration_value_t[m[K’ {aka ‘[01m[Klong int[m[K’} [[01;35m[K]8;;https://gcc.gnu.org/onlinedocs/gcc/Warning-Options.html#index-Wold-style-cast-Wold-style-cast]8;;[m[K]
[14.700s]    78 |                         RCLCPP_WARN_STREAM_THROTTLE(LOGGER, steady_clock, [01;35m[K10'000[m[K,
[14.700s]       |                                                                           [01;35m[K^~~~~~[m[K
[15.691s] [ 10%] [32mBuilding CXX object src/CMakeFiles/moveit_task_constructor_core.dir/introspection.cpp.o[0m
[15.691s] [ 10%] [32mBuilding CXX object src/CMakeFiles/moveit_task_constructor_core.dir/cost_terms.cpp.o[0m
[17.077s] [ 11%] [32mBuilding CXX object src/CMakeFiles/moveit_task_constructor_core.dir/task.cpp.o[0m
[24.560s] [ 12%] [32mBuilding CXX object src/CMakeFiles/moveit_task_constructor_core.dir/utils.cpp.o[0m
[25.717s] [ 13%] [32mBuilding CXX object src/CMakeFiles/moveit_task_constructor_core.dir/solvers/planner_interface.cpp.o[0m
[27.879s] [ 15%] [32mBuilding CXX object src/CMakeFiles/moveit_task_constructor_core.dir/solvers/cartesian_path.cpp.o[0m
[31.763s] [ 16%] [32mBuilding CXX object src/CMakeFiles/moveit_task_constructor_core.dir/solvers/joint_interpolation.cpp.o[0m
[35.370s] [ 17%] [32mBuilding CXX object src/CMakeFiles/moveit_task_constructor_core.dir/solvers/pipeline_planner.cpp.o[0m
[35.383s] [ 18%] [32mBuilding CXX object src/CMakeFiles/moveit_task_constructor_core.dir/solvers/multi_planner.cpp.o[0m
[49.526s] [ 20%] [32m[1mLinking CXX shared library libmoveit_task_constructor_core.so[0m
[49.861s] [ 20%] Built target moveit_task_constructor_core
[49.885s] [ 24%] [32mBuilding CXX object gmock/CMakeFiles/gmock.dir/opt/ros/humble/src/gtest_vendor/src/gtest-all.cc.o[0m
[49.885s] [ 24%] [32mBuilding CXX object gmock/CMakeFiles/gmock_main.dir/src/gmock_main.cc.o[0m
[49.885s] [ 25%] [32mBuilding CXX object gtest/CMakeFiles/gtest.dir/src/gtest-all.cc.o[0m
[49.886s] [ 26%] [32mBuilding CXX object test/CMakeFiles/gtest_utils.dir/gtest_value_printers.cpp.o[0m
[49.886s] [ 27%] [32mBuilding CXX object test/CMakeFiles/gtest_utils.dir/models.cpp.o[0m
[49.886s] [ 29%] [32mBuilding CXX object test/CMakeFiles/gtest_utils.dir/stage_mockups.cpp.o[0m
[49.886s] [ 24%] [32mBuilding CXX object gmock/CMakeFiles/gmock.dir/src/gmock-all.cc.o[0m
[49.887s] [ 30%] [32mBuilding CXX object src/stages/CMakeFiles/moveit_task_constructor_core_stages.dir/modify_planning_scene.cpp.o[0m
[49.887s] [ 31%] [32mBuilding CXX object src/stages/CMakeFiles/moveit_task_constructor_core_stages.dir/fix_collision_objects.cpp.o[0m
[49.888s] [ 32%] [32mBuilding CXX object src/stages/CMakeFiles/moveit_task_constructor_core_stages.dir/current_state.cpp.o[0m
[49.899s] [ 34%] [32mBuilding CXX object src/stages/CMakeFiles/moveit_task_constructor_core_stages.dir/fixed_state.cpp.o[0m
[49.900s] [ 35%] [32mBuilding CXX object gtest/CMakeFiles/gtest_main.dir/src/gtest_main.cc.o[0m
[51.642s] [ 36%] [32m[1mLinking CXX static library libgtest_main.a[0m
[51.859s] [ 36%] Built target gtest_main
[51.914s] [ 37%] [32mBuilding CXX object src/stages/CMakeFiles/moveit_task_constructor_core_stages.dir/fixed_cartesian_poses.cpp.o[0m
[52.542s] [ 39%] [32m[1mLinking CXX static library libgmock_main.a[0m
[52.712s] [ 39%] Built target gmock_main
[52.749s] [ 40%] [32mBuilding CXX object src/stages/CMakeFiles/moveit_task_constructor_core_stages.dir/generate_pose.cpp.o[0m
[56.167s] [ 41%] [32mBuilding CXX object src/stages/CMakeFiles/moveit_task_constructor_core_stages.dir/generate_grasp_pose.cpp.o[0m
[58.970s] [ 43%] [32mBuilding CXX object src/stages/CMakeFiles/moveit_task_constructor_core_stages.dir/generate_place_pose.cpp.o[0m
[62.017s] [ 44%] [32mBuilding CXX object src/stages/CMakeFiles/moveit_task_constructor_core_stages.dir/generate_random_pose.cpp.o[0m
[65.683s] [ 45%] [32m[1mLinking CXX static library libgmock.a[0m
[65.975s] [ 45%] Built target gmock
[65.976s] [ 46%] [32mBuilding CXX object src/stages/CMakeFiles/moveit_task_constructor_core_stages.dir/compute_ik.cpp.o[0m
[66.005s] [ 48%] [32m[1mLinking CXX static library libgtest.a[0m
[66.105s] [ 48%] Built target gtest
[66.123s] [ 49%] [32mBuilding CXX object src/stages/CMakeFiles/moveit_task_constructor_core_stages.dir/passthrough.cpp.o[0m
[67.621s] [ 50%] [32mBuilding CXX object src/stages/CMakeFiles/moveit_task_constructor_core_stages.dir/predicate_filter.cpp.o[0m
[69.949s] [ 51%] [32mBuilding CXX object src/stages/CMakeFiles/moveit_task_constructor_core_stages.dir/connect.cpp.o[0m
[69.991s] [ 53%] [32m[1mLinking CXX shared library libgtest_utils.so[0m
[70.532s] [ 53%] Built target gtest_utils
[70.585s] [ 54%] [32mBuilding CXX object src/stages/CMakeFiles/moveit_task_constructor_core_stages.dir/move_to.cpp.o[0m
[70.938s] [ 55%] [32mBuilding CXX object src/stages/CMakeFiles/moveit_task_constructor_core_stages.dir/move_relative.cpp.o[0m
[71.461s] [ 56%] [32mBuilding CXX object src/stages/CMakeFiles/moveit_task_constructor_core_stages.dir/simple_grasp.cpp.o[0m
[73.075s] [ 58%] [32mBuilding CXX object src/stages/CMakeFiles/moveit_task_constructor_core_stages.dir/pick.cpp.o[0m
[104.599s] [ 59%] [32m[1mLinking CXX shared library libmoveit_task_constructor_core_stages.so[0m
[104.902s] [ 59%] Built target moveit_task_constructor_core_stages
[104.932s] [ 60%] [32mBuilding CXX object src/stages/CMakeFiles/moveit_task_constructor_core_stage_plugins.dir/plugins.cpp.o[0m
[104.937s] [ 62%] [32mBuilding CXX object test/CMakeFiles/moveit_task_constructor_core-test-serial.dir/test_serial.cpp.o[0m
[104.938s] [ 64%] [32mBuilding CXX object test/CMakeFiles/moveit_task_constructor_core-test-properties.dir/test_properties.cpp.o[0m
[104.938s] [ 64%] [32mBuilding CXX object test/CMakeFiles/moveit_task_constructor_core-test-stage.dir/test_stage.cpp.o[0m
[104.938s] [ 65%] [32mBuilding CXX object test/CMakeFiles/moveit_task_constructor_core-test-cost-terms.dir/test_cost_terms.cpp.o[0m
[104.938s] [ 67%] [32mBuilding CXX object test/CMakeFiles/moveit_task_constructor_core-test-container.dir/test_container.cpp.o[0m
[104.940s] [ 68%] [32mBuilding CXX object test/CMakeFiles/moveit_task_constructor_core-test-pruning.dir/test_pruning.cpp.o[0m
[105.966s] [ 69%] [32mBuilding CXX object test/CMakeFiles/moveit_task_constructor_core-test-move-to.dir/test_move_to.cpp.o[0m
[105.973s] [ 70%] [32mBuilding CXX object test/CMakeFiles/moveit_task_constructor_core-test-fallback.dir/test_fallback.cpp.o[0m
[105.983s] [ 72%] [32mBuilding CXX object test/CMakeFiles/moveit_task_constructor_core-test-move-relative.dir/test_move_relative.cpp.o[0m
[105.998s] [ 73%] [32mBuilding CXX object test/CMakeFiles/moveit_task_constructor_core-test-interface-state.dir/test_interface_state.cpp.o[0m
[106.010s] [ 74%] [32mBuilding CXX object test/CMakeFiles/moveit_task_constructor_core-test-cost-queue.dir/test_cost_queue.cpp.o[0m
[109.886s] [ 75%] [32m[1mLinking CXX shared library libmoveit_task_constructor_core_stage_plugins.so[0m
[110.669s] [ 75%] Built target moveit_task_constructor_core_stage_plugins
[110.815s] [ 77%] [32mBuilding CXX object test/CMakeFiles/moveit_task_constructor_core-test-pipeline-planner.dir/test_pipeline_planner.cpp.o[0m
[111.175s] [ 78%] [32m[1mLinking CXX executable moveit_task_constructor_core-test-properties[0m
[111.994s] [ 78%] Built target moveit_task_constructor_core-test-properties
[112.143s] [ 79%] [32mBuilding CXX object test/CMakeFiles/pick_ur5.dir/pick_ur5.cpp.o[0m
[117.126s] [ 81%] [32m[1mLinking CXX executable moveit_task_constructor_core-test-cost-queue[0m
[117.878s] [ 81%] Built target moveit_task_constructor_core-test-cost-queue
[117.976s] [ 82%] [32mBuilding CXX object test/CMakeFiles/pick_pr2.dir/pick_pr2.cpp.o[0m
[124.915s] [ 83%] [32m[1mLinking CXX executable moveit_task_constructor_core-test-serial[0m
[125.964s] [ 83%] Built target moveit_task_constructor_core-test-serial
[126.047s] [ 84%] [32mBuilding CXX object test/CMakeFiles/pick_pa10.dir/pick_pa10.cpp.o[0m
[126.642s] [ 86%] [32m[1mLinking CXX executable moveit_task_constructor_core-test-stage[0m
[126.821s] [ 87%] [32m[1mLinking CXX executable moveit_task_constructor_core-test-pruning[0m
[127.770s] [ 87%] Built target moveit_task_constructor_core-test-stage
[127.993s] [ 87%] Built target moveit_task_constructor_core-test-pruning
[129.720s] [ 88%] [32m[1mLinking CXX executable moveit_task_constructor_core-test-move-relative[0m
[130.397s] [ 89%] [32m[1mLinking CXX executable moveit_task_constructor_core-test-interface-state[0m
[130.733s] [ 89%] Built target moveit_task_constructor_core-test-move-relative
[131.023s] [ 91%] [32m[1mLinking CXX executable moveit_task_constructor_core-test-container[0m
[131.099s] [ 92%] [32m[1mLinking CXX executable moveit_task_constructor_core-test-cost-terms[0m
[131.339s] [ 92%] Built target moveit_task_constructor_core-test-interface-state
[131.411s] [ 93%] [32m[1mLinking CXX executable moveit_task_constructor_core-test-fallback[0m
[131.908s] [ 93%] Built target moveit_task_constructor_core-test-container
[132.082s] [ 93%] Built target moveit_task_constructor_core-test-cost-terms
[132.122s] [ 93%] Built target moveit_task_constructor_core-test-fallback
[132.416s] [ 94%] [32m[1mLinking CXX executable moveit_task_constructor_core-test-pipeline-planner[0m
[133.018s] [ 94%] Built target moveit_task_constructor_core-test-pipeline-planner
[133.358s] [ 96%] [32m[1mLinking CXX executable moveit_task_constructor_core-test-move-to[0m
[133.983s] [ 96%] Built target moveit_task_constructor_core-test-move-to
[135.389s] [ 97%] [32m[1mLinking CXX executable pick_ur5[0m
[135.882s] [ 97%] Built target pick_ur5
[143.841s] [ 98%] [32m[1mLinking CXX executable pick_pr2[0m
[144.912s] [ 98%] Built target pick_pr2
[161.674s] [100%] [32m[1mLinking CXX executable pick_pa10[0m
[163.272s] [100%] Built target pick_pa10
[163.326s] Invoked command in '/home/sazma/ws_future/build/moveit_task_constructor_core' returned '0': AMENT_PREFIX_PATH=/home/sazma/ws_future/install/moveit_planners:/home/sazma/ws_future/install/pilz_industrial_motion_planner:/home/sazma/ws_future/install/moveit_ros_planning_interface:/home/sazma/ws_future/install/moveit_ros_move_group:/home/sazma/ws_future/install/moveit_ros_warehouse:/home/sazma/ws_future/install/moveit_planners_ompl:/home/sazma/ws_future/install/moveit_kinematics:/home/sazma/ws_future/install/moveit_ros_planning:/home/sazma/ws_future/install/moveit_ros_occupancy_map_monitor:/home/sazma/ws_future/install/moveit_planners_stomp:/home/sazma/ws_future/install/moveit_core:/home/sazma/ws_future/install/rviz_marker_tools:/home/sazma/ws_future/install/moveit_task_constructor_msgs:/home/sazma/ws_future/install/moveit_msgs:/home/sazma/ws_future/install/moveit_configs_utils:/home/sazma/ws_future/install/moveit_common:${AMENT_PREFIX_PATH} CMAKE_PREFIX_PATH=/home/sazma/ws_future/install/moveit_planners:/home/sazma/ws_future/install/pilz_industrial_motion_planner:/home/sazma/ws_future/install/moveit_ros_planning_interface:/home/sazma/ws_future/install/moveit_ros_move_group:/home/sazma/ws_future/install/moveit_ros_warehouse:/home/sazma/ws_future/install/moveit_planners_ompl:/home/sazma/ws_future/install/moveit_kinematics:/home/sazma/ws_future/install/moveit_ros_planning:/home/sazma/ws_future/install/moveit_ros_occupancy_map_monitor:/home/sazma/ws_future/install/moveit_planners_stomp:/home/sazma/ws_future/install/moveit_core:/home/sazma/ws_future/install/rviz_marker_tools:/home/sazma/ws_future/install/moveit_task_constructor_msgs:/home/sazma/ws_future/install/moveit_msgs:/home/sazma/ws_future/install/moveit_common:/home/sazma/ws_future/install/ui_for_debug_and_demo:/home/sazma/ws_future/install/tm_driver:/home/sazma/ws_future/install/demo:/home/sazma/ws_future/install/tm_msgs:/home/sazma/ws_future/install/tm_moveit_cpp_demo:/home/sazma/ws_future/install/tm_moveit_config_tm5x-900:/home/sazma/ws_future/install/tm_moveit_config_tm5x-700:/home/sazma/ws_future/install/tm_moveit_config_tm5-900:/home/sazma/ws_future/install/tm_moveit_config_tm5-700:/home/sazma/ws_future/install/tm_moveit_config_tm14x:/home/sazma/ws_future/install/tm_moveit_config_tm14:/home/sazma/ws_future/install/tm_moveit_config_tm12x:/home/sazma/ws_future/install/tm_moveit_config_tm12:/home/sazma/ws_future/install/tm_description:/home/sazma/ws_future/install/custom_package:/home/sazma/ws_future/install/techman_robot_msgs:/home/sazma/ws_tm/install/ui_for_debug_and_demo:/home/sazma/ws_tm/install/tm_driver:/home/sazma/ws_tm/install/demo:/home/sazma/ws_tm/install/tm_msgs:/home/sazma/ws_tm/install/tm_moveit_cpp_demo:/home/sazma/ws_tm/install/tm_moveit_config_tm5x-900:/home/sazma/ws_tm/install/tm_moveit_config_tm5x-700:/home/sazma/ws_tm/install/tm_moveit_config_tm5-900:/home/sazma/ws_tm/install/tm_moveit_config_tm5-700:/home/sazma/ws_tm/install/tm_moveit_config_tm14x:/home/sazma/ws_tm/install/tm_moveit_config_tm14:/home/sazma/ws_tm/install/tm_moveit_config_tm12x:/home/sazma/ws_tm/install/tm_moveit_config_tm12:/home/sazma/ws_tm/install/tm_description:/home/sazma/ws_tm/install/custom_package:/home/sazma/ws_tm/install/techman_robot_msgs:/home/sazma/ws_future/install/tm_mod_urdf:/home/sazma/ws_future/install/tm_get_status:/home/sazma/ws_tm/install/tm_mod_urdf:/home/sazma/ws_tm/install/tm_get_status:/opt/ros/humble LD_LIBRARY_PATH=/home/sazma/ws_future/install/pilz_industrial_motion_planner/lib:/home/sazma/ws_future/install/moveit_ros_planning_interface/lib:/home/sazma/ws_future/install/moveit_ros_move_group/lib:/home/sazma/ws_future/install/moveit_ros_warehouse/lib:/home/sazma/ws_future/install/moveit_planners_ompl/lib:/home/sazma/ws_future/install/moveit_kinematics/lib:/home/sazma/ws_future/install/moveit_ros_planning/lib:/home/sazma/ws_future/install/moveit_ros_occupancy_map_monitor/lib:/home/sazma/ws_future/install/moveit_planners_stomp/lib:/home/sazma/ws_future/install/moveit_core/lib:/home/sazma/ws_future/install/rviz_marker_tools/lib:/home/sazma/ws_future/install/moveit_task_constructor_msgs/lib:/home/sazma/ws_future/install/moveit_msgs/lib:${LD_LIBRARY_PATH} PATH=/home/sazma/ws_future/install/moveit_core/bin:${PATH} PYTHONPATH=/home/sazma/ws_future/install/moveit_task_constructor_msgs/local/lib/python3.10/dist-packages:/home/sazma/ws_future/install/moveit_msgs/local/lib/python3.10/dist-packages:/home/sazma/ws_future/install/moveit_configs_utils/lib/python3.10/site-packages:${PYTHONPATH} /usr/bin/cmake --build /home/sazma/ws_future/build/moveit_task_constructor_core -- -j12 -l12
[164.044s] Invoking command in '/home/sazma/ws_future/build/moveit_task_constructor_core': AMENT_PREFIX_PATH=/home/sazma/ws_future/install/moveit_planners:/home/sazma/ws_future/install/pilz_industrial_motion_planner:/home/sazma/ws_future/install/moveit_ros_planning_interface:/home/sazma/ws_future/install/moveit_ros_move_group:/home/sazma/ws_future/install/moveit_ros_warehouse:/home/sazma/ws_future/install/moveit_planners_ompl:/home/sazma/ws_future/install/moveit_kinematics:/home/sazma/ws_future/install/moveit_ros_planning:/home/sazma/ws_future/install/moveit_ros_occupancy_map_monitor:/home/sazma/ws_future/install/moveit_planners_stomp:/home/sazma/ws_future/install/moveit_core:/home/sazma/ws_future/install/rviz_marker_tools:/home/sazma/ws_future/install/moveit_task_constructor_msgs:/home/sazma/ws_future/install/moveit_msgs:/home/sazma/ws_future/install/moveit_configs_utils:/home/sazma/ws_future/install/moveit_common:${AMENT_PREFIX_PATH} CMAKE_PREFIX_PATH=/home/sazma/ws_future/install/moveit_planners:/home/sazma/ws_future/install/pilz_industrial_motion_planner:/home/sazma/ws_future/install/moveit_ros_planning_interface:/home/sazma/ws_future/install/moveit_ros_move_group:/home/sazma/ws_future/install/moveit_ros_warehouse:/home/sazma/ws_future/install/moveit_planners_ompl:/home/sazma/ws_future/install/moveit_kinematics:/home/sazma/ws_future/install/moveit_ros_planning:/home/sazma/ws_future/install/moveit_ros_occupancy_map_monitor:/home/sazma/ws_future/install/moveit_planners_stomp:/home/sazma/ws_future/install/moveit_core:/home/sazma/ws_future/install/rviz_marker_tools:/home/sazma/ws_future/install/moveit_task_constructor_msgs:/home/sazma/ws_future/install/moveit_msgs:/home/sazma/ws_future/install/moveit_common:/home/sazma/ws_future/install/ui_for_debug_and_demo:/home/sazma/ws_future/install/tm_driver:/home/sazma/ws_future/install/demo:/home/sazma/ws_future/install/tm_msgs:/home/sazma/ws_future/install/tm_moveit_cpp_demo:/home/sazma/ws_future/install/tm_moveit_config_tm5x-900:/home/sazma/ws_future/install/tm_moveit_config_tm5x-700:/home/sazma/ws_future/install/tm_moveit_config_tm5-900:/home/sazma/ws_future/install/tm_moveit_config_tm5-700:/home/sazma/ws_future/install/tm_moveit_config_tm14x:/home/sazma/ws_future/install/tm_moveit_config_tm14:/home/sazma/ws_future/install/tm_moveit_config_tm12x:/home/sazma/ws_future/install/tm_moveit_config_tm12:/home/sazma/ws_future/install/tm_description:/home/sazma/ws_future/install/custom_package:/home/sazma/ws_future/install/techman_robot_msgs:/home/sazma/ws_tm/install/ui_for_debug_and_demo:/home/sazma/ws_tm/install/tm_driver:/home/sazma/ws_tm/install/demo:/home/sazma/ws_tm/install/tm_msgs:/home/sazma/ws_tm/install/tm_moveit_cpp_demo:/home/sazma/ws_tm/install/tm_moveit_config_tm5x-900:/home/sazma/ws_tm/install/tm_moveit_config_tm5x-700:/home/sazma/ws_tm/install/tm_moveit_config_tm5-900:/home/sazma/ws_tm/install/tm_moveit_config_tm5-700:/home/sazma/ws_tm/install/tm_moveit_config_tm14x:/home/sazma/ws_tm/install/tm_moveit_config_tm14:/home/sazma/ws_tm/install/tm_moveit_config_tm12x:/home/sazma/ws_tm/install/tm_moveit_config_tm12:/home/sazma/ws_tm/install/tm_description:/home/sazma/ws_tm/install/custom_package:/home/sazma/ws_tm/install/techman_robot_msgs:/home/sazma/ws_future/install/tm_mod_urdf:/home/sazma/ws_future/install/tm_get_status:/home/sazma/ws_tm/install/tm_mod_urdf:/home/sazma/ws_tm/install/tm_get_status:/opt/ros/humble LD_LIBRARY_PATH=/home/sazma/ws_future/install/pilz_industrial_motion_planner/lib:/home/sazma/ws_future/install/moveit_ros_planning_interface/lib:/home/sazma/ws_future/install/moveit_ros_move_group/lib:/home/sazma/ws_future/install/moveit_ros_warehouse/lib:/home/sazma/ws_future/install/moveit_planners_ompl/lib:/home/sazma/ws_future/install/moveit_kinematics/lib:/home/sazma/ws_future/install/moveit_ros_planning/lib:/home/sazma/ws_future/install/moveit_ros_occupancy_map_monitor/lib:/home/sazma/ws_future/install/moveit_planners_stomp/lib:/home/sazma/ws_future/install/moveit_core/lib:/home/sazma/ws_future/install/rviz_marker_tools/lib:/home/sazma/ws_future/install/moveit_task_constructor_msgs/lib:/home/sazma/ws_future/install/moveit_msgs/lib:${LD_LIBRARY_PATH} PATH=/home/sazma/ws_future/install/moveit_core/bin:${PATH} PYTHONPATH=/home/sazma/ws_future/install/moveit_task_constructor_msgs/local/lib/python3.10/dist-packages:/home/sazma/ws_future/install/moveit_msgs/local/lib/python3.10/dist-packages:/home/sazma/ws_future/install/moveit_configs_utils/lib/python3.10/site-packages:${PYTHONPATH} /usr/bin/cmake --install /home/sazma/ws_future/build/moveit_task_constructor_core
[164.060s] -- Install configuration: "Release"
[164.060s] -- Installing: /home/sazma/ws_future/install/moveit_task_constructor_core/include
[164.060s] -- Installing: /home/sazma/ws_future/install/moveit_task_constructor_core/include/moveit
[164.076s] -- Installing: /home/sazma/ws_future/install/moveit_task_constructor_core/include/moveit/python
[164.077s] -- Installing: /home/sazma/ws_future/install/moveit_task_constructor_core/include/moveit/python/python_tools
[164.077s] -- Installing: /home/sazma/ws_future/install/moveit_task_constructor_core/include/moveit/python/python_tools/ros_types.h
[164.077s] -- Installing: /home/sazma/ws_future/install/moveit_task_constructor_core/include/moveit/python/task_constructor
[164.077s] -- Installing: /home/sazma/ws_future/install/moveit_task_constructor_core/include/moveit/python/task_constructor/properties.h
[164.077s] -- Installing: /home/sazma/ws_future/install/moveit_task_constructor_core/include/moveit/task_constructor
[164.078s] -- Installing: /home/sazma/ws_future/install/moveit_task_constructor_core/include/moveit/task_constructor/stages
[164.078s] -- Installing: /home/sazma/ws_future/install/moveit_task_constructor_core/include/moveit/task_constructor/stages/generate_random_pose.h
[164.078s] -- Installing: /home/sazma/ws_future/install/moveit_task_constructor_core/include/moveit/task_constructor/stages/compute_ik.h
[164.078s] -- Installing: /home/sazma/ws_future/install/moveit_task_constructor_core/include/moveit/task_constructor/stages/pick.h
[164.078s] -- Installing: /home/sazma/ws_future/install/moveit_task_constructor_core/include/moveit/task_constructor/stages/generate_grasp_pose.h
[164.078s] -- Installing: /home/sazma/ws_future/install/moveit_task_constructor_core/include/moveit/task_constructor/stages/modify_planning_scene.h
[164.079s] -- Installing: /home/sazma/ws_future/install/moveit_task_constructor_core/include/moveit/task_constructor/stages/passthrough.h
[164.079s] -- Installing: /home/sazma/ws_future/install/moveit_task_constructor_core/include/moveit/task_constructor/stages/move_to.h
[164.079s] -- Installing: /home/sazma/ws_future/install/moveit_task_constructor_core/include/moveit/task_constructor/stages/fixed_state.h
[164.080s] -- Installing: /home/sazma/ws_future/install/moveit_task_constructor_core/include/moveit/task_constructor/stages/move_relative.h
[164.080s] -- Installing: /home/sazma/ws_future/install/moveit_task_constructor_core/include/moveit/task_constructor/stages/predicate_filter.h
[164.080s] -- Installing: /home/sazma/ws_future/install/moveit_task_constructor_core/include/moveit/task_constructor/stages/connect.h
[164.080s] -- Installing: /home/sazma/ws_future/install/moveit_task_constructor_core/include/moveit/task_constructor/stages/fixed_cartesian_poses.h
[164.081s] -- Installing: /home/sazma/ws_future/install/moveit_task_constructor_core/include/moveit/task_constructor/stages/current_state.h
[164.081s] -- Installing: /home/sazma/ws_future/install/moveit_task_constructor_core/include/moveit/task_constructor/stages/simple_grasp.h
[164.081s] -- Installing: /home/sazma/ws_future/install/moveit_task_constructor_core/include/moveit/task_constructor/stages/generate_place_pose.h
[164.081s] -- Installing: /home/sazma/ws_future/install/moveit_task_constructor_core/include/moveit/task_constructor/stages/generate_pose.h
[164.081s] -- Installing: /home/sazma/ws_future/install/moveit_task_constructor_core/include/moveit/task_constructor/stages/fix_collision_objects.h
[164.082s] -- Installing: /home/sazma/ws_future/install/moveit_task_constructor_core/include/moveit/task_constructor/container.h
[164.082s] -- Installing: /home/sazma/ws_future/install/moveit_task_constructor_core/include/moveit/task_constructor/type_traits.h
[164.082s] -- Installing: /home/sazma/ws_future/install/moveit_task_constructor_core/include/moveit/task_constructor/marker_tools.h
[164.082s] -- Installing: /home/sazma/ws_future/install/moveit_task_constructor_core/include/moveit/task_constructor/storage.h
[164.082s] -- Installing: /home/sazma/ws_future/install/moveit_task_constructor_core/include/moveit/task_constructor/cost_terms.h
[164.083s] -- Installing: /home/sazma/ws_future/install/moveit_task_constructor_core/include/moveit/task_constructor/task.h
[164.083s] -- Installing: /home/sazma/ws_future/install/moveit_task_constructor_core/include/moveit/task_constructor/solvers
[164.083s] -- Installing: /home/sazma/ws_future/install/moveit_task_constructor_core/include/moveit/task_constructor/solvers/multi_planner.h
[164.083s] -- Installing: /home/sazma/ws_future/install/moveit_task_constructor_core/include/moveit/task_constructor/solvers/cartesian_path.h
[164.083s] -- Installing: /home/sazma/ws_future/install/moveit_task_constructor_core/include/moveit/task_constructor/solvers/planner_interface.h
[164.084s] -- Installing: /home/sazma/ws_future/install/moveit_task_constructor_core/include/moveit/task_constructor/solvers/pipeline_planner.h
[164.084s] -- Installing: /home/sazma/ws_future/install/moveit_task_constructor_core/include/moveit/task_constructor/solvers/joint_interpolation.h
[164.084s] -- Installing: /home/sazma/ws_future/install/moveit_task_constructor_core/include/moveit/task_constructor/stage.h
[164.084s] -- Installing: /home/sazma/ws_future/install/moveit_task_constructor_core/include/moveit/task_constructor/utils.h
[164.084s] -- Installing: /home/sazma/ws_future/install/moveit_task_constructor_core/include/moveit/task_constructor/merge.h
[164.084s] -- Installing: /home/sazma/ws_future/install/moveit_task_constructor_core/include/moveit/task_constructor/introspection.h
[164.085s] -- Installing: /home/sazma/ws_future/install/moveit_task_constructor_core/include/moveit/task_constructor/cost_queue.h
[164.085s] -- Installing: /home/sazma/ws_future/install/moveit_task_constructor_core/include/moveit/task_constructor/solvers.h
[164.085s] -- Installing: /home/sazma/ws_future/install/moveit_task_constructor_core/include/moveit/task_constructor/stages.h
[164.085s] -- Installing: /home/sazma/ws_future/install/moveit_task_constructor_core/include/moveit/task_constructor/properties.h
[164.085s] -- Installing: /home/sazma/ws_future/install/moveit_task_constructor_core/include/moveit/task_constructor/moveit_compat.h
[164.086s] -- Installing: /home/sazma/ws_future/install/moveit_task_constructor_core/share/moveit_task_constructor_core/motion_planning_stages_plugin_description.xml
[164.086s] -- Installing: /home/sazma/ws_future/install/moveit_task_constructor_core/share/moveit_task_constructor_core/environment/library_path.sh
[164.086s] -- Installing: /home/sazma/ws_future/install/moveit_task_constructor_core/share/moveit_task_constructor_core/environment/library_path.dsv
[164.087s] -- Installing: /home/sazma/ws_future/install/moveit_task_constructor_core/share/ament_index/resource_index/package_run_dependencies/moveit_task_constructor_core
[164.087s] -- Installing: /home/sazma/ws_future/install/moveit_task_constructor_core/share/ament_index/resource_index/parent_prefix_path/moveit_task_constructor_core
[164.088s] -- Installing: /home/sazma/ws_future/install/moveit_task_constructor_core/share/moveit_task_constructor_core/environment/ament_prefix_path.sh
[164.088s] -- Installing: /home/sazma/ws_future/install/moveit_task_constructor_core/share/moveit_task_constructor_core/environment/ament_prefix_path.dsv
[164.089s] -- Installing: /home/sazma/ws_future/install/moveit_task_constructor_core/share/moveit_task_constructor_core/environment/path.sh
[164.089s] -- Installing: /home/sazma/ws_future/install/moveit_task_constructor_core/share/moveit_task_constructor_core/environment/path.dsv
[164.090s] -- Installing: /home/sazma/ws_future/install/moveit_task_constructor_core/share/moveit_task_constructor_core/local_setup.bash
[164.090s] -- Installing: /home/sazma/ws_future/install/moveit_task_constructor_core/share/moveit_task_constructor_core/local_setup.sh
[164.090s] -- Installing: /home/sazma/ws_future/install/moveit_task_constructor_core/share/moveit_task_constructor_core/local_setup.zsh
[164.090s] -- Installing: /home/sazma/ws_future/install/moveit_task_constructor_core/share/moveit_task_constructor_core/local_setup.dsv
[164.091s] -- Installing: /home/sazma/ws_future/install/moveit_task_constructor_core/share/moveit_task_constructor_core/package.dsv
[164.094s] -- Installing: /home/sazma/ws_future/install/moveit_task_constructor_core/share/ament_index/resource_index/packages/moveit_task_constructor_core
[164.094s] -- Installing: /home/sazma/ws_future/install/moveit_task_constructor_core/share/ament_index/resource_index/moveit_task_constructor_core__pluginlib__plugin/moveit_task_constructor_core
[164.095s] -- Installing: /home/sazma/ws_future/install/moveit_task_constructor_core/share/moveit_task_constructor_core/cmake/moveit_task_constructor_coreTargetsExport.cmake
[164.095s] -- Installing: /home/sazma/ws_future/install/moveit_task_constructor_core/share/moveit_task_constructor_core/cmake/moveit_task_constructor_coreTargetsExport-release.cmake
[164.095s] -- Installing: /home/sazma/ws_future/install/moveit_task_constructor_core/share/moveit_task_constructor_core/cmake/ament_cmake_export_targets-extras.cmake
[164.095s] -- Installing: /home/sazma/ws_future/install/moveit_task_constructor_core/share/moveit_task_constructor_core/cmake/ament_cmake_export_dependencies-extras.cmake
[164.095s] -- Installing: /home/sazma/ws_future/install/moveit_task_constructor_core/share/moveit_task_constructor_core/cmake/moveit_task_constructor_coreConfig.cmake
[164.095s] -- Installing: /home/sazma/ws_future/install/moveit_task_constructor_core/share/moveit_task_constructor_core/cmake/moveit_task_constructor_coreConfig-version.cmake
[164.095s] -- Installing: /home/sazma/ws_future/install/moveit_task_constructor_core/share/moveit_task_constructor_core/package.xml
[164.096s] -- Installing: /home/sazma/ws_future/install/moveit_task_constructor_core/lib/libmoveit_task_constructor_core.so
[164.096s] -- Set runtime path of "/home/sazma/ws_future/install/moveit_task_constructor_core/lib/libmoveit_task_constructor_core.so" to ""
[164.096s] -- Installing: /home/sazma/ws_future/install/moveit_task_constructor_core/lib/libmoveit_task_constructor_core_stages.so
[164.097s] -- Set runtime path of "/home/sazma/ws_future/install/moveit_task_constructor_core/lib/libmoveit_task_constructor_core_stages.so" to ""
[164.097s] -- Installing: /home/sazma/ws_future/install/moveit_task_constructor_core/lib/libmoveit_task_constructor_core_stage_plugins.so
[164.097s] -- Set runtime path of "/home/sazma/ws_future/install/moveit_task_constructor_core/lib/libmoveit_task_constructor_core_stage_plugins.so" to ""
[164.118s] Invoked command in '/home/sazma/ws_future/build/moveit_task_constructor_core' returned '0': AMENT_PREFIX_PATH=/home/sazma/ws_future/install/moveit_planners:/home/sazma/ws_future/install/pilz_industrial_motion_planner:/home/sazma/ws_future/install/moveit_ros_planning_interface:/home/sazma/ws_future/install/moveit_ros_move_group:/home/sazma/ws_future/install/moveit_ros_warehouse:/home/sazma/ws_future/install/moveit_planners_ompl:/home/sazma/ws_future/install/moveit_kinematics:/home/sazma/ws_future/install/moveit_ros_planning:/home/sazma/ws_future/install/moveit_ros_occupancy_map_monitor:/home/sazma/ws_future/install/moveit_planners_stomp:/home/sazma/ws_future/install/moveit_core:/home/sazma/ws_future/install/rviz_marker_tools:/home/sazma/ws_future/install/moveit_task_constructor_msgs:/home/sazma/ws_future/install/moveit_msgs:/home/sazma/ws_future/install/moveit_configs_utils:/home/sazma/ws_future/install/moveit_common:${AMENT_PREFIX_PATH} CMAKE_PREFIX_PATH=/home/sazma/ws_future/install/moveit_planners:/home/sazma/ws_future/install/pilz_industrial_motion_planner:/home/sazma/ws_future/install/moveit_ros_planning_interface:/home/sazma/ws_future/install/moveit_ros_move_group:/home/sazma/ws_future/install/moveit_ros_warehouse:/home/sazma/ws_future/install/moveit_planners_ompl:/home/sazma/ws_future/install/moveit_kinematics:/home/sazma/ws_future/install/moveit_ros_planning:/home/sazma/ws_future/install/moveit_ros_occupancy_map_monitor:/home/sazma/ws_future/install/moveit_planners_stomp:/home/sazma/ws_future/install/moveit_core:/home/sazma/ws_future/install/rviz_marker_tools:/home/sazma/ws_future/install/moveit_task_constructor_msgs:/home/sazma/ws_future/install/moveit_msgs:/home/sazma/ws_future/install/moveit_common:/home/sazma/ws_future/install/ui_for_debug_and_demo:/home/sazma/ws_future/install/tm_driver:/home/sazma/ws_future/install/demo:/home/sazma/ws_future/install/tm_msgs:/home/sazma/ws_future/install/tm_moveit_cpp_demo:/home/sazma/ws_future/install/tm_moveit_config_tm5x-900:/home/sazma/ws_future/install/tm_moveit_config_tm5x-700:/home/sazma/ws_future/install/tm_moveit_config_tm5-900:/home/sazma/ws_future/install/tm_moveit_config_tm5-700:/home/sazma/ws_future/install/tm_moveit_config_tm14x:/home/sazma/ws_future/install/tm_moveit_config_tm14:/home/sazma/ws_future/install/tm_moveit_config_tm12x:/home/sazma/ws_future/install/tm_moveit_config_tm12:/home/sazma/ws_future/install/tm_description:/home/sazma/ws_future/install/custom_package:/home/sazma/ws_future/install/techman_robot_msgs:/home/sazma/ws_tm/install/ui_for_debug_and_demo:/home/sazma/ws_tm/install/tm_driver:/home/sazma/ws_tm/install/demo:/home/sazma/ws_tm/install/tm_msgs:/home/sazma/ws_tm/install/tm_moveit_cpp_demo:/home/sazma/ws_tm/install/tm_moveit_config_tm5x-900:/home/sazma/ws_tm/install/tm_moveit_config_tm5x-700:/home/sazma/ws_tm/install/tm_moveit_config_tm5-900:/home/sazma/ws_tm/install/tm_moveit_config_tm5-700:/home/sazma/ws_tm/install/tm_moveit_config_tm14x:/home/sazma/ws_tm/install/tm_moveit_config_tm14:/home/sazma/ws_tm/install/tm_moveit_config_tm12x:/home/sazma/ws_tm/install/tm_moveit_config_tm12:/home/sazma/ws_tm/install/tm_description:/home/sazma/ws_tm/install/custom_package:/home/sazma/ws_tm/install/techman_robot_msgs:/home/sazma/ws_future/install/tm_mod_urdf:/home/sazma/ws_future/install/tm_get_status:/home/sazma/ws_tm/install/tm_mod_urdf:/home/sazma/ws_tm/install/tm_get_status:/opt/ros/humble LD_LIBRARY_PATH=/home/sazma/ws_future/install/pilz_industrial_motion_planner/lib:/home/sazma/ws_future/install/moveit_ros_planning_interface/lib:/home/sazma/ws_future/install/moveit_ros_move_group/lib:/home/sazma/ws_future/install/moveit_ros_warehouse/lib:/home/sazma/ws_future/install/moveit_planners_ompl/lib:/home/sazma/ws_future/install/moveit_kinematics/lib:/home/sazma/ws_future/install/moveit_ros_planning/lib:/home/sazma/ws_future/install/moveit_ros_occupancy_map_monitor/lib:/home/sazma/ws_future/install/moveit_planners_stomp/lib:/home/sazma/ws_future/install/moveit_core/lib:/home/sazma/ws_future/install/rviz_marker_tools/lib:/home/sazma/ws_future/install/moveit_task_constructor_msgs/lib:/home/sazma/ws_future/install/moveit_msgs/lib:${LD_LIBRARY_PATH} PATH=/home/sazma/ws_future/install/moveit_core/bin:${PATH} PYTHONPATH=/home/sazma/ws_future/install/moveit_task_constructor_msgs/local/lib/python3.10/dist-packages:/home/sazma/ws_future/install/moveit_msgs/local/lib/python3.10/dist-packages:/home/sazma/ws_future/install/moveit_configs_utils/lib/python3.10/site-packages:${PYTHONPATH} /usr/bin/cmake --install /home/sazma/ws_future/build/moveit_task_constructor_core
