-- Found ament_cmake: 1.3.5 (/opt/ros/humble/share/ament_cmake/cmake)
-- Found rclcpp: 16.0.6 (/opt/ros/humble/share/rclcpp/cmake)
-- Found rosidl_generator_c: 3.1.5 (/opt/ros/humble/share/rosidl_generator_c/cmake)
-- Found rosidl_adapter: 3.1.5 (/opt/ros/humble/share/rosidl_adapter/cmake)
-- Found rosidl_generator_cpp: 3.1.5 (/opt/ros/humble/share/rosidl_generator_cpp/cmake)
-- Using all available rosidl_typesupport_c: rosidl_typesupport_fastrtps_c;rosidl_typesupport_introspection_c
-- Using all available rosidl_typesupport_cpp: rosidl_typesupport_fastrtps_cpp;rosidl_typesupport_introspection_cpp
-- Found rmw_implementation_cmake: 6.1.1 (/opt/ros/humble/share/rmw_implementation_cmake/cmake)
-- Found rmw_fastrtps_cpp: 6.2.4 (/opt/ros/humble/share/rmw_fastrtps_cpp/cmake)
-- Using RMW implementation 'rmw_fastrtps_cpp' as default
-- Found sensor_msgs: 4.2.3 (/opt/ros/humble/share/sensor_msgs/cmake)
-- Found tm_msgs: 1.1.2 (/home/sazma/ws_future/install/tm_msgs/share/tm_msgs/cmake)
-- Found msg_store: 0.0.0 (/home/sazma/ws_future/install/msg_store/share/msg_store/cmake)
-- Found ament_lint_auto: 0.12.8 (/opt/ros/humble/share/ament_lint_auto/cmake)
-- Added test 'copyright' to check source files copyright and LICENSE
-- Added test 'cppcheck' to perform static code analysis on C / C++ code
-- Configured cppcheck include dirs: /home/sazma/ws_future/src/tmr_ros2/demo/include
-- Configured cppcheck exclude dirs and/or files: 
-- Added test 'cpplint' to check C / C++ code against the Google style
-- Configured cpplint exclude dirs and/or files: 
-- Added test 'lint_cmake' to check CMake code style
-- Added test 'uncrustify' to check C / C++ code style
-- Configured uncrustify additional arguments: 
-- Added test 'xmllint' to check XML markup files
-- Configuring done
-- Generating done
-- Build files have been written to: /home/sazma/ws_future/build/demo
[35m[1mConsolidate compiler generated dependencies of target demo_set_event[0m
[35m[1mConsolidate compiler generated dependencies of target demo_send_script[0m
[35m[1mConsolidate compiler generated dependencies of target demo_get_and_control[0m
[35m[1mConsolidate compiler generated dependencies of target demo_set_io[0m
[35m[1mConsolidate compiler generated dependencies of target demo_keycontrol[0m
[35m[1mConsolidate compiler generated dependencies of target demo_connect_tm[0m
[35m[1mConsolidate compiler generated dependencies of target demo_keyboard_control[0m
[35m[1mConsolidate compiler generated dependencies of target demo_set_positions[0m
[35m[1mConsolidate compiler generated dependencies of target demo_write_item[0m
[35m[1mConsolidate compiler generated dependencies of target demo_ask_item[0m
[35m[1mConsolidate compiler generated dependencies of target demo_ask_sta[0m
[  2%] [32mBuilding CXX object CMakeFiles/listener.dir/src/demo_subscriber.cpp.o[0m
[  8%] Built target demo_send_script
[ 33%] Built target demo_set_event
[ 36%] Built target demo_get_and_control
[ 36%] Built target demo_keycontrol
[ 36%] Built target demo_set_positions
[ 36%] Built target demo_keyboard_control
[ 41%] Built target demo_set_io
[ 52%] Built target demo_ask_item
[ 52%] Built target demo_write_item
[ 58%] Built target demo_connect_tm
[ 63%] Built target demo_ask_sta
[35m[1mConsolidate compiler generated dependencies of target demo_get_torque_feedback[0m
[35m[1mConsolidate compiler generated dependencies of target demo_get_feedback[0m
[35m[1mConsolidate compiler generated dependencies of target demo_get_sta_response[0m
[35m[1mConsolidate compiler generated dependencies of target demo_leave_listen_node[0m
[35m[1mConsolidate compiler generated dependencies of target demo_get_sct_response[0m
[35m[1mConsolidate compiler generated dependencies of target demo_get_svr_response[0m
[ 80%] Built target demo_get_sct_response
[ 80%] Built target demo_get_feedback
[ 80%] Built target demo_get_torque_feedback
[ 86%] Built target demo_leave_listen_node
[ 91%] Built target demo_get_sta_response
[ 97%] Built target demo_get_svr_response
In file included from [01m[K/opt/ros/humble/include/rclcpp/rclcpp/logging.hpp:24[m[K,
                 from [01m[K/opt/ros/humble/include/rclcpp/rclcpp/client.hpp:40[m[K,
                 from [01m[K/opt/ros/humble/include/rclcpp/rclcpp/callback_group.hpp:24[m[K,
                 from [01m[K/opt/ros/humble/include/rclcpp/rclcpp/any_executable.hpp:20[m[K,
                 from [01m[K/opt/ros/humble/include/rclcpp/rclcpp/memory_strategy.hpp:25[m[K,
                 from [01m[K/opt/ros/humble/include/rclcpp/rclcpp/memory_strategies.hpp:18[m[K,
                 from [01m[K/opt/ros/humble/include/rclcpp/rclcpp/executor_options.hpp:20[m[K,
                 from [01m[K/opt/ros/humble/include/rclcpp/rclcpp/executor.hpp:37[m[K,
                 from [01m[K/opt/ros/humble/include/rclcpp/rclcpp/executors/multi_threaded_executor.hpp:25[m[K,
                 from [01m[K/opt/ros/humble/include/rclcpp/rclcpp/executors.hpp:21[m[K,
                 from [01m[K/opt/ros/humble/include/rclcpp/rclcpp/rclcpp.hpp:155[m[K,
                 from [01m[K/home/sazma/ws_future/src/tmr_ros2/demo/src/demo_subscriber.cpp:2[m[K:
[01m[K/home/sazma/ws_future/src/tmr_ros2/demo/src/demo_subscriber.cpp:[m[K In member function ‘[01m[Kvoid MinimalSubscriber::topic_callback(const Mpu&) const[m[K’:
[01m[K/home/sazma/ws_future/src/tmr_ros2/demo/src/demo_subscriber.cpp:21:24:[m[K [01;31m[Kerror: [m[Kbase operand of ‘[01m[K->[m[K’ has non-pointer type ‘[01m[Kconst Mpu[m[K’ {aka ‘[01m[Kconst msg_store::msg::Mpu_<std::allocator<void> >[m[K’}
   21 |                     msg[01;31m[K->[m[Kdx, msg->dy, msg->dz, msg->dtx, msg->dty, msg->dtz);
      |                        [01;31m[K^~[m[K
[01m[K/home/sazma/ws_future/src/tmr_ros2/demo/src/demo_subscriber.cpp:21:33:[m[K [01;31m[Kerror: [m[Kbase operand of ‘[01m[K->[m[K’ has non-pointer type ‘[01m[Kconst Mpu[m[K’ {aka ‘[01m[Kconst msg_store::msg::Mpu_<std::allocator<void> >[m[K’}
   21 |                     msg->dx, msg[01;31m[K->[m[Kdy, msg->dz, msg->dtx, msg->dty, msg->dtz);
      |                                 [01;31m[K^~[m[K
[01m[K/home/sazma/ws_future/src/tmr_ros2/demo/src/demo_subscriber.cpp:21:42:[m[K [01;31m[Kerror: [m[Kbase operand of ‘[01m[K->[m[K’ has non-pointer type ‘[01m[Kconst Mpu[m[K’ {aka ‘[01m[Kconst msg_store::msg::Mpu_<std::allocator<void> >[m[K’}
   21 |                     msg->dx, msg->dy, msg[01;31m[K->[m[Kdz, msg->dtx, msg->dty, msg->dtz);
      |                                          [01;31m[K^~[m[K
[01m[K/home/sazma/ws_future/src/tmr_ros2/demo/src/demo_subscriber.cpp:21:51:[m[K [01;31m[Kerror: [m[Kbase operand of ‘[01m[K->[m[K’ has non-pointer type ‘[01m[Kconst Mpu[m[K’ {aka ‘[01m[Kconst msg_store::msg::Mpu_<std::allocator<void> >[m[K’}
   21 |                     msg->dx, msg->dy, msg->dz, msg[01;31m[K->[m[Kdtx, msg->dty, msg->dtz);
      |                                                   [01;31m[K^~[m[K
[01m[K/home/sazma/ws_future/src/tmr_ros2/demo/src/demo_subscriber.cpp:21:61:[m[K [01;31m[Kerror: [m[Kbase operand of ‘[01m[K->[m[K’ has non-pointer type ‘[01m[Kconst Mpu[m[K’ {aka ‘[01m[Kconst msg_store::msg::Mpu_<std::allocator<void> >[m[K’}
   21 |                     msg->dx, msg->dy, msg->dz, msg->dtx, msg[01;31m[K->[m[Kdty, msg->dtz);
      |                                                             [01;31m[K^~[m[K
[01m[K/home/sazma/ws_future/src/tmr_ros2/demo/src/demo_subscriber.cpp:21:71:[m[K [01;31m[Kerror: [m[Kbase operand of ‘[01m[K->[m[K’ has non-pointer type ‘[01m[Kconst Mpu[m[K’ {aka ‘[01m[Kconst msg_store::msg::Mpu_<std::allocator<void> >[m[K’}
   21 |               msg->dx, msg->dy, msg->dz, msg->dtx, msg->dty, msg[01;31m[K->[m[Kdtz);
      |                                                                 [01;31m[K^~[m[K

gmake[2]: *** [CMakeFiles/listener.dir/build.make:76: CMakeFiles/listener.dir/src/demo_subscriber.cpp.o] Error 1
gmake[1]: *** [CMakeFiles/Makefile2:171: CMakeFiles/listener.dir/all] Error 2
gmake: *** [Makefile:146: all] Error 2
