[0.102s] Invoking command in '/home/sazma/ws_future/build/demo': CMAKE_PREFIX_PATH=/home/sazma/ws_future/install/tm_msgs:/home/sazma/ws_future/install/msg_store:/home/sazma/ws_future/install/ui_for_debug_and_demo:/home/sazma/ws_future/install/tutorial_interfaces:/home/sazma/ws_future/install/tm_driver:/home/sazma/ws_future/install/demo:/home/sazma/ws_future/install/tm_moveit_cpp_demo:/home/sazma/ws_future/install/tm_moveit_config_tm5x-900:/home/sazma/ws_future/install/tm_moveit_config_tm5x-700:/home/sazma/ws_future/install/tm_moveit_config_tm5-900:/home/sazma/ws_future/install/tm_moveit_config_tm5-700:/home/sazma/ws_future/install/tm_moveit_config_tm14x:/home/sazma/ws_future/install/tm_moveit_config_tm14:/home/sazma/ws_future/install/tm_moveit_config_tm12x:/home/sazma/ws_future/install/tm_moveit_config_tm12:/home/sazma/ws_future/install/demo_tmr5_900:/home/sazma/ws_future/install/tm_description:/home/sazma/ws_future/install/custom_package:/home/sazma/ws_future/install/techman_robot_msgs:/home/sazma/ws_future/install/moveit2_tutorials:/home/sazma/ws_future/install/moveit_visual_tools:/home/sazma/ws_future/install/rviz_visual_tools:/home/sazma/ws_future/install/moveit_task_constructor_visualization:/home/sazma/ws_future/install/moveit_task_constructor_demo:/home/sazma/ws_future/install/moveit_task_constructor_capabilities:/home/sazma/ws_future/install/moveit_task_constructor_core:/home/sazma/ws_future/install/rviz_marker_tools:/home/sazma/ws_future/install/pilz_industrial_motion_planner_testutils:/home/sazma/ws_future/install/moveit_runtime:/home/sazma/ws_future/install/moveit:/home/sazma/ws_future/install/kinova_gen3_7dof_robotiq_2f_85_moveit_config:/home/sazma/ws_future/install/kinova_gen3_6dof_robotiq_2f_85_moveit_config:/home/sazma/ws_future/install/moveit_planners:/home/sazma/ws_future/install/pilz_industrial_motion_planner:/home/sazma/ws_future/install/pick_ik:/home/sazma/ws_future/install/moveit_task_constructor_msgs:/home/sazma/ws_future/install/moveit_ros_control_interface:/home/sazma/ws_future/install/moveit_plugins:/home/sazma/ws_future/install/moveit_simple_controller_manager:/home/sazma/ws_future/install/moveit_setup_assistant:/home/sazma/ws_future/install/moveit_setup_srdf_plugins:/home/sazma/ws_future/install/moveit_setup_core_plugins:/home/sazma/ws_future/install/moveit_setup_controllers:/home/sazma/ws_future/install/moveit_setup_app_plugins:/home/sazma/ws_future/install/moveit_setup_framework:/home/sazma/ws_future/install/moveit_servo:/home/sazma/ws_future/install/moveit_ros:/home/sazma/ws_future/install/moveit_ros_visualization:/home/sazma/ws_future/install/moveit_py:/home/sazma/ws_future/install/moveit_hybrid_planning:/home/sazma/ws_future/install/moveit_ros_planning_interface:/home/sazma/ws_future/install/moveit_ros_benchmarks:/home/sazma/ws_future/install/moveit_ros_warehouse:/home/sazma/ws_future/install/moveit_ros_robot_interaction:/home/sazma/ws_future/install/moveit_ros_perception:/home/sazma/ws_future/install/moveit_resources_prbt_pg70_support:/home/sazma/ws_future/install/moveit_resources_prbt_moveit_config:/home/sazma/ws_future/install/moveit_ros_move_group:/home/sazma/ws_future/install/moveit_planners_ompl:/home/sazma/ws_future/install/moveit_kinematics:/home/sazma/ws_future/install/moveit_ros_planning:/home/sazma/ws_future/install/moveit_ros_occupancy_map_monitor:/home/sazma/ws_future/install/moveit_resources_prbt_support:/home/sazma/ws_future/install/moveit_resources_prbt_ikfast_manipulator_plugin:/home/sazma/ws_future/install/moveit_resources:/home/sazma/ws_future/install/moveit_resources_pr2_description:/home/sazma/ws_future/install/moveit_resources_panda_moveit_config:/home/sazma/ws_future/install/dual_arm_panda_moveit_config:/home/sazma/ws_future/install/moveit_resources_panda_description:/home/sazma/ws_future/install/moveit_resources_fanuc_moveit_config:/home/sazma/ws_future/install/moveit_resources_fanuc_description:/home/sazma/ws_future/install/moveit_planners_stomp:/home/sazma/ws_future/install/moveit_planners_chomp:/home/sazma/ws_future/install/moveit_chomp_optimizer_adapter:/home/sazma/ws_future/install/chomp_motion_planner:/home/sazma/ws_future/install/moveit_core:/home/sazma/ws_future/install/moveit_msgs:/home/sazma/ws_future/install/moveit_common:/home/sazma/ws_future/install/kortex_bringup:/home/sazma/ws_future/install/kortex_driver:/home/sazma/ws_future/install/kortex_description:/home/sazma/ws_future/install/kortex_api:/home/sazma/ws_future/install/cpp_pubsub:/home/sazma/tm5_900_ws/install/demo_tmr5_900:/home/sazma/ws_future/install/tm_mod_urdf:/home/sazma/ws_future/install/tm_get_status:/home/sazma/ws_future/install/py_pubsub:/home/sazma/ws_future/install/mpu_6050:/home/sazma/ws_future/install/moveit_configs_utils:/opt/ros/humble LD_LIBRARY_PATH=/home/sazma/ws_future/install/tm_msgs/lib:/home/sazma/ws_future/install/msg_store/lib:/home/sazma/ws_future/install/tutorial_interfaces/lib:/home/sazma/ws_future/install/techman_robot_msgs/lib:/home/sazma/ws_future/install/moveit_visual_tools/lib:/home/sazma/ws_future/install/rviz_visual_tools/lib:/home/sazma/ws_future/install/moveit_task_constructor_visualization/lib:/home/sazma/ws_future/install/moveit_task_constructor_demo/lib:/home/sazma/ws_future/install/moveit_task_constructor_capabilities/lib:/home/sazma/ws_future/install/moveit_task_constructor_core/lib:/home/sazma/ws_future/install/rviz_marker_tools/lib:/home/sazma/ws_future/install/pilz_industrial_motion_planner_testutils/lib:/home/sazma/ws_future/install/pilz_industrial_motion_planner/lib:/home/sazma/ws_future/install/pick_ik/lib:/home/sazma/ws_future/install/moveit_task_constructor_msgs/lib:/home/sazma/ws_future/install/moveit_ros_control_interface/lib:/home/sazma/ws_future/install/moveit_simple_controller_manager/lib:/home/sazma/ws_future/install/moveit_setup_assistant/lib:/home/sazma/ws_future/install/moveit_setup_srdf_plugins/lib:/home/sazma/ws_future/install/moveit_setup_core_plugins/lib:/home/sazma/ws_future/install/moveit_setup_controllers/lib:/home/sazma/ws_future/install/moveit_setup_app_plugins/lib:/home/sazma/ws_future/install/moveit_setup_framework/lib:/home/sazma/ws_future/install/moveit_servo/lib:/home/sazma/ws_future/install/moveit_ros_visualization/lib:/home/sazma/ws_future/install/moveit_py/lib:/home/sazma/ws_future/install/moveit_hybrid_planning/lib:/home/sazma/ws_future/install/moveit_ros_planning_interface/lib:/home/sazma/ws_future/install/moveit_ros_benchmarks/lib:/home/sazma/ws_future/install/moveit_ros_warehouse/lib:/home/sazma/ws_future/install/moveit_ros_robot_interaction/lib:/home/sazma/ws_future/install/moveit_ros_perception/lib:/home/sazma/ws_future/install/moveit_ros_move_group/lib:/home/sazma/ws_future/install/moveit_planners_ompl/lib:/home/sazma/ws_future/install/moveit_kinematics/lib:/home/sazma/ws_future/install/moveit_ros_planning/lib:/home/sazma/ws_future/install/moveit_ros_occupancy_map_monitor/lib:/home/sazma/ws_future/install/moveit_resources_prbt_ikfast_manipulator_plugin/lib:/home/sazma/ws_future/install/moveit_planners_stomp/lib:/home/sazma/ws_future/install/moveit_planners_chomp/lib:/home/sazma/ws_future/install/moveit_chomp_optimizer_adapter/lib:/home/sazma/ws_future/install/chomp_motion_planner/lib:/home/sazma/ws_future/install/moveit_core/lib:/home/sazma/ws_future/install/moveit_msgs/lib:/home/sazma/ws_future/install/kortex_driver/lib:/opt/ros/humble/opt/rviz_ogre_vendor/lib:/opt/ros/humble/lib/x86_64-linux-gnu:/opt/ros/humble/lib /usr/bin/cmake --build /home/sazma/ws_future/build/demo -- -j12 -l12
[0.129s] -- Found ament_cmake: 1.3.5 (/opt/ros/humble/share/ament_cmake/cmake)
[0.272s] -- Found rclcpp: 16.0.6 (/opt/ros/humble/share/rclcpp/cmake)
[0.299s] -- Found rosidl_generator_c: 3.1.5 (/opt/ros/humble/share/rosidl_generator_c/cmake)
[0.302s] -- Found rosidl_adapter: 3.1.5 (/opt/ros/humble/share/rosidl_adapter/cmake)
[0.307s] -- Found rosidl_generator_cpp: 3.1.5 (/opt/ros/humble/share/rosidl_generator_cpp/cmake)
[0.321s] -- Using all available rosidl_typesupport_c: rosidl_typesupport_fastrtps_c;rosidl_typesupport_introspection_c
[0.340s] -- Using all available rosidl_typesupport_cpp: rosidl_typesupport_fastrtps_cpp;rosidl_typesupport_introspection_cpp
[0.399s] -- Found rmw_implementation_cmake: 6.1.1 (/opt/ros/humble/share/rmw_implementation_cmake/cmake)
[0.404s] -- Found rmw_fastrtps_cpp: 6.2.4 (/opt/ros/humble/share/rmw_fastrtps_cpp/cmake)
[0.535s] -- Using RMW implementation 'rmw_fastrtps_cpp' as default
[0.692s] -- Found sensor_msgs: 4.2.3 (/opt/ros/humble/share/sensor_msgs/cmake)
[0.819s] -- Found tm_msgs: 1.1.2 (/home/sazma/ws_future/install/tm_msgs/share/tm_msgs/cmake)
[0.861s] -- Found msg_store: 0.0.0 (/home/sazma/ws_future/install/msg_store/share/msg_store/cmake)
[0.915s] -- Found ament_lint_auto: 0.12.8 (/opt/ros/humble/share/ament_lint_auto/cmake)
[1.148s] -- Added test 'copyright' to check source files copyright and LICENSE
[1.149s] -- Added test 'cppcheck' to perform static code analysis on C / C++ code
[1.150s] -- Configured cppcheck include dirs: /home/sazma/ws_future/src/tmr_ros2/demo/include
[1.150s] -- Configured cppcheck exclude dirs and/or files: 
[1.151s] -- Added test 'cpplint' to check C / C++ code against the Google style
[1.151s] -- Configured cpplint exclude dirs and/or files: 
[1.151s] -- Added test 'lint_cmake' to check CMake code style
[1.152s] -- Added test 'uncrustify' to check C / C++ code style
[1.152s] -- Configured uncrustify additional arguments: 
[1.152s] -- Added test 'xmllint' to check XML markup files
[1.153s] -- Configuring done
[1.208s] -- Generating done
[1.211s] -- Build files have been written to: /home/sazma/ws_future/build/demo
[1.249s] [35m[1mConsolidate compiler generated dependencies of target demo_set_event[0m
[1.249s] [35m[1mConsolidate compiler generated dependencies of target demo_send_script[0m
[1.249s] [35m[1mConsolidate compiler generated dependencies of target demo_get_and_control[0m
[1.249s] [35m[1mConsolidate compiler generated dependencies of target demo_set_io[0m
[1.249s] [35m[1mConsolidate compiler generated dependencies of target demo_keycontrol[0m
[1.249s] [35m[1mConsolidate compiler generated dependencies of target demo_connect_tm[0m
[1.250s] [35m[1mConsolidate compiler generated dependencies of target demo_keyboard_control[0m
[1.250s] [35m[1mConsolidate compiler generated dependencies of target demo_set_positions[0m
[1.250s] [35m[1mConsolidate compiler generated dependencies of target demo_write_item[0m
[1.250s] [35m[1mConsolidate compiler generated dependencies of target demo_ask_item[0m
[1.250s] [35m[1mConsolidate compiler generated dependencies of target demo_ask_sta[0m
[1.271s] [  2%] [32mBuilding CXX object CMakeFiles/listener.dir/src/demo_subscriber.cpp.o[0m
[1.278s] [  8%] Built target demo_send_script
[1.278s] [ 33%] Built target demo_set_event
[1.278s] [ 36%] Built target demo_get_and_control
[1.278s] [ 36%] Built target demo_keycontrol
[1.278s] [ 36%] Built target demo_set_positions
[1.278s] [ 36%] Built target demo_keyboard_control
[1.279s] [ 41%] Built target demo_set_io
[1.279s] [ 52%] Built target demo_ask_item
[1.279s] [ 52%] Built target demo_write_item
[1.279s] [ 58%] Built target demo_connect_tm
[1.279s] [ 63%] Built target demo_ask_sta
[1.292s] [35m[1mConsolidate compiler generated dependencies of target demo_get_torque_feedback[0m
[1.292s] [35m[1mConsolidate compiler generated dependencies of target demo_get_feedback[0m
[1.293s] [35m[1mConsolidate compiler generated dependencies of target demo_get_sta_response[0m
[1.293s] [35m[1mConsolidate compiler generated dependencies of target demo_leave_listen_node[0m
[1.294s] [35m[1mConsolidate compiler generated dependencies of target demo_get_sct_response[0m
[1.299s] [35m[1mConsolidate compiler generated dependencies of target demo_get_svr_response[0m
[1.312s] [ 80%] Built target demo_get_sct_response
[1.312s] [ 80%] Built target demo_get_feedback
[1.312s] [ 80%] Built target demo_get_torque_feedback
[1.316s] [ 86%] Built target demo_leave_listen_node
[1.316s] [ 91%] Built target demo_get_sta_response
[1.320s] [ 97%] Built target demo_get_svr_response
[3.363s] In file included from [01m[K/opt/ros/humble/include/rclcpp/rclcpp/logging.hpp:24[m[K,
[3.363s]                  from [01m[K/opt/ros/humble/include/rclcpp/rclcpp/client.hpp:40[m[K,
[3.363s]                  from [01m[K/opt/ros/humble/include/rclcpp/rclcpp/callback_group.hpp:24[m[K,
[3.363s]                  from [01m[K/opt/ros/humble/include/rclcpp/rclcpp/any_executable.hpp:20[m[K,
[3.363s]                  from [01m[K/opt/ros/humble/include/rclcpp/rclcpp/memory_strategy.hpp:25[m[K,
[3.363s]                  from [01m[K/opt/ros/humble/include/rclcpp/rclcpp/memory_strategies.hpp:18[m[K,
[3.363s]                  from [01m[K/opt/ros/humble/include/rclcpp/rclcpp/executor_options.hpp:20[m[K,
[3.363s]                  from [01m[K/opt/ros/humble/include/rclcpp/rclcpp/executor.hpp:37[m[K,
[3.364s]                  from [01m[K/opt/ros/humble/include/rclcpp/rclcpp/executors/multi_threaded_executor.hpp:25[m[K,
[3.364s]                  from [01m[K/opt/ros/humble/include/rclcpp/rclcpp/executors.hpp:21[m[K,
[3.364s]                  from [01m[K/opt/ros/humble/include/rclcpp/rclcpp/rclcpp.hpp:155[m[K,
[3.364s]                  from [01m[K/home/sazma/ws_future/src/tmr_ros2/demo/src/demo_subscriber.cpp:2[m[K:
[3.364s] [01m[K/home/sazma/ws_future/src/tmr_ros2/demo/src/demo_subscriber.cpp:[m[K In member function ‘[01m[Kvoid MinimalSubscriber::topic_callback(const Mpu&) const[m[K’:
[3.364s] [01m[K/home/sazma/ws_future/src/tmr_ros2/demo/src/demo_subscriber.cpp:21:24:[m[K [01;31m[Kerror: [m[Kbase operand of ‘[01m[K->[m[K’ has non-pointer type ‘[01m[Kconst Mpu[m[K’ {aka ‘[01m[Kconst msg_store::msg::Mpu_<std::allocator<void> >[m[K’}
[3.364s]    21 |                     msg[01;31m[K->[m[Kdx, msg->dy, msg->dz, msg->dtx, msg->dty, msg->dtz);
[3.364s]       |                        [01;31m[K^~[m[K
[3.364s] [01m[K/home/sazma/ws_future/src/tmr_ros2/demo/src/demo_subscriber.cpp:21:33:[m[K [01;31m[Kerror: [m[Kbase operand of ‘[01m[K->[m[K’ has non-pointer type ‘[01m[Kconst Mpu[m[K’ {aka ‘[01m[Kconst msg_store::msg::Mpu_<std::allocator<void> >[m[K’}
[3.364s]    21 |                     msg->dx, msg[01;31m[K->[m[Kdy, msg->dz, msg->dtx, msg->dty, msg->dtz);
[3.364s]       |                                 [01;31m[K^~[m[K
[3.364s] [01m[K/home/sazma/ws_future/src/tmr_ros2/demo/src/demo_subscriber.cpp:21:42:[m[K [01;31m[Kerror: [m[Kbase operand of ‘[01m[K->[m[K’ has non-pointer type ‘[01m[Kconst Mpu[m[K’ {aka ‘[01m[Kconst msg_store::msg::Mpu_<std::allocator<void> >[m[K’}
[3.364s]    21 |                     msg->dx, msg->dy, msg[01;31m[K->[m[Kdz, msg->dtx, msg->dty, msg->dtz);
[3.364s]       |                                          [01;31m[K^~[m[K
[3.364s] [01m[K/home/sazma/ws_future/src/tmr_ros2/demo/src/demo_subscriber.cpp:21:51:[m[K [01;31m[Kerror: [m[Kbase operand of ‘[01m[K->[m[K’ has non-pointer type ‘[01m[Kconst Mpu[m[K’ {aka ‘[01m[Kconst msg_store::msg::Mpu_<std::allocator<void> >[m[K’}
[3.364s]    21 |                     msg->dx, msg->dy, msg->dz, msg[01;31m[K->[m[Kdtx, msg->dty, msg->dtz);
[3.364s]       |                                                   [01;31m[K^~[m[K
[3.364s] [01m[K/home/sazma/ws_future/src/tmr_ros2/demo/src/demo_subscriber.cpp:21:61:[m[K [01;31m[Kerror: [m[Kbase operand of ‘[01m[K->[m[K’ has non-pointer type ‘[01m[Kconst Mpu[m[K’ {aka ‘[01m[Kconst msg_store::msg::Mpu_<std::allocator<void> >[m[K’}
[3.365s]    21 |                     msg->dx, msg->dy, msg->dz, msg->dtx, msg[01;31m[K->[m[Kdty, msg->dtz);
[3.365s]       |                                                             [01;31m[K^~[m[K
[3.365s] [01m[K/home/sazma/ws_future/src/tmr_ros2/demo/src/demo_subscriber.cpp:21:71:[m[K [01;31m[Kerror: [m[Kbase operand of ‘[01m[K->[m[K’ has non-pointer type ‘[01m[Kconst Mpu[m[K’ {aka ‘[01m[Kconst msg_store::msg::Mpu_<std::allocator<void> >[m[K’}
[3.365s]    21 |               msg->dx, msg->dy, msg->dz, msg->dtx, msg->dty, msg[01;31m[K->[m[Kdtz);
[3.365s]       |                                                                 [01;31m[K^~[m[K
[3.365s] 
[5.533s] gmake[2]: *** [CMakeFiles/listener.dir/build.make:76: CMakeFiles/listener.dir/src/demo_subscriber.cpp.o] Error 1
[5.533s] gmake[1]: *** [CMakeFiles/Makefile2:171: CMakeFiles/listener.dir/all] Error 2
[5.534s] gmake: *** [Makefile:146: all] Error 2
[5.536s] Invoked command in '/home/sazma/ws_future/build/demo' returned '2': CMAKE_PREFIX_PATH=/home/sazma/ws_future/install/tm_msgs:/home/sazma/ws_future/install/msg_store:/home/sazma/ws_future/install/ui_for_debug_and_demo:/home/sazma/ws_future/install/tutorial_interfaces:/home/sazma/ws_future/install/tm_driver:/home/sazma/ws_future/install/demo:/home/sazma/ws_future/install/tm_moveit_cpp_demo:/home/sazma/ws_future/install/tm_moveit_config_tm5x-900:/home/sazma/ws_future/install/tm_moveit_config_tm5x-700:/home/sazma/ws_future/install/tm_moveit_config_tm5-900:/home/sazma/ws_future/install/tm_moveit_config_tm5-700:/home/sazma/ws_future/install/tm_moveit_config_tm14x:/home/sazma/ws_future/install/tm_moveit_config_tm14:/home/sazma/ws_future/install/tm_moveit_config_tm12x:/home/sazma/ws_future/install/tm_moveit_config_tm12:/home/sazma/ws_future/install/demo_tmr5_900:/home/sazma/ws_future/install/tm_description:/home/sazma/ws_future/install/custom_package:/home/sazma/ws_future/install/techman_robot_msgs:/home/sazma/ws_future/install/moveit2_tutorials:/home/sazma/ws_future/install/moveit_visual_tools:/home/sazma/ws_future/install/rviz_visual_tools:/home/sazma/ws_future/install/moveit_task_constructor_visualization:/home/sazma/ws_future/install/moveit_task_constructor_demo:/home/sazma/ws_future/install/moveit_task_constructor_capabilities:/home/sazma/ws_future/install/moveit_task_constructor_core:/home/sazma/ws_future/install/rviz_marker_tools:/home/sazma/ws_future/install/pilz_industrial_motion_planner_testutils:/home/sazma/ws_future/install/moveit_runtime:/home/sazma/ws_future/install/moveit:/home/sazma/ws_future/install/kinova_gen3_7dof_robotiq_2f_85_moveit_config:/home/sazma/ws_future/install/kinova_gen3_6dof_robotiq_2f_85_moveit_config:/home/sazma/ws_future/install/moveit_planners:/home/sazma/ws_future/install/pilz_industrial_motion_planner:/home/sazma/ws_future/install/pick_ik:/home/sazma/ws_future/install/moveit_task_constructor_msgs:/home/sazma/ws_future/install/moveit_ros_control_interface:/home/sazma/ws_future/install/moveit_plugins:/home/sazma/ws_future/install/moveit_simple_controller_manager:/home/sazma/ws_future/install/moveit_setup_assistant:/home/sazma/ws_future/install/moveit_setup_srdf_plugins:/home/sazma/ws_future/install/moveit_setup_core_plugins:/home/sazma/ws_future/install/moveit_setup_controllers:/home/sazma/ws_future/install/moveit_setup_app_plugins:/home/sazma/ws_future/install/moveit_setup_framework:/home/sazma/ws_future/install/moveit_servo:/home/sazma/ws_future/install/moveit_ros:/home/sazma/ws_future/install/moveit_ros_visualization:/home/sazma/ws_future/install/moveit_py:/home/sazma/ws_future/install/moveit_hybrid_planning:/home/sazma/ws_future/install/moveit_ros_planning_interface:/home/sazma/ws_future/install/moveit_ros_benchmarks:/home/sazma/ws_future/install/moveit_ros_warehouse:/home/sazma/ws_future/install/moveit_ros_robot_interaction:/home/sazma/ws_future/install/moveit_ros_perception:/home/sazma/ws_future/install/moveit_resources_prbt_pg70_support:/home/sazma/ws_future/install/moveit_resources_prbt_moveit_config:/home/sazma/ws_future/install/moveit_ros_move_group:/home/sazma/ws_future/install/moveit_planners_ompl:/home/sazma/ws_future/install/moveit_kinematics:/home/sazma/ws_future/install/moveit_ros_planning:/home/sazma/ws_future/install/moveit_ros_occupancy_map_monitor:/home/sazma/ws_future/install/moveit_resources_prbt_support:/home/sazma/ws_future/install/moveit_resources_prbt_ikfast_manipulator_plugin:/home/sazma/ws_future/install/moveit_resources:/home/sazma/ws_future/install/moveit_resources_pr2_description:/home/sazma/ws_future/install/moveit_resources_panda_moveit_config:/home/sazma/ws_future/install/dual_arm_panda_moveit_config:/home/sazma/ws_future/install/moveit_resources_panda_description:/home/sazma/ws_future/install/moveit_resources_fanuc_moveit_config:/home/sazma/ws_future/install/moveit_resources_fanuc_description:/home/sazma/ws_future/install/moveit_planners_stomp:/home/sazma/ws_future/install/moveit_planners_chomp:/home/sazma/ws_future/install/moveit_chomp_optimizer_adapter:/home/sazma/ws_future/install/chomp_motion_planner:/home/sazma/ws_future/install/moveit_core:/home/sazma/ws_future/install/moveit_msgs:/home/sazma/ws_future/install/moveit_common:/home/sazma/ws_future/install/kortex_bringup:/home/sazma/ws_future/install/kortex_driver:/home/sazma/ws_future/install/kortex_description:/home/sazma/ws_future/install/kortex_api:/home/sazma/ws_future/install/cpp_pubsub:/home/sazma/tm5_900_ws/install/demo_tmr5_900:/home/sazma/ws_future/install/tm_mod_urdf:/home/sazma/ws_future/install/tm_get_status:/home/sazma/ws_future/install/py_pubsub:/home/sazma/ws_future/install/mpu_6050:/home/sazma/ws_future/install/moveit_configs_utils:/opt/ros/humble LD_LIBRARY_PATH=/home/sazma/ws_future/install/tm_msgs/lib:/home/sazma/ws_future/install/msg_store/lib:/home/sazma/ws_future/install/tutorial_interfaces/lib:/home/sazma/ws_future/install/techman_robot_msgs/lib:/home/sazma/ws_future/install/moveit_visual_tools/lib:/home/sazma/ws_future/install/rviz_visual_tools/lib:/home/sazma/ws_future/install/moveit_task_constructor_visualization/lib:/home/sazma/ws_future/install/moveit_task_constructor_demo/lib:/home/sazma/ws_future/install/moveit_task_constructor_capabilities/lib:/home/sazma/ws_future/install/moveit_task_constructor_core/lib:/home/sazma/ws_future/install/rviz_marker_tools/lib:/home/sazma/ws_future/install/pilz_industrial_motion_planner_testutils/lib:/home/sazma/ws_future/install/pilz_industrial_motion_planner/lib:/home/sazma/ws_future/install/pick_ik/lib:/home/sazma/ws_future/install/moveit_task_constructor_msgs/lib:/home/sazma/ws_future/install/moveit_ros_control_interface/lib:/home/sazma/ws_future/install/moveit_simple_controller_manager/lib:/home/sazma/ws_future/install/moveit_setup_assistant/lib:/home/sazma/ws_future/install/moveit_setup_srdf_plugins/lib:/home/sazma/ws_future/install/moveit_setup_core_plugins/lib:/home/sazma/ws_future/install/moveit_setup_controllers/lib:/home/sazma/ws_future/install/moveit_setup_app_plugins/lib:/home/sazma/ws_future/install/moveit_setup_framework/lib:/home/sazma/ws_future/install/moveit_servo/lib:/home/sazma/ws_future/install/moveit_ros_visualization/lib:/home/sazma/ws_future/install/moveit_py/lib:/home/sazma/ws_future/install/moveit_hybrid_planning/lib:/home/sazma/ws_future/install/moveit_ros_planning_interface/lib:/home/sazma/ws_future/install/moveit_ros_benchmarks/lib:/home/sazma/ws_future/install/moveit_ros_warehouse/lib:/home/sazma/ws_future/install/moveit_ros_robot_interaction/lib:/home/sazma/ws_future/install/moveit_ros_perception/lib:/home/sazma/ws_future/install/moveit_ros_move_group/lib:/home/sazma/ws_future/install/moveit_planners_ompl/lib:/home/sazma/ws_future/install/moveit_kinematics/lib:/home/sazma/ws_future/install/moveit_ros_planning/lib:/home/sazma/ws_future/install/moveit_ros_occupancy_map_monitor/lib:/home/sazma/ws_future/install/moveit_resources_prbt_ikfast_manipulator_plugin/lib:/home/sazma/ws_future/install/moveit_planners_stomp/lib:/home/sazma/ws_future/install/moveit_planners_chomp/lib:/home/sazma/ws_future/install/moveit_chomp_optimizer_adapter/lib:/home/sazma/ws_future/install/chomp_motion_planner/lib:/home/sazma/ws_future/install/moveit_core/lib:/home/sazma/ws_future/install/moveit_msgs/lib:/home/sazma/ws_future/install/kortex_driver/lib:/opt/ros/humble/opt/rviz_ogre_vendor/lib:/opt/ros/humble/lib/x86_64-linux-gnu:/opt/ros/humble/lib /usr/bin/cmake --build /home/sazma/ws_future/build/demo -- -j12 -l12
