[2.544s] Invoking command in '/home/sazma/ws_future/src/tmr_ros2/tm_mod_urdf': PYTHONPATH=/home/sazma/ws_future/build/tm_mod_urdf/prefix_override:/home/sazma/ws_future/install/tm_mod_urdf/lib/python3.10/site-packages:${PYTHONPATH} /usr/bin/python3 setup.py egg_info --egg-base ../../../build/tm_mod_urdf build --build-base /home/sazma/ws_future/build/tm_mod_urdf/build install --record /home/sazma/ws_future/build/tm_mod_urdf/install.log --single-version-externally-managed
[2.815s] running egg_info
[2.816s] writing ../../../build/tm_mod_urdf/tm_mod_urdf.egg-info/PKG-INFO
[2.816s] writing dependency_links to ../../../build/tm_mod_urdf/tm_mod_urdf.egg-info/dependency_links.txt
[2.816s] writing entry points to ../../../build/tm_mod_urdf/tm_mod_urdf.egg-info/entry_points.txt
[2.816s] writing requirements to ../../../build/tm_mod_urdf/tm_mod_urdf.egg-info/requires.txt
[2.817s] writing top-level names to ../../../build/tm_mod_urdf/tm_mod_urdf.egg-info/top_level.txt
[2.817s] reading manifest file '../../../build/tm_mod_urdf/tm_mod_urdf.egg-info/SOURCES.txt'
[2.817s] writing manifest file '../../../build/tm_mod_urdf/tm_mod_urdf.egg-info/SOURCES.txt'
[2.817s] running build
[2.818s] running build_py
[2.818s] running install
[2.818s] running install_lib
[2.818s] running install_data
[2.819s] running install_egg_info
[2.819s] removing '/home/sazma/ws_future/install/tm_mod_urdf/lib/python3.10/site-packages/tm_mod_urdf-1.0.0-py3.10.egg-info' (and everything under it)
[2.819s] Copying ../../../build/tm_mod_urdf/tm_mod_urdf.egg-info to /home/sazma/ws_future/install/tm_mod_urdf/lib/python3.10/site-packages/tm_mod_urdf-1.0.0-py3.10.egg-info
[2.819s] running install_scripts
[2.820s] /usr/lib/python3/dist-packages/setuptools/command/install.py:34: SetuptoolsDeprecationWarning: setup.py install is deprecated. Use build and pip and other standards-based tools.
[2.820s]   warnings.warn(
[2.821s] Installing modify_urdf script to /home/sazma/ws_future/install/tm_mod_urdf/lib/tm_mod_urdf
[2.821s] Installing modify_xacro script to /home/sazma/ws_future/install/tm_mod_urdf/lib/tm_mod_urdf
[2.821s] writing list of installed files to '/home/sazma/ws_future/build/tm_mod_urdf/install.log'
[3.269s] Invoked command in '/home/sazma/ws_future/src/tmr_ros2/tm_mod_urdf' returned '0': PYTHONPATH=/home/sazma/ws_future/build/tm_mod_urdf/prefix_override:/home/sazma/ws_future/install/tm_mod_urdf/lib/python3.10/site-packages:${PYTHONPATH} /usr/bin/python3 setup.py egg_info --egg-base ../../../build/tm_mod_urdf build --build-base /home/sazma/ws_future/build/tm_mod_urdf/build install --record /home/sazma/ws_future/build/tm_mod_urdf/install.log --single-version-externally-managed
