[0.191s] Invoking command in '/home/sazma/ws_future/build/moveit_ros_perception': AMENT_PREFIX_PATH=/home/sazma/ws_future/install/moveit_ros_planning:/home/sazma/ws_future/install/moveit_ros_occupancy_map_monitor:/home/sazma/ws_future/install/moveit_core:/home/sazma/ws_future/install/moveit_msgs:/home/sazma/ws_future/install/moveit_common:${AMENT_PREFIX_PATH} CMAKE_PREFIX_PATH=/home/sazma/ws_future/install/moveit_ros_planning:/home/sazma/ws_future/install/moveit_ros_occupancy_map_monitor:/home/sazma/ws_future/install/moveit_core:/home/sazma/ws_future/install/moveit_msgs:/home/sazma/ws_future/install/moveit_common:/home/sazma/ws_future/install/ui_for_debug_and_demo:/home/sazma/ws_future/install/tm_driver:/home/sazma/ws_future/install/demo:/home/sazma/ws_future/install/tm_msgs:/home/sazma/ws_future/install/tm_moveit_cpp_demo:/home/sazma/ws_future/install/tm_moveit_config_tm5x-900:/home/sazma/ws_future/install/tm_moveit_config_tm5x-700:/home/sazma/ws_future/install/tm_moveit_config_tm5-900:/home/sazma/ws_future/install/tm_moveit_config_tm5-700:/home/sazma/ws_future/install/tm_moveit_config_tm14x:/home/sazma/ws_future/install/tm_moveit_config_tm14:/home/sazma/ws_future/install/tm_moveit_config_tm12x:/home/sazma/ws_future/install/tm_moveit_config_tm12:/home/sazma/ws_future/install/tm_description:/home/sazma/ws_future/install/custom_package:/home/sazma/ws_future/install/techman_robot_msgs:/home/sazma/ws_tm/install/ui_for_debug_and_demo:/home/sazma/ws_tm/install/tm_driver:/home/sazma/ws_tm/install/demo:/home/sazma/ws_tm/install/tm_msgs:/home/sazma/ws_tm/install/tm_moveit_cpp_demo:/home/sazma/ws_tm/install/tm_moveit_config_tm5x-900:/home/sazma/ws_tm/install/tm_moveit_config_tm5x-700:/home/sazma/ws_tm/install/tm_moveit_config_tm5-900:/home/sazma/ws_tm/install/tm_moveit_config_tm5-700:/home/sazma/ws_tm/install/tm_moveit_config_tm14x:/home/sazma/ws_tm/install/tm_moveit_config_tm14:/home/sazma/ws_tm/install/tm_moveit_config_tm12x:/home/sazma/ws_tm/install/tm_moveit_config_tm12:/home/sazma/ws_tm/install/tm_description:/home/sazma/ws_tm/install/custom_package:/home/sazma/ws_tm/install/techman_robot_msgs:/home/sazma/ws_future/install/tm_mod_urdf:/home/sazma/ws_future/install/tm_get_status:/home/sazma/ws_tm/install/tm_mod_urdf:/home/sazma/ws_tm/install/tm_get_status:/opt/ros/humble LD_LIBRARY_PATH=/home/sazma/ws_future/install/moveit_ros_planning/lib:/home/sazma/ws_future/install/moveit_ros_occupancy_map_monitor/lib:/home/sazma/ws_future/install/moveit_core/lib:/home/sazma/ws_future/install/moveit_msgs/lib:${LD_LIBRARY_PATH} PATH=/home/sazma/ws_future/install/moveit_core/bin:${PATH} PYTHONPATH=/home/sazma/ws_future/install/moveit_msgs/local/lib/python3.10/dist-packages:${PYTHONPATH} /usr/bin/cmake /home/sazma/ws_future/src/moveit2/moveit_ros/perception -DCMAKE_INSTALL_PREFIX=/home/sazma/ws_future/install/moveit_ros_perception
[0.257s] -- The CXX compiler identification is GNU 11.4.0
[0.267s] -- Detecting CXX compiler ABI info
[0.350s] -- Detecting CXX compiler ABI info - done
[0.358s] -- Check for working CXX compiler: /usr/bin/c++ - skipped
[0.358s] -- Detecting CXX compile features
[0.359s] -- Detecting CXX compile features - done
[0.360s] -- Found moveit_common: 2.8.0 (/home/sazma/ws_future/install/moveit_common/share/moveit_common/cmake)
[0.364s] -- Found ament_cmake: 1.3.5 (/opt/ros/humble/share/ament_cmake/cmake)
[0.585s] -- Found Python3: /usr/bin/python3.10 (found version "3.10.12") found components: Interpreter 
[0.788s] -- Found libdw: /usr/lib/x86_64-linux-gnu/libdw.so  
[0.795s] -- Could NOT find libbfd (missing: LIBBFD_LIBRARY LIBBFD_INCLUDE_DIR) 
[0.795s] -- BACKWARD_HAS_UNWIND=1
[0.795s] -- BACKWARD_HAS_BACKTRACE=0
[0.795s] -- BACKWARD_HAS_BACKTRACE_SYMBOL=0
[0.795s] -- BACKWARD_HAS_DW=1
[0.795s] -- BACKWARD_HAS_BFD=0
[0.796s] -- Found Backward: /opt/ros/humble/share/backward_ros/cmake  
[0.796s] [0mmoveit_ros_perception: You did not request a specific build type: Choosing 'Release' for maximum performance[0m
[0.803s] -- Found OpenGL: /usr/lib/x86_64-linux-gnu/libOpenGL.so   
[0.846s] -- Found GLEW: /usr/include (found version "2.2.0") 
[0.851s] -- Found PkgConfig: /usr/bin/pkg-config (found version "0.29.2") 
[0.852s] -- Checking for module 'glut'
[0.854s] --   No package 'glut' found
[0.858s] -- Found GLUT: /usr/lib/x86_64-linux-gnu/libglut.so  
[0.862s] -- Found cv_bridge: 3.2.1 (/opt/ros/humble/share/cv_bridge/cmake)
[0.929s] -- Found rosidl_generator_c: 3.1.5 (/opt/ros/humble/share/rosidl_generator_c/cmake)
[0.939s] -- Found rosidl_adapter: 3.1.5 (/opt/ros/humble/share/rosidl_adapter/cmake)
[0.954s] -- Found rosidl_generator_cpp: 3.1.5 (/opt/ros/humble/share/rosidl_generator_cpp/cmake)
[0.977s] -- Using all available rosidl_typesupport_c: rosidl_typesupport_fastrtps_c;rosidl_typesupport_introspection_c
[1.007s] -- Using all available rosidl_typesupport_cpp: rosidl_typesupport_fastrtps_cpp;rosidl_typesupport_introspection_cpp
[1.285s] -- Found moveit_core: 2.8.0 (/home/sazma/ws_future/install/moveit_core/share/moveit_core/cmake)
[1.594s] -- Found Boost: /usr/lib/x86_64-linux-gnu/cmake/Boost-1.74.0/BoostConfig.cmake (found version "1.74.0") found components: chrono date_time filesystem iostreams program_options regex serialization system thread 
[1.659s] -- Found parameter_traits: 0.3.6 (/opt/ros/humble/share/parameter_traits/cmake)
[1.746s] -- Found rmw_implementation_cmake: 6.1.1 (/opt/ros/humble/share/rmw_implementation_cmake/cmake)
[1.752s] -- Found rmw_fastrtps_cpp: 6.2.4 (/opt/ros/humble/share/rmw_fastrtps_cpp/cmake)
[1.864s] -- Found OpenSSL: /usr/lib/x86_64-linux-gnu/libcrypto.so (found version "3.0.2")  
[1.900s] -- Found FastRTPS: /opt/ros/humble/include  
[1.948s] -- Using RMW implementation 'rmw_fastrtps_cpp' as default
[1.964s] -- Found Threads: TRUE  
[2.133s] -- Found rclcpp_lifecycle: 16.0.6 (/opt/ros/humble/share/rclcpp_lifecycle/cmake)
[2.189s] -- Found Boost: /usr/lib/x86_64-linux-gnu/cmake/Boost-1.74.0/BoostConfig.cmake (found version "1.74.0") found components: filesystem 
[2.283s] -- library: /usr/lib/x86_64-linux-gnu/libcurl.so
[2.528s] -- Found Eigen3: TRUE (found version "3.4.0") 
[2.528s] -- Ensuring Eigen3 include directory is part of orocos-kdl CMake target
[3.782s] -- Found image_transport: 3.1.7 (/opt/ros/humble/share/image_transport/cmake)
[3.797s] -- Found moveit_ros_occupancy_map_monitor: 2.8.0 (/home/sazma/ws_future/install/moveit_ros_occupancy_map_monitor/share/moveit_ros_occupancy_map_monitor/cmake)
[4.246s] -- Found OpenMP_CXX: -fopenmp (found version "4.5") 
[4.246s] -- Found OpenMP: TRUE (found version "4.5")  
[4.251s] -- Found OpenCV: /usr (found version "4.5.4") 
[4.255s] -- Found Boost: /usr/lib/x86_64-linux-gnu/cmake/Boost-1.74.0/BoostConfig.cmake (found version "1.74.0") found components: thread 
[4.308s] -- Performing Test COMPILER_HAS_HIDDEN_VISIBILITY
[4.431s] -- Performing Test COMPILER_HAS_HIDDEN_VISIBILITY - Success
[4.432s] -- Performing Test COMPILER_HAS_HIDDEN_INLINE_VISIBILITY
[4.556s] -- Performing Test COMPILER_HAS_HIDDEN_INLINE_VISIBILITY - Success
[4.556s] -- Performing Test COMPILER_HAS_DEPRECATED_ATTR
[4.669s] -- Performing Test COMPILER_HAS_DEPRECATED_ATTR - Success
[4.743s] -- Found ament_lint_auto: 0.12.8 (/opt/ros/humble/share/ament_lint_auto/cmake)
[4.787s] -- Added test 'cppcheck' to perform static code analysis on C / C++ code
[4.788s] -- Configured cppcheck include dirs: /home/sazma/ws_future/src/moveit2/moveit_ros/perception/depth_image_octomap_updater/include;/home/sazma/ws_future/src/moveit2/moveit_ros/perception/lazy_free_space_updater/include;/home/sazma/ws_future/src/moveit2/moveit_ros/perception/mesh_filter/include;/home/sazma/ws_future/src/moveit2/moveit_ros/perception/point_containment_filter/include;/home/sazma/ws_future/src/moveit2/moveit_ros/perception/pointcloud_octomap_updater/include;/home/sazma/ws_future/src/moveit2/moveit_ros/perception/semantic_world/include
[4.788s] -- Configured cppcheck exclude dirs and/or files: 
[4.792s] -- Added test 'lint_cmake' to check CMake code style
[4.795s] -- Added test 'xmllint' to check XML markup files
[4.800s] -- Configuring done
[5.041s] -- Generating done
[5.046s] -- Build files have been written to: /home/sazma/ws_future/build/moveit_ros_perception
[5.129s] Invoked command in '/home/sazma/ws_future/build/moveit_ros_perception' returned '0': AMENT_PREFIX_PATH=/home/sazma/ws_future/install/moveit_ros_planning:/home/sazma/ws_future/install/moveit_ros_occupancy_map_monitor:/home/sazma/ws_future/install/moveit_core:/home/sazma/ws_future/install/moveit_msgs:/home/sazma/ws_future/install/moveit_common:${AMENT_PREFIX_PATH} CMAKE_PREFIX_PATH=/home/sazma/ws_future/install/moveit_ros_planning:/home/sazma/ws_future/install/moveit_ros_occupancy_map_monitor:/home/sazma/ws_future/install/moveit_core:/home/sazma/ws_future/install/moveit_msgs:/home/sazma/ws_future/install/moveit_common:/home/sazma/ws_future/install/ui_for_debug_and_demo:/home/sazma/ws_future/install/tm_driver:/home/sazma/ws_future/install/demo:/home/sazma/ws_future/install/tm_msgs:/home/sazma/ws_future/install/tm_moveit_cpp_demo:/home/sazma/ws_future/install/tm_moveit_config_tm5x-900:/home/sazma/ws_future/install/tm_moveit_config_tm5x-700:/home/sazma/ws_future/install/tm_moveit_config_tm5-900:/home/sazma/ws_future/install/tm_moveit_config_tm5-700:/home/sazma/ws_future/install/tm_moveit_config_tm14x:/home/sazma/ws_future/install/tm_moveit_config_tm14:/home/sazma/ws_future/install/tm_moveit_config_tm12x:/home/sazma/ws_future/install/tm_moveit_config_tm12:/home/sazma/ws_future/install/tm_description:/home/sazma/ws_future/install/custom_package:/home/sazma/ws_future/install/techman_robot_msgs:/home/sazma/ws_tm/install/ui_for_debug_and_demo:/home/sazma/ws_tm/install/tm_driver:/home/sazma/ws_tm/install/demo:/home/sazma/ws_tm/install/tm_msgs:/home/sazma/ws_tm/install/tm_moveit_cpp_demo:/home/sazma/ws_tm/install/tm_moveit_config_tm5x-900:/home/sazma/ws_tm/install/tm_moveit_config_tm5x-700:/home/sazma/ws_tm/install/tm_moveit_config_tm5-900:/home/sazma/ws_tm/install/tm_moveit_config_tm5-700:/home/sazma/ws_tm/install/tm_moveit_config_tm14x:/home/sazma/ws_tm/install/tm_moveit_config_tm14:/home/sazma/ws_tm/install/tm_moveit_config_tm12x:/home/sazma/ws_tm/install/tm_moveit_config_tm12:/home/sazma/ws_tm/install/tm_description:/home/sazma/ws_tm/install/custom_package:/home/sazma/ws_tm/install/techman_robot_msgs:/home/sazma/ws_future/install/tm_mod_urdf:/home/sazma/ws_future/install/tm_get_status:/home/sazma/ws_tm/install/tm_mod_urdf:/home/sazma/ws_tm/install/tm_get_status:/opt/ros/humble LD_LIBRARY_PATH=/home/sazma/ws_future/install/moveit_ros_planning/lib:/home/sazma/ws_future/install/moveit_ros_occupancy_map_monitor/lib:/home/sazma/ws_future/install/moveit_core/lib:/home/sazma/ws_future/install/moveit_msgs/lib:${LD_LIBRARY_PATH} PATH=/home/sazma/ws_future/install/moveit_core/bin:${PATH} PYTHONPATH=/home/sazma/ws_future/install/moveit_msgs/local/lib/python3.10/dist-packages:${PYTHONPATH} /usr/bin/cmake /home/sazma/ws_future/src/moveit2/moveit_ros/perception -DCMAKE_INSTALL_PREFIX=/home/sazma/ws_future/install/moveit_ros_perception
[5.130s] Invoking command in '/home/sazma/ws_future/build/moveit_ros_perception': AMENT_PREFIX_PATH=/home/sazma/ws_future/install/moveit_ros_planning:/home/sazma/ws_future/install/moveit_ros_occupancy_map_monitor:/home/sazma/ws_future/install/moveit_core:/home/sazma/ws_future/install/moveit_msgs:/home/sazma/ws_future/install/moveit_common:${AMENT_PREFIX_PATH} CMAKE_PREFIX_PATH=/home/sazma/ws_future/install/moveit_ros_planning:/home/sazma/ws_future/install/moveit_ros_occupancy_map_monitor:/home/sazma/ws_future/install/moveit_core:/home/sazma/ws_future/install/moveit_msgs:/home/sazma/ws_future/install/moveit_common:/home/sazma/ws_future/install/ui_for_debug_and_demo:/home/sazma/ws_future/install/tm_driver:/home/sazma/ws_future/install/demo:/home/sazma/ws_future/install/tm_msgs:/home/sazma/ws_future/install/tm_moveit_cpp_demo:/home/sazma/ws_future/install/tm_moveit_config_tm5x-900:/home/sazma/ws_future/install/tm_moveit_config_tm5x-700:/home/sazma/ws_future/install/tm_moveit_config_tm5-900:/home/sazma/ws_future/install/tm_moveit_config_tm5-700:/home/sazma/ws_future/install/tm_moveit_config_tm14x:/home/sazma/ws_future/install/tm_moveit_config_tm14:/home/sazma/ws_future/install/tm_moveit_config_tm12x:/home/sazma/ws_future/install/tm_moveit_config_tm12:/home/sazma/ws_future/install/tm_description:/home/sazma/ws_future/install/custom_package:/home/sazma/ws_future/install/techman_robot_msgs:/home/sazma/ws_tm/install/ui_for_debug_and_demo:/home/sazma/ws_tm/install/tm_driver:/home/sazma/ws_tm/install/demo:/home/sazma/ws_tm/install/tm_msgs:/home/sazma/ws_tm/install/tm_moveit_cpp_demo:/home/sazma/ws_tm/install/tm_moveit_config_tm5x-900:/home/sazma/ws_tm/install/tm_moveit_config_tm5x-700:/home/sazma/ws_tm/install/tm_moveit_config_tm5-900:/home/sazma/ws_tm/install/tm_moveit_config_tm5-700:/home/sazma/ws_tm/install/tm_moveit_config_tm14x:/home/sazma/ws_tm/install/tm_moveit_config_tm14:/home/sazma/ws_tm/install/tm_moveit_config_tm12x:/home/sazma/ws_tm/install/tm_moveit_config_tm12:/home/sazma/ws_tm/install/tm_description:/home/sazma/ws_tm/install/custom_package:/home/sazma/ws_tm/install/techman_robot_msgs:/home/sazma/ws_future/install/tm_mod_urdf:/home/sazma/ws_future/install/tm_get_status:/home/sazma/ws_tm/install/tm_mod_urdf:/home/sazma/ws_tm/install/tm_get_status:/opt/ros/humble LD_LIBRARY_PATH=/home/sazma/ws_future/install/moveit_ros_planning/lib:/home/sazma/ws_future/install/moveit_ros_occupancy_map_monitor/lib:/home/sazma/ws_future/install/moveit_core/lib:/home/sazma/ws_future/install/moveit_msgs/lib:${LD_LIBRARY_PATH} PATH=/home/sazma/ws_future/install/moveit_core/bin:${PATH} PYTHONPATH=/home/sazma/ws_future/install/moveit_msgs/local/lib/python3.10/dist-packages:${PYTHONPATH} /usr/bin/cmake --build /home/sazma/ws_future/build/moveit_ros_perception -- -j12 -l12
[5.444s] [  5%] [32mBuilding CXX object point_containment_filter/CMakeFiles/moveit_point_containment_filter.dir/src/shape_mask.cpp.o[0m
[5.460s] [ 10%] [32mBuilding CXX object lazy_free_space_updater/CMakeFiles/moveit_lazy_free_space_updater.dir/src/lazy_free_space_updater.cpp.o[0m
[5.496s] [ 15%] [32mBuilding CXX object mesh_filter/CMakeFiles/moveit_mesh_filter.dir/src/sensor_model.cpp.o[0m
[5.501s] [ 20%] [32mBuilding CXX object semantic_world/CMakeFiles/moveit_semantic_world.dir/src/semantic_world.cpp.o[0m
[5.514s] [ 25%] [32mBuilding CXX object mesh_filter/CMakeFiles/moveit_mesh_filter.dir/src/mesh_filter_base.cpp.o[0m
[5.520s] [ 30%] [32mBuilding CXX object mesh_filter/CMakeFiles/moveit_mesh_filter.dir/src/stereo_camera_model.cpp.o[0m
[5.541s] [ 35%] [32mBuilding CXX object mesh_filter/CMakeFiles/moveit_mesh_filter.dir/src/gl_renderer.cpp.o[0m
[5.657s] [ 40%] [32mBuilding CXX object mesh_filter/CMakeFiles/moveit_mesh_filter.dir/src/gl_mesh.cpp.o[0m
[9.664s] [ 45%] [32m[1mLinking CXX shared library libmoveit_lazy_free_space_updater.so[0m
[11.204s] [ 45%] Built target moveit_lazy_free_space_updater
[20.046s] [ 50%] [32m[1mLinking CXX shared library libmoveit_point_containment_filter.so[0m
[20.930s] [ 50%] Built target moveit_point_containment_filter
[25.047s] [ 55%] [32m[1mLinking CXX shared library libmoveit_mesh_filter.so[0m
[27.125s] [ 55%] Built target moveit_mesh_filter
[73.061s] [ 60%] [32m[1mLinking CXX shared library libmoveit_semantic_world.so[0m
[73.453s] [ 60%] Built target moveit_semantic_world
[73.480s] [ 65%] [32mBuilding CXX object depth_image_octomap_updater/CMakeFiles/moveit_depth_image_octomap_updater_core.dir/src/depth_image_octomap_updater.cpp.o[0m
[80.637s] [ 70%] [32m[1mLinking CXX shared library libmoveit_depth_image_octomap_updater_core.so[0m
[80.868s] [ 70%] Built target moveit_depth_image_octomap_updater_core
[80.895s] [ 75%] [32mBuilding CXX object pointcloud_octomap_updater/CMakeFiles/moveit_pointcloud_octomap_updater_core.dir/src/pointcloud_octomap_updater.cpp.o[0m
[96.839s] [ 80%] [32m[1mLinking CXX shared library libmoveit_pointcloud_octomap_updater_core.so[0m
[97.131s] [ 80%] Built target moveit_pointcloud_octomap_updater_core
[97.155s] [ 85%] [32mBuilding CXX object depth_image_octomap_updater/CMakeFiles/moveit_depth_image_octomap_updater.dir/src/updater_plugin.cpp.o[0m
[101.642s] [ 90%] [32m[1mLinking CXX shared library libmoveit_depth_image_octomap_updater.so[0m
[101.815s] [ 90%] Built target moveit_depth_image_octomap_updater
[101.839s] [ 95%] [32mBuilding CXX object pointcloud_octomap_updater/CMakeFiles/moveit_pointcloud_octomap_updater.dir/src/plugin_init.cpp.o[0m
[106.587s] [100%] [32m[1mLinking CXX shared library libmoveit_pointcloud_octomap_updater.so[0m
[106.765s] [100%] Built target moveit_pointcloud_octomap_updater
[106.800s] Invoked command in '/home/sazma/ws_future/build/moveit_ros_perception' returned '0': AMENT_PREFIX_PATH=/home/sazma/ws_future/install/moveit_ros_planning:/home/sazma/ws_future/install/moveit_ros_occupancy_map_monitor:/home/sazma/ws_future/install/moveit_core:/home/sazma/ws_future/install/moveit_msgs:/home/sazma/ws_future/install/moveit_common:${AMENT_PREFIX_PATH} CMAKE_PREFIX_PATH=/home/sazma/ws_future/install/moveit_ros_planning:/home/sazma/ws_future/install/moveit_ros_occupancy_map_monitor:/home/sazma/ws_future/install/moveit_core:/home/sazma/ws_future/install/moveit_msgs:/home/sazma/ws_future/install/moveit_common:/home/sazma/ws_future/install/ui_for_debug_and_demo:/home/sazma/ws_future/install/tm_driver:/home/sazma/ws_future/install/demo:/home/sazma/ws_future/install/tm_msgs:/home/sazma/ws_future/install/tm_moveit_cpp_demo:/home/sazma/ws_future/install/tm_moveit_config_tm5x-900:/home/sazma/ws_future/install/tm_moveit_config_tm5x-700:/home/sazma/ws_future/install/tm_moveit_config_tm5-900:/home/sazma/ws_future/install/tm_moveit_config_tm5-700:/home/sazma/ws_future/install/tm_moveit_config_tm14x:/home/sazma/ws_future/install/tm_moveit_config_tm14:/home/sazma/ws_future/install/tm_moveit_config_tm12x:/home/sazma/ws_future/install/tm_moveit_config_tm12:/home/sazma/ws_future/install/tm_description:/home/sazma/ws_future/install/custom_package:/home/sazma/ws_future/install/techman_robot_msgs:/home/sazma/ws_tm/install/ui_for_debug_and_demo:/home/sazma/ws_tm/install/tm_driver:/home/sazma/ws_tm/install/demo:/home/sazma/ws_tm/install/tm_msgs:/home/sazma/ws_tm/install/tm_moveit_cpp_demo:/home/sazma/ws_tm/install/tm_moveit_config_tm5x-900:/home/sazma/ws_tm/install/tm_moveit_config_tm5x-700:/home/sazma/ws_tm/install/tm_moveit_config_tm5-900:/home/sazma/ws_tm/install/tm_moveit_config_tm5-700:/home/sazma/ws_tm/install/tm_moveit_config_tm14x:/home/sazma/ws_tm/install/tm_moveit_config_tm14:/home/sazma/ws_tm/install/tm_moveit_config_tm12x:/home/sazma/ws_tm/install/tm_moveit_config_tm12:/home/sazma/ws_tm/install/tm_description:/home/sazma/ws_tm/install/custom_package:/home/sazma/ws_tm/install/techman_robot_msgs:/home/sazma/ws_future/install/tm_mod_urdf:/home/sazma/ws_future/install/tm_get_status:/home/sazma/ws_tm/install/tm_mod_urdf:/home/sazma/ws_tm/install/tm_get_status:/opt/ros/humble LD_LIBRARY_PATH=/home/sazma/ws_future/install/moveit_ros_planning/lib:/home/sazma/ws_future/install/moveit_ros_occupancy_map_monitor/lib:/home/sazma/ws_future/install/moveit_core/lib:/home/sazma/ws_future/install/moveit_msgs/lib:${LD_LIBRARY_PATH} PATH=/home/sazma/ws_future/install/moveit_core/bin:${PATH} PYTHONPATH=/home/sazma/ws_future/install/moveit_msgs/local/lib/python3.10/dist-packages:${PYTHONPATH} /usr/bin/cmake --build /home/sazma/ws_future/build/moveit_ros_perception -- -j12 -l12
[106.824s] Invoking command in '/home/sazma/ws_future/build/moveit_ros_perception': AMENT_PREFIX_PATH=/home/sazma/ws_future/install/moveit_ros_planning:/home/sazma/ws_future/install/moveit_ros_occupancy_map_monitor:/home/sazma/ws_future/install/moveit_core:/home/sazma/ws_future/install/moveit_msgs:/home/sazma/ws_future/install/moveit_common:${AMENT_PREFIX_PATH} CMAKE_PREFIX_PATH=/home/sazma/ws_future/install/moveit_ros_planning:/home/sazma/ws_future/install/moveit_ros_occupancy_map_monitor:/home/sazma/ws_future/install/moveit_core:/home/sazma/ws_future/install/moveit_msgs:/home/sazma/ws_future/install/moveit_common:/home/sazma/ws_future/install/ui_for_debug_and_demo:/home/sazma/ws_future/install/tm_driver:/home/sazma/ws_future/install/demo:/home/sazma/ws_future/install/tm_msgs:/home/sazma/ws_future/install/tm_moveit_cpp_demo:/home/sazma/ws_future/install/tm_moveit_config_tm5x-900:/home/sazma/ws_future/install/tm_moveit_config_tm5x-700:/home/sazma/ws_future/install/tm_moveit_config_tm5-900:/home/sazma/ws_future/install/tm_moveit_config_tm5-700:/home/sazma/ws_future/install/tm_moveit_config_tm14x:/home/sazma/ws_future/install/tm_moveit_config_tm14:/home/sazma/ws_future/install/tm_moveit_config_tm12x:/home/sazma/ws_future/install/tm_moveit_config_tm12:/home/sazma/ws_future/install/tm_description:/home/sazma/ws_future/install/custom_package:/home/sazma/ws_future/install/techman_robot_msgs:/home/sazma/ws_tm/install/ui_for_debug_and_demo:/home/sazma/ws_tm/install/tm_driver:/home/sazma/ws_tm/install/demo:/home/sazma/ws_tm/install/tm_msgs:/home/sazma/ws_tm/install/tm_moveit_cpp_demo:/home/sazma/ws_tm/install/tm_moveit_config_tm5x-900:/home/sazma/ws_tm/install/tm_moveit_config_tm5x-700:/home/sazma/ws_tm/install/tm_moveit_config_tm5-900:/home/sazma/ws_tm/install/tm_moveit_config_tm5-700:/home/sazma/ws_tm/install/tm_moveit_config_tm14x:/home/sazma/ws_tm/install/tm_moveit_config_tm14:/home/sazma/ws_tm/install/tm_moveit_config_tm12x:/home/sazma/ws_tm/install/tm_moveit_config_tm12:/home/sazma/ws_tm/install/tm_description:/home/sazma/ws_tm/install/custom_package:/home/sazma/ws_tm/install/techman_robot_msgs:/home/sazma/ws_future/install/tm_mod_urdf:/home/sazma/ws_future/install/tm_get_status:/home/sazma/ws_tm/install/tm_mod_urdf:/home/sazma/ws_tm/install/tm_get_status:/opt/ros/humble LD_LIBRARY_PATH=/home/sazma/ws_future/install/moveit_ros_planning/lib:/home/sazma/ws_future/install/moveit_ros_occupancy_map_monitor/lib:/home/sazma/ws_future/install/moveit_core/lib:/home/sazma/ws_future/install/moveit_msgs/lib:${LD_LIBRARY_PATH} PATH=/home/sazma/ws_future/install/moveit_core/bin:${PATH} PYTHONPATH=/home/sazma/ws_future/install/moveit_msgs/local/lib/python3.10/dist-packages:${PYTHONPATH} /usr/bin/cmake --install /home/sazma/ws_future/build/moveit_ros_perception
[106.831s] -- Install configuration: "Release"
[106.831s] -- Installing: /home/sazma/ws_future/install/moveit_ros_perception/include/moveit_ros_perception
[106.831s] -- Installing: /home/sazma/ws_future/install/moveit_ros_perception/include/moveit_ros_perception/moveit
[106.831s] -- Installing: /home/sazma/ws_future/install/moveit_ros_perception/include/moveit_ros_perception/moveit/lazy_free_space_updater
[106.832s] -- Installing: /home/sazma/ws_future/install/moveit_ros_perception/include/moveit_ros_perception/moveit/lazy_free_space_updater/lazy_free_space_updater.h
[106.832s] -- Up-to-date: /home/sazma/ws_future/install/moveit_ros_perception/include/moveit_ros_perception
[106.832s] -- Up-to-date: /home/sazma/ws_future/install/moveit_ros_perception/include/moveit_ros_perception/moveit
[106.832s] -- Installing: /home/sazma/ws_future/install/moveit_ros_perception/include/moveit_ros_perception/moveit/point_containment_filter
[106.832s] -- Installing: /home/sazma/ws_future/install/moveit_ros_perception/include/moveit_ros_perception/moveit/point_containment_filter/shape_mask.h
[106.832s] -- Up-to-date: /home/sazma/ws_future/install/moveit_ros_perception/include/moveit_ros_perception
[106.832s] -- Up-to-date: /home/sazma/ws_future/install/moveit_ros_perception/include/moveit_ros_perception/moveit
[106.832s] -- Installing: /home/sazma/ws_future/install/moveit_ros_perception/include/moveit_ros_perception/moveit/pointcloud_octomap_updater
[106.833s] -- Installing: /home/sazma/ws_future/install/moveit_ros_perception/include/moveit_ros_perception/moveit/pointcloud_octomap_updater/pointcloud_octomap_updater.h
[106.833s] -- Up-to-date: /home/sazma/ws_future/install/moveit_ros_perception/include/moveit_ros_perception
[106.833s] -- Up-to-date: /home/sazma/ws_future/install/moveit_ros_perception/include/moveit_ros_perception/moveit
[106.833s] -- Installing: /home/sazma/ws_future/install/moveit_ros_perception/include/moveit_ros_perception/moveit/mesh_filter
[106.833s] -- Installing: /home/sazma/ws_future/install/moveit_ros_perception/include/moveit_ros_perception/moveit/mesh_filter/filter_job.h
[106.833s] -- Installing: /home/sazma/ws_future/install/moveit_ros_perception/include/moveit_ros_perception/moveit/mesh_filter/gl_renderer.h
[106.833s] -- Installing: /home/sazma/ws_future/install/moveit_ros_perception/include/moveit_ros_perception/moveit/mesh_filter/mesh_filter_base.h
[106.833s] -- Installing: /home/sazma/ws_future/install/moveit_ros_perception/include/moveit_ros_perception/moveit/mesh_filter/transform_provider.h
[106.833s] -- Installing: /home/sazma/ws_future/install/moveit_ros_perception/include/moveit_ros_perception/moveit/mesh_filter/depth_self_filter_nodelet.h
[106.834s] -- Installing: /home/sazma/ws_future/install/moveit_ros_perception/include/moveit_ros_perception/moveit/mesh_filter/mesh_filter.h
[106.834s] -- Installing: /home/sazma/ws_future/install/moveit_ros_perception/include/moveit_ros_perception/moveit/mesh_filter/gl_mesh.h
[106.834s] -- Installing: /home/sazma/ws_future/install/moveit_ros_perception/include/moveit_ros_perception/moveit/mesh_filter/sensor_model.h
[106.834s] -- Installing: /home/sazma/ws_future/install/moveit_ros_perception/include/moveit_ros_perception/moveit/mesh_filter/stereo_camera_model.h
[106.834s] -- Installing: /home/sazma/ws_future/install/moveit_ros_perception/include/moveit_ros_perception/moveit_mesh_filter_export.h
[106.834s] -- Up-to-date: /home/sazma/ws_future/install/moveit_ros_perception/include/moveit_ros_perception
[106.834s] -- Up-to-date: /home/sazma/ws_future/install/moveit_ros_perception/include/moveit_ros_perception/moveit
[106.834s] -- Installing: /home/sazma/ws_future/install/moveit_ros_perception/include/moveit_ros_perception/moveit/depth_image_octomap_updater
[106.834s] -- Installing: /home/sazma/ws_future/install/moveit_ros_perception/include/moveit_ros_perception/moveit/depth_image_octomap_updater/depth_image_octomap_updater.h
[106.834s] -- Up-to-date: /home/sazma/ws_future/install/moveit_ros_perception/include/moveit_ros_perception
[106.835s] -- Up-to-date: /home/sazma/ws_future/install/moveit_ros_perception/include/moveit_ros_perception/moveit
[106.835s] -- Installing: /home/sazma/ws_future/install/moveit_ros_perception/include/moveit_ros_perception/moveit/semantic_world
[106.835s] -- Installing: /home/sazma/ws_future/install/moveit_ros_perception/include/moveit_ros_perception/moveit/semantic_world/semantic_world.h
[106.835s] -- Installing: /home/sazma/ws_future/install/moveit_ros_perception/lib/libmoveit_depth_image_octomap_updater.so.2.8.0
[106.835s] -- Set runtime path of "/home/sazma/ws_future/install/moveit_ros_perception/lib/libmoveit_depth_image_octomap_updater.so.2.8.0" to ""
[106.835s] -- Installing: /home/sazma/ws_future/install/moveit_ros_perception/lib/libmoveit_depth_image_octomap_updater.so
[106.835s] -- Installing: /home/sazma/ws_future/install/moveit_ros_perception/lib/libmoveit_depth_image_octomap_updater_core.so.2.8.0
[106.835s] -- Set runtime path of "/home/sazma/ws_future/install/moveit_ros_perception/lib/libmoveit_depth_image_octomap_updater_core.so.2.8.0" to ""
[106.836s] -- Installing: /home/sazma/ws_future/install/moveit_ros_perception/lib/libmoveit_depth_image_octomap_updater_core.so
[106.836s] -- Installing: /home/sazma/ws_future/install/moveit_ros_perception/lib/libmoveit_lazy_free_space_updater.so.2.8.0
[106.836s] -- Set runtime path of "/home/sazma/ws_future/install/moveit_ros_perception/lib/libmoveit_lazy_free_space_updater.so.2.8.0" to ""
[106.836s] -- Installing: /home/sazma/ws_future/install/moveit_ros_perception/lib/libmoveit_lazy_free_space_updater.so
[106.836s] -- Installing: /home/sazma/ws_future/install/moveit_ros_perception/lib/libmoveit_mesh_filter.so.2.8.0
[106.836s] -- Set runtime path of "/home/sazma/ws_future/install/moveit_ros_perception/lib/libmoveit_mesh_filter.so.2.8.0" to ""
[106.836s] -- Installing: /home/sazma/ws_future/install/moveit_ros_perception/lib/libmoveit_mesh_filter.so
[106.836s] -- Installing: /home/sazma/ws_future/install/moveit_ros_perception/lib/libmoveit_point_containment_filter.so.2.8.0
[106.836s] -- Set runtime path of "/home/sazma/ws_future/install/moveit_ros_perception/lib/libmoveit_point_containment_filter.so.2.8.0" to ""
[106.837s] -- Installing: /home/sazma/ws_future/install/moveit_ros_perception/lib/libmoveit_point_containment_filter.so
[106.837s] -- Installing: /home/sazma/ws_future/install/moveit_ros_perception/lib/libmoveit_pointcloud_octomap_updater.so.2.8.0
[106.837s] -- Set runtime path of "/home/sazma/ws_future/install/moveit_ros_perception/lib/libmoveit_pointcloud_octomap_updater.so.2.8.0" to ""
[106.837s] -- Installing: /home/sazma/ws_future/install/moveit_ros_perception/lib/libmoveit_pointcloud_octomap_updater.so
[106.837s] -- Installing: /home/sazma/ws_future/install/moveit_ros_perception/lib/libmoveit_pointcloud_octomap_updater_core.so.2.8.0
[106.838s] -- Set runtime path of "/home/sazma/ws_future/install/moveit_ros_perception/lib/libmoveit_pointcloud_octomap_updater_core.so.2.8.0" to ""
[106.838s] -- Installing: /home/sazma/ws_future/install/moveit_ros_perception/lib/libmoveit_pointcloud_octomap_updater_core.so
[106.838s] -- Installing: /home/sazma/ws_future/install/moveit_ros_perception/lib/libmoveit_semantic_world.so.2.8.0
[106.839s] -- Set runtime path of "/home/sazma/ws_future/install/moveit_ros_perception/lib/libmoveit_semantic_world.so.2.8.0" to ""
[106.839s] -- Installing: /home/sazma/ws_future/install/moveit_ros_perception/lib/libmoveit_semantic_world.so
[106.839s] -- Installing: /home/sazma/ws_future/install/moveit_ros_perception/share/moveit_ros_perception/environment/library_path.sh
[106.840s] -- Installing: /home/sazma/ws_future/install/moveit_ros_perception/share/moveit_ros_perception/environment/library_path.dsv
[106.840s] -- Installing: /home/sazma/ws_future/install/moveit_ros_perception/share/moveit_ros_perception/pointcloud_octomap_updater_plugin_description.xml
[106.840s] -- Installing: /home/sazma/ws_future/install/moveit_ros_perception/share/moveit_ros_perception/depth_image_octomap_updater_plugin_description.xml
[106.841s] -- Installing: /home/sazma/ws_future/install/moveit_ros_perception/share/ament_index/resource_index/package_run_dependencies/moveit_ros_perception
[106.841s] -- Installing: /home/sazma/ws_future/install/moveit_ros_perception/share/ament_index/resource_index/parent_prefix_path/moveit_ros_perception
[106.841s] -- Installing: /home/sazma/ws_future/install/moveit_ros_perception/share/moveit_ros_perception/environment/ament_prefix_path.sh
[106.841s] -- Installing: /home/sazma/ws_future/install/moveit_ros_perception/share/moveit_ros_perception/environment/ament_prefix_path.dsv
[106.841s] -- Installing: /home/sazma/ws_future/install/moveit_ros_perception/share/moveit_ros_perception/environment/path.sh
[106.841s] -- Installing: /home/sazma/ws_future/install/moveit_ros_perception/share/moveit_ros_perception/environment/path.dsv
[106.842s] -- Installing: /home/sazma/ws_future/install/moveit_ros_perception/share/moveit_ros_perception/local_setup.bash
[106.842s] -- Installing: /home/sazma/ws_future/install/moveit_ros_perception/share/moveit_ros_perception/local_setup.sh
[106.842s] -- Installing: /home/sazma/ws_future/install/moveit_ros_perception/share/moveit_ros_perception/local_setup.zsh
[106.842s] -- Installing: /home/sazma/ws_future/install/moveit_ros_perception/share/moveit_ros_perception/local_setup.dsv
[106.842s] -- Installing: /home/sazma/ws_future/install/moveit_ros_perception/share/moveit_ros_perception/package.dsv
[106.843s] -- Installing: /home/sazma/ws_future/install/moveit_ros_perception/share/ament_index/resource_index/packages/moveit_ros_perception
[106.843s] -- Installing: /home/sazma/ws_future/install/moveit_ros_perception/share/ament_index/resource_index/moveit_ros_occupancy_map_monitor__pluginlib__plugin/moveit_ros_perception
[106.843s] -- Installing: /home/sazma/ws_future/install/moveit_ros_perception/share/moveit_ros_perception/cmake/moveit_ros_perceptionTargetsExport.cmake
[106.844s] -- Installing: /home/sazma/ws_future/install/moveit_ros_perception/share/moveit_ros_perception/cmake/moveit_ros_perceptionTargetsExport-release.cmake
[106.844s] -- Installing: /home/sazma/ws_future/install/moveit_ros_perception/share/moveit_ros_perception/cmake/ConfigExtras.cmake
[106.844s] -- Installing: /home/sazma/ws_future/install/moveit_ros_perception/share/moveit_ros_perception/cmake/ament_cmake_export_targets-extras.cmake
[106.844s] -- Installing: /home/sazma/ws_future/install/moveit_ros_perception/share/moveit_ros_perception/cmake/ament_cmake_export_dependencies-extras.cmake
[106.845s] -- Installing: /home/sazma/ws_future/install/moveit_ros_perception/share/moveit_ros_perception/cmake/moveit_ros_perceptionConfig.cmake
[106.845s] -- Installing: /home/sazma/ws_future/install/moveit_ros_perception/share/moveit_ros_perception/cmake/moveit_ros_perceptionConfig-version.cmake
[106.845s] -- Installing: /home/sazma/ws_future/install/moveit_ros_perception/share/moveit_ros_perception/package.xml
[106.847s] Invoked command in '/home/sazma/ws_future/build/moveit_ros_perception' returned '0': AMENT_PREFIX_PATH=/home/sazma/ws_future/install/moveit_ros_planning:/home/sazma/ws_future/install/moveit_ros_occupancy_map_monitor:/home/sazma/ws_future/install/moveit_core:/home/sazma/ws_future/install/moveit_msgs:/home/sazma/ws_future/install/moveit_common:${AMENT_PREFIX_PATH} CMAKE_PREFIX_PATH=/home/sazma/ws_future/install/moveit_ros_planning:/home/sazma/ws_future/install/moveit_ros_occupancy_map_monitor:/home/sazma/ws_future/install/moveit_core:/home/sazma/ws_future/install/moveit_msgs:/home/sazma/ws_future/install/moveit_common:/home/sazma/ws_future/install/ui_for_debug_and_demo:/home/sazma/ws_future/install/tm_driver:/home/sazma/ws_future/install/demo:/home/sazma/ws_future/install/tm_msgs:/home/sazma/ws_future/install/tm_moveit_cpp_demo:/home/sazma/ws_future/install/tm_moveit_config_tm5x-900:/home/sazma/ws_future/install/tm_moveit_config_tm5x-700:/home/sazma/ws_future/install/tm_moveit_config_tm5-900:/home/sazma/ws_future/install/tm_moveit_config_tm5-700:/home/sazma/ws_future/install/tm_moveit_config_tm14x:/home/sazma/ws_future/install/tm_moveit_config_tm14:/home/sazma/ws_future/install/tm_moveit_config_tm12x:/home/sazma/ws_future/install/tm_moveit_config_tm12:/home/sazma/ws_future/install/tm_description:/home/sazma/ws_future/install/custom_package:/home/sazma/ws_future/install/techman_robot_msgs:/home/sazma/ws_tm/install/ui_for_debug_and_demo:/home/sazma/ws_tm/install/tm_driver:/home/sazma/ws_tm/install/demo:/home/sazma/ws_tm/install/tm_msgs:/home/sazma/ws_tm/install/tm_moveit_cpp_demo:/home/sazma/ws_tm/install/tm_moveit_config_tm5x-900:/home/sazma/ws_tm/install/tm_moveit_config_tm5x-700:/home/sazma/ws_tm/install/tm_moveit_config_tm5-900:/home/sazma/ws_tm/install/tm_moveit_config_tm5-700:/home/sazma/ws_tm/install/tm_moveit_config_tm14x:/home/sazma/ws_tm/install/tm_moveit_config_tm14:/home/sazma/ws_tm/install/tm_moveit_config_tm12x:/home/sazma/ws_tm/install/tm_moveit_config_tm12:/home/sazma/ws_tm/install/tm_description:/home/sazma/ws_tm/install/custom_package:/home/sazma/ws_tm/install/techman_robot_msgs:/home/sazma/ws_future/install/tm_mod_urdf:/home/sazma/ws_future/install/tm_get_status:/home/sazma/ws_tm/install/tm_mod_urdf:/home/sazma/ws_tm/install/tm_get_status:/opt/ros/humble LD_LIBRARY_PATH=/home/sazma/ws_future/install/moveit_ros_planning/lib:/home/sazma/ws_future/install/moveit_ros_occupancy_map_monitor/lib:/home/sazma/ws_future/install/moveit_core/lib:/home/sazma/ws_future/install/moveit_msgs/lib:${LD_LIBRARY_PATH} PATH=/home/sazma/ws_future/install/moveit_core/bin:${PATH} PYTHONPATH=/home/sazma/ws_future/install/moveit_msgs/local/lib/python3.10/dist-packages:${PYTHONPATH} /usr/bin/cmake --install /home/sazma/ws_future/build/moveit_ros_perception
