[1.356s] Invoking command in '/home/sazma/ws_future/src/tmr_ros2/tm_mod_urdf': PYTHONPATH=/home/sazma/ws_future/build/tm_mod_urdf/prefix_override:/home/sazma/ws_future/install/tm_mod_urdf/lib/python3.10/site-packages:${PYTHONPATH} /usr/bin/python3 setup.py egg_info --egg-base ../../../build/tm_mod_urdf build --build-base /home/sazma/ws_future/build/tm_mod_urdf/build install --record /home/sazma/ws_future/build/tm_mod_urdf/install.log --single-version-externally-managed
[1.678s] running egg_info
[1.678s] creating ../../../build/tm_mod_urdf/tm_mod_urdf.egg-info
[1.679s] writing ../../../build/tm_mod_urdf/tm_mod_urdf.egg-info/PKG-INFO
[1.679s] writing dependency_links to ../../../build/tm_mod_urdf/tm_mod_urdf.egg-info/dependency_links.txt
[1.679s] writing entry points to ../../../build/tm_mod_urdf/tm_mod_urdf.egg-info/entry_points.txt
[1.679s] writing requirements to ../../../build/tm_mod_urdf/tm_mod_urdf.egg-info/requires.txt
[1.679s] writing top-level names to ../../../build/tm_mod_urdf/tm_mod_urdf.egg-info/top_level.txt
[1.679s] writing manifest file '../../../build/tm_mod_urdf/tm_mod_urdf.egg-info/SOURCES.txt'
[1.681s] reading manifest file '../../../build/tm_mod_urdf/tm_mod_urdf.egg-info/SOURCES.txt'
[1.682s] writing manifest file '../../../build/tm_mod_urdf/tm_mod_urdf.egg-info/SOURCES.txt'
[1.682s] running build
[1.682s] running build_py
[1.682s] creating /home/sazma/ws_future/build/tm_mod_urdf/build
[1.682s] creating /home/sazma/ws_future/build/tm_mod_urdf/build/lib
[1.682s] creating /home/sazma/ws_future/build/tm_mod_urdf/build/lib/tm_mod_urdf
[1.682s] copying tm_mod_urdf/modify_xacro.py -> /home/sazma/ws_future/build/tm_mod_urdf/build/lib/tm_mod_urdf
[1.683s] copying tm_mod_urdf/__init__.py -> /home/sazma/ws_future/build/tm_mod_urdf/build/lib/tm_mod_urdf
[1.683s] copying tm_mod_urdf/_modify_urdf.py -> /home/sazma/ws_future/build/tm_mod_urdf/build/lib/tm_mod_urdf
[1.683s] copying tm_mod_urdf/modify_urdf.py -> /home/sazma/ws_future/build/tm_mod_urdf/build/lib/tm_mod_urdf
[1.684s] running install
[1.684s] /usr/lib/python3/dist-packages/setuptools/command/install.py:34: SetuptoolsDeprecationWarning: setup.py install is deprecated. Use build and pip and other standards-based tools.
[1.684s]   warnings.warn(
[1.684s] running install_lib
[1.685s] creating /home/sazma/ws_future/install/tm_mod_urdf/lib/python3.10/site-packages/tm_mod_urdf
[1.685s] copying /home/sazma/ws_future/build/tm_mod_urdf/build/lib/tm_mod_urdf/modify_xacro.py -> /home/sazma/ws_future/install/tm_mod_urdf/lib/python3.10/site-packages/tm_mod_urdf
[1.685s] copying /home/sazma/ws_future/build/tm_mod_urdf/build/lib/tm_mod_urdf/__init__.py -> /home/sazma/ws_future/install/tm_mod_urdf/lib/python3.10/site-packages/tm_mod_urdf
[1.685s] copying /home/sazma/ws_future/build/tm_mod_urdf/build/lib/tm_mod_urdf/_modify_urdf.py -> /home/sazma/ws_future/install/tm_mod_urdf/lib/python3.10/site-packages/tm_mod_urdf
[1.686s] copying /home/sazma/ws_future/build/tm_mod_urdf/build/lib/tm_mod_urdf/modify_urdf.py -> /home/sazma/ws_future/install/tm_mod_urdf/lib/python3.10/site-packages/tm_mod_urdf
[1.686s] byte-compiling /home/sazma/ws_future/install/tm_mod_urdf/lib/python3.10/site-packages/tm_mod_urdf/modify_xacro.py to modify_xacro.cpython-310.pyc
[1.687s] byte-compiling /home/sazma/ws_future/install/tm_mod_urdf/lib/python3.10/site-packages/tm_mod_urdf/__init__.py to __init__.cpython-310.pyc
[1.687s] byte-compiling /home/sazma/ws_future/install/tm_mod_urdf/lib/python3.10/site-packages/tm_mod_urdf/_modify_urdf.py to _modify_urdf.cpython-310.pyc
[1.689s] byte-compiling /home/sazma/ws_future/install/tm_mod_urdf/lib/python3.10/site-packages/tm_mod_urdf/modify_urdf.py to modify_urdf.cpython-310.pyc
[1.691s] running install_data
[1.691s] creating /home/sazma/ws_future/install/tm_mod_urdf/share/ament_index
[1.691s] creating /home/sazma/ws_future/install/tm_mod_urdf/share/ament_index/resource_index
[1.691s] creating /home/sazma/ws_future/install/tm_mod_urdf/share/ament_index/resource_index/packages
[1.691s] copying resource/tm_mod_urdf -> /home/sazma/ws_future/install/tm_mod_urdf/share/ament_index/resource_index/packages
[1.691s] copying package.xml -> /home/sazma/ws_future/install/tm_mod_urdf/share/tm_mod_urdf
[1.691s] running install_egg_info
[1.693s] Copying ../../../build/tm_mod_urdf/tm_mod_urdf.egg-info to /home/sazma/ws_future/install/tm_mod_urdf/lib/python3.10/site-packages/tm_mod_urdf-1.0.0-py3.10.egg-info
[1.695s] running install_scripts
[1.726s] Installing modify_urdf script to /home/sazma/ws_future/install/tm_mod_urdf/lib/tm_mod_urdf
[1.726s] Installing modify_xacro script to /home/sazma/ws_future/install/tm_mod_urdf/lib/tm_mod_urdf
[1.727s] writing list of installed files to '/home/sazma/ws_future/build/tm_mod_urdf/install.log'
[2.194s] Invoked command in '/home/sazma/ws_future/src/tmr_ros2/tm_mod_urdf' returned '0': PYTHONPATH=/home/sazma/ws_future/build/tm_mod_urdf/prefix_override:/home/sazma/ws_future/install/tm_mod_urdf/lib/python3.10/site-packages:${PYTHONPATH} /usr/bin/python3 setup.py egg_info --egg-base ../../../build/tm_mod_urdf build --build-base /home/sazma/ws_future/build/tm_mod_urdf/build install --record /home/sazma/ws_future/build/tm_mod_urdf/install.log --single-version-externally-managed
