[0.831s] Invoking command in '/home/sazma/ws_future/src/mpu_6050/mpu_py': PYTHONPATH=/home/sazma/ws_future/build/mpu_py/prefix_override:/home/sazma/ws_future/install/mpu_py/lib/python3.10/site-packages:${PYTHONPATH} /usr/bin/python3 setup.py egg_info --egg-base ../../../build/mpu_py build --build-base /home/sazma/ws_future/build/mpu_py/build install --record /home/sazma/ws_future/build/mpu_py/install.log --single-version-externally-managed
[1.056s] running egg_info
[1.071s] writing ../../../build/mpu_py/mpu_py.egg-info/PKG-INFO
[1.072s] writing dependency_links to ../../../build/mpu_py/mpu_py.egg-info/dependency_links.txt
[1.072s] writing entry points to ../../../build/mpu_py/mpu_py.egg-info/entry_points.txt
[1.072s] writing requirements to ../../../build/mpu_py/mpu_py.egg-info/requires.txt
[1.072s] writing top-level names to ../../../build/mpu_py/mpu_py.egg-info/top_level.txt
[1.104s] reading manifest file '../../../build/mpu_py/mpu_py.egg-info/SOURCES.txt'
[1.105s] writing manifest file '../../../build/mpu_py/mpu_py.egg-info/SOURCES.txt'
[1.105s] running build
[1.105s] running build_py
[1.105s] running install
[1.105s] /home/sazma/.local/lib/python3.10/site-packages/setuptools/_distutils/cmd.py:66: SetuptoolsDeprecationWarning: setup.py install is deprecated.
[1.106s] !!
[1.106s] 
[1.106s]         ********************************************************************************
[1.106s]         Please avoid running ``setup.py`` directly.
[1.106s]         Instead, use pypa/build, pypa/installer or other
[1.106s]         standards-based tools.
[1.106s] 
[1.106s]         See https://blog.ganssle.io/articles/2021/10/setup-py-deprecated.html for details.
[1.106s]         ********************************************************************************
[1.106s] 
[1.106s] !!
[1.106s]   self.initialize_options()
[1.111s] running install_lib
[1.127s] running install_data
[1.143s] running install_egg_info
[1.161s] removing '/home/sazma/ws_future/install/mpu_py/lib/python3.10/site-packages/mpu_py-0.0.0-py3.10.egg-info' (and everything under it)
[1.161s] Copying ../../../build/mpu_py/mpu_py.egg-info to /home/sazma/ws_future/install/mpu_py/lib/python3.10/site-packages/mpu_py-0.0.0-py3.10.egg-info
[1.162s] running install_scripts
[1.311s] Installing publisher_node script to /home/sazma/ws_future/install/mpu_py/lib/mpu_py
[1.311s] writing list of installed files to '/home/sazma/ws_future/build/mpu_py/install.log'
[1.332s] Invoked command in '/home/sazma/ws_future/src/mpu_6050/mpu_py' returned '0': PYTHONPATH=/home/sazma/ws_future/build/mpu_py/prefix_override:/home/sazma/ws_future/install/mpu_py/lib/python3.10/site-packages:${PYTHONPATH} /usr/bin/python3 setup.py egg_info --egg-base ../../../build/mpu_py build --build-base /home/sazma/ws_future/build/mpu_py/build install --record /home/sazma/ws_future/build/mpu_py/install.log --single-version-externally-managed
