[0.000000] (-) TimerEvent: {}
[0.000381] (-) JobUnselected: {'identifier': 'MPU_6050'}
[0.000415] (-) JobUnselected: {'identifier': 'chomp_motion_planner'}
[0.000435] (-) JobUnselected: {'identifier': 'custom_package'}
[0.000452] (-) JobUnselected: {'identifier': 'demo'}
[0.000468] (-) JobUnselected: {'identifier': 'demo_tmr5_900'}
[0.000483] (-) JobUnselected: {'identifier': 'dual_arm_panda_moveit_config'}
[0.000498] (-) JobUnselected: {'identifier': 'kinova_gen3_6dof_robotiq_2f_85_moveit_config'}
[0.000514] (-) JobUnselected: {'identifier': 'kinova_gen3_7dof_robotiq_2f_85_moveit_config'}
[0.000529] (-) JobUnselected: {'identifier': 'kortex_api'}
[0.000544] (-) JobUnselected: {'identifier': 'kortex_bringup'}
[0.000559] (-) JobUnselected: {'identifier': 'kortex_description'}
[0.000574] (-) JobUnselected: {'identifier': 'kortex_driver'}
[0.000589] (-) JobUnselected: {'identifier': 'moveit'}
[0.000604] (-) JobUnselected: {'identifier': 'moveit2_tutorials'}
[0.000619] (-) JobUnselected: {'identifier': 'moveit_chomp_optimizer_adapter'}
[0.000634] (-) JobUnselected: {'identifier': 'moveit_common'}
[0.000650] (-) JobUnselected: {'identifier': 'moveit_configs_utils'}
[0.000665] (-) JobUnselected: {'identifier': 'moveit_core'}
[0.000680] (-) JobUnselected: {'identifier': 'moveit_hybrid_planning'}
[0.000700] (-) JobUnselected: {'identifier': 'moveit_kinematics'}
[0.000716] (-) JobUnselected: {'identifier': 'moveit_msgs'}
[0.000731] (-) JobUnselected: {'identifier': 'moveit_planners'}
[0.000746] (-) JobUnselected: {'identifier': 'moveit_planners_chomp'}
[0.000761] (-) JobUnselected: {'identifier': 'moveit_planners_ompl'}
[0.000776] (-) JobUnselected: {'identifier': 'moveit_planners_stomp'}
[0.000791] (-) JobUnselected: {'identifier': 'moveit_plugins'}
[0.000806] (-) JobUnselected: {'identifier': 'moveit_py'}
[0.000821] (-) JobUnselected: {'identifier': 'moveit_resources'}
[0.000836] (-) JobUnselected: {'identifier': 'moveit_resources_fanuc_description'}
[0.000852] (-) JobUnselected: {'identifier': 'moveit_resources_fanuc_moveit_config'}
[0.000867] (-) JobUnselected: {'identifier': 'moveit_resources_panda_description'}
[0.000882] (-) JobUnselected: {'identifier': 'moveit_resources_panda_moveit_config'}
[0.000897] (-) JobUnselected: {'identifier': 'moveit_resources_pr2_description'}
[0.000913] (-) JobUnselected: {'identifier': 'moveit_resources_prbt_ikfast_manipulator_plugin'}
[0.000928] (-) JobUnselected: {'identifier': 'moveit_resources_prbt_moveit_config'}
[0.000943] (-) JobUnselected: {'identifier': 'moveit_resources_prbt_pg70_support'}
[0.000958] (-) JobUnselected: {'identifier': 'moveit_resources_prbt_support'}
[0.000973] (-) JobUnselected: {'identifier': 'moveit_ros'}
[0.000988] (-) JobUnselected: {'identifier': 'moveit_ros_benchmarks'}
[0.001002] (-) JobUnselected: {'identifier': 'moveit_ros_control_interface'}
[0.001018] (-) JobUnselected: {'identifier': 'moveit_ros_move_group'}
[0.001033] (-) JobUnselected: {'identifier': 'moveit_ros_occupancy_map_monitor'}
[0.001048] (-) JobUnselected: {'identifier': 'moveit_ros_perception'}
[0.001062] (-) JobUnselected: {'identifier': 'moveit_ros_planning'}
[0.001077] (-) JobUnselected: {'identifier': 'moveit_ros_planning_interface'}
[0.001092] (-) JobUnselected: {'identifier': 'moveit_ros_robot_interaction'}
[0.001107] (-) JobUnselected: {'identifier': 'moveit_ros_visualization'}
[0.001122] (-) JobUnselected: {'identifier': 'moveit_ros_warehouse'}
[0.001137] (-) JobUnselected: {'identifier': 'moveit_runtime'}
[0.001152] (-) JobUnselected: {'identifier': 'moveit_servo'}
[0.001167] (-) JobUnselected: {'identifier': 'moveit_setup_app_plugins'}
[0.001182] (-) JobUnselected: {'identifier': 'moveit_setup_assistant'}
[0.001197] (-) JobUnselected: {'identifier': 'moveit_setup_controllers'}
[0.001212] (-) JobUnselected: {'identifier': 'moveit_setup_core_plugins'}
[0.001227] (-) JobUnselected: {'identifier': 'moveit_setup_framework'}
[0.001242] (-) JobUnselected: {'identifier': 'moveit_setup_srdf_plugins'}
[0.001257] (-) JobUnselected: {'identifier': 'moveit_simple_controller_manager'}
[0.001272] (-) JobUnselected: {'identifier': 'moveit_task_constructor_capabilities'}
[0.001343] (-) JobUnselected: {'identifier': 'moveit_task_constructor_core'}
[0.001361] (-) JobUnselected: {'identifier': 'moveit_task_constructor_demo'}
[0.001376] (-) JobUnselected: {'identifier': 'moveit_task_constructor_msgs'}
[0.001392] (-) JobUnselected: {'identifier': 'moveit_task_constructor_visualization'}
[0.001407] (-) JobUnselected: {'identifier': 'moveit_visual_tools'}
[0.001422] (-) JobUnselected: {'identifier': 'pick_ik'}
[0.001437] (-) JobUnselected: {'identifier': 'pilz_industrial_motion_planner'}
[0.001452] (-) JobUnselected: {'identifier': 'pilz_industrial_motion_planner_testutils'}
[0.001467] (-) JobUnselected: {'identifier': 'rviz_marker_tools'}
[0.001482] (-) JobUnselected: {'identifier': 'rviz_visual_tools'}
[0.001497] (-) JobUnselected: {'identifier': 'techman_robot_msgs'}
[0.001512] (-) JobUnselected: {'identifier': 'tm_description'}
[0.001527] (-) JobUnselected: {'identifier': 'tm_driver'}
[0.001542] (-) JobUnselected: {'identifier': 'tm_get_status'}
[0.001557] (-) JobUnselected: {'identifier': 'tm_mod_urdf'}
[0.001571] (-) JobUnselected: {'identifier': 'tm_moveit_config_tm12'}
[0.001586] (-) JobUnselected: {'identifier': 'tm_moveit_config_tm12x'}
[0.001601] (-) JobUnselected: {'identifier': 'tm_moveit_config_tm14'}
[0.001616] (-) JobUnselected: {'identifier': 'tm_moveit_config_tm14x'}
[0.001637] (-) JobUnselected: {'identifier': 'tm_moveit_config_tm5-700'}
[0.001652] (-) JobUnselected: {'identifier': 'tm_moveit_config_tm5-900'}
[0.001667] (-) JobUnselected: {'identifier': 'tm_moveit_config_tm5x-700'}
[0.001682] (-) JobUnselected: {'identifier': 'tm_moveit_config_tm5x-900'}
[0.001697] (-) JobUnselected: {'identifier': 'tm_moveit_cpp_demo'}
[0.001712] (-) JobUnselected: {'identifier': 'tm_msgs'}
[0.001727] (-) JobUnselected: {'identifier': 'ui_for_debug_and_demo'}
[0.001804] (-) EventReactorShutdown: {}
