[0.163s] Invoking command in '/home/sazma/ws_future/build/moveit_ros_move_group': AMENT_PREFIX_PATH=/home/sazma/ws_future/install/moveit_kinematics:/home/sazma/ws_future/install/moveit_ros_planning:/home/sazma/ws_future/install/moveit_ros_occupancy_map_monitor:/home/sazma/ws_future/install/moveit_core:/home/sazma/ws_future/install/moveit_resources_fanuc_moveit_config:/home/sazma/ws_future/install/moveit_resources_fanuc_description:/home/sazma/ws_future/install/moveit_msgs:/home/sazma/ws_future/install/moveit_common:${AMENT_PREFIX_PATH} CMAKE_PREFIX_PATH=/home/sazma/ws_future/install/moveit_kinematics:/home/sazma/ws_future/install/moveit_ros_planning:/home/sazma/ws_future/install/moveit_ros_occupancy_map_monitor:/home/sazma/ws_future/install/moveit_core:/home/sazma/ws_future/install/moveit_resources_fanuc_moveit_config:/home/sazma/ws_future/install/moveit_resources_fanuc_description:/home/sazma/ws_future/install/moveit_msgs:/home/sazma/ws_future/install/moveit_common:/home/sazma/ws_future/install/ui_for_debug_and_demo:/home/sazma/ws_future/install/tm_driver:/home/sazma/ws_future/install/demo:/home/sazma/ws_future/install/tm_msgs:/home/sazma/ws_future/install/tm_moveit_cpp_demo:/home/sazma/ws_future/install/tm_moveit_config_tm5x-900:/home/sazma/ws_future/install/tm_moveit_config_tm5x-700:/home/sazma/ws_future/install/tm_moveit_config_tm5-900:/home/sazma/ws_future/install/tm_moveit_config_tm5-700:/home/sazma/ws_future/install/tm_moveit_config_tm14x:/home/sazma/ws_future/install/tm_moveit_config_tm14:/home/sazma/ws_future/install/tm_moveit_config_tm12x:/home/sazma/ws_future/install/tm_moveit_config_tm12:/home/sazma/ws_future/install/tm_description:/home/sazma/ws_future/install/custom_package:/home/sazma/ws_future/install/techman_robot_msgs:/home/sazma/ws_tm/install/ui_for_debug_and_demo:/home/sazma/ws_tm/install/tm_driver:/home/sazma/ws_tm/install/demo:/home/sazma/ws_tm/install/tm_msgs:/home/sazma/ws_tm/install/tm_moveit_cpp_demo:/home/sazma/ws_tm/install/tm_moveit_config_tm5x-900:/home/sazma/ws_tm/install/tm_moveit_config_tm5x-700:/home/sazma/ws_tm/install/tm_moveit_config_tm5-900:/home/sazma/ws_tm/install/tm_moveit_config_tm5-700:/home/sazma/ws_tm/install/tm_moveit_config_tm14x:/home/sazma/ws_tm/install/tm_moveit_config_tm14:/home/sazma/ws_tm/install/tm_moveit_config_tm12x:/home/sazma/ws_tm/install/tm_moveit_config_tm12:/home/sazma/ws_tm/install/tm_description:/home/sazma/ws_tm/install/custom_package:/home/sazma/ws_tm/install/techman_robot_msgs:/home/sazma/ws_future/install/tm_mod_urdf:/home/sazma/ws_future/install/tm_get_status:/home/sazma/ws_tm/install/tm_mod_urdf:/home/sazma/ws_tm/install/tm_get_status:/opt/ros/humble LD_LIBRARY_PATH=/home/sazma/ws_future/install/moveit_kinematics/lib:/home/sazma/ws_future/install/moveit_ros_planning/lib:/home/sazma/ws_future/install/moveit_ros_occupancy_map_monitor/lib:/home/sazma/ws_future/install/moveit_core/lib:/home/sazma/ws_future/install/moveit_msgs/lib:${LD_LIBRARY_PATH} PATH=/home/sazma/ws_future/install/moveit_core/bin:${PATH} PYTHONPATH=/home/sazma/ws_future/install/moveit_msgs/local/lib/python3.10/dist-packages:${PYTHONPATH} /usr/bin/cmake /home/sazma/ws_future/src/moveit2/moveit_ros/move_group -DCMAKE_INSTALL_PREFIX=/home/sazma/ws_future/install/moveit_ros_move_group
[0.229s] -- The CXX compiler identification is GNU 11.4.0
[0.239s] -- Detecting CXX compiler ABI info
[0.312s] -- Detecting CXX compiler ABI info - done
[0.320s] -- Check for working CXX compiler: /usr/bin/c++ - skipped
[0.320s] -- Detecting CXX compile features
[0.321s] -- Detecting CXX compile features - done
[0.323s] -- Found moveit_common: 2.8.0 (/home/sazma/ws_future/install/moveit_common/share/moveit_common/cmake)
[0.334s] -- Found ament_cmake: 1.3.5 (/opt/ros/humble/share/ament_cmake/cmake)
[0.566s] -- Found Python3: /usr/bin/python3.10 (found version "3.10.12") found components: Interpreter 
[0.820s] -- Found libdw: /usr/lib/x86_64-linux-gnu/libdw.so  
[0.828s] -- Could NOT find libbfd (missing: LIBBFD_LIBRARY LIBBFD_INCLUDE_DIR) 
[0.828s] -- BACKWARD_HAS_UNWIND=1
[0.828s] -- BACKWARD_HAS_BACKTRACE=0
[0.828s] -- BACKWARD_HAS_BACKTRACE_SYMBOL=0
[0.828s] -- BACKWARD_HAS_DW=1
[0.828s] -- BACKWARD_HAS_BFD=0
[0.829s] -- Found Backward: /opt/ros/humble/share/backward_ros/cmake  
[0.829s] [0mmoveit_ros_move_group: You did not request a specific build type: Choosing 'Release' for maximum performance[0m
[1.101s] -- Found Boost: /usr/lib/x86_64-linux-gnu/cmake/Boost-1.74.0/BoostConfig.cmake (found version "1.74.0") found components: system filesystem date_time program_options thread 
[1.111s] -- Found moveit_core: 2.8.0 (/home/sazma/ws_future/install/moveit_core/share/moveit_core/cmake)
[1.137s] -- Found Boost: /usr/lib/x86_64-linux-gnu/cmake/Boost-1.74.0/BoostConfig.cmake (found version "1.74.0") found components: chrono date_time filesystem iostreams program_options regex serialization system thread 
[1.212s] -- Found parameter_traits: 0.3.6 (/opt/ros/humble/share/parameter_traits/cmake)
[1.292s] -- Found rosidl_generator_c: 3.1.5 (/opt/ros/humble/share/rosidl_generator_c/cmake)
[1.303s] -- Found rosidl_adapter: 3.1.5 (/opt/ros/humble/share/rosidl_adapter/cmake)
[1.318s] -- Found rosidl_generator_cpp: 3.1.5 (/opt/ros/humble/share/rosidl_generator_cpp/cmake)
[1.352s] -- Using all available rosidl_typesupport_c: rosidl_typesupport_fastrtps_c;rosidl_typesupport_introspection_c
[1.384s] -- Using all available rosidl_typesupport_cpp: rosidl_typesupport_fastrtps_cpp;rosidl_typesupport_introspection_cpp
[1.494s] -- Found rmw_implementation_cmake: 6.1.1 (/opt/ros/humble/share/rmw_implementation_cmake/cmake)
[1.501s] -- Found rmw_fastrtps_cpp: 6.2.4 (/opt/ros/humble/share/rmw_fastrtps_cpp/cmake)
[1.626s] -- Found OpenSSL: /usr/lib/x86_64-linux-gnu/libcrypto.so (found version "3.0.2")  
[1.654s] -- Found FastRTPS: /opt/ros/humble/include  
[1.708s] -- Using RMW implementation 'rmw_fastrtps_cpp' as default
[1.729s] -- Found Threads: TRUE  
[1.957s] -- Found rclcpp_lifecycle: 16.0.6 (/opt/ros/humble/share/rclcpp_lifecycle/cmake)
[2.020s] -- Found Boost: /usr/lib/x86_64-linux-gnu/cmake/Boost-1.74.0/BoostConfig.cmake (found version "1.74.0") found components: filesystem 
[2.183s] -- library: /usr/lib/x86_64-linux-gnu/libcurl.so
[2.550s] -- Found Eigen3: TRUE (found version "3.4.0") 
[2.550s] -- Ensuring Eigen3 include directory is part of orocos-kdl CMake target
[3.895s] -- Found moveit_ros_occupancy_map_monitor: 2.8.0 (/home/sazma/ws_future/install/moveit_ros_occupancy_map_monitor/share/moveit_ros_occupancy_map_monitor/cmake)
[4.130s] -- Found moveit_ros_planning: 2.8.0 (/home/sazma/ws_future/install/moveit_ros_planning/share/moveit_ros_planning/cmake)
[4.135s] -- Found Boost: /usr/lib/x86_64-linux-gnu/cmake/Boost-1.74.0/BoostConfig.cmake (found version "1.74.0") found components: system filesystem date_time program_options thread chrono 
[4.390s] -- Found std_srvs: 4.2.3 (/opt/ros/humble/share/std_srvs/cmake)
[4.482s] -- Found ament_lint_auto: 0.12.8 (/opt/ros/humble/share/ament_lint_auto/cmake)
[4.515s] -- Added test 'cppcheck' to perform static code analysis on C / C++ code
[4.516s] -- Configured cppcheck include dirs: $<BUILD_INTERFACE:/home/sazma/ws_future/src/moveit2/moveit_ros/move_group/include>;/home/sazma/ws_future/src/moveit2/moveit_ros/move_group/include
[4.516s] -- Configured cppcheck exclude dirs and/or files: 
[4.517s] -- Added test 'lint_cmake' to check CMake code style
[4.519s] -- Added test 'pep257' to check Python code against some of the docstring style conventions in PEP 257
[4.520s] -- Added test 'xmllint' to check XML markup files
[4.524s] -- Configuring done
[4.599s] -- Generating done
[4.601s] -- Build files have been written to: /home/sazma/ws_future/build/moveit_ros_move_group
[4.614s] Invoked command in '/home/sazma/ws_future/build/moveit_ros_move_group' returned '0': AMENT_PREFIX_PATH=/home/sazma/ws_future/install/moveit_kinematics:/home/sazma/ws_future/install/moveit_ros_planning:/home/sazma/ws_future/install/moveit_ros_occupancy_map_monitor:/home/sazma/ws_future/install/moveit_core:/home/sazma/ws_future/install/moveit_resources_fanuc_moveit_config:/home/sazma/ws_future/install/moveit_resources_fanuc_description:/home/sazma/ws_future/install/moveit_msgs:/home/sazma/ws_future/install/moveit_common:${AMENT_PREFIX_PATH} CMAKE_PREFIX_PATH=/home/sazma/ws_future/install/moveit_kinematics:/home/sazma/ws_future/install/moveit_ros_planning:/home/sazma/ws_future/install/moveit_ros_occupancy_map_monitor:/home/sazma/ws_future/install/moveit_core:/home/sazma/ws_future/install/moveit_resources_fanuc_moveit_config:/home/sazma/ws_future/install/moveit_resources_fanuc_description:/home/sazma/ws_future/install/moveit_msgs:/home/sazma/ws_future/install/moveit_common:/home/sazma/ws_future/install/ui_for_debug_and_demo:/home/sazma/ws_future/install/tm_driver:/home/sazma/ws_future/install/demo:/home/sazma/ws_future/install/tm_msgs:/home/sazma/ws_future/install/tm_moveit_cpp_demo:/home/sazma/ws_future/install/tm_moveit_config_tm5x-900:/home/sazma/ws_future/install/tm_moveit_config_tm5x-700:/home/sazma/ws_future/install/tm_moveit_config_tm5-900:/home/sazma/ws_future/install/tm_moveit_config_tm5-700:/home/sazma/ws_future/install/tm_moveit_config_tm14x:/home/sazma/ws_future/install/tm_moveit_config_tm14:/home/sazma/ws_future/install/tm_moveit_config_tm12x:/home/sazma/ws_future/install/tm_moveit_config_tm12:/home/sazma/ws_future/install/tm_description:/home/sazma/ws_future/install/custom_package:/home/sazma/ws_future/install/techman_robot_msgs:/home/sazma/ws_tm/install/ui_for_debug_and_demo:/home/sazma/ws_tm/install/tm_driver:/home/sazma/ws_tm/install/demo:/home/sazma/ws_tm/install/tm_msgs:/home/sazma/ws_tm/install/tm_moveit_cpp_demo:/home/sazma/ws_tm/install/tm_moveit_config_tm5x-900:/home/sazma/ws_tm/install/tm_moveit_config_tm5x-700:/home/sazma/ws_tm/install/tm_moveit_config_tm5-900:/home/sazma/ws_tm/install/tm_moveit_config_tm5-700:/home/sazma/ws_tm/install/tm_moveit_config_tm14x:/home/sazma/ws_tm/install/tm_moveit_config_tm14:/home/sazma/ws_tm/install/tm_moveit_config_tm12x:/home/sazma/ws_tm/install/tm_moveit_config_tm12:/home/sazma/ws_tm/install/tm_description:/home/sazma/ws_tm/install/custom_package:/home/sazma/ws_tm/install/techman_robot_msgs:/home/sazma/ws_future/install/tm_mod_urdf:/home/sazma/ws_future/install/tm_get_status:/home/sazma/ws_tm/install/tm_mod_urdf:/home/sazma/ws_tm/install/tm_get_status:/opt/ros/humble LD_LIBRARY_PATH=/home/sazma/ws_future/install/moveit_kinematics/lib:/home/sazma/ws_future/install/moveit_ros_planning/lib:/home/sazma/ws_future/install/moveit_ros_occupancy_map_monitor/lib:/home/sazma/ws_future/install/moveit_core/lib:/home/sazma/ws_future/install/moveit_msgs/lib:${LD_LIBRARY_PATH} PATH=/home/sazma/ws_future/install/moveit_core/bin:${PATH} PYTHONPATH=/home/sazma/ws_future/install/moveit_msgs/local/lib/python3.10/dist-packages:${PYTHONPATH} /usr/bin/cmake /home/sazma/ws_future/src/moveit2/moveit_ros/move_group -DCMAKE_INSTALL_PREFIX=/home/sazma/ws_future/install/moveit_ros_move_group
[4.616s] Invoking command in '/home/sazma/ws_future/build/moveit_ros_move_group': AMENT_PREFIX_PATH=/home/sazma/ws_future/install/moveit_kinematics:/home/sazma/ws_future/install/moveit_ros_planning:/home/sazma/ws_future/install/moveit_ros_occupancy_map_monitor:/home/sazma/ws_future/install/moveit_core:/home/sazma/ws_future/install/moveit_resources_fanuc_moveit_config:/home/sazma/ws_future/install/moveit_resources_fanuc_description:/home/sazma/ws_future/install/moveit_msgs:/home/sazma/ws_future/install/moveit_common:${AMENT_PREFIX_PATH} CMAKE_PREFIX_PATH=/home/sazma/ws_future/install/moveit_kinematics:/home/sazma/ws_future/install/moveit_ros_planning:/home/sazma/ws_future/install/moveit_ros_occupancy_map_monitor:/home/sazma/ws_future/install/moveit_core:/home/sazma/ws_future/install/moveit_resources_fanuc_moveit_config:/home/sazma/ws_future/install/moveit_resources_fanuc_description:/home/sazma/ws_future/install/moveit_msgs:/home/sazma/ws_future/install/moveit_common:/home/sazma/ws_future/install/ui_for_debug_and_demo:/home/sazma/ws_future/install/tm_driver:/home/sazma/ws_future/install/demo:/home/sazma/ws_future/install/tm_msgs:/home/sazma/ws_future/install/tm_moveit_cpp_demo:/home/sazma/ws_future/install/tm_moveit_config_tm5x-900:/home/sazma/ws_future/install/tm_moveit_config_tm5x-700:/home/sazma/ws_future/install/tm_moveit_config_tm5-900:/home/sazma/ws_future/install/tm_moveit_config_tm5-700:/home/sazma/ws_future/install/tm_moveit_config_tm14x:/home/sazma/ws_future/install/tm_moveit_config_tm14:/home/sazma/ws_future/install/tm_moveit_config_tm12x:/home/sazma/ws_future/install/tm_moveit_config_tm12:/home/sazma/ws_future/install/tm_description:/home/sazma/ws_future/install/custom_package:/home/sazma/ws_future/install/techman_robot_msgs:/home/sazma/ws_tm/install/ui_for_debug_and_demo:/home/sazma/ws_tm/install/tm_driver:/home/sazma/ws_tm/install/demo:/home/sazma/ws_tm/install/tm_msgs:/home/sazma/ws_tm/install/tm_moveit_cpp_demo:/home/sazma/ws_tm/install/tm_moveit_config_tm5x-900:/home/sazma/ws_tm/install/tm_moveit_config_tm5x-700:/home/sazma/ws_tm/install/tm_moveit_config_tm5-900:/home/sazma/ws_tm/install/tm_moveit_config_tm5-700:/home/sazma/ws_tm/install/tm_moveit_config_tm14x:/home/sazma/ws_tm/install/tm_moveit_config_tm14:/home/sazma/ws_tm/install/tm_moveit_config_tm12x:/home/sazma/ws_tm/install/tm_moveit_config_tm12:/home/sazma/ws_tm/install/tm_description:/home/sazma/ws_tm/install/custom_package:/home/sazma/ws_tm/install/techman_robot_msgs:/home/sazma/ws_future/install/tm_mod_urdf:/home/sazma/ws_future/install/tm_get_status:/home/sazma/ws_tm/install/tm_mod_urdf:/home/sazma/ws_tm/install/tm_get_status:/opt/ros/humble LD_LIBRARY_PATH=/home/sazma/ws_future/install/moveit_kinematics/lib:/home/sazma/ws_future/install/moveit_ros_planning/lib:/home/sazma/ws_future/install/moveit_ros_occupancy_map_monitor/lib:/home/sazma/ws_future/install/moveit_core/lib:/home/sazma/ws_future/install/moveit_msgs/lib:${LD_LIBRARY_PATH} PATH=/home/sazma/ws_future/install/moveit_core/bin:${PATH} PYTHONPATH=/home/sazma/ws_future/install/moveit_msgs/local/lib/python3.10/dist-packages:${PYTHONPATH} /usr/bin/cmake --build /home/sazma/ws_future/build/moveit_ros_move_group -- -j12 -l12
[4.670s] [ 10%] [32mBuilding CXX object CMakeFiles/moveit_move_group_capabilities_base.dir/src/move_group_context.cpp.o[0m
[4.670s] [ 10%] [32mBuilding CXX object CMakeFiles/moveit_move_group_capabilities_base.dir/src/move_group_capability.cpp.o[0m
[18.825s] [ 15%] [32m[1mLinking CXX shared library libmoveit_move_group_capabilities_base.so[0m
[19.068s] [ 15%] Built target moveit_move_group_capabilities_base
[19.099s] [ 42%] [32mBuilding CXX object CMakeFiles/moveit_move_group_default_capabilities.dir/src/default_capabilities/clear_octomap_service_capability.cpp.o[0m
[19.099s] [ 42%] [32mBuilding CXX object CMakeFiles/moveit_move_group_default_capabilities.dir/src/default_capabilities/execute_trajectory_action_capability.cpp.o[0m
[19.099s] [ 42%] [32mBuilding CXX object CMakeFiles/move_group.dir/src/move_group.cpp.o[0m
[19.099s] [ 47%] [32mBuilding CXX object CMakeFiles/list_move_group_capabilities.dir/src/list_capabilities.cpp.o[0m
[19.099s] [ 47%] [32mBuilding CXX object CMakeFiles/moveit_move_group_default_capabilities.dir/src/default_capabilities/cartesian_path_service_capability.cpp.o[0m
[19.099s] [ 42%] [32mBuilding CXX object CMakeFiles/moveit_move_group_default_capabilities.dir/src/default_capabilities/apply_planning_scene_service_capability.cpp.o[0m
[19.099s] [ 57%] [32mBuilding CXX object CMakeFiles/moveit_move_group_default_capabilities.dir/src/default_capabilities/kinematics_service_capability.cpp.o[0m
[19.099s] [ 57%] [32mBuilding CXX object CMakeFiles/moveit_move_group_default_capabilities.dir/src/default_capabilities/get_planning_scene_service_capability.cpp.o[0m
[19.110s] [ 63%] [32mBuilding CXX object CMakeFiles/moveit_move_group_default_capabilities.dir/src/default_capabilities/move_action_capability.cpp.o[0m
[19.112s] [ 68%] [32mBuilding CXX object CMakeFiles/moveit_move_group_default_capabilities.dir/src/default_capabilities/plan_service_capability.cpp.o[0m
[19.112s] [ 73%] [32mBuilding CXX object CMakeFiles/moveit_move_group_default_capabilities.dir/src/default_capabilities/query_planners_service_capability.cpp.o[0m
[19.118s] [ 78%] [32mBuilding CXX object CMakeFiles/moveit_move_group_default_capabilities.dir/src/default_capabilities/state_validation_service_capability.cpp.o[0m
[65.406s] [ 84%] [32m[1mLinking CXX executable list_move_group_capabilities[0m
[65.623s] [ 84%] Built target list_move_group_capabilities
[66.899s] [ 89%] [32m[1mLinking CXX executable move_group[0m
[67.378s] [ 89%] Built target move_group
[67.826s] [ 94%] [32mBuilding CXX object CMakeFiles/moveit_move_group_default_capabilities.dir/src/default_capabilities/tf_publisher_capability.cpp.o[0m
[80.289s] [100%] [32m[1mLinking CXX shared library libmoveit_move_group_default_capabilities.so[0m
[80.641s] [100%] Built target moveit_move_group_default_capabilities
[80.671s] Invoked command in '/home/sazma/ws_future/build/moveit_ros_move_group' returned '0': AMENT_PREFIX_PATH=/home/sazma/ws_future/install/moveit_kinematics:/home/sazma/ws_future/install/moveit_ros_planning:/home/sazma/ws_future/install/moveit_ros_occupancy_map_monitor:/home/sazma/ws_future/install/moveit_core:/home/sazma/ws_future/install/moveit_resources_fanuc_moveit_config:/home/sazma/ws_future/install/moveit_resources_fanuc_description:/home/sazma/ws_future/install/moveit_msgs:/home/sazma/ws_future/install/moveit_common:${AMENT_PREFIX_PATH} CMAKE_PREFIX_PATH=/home/sazma/ws_future/install/moveit_kinematics:/home/sazma/ws_future/install/moveit_ros_planning:/home/sazma/ws_future/install/moveit_ros_occupancy_map_monitor:/home/sazma/ws_future/install/moveit_core:/home/sazma/ws_future/install/moveit_resources_fanuc_moveit_config:/home/sazma/ws_future/install/moveit_resources_fanuc_description:/home/sazma/ws_future/install/moveit_msgs:/home/sazma/ws_future/install/moveit_common:/home/sazma/ws_future/install/ui_for_debug_and_demo:/home/sazma/ws_future/install/tm_driver:/home/sazma/ws_future/install/demo:/home/sazma/ws_future/install/tm_msgs:/home/sazma/ws_future/install/tm_moveit_cpp_demo:/home/sazma/ws_future/install/tm_moveit_config_tm5x-900:/home/sazma/ws_future/install/tm_moveit_config_tm5x-700:/home/sazma/ws_future/install/tm_moveit_config_tm5-900:/home/sazma/ws_future/install/tm_moveit_config_tm5-700:/home/sazma/ws_future/install/tm_moveit_config_tm14x:/home/sazma/ws_future/install/tm_moveit_config_tm14:/home/sazma/ws_future/install/tm_moveit_config_tm12x:/home/sazma/ws_future/install/tm_moveit_config_tm12:/home/sazma/ws_future/install/tm_description:/home/sazma/ws_future/install/custom_package:/home/sazma/ws_future/install/techman_robot_msgs:/home/sazma/ws_tm/install/ui_for_debug_and_demo:/home/sazma/ws_tm/install/tm_driver:/home/sazma/ws_tm/install/demo:/home/sazma/ws_tm/install/tm_msgs:/home/sazma/ws_tm/install/tm_moveit_cpp_demo:/home/sazma/ws_tm/install/tm_moveit_config_tm5x-900:/home/sazma/ws_tm/install/tm_moveit_config_tm5x-700:/home/sazma/ws_tm/install/tm_moveit_config_tm5-900:/home/sazma/ws_tm/install/tm_moveit_config_tm5-700:/home/sazma/ws_tm/install/tm_moveit_config_tm14x:/home/sazma/ws_tm/install/tm_moveit_config_tm14:/home/sazma/ws_tm/install/tm_moveit_config_tm12x:/home/sazma/ws_tm/install/tm_moveit_config_tm12:/home/sazma/ws_tm/install/tm_description:/home/sazma/ws_tm/install/custom_package:/home/sazma/ws_tm/install/techman_robot_msgs:/home/sazma/ws_future/install/tm_mod_urdf:/home/sazma/ws_future/install/tm_get_status:/home/sazma/ws_tm/install/tm_mod_urdf:/home/sazma/ws_tm/install/tm_get_status:/opt/ros/humble LD_LIBRARY_PATH=/home/sazma/ws_future/install/moveit_kinematics/lib:/home/sazma/ws_future/install/moveit_ros_planning/lib:/home/sazma/ws_future/install/moveit_ros_occupancy_map_monitor/lib:/home/sazma/ws_future/install/moveit_core/lib:/home/sazma/ws_future/install/moveit_msgs/lib:${LD_LIBRARY_PATH} PATH=/home/sazma/ws_future/install/moveit_core/bin:${PATH} PYTHONPATH=/home/sazma/ws_future/install/moveit_msgs/local/lib/python3.10/dist-packages:${PYTHONPATH} /usr/bin/cmake --build /home/sazma/ws_future/build/moveit_ros_move_group -- -j12 -l12
[80.717s] Invoking command in '/home/sazma/ws_future/build/moveit_ros_move_group': AMENT_PREFIX_PATH=/home/sazma/ws_future/install/moveit_kinematics:/home/sazma/ws_future/install/moveit_ros_planning:/home/sazma/ws_future/install/moveit_ros_occupancy_map_monitor:/home/sazma/ws_future/install/moveit_core:/home/sazma/ws_future/install/moveit_resources_fanuc_moveit_config:/home/sazma/ws_future/install/moveit_resources_fanuc_description:/home/sazma/ws_future/install/moveit_msgs:/home/sazma/ws_future/install/moveit_common:${AMENT_PREFIX_PATH} CMAKE_PREFIX_PATH=/home/sazma/ws_future/install/moveit_kinematics:/home/sazma/ws_future/install/moveit_ros_planning:/home/sazma/ws_future/install/moveit_ros_occupancy_map_monitor:/home/sazma/ws_future/install/moveit_core:/home/sazma/ws_future/install/moveit_resources_fanuc_moveit_config:/home/sazma/ws_future/install/moveit_resources_fanuc_description:/home/sazma/ws_future/install/moveit_msgs:/home/sazma/ws_future/install/moveit_common:/home/sazma/ws_future/install/ui_for_debug_and_demo:/home/sazma/ws_future/install/tm_driver:/home/sazma/ws_future/install/demo:/home/sazma/ws_future/install/tm_msgs:/home/sazma/ws_future/install/tm_moveit_cpp_demo:/home/sazma/ws_future/install/tm_moveit_config_tm5x-900:/home/sazma/ws_future/install/tm_moveit_config_tm5x-700:/home/sazma/ws_future/install/tm_moveit_config_tm5-900:/home/sazma/ws_future/install/tm_moveit_config_tm5-700:/home/sazma/ws_future/install/tm_moveit_config_tm14x:/home/sazma/ws_future/install/tm_moveit_config_tm14:/home/sazma/ws_future/install/tm_moveit_config_tm12x:/home/sazma/ws_future/install/tm_moveit_config_tm12:/home/sazma/ws_future/install/tm_description:/home/sazma/ws_future/install/custom_package:/home/sazma/ws_future/install/techman_robot_msgs:/home/sazma/ws_tm/install/ui_for_debug_and_demo:/home/sazma/ws_tm/install/tm_driver:/home/sazma/ws_tm/install/demo:/home/sazma/ws_tm/install/tm_msgs:/home/sazma/ws_tm/install/tm_moveit_cpp_demo:/home/sazma/ws_tm/install/tm_moveit_config_tm5x-900:/home/sazma/ws_tm/install/tm_moveit_config_tm5x-700:/home/sazma/ws_tm/install/tm_moveit_config_tm5-900:/home/sazma/ws_tm/install/tm_moveit_config_tm5-700:/home/sazma/ws_tm/install/tm_moveit_config_tm14x:/home/sazma/ws_tm/install/tm_moveit_config_tm14:/home/sazma/ws_tm/install/tm_moveit_config_tm12x:/home/sazma/ws_tm/install/tm_moveit_config_tm12:/home/sazma/ws_tm/install/tm_description:/home/sazma/ws_tm/install/custom_package:/home/sazma/ws_tm/install/techman_robot_msgs:/home/sazma/ws_future/install/tm_mod_urdf:/home/sazma/ws_future/install/tm_get_status:/home/sazma/ws_tm/install/tm_mod_urdf:/home/sazma/ws_tm/install/tm_get_status:/opt/ros/humble LD_LIBRARY_PATH=/home/sazma/ws_future/install/moveit_kinematics/lib:/home/sazma/ws_future/install/moveit_ros_planning/lib:/home/sazma/ws_future/install/moveit_ros_occupancy_map_monitor/lib:/home/sazma/ws_future/install/moveit_core/lib:/home/sazma/ws_future/install/moveit_msgs/lib:${LD_LIBRARY_PATH} PATH=/home/sazma/ws_future/install/moveit_core/bin:${PATH} PYTHONPATH=/home/sazma/ws_future/install/moveit_msgs/local/lib/python3.10/dist-packages:${PYTHONPATH} /usr/bin/cmake --install /home/sazma/ws_future/build/moveit_ros_move_group
[80.723s] -- Install configuration: "Release"
[80.723s] -- Installing: /home/sazma/ws_future/install/moveit_ros_move_group/lib/moveit_ros_move_group/move_group
[80.724s] -- Set runtime path of "/home/sazma/ws_future/install/moveit_ros_move_group/lib/moveit_ros_move_group/move_group" to ""
[80.724s] -- Installing: /home/sazma/ws_future/install/moveit_ros_move_group/lib/moveit_ros_move_group/list_move_group_capabilities
[80.725s] -- Set runtime path of "/home/sazma/ws_future/install/moveit_ros_move_group/lib/moveit_ros_move_group/list_move_group_capabilities" to ""
[80.725s] -- Installing: /home/sazma/ws_future/install/moveit_ros_move_group/lib/libmoveit_move_group_default_capabilities.so.2.8.0
[80.726s] -- Set runtime path of "/home/sazma/ws_future/install/moveit_ros_move_group/lib/libmoveit_move_group_default_capabilities.so.2.8.0" to ""
[80.726s] -- Installing: /home/sazma/ws_future/install/moveit_ros_move_group/lib/libmoveit_move_group_default_capabilities.so
[80.726s] -- Installing: /home/sazma/ws_future/install/moveit_ros_move_group/lib/libmoveit_move_group_capabilities_base.so.2.8.0
[80.727s] -- Set runtime path of "/home/sazma/ws_future/install/moveit_ros_move_group/lib/libmoveit_move_group_capabilities_base.so.2.8.0" to ""
[80.727s] -- Installing: /home/sazma/ws_future/install/moveit_ros_move_group/lib/libmoveit_move_group_capabilities_base.so
[80.727s] -- Installing: /home/sazma/ws_future/install/moveit_ros_move_group/include/moveit_ros_move_group
[80.727s] -- Installing: /home/sazma/ws_future/install/moveit_ros_move_group/include/moveit_ros_move_group/moveit
[80.727s] -- Installing: /home/sazma/ws_future/install/moveit_ros_move_group/include/moveit_ros_move_group/moveit/move_group
[80.727s] -- Installing: /home/sazma/ws_future/install/moveit_ros_move_group/include/moveit_ros_move_group/moveit/move_group/capability_names.h
[80.727s] -- Installing: /home/sazma/ws_future/install/moveit_ros_move_group/include/moveit_ros_move_group/moveit/move_group/move_group_capability.h
[80.727s] -- Installing: /home/sazma/ws_future/install/moveit_ros_move_group/include/moveit_ros_move_group/moveit/move_group/move_group_context.h
[80.727s] -- Installing: /home/sazma/ws_future/install/moveit_ros_move_group/lib/moveit_ros_move_group/load_map
[80.727s] -- Installing: /home/sazma/ws_future/install/moveit_ros_move_group/lib/moveit_ros_move_group/save_map
[80.728s] -- Installing: /home/sazma/ws_future/install/moveit_ros_move_group/share/moveit_ros_move_group/default_capabilities_plugin_description.xml
[80.728s] -- Installing: /home/sazma/ws_future/install/moveit_ros_move_group/share/moveit_ros_move_group/environment/library_path.sh
[80.728s] -- Installing: /home/sazma/ws_future/install/moveit_ros_move_group/share/moveit_ros_move_group/environment/library_path.dsv
[80.729s] -- Installing: /home/sazma/ws_future/install/moveit_ros_move_group/share/ament_index/resource_index/package_run_dependencies/moveit_ros_move_group
[80.729s] -- Installing: /home/sazma/ws_future/install/moveit_ros_move_group/share/ament_index/resource_index/parent_prefix_path/moveit_ros_move_group
[80.729s] -- Installing: /home/sazma/ws_future/install/moveit_ros_move_group/share/moveit_ros_move_group/environment/ament_prefix_path.sh
[80.729s] -- Installing: /home/sazma/ws_future/install/moveit_ros_move_group/share/moveit_ros_move_group/environment/ament_prefix_path.dsv
[80.729s] -- Installing: /home/sazma/ws_future/install/moveit_ros_move_group/share/moveit_ros_move_group/environment/path.sh
[80.730s] -- Installing: /home/sazma/ws_future/install/moveit_ros_move_group/share/moveit_ros_move_group/environment/path.dsv
[80.730s] -- Installing: /home/sazma/ws_future/install/moveit_ros_move_group/share/moveit_ros_move_group/local_setup.bash
[80.730s] -- Installing: /home/sazma/ws_future/install/moveit_ros_move_group/share/moveit_ros_move_group/local_setup.sh
[80.730s] -- Installing: /home/sazma/ws_future/install/moveit_ros_move_group/share/moveit_ros_move_group/local_setup.zsh
[80.730s] -- Installing: /home/sazma/ws_future/install/moveit_ros_move_group/share/moveit_ros_move_group/local_setup.dsv
[80.730s] -- Installing: /home/sazma/ws_future/install/moveit_ros_move_group/share/moveit_ros_move_group/package.dsv
[80.731s] -- Installing: /home/sazma/ws_future/install/moveit_ros_move_group/share/ament_index/resource_index/packages/moveit_ros_move_group
[80.731s] -- Installing: /home/sazma/ws_future/install/moveit_ros_move_group/share/ament_index/resource_index/moveit_ros_move_group__pluginlib__plugin/moveit_ros_move_group
[80.731s] -- Installing: /home/sazma/ws_future/install/moveit_ros_move_group/share/moveit_ros_move_group/cmake/moveit_ros_move_groupTargetsExport.cmake
[80.731s] -- Installing: /home/sazma/ws_future/install/moveit_ros_move_group/share/moveit_ros_move_group/cmake/moveit_ros_move_groupTargetsExport-release.cmake
[80.732s] -- Installing: /home/sazma/ws_future/install/moveit_ros_move_group/share/moveit_ros_move_group/cmake/ConfigExtras.cmake
[80.732s] -- Installing: /home/sazma/ws_future/install/moveit_ros_move_group/share/moveit_ros_move_group/cmake/ament_cmake_export_targets-extras.cmake
[80.732s] -- Installing: /home/sazma/ws_future/install/moveit_ros_move_group/share/moveit_ros_move_group/cmake/ament_cmake_export_dependencies-extras.cmake
[80.732s] -- Installing: /home/sazma/ws_future/install/moveit_ros_move_group/share/moveit_ros_move_group/cmake/moveit_ros_move_groupConfig.cmake
[80.733s] -- Installing: /home/sazma/ws_future/install/moveit_ros_move_group/share/moveit_ros_move_group/cmake/moveit_ros_move_groupConfig-version.cmake
[80.733s] -- Installing: /home/sazma/ws_future/install/moveit_ros_move_group/share/moveit_ros_move_group/package.xml
[80.735s] Invoked command in '/home/sazma/ws_future/build/moveit_ros_move_group' returned '0': AMENT_PREFIX_PATH=/home/sazma/ws_future/install/moveit_kinematics:/home/sazma/ws_future/install/moveit_ros_planning:/home/sazma/ws_future/install/moveit_ros_occupancy_map_monitor:/home/sazma/ws_future/install/moveit_core:/home/sazma/ws_future/install/moveit_resources_fanuc_moveit_config:/home/sazma/ws_future/install/moveit_resources_fanuc_description:/home/sazma/ws_future/install/moveit_msgs:/home/sazma/ws_future/install/moveit_common:${AMENT_PREFIX_PATH} CMAKE_PREFIX_PATH=/home/sazma/ws_future/install/moveit_kinematics:/home/sazma/ws_future/install/moveit_ros_planning:/home/sazma/ws_future/install/moveit_ros_occupancy_map_monitor:/home/sazma/ws_future/install/moveit_core:/home/sazma/ws_future/install/moveit_resources_fanuc_moveit_config:/home/sazma/ws_future/install/moveit_resources_fanuc_description:/home/sazma/ws_future/install/moveit_msgs:/home/sazma/ws_future/install/moveit_common:/home/sazma/ws_future/install/ui_for_debug_and_demo:/home/sazma/ws_future/install/tm_driver:/home/sazma/ws_future/install/demo:/home/sazma/ws_future/install/tm_msgs:/home/sazma/ws_future/install/tm_moveit_cpp_demo:/home/sazma/ws_future/install/tm_moveit_config_tm5x-900:/home/sazma/ws_future/install/tm_moveit_config_tm5x-700:/home/sazma/ws_future/install/tm_moveit_config_tm5-900:/home/sazma/ws_future/install/tm_moveit_config_tm5-700:/home/sazma/ws_future/install/tm_moveit_config_tm14x:/home/sazma/ws_future/install/tm_moveit_config_tm14:/home/sazma/ws_future/install/tm_moveit_config_tm12x:/home/sazma/ws_future/install/tm_moveit_config_tm12:/home/sazma/ws_future/install/tm_description:/home/sazma/ws_future/install/custom_package:/home/sazma/ws_future/install/techman_robot_msgs:/home/sazma/ws_tm/install/ui_for_debug_and_demo:/home/sazma/ws_tm/install/tm_driver:/home/sazma/ws_tm/install/demo:/home/sazma/ws_tm/install/tm_msgs:/home/sazma/ws_tm/install/tm_moveit_cpp_demo:/home/sazma/ws_tm/install/tm_moveit_config_tm5x-900:/home/sazma/ws_tm/install/tm_moveit_config_tm5x-700:/home/sazma/ws_tm/install/tm_moveit_config_tm5-900:/home/sazma/ws_tm/install/tm_moveit_config_tm5-700:/home/sazma/ws_tm/install/tm_moveit_config_tm14x:/home/sazma/ws_tm/install/tm_moveit_config_tm14:/home/sazma/ws_tm/install/tm_moveit_config_tm12x:/home/sazma/ws_tm/install/tm_moveit_config_tm12:/home/sazma/ws_tm/install/tm_description:/home/sazma/ws_tm/install/custom_package:/home/sazma/ws_tm/install/techman_robot_msgs:/home/sazma/ws_future/install/tm_mod_urdf:/home/sazma/ws_future/install/tm_get_status:/home/sazma/ws_tm/install/tm_mod_urdf:/home/sazma/ws_tm/install/tm_get_status:/opt/ros/humble LD_LIBRARY_PATH=/home/sazma/ws_future/install/moveit_kinematics/lib:/home/sazma/ws_future/install/moveit_ros_planning/lib:/home/sazma/ws_future/install/moveit_ros_occupancy_map_monitor/lib:/home/sazma/ws_future/install/moveit_core/lib:/home/sazma/ws_future/install/moveit_msgs/lib:${LD_LIBRARY_PATH} PATH=/home/sazma/ws_future/install/moveit_core/bin:${PATH} PYTHONPATH=/home/sazma/ws_future/install/moveit_msgs/local/lib/python3.10/dist-packages:${PYTHONPATH} /usr/bin/cmake --install /home/sazma/ws_future/build/moveit_ros_move_group
