[1.282s] Invoking command in '/home/sazma/ws_future/build/kortex_api': CMAKE_PREFIX_PATH=/home/sazma/ws_future/install/ui_for_debug_and_demo:/home/sazma/ws_future/install/tm_driver:/home/sazma/ws_future/install/demo:/home/sazma/ws_future/install/tm_msgs:/home/sazma/ws_future/install/tm_moveit_cpp_demo:/home/sazma/ws_future/install/tm_moveit_config_tm5x-900:/home/sazma/ws_future/install/tm_moveit_config_tm5x-700:/home/sazma/ws_future/install/tm_moveit_config_tm5-900:/home/sazma/ws_future/install/tm_moveit_config_tm5-700:/home/sazma/ws_future/install/tm_moveit_config_tm14x:/home/sazma/ws_future/install/tm_moveit_config_tm14:/home/sazma/ws_future/install/tm_moveit_config_tm12x:/home/sazma/ws_future/install/tm_moveit_config_tm12:/home/sazma/ws_future/install/tm_mod_urdf:/home/sazma/ws_future/install/tm_get_status:/home/sazma/ws_future/install/tm_description:/home/sazma/ws_future/install/custom_package:/home/sazma/ws_future/install/techman_robot_msgs:/home/sazma/ws_future/install/moveit2_tutorials:/home/sazma/ws_future/install/moveit_visual_tools:/home/sazma/ws_future/install/rviz_visual_tools:/home/sazma/ws_future/install/moveit_task_constructor_visualization:/home/sazma/ws_future/install/moveit_task_constructor_demo:/home/sazma/ws_future/install/moveit_task_constructor_capabilities:/home/sazma/ws_future/install/moveit_task_constructor_core:/home/sazma/ws_future/install/rviz_marker_tools:/home/sazma/ws_future/install/pilz_industrial_motion_planner_testutils:/home/sazma/ws_future/install/moveit_runtime:/home/sazma/ws_future/install/moveit:/home/sazma/ws_future/install/kinova_gen3_7dof_robotiq_2f_85_moveit_config:/home/sazma/ws_future/install/kinova_gen3_6dof_robotiq_2f_85_moveit_config:/home/sazma/ws_future/install/moveit_planners:/home/sazma/ws_future/install/pilz_industrial_motion_planner:/home/sazma/ws_future/install/pick_ik:/home/sazma/ws_future/install/moveit_task_constructor_msgs:/home/sazma/ws_future/install/moveit_ros_control_interface:/home/sazma/ws_future/install/moveit_plugins:/home/sazma/ws_future/install/moveit_simple_controller_manager:/home/sazma/ws_future/install/moveit_setup_assistant:/home/sazma/ws_future/install/moveit_setup_srdf_plugins:/home/sazma/ws_future/install/moveit_setup_core_plugins:/home/sazma/ws_future/install/moveit_setup_controllers:/home/sazma/ws_future/install/moveit_setup_app_plugins:/home/sazma/ws_future/install/moveit_setup_framework:/home/sazma/ws_future/install/moveit_servo:/home/sazma/ws_future/install/moveit_ros:/home/sazma/ws_future/install/moveit_ros_visualization:/home/sazma/ws_future/install/moveit_py:/home/sazma/ws_future/install/moveit_hybrid_planning:/home/sazma/ws_future/install/moveit_ros_planning_interface:/home/sazma/ws_future/install/moveit_ros_benchmarks:/home/sazma/ws_future/install/moveit_ros_warehouse:/home/sazma/ws_future/install/moveit_ros_robot_interaction:/home/sazma/ws_future/install/moveit_ros_perception:/home/sazma/ws_future/install/moveit_resources_prbt_pg70_support:/home/sazma/ws_future/install/moveit_resources_prbt_moveit_config:/home/sazma/ws_future/install/moveit_ros_move_group:/home/sazma/ws_future/install/moveit_planners_ompl:/home/sazma/ws_future/install/moveit_kinematics:/home/sazma/ws_future/install/moveit_ros_planning:/home/sazma/ws_future/install/moveit_ros_occupancy_map_monitor:/home/sazma/ws_future/install/moveit_resources_prbt_support:/home/sazma/ws_future/install/moveit_resources_prbt_ikfast_manipulator_plugin:/home/sazma/ws_future/install/moveit_resources:/home/sazma/ws_future/install/moveit_resources_pr2_description:/home/sazma/ws_future/install/moveit_resources_panda_moveit_config:/home/sazma/ws_future/install/dual_arm_panda_moveit_config:/home/sazma/ws_future/install/moveit_resources_panda_description:/home/sazma/ws_future/install/moveit_resources_fanuc_moveit_config:/home/sazma/ws_future/install/moveit_resources_fanuc_description:/home/sazma/ws_future/install/moveit_planners_stomp:/home/sazma/ws_future/install/moveit_planners_chomp:/home/sazma/ws_future/install/moveit_chomp_optimizer_adapter:/home/sazma/ws_future/install/chomp_motion_planner:/home/sazma/ws_future/install/moveit_core:/home/sazma/ws_future/install/moveit_msgs:/home/sazma/ws_future/install/moveit_configs_utils:/home/sazma/ws_future/install/moveit_common:/home/sazma/ws_future/install/kortex_bringup:/home/sazma/ws_future/install/kortex_driver:/home/sazma/ws_future/install/kortex_description:/home/sazma/ws_future/install/kortex_api:/opt/ros/humble /usr/bin/cmake --build /home/sazma/ws_future/build/kortex_api -- -j12 -l12
[1.595s] Invoked command in '/home/sazma/ws_future/build/kortex_api' returned '0': CMAKE_PREFIX_PATH=/home/sazma/ws_future/install/ui_for_debug_and_demo:/home/sazma/ws_future/install/tm_driver:/home/sazma/ws_future/install/demo:/home/sazma/ws_future/install/tm_msgs:/home/sazma/ws_future/install/tm_moveit_cpp_demo:/home/sazma/ws_future/install/tm_moveit_config_tm5x-900:/home/sazma/ws_future/install/tm_moveit_config_tm5x-700:/home/sazma/ws_future/install/tm_moveit_config_tm5-900:/home/sazma/ws_future/install/tm_moveit_config_tm5-700:/home/sazma/ws_future/install/tm_moveit_config_tm14x:/home/sazma/ws_future/install/tm_moveit_config_tm14:/home/sazma/ws_future/install/tm_moveit_config_tm12x:/home/sazma/ws_future/install/tm_moveit_config_tm12:/home/sazma/ws_future/install/tm_mod_urdf:/home/sazma/ws_future/install/tm_get_status:/home/sazma/ws_future/install/tm_description:/home/sazma/ws_future/install/custom_package:/home/sazma/ws_future/install/techman_robot_msgs:/home/sazma/ws_future/install/moveit2_tutorials:/home/sazma/ws_future/install/moveit_visual_tools:/home/sazma/ws_future/install/rviz_visual_tools:/home/sazma/ws_future/install/moveit_task_constructor_visualization:/home/sazma/ws_future/install/moveit_task_constructor_demo:/home/sazma/ws_future/install/moveit_task_constructor_capabilities:/home/sazma/ws_future/install/moveit_task_constructor_core:/home/sazma/ws_future/install/rviz_marker_tools:/home/sazma/ws_future/install/pilz_industrial_motion_planner_testutils:/home/sazma/ws_future/install/moveit_runtime:/home/sazma/ws_future/install/moveit:/home/sazma/ws_future/install/kinova_gen3_7dof_robotiq_2f_85_moveit_config:/home/sazma/ws_future/install/kinova_gen3_6dof_robotiq_2f_85_moveit_config:/home/sazma/ws_future/install/moveit_planners:/home/sazma/ws_future/install/pilz_industrial_motion_planner:/home/sazma/ws_future/install/pick_ik:/home/sazma/ws_future/install/moveit_task_constructor_msgs:/home/sazma/ws_future/install/moveit_ros_control_interface:/home/sazma/ws_future/install/moveit_plugins:/home/sazma/ws_future/install/moveit_simple_controller_manager:/home/sazma/ws_future/install/moveit_setup_assistant:/home/sazma/ws_future/install/moveit_setup_srdf_plugins:/home/sazma/ws_future/install/moveit_setup_core_plugins:/home/sazma/ws_future/install/moveit_setup_controllers:/home/sazma/ws_future/install/moveit_setup_app_plugins:/home/sazma/ws_future/install/moveit_setup_framework:/home/sazma/ws_future/install/moveit_servo:/home/sazma/ws_future/install/moveit_ros:/home/sazma/ws_future/install/moveit_ros_visualization:/home/sazma/ws_future/install/moveit_py:/home/sazma/ws_future/install/moveit_hybrid_planning:/home/sazma/ws_future/install/moveit_ros_planning_interface:/home/sazma/ws_future/install/moveit_ros_benchmarks:/home/sazma/ws_future/install/moveit_ros_warehouse:/home/sazma/ws_future/install/moveit_ros_robot_interaction:/home/sazma/ws_future/install/moveit_ros_perception:/home/sazma/ws_future/install/moveit_resources_prbt_pg70_support:/home/sazma/ws_future/install/moveit_resources_prbt_moveit_config:/home/sazma/ws_future/install/moveit_ros_move_group:/home/sazma/ws_future/install/moveit_planners_ompl:/home/sazma/ws_future/install/moveit_kinematics:/home/sazma/ws_future/install/moveit_ros_planning:/home/sazma/ws_future/install/moveit_ros_occupancy_map_monitor:/home/sazma/ws_future/install/moveit_resources_prbt_support:/home/sazma/ws_future/install/moveit_resources_prbt_ikfast_manipulator_plugin:/home/sazma/ws_future/install/moveit_resources:/home/sazma/ws_future/install/moveit_resources_pr2_description:/home/sazma/ws_future/install/moveit_resources_panda_moveit_config:/home/sazma/ws_future/install/dual_arm_panda_moveit_config:/home/sazma/ws_future/install/moveit_resources_panda_description:/home/sazma/ws_future/install/moveit_resources_fanuc_moveit_config:/home/sazma/ws_future/install/moveit_resources_fanuc_description:/home/sazma/ws_future/install/moveit_planners_stomp:/home/sazma/ws_future/install/moveit_planners_chomp:/home/sazma/ws_future/install/moveit_chomp_optimizer_adapter:/home/sazma/ws_future/install/chomp_motion_planner:/home/sazma/ws_future/install/moveit_core:/home/sazma/ws_future/install/moveit_msgs:/home/sazma/ws_future/install/moveit_configs_utils:/home/sazma/ws_future/install/moveit_common:/home/sazma/ws_future/install/kortex_bringup:/home/sazma/ws_future/install/kortex_driver:/home/sazma/ws_future/install/kortex_description:/home/sazma/ws_future/install/kortex_api:/opt/ros/humble /usr/bin/cmake --build /home/sazma/ws_future/build/kortex_api -- -j12 -l12
[2.129s] Invoking command in '/home/sazma/ws_future/build/kortex_api': CMAKE_PREFIX_PATH=/home/sazma/ws_future/install/ui_for_debug_and_demo:/home/sazma/ws_future/install/tm_driver:/home/sazma/ws_future/install/demo:/home/sazma/ws_future/install/tm_msgs:/home/sazma/ws_future/install/tm_moveit_cpp_demo:/home/sazma/ws_future/install/tm_moveit_config_tm5x-900:/home/sazma/ws_future/install/tm_moveit_config_tm5x-700:/home/sazma/ws_future/install/tm_moveit_config_tm5-900:/home/sazma/ws_future/install/tm_moveit_config_tm5-700:/home/sazma/ws_future/install/tm_moveit_config_tm14x:/home/sazma/ws_future/install/tm_moveit_config_tm14:/home/sazma/ws_future/install/tm_moveit_config_tm12x:/home/sazma/ws_future/install/tm_moveit_config_tm12:/home/sazma/ws_future/install/tm_mod_urdf:/home/sazma/ws_future/install/tm_get_status:/home/sazma/ws_future/install/tm_description:/home/sazma/ws_future/install/custom_package:/home/sazma/ws_future/install/techman_robot_msgs:/home/sazma/ws_future/install/moveit2_tutorials:/home/sazma/ws_future/install/moveit_visual_tools:/home/sazma/ws_future/install/rviz_visual_tools:/home/sazma/ws_future/install/moveit_task_constructor_visualization:/home/sazma/ws_future/install/moveit_task_constructor_demo:/home/sazma/ws_future/install/moveit_task_constructor_capabilities:/home/sazma/ws_future/install/moveit_task_constructor_core:/home/sazma/ws_future/install/rviz_marker_tools:/home/sazma/ws_future/install/pilz_industrial_motion_planner_testutils:/home/sazma/ws_future/install/moveit_runtime:/home/sazma/ws_future/install/moveit:/home/sazma/ws_future/install/kinova_gen3_7dof_robotiq_2f_85_moveit_config:/home/sazma/ws_future/install/kinova_gen3_6dof_robotiq_2f_85_moveit_config:/home/sazma/ws_future/install/moveit_planners:/home/sazma/ws_future/install/pilz_industrial_motion_planner:/home/sazma/ws_future/install/pick_ik:/home/sazma/ws_future/install/moveit_task_constructor_msgs:/home/sazma/ws_future/install/moveit_ros_control_interface:/home/sazma/ws_future/install/moveit_plugins:/home/sazma/ws_future/install/moveit_simple_controller_manager:/home/sazma/ws_future/install/moveit_setup_assistant:/home/sazma/ws_future/install/moveit_setup_srdf_plugins:/home/sazma/ws_future/install/moveit_setup_core_plugins:/home/sazma/ws_future/install/moveit_setup_controllers:/home/sazma/ws_future/install/moveit_setup_app_plugins:/home/sazma/ws_future/install/moveit_setup_framework:/home/sazma/ws_future/install/moveit_servo:/home/sazma/ws_future/install/moveit_ros:/home/sazma/ws_future/install/moveit_ros_visualization:/home/sazma/ws_future/install/moveit_py:/home/sazma/ws_future/install/moveit_hybrid_planning:/home/sazma/ws_future/install/moveit_ros_planning_interface:/home/sazma/ws_future/install/moveit_ros_benchmarks:/home/sazma/ws_future/install/moveit_ros_warehouse:/home/sazma/ws_future/install/moveit_ros_robot_interaction:/home/sazma/ws_future/install/moveit_ros_perception:/home/sazma/ws_future/install/moveit_resources_prbt_pg70_support:/home/sazma/ws_future/install/moveit_resources_prbt_moveit_config:/home/sazma/ws_future/install/moveit_ros_move_group:/home/sazma/ws_future/install/moveit_planners_ompl:/home/sazma/ws_future/install/moveit_kinematics:/home/sazma/ws_future/install/moveit_ros_planning:/home/sazma/ws_future/install/moveit_ros_occupancy_map_monitor:/home/sazma/ws_future/install/moveit_resources_prbt_support:/home/sazma/ws_future/install/moveit_resources_prbt_ikfast_manipulator_plugin:/home/sazma/ws_future/install/moveit_resources:/home/sazma/ws_future/install/moveit_resources_pr2_description:/home/sazma/ws_future/install/moveit_resources_panda_moveit_config:/home/sazma/ws_future/install/dual_arm_panda_moveit_config:/home/sazma/ws_future/install/moveit_resources_panda_description:/home/sazma/ws_future/install/moveit_resources_fanuc_moveit_config:/home/sazma/ws_future/install/moveit_resources_fanuc_description:/home/sazma/ws_future/install/moveit_planners_stomp:/home/sazma/ws_future/install/moveit_planners_chomp:/home/sazma/ws_future/install/moveit_chomp_optimizer_adapter:/home/sazma/ws_future/install/chomp_motion_planner:/home/sazma/ws_future/install/moveit_core:/home/sazma/ws_future/install/moveit_msgs:/home/sazma/ws_future/install/moveit_configs_utils:/home/sazma/ws_future/install/moveit_common:/home/sazma/ws_future/install/kortex_bringup:/home/sazma/ws_future/install/kortex_driver:/home/sazma/ws_future/install/kortex_description:/home/sazma/ws_future/install/kortex_api:/opt/ros/humble /usr/bin/cmake --install /home/sazma/ws_future/build/kortex_api
[2.367s] -- Install configuration: ""
[2.367s] -- Up-to-date: /home/sazma/ws_future/install/kortex_api/include/kortex_api
[2.367s] -- Up-to-date: /home/sazma/ws_future/install/kortex_api/include/kortex_api/FrameHandler.h
[2.367s] -- Up-to-date: /home/sazma/ws_future/install/kortex_api/include/kortex_api/RouterClient.h
[2.367s] -- Up-to-date: /home/sazma/ws_future/install/kortex_api/include/kortex_api/TransportClientTcp.h
[2.367s] -- Up-to-date: /home/sazma/ws_future/install/kortex_api/include/kortex_api/TransportClientUdp.h
[2.367s] -- Up-to-date: /home/sazma/ws_future/install/kortex_api/include/kortex_api/IRouterClient.h
[2.367s] -- Up-to-date: /home/sazma/ws_future/install/kortex_api/include/kortex_api/NotificationHandler.h
[2.368s] -- Up-to-date: /home/sazma/ws_future/install/kortex_api/include/kortex_api/SessionManager.h
[2.368s] -- Up-to-date: /home/sazma/ws_future/install/kortex_api/include/kortex_api/version.h
[2.368s] -- Up-to-date: /home/sazma/ws_future/install/kortex_api/include/kortex_api/ITransportClient.h
[2.368s] -- Up-to-date: /home/sazma/ws_future/install/kortex_api/include/kortex_api
[2.368s] -- Up-to-date: /home/sazma/ws_future/install/kortex_api/include/kortex_api/KDetailedException.h
[2.368s] -- Up-to-date: /home/sazma/ws_future/install/kortex_api/include/kortex_api/Frame.h
[2.368s] -- Up-to-date: /home/sazma/ws_future/install/kortex_api/include/kortex_api/KError.h
[2.368s] -- Up-to-date: /home/sazma/ws_future/install/kortex_api/include/kortex_api/KBasicException.h
[2.369s] -- Up-to-date: /home/sazma/ws_future/install/kortex_api/include/kortex_api/version.h
[2.369s] -- Up-to-date: /home/sazma/ws_future/install/kortex_api/include/kortex_api/TransportBridgeDummy.h
[2.369s] -- Up-to-date: /home/sazma/ws_future/install/kortex_api/include/kortex_api/HeaderInfo.h
[2.369s] -- Up-to-date: /home/sazma/ws_future/install/kortex_api/include/kortex_api/KinovaTcpUtilities.h
[2.369s] -- Up-to-date: /home/sazma/ws_future/install/kortex_api/include/kortex_api
[2.369s] -- Up-to-date: /home/sazma/ws_future/install/kortex_api/include/kortex_api/ActuatorCyclic.pb.h
[2.369s] -- Up-to-date: /home/sazma/ws_future/install/kortex_api/include/kortex_api/InterconnectCyclicMessage.pb.h
[2.369s] -- Up-to-date: /home/sazma/ws_future/install/kortex_api/include/kortex_api/DeviceConfig.pb.h
[2.370s] -- Up-to-date: /home/sazma/ws_future/install/kortex_api/include/kortex_api/Test.pb.h
[2.370s] -- Up-to-date: /home/sazma/ws_future/install/kortex_api/include/kortex_api/VisionConfig.pb.h
[2.370s] -- Up-to-date: /home/sazma/ws_future/install/kortex_api/include/kortex_api/GripperCyclicMessage.pb.h
[2.370s] -- Up-to-date: /home/sazma/ws_future/install/kortex_api/include/kortex_api/ControlConfig.pb.h
[2.370s] -- Up-to-date: /home/sazma/ws_future/install/kortex_api/include/kortex_api/Base.pb.h
[2.370s] -- Up-to-date: /home/sazma/ws_future/install/kortex_api/include/kortex_api/Frame.pb.h
[2.370s] -- Up-to-date: /home/sazma/ws_future/install/kortex_api/include/kortex_api/BaseCyclic.pb.h
[2.370s] -- Up-to-date: /home/sazma/ws_future/install/kortex_api/include/kortex_api/InterconnectConfig.pb.h
[2.370s] -- Up-to-date: /home/sazma/ws_future/install/kortex_api/include/kortex_api/Errors.pb.h
[2.371s] -- Up-to-date: /home/sazma/ws_future/install/kortex_api/include/kortex_api/ActuatorConfig.pb.h
[2.371s] -- Up-to-date: /home/sazma/ws_future/install/kortex_api/include/kortex_api/GripperConfig.pb.h
[2.371s] -- Up-to-date: /home/sazma/ws_future/install/kortex_api/include/kortex_api/DeviceManager.pb.h
[2.371s] -- Up-to-date: /home/sazma/ws_future/install/kortex_api/include/kortex_api/ProductConfiguration.pb.h
[2.371s] -- Up-to-date: /home/sazma/ws_future/install/kortex_api/include/kortex_api/Session.pb.h
[2.371s] -- Up-to-date: /home/sazma/ws_future/install/kortex_api/include/kortex_api/Common.pb.h
[2.371s] -- Up-to-date: /home/sazma/ws_future/install/kortex_api/include/kortex_api/InterconnectCyclic.pb.h
[2.371s] -- Up-to-date: /home/sazma/ws_future/install/kortex_api/include/kortex_api/GripperCyclic.pb.h
[2.372s] -- Up-to-date: /home/sazma/ws_future/install/kortex_api/include/kortex_api
[2.372s] -- Up-to-date: /home/sazma/ws_future/install/kortex_api/include/kortex_api/BaseCyclicClientRpc.h
[2.372s] -- Up-to-date: /home/sazma/ws_future/install/kortex_api/include/kortex_api/VisionConfigClientRpc.h
[2.376s] -- Up-to-date: /home/sazma/ws_future/install/kortex_api/include/kortex_api/SessionClientRpc.h
[2.380s] -- Up-to-date: /home/sazma/ws_future/install/kortex_api/include/kortex_api/InterconnectCyclicClientRpc.h
[2.380s] -- Up-to-date: /home/sazma/ws_future/install/kortex_api/include/kortex_api/TestClientRpc.h
[2.380s] -- Up-to-date: /home/sazma/ws_future/install/kortex_api/include/kortex_api/BaseClientRpc.h
[2.380s] -- Up-to-date: /home/sazma/ws_future/install/kortex_api/include/kortex_api/ActuatorCyclicClientRpc.h
[2.380s] -- Up-to-date: /home/sazma/ws_future/install/kortex_api/include/kortex_api/GripperCyclicClientRpc.h
[2.381s] -- Up-to-date: /home/sazma/ws_future/install/kortex_api/include/kortex_api/InterconnectConfigClientRpc.h
[2.381s] -- Up-to-date: /home/sazma/ws_future/install/kortex_api/include/kortex_api/DeviceManagerClientRpc.h
[2.381s] -- Up-to-date: /home/sazma/ws_future/install/kortex_api/include/kortex_api/ControlConfigClientRpc.h
[2.381s] -- Up-to-date: /home/sazma/ws_future/install/kortex_api/include/kortex_api/ActuatorConfigClientRpc.h
[2.381s] -- Up-to-date: /home/sazma/ws_future/install/kortex_api/include/kortex_api/DeviceConfigClientRpc.h
[2.381s] -- Up-to-date: /home/sazma/ws_future/install/kortex_api/include/kortex_api/google/protobuf
[2.381s] -- Up-to-date: /home/sazma/ws_future/install/kortex_api/include/kortex_api/google/protobuf/any.pb.h
[2.381s] -- Up-to-date: /home/sazma/ws_future/install/kortex_api/include/kortex_api/google/protobuf/type.pb.h
[2.381s] -- Up-to-date: /home/sazma/ws_future/install/kortex_api/include/kortex_api/google/protobuf/compiler
[2.382s] -- Up-to-date: /home/sazma/ws_future/install/kortex_api/include/kortex_api/google/protobuf/compiler/plugin.pb.h
[2.382s] -- Up-to-date: /home/sazma/ws_future/install/kortex_api/include/kortex_api/google/protobuf/compiler/ruby
[2.382s] -- Up-to-date: /home/sazma/ws_future/install/kortex_api/include/kortex_api/google/protobuf/compiler/ruby/ruby_generator.h
[2.382s] -- Up-to-date: /home/sazma/ws_future/install/kortex_api/include/kortex_api/google/protobuf/compiler/cpp
[2.382s] -- Up-to-date: /home/sazma/ws_future/install/kortex_api/include/kortex_api/google/protobuf/compiler/cpp/cpp_generator.h
[2.382s] -- Up-to-date: /home/sazma/ws_future/install/kortex_api/include/kortex_api/google/protobuf/compiler/javanano
[2.382s] -- Up-to-date: /home/sazma/ws_future/install/kortex_api/include/kortex_api/google/protobuf/compiler/javanano/javanano_generator.h
[2.382s] -- Up-to-date: /home/sazma/ws_future/install/kortex_api/include/kortex_api/google/protobuf/compiler/java
[2.382s] -- Up-to-date: /home/sazma/ws_future/install/kortex_api/include/kortex_api/google/protobuf/compiler/java/java_names.h
[2.383s] -- Up-to-date: /home/sazma/ws_future/install/kortex_api/include/kortex_api/google/protobuf/compiler/java/java_generator.h
[2.383s] -- Up-to-date: /home/sazma/ws_future/install/kortex_api/include/kortex_api/google/protobuf/compiler/objectivec
[2.383s] -- Up-to-date: /home/sazma/ws_future/install/kortex_api/include/kortex_api/google/protobuf/compiler/objectivec/objectivec_generator.h
[2.383s] -- Up-to-date: /home/sazma/ws_future/install/kortex_api/include/kortex_api/google/protobuf/compiler/objectivec/objectivec_helpers.h
[2.383s] -- Up-to-date: /home/sazma/ws_future/install/kortex_api/include/kortex_api/google/protobuf/compiler/csharp
[2.383s] -- Up-to-date: /home/sazma/ws_future/install/kortex_api/include/kortex_api/google/protobuf/compiler/csharp/csharp_names.h
[2.383s] -- Up-to-date: /home/sazma/ws_future/install/kortex_api/include/kortex_api/google/protobuf/compiler/csharp/csharp_generator.h
[2.383s] -- Up-to-date: /home/sazma/ws_future/install/kortex_api/include/kortex_api/google/protobuf/compiler/code_generator.h
[2.383s] -- Up-to-date: /home/sazma/ws_future/install/kortex_api/include/kortex_api/google/protobuf/compiler/python
[2.383s] -- Up-to-date: /home/sazma/ws_future/install/kortex_api/include/kortex_api/google/protobuf/compiler/python/python_generator.h
[2.384s] -- Up-to-date: /home/sazma/ws_future/install/kortex_api/include/kortex_api/google/protobuf/compiler/plugin.h
[2.384s] -- Up-to-date: /home/sazma/ws_future/install/kortex_api/include/kortex_api/google/protobuf/compiler/command_line_interface.h
[2.384s] -- Up-to-date: /home/sazma/ws_future/install/kortex_api/include/kortex_api/google/protobuf/compiler/parser.h
[2.384s] -- Up-to-date: /home/sazma/ws_future/install/kortex_api/include/kortex_api/google/protobuf/compiler/php
[2.385s] -- Up-to-date: /home/sazma/ws_future/install/kortex_api/include/kortex_api/google/protobuf/compiler/php/php_generator.h
[2.385s] -- Up-to-date: /home/sazma/ws_future/install/kortex_api/include/kortex_api/google/protobuf/compiler/importer.h
[2.385s] -- Up-to-date: /home/sazma/ws_future/install/kortex_api/include/kortex_api/google/protobuf/compiler/js
[2.385s] -- Up-to-date: /home/sazma/ws_future/install/kortex_api/include/kortex_api/google/protobuf/compiler/js/well_known_types_embed.h
[2.385s] -- Up-to-date: /home/sazma/ws_future/install/kortex_api/include/kortex_api/google/protobuf/compiler/js/js_generator.h
[2.386s] -- Up-to-date: /home/sazma/ws_future/install/kortex_api/include/kortex_api/google/protobuf/empty.pb.h
[2.386s] -- Up-to-date: /home/sazma/ws_future/install/kortex_api/include/kortex_api/google/protobuf/generated_enum_util.h
[2.386s] -- Up-to-date: /home/sazma/ws_future/install/kortex_api/include/kortex_api/google/protobuf/dynamic_message.h
[2.386s] -- Up-to-date: /home/sazma/ws_future/install/kortex_api/include/kortex_api/google/protobuf/struct.pb.h
[2.386s] -- Up-to-date: /home/sazma/ws_future/install/kortex_api/include/kortex_api/google/protobuf/wire_format_lite_inl.h
[2.386s] -- Up-to-date: /home/sazma/ws_future/install/kortex_api/include/kortex_api/google/protobuf/io
[2.386s] -- Up-to-date: /home/sazma/ws_future/install/kortex_api/include/kortex_api/google/protobuf/io/coded_stream.h
[2.386s] -- Up-to-date: /home/sazma/ws_future/install/kortex_api/include/kortex_api/google/protobuf/io/zero_copy_stream.h
[2.387s] -- Up-to-date: /home/sazma/ws_future/install/kortex_api/include/kortex_api/google/protobuf/io/printer.h
[2.387s] -- Up-to-date: /home/sazma/ws_future/install/kortex_api/include/kortex_api/google/protobuf/io/gzip_stream.h
[2.387s] -- Up-to-date: /home/sazma/ws_future/install/kortex_api/include/kortex_api/google/protobuf/io/strtod.h
[2.387s] -- Up-to-date: /home/sazma/ws_future/install/kortex_api/include/kortex_api/google/protobuf/io/zero_copy_stream_impl_lite.h
[2.387s] -- Up-to-date: /home/sazma/ws_future/install/kortex_api/include/kortex_api/google/protobuf/io/tokenizer.h
[2.387s] -- Up-to-date: /home/sazma/ws_future/install/kortex_api/include/kortex_api/google/protobuf/io/zero_copy_stream_impl.h
[2.387s] -- Up-to-date: /home/sazma/ws_future/install/kortex_api/include/kortex_api/google/protobuf/text_format.h
[2.387s] -- Up-to-date: /home/sazma/ws_future/install/kortex_api/include/kortex_api/google/protobuf/metadata.h
[2.387s] -- Up-to-date: /home/sazma/ws_future/install/kortex_api/include/kortex_api/google/protobuf/arenastring.h
[2.388s] -- Up-to-date: /home/sazma/ws_future/install/kortex_api/include/kortex_api/google/protobuf/api.pb.h
[2.388s] -- Up-to-date: /home/sazma/ws_future/install/kortex_api/include/kortex_api/google/protobuf/source_context.pb.h
[2.388s] -- Up-to-date: /home/sazma/ws_future/install/kortex_api/include/kortex_api/google/protobuf/generated_message_table_driven.h
[2.388s] -- Up-to-date: /home/sazma/ws_future/install/kortex_api/include/kortex_api/google/protobuf/duration.pb.h
[2.388s] -- Up-to-date: /home/sazma/ws_future/install/kortex_api/include/kortex_api/google/protobuf/message.h
[2.388s] -- Up-to-date: /home/sazma/ws_future/install/kortex_api/include/kortex_api/google/protobuf/any.h
[2.389s] -- Up-to-date: /home/sazma/ws_future/install/kortex_api/include/kortex_api/google/protobuf/repeated_field.h
[2.389s] -- Up-to-date: /home/sazma/ws_future/install/kortex_api/include/kortex_api/google/protobuf/generated_message_util.h
[2.389s] -- Up-to-date: /home/sazma/ws_future/install/kortex_api/include/kortex_api/google/protobuf/timestamp.pb.h
[2.389s] -- Up-to-date: /home/sazma/ws_future/install/kortex_api/include/kortex_api/google/protobuf/message_lite.h
[2.389s] -- Up-to-date: /home/sazma/ws_future/install/kortex_api/include/kortex_api/google/protobuf/has_bits.h
[2.389s] -- Up-to-date: /home/sazma/ws_future/install/kortex_api/include/kortex_api/google/protobuf/descriptor_database.h
[2.389s] -- Up-to-date: /home/sazma/ws_future/install/kortex_api/include/kortex_api/google/protobuf/map_field_lite.h
[2.389s] -- Up-to-date: /home/sazma/ws_future/install/kortex_api/include/kortex_api/google/protobuf/arena_impl.h
[2.389s] -- Up-to-date: /home/sazma/ws_future/install/kortex_api/include/kortex_api/google/protobuf/map_entry.h
[2.390s] -- Up-to-date: /home/sazma/ws_future/install/kortex_api/include/kortex_api/google/protobuf/descriptor.pb.h
[2.390s] -- Up-to-date: /home/sazma/ws_future/install/kortex_api/include/kortex_api/google/protobuf/service.h
[2.390s] -- Up-to-date: /home/sazma/ws_future/install/kortex_api/include/kortex_api/google/protobuf/generated_message_reflection.h
[2.390s] -- Up-to-date: /home/sazma/ws_future/install/kortex_api/include/kortex_api/google/protobuf/wire_format.h
[2.390s] -- Up-to-date: /home/sazma/ws_future/install/kortex_api/include/kortex_api/google/protobuf/arena.h
[2.390s] -- Up-to-date: /home/sazma/ws_future/install/kortex_api/include/kortex_api/google/protobuf/extension_set.h
[2.390s] -- Up-to-date: /home/sazma/ws_future/install/kortex_api/include/kortex_api/google/protobuf/reflection_ops.h
[2.390s] -- Up-to-date: /home/sazma/ws_future/install/kortex_api/include/kortex_api/google/protobuf/map_field.h
[2.390s] -- Up-to-date: /home/sazma/ws_future/install/kortex_api/include/kortex_api/google/protobuf/map_type_handler.h
[2.390s] -- Up-to-date: /home/sazma/ws_future/install/kortex_api/include/kortex_api/google/protobuf/util
[2.391s] -- Up-to-date: /home/sazma/ws_future/install/kortex_api/include/kortex_api/google/protobuf/util/json_util.h
[2.391s] -- Up-to-date: /home/sazma/ws_future/install/kortex_api/include/kortex_api/google/protobuf/util/delimited_message_util.h
[2.391s] -- Up-to-date: /home/sazma/ws_future/install/kortex_api/include/kortex_api/google/protobuf/util/field_mask_util.h
[2.391s] -- Up-to-date: /home/sazma/ws_future/install/kortex_api/include/kortex_api/google/protobuf/util/type_resolver.h
[2.391s] -- Up-to-date: /home/sazma/ws_future/install/kortex_api/include/kortex_api/google/protobuf/util/field_comparator.h
[2.391s] -- Up-to-date: /home/sazma/ws_future/install/kortex_api/include/kortex_api/google/protobuf/util/time_util.h
[2.391s] -- Up-to-date: /home/sazma/ws_future/install/kortex_api/include/kortex_api/google/protobuf/util/message_differencer.h
[2.391s] -- Up-to-date: /home/sazma/ws_future/install/kortex_api/include/kortex_api/google/protobuf/util/type_resolver_util.h
[2.391s] -- Up-to-date: /home/sazma/ws_future/install/kortex_api/include/kortex_api/google/protobuf/reflection.h
[2.392s] -- Up-to-date: /home/sazma/ws_future/install/kortex_api/include/kortex_api/google/protobuf/map_field_inl.h
[2.392s] -- Up-to-date: /home/sazma/ws_future/install/kortex_api/include/kortex_api/google/protobuf/descriptor.h
[2.392s] -- Up-to-date: /home/sazma/ws_future/install/kortex_api/include/kortex_api/google/protobuf/map.h
[2.392s] -- Up-to-date: /home/sazma/ws_future/install/kortex_api/include/kortex_api/google/protobuf/map_entry_lite.h
[2.392s] -- Up-to-date: /home/sazma/ws_future/install/kortex_api/include/kortex_api/google/protobuf/wire_format_lite.h
[2.392s] -- Up-to-date: /home/sazma/ws_future/install/kortex_api/include/kortex_api/google/protobuf/stubs
[2.392s] -- Up-to-date: /home/sazma/ws_future/install/kortex_api/include/kortex_api/google/protobuf/stubs/hash.h
[2.392s] -- Up-to-date: /home/sazma/ws_future/install/kortex_api/include/kortex_api/google/protobuf/stubs/logging.h
[2.392s] -- Up-to-date: /home/sazma/ws_future/install/kortex_api/include/kortex_api/google/protobuf/stubs/stringpiece.h
[2.392s] -- Up-to-date: /home/sazma/ws_future/install/kortex_api/include/kortex_api/google/protobuf/stubs/type_traits.h
[2.393s] -- Up-to-date: /home/sazma/ws_future/install/kortex_api/include/kortex_api/google/protobuf/stubs/atomicops_internals_solaris.h
[2.393s] -- Up-to-date: /home/sazma/ws_future/install/kortex_api/include/kortex_api/google/protobuf/stubs/atomicops_internals_tsan.h
[2.393s] -- Up-to-date: /home/sazma/ws_future/install/kortex_api/include/kortex_api/google/protobuf/stubs/singleton.h
[2.393s] -- Up-to-date: /home/sazma/ws_future/install/kortex_api/include/kortex_api/google/protobuf/stubs/platform_macros.h
[2.393s] -- Up-to-date: /home/sazma/ws_future/install/kortex_api/include/kortex_api/google/protobuf/stubs/callback.h
[2.393s] -- Up-to-date: /home/sazma/ws_future/install/kortex_api/include/kortex_api/google/protobuf/stubs/status.h
[2.393s] -- Up-to-date: /home/sazma/ws_future/install/kortex_api/include/kortex_api/google/protobuf/stubs/port.h
[2.393s] -- Up-to-date: /home/sazma/ws_future/install/kortex_api/include/kortex_api/google/protobuf/stubs/once.h
[2.393s] -- Up-to-date: /home/sazma/ws_future/install/kortex_api/include/kortex_api/google/protobuf/stubs/atomicops_internals_power.h
[2.393s] -- Up-to-date: /home/sazma/ws_future/install/kortex_api/include/kortex_api/google/protobuf/stubs/atomicops_internals_generic_c11_atomic.h
[2.394s] -- Up-to-date: /home/sazma/ws_future/install/kortex_api/include/kortex_api/google/protobuf/stubs/atomicops_internals_x86_gcc.h
[2.394s] -- Up-to-date: /home/sazma/ws_future/install/kortex_api/include/kortex_api/google/protobuf/stubs/casts.h
[2.394s] -- Up-to-date: /home/sazma/ws_future/install/kortex_api/include/kortex_api/google/protobuf/stubs/shared_ptr.h
[2.394s] -- Up-to-date: /home/sazma/ws_future/install/kortex_api/include/kortex_api/google/protobuf/stubs/template_util.h
[2.394s] -- Up-to-date: /home/sazma/ws_future/install/kortex_api/include/kortex_api/google/protobuf/stubs/atomicops_internals_ppc_gcc.h
[2.394s] -- Up-to-date: /home/sazma/ws_future/install/kortex_api/include/kortex_api/google/protobuf/stubs/atomicops_internals_generic_gcc.h
[2.394s] -- Up-to-date: /home/sazma/ws_future/install/kortex_api/include/kortex_api/google/protobuf/stubs/atomicops_internals_mips_gcc.h
[2.394s] -- Up-to-date: /home/sazma/ws_future/install/kortex_api/include/kortex_api/google/protobuf/stubs/stl_util.h
[2.394s] -- Up-to-date: /home/sazma/ws_future/install/kortex_api/include/kortex_api/google/protobuf/stubs/mutex.h
[2.394s] -- Up-to-date: /home/sazma/ws_future/install/kortex_api/include/kortex_api/google/protobuf/stubs/atomic_sequence_num.h
[2.395s] -- Up-to-date: /home/sazma/ws_future/install/kortex_api/include/kortex_api/google/protobuf/stubs/scoped_ptr.h
[2.395s] -- Up-to-date: /home/sazma/ws_future/install/kortex_api/include/kortex_api/google/protobuf/stubs/atomicops_internals_arm_gcc.h
[2.395s] -- Up-to-date: /home/sazma/ws_future/install/kortex_api/include/kortex_api/google/protobuf/stubs/atomicops_internals_x86_msvc.h
[2.395s] -- Up-to-date: /home/sazma/ws_future/install/kortex_api/include/kortex_api/google/protobuf/stubs/atomicops.h
[2.395s] -- Up-to-date: /home/sazma/ws_future/install/kortex_api/include/kortex_api/google/protobuf/stubs/common.h
[2.395s] -- Up-to-date: /home/sazma/ws_future/install/kortex_api/include/kortex_api/google/protobuf/stubs/atomicops_internals_arm_qnx.h
[2.395s] -- Up-to-date: /home/sazma/ws_future/install/kortex_api/include/kortex_api/google/protobuf/stubs/fastmem.h
[2.395s] -- Up-to-date: /home/sazma/ws_future/install/kortex_api/include/kortex_api/google/protobuf/stubs/atomicops_internals_arm64_gcc.h
[2.395s] -- Up-to-date: /home/sazma/ws_future/install/kortex_api/include/kortex_api/google/protobuf/stubs/bytestream.h
[2.395s] -- Up-to-date: /home/sazma/ws_future/install/kortex_api/include/kortex_api/google/protobuf/stubs/macros.h
[2.396s] -- Up-to-date: /home/sazma/ws_future/install/kortex_api/include/kortex_api/google/protobuf/field_mask.pb.h
[2.396s] -- Up-to-date: /home/sazma/ws_future/install/kortex_api/include/kortex_api/google/protobuf/wrappers.pb.h
[2.396s] -- Up-to-date: /home/sazma/ws_future/install/kortex_api/include/kortex_api/google/protobuf/generated_enum_reflection.h
[2.400s] -- Up-to-date: /home/sazma/ws_future/install/kortex_api/include/kortex_api/google/protobuf/metadata_lite.h
[2.400s] -- Up-to-date: /home/sazma/ws_future/install/kortex_api/include/kortex_api/google/protobuf/unknown_field_set.h
[2.400s] -- Up-to-date: /home/sazma/ws_future/install/kortex_api/share/ament_index/resource_index/package_run_dependencies/kortex_api
[2.401s] -- Up-to-date: /home/sazma/ws_future/install/kortex_api/share/ament_index/resource_index/parent_prefix_path/kortex_api
[2.401s] -- Up-to-date: /home/sazma/ws_future/install/kortex_api/share/kortex_api/environment/ament_prefix_path.sh
[2.401s] -- Up-to-date: /home/sazma/ws_future/install/kortex_api/share/kortex_api/environment/ament_prefix_path.dsv
[2.401s] -- Up-to-date: /home/sazma/ws_future/install/kortex_api/share/kortex_api/environment/path.sh
[2.401s] -- Up-to-date: /home/sazma/ws_future/install/kortex_api/share/kortex_api/environment/path.dsv
[2.401s] -- Up-to-date: /home/sazma/ws_future/install/kortex_api/share/kortex_api/local_setup.bash
[2.401s] -- Up-to-date: /home/sazma/ws_future/install/kortex_api/share/kortex_api/local_setup.sh
[2.401s] -- Up-to-date: /home/sazma/ws_future/install/kortex_api/share/kortex_api/local_setup.zsh
[2.402s] -- Up-to-date: /home/sazma/ws_future/install/kortex_api/share/kortex_api/local_setup.dsv
[2.402s] -- Up-to-date: /home/sazma/ws_future/install/kortex_api/share/kortex_api/package.dsv
[2.402s] -- Up-to-date: /home/sazma/ws_future/install/kortex_api/share/ament_index/resource_index/packages/kortex_api
[2.402s] -- Up-to-date: /home/sazma/ws_future/install/kortex_api/share/kortex_api/cmake/ament_cmake_export_include_directories-extras.cmake
[2.402s] -- Up-to-date: /home/sazma/ws_future/install/kortex_api/share/kortex_api/cmake/kortex_apiConfig.cmake
[2.402s] -- Up-to-date: /home/sazma/ws_future/install/kortex_api/share/kortex_api/cmake/kortex_apiConfig-version.cmake
[2.402s] -- Up-to-date: /home/sazma/ws_future/install/kortex_api/share/kortex_api/package.xml
[3.312s] Invoked command in '/home/sazma/ws_future/build/kortex_api' returned '0': CMAKE_PREFIX_PATH=/home/sazma/ws_future/install/ui_for_debug_and_demo:/home/sazma/ws_future/install/tm_driver:/home/sazma/ws_future/install/demo:/home/sazma/ws_future/install/tm_msgs:/home/sazma/ws_future/install/tm_moveit_cpp_demo:/home/sazma/ws_future/install/tm_moveit_config_tm5x-900:/home/sazma/ws_future/install/tm_moveit_config_tm5x-700:/home/sazma/ws_future/install/tm_moveit_config_tm5-900:/home/sazma/ws_future/install/tm_moveit_config_tm5-700:/home/sazma/ws_future/install/tm_moveit_config_tm14x:/home/sazma/ws_future/install/tm_moveit_config_tm14:/home/sazma/ws_future/install/tm_moveit_config_tm12x:/home/sazma/ws_future/install/tm_moveit_config_tm12:/home/sazma/ws_future/install/tm_mod_urdf:/home/sazma/ws_future/install/tm_get_status:/home/sazma/ws_future/install/tm_description:/home/sazma/ws_future/install/custom_package:/home/sazma/ws_future/install/techman_robot_msgs:/home/sazma/ws_future/install/moveit2_tutorials:/home/sazma/ws_future/install/moveit_visual_tools:/home/sazma/ws_future/install/rviz_visual_tools:/home/sazma/ws_future/install/moveit_task_constructor_visualization:/home/sazma/ws_future/install/moveit_task_constructor_demo:/home/sazma/ws_future/install/moveit_task_constructor_capabilities:/home/sazma/ws_future/install/moveit_task_constructor_core:/home/sazma/ws_future/install/rviz_marker_tools:/home/sazma/ws_future/install/pilz_industrial_motion_planner_testutils:/home/sazma/ws_future/install/moveit_runtime:/home/sazma/ws_future/install/moveit:/home/sazma/ws_future/install/kinova_gen3_7dof_robotiq_2f_85_moveit_config:/home/sazma/ws_future/install/kinova_gen3_6dof_robotiq_2f_85_moveit_config:/home/sazma/ws_future/install/moveit_planners:/home/sazma/ws_future/install/pilz_industrial_motion_planner:/home/sazma/ws_future/install/pick_ik:/home/sazma/ws_future/install/moveit_task_constructor_msgs:/home/sazma/ws_future/install/moveit_ros_control_interface:/home/sazma/ws_future/install/moveit_plugins:/home/sazma/ws_future/install/moveit_simple_controller_manager:/home/sazma/ws_future/install/moveit_setup_assistant:/home/sazma/ws_future/install/moveit_setup_srdf_plugins:/home/sazma/ws_future/install/moveit_setup_core_plugins:/home/sazma/ws_future/install/moveit_setup_controllers:/home/sazma/ws_future/install/moveit_setup_app_plugins:/home/sazma/ws_future/install/moveit_setup_framework:/home/sazma/ws_future/install/moveit_servo:/home/sazma/ws_future/install/moveit_ros:/home/sazma/ws_future/install/moveit_ros_visualization:/home/sazma/ws_future/install/moveit_py:/home/sazma/ws_future/install/moveit_hybrid_planning:/home/sazma/ws_future/install/moveit_ros_planning_interface:/home/sazma/ws_future/install/moveit_ros_benchmarks:/home/sazma/ws_future/install/moveit_ros_warehouse:/home/sazma/ws_future/install/moveit_ros_robot_interaction:/home/sazma/ws_future/install/moveit_ros_perception:/home/sazma/ws_future/install/moveit_resources_prbt_pg70_support:/home/sazma/ws_future/install/moveit_resources_prbt_moveit_config:/home/sazma/ws_future/install/moveit_ros_move_group:/home/sazma/ws_future/install/moveit_planners_ompl:/home/sazma/ws_future/install/moveit_kinematics:/home/sazma/ws_future/install/moveit_ros_planning:/home/sazma/ws_future/install/moveit_ros_occupancy_map_monitor:/home/sazma/ws_future/install/moveit_resources_prbt_support:/home/sazma/ws_future/install/moveit_resources_prbt_ikfast_manipulator_plugin:/home/sazma/ws_future/install/moveit_resources:/home/sazma/ws_future/install/moveit_resources_pr2_description:/home/sazma/ws_future/install/moveit_resources_panda_moveit_config:/home/sazma/ws_future/install/dual_arm_panda_moveit_config:/home/sazma/ws_future/install/moveit_resources_panda_description:/home/sazma/ws_future/install/moveit_resources_fanuc_moveit_config:/home/sazma/ws_future/install/moveit_resources_fanuc_description:/home/sazma/ws_future/install/moveit_planners_stomp:/home/sazma/ws_future/install/moveit_planners_chomp:/home/sazma/ws_future/install/moveit_chomp_optimizer_adapter:/home/sazma/ws_future/install/chomp_motion_planner:/home/sazma/ws_future/install/moveit_core:/home/sazma/ws_future/install/moveit_msgs:/home/sazma/ws_future/install/moveit_configs_utils:/home/sazma/ws_future/install/moveit_common:/home/sazma/ws_future/install/kortex_bringup:/home/sazma/ws_future/install/kortex_driver:/home/sazma/ws_future/install/kortex_description:/home/sazma/ws_future/install/kortex_api:/opt/ros/humble /usr/bin/cmake --install /home/sazma/ws_future/build/kortex_api
