[0.103s] Invoking command in '/home/sazma/ws_future/build/demo': CMAKE_PREFIX_PATH=/home/sazma/ws_future/install/tm_msgs:/home/sazma/ws_future/install/msg_store:/home/sazma/ws_future/install/ui_for_debug_and_demo:/home/sazma/ws_future/install/tutorial_interfaces:/home/sazma/ws_future/install/tm_driver:/home/sazma/ws_future/install/demo:/home/sazma/ws_future/install/tm_moveit_cpp_demo:/home/sazma/ws_future/install/tm_moveit_config_tm5x-900:/home/sazma/ws_future/install/tm_moveit_config_tm5x-700:/home/sazma/ws_future/install/tm_moveit_config_tm5-900:/home/sazma/ws_future/install/tm_moveit_config_tm5-700:/home/sazma/ws_future/install/tm_moveit_config_tm14x:/home/sazma/ws_future/install/tm_moveit_config_tm14:/home/sazma/ws_future/install/tm_moveit_config_tm12x:/home/sazma/ws_future/install/tm_moveit_config_tm12:/home/sazma/ws_future/install/demo_tmr5_900:/home/sazma/ws_future/install/tm_description:/home/sazma/ws_future/install/custom_package:/home/sazma/ws_future/install/techman_robot_msgs:/home/sazma/ws_future/install/moveit2_tutorials:/home/sazma/ws_future/install/moveit_visual_tools:/home/sazma/ws_future/install/rviz_visual_tools:/home/sazma/ws_future/install/moveit_task_constructor_visualization:/home/sazma/ws_future/install/moveit_task_constructor_demo:/home/sazma/ws_future/install/moveit_task_constructor_capabilities:/home/sazma/ws_future/install/moveit_task_constructor_core:/home/sazma/ws_future/install/rviz_marker_tools:/home/sazma/ws_future/install/pilz_industrial_motion_planner_testutils:/home/sazma/ws_future/install/moveit_runtime:/home/sazma/ws_future/install/moveit:/home/sazma/ws_future/install/kinova_gen3_7dof_robotiq_2f_85_moveit_config:/home/sazma/ws_future/install/kinova_gen3_6dof_robotiq_2f_85_moveit_config:/home/sazma/ws_future/install/moveit_planners:/home/sazma/ws_future/install/pilz_industrial_motion_planner:/home/sazma/ws_future/install/pick_ik:/home/sazma/ws_future/install/moveit_task_constructor_msgs:/home/sazma/ws_future/install/moveit_ros_control_interface:/home/sazma/ws_future/install/moveit_plugins:/home/sazma/ws_future/install/moveit_simple_controller_manager:/home/sazma/ws_future/install/moveit_setup_assistant:/home/sazma/ws_future/install/moveit_setup_srdf_plugins:/home/sazma/ws_future/install/moveit_setup_core_plugins:/home/sazma/ws_future/install/moveit_setup_controllers:/home/sazma/ws_future/install/moveit_setup_app_plugins:/home/sazma/ws_future/install/moveit_setup_framework:/home/sazma/ws_future/install/moveit_servo:/home/sazma/ws_future/install/moveit_ros:/home/sazma/ws_future/install/moveit_ros_visualization:/home/sazma/ws_future/install/moveit_py:/home/sazma/ws_future/install/moveit_hybrid_planning:/home/sazma/ws_future/install/moveit_ros_planning_interface:/home/sazma/ws_future/install/moveit_ros_benchmarks:/home/sazma/ws_future/install/moveit_ros_warehouse:/home/sazma/ws_future/install/moveit_ros_robot_interaction:/home/sazma/ws_future/install/moveit_ros_perception:/home/sazma/ws_future/install/moveit_resources_prbt_pg70_support:/home/sazma/ws_future/install/moveit_resources_prbt_moveit_config:/home/sazma/ws_future/install/moveit_ros_move_group:/home/sazma/ws_future/install/moveit_planners_ompl:/home/sazma/ws_future/install/moveit_kinematics:/home/sazma/ws_future/install/moveit_ros_planning:/home/sazma/ws_future/install/moveit_ros_occupancy_map_monitor:/home/sazma/ws_future/install/moveit_resources_prbt_support:/home/sazma/ws_future/install/moveit_resources_prbt_ikfast_manipulator_plugin:/home/sazma/ws_future/install/moveit_resources:/home/sazma/ws_future/install/moveit_resources_pr2_description:/home/sazma/ws_future/install/moveit_resources_panda_moveit_config:/home/sazma/ws_future/install/dual_arm_panda_moveit_config:/home/sazma/ws_future/install/moveit_resources_panda_description:/home/sazma/ws_future/install/moveit_resources_fanuc_moveit_config:/home/sazma/ws_future/install/moveit_resources_fanuc_description:/home/sazma/ws_future/install/moveit_planners_stomp:/home/sazma/ws_future/install/moveit_planners_chomp:/home/sazma/ws_future/install/moveit_chomp_optimizer_adapter:/home/sazma/ws_future/install/chomp_motion_planner:/home/sazma/ws_future/install/moveit_core:/home/sazma/ws_future/install/moveit_msgs:/home/sazma/ws_future/install/moveit_common:/home/sazma/ws_future/install/kortex_bringup:/home/sazma/ws_future/install/kortex_driver:/home/sazma/ws_future/install/kortex_description:/home/sazma/ws_future/install/kortex_api:/home/sazma/ws_future/install/cpp_pubsub:/home/sazma/tm5_900_ws/install/demo_tmr5_900:/home/sazma/ws_future/install/tm_mod_urdf:/home/sazma/ws_future/install/tm_get_status:/home/sazma/ws_future/install/py_pubsub:/home/sazma/ws_future/install/mpu_6050:/home/sazma/ws_future/install/moveit_configs_utils:/opt/ros/humble LD_LIBRARY_PATH=/home/sazma/ws_future/install/tm_msgs/lib:/home/sazma/ws_future/install/msg_store/lib:/home/sazma/ws_future/install/tutorial_interfaces/lib:/home/sazma/ws_future/install/techman_robot_msgs/lib:/home/sazma/ws_future/install/moveit_visual_tools/lib:/home/sazma/ws_future/install/rviz_visual_tools/lib:/home/sazma/ws_future/install/moveit_task_constructor_visualization/lib:/home/sazma/ws_future/install/moveit_task_constructor_demo/lib:/home/sazma/ws_future/install/moveit_task_constructor_capabilities/lib:/home/sazma/ws_future/install/moveit_task_constructor_core/lib:/home/sazma/ws_future/install/rviz_marker_tools/lib:/home/sazma/ws_future/install/pilz_industrial_motion_planner_testutils/lib:/home/sazma/ws_future/install/pilz_industrial_motion_planner/lib:/home/sazma/ws_future/install/pick_ik/lib:/home/sazma/ws_future/install/moveit_task_constructor_msgs/lib:/home/sazma/ws_future/install/moveit_ros_control_interface/lib:/home/sazma/ws_future/install/moveit_simple_controller_manager/lib:/home/sazma/ws_future/install/moveit_setup_assistant/lib:/home/sazma/ws_future/install/moveit_setup_srdf_plugins/lib:/home/sazma/ws_future/install/moveit_setup_core_plugins/lib:/home/sazma/ws_future/install/moveit_setup_controllers/lib:/home/sazma/ws_future/install/moveit_setup_app_plugins/lib:/home/sazma/ws_future/install/moveit_setup_framework/lib:/home/sazma/ws_future/install/moveit_servo/lib:/home/sazma/ws_future/install/moveit_ros_visualization/lib:/home/sazma/ws_future/install/moveit_py/lib:/home/sazma/ws_future/install/moveit_hybrid_planning/lib:/home/sazma/ws_future/install/moveit_ros_planning_interface/lib:/home/sazma/ws_future/install/moveit_ros_benchmarks/lib:/home/sazma/ws_future/install/moveit_ros_warehouse/lib:/home/sazma/ws_future/install/moveit_ros_robot_interaction/lib:/home/sazma/ws_future/install/moveit_ros_perception/lib:/home/sazma/ws_future/install/moveit_ros_move_group/lib:/home/sazma/ws_future/install/moveit_planners_ompl/lib:/home/sazma/ws_future/install/moveit_kinematics/lib:/home/sazma/ws_future/install/moveit_ros_planning/lib:/home/sazma/ws_future/install/moveit_ros_occupancy_map_monitor/lib:/home/sazma/ws_future/install/moveit_resources_prbt_ikfast_manipulator_plugin/lib:/home/sazma/ws_future/install/moveit_planners_stomp/lib:/home/sazma/ws_future/install/moveit_planners_chomp/lib:/home/sazma/ws_future/install/moveit_chomp_optimizer_adapter/lib:/home/sazma/ws_future/install/chomp_motion_planner/lib:/home/sazma/ws_future/install/moveit_core/lib:/home/sazma/ws_future/install/moveit_msgs/lib:/home/sazma/ws_future/install/kortex_driver/lib:/opt/ros/humble/opt/rviz_ogre_vendor/lib:/opt/ros/humble/lib/x86_64-linux-gnu:/opt/ros/humble/lib /usr/bin/cmake --build /home/sazma/ws_future/build/demo -- -j12 -l12
[0.134s] -- Found ament_cmake: 1.3.5 (/opt/ros/humble/share/ament_cmake/cmake)
[0.279s] -- Found rclcpp: 16.0.6 (/opt/ros/humble/share/rclcpp/cmake)
[0.307s] -- Found rosidl_generator_c: 3.1.5 (/opt/ros/humble/share/rosidl_generator_c/cmake)
[0.309s] -- Found rosidl_adapter: 3.1.5 (/opt/ros/humble/share/rosidl_adapter/cmake)
[0.314s] -- Found rosidl_generator_cpp: 3.1.5 (/opt/ros/humble/share/rosidl_generator_cpp/cmake)
[0.328s] -- Using all available rosidl_typesupport_c: rosidl_typesupport_fastrtps_c;rosidl_typesupport_introspection_c
[0.346s] -- Using all available rosidl_typesupport_cpp: rosidl_typesupport_fastrtps_cpp;rosidl_typesupport_introspection_cpp
[0.406s] -- Found rmw_implementation_cmake: 6.1.1 (/opt/ros/humble/share/rmw_implementation_cmake/cmake)
[0.411s] -- Found rmw_fastrtps_cpp: 6.2.4 (/opt/ros/humble/share/rmw_fastrtps_cpp/cmake)
[0.541s] -- Using RMW implementation 'rmw_fastrtps_cpp' as default
[0.702s] -- Found sensor_msgs: 4.2.3 (/opt/ros/humble/share/sensor_msgs/cmake)
[0.838s] -- Found tm_msgs: 1.1.2 (/home/sazma/ws_future/install/tm_msgs/share/tm_msgs/cmake)
[0.882s] -- Found msg_store: 0.0.0 (/home/sazma/ws_future/install/msg_store/share/msg_store/cmake)
[0.941s] -- Found ament_lint_auto: 0.12.8 (/opt/ros/humble/share/ament_lint_auto/cmake)
[1.174s] -- Added test 'copyright' to check source files copyright and LICENSE
[1.175s] -- Added test 'cppcheck' to perform static code analysis on C / C++ code
[1.176s] -- Configured cppcheck include dirs: /home/sazma/ws_future/src/tmr_ros2/demo/include
[1.176s] -- Configured cppcheck exclude dirs and/or files: 
[1.177s] -- Added test 'cpplint' to check C / C++ code against the Google style
[1.177s] -- Configured cpplint exclude dirs and/or files: 
[1.178s] -- Added test 'lint_cmake' to check CMake code style
[1.179s] -- Added test 'uncrustify' to check C / C++ code style
[1.179s] -- Configured uncrustify additional arguments: 
[1.179s] -- Added test 'xmllint' to check XML markup files
[1.180s] -- Configuring done
[1.248s] -- Generating done
[1.250s] -- Build files have been written to: /home/sazma/ws_future/build/demo
[1.287s] [35m[1mConsolidate compiler generated dependencies of target demo_keycontrol[0m
[1.288s] [35m[1mConsolidate compiler generated dependencies of target demo_send_script[0m
[1.288s] [35m[1mConsolidate compiler generated dependencies of target demo_keyboard_control[0m
[1.288s] [35m[1mConsolidate compiler generated dependencies of target demo_get_and_control[0m
[1.288s] [35m[1mConsolidate compiler generated dependencies of target demo_ask_sta[0m
[1.288s] [35m[1mConsolidate compiler generated dependencies of target demo_set_event[0m
[1.288s] [35m[1mConsolidate compiler generated dependencies of target demo_connect_tm[0m
[1.288s] [35m[1mConsolidate compiler generated dependencies of target demo_set_positions[0m
[1.289s] [35m[1mConsolidate compiler generated dependencies of target demo_set_io[0m
[1.289s] [35m[1mConsolidate compiler generated dependencies of target demo_ask_item[0m
[1.295s] [35m[1mConsolidate compiler generated dependencies of target demo_write_item[0m
[1.303s] [  2%] [32mBuilding CXX object CMakeFiles/listener.dir/src/demo_subscriber.cpp.o[0m
[1.317s] [ 33%] Built target demo_get_and_control
[1.317s] [ 33%] Built target demo_keyboard_control
[1.317s] [ 33%] Built target demo_keycontrol
[1.317s] [ 33%] Built target demo_connect_tm
[1.317s] [ 33%] Built target demo_set_io
[1.317s] [ 41%] Built target demo_send_script
[1.318s] [ 41%] Built target demo_ask_sta
[1.318s] [ 47%] Built target demo_set_event
[1.318s] [ 52%] Built target demo_ask_item
[1.319s] [ 58%] Built target demo_set_positions
[1.324s] [ 63%] Built target demo_write_item
[1.333s] [35m[1mConsolidate compiler generated dependencies of target demo_get_sct_response[0m
[1.333s] [35m[1mConsolidate compiler generated dependencies of target demo_get_svr_response[0m
[1.333s] [35m[1mConsolidate compiler generated dependencies of target demo_get_torque_feedback[0m
[1.334s] [35m[1mConsolidate compiler generated dependencies of target demo_get_sta_response[0m
[1.334s] [35m[1mConsolidate compiler generated dependencies of target demo_get_feedback[0m
[1.340s] [35m[1mConsolidate compiler generated dependencies of target demo_leave_listen_node[0m
[1.353s] [ 75%] Built target demo_get_torque_feedback
[1.353s] [ 75%] Built target demo_get_svr_response
[1.353s] [ 80%] Built target demo_get_sct_response
[1.354s] [ 86%] Built target demo_get_sta_response
[1.359s] [ 91%] Built target demo_leave_listen_node
[1.360s] [ 97%] Built target demo_get_feedback
[1.492s] [01m[K/home/sazma/ws_future/src/tmr_ros2/demo/src/demo_subscriber.cpp:3:10:[m[K [01;31m[Kfatal error: [m[Kmsg_store/msg/Mpu.hpp: No such file or directory
[1.492s]     3 | #include [01;31m[K"msg_store/msg/Mpu.hpp"[m[K // Replace with your package and message
[1.492s]       |          [01;31m[K^~~~~~~~~~~~~~~~~~~~~~~[m[K
[1.492s] compilation terminated.
[1.493s] gmake[2]: *** [CMakeFiles/listener.dir/build.make:76: CMakeFiles/listener.dir/src/demo_subscriber.cpp.o] Error 1
[1.494s] gmake[1]: *** [CMakeFiles/Makefile2:171: CMakeFiles/listener.dir/all] Error 2
[1.494s] gmake: *** [Makefile:146: all] Error 2
[1.496s] Invoked command in '/home/sazma/ws_future/build/demo' returned '2': CMAKE_PREFIX_PATH=/home/sazma/ws_future/install/tm_msgs:/home/sazma/ws_future/install/msg_store:/home/sazma/ws_future/install/ui_for_debug_and_demo:/home/sazma/ws_future/install/tutorial_interfaces:/home/sazma/ws_future/install/tm_driver:/home/sazma/ws_future/install/demo:/home/sazma/ws_future/install/tm_moveit_cpp_demo:/home/sazma/ws_future/install/tm_moveit_config_tm5x-900:/home/sazma/ws_future/install/tm_moveit_config_tm5x-700:/home/sazma/ws_future/install/tm_moveit_config_tm5-900:/home/sazma/ws_future/install/tm_moveit_config_tm5-700:/home/sazma/ws_future/install/tm_moveit_config_tm14x:/home/sazma/ws_future/install/tm_moveit_config_tm14:/home/sazma/ws_future/install/tm_moveit_config_tm12x:/home/sazma/ws_future/install/tm_moveit_config_tm12:/home/sazma/ws_future/install/demo_tmr5_900:/home/sazma/ws_future/install/tm_description:/home/sazma/ws_future/install/custom_package:/home/sazma/ws_future/install/techman_robot_msgs:/home/sazma/ws_future/install/moveit2_tutorials:/home/sazma/ws_future/install/moveit_visual_tools:/home/sazma/ws_future/install/rviz_visual_tools:/home/sazma/ws_future/install/moveit_task_constructor_visualization:/home/sazma/ws_future/install/moveit_task_constructor_demo:/home/sazma/ws_future/install/moveit_task_constructor_capabilities:/home/sazma/ws_future/install/moveit_task_constructor_core:/home/sazma/ws_future/install/rviz_marker_tools:/home/sazma/ws_future/install/pilz_industrial_motion_planner_testutils:/home/sazma/ws_future/install/moveit_runtime:/home/sazma/ws_future/install/moveit:/home/sazma/ws_future/install/kinova_gen3_7dof_robotiq_2f_85_moveit_config:/home/sazma/ws_future/install/kinova_gen3_6dof_robotiq_2f_85_moveit_config:/home/sazma/ws_future/install/moveit_planners:/home/sazma/ws_future/install/pilz_industrial_motion_planner:/home/sazma/ws_future/install/pick_ik:/home/sazma/ws_future/install/moveit_task_constructor_msgs:/home/sazma/ws_future/install/moveit_ros_control_interface:/home/sazma/ws_future/install/moveit_plugins:/home/sazma/ws_future/install/moveit_simple_controller_manager:/home/sazma/ws_future/install/moveit_setup_assistant:/home/sazma/ws_future/install/moveit_setup_srdf_plugins:/home/sazma/ws_future/install/moveit_setup_core_plugins:/home/sazma/ws_future/install/moveit_setup_controllers:/home/sazma/ws_future/install/moveit_setup_app_plugins:/home/sazma/ws_future/install/moveit_setup_framework:/home/sazma/ws_future/install/moveit_servo:/home/sazma/ws_future/install/moveit_ros:/home/sazma/ws_future/install/moveit_ros_visualization:/home/sazma/ws_future/install/moveit_py:/home/sazma/ws_future/install/moveit_hybrid_planning:/home/sazma/ws_future/install/moveit_ros_planning_interface:/home/sazma/ws_future/install/moveit_ros_benchmarks:/home/sazma/ws_future/install/moveit_ros_warehouse:/home/sazma/ws_future/install/moveit_ros_robot_interaction:/home/sazma/ws_future/install/moveit_ros_perception:/home/sazma/ws_future/install/moveit_resources_prbt_pg70_support:/home/sazma/ws_future/install/moveit_resources_prbt_moveit_config:/home/sazma/ws_future/install/moveit_ros_move_group:/home/sazma/ws_future/install/moveit_planners_ompl:/home/sazma/ws_future/install/moveit_kinematics:/home/sazma/ws_future/install/moveit_ros_planning:/home/sazma/ws_future/install/moveit_ros_occupancy_map_monitor:/home/sazma/ws_future/install/moveit_resources_prbt_support:/home/sazma/ws_future/install/moveit_resources_prbt_ikfast_manipulator_plugin:/home/sazma/ws_future/install/moveit_resources:/home/sazma/ws_future/install/moveit_resources_pr2_description:/home/sazma/ws_future/install/moveit_resources_panda_moveit_config:/home/sazma/ws_future/install/dual_arm_panda_moveit_config:/home/sazma/ws_future/install/moveit_resources_panda_description:/home/sazma/ws_future/install/moveit_resources_fanuc_moveit_config:/home/sazma/ws_future/install/moveit_resources_fanuc_description:/home/sazma/ws_future/install/moveit_planners_stomp:/home/sazma/ws_future/install/moveit_planners_chomp:/home/sazma/ws_future/install/moveit_chomp_optimizer_adapter:/home/sazma/ws_future/install/chomp_motion_planner:/home/sazma/ws_future/install/moveit_core:/home/sazma/ws_future/install/moveit_msgs:/home/sazma/ws_future/install/moveit_common:/home/sazma/ws_future/install/kortex_bringup:/home/sazma/ws_future/install/kortex_driver:/home/sazma/ws_future/install/kortex_description:/home/sazma/ws_future/install/kortex_api:/home/sazma/ws_future/install/cpp_pubsub:/home/sazma/tm5_900_ws/install/demo_tmr5_900:/home/sazma/ws_future/install/tm_mod_urdf:/home/sazma/ws_future/install/tm_get_status:/home/sazma/ws_future/install/py_pubsub:/home/sazma/ws_future/install/mpu_6050:/home/sazma/ws_future/install/moveit_configs_utils:/opt/ros/humble LD_LIBRARY_PATH=/home/sazma/ws_future/install/tm_msgs/lib:/home/sazma/ws_future/install/msg_store/lib:/home/sazma/ws_future/install/tutorial_interfaces/lib:/home/sazma/ws_future/install/techman_robot_msgs/lib:/home/sazma/ws_future/install/moveit_visual_tools/lib:/home/sazma/ws_future/install/rviz_visual_tools/lib:/home/sazma/ws_future/install/moveit_task_constructor_visualization/lib:/home/sazma/ws_future/install/moveit_task_constructor_demo/lib:/home/sazma/ws_future/install/moveit_task_constructor_capabilities/lib:/home/sazma/ws_future/install/moveit_task_constructor_core/lib:/home/sazma/ws_future/install/rviz_marker_tools/lib:/home/sazma/ws_future/install/pilz_industrial_motion_planner_testutils/lib:/home/sazma/ws_future/install/pilz_industrial_motion_planner/lib:/home/sazma/ws_future/install/pick_ik/lib:/home/sazma/ws_future/install/moveit_task_constructor_msgs/lib:/home/sazma/ws_future/install/moveit_ros_control_interface/lib:/home/sazma/ws_future/install/moveit_simple_controller_manager/lib:/home/sazma/ws_future/install/moveit_setup_assistant/lib:/home/sazma/ws_future/install/moveit_setup_srdf_plugins/lib:/home/sazma/ws_future/install/moveit_setup_core_plugins/lib:/home/sazma/ws_future/install/moveit_setup_controllers/lib:/home/sazma/ws_future/install/moveit_setup_app_plugins/lib:/home/sazma/ws_future/install/moveit_setup_framework/lib:/home/sazma/ws_future/install/moveit_servo/lib:/home/sazma/ws_future/install/moveit_ros_visualization/lib:/home/sazma/ws_future/install/moveit_py/lib:/home/sazma/ws_future/install/moveit_hybrid_planning/lib:/home/sazma/ws_future/install/moveit_ros_planning_interface/lib:/home/sazma/ws_future/install/moveit_ros_benchmarks/lib:/home/sazma/ws_future/install/moveit_ros_warehouse/lib:/home/sazma/ws_future/install/moveit_ros_robot_interaction/lib:/home/sazma/ws_future/install/moveit_ros_perception/lib:/home/sazma/ws_future/install/moveit_ros_move_group/lib:/home/sazma/ws_future/install/moveit_planners_ompl/lib:/home/sazma/ws_future/install/moveit_kinematics/lib:/home/sazma/ws_future/install/moveit_ros_planning/lib:/home/sazma/ws_future/install/moveit_ros_occupancy_map_monitor/lib:/home/sazma/ws_future/install/moveit_resources_prbt_ikfast_manipulator_plugin/lib:/home/sazma/ws_future/install/moveit_planners_stomp/lib:/home/sazma/ws_future/install/moveit_planners_chomp/lib:/home/sazma/ws_future/install/moveit_chomp_optimizer_adapter/lib:/home/sazma/ws_future/install/chomp_motion_planner/lib:/home/sazma/ws_future/install/moveit_core/lib:/home/sazma/ws_future/install/moveit_msgs/lib:/home/sazma/ws_future/install/kortex_driver/lib:/opt/ros/humble/opt/rviz_ogre_vendor/lib:/opt/ros/humble/lib/x86_64-linux-gnu:/opt/ros/humble/lib /usr/bin/cmake --build /home/sazma/ws_future/build/demo -- -j12 -l12
